Updating build index: /Users/runner/conda/conda-bld

TEST START: /var/folders/24/8k48jl6d249_n_qfxwsl6xvm0000gn/T/tmpjd3iqxbk/osx-64/perl-mldbm-sync-0.30-pl526_1.tar.bz2
Adding in variants from internal_defaults
Adding in variants from /var/folders/24/8k48jl6d249_n_qfxwsl6xvm0000gn/T/tmpycg4db13/info/recipe/conda_build_config.yaml
Reloading output folder: /Users/runner/conda/conda-bld
  Package            Version  Build          Channel                                                                  Size
────────────────────────────────────────────────────────────────────────────────────────────────────────────────────────────
  Install:
────────────────────────────────────────────────────────────────────────────────────────────────────────────────────────────

  + perl              5.26.2  hbcb3906_1008  conda-forge/osx-64                                                      14 MB
  + perl-mldbm          2.05  pl526_1        bioconda/osx-64                                                         15 KB
  + perl-mldbm-sync     0.30  pl526_1        /var/folders/24/8k48jl6d249_n_qfxwsl6xvm0000gn/T/tmpjd3iqxbk/osx-64     14 KB
  + perl-tie-cache      0.21  pl526_1        bioconda/osx-64                                                         13 KB

  Summary:

  Install: 4 packages

  Total download: 14 MB

────────────────────────────────────────────────────────────────────────────────────────────────────────────────────────────


## Package Plan ##

  environment location: /Users/runner/conda/conda-bld/perl-mldbm-sync_1635471427857/_test_env_placehold_placehold_placehold_placehold_placehold_placehold_placehold_placehold_placehold_placehold_placehold_placehold_placehold_placehold_placehold_placehold_placehold_placehold_pla


The following NEW packages will be INSTALLED:

    perl:            5.26.2-hbcb3906_1008 conda-forge                                                        
    perl-mldbm:      2.05-pl526_1         bioconda                                                           
    perl-mldbm-sync: 0.30-pl526_1         file:///var/folders/24/8k48jl6d249_n_qfxwsl6xvm0000gn/T/tmpjd3iqxbk
    perl-tie-cache:  0.21-pl526_1         bioconda                                                           

Preparing transaction: ...working... done
Verifying transaction: ...working... done
Executing transaction: ...working... done
export PREFIX=/Users/runner/conda/conda-bld/perl-mldbm-sync_1635471427857/_test_env_placehold_placehold_placehold_placehold_placehold_placehold_placehold_placehold_placehold_placehold_placehold_placehold_placehold_placehold_placehold_placehold_placehold_placehold_pla
export SRC_DIR=/Users/runner/conda/conda-bld/perl-mldbm-sync_1635471427857/test_tmp

Leaving build/test directories:
  Work:
 /Users/runner/conda/conda-bld/work 
  Test:
 /Users/runner/conda/conda-bld/test_tmp 
Leaving build/test environments:
  Test:
source activate  /Users/runner/conda/conda-bld/_test_env_placehold_placehold_placehold_placehold_placehold_placehold_placehold_placehold_placehold_placehold_placehold_placehold_placehold_placehold_placehold_placehold_placehold_placehold_placehold_placehold_placehold_pla 
  Build:
source activate  /Users/runner/conda/conda-bld/_build_env 


