Updating build index: /home/vsts/conda/conda-bld

TEST START: /tmp/tmp5l8ok7fz/noarch/figaro-1.1.2-hdfd78af_0.tar.bz2
Reloading output folder: /home/vsts/conda/conda-bld

## Package Plan ##

  environment location: /home/vsts/conda/conda-bld/figaro_1637032014951/_test_env_placehold_placehold_placehold_placehold_placehold_placehold_placehold_placehold_placehold_placehold_placehold_placehold_placehold_placehold_placehold_placehold_placehold_placehold_placehold_place


The following NEW packages will be INSTALLED:

    _libgcc_mutex:    0.1-conda_forge            conda-forge            
    _openmp_mutex:    4.5-1_gnu                  conda-forge            
    bzip2:            1.0.8-h7f98852_4           conda-forge            
    ca-certificates:  2021.10.8-ha878542_0       conda-forge            
    certifi:          2021.10.8-py310hff52083_1  conda-forge            
    cycler:           0.11.0-pyhd8ed1ab_0        conda-forge            
    figaro:           1.1.2-hdfd78af_0           file:///tmp/tmp5l8ok7fz
    freetype:         2.10.4-h0708190_1          conda-forge            
    jbig:             2.1-h7f98852_2003          conda-forge            
    jpeg:             9d-h36c2ea0_0              conda-forge            
    kiwisolver:       1.3.2-py310h91b1402_1      conda-forge            
    lcms2:            2.12-hddcbb42_0            conda-forge            
    ld_impl_linux-64: 2.36.1-hea4e1c9_2          conda-forge            
    lerc:             3.0-h9c3ff4c_0             conda-forge            
    libblas:          3.9.0-12_linux64_openblas  conda-forge            
    libcblas:         3.9.0-12_linux64_openblas  conda-forge            
    libdeflate:       1.8-h7f98852_0             conda-forge            
    libffi:           3.4.2-h7f98852_5           conda-forge            
    libgcc-ng:        11.2.0-h1d223b6_11         conda-forge            
    libgfortran-ng:   11.2.0-h69a702a_11         conda-forge            
    libgfortran5:     11.2.0-h5c6108e_11         conda-forge            
    libgomp:          11.2.0-h1d223b6_11         conda-forge            
    liblapack:        3.9.0-12_linux64_openblas  conda-forge            
    libnsl:           2.0.0-h7f98852_0           conda-forge            
    libopenblas:      0.3.18-pthreads_h8fe5266_0 conda-forge            
    libpng:           1.6.37-h21135ba_2          conda-forge            
    libstdcxx-ng:     11.2.0-he4da1e4_11         conda-forge            
    libtiff:          4.3.0-h6f004c6_2           conda-forge            
    libuuid:          2.32.1-h7f98852_1000       conda-forge            
    libwebp-base:     1.2.1-h7f98852_0           conda-forge            
    libzlib:          1.2.11-h36c2ea0_1013       conda-forge            
    lz4-c:            1.9.3-h9c3ff4c_1           conda-forge            
    matplotlib-base:  3.4.3-py310h23f4a51_2      conda-forge            
    ncurses:          6.2-h58526e2_4             conda-forge            
    numpy:            1.21.4-py310h57288b1_0     conda-forge            
    olefile:          0.46-pyh9f0ad1d_1          conda-forge            
    openjpeg:         2.4.0-hb52868f_1           conda-forge            
    openssl:          3.0.0-h7f98852_2           conda-forge            
    pillow:           8.4.0-py310h07f4688_0      conda-forge            
    pip:              21.3.1-pyhd8ed1ab_0        conda-forge            
    pyparsing:        3.0.6-pyhd8ed1ab_0         conda-forge            
    python:           3.10.0-h543edf9_2_cpython  conda-forge            
    python-dateutil:  2.8.2-pyhd8ed1ab_0         conda-forge            
    python_abi:       3.10-2_cp310               conda-forge            
    readline:         8.1-h46c0cb4_0             conda-forge            
    scipy:            1.7.2-py310hea5193d_0      conda-forge            
    setuptools:       59.1.0-py310hff52083_0     conda-forge            
    six:              1.16.0-pyh6c4a22f_0        conda-forge            
    sqlite:           3.36.0-h9cd32fc_2          conda-forge            
    tk:               8.6.11-h27826a3_1          conda-forge            
    tornado:          6.1-py310h6acc77f_2        conda-forge            
    tzdata:           2021e-he74cb21_0           conda-forge            
    wheel:            0.37.0-pyhd8ed1ab_1        conda-forge            
    xz:               5.2.5-h516909a_1           conda-forge            
    zlib:             1.2.11-h36c2ea0_1013       conda-forge            
    zstd:             1.5.0-ha95c52a_0           conda-forge            

Preparing transaction: ...working... done
Verifying transaction: ...working... done
Executing transaction: ...working... done
export PREFIX=/home/vsts/conda/conda-bld/figaro_1637032014951/_test_env_placehold_placehold_placehold_placehold_placehold_placehold_placehold_placehold_placehold_placehold_placehold_placehold_placehold_placehold_placehold_placehold_placehold_placehold_placehold_place
export SRC_DIR=/home/vsts/conda/conda-bld/figaro_1637032014951/test_tmp

Leaving build/test directories:
  Work:
 /home/vsts/conda/conda-bld/work 
  Test:
 /home/vsts/conda/conda-bld/test_tmp 
Leaving build/test environments:
  Test:
source activate  /home/vsts/conda/conda-bld/_test_env_placehold_placehold_placehold_placehold_placehold_placehold_placehold_placehold_placehold_placehold_placehold_placehold_placehold_placehold_placehold_placehold_placehold_placehold_placehold_placehold_placehold_placeh 
  Build:
source activate  /home/vsts/conda/conda-bld/_build_env 


