Updating build index: /home/vsts/conda/conda-bld

TEST START: /tmp/tmpn2wdq7c1/linux-64/perl-threaded-5.26.0-0.tar.bz2
Adding in variants from internal_defaults
Adding in variants from /tmp/tmpgnqr2gk1/info/recipe/conda_build_config.yaml
Renaming work directory '/home/vsts/conda/conda-bld/work' to '/home/vsts/conda/conda-bld/perl-threaded_1636880233363/work_moved_perl-threaded-5.26.0-0_linux-64'
shutil.move(work)=/home/vsts/conda/conda-bld/work, dest=/home/vsts/conda/conda-bld/perl-threaded_1636880233363/work_moved_perl-threaded-5.26.0-0_linux-64)
Reloading output folder: /home/vsts/conda/conda-bld

## Package Plan ##

  environment location: /home/vsts/conda/conda-bld/perl-threaded_1636880233363/_test_env_placehold_placehold_placehold_placehold_placehold_placehold_placehold_placehold_placehold_placehold_placehold_placehold_placehold_placehold_placehold_placehold_placehold_placehold_placehol


The following NEW packages will be INSTALLED:

    _libgcc_mutex: 0.1-conda_forge         conda-forge            
    _openmp_mutex: 4.5-1_gnu               conda-forge            
    libgcc-ng:     11.2.0-h1d223b6_11      conda-forge            
    libgomp:       11.2.0-h1d223b6_11      conda-forge            
    perl:          5.32.1-1_h7f98852_perl5 conda-forge            
    perl-threaded: 5.26.0-0                file:///tmp/tmpn2wdq7c1

Preparing transaction: ...working... done
Verifying transaction: ...working... done
Executing transaction: ...working... done
export PREFIX=/home/vsts/conda/conda-bld/perl-threaded_1636880233363/_test_env_placehold_placehold_placehold_placehold_placehold_placehold_placehold_placehold_placehold_placehold_placehold_placehold_placehold_placehold_placehold_placehold_placehold_placehold_placehol
export SRC_DIR=/home/vsts/conda/conda-bld/perl-threaded_1636880233363/test_tmp

Leaving build/test directories:
  Work:
 /home/vsts/conda/conda-bld/work 
  Test:
 /home/vsts/conda/conda-bld/test_tmp 
Leaving build/test environments:
  Test:
source activate  /home/vsts/conda/conda-bld/_test_env_placehold_placehold_placehold_placehold_placehold_placehold_placehold_placehold_placehold_placehold_placehold_placehold_placehold_placehold_placehold_placehold_placehold_placehold_placehold_placehold_placehold_placeh 
  Build:
source activate  /home/vsts/conda/conda-bld/_build_env 


