Updating build index: /Users/runner/conda/conda-bld

TEST START: /var/folders/24/8k48jl6d249_n_qfxwsl6xvm0000gn/T/tmpxysoqj3h/osx-64/spydrpick-1.2.0-h4f3e9b1_0.tar.bz2
Reloading output folder: /Users/runner/conda/conda-bld
  Package           Version  Build          Channel                                                                   Size
────────────────────────────────────────────────────────────────────────────────────────────────────────────────────────────
  Install:
────────────────────────────────────────────────────────────────────────────────────────────────────────────────────────────

  + libcxx           12.0.1  habf9029_0     conda-forge/osx-64                                                      Cached
  + pthread-stubs       0.4  hc929b4f_1001  conda-forge/osx-64                                                      Cached
  + spydrpick         1.2.0  h4f3e9b1_0     /var/folders/24/8k48jl6d249_n_qfxwsl6xvm0000gn/T/tmpxysoqj3h/osx-64     256 KB
  + tbb            2021.4.0  h940c156_0     conda-forge/osx-64                                                      158 KB

  Summary:

  Install: 4 packages

  Total download: 414 KB

────────────────────────────────────────────────────────────────────────────────────────────────────────────────────────────


## Package Plan ##

  environment location: /Users/runner/conda/conda-bld/spydrpick_1635216679681/_test_env_placehold_placehold_placehold_placehold_placehold_placehold_placehold_placehold_placehold_placehold_placehold_placehold_placehold_placehold_placehold_placehold_placehold_placehold_placehold


The following NEW packages will be INSTALLED:

    libcxx:        12.0.1-habf9029_0   conda-forge                                                        
    pthread-stubs: 0.4-hc929b4f_1001   conda-forge                                                        
    spydrpick:     1.2.0-h4f3e9b1_0    file:///var/folders/24/8k48jl6d249_n_qfxwsl6xvm0000gn/T/tmpxysoqj3h
    tbb:           2021.4.0-h940c156_0 conda-forge                                                        

Preparing transaction: ...working... done
Verifying transaction: ...working... done
Executing transaction: ...working... done
export PREFIX=/Users/runner/conda/conda-bld/spydrpick_1635216679681/_test_env_placehold_placehold_placehold_placehold_placehold_placehold_placehold_placehold_placehold_placehold_placehold_placehold_placehold_placehold_placehold_placehold_placehold_placehold_placehold
export SRC_DIR=/Users/runner/conda/conda-bld/spydrpick_1635216679681/test_tmp

Leaving build/test directories:
  Work:
 /Users/runner/conda/conda-bld/work 
  Test:
 /Users/runner/conda/conda-bld/test_tmp 
Leaving build/test environments:
  Test:
source activate  /Users/runner/conda/conda-bld/_test_env_placehold_placehold_placehold_placehold_placehold_placehold_placehold_placehold_placehold_placehold_placehold_placehold_placehold_placehold_placehold_placehold_placehold_placehold_placehold_placehold_placehold_pla 
  Build:
source activate  /Users/runner/conda/conda-bld/_build_env 


