Updating build index: /Users/runner/conda/conda-bld

TEST START: /var/folders/24/8k48jl6d249_n_qfxwsl6xvm0000gn/T/tmp38bvpb5n/osx-64/bioconductor-illuminamousev2.db-1.26.0-r351_4.tar.bz2
Adding in variants from internal_defaults
Adding in variants from /var/folders/24/8k48jl6d249_n_qfxwsl6xvm0000gn/T/tmpknbd_ol_/info/recipe/conda_build_config.yaml
Reloading output folder: /Users/runner/conda/conda-bld

## Package Plan ##

  environment location: /Users/runner/conda/conda-bld/bioconductor-illuminamousev2.db_1636392625954/_test_env_placehold_placehold_placehold_placehold_placehold_placehold_placehold_placehold_placehold_placehold_placehold_placehold_placehold_placehold_placehold_placehold_placeho


The following NEW packages will be INSTALLED:

    _r-mutex:                        1.0.1-anacondar_1         conda-forge                                                        
    bioconductor-annotationdbi:      1.42.1-r351_0             bioconda                                                           
    bioconductor-biobase:            2.40.0-r351ha44fe06_1     bioconda                                                           
    bioconductor-biocgenerics:       0.26.0-r351_0             bioconda                                                           
    bioconductor-illuminamousev2.db: 1.26.0-r351_4             file:///var/folders/24/8k48jl6d249_n_qfxwsl6xvm0000gn/T/tmp38bvpb5n
    bioconductor-iranges:            2.14.12-r351h470a237_0    bioconda                                                           
    bioconductor-org.mm.eg.db:       3.6.0-r351_0              bioconda                                                           
    bioconductor-s4vectors:          0.18.3-r351h470a237_0     bioconda                                                           
    bwidget:                         1.9.14-h694c41f_1         conda-forge                                                        
    bzip2:                           1.0.8-h0d85af4_4          conda-forge                                                        
    ca-certificates:                 2021.10.8-h033912b_0      conda-forge                                                        
    cairo:                           1.16.0-hec6a9b0_1003      conda-forge                                                        
    cctools:                         949.0.1-h22b1bf0_0        conda-forge                                                        
    cctools_osx-64:                  949.0.1-h5ba7a2e_0        conda-forge                                                        
    clang:                           9.0.1-default_ha9b4ba2_2  conda-forge                                                        
    clang-9:                         9.0.1-default_heda16ac_2  conda-forge                                                        
    clang_osx-64:                    9.0.1-h05bbb7f_2          conda-forge                                                        
    clangxx:                         9.0.1-default_he082bbe_2  conda-forge                                                        
    clangxx_osx-64:                  9.0.1-h05bbb7f_2          conda-forge                                                        
    compiler-rt:                     9.0.1-h6a512c6_3          conda-forge                                                        
    compiler-rt_osx-64:              9.0.1-h99342c6_3          conda-forge                                                        
    curl:                            7.68.0-h8754def_0         conda-forge                                                        
    fontconfig:                      2.13.1-h10f422b_1005      conda-forge                                                        
    freetype:                        2.10.4-h4cff582_1         conda-forge                                                        
    fribidi:                         1.0.10-hbcb3906_0         conda-forge                                                        
    gettext:                         0.19.8.1-hd1a6beb_1008    conda-forge                                                        
    gfortran_impl_osx-64:            7.5.0-hdadd0f8_23         conda-forge                                                        
    gfortran_osx-64:                 7.5.0-h18f7dce_14         conda-forge                                                        
    glib:                            2.70.0-hcf210ce_1         conda-forge                                                        
    glib-tools:                      2.70.0-hcf210ce_1         conda-forge                                                        
    gmp:                             6.2.1-h2e338ed_0          conda-forge                                                        
    graphite2:                       1.3.13-h2e338ed_1001      conda-forge                                                        
    gsl:                             2.5-ha2d443c_1            conda-forge                                                        
    harfbuzz:                        2.4.0-hd8d2a14_3          conda-forge                                                        
    icu:                             64.2-h6de7cb9_1           conda-forge                                                        
    isl:                             0.22.1-hb1e8313_2         conda-forge                                                        
    jbig:                            2.1-h0d85af4_2003         conda-forge                                                        
    jpeg:                            9d-hbcb3906_0             conda-forge                                                        
    krb5:                            1.16.4-h1752a42_0         conda-forge                                                        
    ld64:                            530-0                     conda-forge                                                        
    ld64_osx-64:                     530-h3c32e8a_0            conda-forge                                                        
    lerc:                            3.0-he49afe7_0            conda-forge                                                        
    libblas:                         3.9.0-8_openblas          conda-forge                                                        
    libcblas:                        3.9.0-8_openblas          conda-forge                                                        
    libclang-cpp9:                   9.0.1-default_heda16ac_2  conda-forge                                                        
    libcurl:                         7.68.0-h709d2b2_0         conda-forge                                                        
    libcxx:                          12.0.1-habf9029_0         conda-forge                                                        
    libdeflate:                      1.8-h0d85af4_0            conda-forge                                                        
    libedit:                         3.1.20191231-h0678c8f_2   conda-forge                                                        
    libffi:                          3.4.2-he49afe7_4          conda-forge                                                        
    libgfortran:                     4.0.0-7_5_0_h1a10cd1_23   conda-forge                                                        
    libgfortran-devel_osx-64:        7.5.0-h1a10cd1_23         conda-forge                                                        
    libgfortran4:                    7.5.0-h1a10cd1_23         conda-forge                                                        
    libglib:                         2.70.0-hf1fb8c0_1         conda-forge                                                        
    libiconv:                        1.16-haf1e3a3_0           conda-forge                                                        
    libidn2:                         2.3.2-h0d85af4_0          conda-forge                                                        
    libllvm9:                        9.0.1-default_h2671707_4  conda-forge                                                        
    libopenblas:                     0.3.12-openmp_h63d9170_1  conda-forge                                                        
    libpng:                          1.6.37-h7cec526_2         conda-forge                                                        
    libssh2:                         1.10.0-h52ee1ee_2         conda-forge                                                        
    libtiff:                         4.3.0-hd146c10_2          conda-forge                                                        
    libunistring:                    0.9.10-h0d85af4_0         conda-forge                                                        
    libwebp-base:                    1.2.1-h0d85af4_0          conda-forge                                                        
    libxml2:                         2.9.10-h53d96d6_0         conda-forge                                                        
    libzlib:                         1.2.11-h9173be1_1013      conda-forge                                                        
    llvm-openmp:                     12.0.1-hda6cdc1_1         conda-forge                                                        
    llvm-tools:                      9.0.1-default_h2671707_4  conda-forge                                                        
    lz4-c:                           1.9.3-he49afe7_1          conda-forge                                                        
    make:                            4.3-h22f3db7_1            conda-forge                                                        
    mpc:                             1.2.1-hbb51d92_0          conda-forge                                                        
    mpfr:                            4.1.0-h0f52abe_1          conda-forge                                                        
    ncurses:                         6.2-h2e338ed_4            conda-forge                                                        
    openssl:                         1.1.1l-h0d85af4_0         conda-forge                                                        
    pango:                           1.42.4-haa940fe_4         conda-forge                                                        
    pcre:                            8.45-he49afe7_0           conda-forge                                                        
    pip:                             21.3.1-pyhd8ed1ab_0       conda-forge                                                        
    pixman:                          0.38.0-h01d97ff_1003      conda-forge                                                        
    python:                          3.10.0-h1248fe1_2_cpython conda-forge                                                        
    python_abi:                      3.10-2_cp310              conda-forge                                                        
    r-backports:                     1.1.6-r35h17f1fa6_1       conda-forge                                                        
    r-base:                          3.5.1-hc03ab29_1012       conda-forge                                                        
    r-bit:                           1.1_15.2-r35h17f1fa6_0    conda-forge                                                        
    r-bit64:                         0.9_7-r35h159158b_1001    conda-forge                                                        
    r-blob:                          1.2.1-r35h6115d3f_0       conda-forge                                                        
    r-dbi:                           1.1.0-r35h6115d3f_0       conda-forge                                                        
    r-digest:                        0.6.25-r35hc5da6b9_1      conda-forge                                                        
    r-ellipsis:                      0.3.0-r35h17f1fa6_0       conda-forge                                                        
    r-glue:                          1.4.0-r35h17f1fa6_0       conda-forge                                                        
    r-memoise:                       1.1.0-r351h6115d3f_1      conda-forge                                                        
    r-pkgconfig:                     2.0.3-r35h6115d3f_0       conda-forge                                                        
    r-plogr:                         0.2.0-r351h6115d3f_1      conda-forge                                                        
    r-rcpp:                          1.0.4.6-r35hc5da6b9_0     conda-forge                                                        
    r-rlang:                         0.4.5-r35h17f1fa6_2       conda-forge                                                        
    r-rsqlite:                       2.2.0-r35hc5da6b9_0       conda-forge                                                        
    r-vctrs:                         0.2.4-r35h17f1fa6_0       conda-forge                                                        
    r-zeallot:                       0.1.0-r35h6115d3f_1001    conda-forge                                                        
    readline:                        8.1-h05e3726_0            conda-forge                                                        
    setuptools:                      58.5.3-py310h2ec42d9_0    conda-forge                                                        
    sqlite:                          3.36.0-h23a322b_2         conda-forge                                                        
    tapi:                            1000.10.8-h879752b_4      conda-forge                                                        
    tk:                              8.6.11-h5dbffcc_1         conda-forge                                                        
    tktable:                         2.10-h49f0cf7_3           conda-forge                                                        
    tzdata:                          2021e-he74cb21_0          conda-forge                                                        
    wget:                            1.20.3-h52ee1ee_1         conda-forge                                                        
    wheel:                           0.37.0-pyhd8ed1ab_1       conda-forge                                                        
    xz:                              5.2.5-haf1e3a3_1          conda-forge                                                        
    zlib:                            1.2.11-h9173be1_1013      conda-forge                                                        
    zstd:                            1.5.0-h582d3a0_0          conda-forge                                                        

Preparing transaction: ...working... done
Verifying transaction: ...working... done
Executing transaction: ...working... done
export PREFIX=/Users/runner/conda/conda-bld/bioconductor-illuminamousev2.db_1636392625954/_test_env_placehold_placehold_placehold_placehold_placehold_placehold_placehold_placehold_placehold_placehold_placehold_placehold_placehold_placehold_placehold_placehold_placeho
export SRC_DIR=/Users/runner/conda/conda-bld/bioconductor-illuminamousev2.db_1636392625954/test_tmp
INFO: activate-gfortran_osx-64.sh made the following environmental changes:
+DEBUG_FFLAGS=-march=core2 -mtune=haswell -ftree-vectorize -fPIC -fstack-protector -O2 -pipe -isystem $PREFIX/include -fdebug-prefix-map=$SRC_DIR=/usr/local/src/conda/bioconductor-illuminamousev2.db-1.26.0 -fdebug-prefix-map=$PREFIX=/usr/local/src/conda-prefix -march=core2 -mtune=haswell -ftree-vectorize -fPIC -fstack-protector -O2 -pipe -Og -g -Wall -Wextra -fcheck=all -fbacktrace -fimplicit-none -fvar-tracking-assignments
+DEBUG_FORTRANFLAGS=-march=core2 -mtune=haswell -ftree-vectorize -fPIC -fstack-protector -O2 -pipe -isystem $PREFIX/include -fdebug-prefix-map=$SRC_DIR=/usr/local/src/conda/bioconductor-illuminamousev2.db-1.26.0 -fdebug-prefix-map=$PREFIX=/usr/local/src/conda-prefix -march=core2 -mtune=haswell -ftree-vectorize -fPIC -fstack-protector -O2 -pipe -Og -g -Wall -Wextra -fcheck=all -fbacktrace -fimplicit-none -fvar-tracking-assignments
+F77=$PREFIX/bin/x86_64-apple-darwin13.4.0-gfortran
+F90=$PREFIX/bin/x86_64-apple-darwin13.4.0-gfortran
+F95=$PREFIX/bin/x86_64-apple-darwin13.4.0-gfortran
+FC=$PREFIX/bin/x86_64-apple-darwin13.4.0-gfortran
+FC_FOR_BUILD=$PREFIX/bin/-gfortran
+FFLAGS=-march=core2 -mtune=haswell -ftree-vectorize -fPIC -fstack-protector -O2 -pipe -isystem $PREFIX/include -fdebug-prefix-map=$SRC_DIR=/usr/local/src/conda/bioconductor-illuminamousev2.db-1.26.0 -fdebug-prefix-map=$PREFIX=/usr/local/src/conda-prefix
+FORTRANFLAGS=-march=core2 -mtune=haswell -ftree-vectorize -fPIC -fstack-protector -O2 -pipe -isystem $PREFIX/include -fdebug-prefix-map=$SRC_DIR=/usr/local/src/conda/bioconductor-illuminamousev2.db-1.26.0 -fdebug-prefix-map=$PREFIX=/usr/local/src/conda-prefix
+GFORTRAN=$PREFIX/bin/x86_64-apple-darwin13.4.0-gfortran
INFO: activate_clang_osx-64.sh made the following environmental changes:
+AR=$PREFIX/bin/x86_64-apple-darwin13.4.0-ar
+AS=$PREFIX/bin/x86_64-apple-darwin13.4.0-as
+CC=x86_64-apple-darwin13.4.0-clang
+CFLAGS=-march=core2 -mtune=haswell -mssse3 -ftree-vectorize -fPIC -fPIE -fstack-protector-strong -O2 -pipe -isystem $PREFIX/include -fdebug-prefix-map=$SRC_DIR=/usr/local/src/conda/bioconductor-illuminamousev2.db-1.26.0 -fdebug-prefix-map=$PREFIX=/usr/local/src/conda-prefix
+CHECKSYMS=$PREFIX/bin/x86_64-apple-darwin13.4.0-checksyms
+CLANG=$PREFIX/bin/x86_64-apple-darwin13.4.0-clang
+CMAKE_PREFIX_PATH=:$PREFIX
+CONDA_BUILD_SYSROOT=/Applications/Xcode_13.0.app/Contents/Developer/Platforms/MacOSX.platform/Developer/SDKs/MacOSX.sdk
+CPPFLAGS=-D_FORTIFY_SOURCE=2 -mmacosx-version-min=10.9 -isystem $PREFIX/include
+DEBUG_CFLAGS=-march=core2 -mtune=haswell -mssse3 -ftree-vectorize -fPIC -fPIE -fstack-protector-strong -O2 -pipe -Og -g -Wall -Wextra -isystem $PREFIX/include -fdebug-prefix-map=$SRC_DIR=/usr/local/src/conda/bioconductor-illuminamousev2.db-1.26.0 -fdebug-prefix-map=$PREFIX=/usr/local/src/conda-prefix
+HOST=x86_64-apple-darwin13.4.0
+INDR=$PREFIX/bin/x86_64-apple-darwin13.4.0-indr
+INSTALL_NAME_TOOL=$PREFIX/bin/x86_64-apple-darwin13.4.0-install_name_tool
+LD=$PREFIX/bin/x86_64-apple-darwin13.4.0-ld
+LDFLAGS=-Wl,-pie -Wl,-headerpad_max_install_names -Wl,-dead_strip_dylibs -Wl,-rpath,$PREFIX/lib -L$PREFIX/lib
+LDFLAGS_LD=-pie -headerpad_max_install_names -dead_strip_dylibs -rpath $PREFIX/lib -L$PREFIX/lib
+LIBTOOL=$PREFIX/bin/x86_64-apple-darwin13.4.0-libtool
+LIPO=$PREFIX/bin/x86_64-apple-darwin13.4.0-lipo
+NM=$PREFIX/bin/x86_64-apple-darwin13.4.0-nm
+NMEDIT=$PREFIX/bin/x86_64-apple-darwin13.4.0-nmedit
+OTOOL=$PREFIX/bin/x86_64-apple-darwin13.4.0-otool
+PAGESTUFF=$PREFIX/bin/x86_64-apple-darwin13.4.0-pagestuff
+RANLIB=$PREFIX/bin/x86_64-apple-darwin13.4.0-ranlib
+REDO_PREBINDING=$PREFIX/bin/x86_64-apple-darwin13.4.0-redo_prebinding
+SEGEDIT=$PREFIX/bin/x86_64-apple-darwin13.4.0-segedit
+SEG_ADDR_TABLE=$PREFIX/bin/x86_64-apple-darwin13.4.0-seg_addr_table
+SEG_HACK=$PREFIX/bin/x86_64-apple-darwin13.4.0-seg_hack
+SIZE=$PREFIX/bin/x86_64-apple-darwin13.4.0-size
+STRINGS=$PREFIX/bin/x86_64-apple-darwin13.4.0-strings
+STRIP=$PREFIX/bin/x86_64-apple-darwin13.4.0-strip
+_CONDA_PYTHON_SYSCONFIGDATA_NAME=_sysconfigdata_x86_64_apple_darwin13_4_0
INFO: activate_clangxx_osx-64.sh made the following environmental changes:
+CLANGXX=$PREFIX/bin/x86_64-apple-darwin13.4.0-clang++
+CXX=x86_64-apple-darwin13.4.0-clang++
+CXXFLAGS=-march=core2 -mtune=haswell -mssse3 -ftree-vectorize -fPIC -fPIE -fstack-protector-strong -O2 -pipe -stdlib=libc++ -fvisibility-inlines-hidden -std=c++14 -fmessage-length=0 -isystem $PREFIX/include -fdebug-prefix-map=$SRC_DIR=/usr/local/src/conda/bioconductor-illuminamousev2.db-1.26.0 -fdebug-prefix-map=$PREFIX=/usr/local/src/conda-prefix
+DEBUG_CXXFLAGS=-march=core2 -mtune=haswell -mssse3 -ftree-vectorize -fPIC -fPIE -fstack-protector-strong -O2 -pipe -stdlib=libc++ -fvisibility-inlines-hidden -std=c++14 -fmessage-length=0 -Og -g -Wall -Wextra -isystem $PREFIX/include -fdebug-prefix-map=$SRC_DIR=/usr/local/src/conda/bioconductor-illuminamousev2.db-1.26.0 -fdebug-prefix-map=$PREFIX=/usr/local/src/conda-prefix

R version 3.5.1 (2018-07-02) -- "Feather Spray"
Copyright (C) 2018 The R Foundation for Statistical Computing
Platform: x86_64-apple-darwin13.4.0 (64-bit)

R is free software and comes with ABSOLUTELY NO WARRANTY.
You are welcome to redistribute it under certain conditions.
Type 'license()' or 'licence()' for distribution details.

  Natural language support but running in an English locale

R is a collaborative project with many contributors.
Type 'contributors()' for more information and
'citation()' on how to cite R or R packages in publications.

Type 'demo()' for some demos, 'help()' for on-line help, or
'help.start()' for an HTML browser interface to help.
Type 'q()' to quit R.

> library('illuminaMousev2.db')

Leaving build/test directories:
  Work:
 /Users/runner/conda/conda-bld/work 
  Test:
 /Users/runner/conda/conda-bld/test_tmp 
Leaving build/test environments:
  Test:
source activate  /Users/runner/conda/conda-bld/_test_env_placehold_placehold_placehold_placehold_placehold_placehold_placehold_placehold_placehold_placehold_placehold_placehold_placehold_placehold_placehold_placehold_placehold_placehold_placehold_placehold_placehold_pla 
  Build:
source activate  /Users/runner/conda/conda-bld/_build_env 


