Updating build index: /home/vsts/conda/conda-bld

TEST START: /tmp/tmpxx20fz55/linux-64/dreamtools-1.3.0-py36_0.tar.bz2
Adding in variants from internal_defaults
Reloading output folder: /home/vsts/conda/conda-bld
Mamba failed to solve:
 - dreamtools 1.3.0.* py39_0
 - python
 - easydev >=0.9.14
 - cython
 - pandas
 - bioservices >=1.4.5
 - biokit
 - colormap
 - scipy
 - scikit-learn
 - numexpr
 - synapseclient
 - xlrd
 - tabulate
 - fitter
 - libgcc
 - python

with channels:
 - file:///tmp/tmpxx20fz55

The reported errors are:
- Encountered problems while solving:
-   - nothing provides requested dreamtools 1.3.0.* py39_0
- 

Leaving build/test directories:
  Work:
 /home/vsts/conda/conda-bld/work 
  Test:
 /home/vsts/conda/conda-bld/test_tmp 
Leaving build/test environments:
  Test:
source activate  /home/vsts/conda/conda-bld/_test_env_placehold_placehold_placehold_placehold_placehold_placehold_placehold_placehold_placehold_placehold_placehold_placehold_placehold_placehold_placehold_placehold_placehold_placehold_placehold_placehold_placehold_placeh 
  Build:
source activate  /home/vsts/conda/conda-bld/_build_env 


