Updating build index: /Users/runner/conda/conda-bld

TEST START: /var/folders/24/8k48jl6d249_n_qfxwsl6xvm0000gn/T/tmp_5v35xn1/osx-64/dreamtools-1.3.0-py36_0.tar.bz2
Adding in variants from internal_defaults
Reloading output folder: /Users/runner/conda/conda-bld
Mamba failed to solve:
 - dreamtools 1.3.0.* py39_0
 - python
 - easydev >=0.9.14
 - cython
 - pandas
 - bioservices >=1.4.5
 - biokit
 - colormap
 - scipy
 - scikit-learn
 - numexpr
 - synapseclient
 - xlrd
 - tabulate
 - fitter
 - python

with channels:
 - file:///var/folders/24/8k48jl6d249_n_qfxwsl6xvm0000gn/T/tmp_5v35xn1

The reported errors are:
- Encountered problems while solving:
-   - nothing provides requested dreamtools 1.3.0.* py39_0
- 

Leaving build/test directories:
  Work:
 /Users/runner/conda/conda-bld/work 
  Test:
 /Users/runner/conda/conda-bld/test_tmp 
Leaving build/test environments:
  Test:
source activate  /Users/runner/conda/conda-bld/_test_env_placehold_placehold_placehold_placehold_placehold_placehold_placehold_placehold_placehold_placehold_placehold_placehold_placehold_placehold_placehold_placehold_placehold_placehold_placehold_placehold_placehold_pla 
  Build:
source activate  /Users/runner/conda/conda-bld/_build_env 


