Updating build index: /Users/runner/conda/conda-bld

TEST START: /var/folders/24/8k48jl6d249_n_qfxwsl6xvm0000gn/T/tmpmvimm8wm/noarch/nmrml2isa-0.3.1-py_0.tar.bz2
Adding in variants from internal_defaults
Adding in variants from /var/folders/24/8k48jl6d249_n_qfxwsl6xvm0000gn/T/tmp9t3n38ed/info/recipe/conda_build_config.yaml
Reloading output folder: /Users/runner/conda/conda-bld

## Package Plan ##

  environment location: /Users/runner/conda/conda-bld/nmrml2isa_1636545329803/_test_env_placehold_placehold_placehold_placehold_placehold_placehold_placehold_placehold_placehold_placehold_placehold_placehold_placehold_placehold_placehold_placehold_placehold_placehold_placehold


The following NEW packages will be INSTALLED:

    bzip2:           1.0.8-h0d85af4_4          conda-forge                                                        
    ca-certificates: 2021.10.8-h033912b_0      conda-forge                                                        
    et_xmlfile:      1.0.1-py_1001             conda-forge                                                        
    icu:             69.1-he49afe7_0           conda-forge                                                        
    libcxx:          12.0.1-habf9029_0         conda-forge                                                        
    libffi:          3.4.2-h0d85af4_5          conda-forge                                                        
    libiconv:        1.16-haf1e3a3_0           conda-forge                                                        
    libxml2:         2.9.12-h7e28ab6_1         conda-forge                                                        
    libxslt:         1.1.33-h1acebb3_3         conda-forge                                                        
    libzlib:         1.2.11-h9173be1_1013      conda-forge                                                        
    lxml:            4.6.4-py310ha9f0948_0     conda-forge                                                        
    ncurses:         6.2-h2e338ed_4            conda-forge                                                        
    nmrml2isa:       0.3.1-py_0                file:///var/folders/24/8k48jl6d249_n_qfxwsl6xvm0000gn/T/tmpmvimm8wm
    openpyxl:        3.0.9-pyhd8ed1ab_0        conda-forge                                                        
    openssl:         3.0.0-h0d85af4_2          conda-forge                                                        
    pip:             21.3.1-pyhd8ed1ab_0       conda-forge                                                        
    pronto:          0.12.2-py_0               bioconda                                                           
    python:          3.10.0-h38b4d05_2_cpython conda-forge                                                        
    python_abi:      3.10-2_cp310              conda-forge                                                        
    readline:        8.1-h05e3726_0            conda-forge                                                        
    setuptools:      58.5.3-py310h2ec42d9_0    conda-forge                                                        
    six:             1.16.0-pyh6c4a22f_0       conda-forge                                                        
    sqlite:          3.36.0-h23a322b_2         conda-forge                                                        
    tk:              8.6.11-h5dbffcc_1         conda-forge                                                        
    tzdata:          2021e-he74cb21_0          conda-forge                                                        
    wheel:           0.37.0-pyhd8ed1ab_1       conda-forge                                                        
    xz:              5.2.5-haf1e3a3_1          conda-forge                                                        
    zlib:            1.2.11-h9173be1_1013      conda-forge                                                        

Preparing transaction: ...working... done
Verifying transaction: ...working... done
Executing transaction: ...working... done
export PREFIX=/Users/runner/conda/conda-bld/nmrml2isa_1636545329803/_test_env_placehold_placehold_placehold_placehold_placehold_placehold_placehold_placehold_placehold_placehold_placehold_placehold_placehold_placehold_placehold_placehold_placehold_placehold_placehold
export SRC_DIR=/Users/runner/conda/conda-bld/nmrml2isa_1636545329803/test_tmp
import: 'nmrml2isa'
import: 'nmrml2isa'

Leaving build/test directories:
  Work:
 /Users/runner/conda/conda-bld/work 
  Test:
 /Users/runner/conda/conda-bld/test_tmp 
Leaving build/test environments:
  Test:
source activate  /Users/runner/conda/conda-bld/_test_env_placehold_placehold_placehold_placehold_placehold_placehold_placehold_placehold_placehold_placehold_placehold_placehold_placehold_placehold_placehold_placehold_placehold_placehold_placehold_placehold_placehold_pla 
  Build:
source activate  /Users/runner/conda/conda-bld/_build_env 


