Updating build index: /Users/runner/conda/conda-bld

TEST START: /var/folders/24/8k48jl6d249_n_qfxwsl6xvm0000gn/T/tmp407fp0yx/noarch/piper-0.12.1-py_1.tar.bz2
Adding in variants from internal_defaults
Adding in variants from /var/folders/24/8k48jl6d249_n_qfxwsl6xvm0000gn/T/tmpauivfun_/info/recipe/conda_build_config.yaml
Reloading output folder: /Users/runner/conda/conda-bld

## Package Plan ##

  environment location: /Users/runner/conda/conda-bld/piper_1636851119941/_test_env_placehold_placehold_placehold_placehold_placehold_placehold_placehold_placehold_placehold_placehold_placehold_placehold_placehold_placehold_placehold_placehold_placehold_placehold_placehold_pla


The following NEW packages will be INSTALLED:

    attmap:              0.13.2-pyhd8ed1ab_0       conda-forge                                                        
    attrs:               21.2.0-pyhd8ed1ab_0       conda-forge                                                        
    brotlipy:            0.7.0-py310he24745e_1003  conda-forge                                                        
    bzip2:               1.0.8-h0d85af4_4          conda-forge                                                        
    ca-certificates:     2021.10.8-h033912b_0      conda-forge                                                        
    certifi:             2021.10.8-py310h2ec42d9_1 conda-forge                                                        
    cffi:                1.15.0-py310hcc37b68_0    conda-forge                                                        
    chardet:             4.0.0-py310h2ec42d9_2     conda-forge                                                        
    charset-normalizer:  2.0.0-pyhd8ed1ab_0        conda-forge                                                        
    click:               8.0.3-py310h2ec42d9_1     conda-forge                                                        
    coverage:            6.1.2-py310he24745e_0     conda-forge                                                        
    coveralls:           3.3.1-pyhd8ed1ab_0        conda-forge                                                        
    cryptography:        35.0.0-py310ha82f1d4_2    conda-forge                                                        
    docopt:              0.6.2-py_1                conda-forge                                                        
    hypothesis:          6.24.3-pyhd8ed1ab_0       conda-forge                                                        
    idna:                3.1-pyhd3deb0d_0          conda-forge                                                        
    importlib-metadata:  4.8.2-py310h2ec42d9_0     conda-forge                                                        
    importlib_resources: 5.4.0-pyhd8ed1ab_0        conda-forge                                                        
    iniconfig:           1.1.1-pyh9f0ad1d_0        conda-forge                                                        
    jsonschema:          4.2.1-pyhd8ed1ab_0        conda-forge                                                        
    libblas:             3.9.0-12_osx64_openblas   conda-forge                                                        
    libcblas:            3.9.0-12_osx64_openblas   conda-forge                                                        
    libcxx:              12.0.1-habf9029_0         conda-forge                                                        
    libffi:              3.4.2-h0d85af4_5          conda-forge                                                        
    libgfortran:         5.0.0-9_3_0_h6c81a4c_23   conda-forge                                                        
    libgfortran5:        9.3.0-h6c81a4c_23         conda-forge                                                        
    liblapack:           3.9.0-12_osx64_openblas   conda-forge                                                        
    libopenblas:         0.3.18-openmp_h3351f45_0  conda-forge                                                        
    libzlib:             1.2.11-h9173be1_1013      conda-forge                                                        
    llvm-openmp:         12.0.1-hda6cdc1_1         conda-forge                                                        
    logmuse:             0.2.6-pyh8c360ce_0        conda-forge                                                        
    mock:                2.0.0-pyhd8ed1ab_1003     conda-forge                                                        
    more-itertools:      8.11.0-pyhd8ed1ab_0       conda-forge                                                        
    ncurses:             6.2-h2e338ed_4            conda-forge                                                        
    numpy:               1.21.4-py310hd5a656b_0    conda-forge                                                        
    openssl:             1.1.1l-h0d85af4_0         conda-forge                                                        
    oyaml:               1.0-pyhd8ed1ab_0          conda-forge                                                        
    packaging:           21.2-pyhd8ed1ab_1         conda-forge                                                        
    pandas:              1.3.4-py310hdd25497_1     conda-forge                                                        
    pbr:                 5.7.0-pyhd8ed1ab_0        conda-forge                                                        
    pip:                 21.3.1-pyhd8ed1ab_0       conda-forge                                                        
    piper:               0.12.1-py_1               file:///var/folders/24/8k48jl6d249_n_qfxwsl6xvm0000gn/T/tmp407fp0yx
    pluggy:              1.0.0-py310h2ec42d9_2     conda-forge                                                        
    psutil:              5.8.0-py310he24745e_2     conda-forge                                                        
    py:                  1.11.0-pyh6c4a22f_0       conda-forge                                                        
    pycparser:           2.21-pyhd8ed1ab_0         conda-forge                                                        
    pyopenssl:           21.0.0-pyhd8ed1ab_0       conda-forge                                                        
    pyparsing:           2.4.7-pyhd8ed1ab_1        conda-forge                                                        
    pyrsistent:          0.18.0-py310he24745e_0    conda-forge                                                        
    pysocks:             1.7.1-py310h2ec42d9_4     conda-forge                                                        
    pytest:              6.2.5-py310h2ec42d9_1     conda-forge                                                        
    pytest-cov:          2.6.1-py_0                conda-forge                                                        
    python:              3.10.0-h1248fe1_2_cpython conda-forge                                                        
    python-dateutil:     2.8.2-pyhd8ed1ab_0        conda-forge                                                        
    python_abi:          3.10-2_cp310              conda-forge                                                        
    pytz:                2021.3-pyhd8ed1ab_0       conda-forge                                                        
    pyyaml:              6.0-py310he24745e_3       conda-forge                                                        
    readline:            8.1-h05e3726_0            conda-forge                                                        
    requests:            2.26.0-pyhd8ed1ab_0       conda-forge                                                        
    setuptools:          58.5.3-py310h2ec42d9_0    conda-forge                                                        
    six:                 1.16.0-pyh6c4a22f_0       conda-forge                                                        
    sortedcontainers:    2.4.0-pyhd8ed1ab_0        conda-forge                                                        
    sqlite:              3.36.0-h23a322b_2         conda-forge                                                        
    tk:                  8.6.11-h5dbffcc_1         conda-forge                                                        
    toml:                0.10.2-pyhd8ed1ab_0       conda-forge                                                        
    tomli:               1.2.2-pyhd8ed1ab_0        conda-forge                                                        
    tzdata:              2021e-he74cb21_0          conda-forge                                                        
    ubiquerg:            0.6.1-pyh9f0ad1d_0        conda-forge                                                        
    urllib3:             1.26.7-pyhd8ed1ab_0       conda-forge                                                        
    veracitools:         0.1.3-py_0                conda-forge                                                        
    wheel:               0.37.0-pyhd8ed1ab_1       conda-forge                                                        
    xz:                  5.2.5-haf1e3a3_1          conda-forge                                                        
    yacman:              0.8.3-pyhd8ed1ab_0        conda-forge                                                        
    yaml:                0.2.5-haf1e3a3_0          conda-forge                                                        
    zipp:                3.6.0-pyhd8ed1ab_0        conda-forge                                                        
    zlib:                1.2.11-h9173be1_1013      conda-forge                                                        

Preparing transaction: ...working... done
Verifying transaction: ...working... done
Executing transaction: ...working... done
export PREFIX=/Users/runner/conda/conda-bld/piper_1636851119941/_test_env_placehold_placehold_placehold_placehold_placehold_placehold_placehold_placehold_placehold_placehold_placehold_placehold_placehold_placehold_placehold_placehold_placehold_placehold_placehold_pla
export SRC_DIR=/Users/runner/conda/conda-bld/piper_1636851119941/test_tmp
import: 'pypiper'

Leaving build/test directories:
  Work:
 /Users/runner/conda/conda-bld/work 
  Test:
 /Users/runner/conda/conda-bld/test_tmp 
Leaving build/test environments:
  Test:
source activate  /Users/runner/conda/conda-bld/_test_env_placehold_placehold_placehold_placehold_placehold_placehold_placehold_placehold_placehold_placehold_placehold_placehold_placehold_placehold_placehold_placehold_placehold_placehold_placehold_placehold_placehold_pla 
  Build:
source activate  /Users/runner/conda/conda-bld/_build_env 


