  Package                               Version  Build                   Channel                                                                   Size
─────────────────────────────────────────────────────────────────────────────────────────────────────────────────────────────────────────────────────────
  Install:
─────────────────────────────────────────────────────────────────────────────────────────────────────────────────────────────────────────────────────────

  + appnope                               0.1.2  py39h6e9494a_1          conda-forge/osx-64                                                       10 KB
  + attrs                                21.2.0  pyhd8ed1ab_0            conda-forge/noarch                                                      Cached
  + backcall                              0.2.0  pyh9f0ad1d_0            conda-forge/noarch                                                       13 KB
  + backports                               1.0  py_2                    conda-forge/noarch                                                      Cached
  + backports.functools_lru_cache         1.6.4  pyhd8ed1ab_0            conda-forge/noarch                                                      Cached
  + biom-format                          2.1.10  py39hf24ec92_0          conda-forge/osx-64                                                       10 MB
  + brotlipy                              0.7.0  py39h89e85a6_1001       conda-forge/osx-64                                                      Cached
  + c-ares                               1.17.2  h0d85af4_0              conda-forge/osx-64                                                      Cached
  + ca-certificates                   2021.5.30  h033912b_0              conda-forge/osx-64                                                      Cached
  + cachecontrol                         0.12.6  py_0                    conda-forge/noarch                                                       18 KB
  + cached-property                       1.5.2  hd8ed1ab_1              conda-forge/noarch                                                        4 KB
  + cached_property                       1.5.2  pyha770c72_1            conda-forge/noarch                                                       11 KB
  + certifi                           2021.5.30  py39h6e9494a_0          conda-forge/osx-64                                                      Cached
  + cffi                                 1.14.6  py39hb71fe58_0          conda-forge/osx-64                                                      Cached
  + chardet                               4.0.0  py39h6e9494a_1          conda-forge/osx-64                                                      Cached
  + charset-normalizer                    2.0.0  pyhd8ed1ab_0            conda-forge/noarch                                                      Cached
  + click                                 8.0.1  py39h6e9494a_0          conda-forge/osx-64                                                      146 KB
  + cryptography                          3.4.7  py39ha2c9959_0          conda-forge/osx-64                                                      Cached
  + cycler                               0.10.0  py_2                    conda-forge/noarch                                                        9 KB
  + cython                              0.29.24  py39h9fcab8e_0          conda-forge/osx-64                                                        2 MB
  + decorator                             5.0.9  pyhd8ed1ab_0            conda-forge/noarch                                                       11 KB
  + freetype                             2.10.4  h4cff582_1              conda-forge/osx-64                                                      Cached
  + future                               0.18.2  py39h6e9494a_3          conda-forge/osx-64                                                      Cached
  + h5py                                  3.4.0  nompi_py39hbc6cb89_100  conda-forge/osx-64                                                        1 MB
  + hdf5                                 1.12.1  nompi_h2f0ef1a_100      conda-forge/osx-64                                                        4 MB
  + hdmedians                            0.14.2  py39hc89836e_0          conda-forge/osx-64                                                      134 KB
  + idna                                    3.1  pyhd3deb0d_0            conda-forge/noarch                                                      Cached
  + iniconfig                             1.1.1  pyh9f0ad1d_0            conda-forge/noarch                                                        8 KB
  + ipython                              7.27.0  py39h71a6800_0          conda-forge/osx-64                                                        1 MB
  + jbig                                    2.1  h0d85af4_2003           conda-forge/osx-64                                                      Cached
  + jedi                                 0.18.0  py39h6e9494a_2          conda-forge/osx-64                                                      932 KB
  + joblib                                1.0.1  pyhd8ed1ab_0            conda-forge/noarch                                                      Cached
  + jpeg                                     9d  hbcb3906_0              conda-forge/osx-64                                                      Cached
  + kiwisolver                            1.3.2  py39hf018cea_0          conda-forge/osx-64                                                       59 KB
  + krb5                                 1.19.2  hcfbf3a7_0              conda-forge/osx-64                                                      Cached
  + lcms2                                  2.12  h577c468_0              conda-forge/osx-64                                                      404 KB
  + lerc                                  2.2.1  h046ec9c_0              conda-forge/osx-64                                                      Cached
  + libblas                               3.9.0  11_osx64_openblas       conda-forge/osx-64                                                      Cached
  + libcblas                              3.9.0  11_osx64_openblas       conda-forge/osx-64                                                      Cached
  + libcurl                              7.78.0  hf45b732_0              conda-forge/osx-64                                                      Cached
  + libcxx                               12.0.1  habf9029_0              conda-forge/osx-64                                                      Cached
  + libdeflate                              1.7  h35c211d_5              conda-forge/osx-64                                                      Cached
  + libedit                        3.1.20191231  h0678c8f_2              conda-forge/osx-64                                                      Cached
  + libev                                  4.33  haf1e3a3_1              conda-forge/osx-64                                                      Cached
  + libffi                                  3.3  h046ec9c_2              conda-forge/osx-64                                                      Cached
  + libgfortran                           5.0.0  9_3_0_h6c81a4c_23       conda-forge/osx-64                                                      Cached
  + libgfortran5                          9.3.0  h6c81a4c_23             conda-forge/osx-64                                                      Cached
  + liblapack                             3.9.0  11_osx64_openblas       conda-forge/osx-64                                                      Cached
  + liblapacke                            3.9.0  11_osx64_openblas       conda-forge/osx-64                                                       11 KB
  + libnghttp2                           1.43.0  h07e645a_0              conda-forge/osx-64                                                      Cached
  + libopenblas                          0.3.17  openmp_h3351f45_1       conda-forge/osx-64                                                      Cached
  + libpng                               1.6.37  h7cec526_2              conda-forge/osx-64                                                      Cached
  + libssh2                              1.10.0  h52ee1ee_0              conda-forge/osx-64                                                      Cached
  + libtiff                               4.3.0  h1167814_1              conda-forge/osx-64                                                      Cached
  + libwebp-base                          1.2.1  h0d85af4_0              conda-forge/osx-64                                                      Cached
  + llvm-openmp                          12.0.1  hda6cdc1_1              conda-forge/osx-64                                                      Cached
  + lockfile                             0.12.2  py_1                    conda-forge/noarch                                                       11 KB
  + lz4                                   3.1.3  py39heb8eec3_0          conda-forge/osx-64                                                       40 KB
  + lz4-c                                 1.9.3  he49afe7_1              conda-forge/osx-64                                                      Cached
  + matplotlib-base                       3.4.3  py39hb07454d_0          conda-forge/osx-64                                                        7 MB
  + matplotlib-inline                     0.1.3  pyhd8ed1ab_0            conda-forge/noarch                                                       11 KB
  + more-itertools                        8.9.0  pyhd8ed1ab_0            conda-forge/noarch                                                       41 KB
  + msgpack-python                        1.0.2  py39hf018cea_1          conda-forge/osx-64                                                       82 KB
  + natsort                               7.1.1  pyhd8ed1ab_0            conda-forge/noarch                                                      Cached
  + ncurses                                 6.2  h2e338ed_4              conda-forge/osx-64                                                      Cached
  + numpy                                1.21.2  py39h7eed0ac_0          conda-forge/osx-64                                                        6 MB
  + olefile                                0.46  pyh9f0ad1d_1            conda-forge/noarch                                                       32 KB
  + openjpeg                              2.4.0  h6e7aa92_1              conda-forge/osx-64                                                      374 KB
  + openssl                              1.1.1l  h0d85af4_0              conda-forge/osx-64                                                      Cached
  + packaging                              21.0  pyhd8ed1ab_0            conda-forge/noarch                                                       35 KB
  + pandas                                1.3.2  py39h4d6be9b_0          conda-forge/osx-64                                                       12 MB
  + parso                                 0.8.2  pyhd8ed1ab_0            conda-forge/noarch                                                       68 KB
  + pexpect                               4.8.0  pyh9f0ad1d_2            conda-forge/noarch                                                       47 KB
  + pickleshare                           0.7.5  py39hde42818_1002       conda-forge/osx-64                                                       13 KB
  + pillow                                8.3.2  py39he9bb72f_0          conda-forge/osx-64                                                      660 KB
  + pip                                  21.2.4  pyhd8ed1ab_0            conda-forge/noarch                                                      Cached
  + pluggy                               0.13.1  py39h6e9494a_4          conda-forge/osx-64                                                       29 KB
  + prompt-toolkit                       3.0.20  pyha770c72_0            conda-forge/noarch                                                      Cached
  + ptyprocess                            0.7.0  pyhd3deb0d_0            conda-forge/noarch                                                       16 KB
  + py                                   1.10.0  pyhd3deb0d_0            conda-forge/noarch                                                       73 KB
  + pycparser                              2.20  pyh9f0ad1d_2            conda-forge/noarch                                                      Cached
  + pygments                             2.10.0  pyhd8ed1ab_0            conda-forge/noarch                                                      Cached
  + pyopenssl                            20.0.1  pyhd8ed1ab_0            conda-forge/noarch                                                      Cached
  + pyparsing                             2.4.7  pyh9f0ad1d_0            conda-forge/noarch                                                       60 KB
  + pysocks                               1.7.1  py39h6e9494a_3          conda-forge/osx-64                                                      Cached
  + pytest                                6.2.5  py39h6e9494a_0          conda-forge/osx-64                                                      432 KB
  + python                                3.9.7  hd187cdc_0_cpython      conda-forge/osx-64                                                      Cached
  + python-dateutil                       2.8.2  pyhd8ed1ab_0            conda-forge/noarch                                                      Cached
  + python_abi                              3.9  2_cp39                  conda-forge/osx-64                                                      Cached
  + pytz                                 2021.1  pyhd8ed1ab_0            conda-forge/noarch                                                      Cached
  + readline                                8.1  h05e3726_0              conda-forge/osx-64                                                      Cached
  + requests                             2.26.0  pyhd8ed1ab_0            conda-forge/noarch                                                      Cached
  + scikit-bio                            0.5.6  py39hbaf7cf3_4          conda-forge/osx-64                                                        1 MB
  + scikit-learn                         0.24.2  py39hd2caeff_1          conda-forge/osx-64                                                        7 MB
  + scipy                                 1.7.1  py39h056f1c0_0          conda-forge/osx-64                                                       20 MB
  + setuptools                           58.0.4  py39h6e9494a_0          conda-forge/osx-64                                                      Cached
  + six                                  1.16.0  pyh6c4a22f_0            conda-forge/noarch                                                      Cached
  + sqlite                               3.36.0  h23a322b_1              conda-forge/osx-64                                                      Cached
  + threadpoolctl                         2.2.0  pyh8a188c0_0            conda-forge/noarch                                                       16 KB
  + tk                                   8.6.11  h5dbffcc_1              conda-forge/osx-64                                                      Cached
  + toml                                 0.10.2  pyhd8ed1ab_0            conda-forge/noarch                                                       18 KB
  + tornado                                 6.1  py39h89e85a6_1          conda-forge/osx-64                                                      645 KB
  + traitlets                             5.1.0  pyhd8ed1ab_0            conda-forge/noarch                                                       82 KB
  + tzdata                                2021a  he74cb21_1              conda-forge/noarch                                                      Cached
  + unifrac                              0.20.2  py39h6423492_1          /var/folders/24/8k48jl6d249_n_qfxwsl6xvm0000gn/T/tmpw_0hmetb/osx-64     480 KB
  + urllib3                              1.26.6  pyhd8ed1ab_0            conda-forge/noarch                                                      Cached
  + wcwidth                               0.2.5  pyh9f0ad1d_2            conda-forge/noarch                                                      Cached
  + wheel                                0.37.0  pyhd8ed1ab_1            conda-forge/noarch                                                      Cached
  + xz                                    5.2.5  haf1e3a3_1              conda-forge/osx-64                                                      Cached
  + zlib                                 1.2.11  h7795811_1010           conda-forge/osx-64                                                      Cached
  + zstd                                  1.5.0  h582d3a0_0              conda-forge/osx-64                                                      Cached

  Summary:

  Install: 111 packages

  Total download: 76 MB

─────────────────────────────────────────────────────────────────────────────────────────────────────────────────────────────────────────────────────────

Updating build index: /Users/runner/conda/conda-bld

TEST START: /var/folders/24/8k48jl6d249_n_qfxwsl6xvm0000gn/T/tmpw_0hmetb/osx-64/unifrac-0.20.2-py39h6423492_1.tar.bz2

## Package Plan ##

  environment location: /Users/runner/conda/conda-bld/unifrac_1631299628466/_test_env_placehold_placehold_placehold_placehold_placehold_placehold_placehold_placehold_placehold_placehold_placehold_placehold_placehold_placehold_placehold_placehold_placehold_placehold_placehold_p


The following NEW packages will be INSTALLED:

    appnope:                       0.1.2-py39h6e9494a_1         conda-forge                                                        
    attrs:                         21.2.0-pyhd8ed1ab_0          conda-forge                                                        
    backcall:                      0.2.0-pyh9f0ad1d_0           conda-forge                                                        
    backports:                     1.0-py_2                     conda-forge                                                        
    backports.functools_lru_cache: 1.6.4-pyhd8ed1ab_0           conda-forge                                                        
    biom-format:                   2.1.10-py39hf24ec92_0        conda-forge                                                        
    brotlipy:                      0.7.0-py39h89e85a6_1001      conda-forge                                                        
    c-ares:                        1.17.2-h0d85af4_0            conda-forge                                                        
    ca-certificates:               2021.5.30-h033912b_0         conda-forge                                                        
    cachecontrol:                  0.12.6-py_0                  conda-forge                                                        
    cached-property:               1.5.2-hd8ed1ab_1             conda-forge                                                        
    cached_property:               1.5.2-pyha770c72_1           conda-forge                                                        
    certifi:                       2021.5.30-py39h6e9494a_0     conda-forge                                                        
    cffi:                          1.14.6-py39hb71fe58_0        conda-forge                                                        
    chardet:                       4.0.0-py39h6e9494a_1         conda-forge                                                        
    charset-normalizer:            2.0.0-pyhd8ed1ab_0           conda-forge                                                        
    click:                         8.0.1-py39h6e9494a_0         conda-forge                                                        
    cryptography:                  3.4.7-py39ha2c9959_0         conda-forge                                                        
    cycler:                        0.10.0-py_2                  conda-forge                                                        
    cython:                        0.29.24-py39h9fcab8e_0       conda-forge                                                        
    decorator:                     5.0.9-pyhd8ed1ab_0           conda-forge                                                        
    freetype:                      2.10.4-h4cff582_1            conda-forge                                                        
    future:                        0.18.2-py39h6e9494a_3        conda-forge                                                        
    h5py:                          3.4.0-nompi_py39hbc6cb89_100 conda-forge                                                        
    hdf5:                          1.12.1-nompi_h2f0ef1a_100    conda-forge                                                        
    hdmedians:                     0.14.2-py39hc89836e_0        conda-forge                                                        
    idna:                          3.1-pyhd3deb0d_0             conda-forge                                                        
    iniconfig:                     1.1.1-pyh9f0ad1d_0           conda-forge                                                        
    ipython:                       7.27.0-py39h71a6800_0        conda-forge                                                        
    jbig:                          2.1-h0d85af4_2003            conda-forge                                                        
    jedi:                          0.18.0-py39h6e9494a_2        conda-forge                                                        
    joblib:                        1.0.1-pyhd8ed1ab_0           conda-forge                                                        
    jpeg:                          9d-hbcb3906_0                conda-forge                                                        
    kiwisolver:                    1.3.2-py39hf018cea_0         conda-forge                                                        
    krb5:                          1.19.2-hcfbf3a7_0            conda-forge                                                        
    lcms2:                         2.12-h577c468_0              conda-forge                                                        
    lerc:                          2.2.1-h046ec9c_0             conda-forge                                                        
    libblas:                       3.9.0-11_osx64_openblas      conda-forge                                                        
    libcblas:                      3.9.0-11_osx64_openblas      conda-forge                                                        
    libcurl:                       7.78.0-hf45b732_0            conda-forge                                                        
    libcxx:                        12.0.1-habf9029_0            conda-forge                                                        
    libdeflate:                    1.7-h35c211d_5               conda-forge                                                        
    libedit:                       3.1.20191231-h0678c8f_2      conda-forge                                                        
    libev:                         4.33-haf1e3a3_1              conda-forge                                                        
    libffi:                        3.3-h046ec9c_2               conda-forge                                                        
    libgfortran:                   5.0.0-9_3_0_h6c81a4c_23      conda-forge                                                        
    libgfortran5:                  9.3.0-h6c81a4c_23            conda-forge                                                        
    liblapack:                     3.9.0-11_osx64_openblas      conda-forge                                                        
    liblapacke:                    3.9.0-11_osx64_openblas      conda-forge                                                        
    libnghttp2:                    1.43.0-h07e645a_0            conda-forge                                                        
    libopenblas:                   0.3.17-openmp_h3351f45_1     conda-forge                                                        
    libpng:                        1.6.37-h7cec526_2            conda-forge                                                        
    libssh2:                       1.10.0-h52ee1ee_0            conda-forge                                                        
    libtiff:                       4.3.0-h1167814_1             conda-forge                                                        
    libwebp-base:                  1.2.1-h0d85af4_0             conda-forge                                                        
    llvm-openmp:                   12.0.1-hda6cdc1_1            conda-forge                                                        
    lockfile:                      0.12.2-py_1                  conda-forge                                                        
    lz4:                           3.1.3-py39heb8eec3_0         conda-forge                                                        
    lz4-c:                         1.9.3-he49afe7_1             conda-forge                                                        
    matplotlib-base:               3.4.3-py39hb07454d_0         conda-forge                                                        
    matplotlib-inline:             0.1.3-pyhd8ed1ab_0           conda-forge                                                        
    more-itertools:                8.9.0-pyhd8ed1ab_0           conda-forge                                                        
    msgpack-python:                1.0.2-py39hf018cea_1         conda-forge                                                        
    natsort:                       7.1.1-pyhd8ed1ab_0           conda-forge                                                        
    ncurses:                       6.2-h2e338ed_4               conda-forge                                                        
    numpy:                         1.21.2-py39h7eed0ac_0        conda-forge                                                        
    olefile:                       0.46-pyh9f0ad1d_1            conda-forge                                                        
    openjpeg:                      2.4.0-h6e7aa92_1             conda-forge                                                        
    openssl:                       1.1.1l-h0d85af4_0            conda-forge                                                        
    packaging:                     21.0-pyhd8ed1ab_0            conda-forge                                                        
    pandas:                        1.3.2-py39h4d6be9b_0         conda-forge                                                        
    parso:                         0.8.2-pyhd8ed1ab_0           conda-forge                                                        
    pexpect:                       4.8.0-pyh9f0ad1d_2           conda-forge                                                        
    pickleshare:                   0.7.5-py39hde42818_1002      conda-forge                                                        
    pillow:                        8.3.2-py39he9bb72f_0         conda-forge                                                        
    pip:                           21.2.4-pyhd8ed1ab_0          conda-forge                                                        
    pluggy:                        0.13.1-py39h6e9494a_4        conda-forge                                                        
    prompt-toolkit:                3.0.20-pyha770c72_0          conda-forge                                                        
    ptyprocess:                    0.7.0-pyhd3deb0d_0           conda-forge                                                        
    py:                            1.10.0-pyhd3deb0d_0          conda-forge                                                        
    pycparser:                     2.20-pyh9f0ad1d_2            conda-forge                                                        
    pygments:                      2.10.0-pyhd8ed1ab_0          conda-forge                                                        
    pyopenssl:                     20.0.1-pyhd8ed1ab_0          conda-forge                                                        
    pyparsing:                     2.4.7-pyh9f0ad1d_0           conda-forge                                                        
    pysocks:                       1.7.1-py39h6e9494a_3         conda-forge                                                        
    pytest:                        6.2.5-py39h6e9494a_0         conda-forge                                                        
    python:                        3.9.7-hd187cdc_0_cpython     conda-forge                                                        
    python-dateutil:               2.8.2-pyhd8ed1ab_0           conda-forge                                                        
    python_abi:                    3.9-2_cp39                   conda-forge                                                        
    pytz:                          2021.1-pyhd8ed1ab_0          conda-forge                                                        
    readline:                      8.1-h05e3726_0               conda-forge                                                        
    requests:                      2.26.0-pyhd8ed1ab_0          conda-forge                                                        
    scikit-bio:                    0.5.6-py39hbaf7cf3_4         conda-forge                                                        
    scikit-learn:                  0.24.2-py39hd2caeff_1        conda-forge                                                        
    scipy:                         1.7.1-py39h056f1c0_0         conda-forge                                                        
    setuptools:                    58.0.4-py39h6e9494a_0        conda-forge                                                        
    six:                           1.16.0-pyh6c4a22f_0          conda-forge                                                        
    sqlite:                        3.36.0-h23a322b_1            conda-forge                                                        
    threadpoolctl:                 2.2.0-pyh8a188c0_0           conda-forge                                                        
    tk:                            8.6.11-h5dbffcc_1            conda-forge                                                        
    toml:                          0.10.2-pyhd8ed1ab_0          conda-forge                                                        
    tornado:                       6.1-py39h89e85a6_1           conda-forge                                                        
    traitlets:                     5.1.0-pyhd8ed1ab_0           conda-forge                                                        
    tzdata:                        2021a-he74cb21_1             conda-forge                                                        
    unifrac:                       0.20.2-py39h6423492_1        file:///var/folders/24/8k48jl6d249_n_qfxwsl6xvm0000gn/T/tmpw_0hmetb
    urllib3:                       1.26.6-pyhd8ed1ab_0          conda-forge                                                        
    wcwidth:                       0.2.5-pyh9f0ad1d_2           conda-forge                                                        
    wheel:                         0.37.0-pyhd8ed1ab_1          conda-forge                                                        
    xz:                            5.2.5-haf1e3a3_1             conda-forge                                                        
    zlib:                          1.2.11-h7795811_1010         conda-forge                                                        
    zstd:                          1.5.0-h582d3a0_0             conda-forge                                                        

Preparing transaction: ...working... done
Verifying transaction: ...working... done
Executing transaction: ...working... done
export PREFIX=/Users/runner/conda/conda-bld/unifrac_1631299628466/_test_env_placehold_placehold_placehold_placehold_placehold_placehold_placehold_placehold_placehold_placehold_placehold_placehold_placehold_placehold_placehold_placehold_placehold_placehold_placehold_p
export SRC_DIR=/Users/runner/conda/conda-bld/unifrac_1631299628466/test_tmp
import: 'unifrac'

Leaving build/test directories:
  Work:
 /Users/runner/conda/conda-bld/work 
  Test:
 /Users/runner/conda/conda-bld/test_tmp 
Leaving build/test environments:
  Test:
source activate  /Users/runner/conda/conda-bld/_test_env_placehold_placehold_placehold_placehold_placehold_placehold_placehold_placehold_placehold_placehold_placehold_placehold_placehold_placehold_placehold_placehold_placehold_placehold_placehold_placehold_placehold_pla 
  Build:
source activate  /Users/runner/conda/conda-bld/_build_env 


