Updating build index: /home/vsts/conda/conda-bld

TEST START: /tmp/tmp5b53rbu0/noarch/vpolo-0.3.0-pyh864c0ab_0.tar.bz2
Reloading output folder: /home/vsts/conda/conda-bld

## Package Plan ##

  environment location: /home/vsts/conda/conda-bld/vpolo_1636864223582/_test_env_placehold_placehold_placehold_placehold_placehold_placehold_placehold_placehold_placehold_placehold_placehold_placehold_placehold_placehold_placehold_placehold_placehold_placehold_placehold_placeh


The following NEW packages will be INSTALLED:

    _libgcc_mutex:    0.1-conda_forge           conda-forge            
    _openmp_mutex:    4.5-1_gnu                 conda-forge            
    bzip2:            1.0.8-h7f98852_4          conda-forge            
    ca-certificates:  2021.10.8-ha878542_0      conda-forge            
    ld_impl_linux-64: 2.36.1-hea4e1c9_2         conda-forge            
    libffi:           3.4.2-h7f98852_5          conda-forge            
    libgcc-ng:        11.2.0-h1d223b6_11        conda-forge            
    libgomp:          11.2.0-h1d223b6_11        conda-forge            
    libnsl:           2.0.0-h7f98852_0          conda-forge            
    libuuid:          2.32.1-h7f98852_1000      conda-forge            
    libzlib:          1.2.11-h36c2ea0_1013      conda-forge            
    ncurses:          6.2-h58526e2_4            conda-forge            
    openssl:          3.0.0-h7f98852_2          conda-forge            
    pip:              21.3.1-pyhd8ed1ab_0       conda-forge            
    python:           3.10.0-h543edf9_2_cpython conda-forge            
    python_abi:       3.10-2_cp310              conda-forge            
    readline:         8.1-h46c0cb4_0            conda-forge            
    setuptools:       58.5.3-py310hff52083_0    conda-forge            
    sqlite:           3.36.0-h9cd32fc_2         conda-forge            
    tk:               8.6.11-h27826a3_1         conda-forge            
    tzdata:           2021e-he74cb21_0          conda-forge            
    vpolo:            0.3.0-pyh864c0ab_0        file:///tmp/tmp5b53rbu0
    wheel:            0.37.0-pyhd8ed1ab_1       conda-forge            
    xz:               5.2.5-h516909a_1          conda-forge            
    zlib:             1.2.11-h36c2ea0_1013      conda-forge            

Preparing transaction: ...working... done
Verifying transaction: ...working... done
Executing transaction: ...working... done
export PREFIX=/home/vsts/conda/conda-bld/vpolo_1636864223582/_test_env_placehold_placehold_placehold_placehold_placehold_placehold_placehold_placehold_placehold_placehold_placehold_placehold_placehold_placehold_placehold_placehold_placehold_placehold_placehold_placeh
export SRC_DIR=/home/vsts/conda/conda-bld/vpolo_1636864223582/test_tmp
import: 'vpolo'
import: 'sce'

Leaving build/test directories:
  Work:
 /home/vsts/conda/conda-bld/work 
  Test:
 /home/vsts/conda/conda-bld/test_tmp 
Leaving build/test environments:
  Test:
source activate  /home/vsts/conda/conda-bld/_test_env_placehold_placehold_placehold_placehold_placehold_placehold_placehold_placehold_placehold_placehold_placehold_placehold_placehold_placehold_placehold_placehold_placehold_placehold_placehold_placehold_placehold_placeh 
  Build:
source activate  /home/vsts/conda/conda-bld/_build_env 


