  Package         Version  Build              Channel                                                                   Size
──────────────────────────────────────────────────────────────────────────────────────────────────────────────────────────────
  Install:
──────────────────────────────────────────────────────────────────────────────────────────────────────────────────────────────

  + gsl               2.6  h71c5fe9_2         conda-forge/osx-64                                                      Cached
  + libblas         3.9.0  11_osx64_openblas  conda-forge/osx-64                                                      Cached
  + libcblas        3.9.0  11_osx64_openblas  conda-forge/osx-64                                                      Cached
  + libcxx         12.0.1  habf9029_0         conda-forge/osx-64                                                      Cached
  + libgfortran     5.0.0  9_3_0_h6c81a4c_23  conda-forge/osx-64                                                      Cached
  + libgfortran5    9.3.0  h6c81a4c_23        conda-forge/osx-64                                                      Cached
  + libopenblas    0.3.17  openmp_h3351f45_1  conda-forge/osx-64                                                      Cached
  + llvm-openmp    12.0.1  hda6cdc1_1         conda-forge/osx-64                                                      Cached
  + mashmap           2.0  h81ab2ce_5         /var/folders/24/8k48jl6d249_n_qfxwsl6xvm0000gn/T/tmpvrla7cuw/osx-64      89 KB
  + openblas       0.3.17  openmp_h12da7db_1  conda-forge/osx-64                                                       10 MB
  + zlib           1.2.11  h7795811_1010      conda-forge/osx-64                                                      Cached

  Summary:

  Install: 11 packages

  Total download: 10 MB

──────────────────────────────────────────────────────────────────────────────────────────────────────────────────────────────

Updating build index: /Users/runner/conda/conda-bld

TEST START: /var/folders/24/8k48jl6d249_n_qfxwsl6xvm0000gn/T/tmpvrla7cuw/osx-64/mashmap-2.0-h81ab2ce_5.tar.bz2

## Package Plan ##

  environment location: /Users/runner/conda/conda-bld/mashmap_1632587352629/_test_env_placehold_placehold_placehold_placehold_placehold_placehold_placehold_placehold_placehold_placehold_placehold_placehold_placehold_placehold_placehold_placehold_placehold_placehold_placehold_p


The following NEW packages will be INSTALLED:

    gsl:          2.6-h71c5fe9_2           conda-forge                                                        
    libblas:      3.9.0-11_osx64_openblas  conda-forge                                                        
    libcblas:     3.9.0-11_osx64_openblas  conda-forge                                                        
    libcxx:       12.0.1-habf9029_0        conda-forge                                                        
    libgfortran:  5.0.0-9_3_0_h6c81a4c_23  conda-forge                                                        
    libgfortran5: 9.3.0-h6c81a4c_23        conda-forge                                                        
    libopenblas:  0.3.17-openmp_h3351f45_1 conda-forge                                                        
    llvm-openmp:  12.0.1-hda6cdc1_1        conda-forge                                                        
    mashmap:      2.0-h81ab2ce_5           file:///var/folders/24/8k48jl6d249_n_qfxwsl6xvm0000gn/T/tmpvrla7cuw
    openblas:     0.3.17-openmp_h12da7db_1 conda-forge                                                        
    zlib:         1.2.11-h7795811_1010     conda-forge                                                        

Preparing transaction: ...working... done
Verifying transaction: ...working... done
Executing transaction: ...working... done
export PREFIX=/Users/runner/conda/conda-bld/mashmap_1632587352629/_test_env_placehold_placehold_placehold_placehold_placehold_placehold_placehold_placehold_placehold_placehold_placehold_placehold_placehold_placehold_placehold_placehold_placehold_placehold_placehold_p
export SRC_DIR=/Users/runner/conda/conda-bld/mashmap_1632587352629/test_tmp

Leaving build/test directories:
  Work:
 /Users/runner/conda/conda-bld/work 
  Test:
 /Users/runner/conda/conda-bld/test_tmp 
Leaving build/test environments:
  Test:
source activate  /Users/runner/conda/conda-bld/_test_env_placehold_placehold_placehold_placehold_placehold_placehold_placehold_placehold_placehold_placehold_placehold_placehold_placehold_placehold_placehold_placehold_placehold_placehold_placehold_placehold_placehold_pla 
  Build:
source activate  /Users/runner/conda/conda-bld/_build_env 


