Updating build index: /home/vsts/conda/conda-bld

TEST START: /tmp/tmpv5s6r8a_/linux-64/protk-1.4.4a-hc9114bc_1.tar.bz2
Reloading output folder: /home/vsts/conda/conda-bld

## Package Plan ##

  environment location: /home/vsts/conda/conda-bld/protk_1636753238142/_test_env_placehold_placehold_placehold_placehold_placehold_placehold_placehold_placehold_placehold_placehold_placehold_placehold_placehold_placehold_placehold_placehold_placehold_placehold_placehold_placeh


The following NEW packages will be INSTALLED:

    _libgcc_mutex:            0.1-conda_forge      conda-forge            
    _openmp_mutex:            4.5-1_gnu            conda-forge            
    bzip2:                    1.0.8-h7f98852_4     conda-forge            
    ca-certificates:          2021.10.8-ha878542_0 conda-forge            
    expat:                    2.4.1-h9c3ff4c_0     conda-forge            
    gdbm:                     1.18-h0a1914f_2      conda-forge            
    gmp:                      6.2.1-h58526e2_0     conda-forge            
    hardklor:                 2.3.2-h1b792b2_1     bioconda               
    icu:                      69.1-h9c3ff4c_0      conda-forge            
    libffi:                   3.4.2-h7f98852_5     conda-forge            
    libgcc:                   4.8.5-2              conda-forge            
    libgcc-ng:                11.2.0-h1d223b6_11   conda-forge            
    libgomp:                  11.2.0-h1d223b6_11   conda-forge            
    libiconv:                 1.16-h516909a_0      conda-forge            
    libstdcxx-ng:             11.2.0-he4da1e4_11   conda-forge            
    libxml2:                  2.9.12-h885dcf4_1    conda-forge            
    libzlib:                  1.2.11-h36c2ea0_1013 conda-forge            
    ncurses:                  6.2-h58526e2_4       conda-forge            
    openssl:                  1.1.1l-h7f98852_0    conda-forge            
    perl:                     5.22.0.1-0           conda-forge            
    perl-apache-test:         1.40-0               bioconda               
    perl-app-cpanminus:       1.7043-pl5.22.0_0    bioconda               
    perl-archive-tar:         2.18-pl5.22.0_2      bioconda               
    perl-carp:                1.38-pl5.22.0_0      bioconda               
    perl-compress-raw-bzip2:  2.069-1              bioconda               
    perl-compress-raw-zlib:   2.069-3              bioconda               
    perl-constant:            1.33-pl5.22.0_0      bioconda               
    perl-data-dumper:         2.161-pl5.22.0_0     bioconda               
    perl-data-optlist:        0.110-0              bioconda               
    perl-devel-symdump:       2.18-pl5.22.0_0      bioconda               
    perl-digest-hmac:         1.03-pl5.22.0_1      bioconda               
    perl-encode-locale:       1.05-pl5.22.0_4      bioconda               
    perl-exporter:            5.72-pl5.22.0_0      bioconda               
    perl-exporter-tiny:       0.042-1              bioconda               
    perl-extutils-makemaker:  7.24-pl5.22.0_1      bioconda               
    perl-file-copy-recursive: 0.38-1               bioconda               
    perl-file-listing:        6.04-0               bioconda               
    perl-file-path:           2.12-pl5.22.0_0      bioconda               
    perl-file-slurp-tiny:     0.004-0              bioconda               
    perl-file-temp:           0.2304-pl5.22.0_0    bioconda               
    perl-findbin-libs:        2.017008-pl522_1     bioconda               
    perl-getopt-long:         2.50-pl5.22.0_0      bioconda               
    perl-html-parser:         3.72-pl5.22.0_1      bioconda               
    perl-html-tagset:         3.20-pl5.22.0_1      bioconda               
    perl-http-cookies:        6.01-0               bioconda               
    perl-http-daemon:         6.01-0               bioconda               
    perl-http-date:           6.02-pl5.22.0_1      bioconda               
    perl-http-message:        6.11-0               bioconda               
    perl-http-negotiate:      6.01-0               bioconda               
    perl-io-compress:         2.069-pl5.22.0_2     bioconda               
    perl-io-html:             1.001-pl5.22.0_1     bioconda               
    perl-io-socket-ssl:       2.024-0              bioconda               
    perl-io-zlib:             1.10-1               bioconda               
    perl-lib:                 0.63-pl5.22.0_0      bioconda               
    perl-libwww-perl:         6.15-0               bioconda               
    perl-list-moreutils:      0.428-pl5.22.0_0     bioconda               
    perl-lwp-mediatypes:      6.02-pl5.22.0_1      bioconda               
    perl-mime-base64:         3.15-pl5.22.0_0      bioconda               
    perl-module-fromperlver:  0.008002-0           bioconda               
    perl-net-http:            6.09-0               bioconda               
    perl-net-ssleay:          1.84-pl5.22.0_0      bioconda               
    perl-ntlm:                1.09-1               bioconda               
    perl-params-util:         1.07-1               bioconda               
    perl-parent:              0.236-pl5.22.0_0     bioconda               
    perl-pathtools:           3.73-h470a237_2      bioconda               
    perl-perl-version:        1.013-0              bioconda               
    perl-scalar-list-utils:   1.45-2               bioconda               
    perl-sub-exporter:        0.987-0              bioconda               
    perl-sub-install:         0.928-0              bioconda               
    perl-test-deep:           1.120-1              bioconda               
    perl-test-more:           1.001002-pl5.22.0_0  bioconda               
    perl-test-simple:         1.302075-pl5.22.0_0  bioconda               
    perl-test2:               1.302075-pl5.22.0_0  bioconda               
    perl-threaded:            5.26.0-0             bioconda               
    perl-uri:                 1.71-pl5.22.0_1      bioconda               
    perl-version-next:        1.000-0              bioconda               
    perl-www-robotrules:      6.02-0               bioconda               
    perl-xml-parser:          2.44-4               bioconda               
    perl-xsloader:            0.22-pl5.22.0_0      bioconda               
    protk:                    1.4.4a-hc9114bc_1    file:///tmp/tmpv5s6r8a_
    readline:                 8.1-h46c0cb4_0       conda-forge            
    ruby:                     2.7.2-h86e321c_6     conda-forge            
    tpp:                      5.0.0-pl5.22.0_0     bioconda               
    xz:                       5.2.5-h516909a_1     conda-forge            
    yaml:                     0.2.5-h516909a_0     conda-forge            
    zlib:                     1.2.11-h36c2ea0_1013 conda-forge            

Preparing transaction: ...working... done
Verifying transaction: ...working... done
Executing transaction: ...working... done
export PREFIX=/home/vsts/conda/conda-bld/protk_1636753238142/_test_env_placehold_placehold_placehold_placehold_placehold_placehold_placehold_placehold_placehold_placehold_placehold_placehold_placehold_placehold_placehold_placehold_placehold_placehold_placehold_placeh
export SRC_DIR=/home/vsts/conda/conda-bld/protk_1636753238142/test_tmp

Leaving build/test directories:
  Work:
 /home/vsts/conda/conda-bld/work 
  Test:
 /home/vsts/conda/conda-bld/test_tmp 
Leaving build/test environments:
  Test:
source activate  /home/vsts/conda/conda-bld/_test_env_placehold_placehold_placehold_placehold_placehold_placehold_placehold_placehold_placehold_placehold_placehold_placehold_placehold_placehold_placehold_placehold_placehold_placehold_placehold_placehold_placehold_placeh 
  Build:
source activate  /home/vsts/conda/conda-bld/_build_env 


