Updating build index: /home/vsts/conda/conda-bld

TEST START: /tmp/tmp9qzpt3jb/linux-64/visitor-0.1.3-py35_0.tar.bz2
Adding in variants from internal_defaults
Reloading output folder: /home/vsts/conda/conda-bld
Mamba failed to solve:
 - visitor 0.1.3.* py39_0
 - python
 - python

with channels:
 - file:///tmp/tmp9qzpt3jb

The reported errors are:
- Encountered problems while solving:
-   - nothing provides requested visitor 0.1.3.* py39_0
- 

Leaving build/test directories:
  Work:
 /home/vsts/conda/conda-bld/work 
  Test:
 /home/vsts/conda/conda-bld/test_tmp 
Leaving build/test environments:
  Test:
source activate  /home/vsts/conda/conda-bld/_test_env_placehold_placehold_placehold_placehold_placehold_placehold_placehold_placehold_placehold_placehold_placehold_placehold_placehold_placehold_placehold_placehold_placehold_placehold_placehold_placehold_placehold_placeh 
  Build:
source activate  /home/vsts/conda/conda-bld/_build_env 


