Updating build index: /home/vsts/conda/conda-bld

TEST START: /tmp/tmpehd4ulle/linux-64/npyscreen-4.10.5-ncurses5.9_0.tar.bz2
Adding in variants from internal_defaults
Reloading output folder: /home/vsts/conda/conda-bld

## Package Plan ##

  environment location: /home/vsts/conda/conda-bld/npyscreen_1636545289367/_test_env_placehold_placehold_placehold_placehold_placehold_placehold_placehold_placehold_placehold_placehold_placehold_placehold_placehold_placehold_placehold_placehold_placehold_placehold_placehold_pl


The following NEW packages will be INSTALLED:

    _libgcc_mutex:   0.1-conda_forge           conda-forge            
    _openmp_mutex:   4.5-1_gnu                 conda-forge            
    ca-certificates: 2021.10.8-ha878542_0      conda-forge            
    certifi:         2019.11.28-py27h8c360ce_1 conda-forge            
    libedit:         3.1.20170329-0            conda-forge            
    libffi:          3.2.1-he1b5a44_1007       conda-forge            
    libgcc-ng:       11.2.0-h1d223b6_11        conda-forge            
    libgomp:         11.2.0-h1d223b6_11        conda-forge            
    libstdcxx-ng:    11.2.0-he4da1e4_11        conda-forge            
    libzlib:         1.2.11-h36c2ea0_1013      conda-forge            
    ncurses:         5.9-10                    conda-forge            
    npyscreen:       4.10.5-ncurses5.9_0       file:///tmp/tmpehd4ulle
    openssl:         1.1.1l-h7f98852_0         conda-forge            
    pip:             20.1.1-pyh9f0ad1d_0       conda-forge            
    python:          2.7.15-h721da81_1008      conda-forge            
    python_abi:      2.7-1_cp27mu              conda-forge            
    readline:        7.0-0                     conda-forge            
    setuptools:      44.0.0-py27_0             conda-forge            
    sqlite:          3.26.0-h7b6447c_0                                
    tk:              8.6.11-h27826a3_1         conda-forge            
    wheel:           0.37.0-pyhd8ed1ab_1       conda-forge            
    zlib:            1.2.11-h36c2ea0_1013      conda-forge            

Preparing transaction: ...working... done
Verifying transaction: ...working... done
Executing transaction: ...working... done
export PREFIX=/home/vsts/conda/conda-bld/npyscreen_1636545289367/_test_env_placehold_placehold_placehold_placehold_placehold_placehold_placehold_placehold_placehold_placehold_placehold_placehold_placehold_placehold_placehold_placehold_placehold_placehold_placehold_pl
export SRC_DIR=/home/vsts/conda/conda-bld/npyscreen_1636545289367/test_tmp
import: 'npyscreen'

Leaving build/test directories:
  Work:
 /home/vsts/conda/conda-bld/work 
  Test:
 /home/vsts/conda/conda-bld/test_tmp 
Leaving build/test environments:
  Test:
source activate  /home/vsts/conda/conda-bld/_test_env_placehold_placehold_placehold_placehold_placehold_placehold_placehold_placehold_placehold_placehold_placehold_placehold_placehold_placehold_placehold_placehold_placehold_placehold_placehold_placehold_placehold_placeh 
  Build:
source activate  /home/vsts/conda/conda-bld/_build_env 


