Updating build index: /Users/runner/conda/conda-bld

TEST START: /var/folders/24/8k48jl6d249_n_qfxwsl6xvm0000gn/T/tmp39sauhdy/osx-64/npyscreen-4.10.5-ncurses5.9_0.tar.bz2
Adding in variants from internal_defaults
Reloading output folder: /Users/runner/conda/conda-bld
  Package                 Version  Build           Channel                                                                   Size
───────────────────────────────────────────────────────────────────────────────────────────────────────────────────────────────────
  Install:
───────────────────────────────────────────────────────────────────────────────────────────────────────────────────────────────────

  + ca-certificates     2021.10.8  h033912b_0      conda-forge/osx-64                                                      Cached
  + certifi            2019.11.28  py27h8c360ce_1  conda-forge/osx-64                                                      149 KB
  + libcxx                 12.0.1  habf9029_0      conda-forge/osx-64                                                      Cached
  + libedit          3.1.20170329  0               conda-forge/osx-64                                                      155 KB
  + libffi                  3.2.1  hb1e8313_1007   conda-forge/osx-64                                                       42 KB
  + libzlib                1.2.11  h9173be1_1013   conda-forge/osx-64                                                      Cached
  + ncurses                   5.9  10              conda-forge/osx-64                                                        1 MB
  + npyscreen              4.10.5  ncurses5.9_0    /var/folders/24/8k48jl6d249_n_qfxwsl6xvm0000gn/T/tmp39sauhdy/osx-64     133 KB
  + openssl                1.1.1l  h0d85af4_0      conda-forge/osx-64                                                      Cached
  + pip                    20.1.1  pyh9f0ad1d_0    conda-forge/noarch                                                        1 MB
  + python                 2.7.15  h932b40d_1008   conda-forge/osx-64                                                       12 MB
  + python_abi                2.7  1_cp27m         conda-forge/osx-64                                                        4 KB
  + readline                  7.0  0               conda-forge/osx-64                                                      383 KB
  + setuptools             44.0.0  py27_0          conda-forge/osx-64                                                      649 KB
  + sqlite                 3.26.0  ha441bb4_0      pkgs/main/osx-64                                                          1 MB
  + tk                     8.6.11  h5dbffcc_1      conda-forge/osx-64                                                      Cached
  + wheel                  0.37.0  pyhd8ed1ab_1    conda-forge/noarch                                                      Cached
  + zlib                   1.2.11  h9173be1_1013   conda-forge/osx-64                                                      Cached

  Summary:

  Install: 18 packages

  Total download: 17 MB

───────────────────────────────────────────────────────────────────────────────────────────────────────────────────────────────────


## Package Plan ##

  environment location: /Users/runner/conda/conda-bld/npyscreen_1635512039787/_test_env_placehold_placehold_placehold_placehold_placehold_placehold_placehold_placehold_placehold_placehold_placehold_placehold_placehold_placehold_placehold_placehold_placehold_placehold_placehold


The following NEW packages will be INSTALLED:

    ca-certificates: 2021.10.8-h033912b_0      conda-forge                                                        
    certifi:         2019.11.28-py27h8c360ce_1 conda-forge                                                        
    libcxx:          12.0.1-habf9029_0         conda-forge                                                        
    libedit:         3.1.20170329-0            conda-forge                                                        
    libffi:          3.2.1-hb1e8313_1007       conda-forge                                                        
    libzlib:         1.2.11-h9173be1_1013      conda-forge                                                        
    ncurses:         5.9-10                    conda-forge                                                        
    npyscreen:       4.10.5-ncurses5.9_0       file:///var/folders/24/8k48jl6d249_n_qfxwsl6xvm0000gn/T/tmp39sauhdy
    openssl:         1.1.1l-h0d85af4_0         conda-forge                                                        
    pip:             20.1.1-pyh9f0ad1d_0       conda-forge                                                        
    python:          2.7.15-h932b40d_1008      conda-forge                                                        
    python_abi:      2.7-1_cp27m               conda-forge                                                        
    readline:        7.0-0                     conda-forge                                                        
    setuptools:      44.0.0-py27_0             conda-forge                                                        
    sqlite:          3.26.0-ha441bb4_0                                                                            
    tk:              8.6.11-h5dbffcc_1         conda-forge                                                        
    wheel:           0.37.0-pyhd8ed1ab_1       conda-forge                                                        
    zlib:            1.2.11-h9173be1_1013      conda-forge                                                        

Preparing transaction: ...working... done
Verifying transaction: ...working... done
Executing transaction: ...working... done
export PREFIX=/Users/runner/conda/conda-bld/npyscreen_1635512039787/_test_env_placehold_placehold_placehold_placehold_placehold_placehold_placehold_placehold_placehold_placehold_placehold_placehold_placehold_placehold_placehold_placehold_placehold_placehold_placehold
export SRC_DIR=/Users/runner/conda/conda-bld/npyscreen_1635512039787/test_tmp
import: 'npyscreen'

Leaving build/test directories:
  Work:
 /Users/runner/conda/conda-bld/work 
  Test:
 /Users/runner/conda/conda-bld/test_tmp 
Leaving build/test environments:
  Test:
source activate  /Users/runner/conda/conda-bld/_test_env_placehold_placehold_placehold_placehold_placehold_placehold_placehold_placehold_placehold_placehold_placehold_placehold_placehold_placehold_placehold_placehold_placehold_placehold_placehold_placehold_placehold_pla 
  Build:
source activate  /Users/runner/conda/conda-bld/_build_env 


