Updating build index: /home/vsts/conda/conda-bld

TEST START: /tmp/tmptjwl16zv/linux-64/perl-moosex-object-pluggable-0.0014-pl526_0.tar.bz2
Adding in variants from internal_defaults
Adding in variants from /tmp/tmpzo4n6s5f/info/recipe/conda_build_config.yaml
Reloading output folder: /home/vsts/conda/conda-bld

## Package Plan ##

  environment location: /home/vsts/conda/conda-bld/perl-moosex-object-pluggable_1636640139554/_test_env_placehold_placehold_placehold_placehold_placehold_placehold_placehold_placehold_placehold_placehold_placehold_placehold_placehold_placehold_placehold_placehold_placehold_pla


The following NEW packages will be INSTALLED:

    _libgcc_mutex:                   0.1-conda_forge        conda-forge            
    _openmp_mutex:                   4.5-1_gnu              conda-forge            
    libgcc-ng:                       11.2.0-h1d223b6_11     conda-forge            
    libgomp:                         11.2.0-h1d223b6_11     conda-forge            
    libstdcxx-ng:                    11.2.0-he4da1e4_11     conda-forge            
    perl:                            5.26.2-h36c2ea0_1008   conda-forge            
    perl-apache-test:                1.40-pl526_1           bioconda               
    perl-app-cpanminus:              1.7044-pl526_1         bioconda               
    perl-b-hooks-endofscope:         0.21-pl526h6bb024c_4   bioconda               
    perl-base:                       2.23-pl526_1           bioconda               
    perl-carp:                       1.38-pl526_3           bioconda               
    perl-class-load:                 0.25-pl526_0           bioconda               
    perl-class-load-xs:              0.10-pl526h6bb024c_2   bioconda               
    perl-constant:                   1.33-pl526_1           bioconda               
    perl-data-optlist:               0.110-pl526_2          bioconda               
    perl-devel-globaldestruction:    0.14-pl526_0           bioconda               
    perl-devel-overloadinfo:         0.005-pl526_0          bioconda               
    perl-devel-stacktrace:           2.04-pl526_0           bioconda               
    perl-dist-checkconflicts:        0.11-pl526_2           bioconda               
    perl-eval-closure:               0.14-pl526h6bb024c_4   bioconda               
    perl-exporter:                   5.72-pl526_1           bioconda               
    perl-extutils-makemaker:         7.36-pl526_1           bioconda               
    perl-getopt-long:                2.50-pl526_1           bioconda               
    perl-module-implementation:      0.09-pl526_2           bioconda               
    perl-module-runtime:             0.016-pl526_1          bioconda               
    perl-module-runtime-conflicts:   0.003-pl526_0          bioconda               
    perl-moose:                      2.2011-pl526hf484d3e_1 bioconda               
    perl-moosex-object-pluggable:    0.0014-pl526_0         file:///tmp/tmptjwl16zv
    perl-mro-compat:                 0.13-pl526_0           bioconda               
    perl-namespace-autoclean:        0.28-pl526h2d50403_2   bioconda               
    perl-namespace-clean:            0.27-pl526h6bb024c_3   bioconda               
    perl-package-deprecationmanager: 0.17-pl526_0           bioconda               
    perl-package-stash:              0.38-pl526hf484d3e_1   bioconda               
    perl-package-stash-xs:           0.28-pl526hf484d3e_1   bioconda               
    perl-params-util:                1.07-pl526h6bb024c_4   bioconda               
    perl-parent:                     0.236-pl526_1          bioconda               
    perl-pathtools:                  3.75-pl526h14c3975_1   bioconda               
    perl-scalar-list-utils:          1.52-pl526h516909a_0   bioconda               
    perl-sub-exporter:               0.987-pl526_2          bioconda               
    perl-sub-exporter-progressive:   0.001013-pl526_0       bioconda               
    perl-sub-identify:               0.14-pl526h14c3975_0   bioconda               
    perl-sub-install:                0.928-pl526_2          bioconda               
    perl-sub-name:                   0.21-pl526_1           bioconda               
    perl-try-tiny:                   0.30-pl526_1           bioconda               
    perl-variable-magic:             0.61-pl526_1           bioconda               
    perl-xsloader:                   0.24-pl526_0           bioconda               

Preparing transaction: ...working... done
Verifying transaction: ...working... done
Executing transaction: ...working... done
export PREFIX=/home/vsts/conda/conda-bld/perl-moosex-object-pluggable_1636640139554/_test_env_placehold_placehold_placehold_placehold_placehold_placehold_placehold_placehold_placehold_placehold_placehold_placehold_placehold_placehold_placehold_placehold_placehold_pla
export SRC_DIR=/home/vsts/conda/conda-bld/perl-moosex-object-pluggable_1636640139554/test_tmp

Leaving build/test directories:
  Work:
 /home/vsts/conda/conda-bld/work 
  Test:
 /home/vsts/conda/conda-bld/test_tmp 
Leaving build/test environments:
  Test:
source activate  /home/vsts/conda/conda-bld/_test_env_placehold_placehold_placehold_placehold_placehold_placehold_placehold_placehold_placehold_placehold_placehold_placehold_placehold_placehold_placehold_placehold_placehold_placehold_placehold_placehold_placehold_placeh 
  Build:
source activate  /home/vsts/conda/conda-bld/_build_env 


