Updating build index: /Users/runner/conda/conda-bld

TEST START: /var/folders/24/8k48jl6d249_n_qfxwsl6xvm0000gn/T/tmpsxjwsuvw/osx-64/perl-moosex-object-pluggable-0.0014-pl526_0.tar.bz2
Adding in variants from internal_defaults
Adding in variants from /var/folders/24/8k48jl6d249_n_qfxwsl6xvm0000gn/T/tmpy5e77olw/info/recipe/conda_build_config.yaml
Reloading output folder: /Users/runner/conda/conda-bld

## Package Plan ##

  environment location: /Users/runner/conda/conda-bld/perl-moosex-object-pluggable_1636640444701/_test_env_placehold_placehold_placehold_placehold_placehold_placehold_placehold_placehold_placehold_placehold_placehold_placehold_placehold_placehold_placehold_placehold_placehold_


The following NEW packages will be INSTALLED:

    libcxx:                          12.0.1-habf9029_0      conda-forge                                                        
    perl:                            5.26.2-hbcb3906_1008   conda-forge                                                        
    perl-apache-test:                1.40-pl526_1           bioconda                                                           
    perl-app-cpanminus:              1.7044-pl526_1         bioconda                                                           
    perl-b-hooks-endofscope:         0.21-pl526h04f5b5a_4   bioconda                                                           
    perl-base:                       2.23-pl526_1           bioconda                                                           
    perl-carp:                       1.38-pl526_3           bioconda                                                           
    perl-class-load:                 0.25-pl526_0           bioconda                                                           
    perl-class-load-xs:              0.10-pl526h04f5b5a_2   bioconda                                                           
    perl-constant:                   1.33-pl526_1           bioconda                                                           
    perl-data-optlist:               0.110-pl526_2          bioconda                                                           
    perl-devel-globaldestruction:    0.14-pl526_0           bioconda                                                           
    perl-devel-overloadinfo:         0.005-pl526_0          bioconda                                                           
    perl-devel-stacktrace:           2.04-pl526_0           bioconda                                                           
    perl-dist-checkconflicts:        0.11-pl526_2           bioconda                                                           
    perl-eval-closure:               0.14-pl526h04f5b5a_4   bioconda                                                           
    perl-exporter:                   5.72-pl526_1           bioconda                                                           
    perl-extutils-makemaker:         7.36-pl526_1           bioconda                                                           
    perl-getopt-long:                2.50-pl526_1           bioconda                                                           
    perl-module-implementation:      0.09-pl526_2           bioconda                                                           
    perl-module-runtime:             0.016-pl526_1          bioconda                                                           
    perl-module-runtime-conflicts:   0.003-pl526_0          bioconda                                                           
    perl-moose:                      2.2011-pl526h0a44026_1 bioconda                                                           
    perl-moosex-object-pluggable:    0.0014-pl526_0         file:///var/folders/24/8k48jl6d249_n_qfxwsl6xvm0000gn/T/tmpsxjwsuvw
    perl-mro-compat:                 0.13-pl526_0           bioconda                                                           
    perl-namespace-autoclean:        0.28-pl526h2d50403_2   bioconda                                                           
    perl-namespace-clean:            0.27-pl526h04f5b5a_3   bioconda                                                           
    perl-package-deprecationmanager: 0.17-pl526_0           bioconda                                                           
    perl-package-stash:              0.38-pl526h0a44026_1   bioconda                                                           
    perl-package-stash-xs:           0.28-pl526h0a44026_1   bioconda                                                           
    perl-params-util:                1.07-pl526h04f5b5a_4   bioconda                                                           
    perl-parent:                     0.236-pl526_1          bioconda                                                           
    perl-pathtools:                  3.75-pl526h1de35cc_1   bioconda                                                           
    perl-scalar-list-utils:          1.52-pl526h01d97ff_0   bioconda                                                           
    perl-sub-exporter:               0.987-pl526_2          bioconda                                                           
    perl-sub-exporter-progressive:   0.001013-pl526_0       bioconda                                                           
    perl-sub-identify:               0.14-pl526h1de35cc_0   bioconda                                                           
    perl-sub-install:                0.928-pl526_2          bioconda                                                           
    perl-sub-name:                   0.21-pl526_1           bioconda                                                           
    perl-try-tiny:                   0.30-pl526_1           bioconda                                                           
    perl-variable-magic:             0.61-pl526_1           bioconda                                                           
    perl-xsloader:                   0.24-pl526_0           bioconda                                                           

Preparing transaction: ...working... done
Verifying transaction: ...working... done
Executing transaction: ...working... done
export PREFIX=/Users/runner/conda/conda-bld/perl-moosex-object-pluggable_1636640444701/_test_env_placehold_placehold_placehold_placehold_placehold_placehold_placehold_placehold_placehold_placehold_placehold_placehold_placehold_placehold_placehold_placehold_placehold_
export SRC_DIR=/Users/runner/conda/conda-bld/perl-moosex-object-pluggable_1636640444701/test_tmp

Leaving build/test directories:
  Work:
 /Users/runner/conda/conda-bld/work 
  Test:
 /Users/runner/conda/conda-bld/test_tmp 
Leaving build/test environments:
  Test:
source activate  /Users/runner/conda/conda-bld/_test_env_placehold_placehold_placehold_placehold_placehold_placehold_placehold_placehold_placehold_placehold_placehold_placehold_placehold_placehold_placehold_placehold_placehold_placehold_placehold_placehold_placehold_pla 
  Build:
source activate  /Users/runner/conda/conda-bld/_build_env 


