Updating build index: /Users/runner/conda/conda-bld

TEST START: /var/folders/24/8k48jl6d249_n_qfxwsl6xvm0000gn/T/tmpvzjomzw_/osx-64/fiji-20170530-1.tar.bz2
Adding in variants from internal_defaults
Adding in variants from /var/folders/24/8k48jl6d249_n_qfxwsl6xvm0000gn/T/tmp2n1qz98r/info/recipe/conda_build_config.yaml
  Package     Version  Build          Channel                                                                   Size
──────────────────────────────────────────────────────────────────────────────────────────────────────────────────────
  Install:
──────────────────────────────────────────────────────────────────────────────────────────────────────────────────────

  + fiji     20170530  1              /var/folders/24/8k48jl6d249_n_qfxwsl6xvm0000gn/T/tmpvzjomzw_/osx-64     209 MB
  + libcxx     12.0.1  habf9029_0     conda-forge/osx-64                                                      Cached
  + openjdk  11.0.9.1  hcf210ce_1     conda-forge/osx-64                                                      169 MB
  + zlib       1.2.11  h7795811_1010  conda-forge/osx-64                                                      Cached

  Summary:

  Install: 4 packages

  Total download: 378 MB

──────────────────────────────────────────────────────────────────────────────────────────────────────────────────────


## Package Plan ##

  environment location: /Users/runner/conda/conda-bld/fiji_1632602673351/_test_env_placehold_placehold_placehold_placehold_placehold_placehold_placehold_placehold_placehold_placehold_placehold_placehold_placehold_placehold_placehold_placehold_placehold_placehold_placehold_plac


The following NEW packages will be INSTALLED:

    fiji:    20170530-1           file:///var/folders/24/8k48jl6d249_n_qfxwsl6xvm0000gn/T/tmpvzjomzw_
    libcxx:  12.0.1-habf9029_0    conda-forge                                                        
    openjdk: 11.0.9.1-hcf210ce_1  conda-forge                                                        
    zlib:    1.2.11-h7795811_1010 conda-forge                                                        

Preparing transaction: ...working... done
Verifying transaction: ...working... done
Executing transaction: ...working... done
export PREFIX=/Users/runner/conda/conda-bld/fiji_1632602673351/_test_env_placehold_placehold_placehold_placehold_placehold_placehold_placehold_placehold_placehold_placehold_placehold_placehold_placehold_placehold_placehold_placehold_placehold_placehold_placehold_plac
export SRC_DIR=/Users/runner/conda/conda-bld/fiji_1632602673351/test_tmp

Leaving build/test directories:
  Work:
 /Users/runner/conda/conda-bld/work 
  Test:
 /Users/runner/conda/conda-bld/test_tmp 
Leaving build/test environments:
  Test:
source activate  /Users/runner/conda/conda-bld/_test_env_placehold_placehold_placehold_placehold_placehold_placehold_placehold_placehold_placehold_placehold_placehold_placehold_placehold_placehold_placehold_placehold_placehold_placehold_placehold_placehold_placehold_pla 
  Build:
source activate  /Users/runner/conda/conda-bld/_build_env 


