Updating build index: /Users/runner/conda/conda-bld

TEST START: /var/folders/24/8k48jl6d249_n_qfxwsl6xvm0000gn/T/tmpsrr6a15p/osx-64/perl-dbm-deep-2.0013-0.tar.bz2
Adding in variants from internal_defaults
Reloading output folder: /Users/runner/conda/conda-bld

## Package Plan ##

  environment location: /Users/runner/conda/conda-bld/perl-dbm-deep_1636523709282/_test_env_placehold_placehold_placehold_placehold_placehold_placehold_placehold_placehold_placehold_placehold_placehold_placehold_placehold_placehold_placehold_placehold_placehold_placehold_place


The following NEW packages will be INSTALLED:

    perl:                   5.26.2-hbcb3906_1008 conda-forge                                                        
    perl-dbi:               1.642-pl526_0        bioconda                                                           
    perl-dbm-deep:          2.0013-0             file:///var/folders/24/8k48jl6d249_n_qfxwsl6xvm0000gn/T/tmpsrr6a15p
    perl-digest-md5:        2.55-pl526_0         bioconda                                                           
    perl-scalar-list-utils: 1.52-pl526h01d97ff_0 bioconda                                                           
    perl-threaded:          5.26.0-0             bioconda                                                           

Preparing transaction: ...working... done
Verifying transaction: ...working... done
Executing transaction: ...working... done
export PREFIX=/Users/runner/conda/conda-bld/perl-dbm-deep_1636523709282/_test_env_placehold_placehold_placehold_placehold_placehold_placehold_placehold_placehold_placehold_placehold_placehold_placehold_placehold_placehold_placehold_placehold_placehold_placehold_place
export SRC_DIR=/Users/runner/conda/conda-bld/perl-dbm-deep_1636523709282/test_tmp

Leaving build/test directories:
  Work:
 /Users/runner/conda/conda-bld/work 
  Test:
 /Users/runner/conda/conda-bld/test_tmp 
Leaving build/test environments:
  Test:
source activate  /Users/runner/conda/conda-bld/_test_env_placehold_placehold_placehold_placehold_placehold_placehold_placehold_placehold_placehold_placehold_placehold_placehold_placehold_placehold_placehold_placehold_placehold_placehold_placehold_placehold_placehold_pla 
  Build:
source activate  /Users/runner/conda/conda-bld/_build_env 


