Updating build index: /Users/runner/conda/conda-bld

TEST START: /var/folders/24/8k48jl6d249_n_qfxwsl6xvm0000gn/T/tmpqsevmxj2/noarch/spectacle-1.4-hdfd78af_3.tar.bz2
Reloading output folder: /Users/runner/conda/conda-bld
  Package              Version  Build               Channel                                                                   Size
────────────────────────────────────────────────────────────────────────────────────────────────────────────────────────────────────
  Install:
────────────────────────────────────────────────────────────────────────────────────────────────────────────────────────────────────

  + ca-certificates  2021.10.8  h033912b_0          conda-forge/osx-64                                                      Cached
  + libblas              3.9.0  12_osx64_openblas   conda-forge/osx-64                                                      Cached
  + libcblas             3.9.0  12_osx64_openblas   conda-forge/osx-64                                                      Cached
  + libcxx              12.0.1  habf9029_0          conda-forge/osx-64                                                      Cached
  + libffi               3.4.2  he49afe7_4          conda-forge/osx-64                                                      Cached
  + libgfortran          5.0.0  9_3_0_h6c81a4c_23   conda-forge/osx-64                                                      Cached
  + libgfortran5         9.3.0  h6c81a4c_23         conda-forge/osx-64                                                      Cached
  + liblapack            3.9.0  12_osx64_openblas   conda-forge/osx-64                                                      Cached
  + libopenblas         0.3.18  openmp_h3351f45_0   conda-forge/osx-64                                                      Cached
  + libzlib             1.2.11  h9173be1_1013       conda-forge/osx-64                                                      Cached
  + llvm-openmp         12.0.1  hda6cdc1_1          conda-forge/osx-64                                                      Cached
  + ncurses                6.2  h2e338ed_4          conda-forge/osx-64                                                      Cached
  + numpy               1.21.3  py39h7eed0ac_0      conda-forge/osx-64                                                        6 MB
  + openjdk           11.0.9.1  hcf210ce_1          conda-forge/osx-64                                                      169 MB
  + openssl              3.0.0  h0d85af4_1          conda-forge/osx-64                                                      Cached
  + pip                 21.3.1  pyhd8ed1ab_0        conda-forge/noarch                                                      Cached
  + python               3.9.7  h38b4d05_3_cpython  conda-forge/osx-64                                                       13 MB
  + python_abi             3.9  2_cp39              conda-forge/osx-64                                                      Cached
  + readline               8.1  h05e3726_0          conda-forge/osx-64                                                      Cached
  + scipy                1.7.1  py39h056f1c0_0      conda-forge/osx-64                                                       20 MB
  + setuptools          58.3.0  py39h6e9494a_0      conda-forge/osx-64                                                      Cached
  + spectacle              1.4  hdfd78af_3          /var/folders/24/8k48jl6d249_n_qfxwsl6xvm0000gn/T/tmpqsevmxj2/noarch       2 MB
  + sqlite              3.36.0  h23a322b_2          conda-forge/osx-64                                                      Cached
  + tk                  8.6.11  h5dbffcc_1          conda-forge/osx-64                                                      Cached
  + tzdata               2021e  he74cb21_0          conda-forge/noarch                                                      Cached
  + unzip                  6.0  hbcf498f_2          conda-forge/osx-64                                                      149 KB
  + wheel               0.37.0  pyhd8ed1ab_1        conda-forge/noarch                                                      Cached
  + xz                   5.2.5  haf1e3a3_1          conda-forge/osx-64                                                      Cached
  + zlib                1.2.11  h9173be1_1013       conda-forge/osx-64                                                      Cached

  Summary:

  Install: 29 packages

  Total download: 209 MB

────────────────────────────────────────────────────────────────────────────────────────────────────────────────────────────────────


## Package Plan ##

  environment location: /Users/runner/conda/conda-bld/spectacle_1635529635273/_test_env_placehold_placehold_placehold_placehold_placehold_placehold_placehold_placehold_placehold_placehold_placehold_placehold_placehold_placehold_placehold_placehold_placehold_placehold_placehold


The following NEW packages will be INSTALLED:

    ca-certificates: 2021.10.8-h033912b_0     conda-forge                                                        
    libblas:         3.9.0-12_osx64_openblas  conda-forge                                                        
    libcblas:        3.9.0-12_osx64_openblas  conda-forge                                                        
    libcxx:          12.0.1-habf9029_0        conda-forge                                                        
    libffi:          3.4.2-he49afe7_4         conda-forge                                                        
    libgfortran:     5.0.0-9_3_0_h6c81a4c_23  conda-forge                                                        
    libgfortran5:    9.3.0-h6c81a4c_23        conda-forge                                                        
    liblapack:       3.9.0-12_osx64_openblas  conda-forge                                                        
    libopenblas:     0.3.18-openmp_h3351f45_0 conda-forge                                                        
    libzlib:         1.2.11-h9173be1_1013     conda-forge                                                        
    llvm-openmp:     12.0.1-hda6cdc1_1        conda-forge                                                        
    ncurses:         6.2-h2e338ed_4           conda-forge                                                        
    numpy:           1.21.3-py39h7eed0ac_0    conda-forge                                                        
    openjdk:         11.0.9.1-hcf210ce_1      conda-forge                                                        
    openssl:         3.0.0-h0d85af4_1         conda-forge                                                        
    pip:             21.3.1-pyhd8ed1ab_0      conda-forge                                                        
    python:          3.9.7-h38b4d05_3_cpython conda-forge                                                        
    python_abi:      3.9-2_cp39               conda-forge                                                        
    readline:        8.1-h05e3726_0           conda-forge                                                        
    scipy:           1.7.1-py39h056f1c0_0     conda-forge                                                        
    setuptools:      58.3.0-py39h6e9494a_0    conda-forge                                                        
    spectacle:       1.4-hdfd78af_3           file:///var/folders/24/8k48jl6d249_n_qfxwsl6xvm0000gn/T/tmpqsevmxj2
    sqlite:          3.36.0-h23a322b_2        conda-forge                                                        
    tk:              8.6.11-h5dbffcc_1        conda-forge                                                        
    tzdata:          2021e-he74cb21_0         conda-forge                                                        
    unzip:           6.0-hbcf498f_2           conda-forge                                                        
    wheel:           0.37.0-pyhd8ed1ab_1      conda-forge                                                        
    xz:              5.2.5-haf1e3a3_1         conda-forge                                                        
    zlib:            1.2.11-h9173be1_1013     conda-forge                                                        

Preparing transaction: ...working... done
Verifying transaction: ...working... done
Executing transaction: ...working... done
export PREFIX=/Users/runner/conda/conda-bld/spectacle_1635529635273/_test_env_placehold_placehold_placehold_placehold_placehold_placehold_placehold_placehold_placehold_placehold_placehold_placehold_placehold_placehold_placehold_placehold_placehold_placehold_placehold
export SRC_DIR=/Users/runner/conda/conda-bld/spectacle_1635529635273/test_tmp

Leaving build/test directories:
  Work:
 /Users/runner/conda/conda-bld/work 
  Test:
 /Users/runner/conda/conda-bld/test_tmp 
Leaving build/test environments:
  Test:
source activate  /Users/runner/conda/conda-bld/_test_env_placehold_placehold_placehold_placehold_placehold_placehold_placehold_placehold_placehold_placehold_placehold_placehold_placehold_placehold_placehold_placehold_placehold_placehold_placehold_placehold_placehold_pla 
  Build:
source activate  /Users/runner/conda/conda-bld/_build_env 


