Updating build index: /home/vsts/conda/conda-bld

TEST START: /tmp/tmpkvs751pa/noarch/nglview-3.0.3-pyh8a188c0_0.tar.bz2
Reloading output folder: /home/vsts/conda/conda-bld
  Package                            Version  Build                Channel                       Size
───────────────────────────────────────────────────────────────────────────────────────────────────────
  Install:
───────────────────────────────────────────────────────────────────────────────────────────────────────

  + _libgcc_mutex                        0.1  conda_forge          conda-forge/linux-64        Cached
  + _openmp_mutex                        4.5  1_gnu                conda-forge/linux-64        Cached
  + argon2-cffi                       21.1.0  py39h3811e60_0       conda-forge/linux-64         46 KB
  + async_generator                     1.10  py_0                 conda-forge/noarch           18 KB
  + attrs                             21.2.0  pyhd8ed1ab_0         conda-forge/noarch          Cached
  + backcall                           0.2.0  pyh9f0ad1d_0         conda-forge/noarch           13 KB
  + backports                            1.0  py_2                 conda-forge/noarch          Cached
  + backports.functools_lru_cache      1.6.4  pyhd8ed1ab_0         conda-forge/noarch          Cached
  + bleach                             4.1.0  pyhd8ed1ab_0         conda-forge/noarch          121 KB
  + ca-certificates                2021.10.8  ha878542_0           conda-forge/linux-64        Cached
  + cffi                              1.14.6  py39h4bc2ebd_1       conda-forge/linux-64        Cached
  + debugpy                            1.4.1  py39he80948d_0       conda-forge/linux-64          2 MB
  + decorator                          5.1.0  pyhd8ed1ab_0         conda-forge/noarch           11 KB
  + defusedxml                         0.7.1  pyhd8ed1ab_0         conda-forge/noarch           23 KB
  + entrypoints                          0.3  py39hde42818_1002    conda-forge/linux-64         11 KB
  + importlib-metadata                 4.8.1  py39hf3d152e_0       conda-forge/linux-64        Cached
  + ipykernel                          6.4.2  py39hef51801_0       conda-forge/linux-64        174 KB
  + ipython                           7.28.0  py39hef51801_0       conda-forge/linux-64          1 MB
  + ipython_genutils                   0.2.0  py_1                 conda-forge/noarch           21 KB
  + ipywidgets                         7.6.5  pyhd8ed1ab_0         conda-forge/noarch          101 KB
  + jedi                              0.18.0  py39hf3d152e_2       conda-forge/linux-64        922 KB
  + jinja2                             3.0.2  pyhd8ed1ab_0         conda-forge/noarch          Cached
  + json5                              0.9.5  pyh9f0ad1d_0         conda-forge/noarch          Cached
  + jsonschema                         4.1.2  pyhd8ed1ab_0         conda-forge/noarch          Cached
  + jupyter_client                     7.0.6  pyhd8ed1ab_0         conda-forge/noarch           87 KB
  + jupyter_core                       4.9.1  py39hf3d152e_0       conda-forge/linux-64         80 KB
  + jupyterlab                         2.1.0  py_0                 conda-forge/noarch            6 MB
  + jupyterlab_pygments                0.1.2  pyh9f0ad1d_0         conda-forge/noarch            8 KB
  + jupyterlab_server                  1.0.9  py_0                 conda-forge/noarch           23 KB
  + jupyterlab_widgets                 1.0.2  pyhd8ed1ab_0         conda-forge/noarch          130 KB
  + ld_impl_linux-64                  2.36.1  hea4e1c9_2           conda-forge/linux-64        Cached
  + libblas                            3.9.0  12_linux64_openblas  conda-forge/linux-64        Cached
  + libcblas                           3.9.0  12_linux64_openblas  conda-forge/linux-64        Cached
  + libffi                             3.4.2  h9c3ff4c_4           conda-forge/linux-64        Cached
  + libgcc-ng                         11.2.0  h1d223b6_11          conda-forge/linux-64        Cached
  + libgfortran-ng                    11.2.0  h69a702a_11          conda-forge/linux-64        Cached
  + libgfortran5                      11.2.0  h5c6108e_11          conda-forge/linux-64        Cached
  + libgomp                           11.2.0  h1d223b6_11          conda-forge/linux-64        Cached
  + liblapack                          3.9.0  12_linux64_openblas  conda-forge/linux-64        Cached
  + libopenblas                       0.3.18  pthreads_h8fe5266_0  conda-forge/linux-64        Cached
  + libsodium                         1.0.18  h36c2ea0_1           conda-forge/linux-64        366 KB
  + libstdcxx-ng                      11.2.0  he4da1e4_11          conda-forge/linux-64        Cached
  + libzlib                           1.2.11  h36c2ea0_1013        conda-forge/linux-64        Cached
  + markupsafe                         2.0.1  py39h3811e60_0       conda-forge/linux-64        Cached
  + matplotlib-inline                  0.1.3  pyhd8ed1ab_0         conda-forge/noarch           11 KB
  + mistune                            0.8.4  py39h3811e60_1004    conda-forge/linux-64         54 KB
  + nbclient                           0.5.4  pyhd8ed1ab_0         conda-forge/noarch           60 KB
  + nbconvert                          6.2.0  py39hf3d152e_0       conda-forge/linux-64        529 KB
  + nbformat                           5.1.3  pyhd8ed1ab_0         conda-forge/noarch           47 KB
  + ncurses                              6.2  h58526e2_4           conda-forge/linux-64        Cached
  + nest-asyncio                       1.5.1  pyhd8ed1ab_0         conda-forge/noarch            9 KB
  + nglview                            3.0.3  pyh8a188c0_0         /tmp/tmpkvs751pa/noarch       6 MB
  + notebook                           6.4.5  pyha770c72_0         conda-forge/noarch            6 MB
  + numpy                             1.21.3  py39hdbf815f_0       conda-forge/linux-64          6 MB
  + openssl                            3.0.0  h7f98852_1           conda-forge/linux-64        Cached
  + packaging                           21.0  pyhd8ed1ab_0         conda-forge/noarch           35 KB
  + pandoc                              2.15  h7f98852_0           conda-forge/linux-64         13 MB
  + pandocfilters                      1.5.0  pyhd8ed1ab_0         conda-forge/noarch           11 KB
  + parso                              0.8.2  pyhd8ed1ab_0         conda-forge/noarch           68 KB
  + pexpect                            4.8.0  pyh9f0ad1d_2         conda-forge/noarch           47 KB
  + pickleshare                        0.7.5  py39hde42818_1002    conda-forge/linux-64         13 KB
  + pip                               21.3.1  pyhd8ed1ab_0         conda-forge/noarch          Cached
  + prometheus_client                 0.11.0  pyhd8ed1ab_0         conda-forge/noarch           46 KB
  + prompt-toolkit                    3.0.21  pyha770c72_0         conda-forge/noarch          Cached
  + ptyprocess                         0.7.0  pyhd3deb0d_0         conda-forge/noarch           16 KB
  + pycparser                           2.20  pyh9f0ad1d_2         conda-forge/noarch          Cached
  + pygments                          2.10.0  pyhd8ed1ab_0         conda-forge/noarch          Cached
  + pyparsing                          3.0.3  pyhd8ed1ab_0         conda-forge/noarch           78 KB
  + pyrsistent                        0.17.3  py39h3811e60_2       conda-forge/linux-64        Cached
  + python                             3.9.7  hf930737_3_cpython   conda-forge/linux-64         28 MB
  + python-dateutil                    2.8.2  pyhd8ed1ab_0         conda-forge/noarch          240 KB
  + python_abi                           3.9  2_cp39               conda-forge/linux-64        Cached
  + pyzmq                             22.3.0  py39h37b5a0c_0       conda-forge/linux-64        536 KB
  + readline                             8.1  h46c0cb4_0           conda-forge/linux-64        Cached
  + send2trash                         1.8.0  pyhd8ed1ab_0         conda-forge/noarch           17 KB
  + setuptools                        58.2.0  py39hf3d152e_0       conda-forge/linux-64        Cached
  + six                               1.16.0  pyh6c4a22f_0         conda-forge/noarch          Cached
  + sqlite                            3.36.0  h9cd32fc_2           conda-forge/linux-64        Cached
  + terminado                         0.12.1  py39hf3d152e_0       conda-forge/linux-64         27 KB
  + testpath                           0.5.0  pyhd8ed1ab_0         conda-forge/noarch           86 KB
  + tk                                8.6.11  h27826a3_1           conda-forge/linux-64        Cached
  + tornado                              6.1  py39h3811e60_1       conda-forge/linux-64        646 KB
  + traitlets                          5.1.1  pyhd8ed1ab_0         conda-forge/noarch           82 KB
  + tzdata                             2021e  he74cb21_0           conda-forge/noarch          Cached
  + wcwidth                            0.2.5  pyh9f0ad1d_2         conda-forge/noarch          Cached
  + webencodings                       0.5.1  py_1                 conda-forge/noarch           12 KB
  + wheel                             0.37.0  pyhd8ed1ab_1         conda-forge/noarch          Cached
  + widgetsnbextension                 3.5.1  py39hf3d152e_4       conda-forge/linux-64          2 MB
  + xz                                 5.2.5  h516909a_1           conda-forge/linux-64        Cached
  + zeromq                             4.3.4  h9c3ff4c_1           conda-forge/linux-64        351 KB
  + zipp                               3.6.0  pyhd8ed1ab_0         conda-forge/noarch          Cached
  + zlib                              1.2.11  h36c2ea0_1013        conda-forge/linux-64        Cached

  Summary:

  Install: 92 packages

  Total download: 75 MB

───────────────────────────────────────────────────────────────────────────────────────────────────────


## Package Plan ##

  environment location: /home/vsts/conda/conda-bld/nglview_1635456995825/_test_env_placehold_placehold_placehold_placehold_placehold_placehold_placehold_placehold_placehold_placehold_placehold_placehold_placehold_placehold_placehold_placehold_placehold_placehold_placehold_plac


The following NEW packages will be INSTALLED:

    _libgcc_mutex:                 0.1-conda_forge            conda-forge            
    _openmp_mutex:                 4.5-1_gnu                  conda-forge            
    argon2-cffi:                   21.1.0-py39h3811e60_0      conda-forge            
    async_generator:               1.10-py_0                  conda-forge            
    attrs:                         21.2.0-pyhd8ed1ab_0        conda-forge            
    backcall:                      0.2.0-pyh9f0ad1d_0         conda-forge            
    backports:                     1.0-py_2                   conda-forge            
    backports.functools_lru_cache: 1.6.4-pyhd8ed1ab_0         conda-forge            
    bleach:                        4.1.0-pyhd8ed1ab_0         conda-forge            
    ca-certificates:               2021.10.8-ha878542_0       conda-forge            
    cffi:                          1.14.6-py39h4bc2ebd_1      conda-forge            
    debugpy:                       1.4.1-py39he80948d_0       conda-forge            
    decorator:                     5.1.0-pyhd8ed1ab_0         conda-forge            
    defusedxml:                    0.7.1-pyhd8ed1ab_0         conda-forge            
    entrypoints:                   0.3-py39hde42818_1002      conda-forge            
    importlib-metadata:            4.8.1-py39hf3d152e_0       conda-forge            
    ipykernel:                     6.4.2-py39hef51801_0       conda-forge            
    ipython:                       7.28.0-py39hef51801_0      conda-forge            
    ipython_genutils:              0.2.0-py_1                 conda-forge            
    ipywidgets:                    7.6.5-pyhd8ed1ab_0         conda-forge            
    jedi:                          0.18.0-py39hf3d152e_2      conda-forge            
    jinja2:                        3.0.2-pyhd8ed1ab_0         conda-forge            
    json5:                         0.9.5-pyh9f0ad1d_0         conda-forge            
    jsonschema:                    4.1.2-pyhd8ed1ab_0         conda-forge            
    jupyter_client:                7.0.6-pyhd8ed1ab_0         conda-forge            
    jupyter_core:                  4.9.1-py39hf3d152e_0       conda-forge            
    jupyterlab:                    2.1.0-py_0                 conda-forge            
    jupyterlab_pygments:           0.1.2-pyh9f0ad1d_0         conda-forge            
    jupyterlab_server:             1.0.9-py_0                 conda-forge            
    jupyterlab_widgets:            1.0.2-pyhd8ed1ab_0         conda-forge            
    ld_impl_linux-64:              2.36.1-hea4e1c9_2          conda-forge            
    libblas:                       3.9.0-12_linux64_openblas  conda-forge            
    libcblas:                      3.9.0-12_linux64_openblas  conda-forge            
    libffi:                        3.4.2-h9c3ff4c_4           conda-forge            
    libgcc-ng:                     11.2.0-h1d223b6_11         conda-forge            
    libgfortran-ng:                11.2.0-h69a702a_11         conda-forge            
    libgfortran5:                  11.2.0-h5c6108e_11         conda-forge            
    libgomp:                       11.2.0-h1d223b6_11         conda-forge            
    liblapack:                     3.9.0-12_linux64_openblas  conda-forge            
    libopenblas:                   0.3.18-pthreads_h8fe5266_0 conda-forge            
    libsodium:                     1.0.18-h36c2ea0_1          conda-forge            
    libstdcxx-ng:                  11.2.0-he4da1e4_11         conda-forge            
    libzlib:                       1.2.11-h36c2ea0_1013       conda-forge            
    markupsafe:                    2.0.1-py39h3811e60_0       conda-forge            
    matplotlib-inline:             0.1.3-pyhd8ed1ab_0         conda-forge            
    mistune:                       0.8.4-py39h3811e60_1004    conda-forge            
    nbclient:                      0.5.4-pyhd8ed1ab_0         conda-forge            
    nbconvert:                     6.2.0-py39hf3d152e_0       conda-forge            
    nbformat:                      5.1.3-pyhd8ed1ab_0         conda-forge            
    ncurses:                       6.2-h58526e2_4             conda-forge            
    nest-asyncio:                  1.5.1-pyhd8ed1ab_0         conda-forge            
    nglview:                       3.0.3-pyh8a188c0_0         file:///tmp/tmpkvs751pa
    notebook:                      6.4.5-pyha770c72_0         conda-forge            
    numpy:                         1.21.3-py39hdbf815f_0      conda-forge            
    openssl:                       3.0.0-h7f98852_1           conda-forge            
    packaging:                     21.0-pyhd8ed1ab_0          conda-forge            
    pandoc:                        2.15-h7f98852_0            conda-forge            
    pandocfilters:                 1.5.0-pyhd8ed1ab_0         conda-forge            
    parso:                         0.8.2-pyhd8ed1ab_0         conda-forge            
    pexpect:                       4.8.0-pyh9f0ad1d_2         conda-forge            
    pickleshare:                   0.7.5-py39hde42818_1002    conda-forge            
    pip:                           21.3.1-pyhd8ed1ab_0        conda-forge            
    prometheus_client:             0.11.0-pyhd8ed1ab_0        conda-forge            
    prompt-toolkit:                3.0.21-pyha770c72_0        conda-forge            
    ptyprocess:                    0.7.0-pyhd3deb0d_0         conda-forge            
    pycparser:                     2.20-pyh9f0ad1d_2          conda-forge            
    pygments:                      2.10.0-pyhd8ed1ab_0        conda-forge            
    pyparsing:                     3.0.3-pyhd8ed1ab_0         conda-forge            
    pyrsistent:                    0.17.3-py39h3811e60_2      conda-forge            
    python:                        3.9.7-hf930737_3_cpython   conda-forge            
    python-dateutil:               2.8.2-pyhd8ed1ab_0         conda-forge            
    python_abi:                    3.9-2_cp39                 conda-forge            
    pyzmq:                         22.3.0-py39h37b5a0c_0      conda-forge            
    readline:                      8.1-h46c0cb4_0             conda-forge            
    send2trash:                    1.8.0-pyhd8ed1ab_0         conda-forge            
    setuptools:                    58.2.0-py39hf3d152e_0      conda-forge            
    six:                           1.16.0-pyh6c4a22f_0        conda-forge            
    sqlite:                        3.36.0-h9cd32fc_2          conda-forge            
    terminado:                     0.12.1-py39hf3d152e_0      conda-forge            
    testpath:                      0.5.0-pyhd8ed1ab_0         conda-forge            
    tk:                            8.6.11-h27826a3_1          conda-forge            
    tornado:                       6.1-py39h3811e60_1         conda-forge            
    traitlets:                     5.1.1-pyhd8ed1ab_0         conda-forge            
    tzdata:                        2021e-he74cb21_0           conda-forge            
    wcwidth:                       0.2.5-pyh9f0ad1d_2         conda-forge            
    webencodings:                  0.5.1-py_1                 conda-forge            
    wheel:                         0.37.0-pyhd8ed1ab_1        conda-forge            
    widgetsnbextension:            3.5.1-py39hf3d152e_4       conda-forge            
    xz:                            5.2.5-h516909a_1           conda-forge            
    zeromq:                        4.3.4-h9c3ff4c_1           conda-forge            
    zipp:                          3.6.0-pyhd8ed1ab_0         conda-forge            
    zlib:                          1.2.11-h36c2ea0_1013       conda-forge            

Preparing transaction: ...working... done
Verifying transaction: ...working... done
Executing transaction: ...working... Enabling notebook extension jupyter-js-widgets/extension...
      - Validating: [32mOK[0m

done
export PREFIX=/home/vsts/conda/conda-bld/nglview_1635456995825/_test_env_placehold_placehold_placehold_placehold_placehold_placehold_placehold_placehold_placehold_placehold_placehold_placehold_placehold_placehold_placehold_placehold_placehold_placehold_placehold_plac
export SRC_DIR=/home/vsts/conda/conda-bld/nglview_1635456995825/test_tmp
import: 'nglview'
import: 'nglview'

Leaving build/test directories:
  Work:
 /home/vsts/conda/conda-bld/work 
  Test:
 /home/vsts/conda/conda-bld/test_tmp 
Leaving build/test environments:
  Test:
source activate  /home/vsts/conda/conda-bld/_test_env_placehold_placehold_placehold_placehold_placehold_placehold_placehold_placehold_placehold_placehold_placehold_placehold_placehold_placehold_placehold_placehold_placehold_placehold_placehold_placehold_placehold_placeh 
  Build:
source activate  /home/vsts/conda/conda-bld/_build_env 


