Updating build index: /Users/runner/conda/conda-bld

TEST START: /var/folders/24/8k48jl6d249_n_qfxwsl6xvm0000gn/T/tmpggplbl5t/noarch/nglview-3.0.3-pyh8a188c0_0.tar.bz2
Reloading output folder: /Users/runner/conda/conda-bld

## Package Plan ##

  environment location: /Users/runner/conda/conda-bld/nglview_1636493068338/_test_env_placehold_placehold_placehold_placehold_placehold_placehold_placehold_placehold_placehold_placehold_placehold_placehold_placehold_placehold_placehold_placehold_placehold_placehold_placehold_p


The following NEW packages will be INSTALLED:

    appnope:                       0.1.2-py39h6e9494a_2     conda-forge                                                        
    argon2-cffi:                   21.1.0-py39h89e85a6_2    conda-forge                                                        
    async_generator:               1.10-py_0                conda-forge                                                        
    attrs:                         21.2.0-pyhd8ed1ab_0      conda-forge                                                        
    backcall:                      0.2.0-pyh9f0ad1d_0       conda-forge                                                        
    backports:                     1.0-py_2                 conda-forge                                                        
    backports.functools_lru_cache: 1.6.4-pyhd8ed1ab_0       conda-forge                                                        
    bleach:                        4.1.0-pyhd8ed1ab_0       conda-forge                                                        
    ca-certificates:               2021.10.8-h033912b_0     conda-forge                                                        
    cffi:                          1.15.0-py39he338e87_0    conda-forge                                                        
    debugpy:                       1.5.1-py39h9fcab8e_0     conda-forge                                                        
    decorator:                     5.1.0-pyhd8ed1ab_0       conda-forge                                                        
    defusedxml:                    0.7.1-pyhd8ed1ab_0       conda-forge                                                        
    entrypoints:                   0.3-py39hde42818_1002    conda-forge                                                        
    importlib-metadata:            4.8.2-py39h6e9494a_0     conda-forge                                                        
    importlib_resources:           5.4.0-pyhd8ed1ab_0       conda-forge                                                        
    ipykernel:                     6.4.2-py39h71a6800_0     conda-forge                                                        
    ipython:                       7.29.0-py39h71a6800_1    conda-forge                                                        
    ipython_genutils:              0.2.0-py_1               conda-forge                                                        
    ipywidgets:                    7.6.5-pyhd8ed1ab_0       conda-forge                                                        
    jedi:                          0.18.0-py39h6e9494a_3    conda-forge                                                        
    jinja2:                        3.0.2-pyhd8ed1ab_0       conda-forge                                                        
    json5:                         0.9.5-pyh9f0ad1d_0       conda-forge                                                        
    jsonschema:                    4.2.1-pyhd8ed1ab_0       conda-forge                                                        
    jupyter_client:                7.0.6-pyhd8ed1ab_0       conda-forge                                                        
    jupyter_core:                  4.9.1-py39h6e9494a_0     conda-forge                                                        
    jupyterlab:                    2.1.0-py_0               conda-forge                                                        
    jupyterlab_pygments:           0.1.2-pyh9f0ad1d_0       conda-forge                                                        
    jupyterlab_server:             1.0.9-py_0               conda-forge                                                        
    jupyterlab_widgets:            1.0.2-pyhd8ed1ab_0       conda-forge                                                        
    libblas:                       3.9.0-12_osx64_openblas  conda-forge                                                        
    libcblas:                      3.9.0-12_osx64_openblas  conda-forge                                                        
    libcxx:                        12.0.1-habf9029_0        conda-forge                                                        
    libffi:                        3.4.2-h0d85af4_5         conda-forge                                                        
    libgfortran:                   5.0.0-9_3_0_h6c81a4c_23  conda-forge                                                        
    libgfortran5:                  9.3.0-h6c81a4c_23        conda-forge                                                        
    liblapack:                     3.9.0-12_osx64_openblas  conda-forge                                                        
    libopenblas:                   0.3.18-openmp_h3351f45_0 conda-forge                                                        
    libsodium:                     1.0.18-hbcb3906_1        conda-forge                                                        
    libzlib:                       1.2.11-h9173be1_1013     conda-forge                                                        
    llvm-openmp:                   12.0.1-hda6cdc1_1        conda-forge                                                        
    markupsafe:                    2.0.1-py39h89e85a6_1     conda-forge                                                        
    matplotlib-inline:             0.1.3-pyhd8ed1ab_0       conda-forge                                                        
    mistune:                       0.8.4-py39h89e85a6_1005  conda-forge                                                        
    nbclient:                      0.5.5-pyhd8ed1ab_0       conda-forge                                                        
    nbconvert:                     6.2.0-py39h6e9494a_0     conda-forge                                                        
    nbformat:                      5.1.3-pyhd8ed1ab_0       conda-forge                                                        
    ncurses:                       6.2-h2e338ed_4           conda-forge                                                        
    nest-asyncio:                  1.5.1-pyhd8ed1ab_0       conda-forge                                                        
    nglview:                       3.0.3-pyh8a188c0_0       file:///var/folders/24/8k48jl6d249_n_qfxwsl6xvm0000gn/T/tmpggplbl5t
    notebook:                      6.4.5-pyha770c72_0       conda-forge                                                        
    numpy:                         1.21.4-py39h7eed0ac_0    conda-forge                                                        
    openssl:                       3.0.0-h0d85af4_2         conda-forge                                                        
    packaging:                     21.2-pyhd8ed1ab_1        conda-forge                                                        
    pandoc:                        2.16.1-h0d85af4_0        conda-forge                                                        
    pandocfilters:                 1.5.0-pyhd8ed1ab_0       conda-forge                                                        
    parso:                         0.8.2-pyhd8ed1ab_0       conda-forge                                                        
    pexpect:                       4.8.0-pyh9f0ad1d_2       conda-forge                                                        
    pickleshare:                   0.7.5-py39hde42818_1002  conda-forge                                                        
    pip:                           21.3.1-pyhd8ed1ab_0      conda-forge                                                        
    prometheus_client:             0.12.0-pyhd8ed1ab_0      conda-forge                                                        
    prompt-toolkit:                3.0.22-pyha770c72_0      conda-forge                                                        
    ptyprocess:                    0.7.0-pyhd3deb0d_0       conda-forge                                                        
    pycparser:                     2.21-pyhd8ed1ab_0        conda-forge                                                        
    pygments:                      2.10.0-pyhd8ed1ab_0      conda-forge                                                        
    pyparsing:                     2.4.7-pyhd8ed1ab_1       conda-forge                                                        
    pyrsistent:                    0.18.0-py39h89e85a6_0    conda-forge                                                        
    python:                        3.9.7-h38b4d05_3_cpython conda-forge                                                        
    python-dateutil:               2.8.2-pyhd8ed1ab_0       conda-forge                                                        
    python_abi:                    3.9-2_cp39               conda-forge                                                        
    pyzmq:                         22.3.0-py39h7fec2f1_1    conda-forge                                                        
    readline:                      8.1-h05e3726_0           conda-forge                                                        
    send2trash:                    1.8.0-pyhd8ed1ab_0       conda-forge                                                        
    setuptools:                    58.5.3-py39h6e9494a_0    conda-forge                                                        
    six:                           1.16.0-pyh6c4a22f_0      conda-forge                                                        
    sqlite:                        3.36.0-h23a322b_2        conda-forge                                                        
    terminado:                     0.12.1-py39h6e9494a_1    conda-forge                                                        
    testpath:                      0.5.0-pyhd8ed1ab_0       conda-forge                                                        
    tk:                            8.6.11-h5dbffcc_1        conda-forge                                                        
    tornado:                       6.1-py39h89e85a6_2       conda-forge                                                        
    traitlets:                     5.1.1-pyhd8ed1ab_0       conda-forge                                                        
    tzdata:                        2021e-he74cb21_0         conda-forge                                                        
    wcwidth:                       0.2.5-pyh9f0ad1d_2       conda-forge                                                        
    webencodings:                  0.5.1-py_1               conda-forge                                                        
    wheel:                         0.37.0-pyhd8ed1ab_1      conda-forge                                                        
    widgetsnbextension:            3.5.2-py39h6e9494a_0     conda-forge                                                        
    xz:                            5.2.5-haf1e3a3_1         conda-forge                                                        
    zeromq:                        4.3.4-he49afe7_1         conda-forge                                                        
    zipp:                          3.6.0-pyhd8ed1ab_0       conda-forge                                                        
    zlib:                          1.2.11-h9173be1_1013     conda-forge                                                        

Preparing transaction: ...working... done
Verifying transaction: ...working... done
Executing transaction: ...working... Enabling notebook extension jupyter-js-widgets/extension...
      - Validating: [32mOK[0m

done
export PREFIX=/Users/runner/conda/conda-bld/nglview_1636493068338/_test_env_placehold_placehold_placehold_placehold_placehold_placehold_placehold_placehold_placehold_placehold_placehold_placehold_placehold_placehold_placehold_placehold_placehold_placehold_placehold_p
export SRC_DIR=/Users/runner/conda/conda-bld/nglview_1636493068338/test_tmp
import: 'nglview'
import: 'nglview'

Leaving build/test directories:
  Work:
 /Users/runner/conda/conda-bld/work 
  Test:
 /Users/runner/conda/conda-bld/test_tmp 
Leaving build/test environments:
  Test:
source activate  /Users/runner/conda/conda-bld/_test_env_placehold_placehold_placehold_placehold_placehold_placehold_placehold_placehold_placehold_placehold_placehold_placehold_placehold_placehold_placehold_placehold_placehold_placehold_placehold_placehold_placehold_pla 
  Build:
source activate  /Users/runner/conda/conda-bld/_build_env 


