Updating build index: /Users/runner/conda/conda-bld

TEST START: /var/folders/24/8k48jl6d249_n_qfxwsl6xvm0000gn/T/tmps3w4mgo6/osx-64/perl-gdgraph-histogram-1.1-pl526_3.tar.bz2
Adding in variants from internal_defaults
Adding in variants from /var/folders/24/8k48jl6d249_n_qfxwsl6xvm0000gn/T/tmpkydtevxu/info/recipe/conda_build_config.yaml
Reloading output folder: /Users/runner/conda/conda-bld

## Package Plan ##

  environment location: /Users/runner/conda/conda-bld/perl-gdgraph-histogram_1636520211167/_test_env_placehold_placehold_placehold_placehold_placehold_placehold_placehold_placehold_placehold_placehold_placehold_placehold_placehold_placehold_placehold_placehold_placehold_placeh


The following NEW packages will be INSTALLED:

    expat:                     2.4.1-he49afe7_0     conda-forge                                                        
    font-ttf-dejavu-sans-mono: 2.37-hab24e00_0      conda-forge                                                        
    font-ttf-inconsolata:      3.000-h77eed37_0     conda-forge                                                        
    font-ttf-source-code-pro:  2.038-h77eed37_0     conda-forge                                                        
    font-ttf-ubuntu:           0.83-hab24e00_0      conda-forge                                                        
    fontconfig:                2.13.1-h10f422b_1005 conda-forge                                                        
    fonts-conda-ecosystem:     1-0                  conda-forge                                                        
    fonts-conda-forge:         1-0                  conda-forge                                                        
    freetype:                  2.10.4-h4cff582_1    conda-forge                                                        
    giflib:                    5.2.1-hbcb3906_2     conda-forge                                                        
    icu:                       69.1-he49afe7_0      conda-forge                                                        
    jbig:                      2.1-h0d85af4_2003    conda-forge                                                        
    jpeg:                      9d-hbcb3906_0        conda-forge                                                        
    lerc:                      3.0-he49afe7_0       conda-forge                                                        
    libcxx:                    12.0.1-habf9029_0    conda-forge                                                        
    libdeflate:                1.8-h0d85af4_0       conda-forge                                                        
    libgd:                     2.3.3-hb8742e1_1     conda-forge                                                        
    libiconv:                  1.16-haf1e3a3_0      conda-forge                                                        
    libpng:                    1.6.37-h7cec526_2    conda-forge                                                        
    libtiff:                   4.3.0-hd146c10_2     conda-forge                                                        
    libwebp:                   1.2.1-h28dabe5_0     conda-forge                                                        
    libwebp-base:              1.2.1-h0d85af4_0     conda-forge                                                        
    libxml2:                   2.9.12-h7e28ab6_1    conda-forge                                                        
    libzlib:                   1.2.11-h9173be1_1013 conda-forge                                                        
    lz4-c:                     1.9.3-he49afe7_1     conda-forge                                                        
    perl:                      5.26.2-hbcb3906_1008 conda-forge                                                        
    perl-gd:                   2.68-pl526he941832_0 bioconda                                                           
    perl-gdgraph:              1.54-pl526_0         bioconda                                                           
    perl-gdgraph-histogram:    1.1-pl526_3          file:///var/folders/24/8k48jl6d249_n_qfxwsl6xvm0000gn/T/tmps3w4mgo6
    perl-gdtextutil:           0.86-pl526h1de35cc_5 bioconda                                                           
    xz:                        5.2.5-haf1e3a3_1     conda-forge                                                        
    zlib:                      1.2.11-h9173be1_1013 conda-forge                                                        
    zstd:                      1.5.0-h582d3a0_0     conda-forge                                                        

Preparing transaction: ...working... done
Verifying transaction: ...working... done
Executing transaction: ...working... done
export PREFIX=/Users/runner/conda/conda-bld/perl-gdgraph-histogram_1636520211167/_test_env_placehold_placehold_placehold_placehold_placehold_placehold_placehold_placehold_placehold_placehold_placehold_placehold_placehold_placehold_placehold_placehold_placehold_placeh
export SRC_DIR=/Users/runner/conda/conda-bld/perl-gdgraph-histogram_1636520211167/test_tmp

Leaving build/test directories:
  Work:
 /Users/runner/conda/conda-bld/work 
  Test:
 /Users/runner/conda/conda-bld/test_tmp 
Leaving build/test environments:
  Test:
source activate  /Users/runner/conda/conda-bld/_test_env_placehold_placehold_placehold_placehold_placehold_placehold_placehold_placehold_placehold_placehold_placehold_placehold_placehold_placehold_placehold_placehold_placehold_placehold_placehold_placehold_placehold_pla 
  Build:
source activate  /Users/runner/conda/conda-bld/_build_env 


