Updating build index: /Users/runner/conda/conda-bld

TEST START: /var/folders/24/8k48jl6d249_n_qfxwsl6xvm0000gn/T/tmpigol3r51/osx-64/pasta-1.7.8-py37h1de35cc_3.tar.bz2
Reloading output folder: /Users/runner/conda/conda-bld

## Package Plan ##

  environment location: /Users/runner/conda/conda-bld/pasta_1637158679420/_test_env_placehold_placehold_placehold_placehold_placehold_placehold_placehold_placehold_placehold_placehold_placehold_placehold_placehold_placehold_placehold_placehold_placehold_placehold_placehold_pla


The following NEW packages will be INSTALLED:

    ca-certificates: 2021.10.8-h033912b_0        conda-forge                                                        
    dendropy:        4.5.2-pyh3252c3a_0          bioconda                                                           
    libcxx:          12.0.1-habf9029_0           conda-forge                                                        
    libffi:          3.4.2-h0d85af4_5            conda-forge                                                        
    libzlib:         1.2.11-h9173be1_1013        conda-forge                                                        
    ncurses:         6.2-h2e338ed_4              conda-forge                                                        
    openjdk:         11.0.9.1-hcf210ce_1         conda-forge                                                        
    openssl:         3.0.0-h0d85af4_2            conda-forge                                                        
    pasta:           1.7.8-py37h1de35cc_3        file:///var/folders/24/8k48jl6d249_n_qfxwsl6xvm0000gn/T/tmpigol3r51
    pcre:            8.45-he49afe7_0             conda-forge                                                        
    pip:             21.3.1-pyhd8ed1ab_0         conda-forge                                                        
    pymongo:         3.12.1-py37hd8d24ac_0       conda-forge                                                        
    python:          3.7.12-hf3644f1_100_cpython conda-forge                                                        
    python_abi:      3.7-2_cp37m                 conda-forge                                                        
    readline:        8.1-h05e3726_0              conda-forge                                                        
    setuptools:      59.1.1-py37hf985489_0       conda-forge                                                        
    sqlite:          3.36.0-h23a322b_2           conda-forge                                                        
    tk:              8.6.11-h5dbffcc_1           conda-forge                                                        
    wheel:           0.37.0-pyhd8ed1ab_1         conda-forge                                                        
    xz:              5.2.5-haf1e3a3_1            conda-forge                                                        
    zlib:            1.2.11-h9173be1_1013        conda-forge                                                        

Preparing transaction: ...working... done
Verifying transaction: ...working... done
Executing transaction: ...working... done
export PREFIX=/Users/runner/conda/conda-bld/pasta_1637158679420/_test_env_placehold_placehold_placehold_placehold_placehold_placehold_placehold_placehold_placehold_placehold_placehold_placehold_placehold_placehold_placehold_placehold_placehold_placehold_placehold_pla
export SRC_DIR=/Users/runner/conda/conda-bld/pasta_1637158679420/test_tmp
import: 'pasta'
import: 'pasta'

Leaving build/test directories:
  Work:
 /Users/runner/conda/conda-bld/work 
  Test:
 /Users/runner/conda/conda-bld/test_tmp 
Leaving build/test environments:
  Test:
source activate  /Users/runner/conda/conda-bld/_test_env_placehold_placehold_placehold_placehold_placehold_placehold_placehold_placehold_placehold_placehold_placehold_placehold_placehold_placehold_placehold_placehold_placehold_placehold_placehold_placehold_placehold_pla 
  Build:
source activate  /Users/runner/conda/conda-bld/_build_env 


