Updating build index: /home/vsts/conda/conda-bld

TEST START: /tmp/tmptb32vc2n/noarch/perl-email-simple-2.216-hdfd78af_1.tar.bz2
Reloading output folder: /home/vsts/conda/conda-bld

## Package Plan ##

  environment location: /home/vsts/conda/conda-bld/perl-email-simple_1637001685639/_test_env_placehold_placehold_placehold_placehold_placehold_placehold_placehold_placehold_placehold_placehold_placehold_placehold_placehold_placehold_placehold_placehold_placehold_placehold_plac


The following NEW packages will be INSTALLED:

    _libgcc_mutex:           0.1-conda_forge         conda-forge            
    _openmp_mutex:           4.5-1_gnu               conda-forge            
    libgcc-ng:               11.2.0-h1d223b6_11      conda-forge            
    libgomp:                 11.2.0-h1d223b6_11      conda-forge            
    perl:                    5.32.1-1_h7f98852_perl5 conda-forge            
    perl-carp:               1.50-pl5321hd8ed1ab_0   conda-forge            
    perl-email-date-format:  1.005-0                 bioconda               
    perl-email-simple:       2.216-hdfd78af_1        file:///tmp/tmptb32vc2n
    perl-exporter:           5.74-pl5321hd8ed1ab_0   conda-forge            
    perl-extutils-makemaker: 7.36-pl5321hd8ed1ab_0   conda-forge            
    perl-threaded:           5.26.0-0                bioconda               

Preparing transaction: ...working... done
Verifying transaction: ...working... done
Executing transaction: ...working... done
export PREFIX=/home/vsts/conda/conda-bld/perl-email-simple_1637001685639/_test_env_placehold_placehold_placehold_placehold_placehold_placehold_placehold_placehold_placehold_placehold_placehold_placehold_placehold_placehold_placehold_placehold_placehold_placehold_plac
export SRC_DIR=/home/vsts/conda/conda-bld/perl-email-simple_1637001685639/test_tmp

Leaving build/test directories:
  Work:
 /home/vsts/conda/conda-bld/work 
  Test:
 /home/vsts/conda/conda-bld/test_tmp 
Leaving build/test environments:
  Test:
source activate  /home/vsts/conda/conda-bld/_test_env_placehold_placehold_placehold_placehold_placehold_placehold_placehold_placehold_placehold_placehold_placehold_placehold_placehold_placehold_placehold_placehold_placehold_placehold_placehold_placehold_placehold_placeh 
  Build:
source activate  /home/vsts/conda/conda-bld/_build_env 


