Updating build index: /Users/runner/conda/conda-bld

TEST START: /var/folders/24/8k48jl6d249_n_qfxwsl6xvm0000gn/T/tmpbu_vvz7g/noarch/perl-email-simple-2.216-hdfd78af_1.tar.bz2
Reloading output folder: /Users/runner/conda/conda-bld

## Package Plan ##

  environment location: /Users/runner/conda/conda-bld/perl-email-simple_1637001881485/_test_env_placehold_placehold_placehold_placehold_placehold_placehold_placehold_placehold_placehold_placehold_placehold_placehold_placehold_placehold_placehold_placehold_placehold_placehold_p


The following NEW packages will be INSTALLED:

    perl:                    5.32.1-1_h0d85af4_perl5 conda-forge                                                        
    perl-carp:               1.50-pl5321hd8ed1ab_0   conda-forge                                                        
    perl-email-date-format:  1.005-0                 bioconda                                                           
    perl-email-simple:       2.216-hdfd78af_1        file:///var/folders/24/8k48jl6d249_n_qfxwsl6xvm0000gn/T/tmpbu_vvz7g
    perl-exporter:           5.74-pl5321hd8ed1ab_0   conda-forge                                                        
    perl-extutils-makemaker: 7.36-pl5321hd8ed1ab_0   conda-forge                                                        
    perl-threaded:           5.26.0-0                bioconda                                                           

Preparing transaction: ...working... done
Verifying transaction: ...working... done
Executing transaction: ...working... done
export PREFIX=/Users/runner/conda/conda-bld/perl-email-simple_1637001881485/_test_env_placehold_placehold_placehold_placehold_placehold_placehold_placehold_placehold_placehold_placehold_placehold_placehold_placehold_placehold_placehold_placehold_placehold_placehold_p
export SRC_DIR=/Users/runner/conda/conda-bld/perl-email-simple_1637001881485/test_tmp

Leaving build/test directories:
  Work:
 /Users/runner/conda/conda-bld/work 
  Test:
 /Users/runner/conda/conda-bld/test_tmp 
Leaving build/test environments:
  Test:
source activate  /Users/runner/conda/conda-bld/_test_env_placehold_placehold_placehold_placehold_placehold_placehold_placehold_placehold_placehold_placehold_placehold_placehold_placehold_placehold_placehold_placehold_placehold_placehold_placehold_placehold_placehold_pla 
  Build:
source activate  /Users/runner/conda/conda-bld/_build_env 


