Updating build index: /home/vsts/conda/conda-bld

TEST START: /tmp/tmp6ornn53v/linux-64/bali-phy-3.6.0-py39h3cbf51d_0.tar.bz2
Reloading output folder: /home/vsts/conda/conda-bld

## Package Plan ##

  environment location: /home/vsts/conda/conda-bld/bali-phy_1636981376602/_test_env_placehold_placehold_placehold_placehold_placehold_placehold_placehold_placehold_placehold_placehold_placehold_placehold_placehold_placehold_placehold_placehold_placehold_placehold_placehold_pla


The following NEW packages will be INSTALLED:

    _libgcc_mutex:             0.1-conda_forge          conda-forge            
    _openmp_mutex:             4.5-1_gnu                conda-forge            
    _r-mutex:                  1.0.1-anacondar_1        conda-forge            
    bali-phy:                  3.6.0-py39h3cbf51d_0     file:///tmp/tmp6ornn53v
    boost-cpp:                 1.74.0-h359cf19_5        conda-forge            
    bzip2:                     1.0.8-h7f98852_4         conda-forge            
    ca-certificates:           2021.10.8-ha878542_0     conda-forge            
    cairo:                     1.16.0-ha00ac49_1009     conda-forge            
    eigen:                     3.4.0-h4bd325d_0         conda-forge            
    expat:                     2.4.1-h9c3ff4c_0         conda-forge            
    font-ttf-dejavu-sans-mono: 2.37-hab24e00_0          conda-forge            
    font-ttf-inconsolata:      3.000-h77eed37_0         conda-forge            
    font-ttf-source-code-pro:  2.038-h77eed37_0         conda-forge            
    font-ttf-ubuntu:           0.83-hab24e00_0          conda-forge            
    fontconfig:                2.13.1-hba837de_1005     conda-forge            
    fonts-conda-ecosystem:     1-0                      conda-forge            
    fonts-conda-forge:         1-0                      conda-forge            
    freetype:                  2.10.4-h0708190_1        conda-forge            
    fribidi:                   1.0.10-h36c2ea0_0        conda-forge            
    gettext:                   0.19.8.1-h73d1719_1008   conda-forge            
    giflib:                    5.2.1-h36c2ea0_2         conda-forge            
    glib:                      2.70.0-h780b84a_1        conda-forge            
    glib-tools:                2.70.0-h780b84a_1        conda-forge            
    gnuplot:                   5.0.3-4                  bioconda               
    graphite2:                 1.3.13-h58526e2_1001     conda-forge            
    harfbuzz:                  3.1.1-hb4a5f5f_1         conda-forge            
    icu:                       69.1-h9c3ff4c_0          conda-forge            
    jbig:                      2.1-h7f98852_2003        conda-forge            
    jpeg:                      9d-h36c2ea0_0            conda-forge            
    ld_impl_linux-64:          2.36.1-hea4e1c9_2        conda-forge            
    lerc:                      3.0-h9c3ff4c_0           conda-forge            
    libdeflate:                1.8-h7f98852_0           conda-forge            
    libffi:                    3.4.2-h7f98852_5         conda-forge            
    libgcc:                    7.2.0-h69d50b8_2         conda-forge            
    libgcc-ng:                 11.2.0-h1d223b6_11       conda-forge            
    libgd:                     2.3.3-h3cfcdeb_1         conda-forge            
    libglib:                   2.70.0-h174f98d_1        conda-forge            
    libgomp:                   11.2.0-h1d223b6_11       conda-forge            
    libiconv:                  1.16-h516909a_0          conda-forge            
    libpng:                    1.6.37-h21135ba_2        conda-forge            
    libstdcxx-ng:              11.2.0-he4da1e4_11       conda-forge            
    libtiff:                   4.3.0-h6f004c6_2         conda-forge            
    libuuid:                   2.32.1-h7f98852_1000     conda-forge            
    libwebp:                   1.2.1-h3452ae3_0         conda-forge            
    libwebp-base:              1.2.1-h7f98852_0         conda-forge            
    libxcb:                    1.13-h7f98852_1004       conda-forge            
    libxml2:                   2.9.12-h885dcf4_1        conda-forge            
    libzlib:                   1.2.11-h36c2ea0_1013     conda-forge            
    lz4-c:                     1.9.3-h9c3ff4c_1         conda-forge            
    ncurses:                   6.2-h58526e2_4           conda-forge            
    openssl:                   3.0.0-h7f98852_2         conda-forge            
    pandoc:                    2.16.1-h7f98852_0        conda-forge            
    pango:                     1.48.10-h54213e6_2       conda-forge            
    pcre:                      8.45-h9c3ff4c_0          conda-forge            
    perl:                      5.32.1-1_h7f98852_perl5  conda-forge            
    pip:                       21.3.1-pyhd8ed1ab_0      conda-forge            
    pixman:                    0.40.0-h36c2ea0_0        conda-forge            
    pthread-stubs:             0.4-h36c2ea0_1001        conda-forge            
    python:                    3.9.7-hf930737_3_cpython conda-forge            
    python_abi:                3.9-2_cp39               conda-forge            
    r-base:                    3.2.2-0                                         
    readline:                  8.1-h46c0cb4_0           conda-forge            
    setuptools:                59.1.0-py39hf3d152e_0    conda-forge            
    sqlite:                    3.36.0-h9cd32fc_2        conda-forge            
    tk:                        8.6.11-h27826a3_1        conda-forge            
    tzdata:                    2021e-he74cb21_0         conda-forge            
    wheel:                     0.37.0-pyhd8ed1ab_1      conda-forge            
    xorg-kbproto:              1.0.7-h7f98852_1002      conda-forge            
    xorg-libice:               1.0.10-h7f98852_0        conda-forge            
    xorg-libsm:                1.2.3-hd9c2040_1000      conda-forge            
    xorg-libx11:               1.7.2-h7f98852_0         conda-forge            
    xorg-libxau:               1.0.9-h7f98852_0         conda-forge            
    xorg-libxdmcp:             1.1.3-h7f98852_0         conda-forge            
    xorg-libxext:              1.3.4-h7f98852_1         conda-forge            
    xorg-libxrender:           0.9.10-h7f98852_1003     conda-forge            
    xorg-renderproto:          0.11.1-h7f98852_1002     conda-forge            
    xorg-xextproto:            7.3.0-h7f98852_1002      conda-forge            
    xorg-xproto:               7.0.31-h7f98852_1007     conda-forge            
    xz:                        5.2.5-h516909a_1         conda-forge            
    zlib:                      1.2.11-h36c2ea0_1013     conda-forge            
    zstd:                      1.5.0-ha95c52a_0         conda-forge            

Preparing transaction: ...working... done
Verifying transaction: ...working... failed

Leaving build/test directories:
  Work:
 /home/vsts/conda/conda-bld/work 
  Test:
 /home/vsts/conda/conda-bld/test_tmp 
Leaving build/test environments:
  Test:
source activate  /home/vsts/conda/conda-bld/_test_env_placehold_placehold_placehold_placehold_placehold_placehold_placehold_placehold_placehold_placehold_placehold_placehold_placehold_placehold_placehold_placehold_placehold_placehold_placehold_placehold_placehold_placeh 
  Build:
source activate  /home/vsts/conda/conda-bld/_build_env 


