Updating build index: /Users/runner/conda/conda-bld

TEST START: /var/folders/24/8k48jl6d249_n_qfxwsl6xvm0000gn/T/tmp6d1ualx0/osx-64/bali-phy-3.6.0-py39h77390cf_0.tar.bz2
Reloading output folder: /Users/runner/conda/conda-bld

## Package Plan ##

  environment location: /Users/runner/conda/conda-bld/bali-phy_1635958109748/_test_env_placehold_placehold_placehold_placehold_placehold_placehold_placehold_placehold_placehold_placehold_placehold_placehold_placehold_placehold_placehold_placehold_placehold_placehold_placehold_


The following NEW packages will be INSTALLED:

    _r-mutex:                  1.0.1-anacondar_1        conda-forge                                                        
    bali-phy:                  3.6.0-py39h77390cf_0     file:///var/folders/24/8k48jl6d249_n_qfxwsl6xvm0000gn/T/tmp6d1ualx0
    boost-cpp:                 1.74.0-hf3dc895_5        conda-forge                                                        
    bzip2:                     1.0.8-h0d85af4_4         conda-forge                                                        
    c-ares:                    1.18.1-h0d85af4_0        conda-forge                                                        
    ca-certificates:           2021.10.8-h033912b_0     conda-forge                                                        
    cairo:                     1.16.0-he01c77b_1009     conda-forge                                                        
    curl:                      7.79.1-h97da3c1_1        conda-forge                                                        
    eigen:                     3.4.0-h940c156_0         conda-forge                                                        
    expat:                     2.4.1-he49afe7_0         conda-forge                                                        
    font-ttf-dejavu-sans-mono: 2.37-hab24e00_0          conda-forge                                                        
    font-ttf-inconsolata:      3.000-h77eed37_0         conda-forge                                                        
    font-ttf-source-code-pro:  2.038-h77eed37_0         conda-forge                                                        
    font-ttf-ubuntu:           0.83-hab24e00_0          conda-forge                                                        
    fontconfig:                2.13.1-h10f422b_1005     conda-forge                                                        
    fonts-conda-ecosystem:     1-0                      conda-forge                                                        
    fonts-conda-forge:         1-0                      conda-forge                                                        
    freetype:                  2.10.4-h4cff582_1        conda-forge                                                        
    gettext:                   0.19.8.1-hd1a6beb_1008   conda-forge                                                        
    giflib:                    5.2.1-hbcb3906_2         conda-forge                                                        
    glib:                      2.70.0-hcf210ce_1        conda-forge                                                        
    glib-tools:                2.70.0-hcf210ce_1        conda-forge                                                        
    gnuplot:                   5.0.3-4                  bioconda                                                           
    gsl:                       2.7-h93259b0_0           conda-forge                                                        
    icu:                       69.1-he49afe7_0          conda-forge                                                        
    jbig:                      2.1-h0d85af4_2003        conda-forge                                                        
    jpeg:                      9d-hbcb3906_0            conda-forge                                                        
    krb5:                      1.19.2-h289aae4_3        conda-forge                                                        
    lerc:                      3.0-he49afe7_0           conda-forge                                                        
    libblas:                   3.8.0-17_openblas        conda-forge                                                        
    libcblas:                  3.8.0-17_openblas        conda-forge                                                        
    libcurl:                   7.79.1-h97da3c1_1        conda-forge                                                        
    libcxx:                    12.0.1-habf9029_0        conda-forge                                                        
    libdeflate:                1.8-h0d85af4_0           conda-forge                                                        
    libedit:                   3.1.20191231-h0678c8f_2  conda-forge                                                        
    libev:                     4.33-haf1e3a3_1          conda-forge                                                        
    libffi:                    3.4.2-he49afe7_4         conda-forge                                                        
    libgcc:                    4.8.5-hdbeacc1_10        conda-forge                                                        
    libgd:                     2.3.3-hb8742e1_1         conda-forge                                                        
    libgfortran:               3.0.1-0                  conda-forge                                                        
    libglib:                   2.70.0-hf1fb8c0_1        conda-forge                                                        
    libiconv:                  1.16-haf1e3a3_0          conda-forge                                                        
    libnghttp2:                1.43.0-hfd382f3_1        conda-forge                                                        
    libopenblas:               0.3.10-h0794777_0                                                                           
    libpng:                    1.6.37-h7cec526_2        conda-forge                                                        
    libssh2:                   1.10.0-hd3787cc_2        conda-forge                                                        
    libtiff:                   4.3.0-hd146c10_2         conda-forge                                                        
    libwebp:                   1.2.1-h28dabe5_0         conda-forge                                                        
    libwebp-base:              1.2.1-h0d85af4_0         conda-forge                                                        
    libxml2:                   2.9.12-h7e28ab6_1        conda-forge                                                        
    libzlib:                   1.2.11-h9173be1_1013     conda-forge                                                        
    lz4-c:                     1.9.3-he49afe7_1         conda-forge                                                        
    ncurses:                   6.2-h2e338ed_4           conda-forge                                                        
    openssl:                   3.0.0-h0d85af4_2         conda-forge                                                        
    pandoc:                    2.16-h0d85af4_0          conda-forge                                                        
    pcre:                      8.45-he49afe7_0          conda-forge                                                        
    perl:                      5.32.1-1_h0d85af4_perl5  conda-forge                                                        
    pip:                       21.3.1-pyhd8ed1ab_0      conda-forge                                                        
    pixman:                    0.40.0-hbcb3906_0        conda-forge                                                        
    python:                    3.9.7-h38b4d05_3_cpython conda-forge                                                        
    python_abi:                3.9-2_cp39               conda-forge                                                        
    r-base:                    3.3.1-0                                                                                     
    readline:                  8.1-h05e3726_0           conda-forge                                                        
    setuptools:                58.4.0-py39h6e9494a_1    conda-forge                                                        
    sqlite:                    3.36.0-h23a322b_2        conda-forge                                                        
    tk:                        8.6.11-h5dbffcc_1        conda-forge                                                        
    tzdata:                    2021e-he74cb21_0         conda-forge                                                        
    wheel:                     0.37.0-pyhd8ed1ab_1      conda-forge                                                        
    xz:                        5.2.5-haf1e3a3_1         conda-forge                                                        
    zlib:                      1.2.11-h9173be1_1013     conda-forge                                                        
    zstd:                      1.5.0-h582d3a0_0         conda-forge                                                        

Preparing transaction: ...working... done
Verifying transaction: ...working... failed

Leaving build/test directories:
  Work:
 /Users/runner/conda/conda-bld/work 
  Test:
 /Users/runner/conda/conda-bld/test_tmp 
Leaving build/test environments:
  Test:
source activate  /Users/runner/conda/conda-bld/_test_env_placehold_placehold_placehold_placehold_placehold_placehold_placehold_placehold_placehold_placehold_placehold_placehold_placehold_placehold_placehold_placehold_placehold_placehold_placehold_placehold_placehold_pla 
  Build:
source activate  /Users/runner/conda/conda-bld/_build_env 


