Updating build index: /home/vsts/conda/conda-bld

TEST START: /tmp/tmpb3so5n4h/noarch/banner-0.0.2-py_0.tar.bz2
Adding in variants from internal_defaults
Adding in variants from /tmp/tmpyinti86u/info/recipe/conda_build_config.yaml
Reloading output folder: /home/vsts/conda/conda-bld

## Package Plan ##

  environment location: /home/vsts/conda/conda-bld/banner_1636881464943/_test_env_placehold_placehold_placehold_placehold_placehold_placehold_placehold_placehold_placehold_placehold_placehold_placehold_placehold_placehold_placehold_placehold_placehold_placehold_placehold_place


The following NEW packages will be INSTALLED:

    _libgcc_mutex:      0.1-conda_forge                       conda-forge            
    _openmp_mutex:      4.5-1_gnu                             conda-forge            
    atomicwrites:       1.4.0-pyh9f0ad1d_0                    conda-forge            
    attrs:              21.2.0-pyhd8ed1ab_0                   conda-forge            
    banner:             0.0.2-py_0                            file:///tmp/tmpb3so5n4h
    blas:               1.1-openblas                          conda-forge            
    ca-certificates:    2021.10.8-ha878542_0                  conda-forge            
    importlib-metadata: 4.8.2-py37h89c1867_0                  conda-forge            
    importlib_metadata: 4.8.2-hd8ed1ab_0                      conda-forge            
    joblib:             1.1.0-pyhd8ed1ab_0                    conda-forge            
    ld_impl_linux-64:   2.36.1-hea4e1c9_2                     conda-forge            
    libblas:            3.8.0-17_openblas                     conda-forge            
    libcblas:           3.8.0-17_openblas                     conda-forge            
    libffi:             3.4.2-h7f98852_5                      conda-forge            
    libgcc-ng:          11.2.0-h1d223b6_11                    conda-forge            
    libgfortran:        3.0.0-1                               conda-forge            
    libgfortran-ng:     7.5.0-h14aa051_19                     conda-forge            
    libgfortran4:       7.5.0-h14aa051_19                     conda-forge            
    libgomp:            11.2.0-h1d223b6_11                    conda-forge            
    libnsl:             2.0.0-h7f98852_0                      conda-forge            
    libopenblas:        0.3.10-h5a2b251_0                                            
    libstdcxx-ng:       11.2.0-he4da1e4_11                    conda-forge            
    libzlib:            1.2.11-h36c2ea0_1013                  conda-forge            
    more-itertools:     8.11.0-pyhd8ed1ab_0                   conda-forge            
    ncurses:            6.2-h58526e2_4                        conda-forge            
    numpy:              1.15.0-py37_blas_openblashd3ea46f_200 conda-forge             [blas_openblas]
    openblas:           0.2.20-8                              conda-forge            
    openssl:            3.0.0-h7f98852_2                      conda-forge            
    pandas:             0.23.4-py37h637b7d7_1000              conda-forge            
    pip:                21.3.1-pyhd8ed1ab_0                   conda-forge            
    pluggy:             1.0.0-py37h89c1867_2                  conda-forge            
    py:                 1.11.0-pyh6c4a22f_0                   conda-forge            
    pytest:             3.7.1-py37_0                          conda-forge            
    python:             3.7.12-hf930737_100_cpython           conda-forge            
    python-dateutil:    2.8.2-pyhd8ed1ab_0                    conda-forge            
    python_abi:         3.7-2_cp37m                           conda-forge            
    pytz:               2021.3-pyhd8ed1ab_0                   conda-forge            
    readline:           8.1-h46c0cb4_0                        conda-forge            
    scikit-learn:       0.23.1-py37h8a51577_0                 conda-forge            
    scipy:              1.1.0-py37_blas_openblash7943236_201  conda-forge             [blas_openblas]
    setuptools:         58.5.3-py37h89c1867_0                 conda-forge            
    six:                1.16.0-pyh6c4a22f_0                   conda-forge            
    sqlite:             3.36.0-h9cd32fc_2                     conda-forge            
    threadpoolctl:      3.0.0-pyh8a188c0_0                    conda-forge            
    tk:                 8.6.11-h27826a3_1                     conda-forge            
    typing_extensions:  3.10.0.2-pyha770c72_0                 conda-forge            
    wheel:              0.37.0-pyhd8ed1ab_1                   conda-forge            
    xz:                 5.2.5-h516909a_1                      conda-forge            
    zipp:               3.6.0-pyhd8ed1ab_0                    conda-forge            
    zlib:               1.2.11-h36c2ea0_1013                  conda-forge            

Preparing transaction: ...working... done
Verifying transaction: ...working... done
Executing transaction: ...working... done
export PREFIX=/home/vsts/conda/conda-bld/banner_1636881464943/_test_env_placehold_placehold_placehold_placehold_placehold_placehold_placehold_placehold_placehold_placehold_placehold_placehold_placehold_placehold_placehold_placehold_placehold_placehold_placehold_place
export SRC_DIR=/home/vsts/conda/conda-bld/banner_1636881464943/test_tmp

Leaving build/test directories:
  Work:
 /home/vsts/conda/conda-bld/work 
  Test:
 /home/vsts/conda/conda-bld/test_tmp 
Leaving build/test environments:
  Test:
source activate  /home/vsts/conda/conda-bld/_test_env_placehold_placehold_placehold_placehold_placehold_placehold_placehold_placehold_placehold_placehold_placehold_placehold_placehold_placehold_placehold_placehold_placehold_placehold_placehold_placehold_placehold_placeh 
  Build:
source activate  /home/vsts/conda/conda-bld/_build_env 


