Updating build index: /Users/runner/conda/conda-bld

TEST START: /var/folders/24/8k48jl6d249_n_qfxwsl6xvm0000gn/T/tmpo2oijfis/noarch/banner-0.0.2-py_0.tar.bz2
Adding in variants from internal_defaults
Adding in variants from /var/folders/24/8k48jl6d249_n_qfxwsl6xvm0000gn/T/tmpnmqx32g9/info/recipe/conda_build_config.yaml
Reloading output folder: /Users/runner/conda/conda-bld

## Package Plan ##

  environment location: /Users/runner/conda/conda-bld/banner_1635859118318/_test_env_placehold_placehold_placehold_placehold_placehold_placehold_placehold_placehold_placehold_placehold_placehold_placehold_placehold_placehold_placehold_placehold_placehold_placehold_placehold_pl


The following NEW packages will be INSTALLED:

    atomicwrites:       1.4.0-pyh9f0ad1d_0                    conda-forge                                                        
    attrs:              21.2.0-pyhd8ed1ab_0                   conda-forge                                                        
    banner:             0.0.2-py_0                            file:///var/folders/24/8k48jl6d249_n_qfxwsl6xvm0000gn/T/tmpo2oijfis
    blas:               1.1-openblas                          conda-forge                                                        
    ca-certificates:    2021.10.8-h033912b_0                  conda-forge                                                        
    importlib-metadata: 4.8.1-py37hf985489_1                  conda-forge                                                        
    importlib_metadata: 4.8.1-hd8ed1ab_1                      conda-forge                                                        
    joblib:             1.1.0-pyhd8ed1ab_0                    conda-forge                                                        
    libblas:            3.8.0-17_openblas                     conda-forge                                                        
    libcblas:           3.8.0-17_openblas                     conda-forge                                                        
    libcxx:             12.0.1-habf9029_0                     conda-forge                                                        
    libffi:             3.4.2-he49afe7_4                      conda-forge                                                        
    libgfortran:        3.0.1-0                               conda-forge                                                        
    libopenblas:        0.3.10-h0794777_0                                                                                        
    libzlib:            1.2.11-h9173be1_1013                  conda-forge                                                        
    llvm-openmp:        12.0.1-hda6cdc1_1                     conda-forge                                                        
    more-itertools:     8.10.0-pyhd8ed1ab_0                   conda-forge                                                        
    ncurses:            6.2-h2e338ed_4                        conda-forge                                                        
    numpy:              1.15.0-py37_blas_openblashd3ea46f_200 conda-forge                                                         [blas_openblas]
    openblas:           0.2.20-8                              conda-forge                                                        
    openssl:            3.0.0-h0d85af4_1                      conda-forge                                                        
    pandas:             0.23.4-py37h1702cab_1000              conda-forge                                                        
    pip:                21.3.1-pyhd8ed1ab_0                   conda-forge                                                        
    pluggy:             1.0.0-py37hf985489_2                  conda-forge                                                        
    py:                 1.10.0-pyhd3deb0d_0                   conda-forge                                                        
    pytest:             3.7.1-py37_0                          conda-forge                                                        
    python:             3.7.12-hf3644f1_100_cpython           conda-forge                                                        
    python-dateutil:    2.8.2-pyhd8ed1ab_0                    conda-forge                                                        
    python_abi:         3.7-2_cp37m                           conda-forge                                                        
    pytz:               2021.3-pyhd8ed1ab_0                   conda-forge                                                        
    readline:           8.1-h05e3726_0                        conda-forge                                                        
    scikit-learn:       0.23.1-py37hf5857e7_0                 conda-forge                                                        
    scipy:              1.1.0-py37_blas_openblash7943236_201  conda-forge                                                         [blas_openblas]
    setuptools:         58.4.0-py37hf985489_1                 conda-forge                                                        
    six:                1.16.0-pyh6c4a22f_0                   conda-forge                                                        
    sqlite:             3.36.0-h23a322b_2                     conda-forge                                                        
    threadpoolctl:      3.0.0-pyh8a188c0_0                    conda-forge                                                        
    tk:                 8.6.11-h5dbffcc_1                     conda-forge                                                        
    typing_extensions:  3.10.0.2-pyha770c72_0                 conda-forge                                                        
    wheel:              0.37.0-pyhd8ed1ab_1                   conda-forge                                                        
    xz:                 5.2.5-haf1e3a3_1                      conda-forge                                                        
    zipp:               3.6.0-pyhd8ed1ab_0                    conda-forge                                                        
    zlib:               1.2.11-h9173be1_1013                  conda-forge                                                        

Preparing transaction: ...working... done
Verifying transaction: ...working... done
Executing transaction: ...working... done
export PREFIX=/Users/runner/conda/conda-bld/banner_1635859118318/_test_env_placehold_placehold_placehold_placehold_placehold_placehold_placehold_placehold_placehold_placehold_placehold_placehold_placehold_placehold_placehold_placehold_placehold_placehold_placehold_pl
export SRC_DIR=/Users/runner/conda/conda-bld/banner_1635859118318/test_tmp

Leaving build/test directories:
  Work:
 /Users/runner/conda/conda-bld/work 
  Test:
 /Users/runner/conda/conda-bld/test_tmp 
Leaving build/test environments:
  Test:
source activate  /Users/runner/conda/conda-bld/_test_env_placehold_placehold_placehold_placehold_placehold_placehold_placehold_placehold_placehold_placehold_placehold_placehold_placehold_placehold_placehold_placehold_placehold_placehold_placehold_placehold_placehold_pla 
  Build:
source activate  /Users/runner/conda/conda-bld/_build_env 


