Updating build index: /home/vsts/conda/conda-bld

TEST START: /tmp/tmpqcyyt6mt/linux-64/pyopt-1.2.0-py27_1.tar.bz2
Adding in variants from internal_defaults
Adding in variants from /tmp/tmpij1jq5au/info/recipe/conda_build_config.yaml
Reloading output folder: /home/vsts/conda/conda-bld
  Package                Version  Build                  Channel                         Size
───────────────────────────────────────────────────────────────────────────────────────────────
  Install:
───────────────────────────────────────────────────────────────────────────────────────────────

  + _libgcc_mutex            0.1  conda_forge            conda-forge/linux-64          Cached
  + _openmp_mutex            4.5  1_gnu                  conda-forge/linux-64          Cached
  + ca-certificates    2021.10.8  ha878542_0             conda-forge/linux-64          Cached
  + certifi           2019.11.28  py27h8c360ce_1         conda-forge/linux-64          149 KB
  + ld_impl_linux-64      2.36.1  hea4e1c9_2             conda-forge/linux-64          Cached
  + libblas                3.9.0  12_linux64_openblas    conda-forge/linux-64           12 KB
  + libcblas               3.9.0  12_linux64_openblas    conda-forge/linux-64           12 KB
  + libffi                 3.2.1  he1b5a44_1007          conda-forge/linux-64           47 KB
  + libgcc-ng             11.2.0  h1d223b6_11            conda-forge/linux-64          Cached
  + libgfortran-ng        11.2.0  h69a702a_11            conda-forge/linux-64           19 KB
  + libgfortran5          11.2.0  h5c6108e_11            conda-forge/linux-64            2 MB
  + libgomp               11.2.0  h1d223b6_11            conda-forge/linux-64          Cached
  + liblapack              3.9.0  12_linux64_openblas    conda-forge/linux-64           12 KB
  + libopenblas           0.3.18  pthreads_h8fe5266_0    conda-forge/linux-64           10 MB
  + libstdcxx-ng          11.2.0  he4da1e4_11            conda-forge/linux-64          Cached
  + libzlib               1.2.11  h36c2ea0_1013          conda-forge/linux-64          Cached
  + mpi                      1.0  mpich                  conda-forge/linux-64            4 KB
  + mpi4py                 3.0.3  py27hf423c55_1         conda-forge/linux-64          632 KB
  + mpich                  3.4.2  h846660c_100           conda-forge/linux-64           10 MB
  + ncurses                  6.2  h58526e2_4             conda-forge/linux-64          Cached
  + numpy                 1.16.5  py27h95a1406_0         conda-forge/linux-64            4 MB
  + openssl               1.1.1l  h7f98852_0             conda-forge/linux-64          Cached
  + pip                   20.1.1  pyh9f0ad1d_0           conda-forge/noarch              1 MB
  + pyopt                  1.2.0  py27_1                 /tmp/tmpqcyyt6mt/linux-64       2 MB
  + python                2.7.15  h5a48372_1011_cpython  conda-forge/linux-64           12 MB
  + python_abi               2.7  1_cp27mu               conda-forge/linux-64            4 KB
  + readline                 8.1  h46c0cb4_0             conda-forge/linux-64          Cached
  + setuptools            44.0.0  py27_0                 conda-forge/linux-64          663 KB
  + sqlite                3.36.0  h9cd32fc_2             conda-forge/linux-64          Cached
  + tk                    8.6.11  h27826a3_1             conda-forge/linux-64          Cached
  + wheel                 0.37.0  pyhd8ed1ab_1           conda-forge/noarch            Cached
  + zlib                  1.2.11  h36c2ea0_1013          conda-forge/linux-64          Cached

  Summary:

  Install: 32 packages

  Total download: 43 MB

───────────────────────────────────────────────────────────────────────────────────────────────


## Package Plan ##

  environment location: /home/vsts/conda/conda-bld/pyopt_1635557960855/_test_env_placehold_placehold_placehold_placehold_placehold_placehold_placehold_placehold_placehold_placehold_placehold_placehold_placehold_placehold_placehold_placehold_placehold_placehold_placehold_placeh


The following NEW packages will be INSTALLED:

    _libgcc_mutex:    0.1-conda_forge              conda-forge            
    _openmp_mutex:    4.5-1_gnu                    conda-forge            
    ca-certificates:  2021.10.8-ha878542_0         conda-forge            
    certifi:          2019.11.28-py27h8c360ce_1    conda-forge            
    ld_impl_linux-64: 2.36.1-hea4e1c9_2            conda-forge            
    libblas:          3.9.0-12_linux64_openblas    conda-forge            
    libcblas:         3.9.0-12_linux64_openblas    conda-forge            
    libffi:           3.2.1-he1b5a44_1007          conda-forge            
    libgcc-ng:        11.2.0-h1d223b6_11           conda-forge            
    libgfortran-ng:   11.2.0-h69a702a_11           conda-forge            
    libgfortran5:     11.2.0-h5c6108e_11           conda-forge            
    libgomp:          11.2.0-h1d223b6_11           conda-forge            
    liblapack:        3.9.0-12_linux64_openblas    conda-forge            
    libopenblas:      0.3.18-pthreads_h8fe5266_0   conda-forge            
    libstdcxx-ng:     11.2.0-he4da1e4_11           conda-forge            
    libzlib:          1.2.11-h36c2ea0_1013         conda-forge            
    mpi:              1.0-mpich                    conda-forge            
    mpi4py:           3.0.3-py27hf423c55_1         conda-forge            
    mpich:            3.4.2-h846660c_100           conda-forge            
    ncurses:          6.2-h58526e2_4               conda-forge            
    numpy:            1.16.5-py27h95a1406_0        conda-forge            
    openssl:          1.1.1l-h7f98852_0            conda-forge            
    pip:              20.1.1-pyh9f0ad1d_0          conda-forge            
    pyopt:            1.2.0-py27_1                 file:///tmp/tmpqcyyt6mt
    python:           2.7.15-h5a48372_1011_cpython conda-forge            
    python_abi:       2.7-1_cp27mu                 conda-forge            
    readline:         8.1-h46c0cb4_0               conda-forge            
    setuptools:       44.0.0-py27_0                conda-forge            
    sqlite:           3.36.0-h9cd32fc_2            conda-forge            
    tk:               8.6.11-h27826a3_1            conda-forge            
    wheel:            0.37.0-pyhd8ed1ab_1          conda-forge            
    zlib:             1.2.11-h36c2ea0_1013         conda-forge            

Preparing transaction: ...working... done
Verifying transaction: ...working... done
Executing transaction: ...working... done
export PREFIX=/home/vsts/conda/conda-bld/pyopt_1635557960855/_test_env_placehold_placehold_placehold_placehold_placehold_placehold_placehold_placehold_placehold_placehold_placehold_placehold_placehold_placehold_placehold_placehold_placehold_placehold_placehold_placeh
export SRC_DIR=/home/vsts/conda/conda-bld/pyopt_1635557960855/test_tmp
===== testing package: pyopt-1.2.0-py27_1 =====
running run_test.py

Leaving build/test directories:
  Work:
 /home/vsts/conda/conda-bld/work 
  Test:
 /home/vsts/conda/conda-bld/test_tmp 
Leaving build/test environments:
  Test:
source activate  /home/vsts/conda/conda-bld/_test_env_placehold_placehold_placehold_placehold_placehold_placehold_placehold_placehold_placehold_placehold_placehold_placehold_placehold_placehold_placehold_placehold_placehold_placehold_placehold_placehold_placehold_placeh 
  Build:
source activate  /home/vsts/conda/conda-bld/_build_env 


