Updating build index: /home/vsts/conda/conda-bld

TEST START: /tmp/tmpfdgilmjq/linux-64/graph-boink-0.11-py37h8b12597_0.tar.bz2
Reloading output folder: /home/vsts/conda/conda-bld

## Package Plan ##

  environment location: /home/vsts/conda/conda-bld/graph-boink_1636583100048/_test_env_placehold_placehold_placehold_placehold_placehold_placehold_placehold_placehold_placehold_placehold_placehold_placehold_placehold_placehold_placehold_placehold_placehold_placehold_placehold_


The following NEW packages will be INSTALLED:

    _libgcc_mutex:            0.1-conda_forge             conda-forge            
    _openmp_mutex:            4.5-1_gnu                   conda-forge            
    binutils_impl_linux-64:   2.36.1-h193b22a_2           conda-forge            
    binutils_linux-64:        2.36-hf3e587d_1             conda-forge            
    blessings:                1.7-py37h89c1867_1005       conda-forge            
    bz2file:                  0.98-py_0                   conda-forge            
    ca-certificates:          2021.10.8-ha878542_0        conda-forge            
    clang:                    8.0.1-hc9558a2_2            conda-forge            
    clang-tools:              8.0.1-hc9558a2_2            conda-forge            
    clangdev:                 8.0.1-hc9558a2_2            conda-forge            
    clangxx:                  8.0.1-2                     conda-forge            
    cppyy:                    2.1.0-py37ha1a9abc_0        conda-forge            
    cppyy-backend:            1.14.6-py37h2527ec5_0       conda-forge            
    cppyy-cling:              6.25.1-py37hfa6fd77_0       conda-forge            
    cpycppyy:                 1.12.7-py37h2527ec5_0       conda-forge            
    gcc_impl_linux-64:        9.4.0-h03d3576_11           conda-forge            
    gcc_linux-64:             9.4.0-h391b98a_1            conda-forge            
    graph-boink:              0.11-py37h8b12597_0         file:///tmp/tmpfdgilmjq
    gxx_impl_linux-64:        9.4.0-h03d3576_11           conda-forge            
    gxx_linux-64:             9.4.0-h0316aca_1            conda-forge            
    kernel-headers_linux-64:  2.6.32-he073ed8_15          conda-forge            
    ld_impl_linux-64:         2.36.1-hea4e1c9_2           conda-forge            
    libblas:                  3.9.0-12_linux64_openblas   conda-forge            
    libcblas:                 3.9.0-12_linux64_openblas   conda-forge            
    libclang:                 8.0.1-hc9558a2_2            conda-forge            
    libcxx:                   12.0.1-h4bd325d_0           conda-forge            
    libcxxabi:                12.0.1-ha770c72_0           conda-forge            
    libffi:                   3.4.2-h7f98852_5            conda-forge            
    libgcc-devel_linux-64:    9.4.0-hd854feb_11           conda-forge            
    libgcc-ng:                11.2.0-h1d223b6_11          conda-forge            
    libgfortran-ng:           11.2.0-h69a702a_11          conda-forge            
    libgfortran5:             11.2.0-h5c6108e_11          conda-forge            
    libgomp:                  11.2.0-h1d223b6_11          conda-forge            
    liblapack:                3.9.0-12_linux64_openblas   conda-forge            
    libllvm8:                 8.0.1-hc9558a2_0            conda-forge            
    libllvm9:                 9.0.1-default_hc23dcda_4    conda-forge            
    libnsl:                   2.0.0-h7f98852_0            conda-forge            
    libopenblas:              0.3.18-pthreads_h8fe5266_0  conda-forge            
    libsanitizer:             9.4.0-h79bfe98_11           conda-forge            
    libstdcxx-devel_linux-64: 9.4.0-hd854feb_11           conda-forge            
    libstdcxx-ng:             11.2.0-he4da1e4_11          conda-forge            
    libzlib:                  1.2.11-h36c2ea0_1013        conda-forge            
    llvm-openmp:              8.0.1-hc9558a2_0            conda-forge            
    llvm-tools:               8.0.1-hc9558a2_0            conda-forge            
    llvmdev:                  8.0.1-hc9558a2_0            conda-forge            
    ncurses:                  6.2-h58526e2_4              conda-forge            
    numpy:                    1.21.4-py37h31617e3_0       conda-forge            
    openmp:                   8.0.1-0                     conda-forge            
    openssl:                  3.0.0-h7f98852_2            conda-forge            
    pip:                      21.3.1-pyhd8ed1ab_0         conda-forge            
    py-cpuinfo:               8.0.0-pyhd8ed1ab_0          conda-forge            
    pyfiglet:                 0.8.post1-py_0              conda-forge            
    python:                   3.7.12-hf930737_100_cpython conda-forge            
    python_abi:               3.7-2_cp37m                 conda-forge            
    readline:                 8.1-h46c0cb4_0              conda-forge            
    screed:                   1.0.5-pyhd8ed1ab_1          conda-forge            
    setuptools:               58.5.3-py37h89c1867_0       conda-forge            
    six:                      1.16.0-pyh6c4a22f_0         conda-forge            
    sqlite:                   3.36.0-h9cd32fc_2           conda-forge            
    sysroot_linux-64:         2.12-he073ed8_15            conda-forge            
    tk:                       8.6.11-h27826a3_1           conda-forge            
    wheel:                    0.37.0-pyhd8ed1ab_1         conda-forge            
    xz:                       5.2.5-h516909a_1            conda-forge            
    zlib:                     1.2.11-h36c2ea0_1013        conda-forge            

Preparing transaction: ...working... done
Verifying transaction: ...working... done
Executing transaction: ...working... done
export PREFIX=/home/vsts/conda/conda-bld/graph-boink_1636583100048/_test_env_placehold_placehold_placehold_placehold_placehold_placehold_placehold_placehold_placehold_placehold_placehold_placehold_placehold_placehold_placehold_placehold_placehold_placehold_placehold_
export SRC_DIR=/home/vsts/conda/conda-bld/graph-boink_1636583100048/test_tmp
INFO: activate-binutils_linux-64.sh made the following environmental changes:
+ADDR2LINE=$PREFIX/bin/x86_64-conda-linux-gnu-addr2line
+AR=$PREFIX/bin/x86_64-conda-linux-gnu-ar
+AS=$PREFIX/bin/x86_64-conda-linux-gnu-as
+CXXFILT=$PREFIX/bin/x86_64-conda-linux-gnu-c++filt
+ELFEDIT=$PREFIX/bin/x86_64-conda-linux-gnu-elfedit
+GPROF=$PREFIX/bin/x86_64-conda-linux-gnu-gprof
+LD=$PREFIX/bin/x86_64-conda-linux-gnu-ld
+LD_GOLD=$PREFIX/bin/x86_64-conda-linux-gnu-ld.gold
+NM=$PREFIX/bin/x86_64-conda-linux-gnu-nm
+OBJCOPY=$PREFIX/bin/x86_64-conda-linux-gnu-objcopy
+OBJDUMP=$PREFIX/bin/x86_64-conda-linux-gnu-objdump
+RANLIB=$PREFIX/bin/x86_64-conda-linux-gnu-ranlib
+READELF=$PREFIX/bin/x86_64-conda-linux-gnu-readelf
+SIZE=$PREFIX/bin/x86_64-conda-linux-gnu-size
+STRINGS=$PREFIX/bin/x86_64-conda-linux-gnu-strings
+STRIP=$PREFIX/bin/x86_64-conda-linux-gnu-strip
INFO: activate-gcc_linux-64.sh made the following environmental changes:
+BUILD=x86_64-conda-linux-gnu
+CC=$PREFIX/bin/x86_64-conda-linux-gnu-cc
+CC_FOR_BUILD=$PREFIX/bin/x86_64-conda-linux-gnu-cc
+CFLAGS=-march=nocona -mtune=haswell -ftree-vectorize -fPIC -fstack-protector-strong -fno-plt -O2 -ffunction-sections -pipe -isystem $PREFIX/include -fdebug-prefix-map=$SRC_DIR=/usr/local/src/conda/graph-boink-0.11 -fdebug-prefix-map=$PREFIX=/usr/local/src/conda-prefix
+CMAKE_ARGS=-DCMAKE_AR=$PREFIX/bin/x86_64-conda-linux-gnu-ar -DCMAKE_CXX_COMPILER_AR=$PREFIX/bin/x86_64-conda-linux-gnu-gcc-ar -DCMAKE_C_COMPILER_AR=$PREFIX/bin/x86_64-conda-linux-gnu-gcc-ar -DCMAKE_RANLIB=$PREFIX/bin/x86_64-conda-linux-gnu-ranlib -DCMAKE_CXX_COMPILER_RANLIB=$PREFIX/bin/x86_64-conda-linux-gnu-gcc-ranlib -DCMAKE_C_COMPILER_RANLIB=$PREFIX/bin/x86_64-conda-linux-gnu-gcc-ranlib -DCMAKE_LINKER=$PREFIX/bin/x86_64-conda-linux-gnu-ld -DCMAKE_STRIP=$PREFIX/bin/x86_64-conda-linux-gnu-strip -DCMAKE_FIND_ROOT_PATH_MODE_PROGRAM=NEVER -DCMAKE_FIND_ROOT_PATH_MODE_LIBRARY=ONLY -DCMAKE_FIND_ROOT_PATH_MODE_INCLUDE=ONLY -DCMAKE_FIND_ROOT_PATH=$PREFIX;/home/vsts/conda/conda-bld/graph-boink_1636583100048/_build_env/x86_64-conda-linux-gnu/sysroot -DCMAKE_INSTALL_PREFIX=$PREFIX -DCMAKE_INSTALL_LIBDIR=lib
+CMAKE_PREFIX_PATH=$PREFIX:$PREFIX/x86_64-conda-linux-gnu/sysroot/usr
+CONDA_BUILD_SYSROOT=$PREFIX/x86_64-conda-linux-gnu/sysroot
+CONDA_TOOLCHAIN_BUILD=x86_64-conda-linux-gnu
+CONDA_TOOLCHAIN_HOST=x86_64-conda-linux-gnu
+CPP=$PREFIX/bin/x86_64-conda-linux-gnu-cpp
+CPPFLAGS=-DNDEBUG -D_FORTIFY_SOURCE=2 -O2 -isystem $PREFIX/include
+DEBUG_CFLAGS=-march=nocona -mtune=haswell -ftree-vectorize -fPIC -fstack-protector-all -fno-plt -Og -g -Wall -Wextra -fvar-tracking-assignments -ffunction-sections -pipe -isystem $PREFIX/include -fdebug-prefix-map=$SRC_DIR=/usr/local/src/conda/graph-boink-0.11 -fdebug-prefix-map=$PREFIX=/usr/local/src/conda-prefix
+DEBUG_CPPFLAGS=-D_DEBUG -D_FORTIFY_SOURCE=2 -Og -isystem $PREFIX/include
+GCC=$PREFIX/bin/x86_64-conda-linux-gnu-gcc
+GCC_AR=$PREFIX/bin/x86_64-conda-linux-gnu-gcc-ar
+GCC_NM=$PREFIX/bin/x86_64-conda-linux-gnu-gcc-nm
+GCC_RANLIB=$PREFIX/bin/x86_64-conda-linux-gnu-gcc-ranlib
+HOST=x86_64-conda-linux-gnu
+LDFLAGS=-Wl,-O2 -Wl,--sort-common -Wl,--as-needed -Wl,-z,relro -Wl,-z,now -Wl,--disable-new-dtags -Wl,--gc-sections -Wl,-rpath,$PREFIX/lib -Wl,-rpath-link,$PREFIX/lib -L$PREFIX/lib
+_CONDA_PYTHON_SYSCONFIGDATA_NAME=_sysconfigdata_x86_64_conda_cos6_linux_gnu
+build_alias=x86_64-conda-linux-gnu
+host_alias=x86_64-conda-linux-gnu
-BUILD=x86_64-conda_cos6-linux-gnu
INFO: activate-gxx_linux-64.sh made the following environmental changes:
+CXX=$PREFIX/bin/x86_64-conda-linux-gnu-c++
+CXXFLAGS=-fvisibility-inlines-hidden -std=c++17 -fmessage-length=0 -march=nocona -mtune=haswell -ftree-vectorize -fPIC -fstack-protector-strong -fno-plt -O2 -ffunction-sections -pipe -isystem $PREFIX/include -fdebug-prefix-map=$SRC_DIR=/usr/local/src/conda/graph-boink-0.11 -fdebug-prefix-map=$PREFIX=/usr/local/src/conda-prefix
+CXX_FOR_BUILD=$PREFIX/bin/x86_64-conda-linux-gnu-c++
+DEBUG_CXXFLAGS=-fvisibility-inlines-hidden -std=c++17 -fmessage-length=0 -march=nocona -mtune=haswell -ftree-vectorize -fPIC -fstack-protector-all -fno-plt -Og -g -Wall -Wextra -fvar-tracking-assignments -ffunction-sections -pipe -isystem $PREFIX/include -fdebug-prefix-map=$SRC_DIR=/usr/local/src/conda/graph-boink-0.11 -fdebug-prefix-map=$PREFIX=/usr/local/src/conda-prefix
+GXX=$PREFIX/bin/x86_64-conda-linux-gnu-g++
import: 'boink'
(Re-)building pre-compiled headers (options: -O2 -mavx); this may take a minute ...

Leaving build/test directories:
  Work:
 /home/vsts/conda/conda-bld/work 
  Test:
 /home/vsts/conda/conda-bld/test_tmp 
Leaving build/test environments:
  Test:
source activate  /home/vsts/conda/conda-bld/_test_env_placehold_placehold_placehold_placehold_placehold_placehold_placehold_placehold_placehold_placehold_placehold_placehold_placehold_placehold_placehold_placehold_placehold_placehold_placehold_placehold_placehold_placeh 
  Build:
source activate  /home/vsts/conda/conda-bld/_build_env 


