Updating build index: /Users/runner/conda/conda-bld

TEST START: /var/folders/24/8k48jl6d249_n_qfxwsl6xvm0000gn/T/tmp2kw9iyae/noarch/pbccs-4.0.0-0.tar.bz2
Adding in variants from internal_defaults
Adding in variants from /var/folders/24/8k48jl6d249_n_qfxwsl6xvm0000gn/T/tmp63rom5ua/info/recipe/conda_build_config.yaml
Reloading output folder: /Users/runner/conda/conda-bld

## Package Plan ##

  environment location: /Users/runner/conda/conda-bld/pbccs_1636270636137/_test_env_placehold_placehold_placehold_placehold_placehold_placehold_placehold_placehold_placehold_placehold_placehold_placehold_placehold_placehold_placehold_placehold_placehold_placehold_placehold_pla


The following NEW packages will be INSTALLED:

    pbccs: 4.0.0-0 file:///var/folders/24/8k48jl6d249_n_qfxwsl6xvm0000gn/T/tmp2kw9iyae

Preparing transaction: ...working... done
Verifying transaction: ...working... done
Executing transaction: ...working... 
##############################################################################
#                                                                            #
# PacBio(R) tools distributed via Bioconda are: pre-release versions, not    #
# necessarily ISO compliant, intended for Research Use Only and not for use  #
# in diagnostic procedures, intended only for command-line users, and        #
# possibly newer than the currently available SMRT(R) Analysis builds. While #
# efforts have been made to ensure that releases on Bioconda live up to the  #
# quality that PacBio strives for, we make no warranty regarding any         #
# Bioconda release.                                                          #
#                                                                            #
# As PacBio tools distributed via Bioconda are not covered by any service    #
# level agreement or the like, please *do not* contact a PacBio Field        #
# Applications Scientist or PacBio Customer Service for assistance with any  #
# Bioconda release. We instead provide an issue tracker for you to report    #
# issues to us at:                                                           #
#                                                                            #
#   https://github.com/PacificBiosciences/pbbioconda                         #
#                                                                            #
# We make no warranty that any such issue will be addressed,                 #
# to any extent or within any time frame.                                    #
#                                                                            #
# PacBio tool ccs, distributed via Bioconda, is licensed under               #
#                                                                            #
#   BSD-3 Clause Clear                                                       #
#                                                                            #
# and statically links GNU C Library v2.29 licensed under LGPL.              #
# Per LPGL 2.1 subsection 6c, you are entitled to request the complete       #
# machine-readable work that uses glibc in object code.                      #
#                                                                            #
# Please see https://github.com/PacificBiosciences/pbbioconda for            #
# information on License, Copyright and Disclaimer                           #
#                                                                            #
##############################################################################

done
export PREFIX=/Users/runner/conda/conda-bld/pbccs_1636270636137/_test_env_placehold_placehold_placehold_placehold_placehold_placehold_placehold_placehold_placehold_placehold_placehold_placehold_placehold_placehold_placehold_placehold_placehold_placehold_placehold_pla
export SRC_DIR=/Users/runner/conda/conda-bld/pbccs_1636270636137/test_tmp

Leaving build/test directories:
  Work:
 /Users/runner/conda/conda-bld/work 
  Test:
 /Users/runner/conda/conda-bld/test_tmp 
Leaving build/test environments:
  Test:
source activate  /Users/runner/conda/conda-bld/_test_env_placehold_placehold_placehold_placehold_placehold_placehold_placehold_placehold_placehold_placehold_placehold_placehold_placehold_placehold_placehold_placehold_placehold_placehold_placehold_placehold_placehold_pla 
  Build:
source activate  /Users/runner/conda/conda-bld/_build_env 


