Updating build index: /home/vsts/conda/conda-bld

TEST START: /tmp/tmp4va4wd21/linux-64/samsifter-1.0.0-py35_0.tar.bz2
Adding in variants from internal_defaults
Reloading output folder: /home/vsts/conda/conda-bld
Mamba failed to solve:
 - samsifter 1.0.0.* py39_0
 - python
 - matplotlib >=1.3.1
 - pandas >=0.14.1
 - numpy >=1.6.1
 - python

with channels:
 - file:///tmp/tmp4va4wd21

The reported errors are:
   Encountered problems while solving:
     - nothing provides requested samsifter 1.0.0.* py39_0
   

Leaving build/test directories:
  Work:
 /home/vsts/conda/conda-bld/work 
  Test:
 /home/vsts/conda/conda-bld/test_tmp 
Leaving build/test environments:
  Test:
source activate  /home/vsts/conda/conda-bld/_test_env_placehold_placehold_placehold_placehold_placehold_placehold_placehold_placehold_placehold_placehold_placehold_placehold_placehold_placehold_placehold_placehold_placehold_placehold_placehold_placehold_placehold_placeh 
  Build:
source activate  /home/vsts/conda/conda-bld/_build_env 


