Updating build index: /home/vsts/conda/conda-bld

TEST START: /tmp/tmp7dzzwweg/noarch/proteomiqon-proteininference-0.0.7-hdfd78af_0.tar.bz2
Reloading output folder: /home/vsts/conda/conda-bld

## Package Plan ##

  environment location: /home/vsts/conda/conda-bld/proteomiqon-proteininference_1636962469357/_test_env_placehold_placehold_placehold_placehold_placehold_placehold_placehold_placehold_placehold_placehold_placehold_placehold_placehold_placehold_placehold_placehold_placehold_pla


The following NEW packages will be INSTALLED:

    _libgcc_mutex:                0.1-conda_forge         conda-forge            
    _openmp_mutex:                4.5-1_gnu               conda-forge            
    c-ares:                       1.18.1-h7f98852_0       conda-forge            
    ca-certificates:              2021.10.8-ha878542_0    conda-forge            
    dotnet-runtime:               6.0.0-h73ebe80_0        conda-forge            
    icu:                          69.1-h9c3ff4c_0         conda-forge            
    krb5:                         1.19.2-h48eae69_3       conda-forge            
    libcurl:                      7.80.0-h494985f_0       conda-forge            
    libedit:                      3.1.20191231-he28a2e2_2 conda-forge            
    libev:                        4.33-h516909a_1         conda-forge            
    libgcc-ng:                    11.2.0-h1d223b6_11      conda-forge            
    libgomp:                      11.2.0-h1d223b6_11      conda-forge            
    libnghttp2:                   1.43.0-ha19adfc_1       conda-forge            
    libssh2:                      1.10.0-ha35d2d1_2       conda-forge            
    libstdcxx-ng:                 11.2.0-he4da1e4_11      conda-forge            
    liburcu:                      0.12-h516909a_0         conda-forge            
    libzlib:                      1.2.11-h36c2ea0_1013    conda-forge            
    lttng-ust:                    2.10-hfb453c0_0         conda-forge            
    ncurses:                      6.2-h58526e2_4          conda-forge            
    openssl:                      3.0.0-h7f98852_2        conda-forge            
    proteomiqon-proteininference: 0.0.7-hdfd78af_0        file:///tmp/tmp7dzzwweg
    tk:                           8.6.11-h27826a3_1       conda-forge            
    zlib:                         1.2.11-h36c2ea0_1013    conda-forge            

Preparing transaction: ...working... done
Verifying transaction: ...working... done
Executing transaction: ...working... done
export PREFIX=/home/vsts/conda/conda-bld/proteomiqon-proteininference_1636962469357/_test_env_placehold_placehold_placehold_placehold_placehold_placehold_placehold_placehold_placehold_placehold_placehold_placehold_placehold_placehold_placehold_placehold_placehold_pla
export SRC_DIR=/home/vsts/conda/conda-bld/proteomiqon-proteininference_1636962469357/test_tmp

Leaving build/test directories:
  Work:
 /home/vsts/conda/conda-bld/work 
  Test:
 /home/vsts/conda/conda-bld/test_tmp 
Leaving build/test environments:
  Test:
source activate  /home/vsts/conda/conda-bld/_test_env_placehold_placehold_placehold_placehold_placehold_placehold_placehold_placehold_placehold_placehold_placehold_placehold_placehold_placehold_placehold_placehold_placehold_placehold_placehold_placehold_placehold_placeh 
  Build:
source activate  /home/vsts/conda/conda-bld/_build_env 


