Updating build index: /home/vsts/conda/conda-bld

TEST START: /tmp/tmpxhby4iv0/linux-64/ghmm-0.9-py27hc9114bc_1.tar.bz2
Reloading output folder: /home/vsts/conda/conda-bld
  Package                Version  Build                  Channel                         Size
───────────────────────────────────────────────────────────────────────────────────────────────
  Install:
───────────────────────────────────────────────────────────────────────────────────────────────

  + _libgcc_mutex            0.1  conda_forge            conda-forge/linux-64          Cached
  + _openmp_mutex            4.5  1_gnu                  conda-forge/linux-64          Cached
  + ca-certificates    2021.10.8  ha878542_0             conda-forge/linux-64          Cached
  + certifi           2019.11.28  py27h8c360ce_1         conda-forge/linux-64          149 KB
  + ghmm                     0.9  py27hc9114bc_1         /tmp/tmpxhby4iv0/linux-64     820 KB
  + icu                     69.1  h9c3ff4c_0             conda-forge/linux-64          Cached
  + ld_impl_linux-64      2.36.1  hea4e1c9_2             conda-forge/linux-64          Cached
  + libffi                 3.2.1  he1b5a44_1007          conda-forge/linux-64           47 KB
  + libgcc-ng             11.2.0  h1d223b6_11            conda-forge/linux-64          Cached
  + libgomp               11.2.0  h1d223b6_11            conda-forge/linux-64          Cached
  + libiconv                1.16  h516909a_0             conda-forge/linux-64          Cached
  + libstdcxx-ng          11.2.0  he4da1e4_11            conda-forge/linux-64          Cached
  + libxml2               2.9.12  h885dcf4_1             conda-forge/linux-64          Cached
  + libzlib               1.2.11  h36c2ea0_1013          conda-forge/linux-64          Cached
  + ncurses                  6.2  h58526e2_4             conda-forge/linux-64          Cached
  + openssl               1.1.1l  h7f98852_0             conda-forge/linux-64          Cached
  + pcre                    8.45  h9c3ff4c_0             conda-forge/linux-64          Cached
  + pip                   20.1.1  pyh9f0ad1d_0           conda-forge/noarch              1 MB
  + python                2.7.15  h5a48372_1011_cpython  conda-forge/linux-64           12 MB
  + python_abi               2.7  1_cp27mu               conda-forge/linux-64            4 KB
  + readline                 8.1  h46c0cb4_0             conda-forge/linux-64          Cached
  + setuptools            44.0.0  py27_0                 conda-forge/linux-64          663 KB
  + sqlite                3.36.0  h9cd32fc_2             conda-forge/linux-64          Cached
  + swig                   4.0.2  hd3c618e_2             conda-forge/linux-64            1 MB
  + tk                    8.6.11  h27826a3_1             conda-forge/linux-64          Cached
  + wheel                 0.37.0  pyhd8ed1ab_1           conda-forge/noarch            Cached
  + xz                     5.2.5  h516909a_1             conda-forge/linux-64          Cached
  + zlib                  1.2.11  h36c2ea0_1013          conda-forge/linux-64          Cached

  Summary:

  Install: 28 packages

  Total download: 16 MB

───────────────────────────────────────────────────────────────────────────────────────────────


## Package Plan ##

  environment location: /home/vsts/conda/conda-bld/ghmm_1635786344099/_test_env_placehold_placehold_placehold_placehold_placehold_placehold_placehold_placehold_placehold_placehold_placehold_placehold_placehold_placehold_placehold_placehold_placehold_placehold_placehold_placeho


The following NEW packages will be INSTALLED:

    _libgcc_mutex:    0.1-conda_forge              conda-forge            
    _openmp_mutex:    4.5-1_gnu                    conda-forge            
    ca-certificates:  2021.10.8-ha878542_0         conda-forge            
    certifi:          2019.11.28-py27h8c360ce_1    conda-forge            
    ghmm:             0.9-py27hc9114bc_1           file:///tmp/tmpxhby4iv0
    icu:              69.1-h9c3ff4c_0              conda-forge            
    ld_impl_linux-64: 2.36.1-hea4e1c9_2            conda-forge            
    libffi:           3.2.1-he1b5a44_1007          conda-forge            
    libgcc-ng:        11.2.0-h1d223b6_11           conda-forge            
    libgomp:          11.2.0-h1d223b6_11           conda-forge            
    libiconv:         1.16-h516909a_0              conda-forge            
    libstdcxx-ng:     11.2.0-he4da1e4_11           conda-forge            
    libxml2:          2.9.12-h885dcf4_1            conda-forge            
    libzlib:          1.2.11-h36c2ea0_1013         conda-forge            
    ncurses:          6.2-h58526e2_4               conda-forge            
    openssl:          1.1.1l-h7f98852_0            conda-forge            
    pcre:             8.45-h9c3ff4c_0              conda-forge            
    pip:              20.1.1-pyh9f0ad1d_0          conda-forge            
    python:           2.7.15-h5a48372_1011_cpython conda-forge            
    python_abi:       2.7-1_cp27mu                 conda-forge            
    readline:         8.1-h46c0cb4_0               conda-forge            
    setuptools:       44.0.0-py27_0                conda-forge            
    sqlite:           3.36.0-h9cd32fc_2            conda-forge            
    swig:             4.0.2-hd3c618e_2             conda-forge            
    tk:               8.6.11-h27826a3_1            conda-forge            
    wheel:            0.37.0-pyhd8ed1ab_1          conda-forge            
    xz:               5.2.5-h516909a_1             conda-forge            
    zlib:             1.2.11-h36c2ea0_1013         conda-forge            

Preparing transaction: ...working... done
Verifying transaction: ...working... done
Executing transaction: ...working... done
export PREFIX=/home/vsts/conda/conda-bld/ghmm_1635786344099/_test_env_placehold_placehold_placehold_placehold_placehold_placehold_placehold_placehold_placehold_placehold_placehold_placehold_placehold_placehold_placehold_placehold_placehold_placehold_placehold_placeho
export SRC_DIR=/home/vsts/conda/conda-bld/ghmm_1635786344099/test_tmp
import: 'ghmm'

Leaving build/test directories:
  Work:
 /home/vsts/conda/conda-bld/work 
  Test:
 /home/vsts/conda/conda-bld/test_tmp 
Leaving build/test environments:
  Test:
source activate  /home/vsts/conda/conda-bld/_test_env_placehold_placehold_placehold_placehold_placehold_placehold_placehold_placehold_placehold_placehold_placehold_placehold_placehold_placehold_placehold_placehold_placehold_placehold_placehold_placehold_placehold_placeh 
  Build:
source activate  /home/vsts/conda/conda-bld/_build_env 


