Updating build index: /home/vsts/conda/conda-bld

TEST START: /tmp/tmp1uoryidp/noarch/open-cravat-2.2.7-pyh5e36f6f_0.tar.bz2
Reloading output folder: /home/vsts/conda/conda-bld
  Package                   Version  Build               Channel                       Size
─────────────────────────────────────────────────────────────────────────────────────────────
  Install:
─────────────────────────────────────────────────────────────────────────────────────────────

  + _libgcc_mutex               0.1  conda_forge         conda-forge/linux-64        Cached
  + _openmp_mutex               4.5  1_gnu               conda-forge/linux-64        Cached
  + aiohttp             3.7.4.post0  py39h3811e60_0      conda-forge/linux-64        624 KB
  + aiosqlite                0.17.0  pyhd8ed1ab_0        conda-forge/noarch           16 KB
  + async-timeout             3.0.1  py_1000             conda-forge/noarch           11 KB
  + attrs                    21.2.0  pyhd8ed1ab_0        conda-forge/noarch          Cached
  + brotlipy                  0.7.0  py39h3811e60_1001   conda-forge/linux-64        Cached
  + ca-certificates       2021.10.8  ha878542_0          conda-forge/linux-64        Cached
  + certifi               2021.10.8  py39hf3d152e_0      conda-forge/linux-64        Cached
  + cffi                     1.14.6  py39h4bc2ebd_1      conda-forge/linux-64        Cached
  + chardet                   4.0.0  py39hf3d152e_1      conda-forge/linux-64        Cached
  + charset-normalizer        2.0.0  pyhd8ed1ab_0        conda-forge/noarch          Cached
  + cryptography             35.0.0  py39hbca0aa6_0      conda-forge/linux-64        Cached
  + et_xmlfile                1.0.1  py_1001             conda-forge/noarch           11 KB
  + idna                        3.1  pyhd3deb0d_0        conda-forge/noarch          Cached
  + importlib-metadata        4.8.1  py39hf3d152e_0      conda-forge/linux-64        Cached
  + intervaltree              3.0.2  py_0                conda-forge/noarch           23 KB
  + ld_impl_linux-64         2.36.1  hea4e1c9_2          conda-forge/linux-64        Cached
  + libffi                    3.4.2  h9c3ff4c_4          conda-forge/linux-64        Cached
  + libgcc-ng                11.2.0  h1d223b6_11         conda-forge/linux-64        Cached
  + libgomp                  11.2.0  h1d223b6_11         conda-forge/linux-64        Cached
  + libstdcxx-ng             11.2.0  he4da1e4_11         conda-forge/linux-64        Cached
  + libzlib                  1.2.11  h36c2ea0_1013       conda-forge/linux-64        Cached
  + markdown                  3.3.4  pyhd8ed1ab_0        conda-forge/noarch           67 KB
  + multidict                 5.2.0  py39h3811e60_0      conda-forge/linux-64         64 KB
  + ncurses                     6.2  h58526e2_4          conda-forge/linux-64        Cached
  + nest-asyncio              1.5.1  pyhd8ed1ab_0        conda-forge/noarch            9 KB
  + open-cravat               2.2.7  pyh5e36f6f_0        /tmp/tmp1uoryidp/noarch       3 MB
  + openpyxl                  3.0.9  pyhd8ed1ab_0        conda-forge/noarch          153 KB
  + openssl                  1.1.1l  h7f98852_0          conda-forge/linux-64        Cached
  + oyaml                       1.0  pyhd8ed1ab_0        conda-forge/noarch            6 KB
  + pip                        21.3  pyhd8ed1ab_0        conda-forge/noarch          Cached
  + psutil                    5.8.0  py39h3811e60_1      conda-forge/linux-64        Cached
  + pycparser                  2.20  pyh9f0ad1d_2        conda-forge/noarch          Cached
  + pyliftover                  0.4  py_0                bioconda/noarch              14 KB
  + pyopenssl                21.0.0  pyhd8ed1ab_0        conda-forge/noarch          Cached
  + pysocks                   1.7.1  py39hf3d152e_3      conda-forge/linux-64        Cached
  + python                    3.9.7  hb7a2778_3_cpython  conda-forge/linux-64        Cached
  + python_abi                  3.9  2_cp39              conda-forge/linux-64        Cached
  + pyvcf                     0.6.8  py39hde42818_1002   conda-forge/linux-64         65 KB
  + pyyaml                      6.0  py39h3811e60_0      conda-forge/linux-64        Cached
  + readline                    8.1  h46c0cb4_0          conda-forge/linux-64        Cached
  + requests                 2.26.0  pyhd8ed1ab_0        conda-forge/noarch          Cached
  + requests-toolbelt         0.9.1  py_0                conda-forge/noarch           40 KB
  + setuptools               58.2.0  py39hf3d152e_0      conda-forge/linux-64        Cached
  + six                      1.16.0  pyh6c4a22f_0        conda-forge/noarch          Cached
  + sortedcontainers          2.4.0  pyhd8ed1ab_0        conda-forge/noarch           26 KB
  + sqlite                   3.36.0  h9cd32fc_2          conda-forge/linux-64        Cached
  + tk                       8.6.11  h27826a3_1          conda-forge/linux-64        Cached
  + twobitreader              3.1.7  pyh864c0ab_1        bioconda/noarch              18 KB
  + typing-extensions      3.10.0.2  hd8ed1ab_0          conda-forge/noarch            8 KB
  + typing_extensions      3.10.0.2  pyha770c72_0        conda-forge/noarch          Cached
  + tzdata                    2021d  he74cb21_0          conda-forge/noarch          Cached
  + urllib3                  1.26.7  pyhd8ed1ab_0        conda-forge/noarch          Cached
  + websockets                 10.0  py39h3811e60_1      conda-forge/linux-64        119 KB
  + wheel                    0.37.0  pyhd8ed1ab_1        conda-forge/noarch          Cached
  + xlsxwriter                3.0.1  pyhd8ed1ab_0        conda-forge/noarch          108 KB
  + xz                        5.2.5  h516909a_1          conda-forge/linux-64        Cached
  + yaml                      0.2.5  h516909a_0          conda-forge/linux-64        Cached
  + yarl                      1.7.0  py39h3811e60_0      conda-forge/linux-64        138 KB
  + zipp                      3.6.0  pyhd8ed1ab_0        conda-forge/noarch          Cached
  + zlib                     1.2.11  h36c2ea0_1013       conda-forge/linux-64        Cached

  Summary:

  Install: 62 packages

  Total download: 4 MB

─────────────────────────────────────────────────────────────────────────────────────────────


## Package Plan ##

  environment location: /home/vsts/conda/conda-bld/open-cravat_1634724337055/_test_env_placehold_placehold_placehold_placehold_placehold_placehold_placehold_placehold_placehold_placehold_placehold_placehold_placehold_placehold_placehold_placehold_placehold_placehold_placehold_


The following NEW packages will be INSTALLED:

    _libgcc_mutex:      0.1-conda_forge            conda-forge            
    _openmp_mutex:      4.5-1_gnu                  conda-forge            
    aiohttp:            3.7.4.post0-py39h3811e60_0 conda-forge            
    aiosqlite:          0.17.0-pyhd8ed1ab_0        conda-forge            
    async-timeout:      3.0.1-py_1000              conda-forge            
    attrs:              21.2.0-pyhd8ed1ab_0        conda-forge            
    brotlipy:           0.7.0-py39h3811e60_1001    conda-forge            
    ca-certificates:    2021.10.8-ha878542_0       conda-forge            
    certifi:            2021.10.8-py39hf3d152e_0   conda-forge            
    cffi:               1.14.6-py39h4bc2ebd_1      conda-forge            
    chardet:            4.0.0-py39hf3d152e_1       conda-forge            
    charset-normalizer: 2.0.0-pyhd8ed1ab_0         conda-forge            
    cryptography:       35.0.0-py39hbca0aa6_0      conda-forge            
    et_xmlfile:         1.0.1-py_1001              conda-forge            
    idna:               3.1-pyhd3deb0d_0           conda-forge            
    importlib-metadata: 4.8.1-py39hf3d152e_0       conda-forge            
    intervaltree:       3.0.2-py_0                 conda-forge            
    ld_impl_linux-64:   2.36.1-hea4e1c9_2          conda-forge            
    libffi:             3.4.2-h9c3ff4c_4           conda-forge            
    libgcc-ng:          11.2.0-h1d223b6_11         conda-forge            
    libgomp:            11.2.0-h1d223b6_11         conda-forge            
    libstdcxx-ng:       11.2.0-he4da1e4_11         conda-forge            
    libzlib:            1.2.11-h36c2ea0_1013       conda-forge            
    markdown:           3.3.4-pyhd8ed1ab_0         conda-forge            
    multidict:          5.2.0-py39h3811e60_0       conda-forge            
    ncurses:            6.2-h58526e2_4             conda-forge            
    nest-asyncio:       1.5.1-pyhd8ed1ab_0         conda-forge            
    open-cravat:        2.2.7-pyh5e36f6f_0         file:///tmp/tmp1uoryidp
    openpyxl:           3.0.9-pyhd8ed1ab_0         conda-forge            
    openssl:            1.1.1l-h7f98852_0          conda-forge            
    oyaml:              1.0-pyhd8ed1ab_0           conda-forge            
    pip:                21.3-pyhd8ed1ab_0          conda-forge            
    psutil:             5.8.0-py39h3811e60_1       conda-forge            
    pycparser:          2.20-pyh9f0ad1d_2          conda-forge            
    pyliftover:         0.4-py_0                   bioconda               
    pyopenssl:          21.0.0-pyhd8ed1ab_0        conda-forge            
    pysocks:            1.7.1-py39hf3d152e_3       conda-forge            
    python:             3.9.7-hb7a2778_3_cpython   conda-forge            
    python_abi:         3.9-2_cp39                 conda-forge            
    pyvcf:              0.6.8-py39hde42818_1002    conda-forge            
    pyyaml:             6.0-py39h3811e60_0         conda-forge            
    readline:           8.1-h46c0cb4_0             conda-forge            
    requests:           2.26.0-pyhd8ed1ab_0        conda-forge            
    requests-toolbelt:  0.9.1-py_0                 conda-forge            
    setuptools:         58.2.0-py39hf3d152e_0      conda-forge            
    six:                1.16.0-pyh6c4a22f_0        conda-forge            
    sortedcontainers:   2.4.0-pyhd8ed1ab_0         conda-forge            
    sqlite:             3.36.0-h9cd32fc_2          conda-forge            
    tk:                 8.6.11-h27826a3_1          conda-forge            
    twobitreader:       3.1.7-pyh864c0ab_1         bioconda               
    typing-extensions:  3.10.0.2-hd8ed1ab_0        conda-forge            
    typing_extensions:  3.10.0.2-pyha770c72_0      conda-forge            
    tzdata:             2021d-he74cb21_0           conda-forge            
    urllib3:            1.26.7-pyhd8ed1ab_0        conda-forge            
    websockets:         10.0-py39h3811e60_1        conda-forge            
    wheel:              0.37.0-pyhd8ed1ab_1        conda-forge            
    xlsxwriter:         3.0.1-pyhd8ed1ab_0         conda-forge            
    xz:                 5.2.5-h516909a_1           conda-forge            
    yaml:               0.2.5-h516909a_0           conda-forge            
    yarl:               1.7.0-py39h3811e60_0       conda-forge            
    zipp:               3.6.0-pyhd8ed1ab_0         conda-forge            
    zlib:               1.2.11-h36c2ea0_1013       conda-forge            

Preparing transaction: ...working... done
Verifying transaction: ...working... done
Executing transaction: ...working... 