Updating build index: /home/vsts/conda/conda-bld

TEST START: /tmp/tmp5p4r6_by/linux-64/nmrpro-20161019-py36_0.tar.bz2
Adding in variants from internal_defaults
Mamba failed to solve:
 - nmrpro 20161019.* py39_0
 - python
 - numpy
 - scipy
 - nmrglue >=0.5
 - python

with channels:
 - file:///tmp/tmp5p4r6_by

The reported errors are:
   Encountered problems while solving:
     - nothing provides requested nmrpro 20161019.* py39_0
   

Leaving build/test directories:
  Work:
 /home/vsts/conda/conda-bld/work 
  Test:
 /home/vsts/conda/conda-bld/test_tmp 
Leaving build/test environments:
  Test:
source activate  /home/vsts/conda/conda-bld/_test_env_placehold_placehold_placehold_placehold_placehold_placehold_placehold_placehold_placehold_placehold_placehold_placehold_placehold_placehold_placehold_placehold_placehold_placehold_placehold_placehold_placehold_placeh 
  Build:
source activate  /home/vsts/conda/conda-bld/_build_env 


