Updating build index: /home/vsts/conda/conda-bld

TEST START: /tmp/tmpl02fatky/linux-64/pycsg-0.3.12-py36_0.tar.bz2
Adding in variants from internal_defaults
Reloading output folder: /home/vsts/conda/conda-bld
Mamba failed to solve:
 - pycsg 0.3.12.* py39_0
 - python
 - python

with channels:
 - file:///tmp/tmpl02fatky

The reported errors are:
   Encountered problems while solving:
     - nothing provides requested pycsg 0.3.12.* py39_0
   

Leaving build/test directories:
  Work:
 /home/vsts/conda/conda-bld/work 
  Test:
 /home/vsts/conda/conda-bld/test_tmp 
Leaving build/test environments:
  Test:
source activate  /home/vsts/conda/conda-bld/_test_env_placehold_placehold_placehold_placehold_placehold_placehold_placehold_placehold_placehold_placehold_placehold_placehold_placehold_placehold_placehold_placehold_placehold_placehold_placehold_placehold_placehold_placeh 
  Build:
source activate  /home/vsts/conda/conda-bld/_build_env 


