Updating build index: /Users/runner/conda/conda-bld

TEST START: /var/folders/24/8k48jl6d249_n_qfxwsl6xvm0000gn/T/tmpmv8ux2cn/osx-64/dx-cwl-0.1.0a20180905-py27_1.tar.bz2
Adding in variants from internal_defaults
Adding in variants from /var/folders/24/8k48jl6d249_n_qfxwsl6xvm0000gn/T/tmprp1pp67_/info/recipe/conda_build_config.yaml
Reloading output folder: /Users/runner/conda/conda-bld
  Package                                     Version  Build                  Channel                                                                   Size
──────────────────────────────────────────────────────────────────────────────────────────────────────────────────────────────────────────────────────────────
  Install:
──────────────────────────────────────────────────────────────────────────────────────────────────────────────────────────────────────────────────────────────

  + argcomplete                                1.12.1  pyh9f0ad1d_0           conda-forge/noarch                                                       34 KB
  + backports                                     1.0  py27_1                 conda-forge/osx-64                                                        4 KB
  + backports.functools_lru_cache               1.6.1  py_0                   conda-forge/noarch                                                        8 KB
  + bagit                                       1.7.0  py_0                   conda-forge/noarch                                                       23 KB
  + beautifulsoup4                              4.8.2  py27_0                 conda-forge/osx-64                                                      153 KB
  + brotlipy                                    0.7.0  py27h0b31af3_1000      conda-forge/osx-64                                                      351 KB
  + ca-certificates                         2021.10.8  h033912b_0             conda-forge/osx-64                                                      Cached
  + cachecontrol                               0.11.7  py_0                   conda-forge/noarch                                                       17 KB
  + certifi                                2019.11.28  py27h8c360ce_1         conda-forge/osx-64                                                      Cached
  + cffi                                       1.14.0  py27h356ff06_0         conda-forge/osx-64                                                      211 KB
  + chardet                                     3.0.4  py27h8c360ce_1006      conda-forge/osx-64                                                      183 KB
  + coloredlogs                                  14.0  py27h8c360ce_1         conda-forge/osx-64                                                       59 KB
  + configparser                                3.7.3  py27h8c360ce_2         conda-forge/osx-64                                                       36 KB
  + contextlib2                           0.6.0.post1  py_0                   conda-forge/noarch                                                       12 KB
  + cryptography                                  2.8  py27hab9f8d5_2         conda-forge/osx-64                                                      592 KB
  + cwltool                        1.0.20191225192155  py27_0                 conda-forge/osx-64                                                      593 KB
  + decorator                                   4.4.2  py_0                   conda-forge/noarch                                                       11 KB
  + dx-cwl                             0.1.0a20180905  py27_1                 /var/folders/24/8k48jl6d249_n_qfxwsl6xvm0000gn/T/tmpmv8ux2cn/osx-64      25 KB
  + dxpy                                      0.314.0  pyh5e36f6f_0           bioconda/noarch                                                         273 KB
  + enum34                                     1.1.10  py27h8c360ce_1         conda-forge/osx-64                                                       49 KB
  + future                                     0.18.2  py27h8c360ce_1         conda-forge/osx-64                                                      722 KB
  + html5lib                                      1.1  pyh9f0ad1d_0           conda-forge/noarch                                                       89 KB
  + humanfriendly                                 8.1  py27h8c360ce_1         conda-forge/osx-64                                                      112 KB
  + icu                                          68.2  he49afe7_0             conda-forge/osx-64                                                      Cached
  + idna                                         2.10  pyh9f0ad1d_0           conda-forge/noarch                                                       52 KB
  + importlib_metadata                          1.5.0  py27_0                 conda-forge/osx-64                                                       41 KB
  + ipaddress                                  1.0.23  py_0                   conda-forge/noarch                                                       19 KB
  + isodate                                     0.6.0  py_1                   conda-forge/noarch                                                       25 KB
  + keepalive                                     0.5  py27_0                 conda-forge/osx-64                                                       14 KB
  + libcxx                                     12.0.1  habf9029_0             conda-forge/osx-64                                                      Cached
  + libffi                                      3.2.1  hb1e8313_1007          conda-forge/osx-64                                                      Cached
  + libiconv                                     1.16  haf1e3a3_0             conda-forge/osx-64                                                      Cached
  + libmagic                                     5.39  haaf19a9_0             conda-forge/osx-64                                                      273 KB
  + libxml2                                    2.9.12  h93ec3fd_0             conda-forge/osx-64                                                      Cached
  + libxslt                                    1.1.33  h5739fc3_2             conda-forge/osx-64                                                      488 KB
  + libzlib                                    1.2.11  h9173be1_1013          conda-forge/osx-64                                                      Cached
  + lockfile                                   0.12.2  py27_0                 conda-forge/osx-64                                                       15 KB
  + lxml                                        4.5.0  py27hd19eb8e_1         conda-forge/osx-64                                                        1 MB
  + mistune                                     0.8.4  py27h89ed719_1001      conda-forge/osx-64                                                       53 KB
  + monotonic                                     1.5  py_0                   conda-forge/noarch                                                        9 KB
  + more-itertools                              5.0.0  py_0                   conda-forge/noarch                                                       44 KB
  + mypy_extensions                             0.4.3  py27h8c360ce_1         conda-forge/osx-64                                                        9 KB
  + ncurses                                       6.2  h2e338ed_4             conda-forge/osx-64                                                      Cached
  + networkx                                      2.2  py_1                   conda-forge/noarch                                                        1 MB
  + openssl                                    1.1.1l  h0d85af4_0             conda-forge/osx-64                                                      Cached
  + pathlib2                                    2.3.5  py27h8c360ce_1         conda-forge/osx-64                                                       33 KB
  + pip                                        20.1.1  pyh9f0ad1d_0           conda-forge/noarch                                                      Cached
  + prov                                        1.5.1  py27_0                 conda-forge/osx-64                                                      177 KB
  + psutil                                      5.7.0  py27h89ed719_1         conda-forge/osx-64                                                      326 KB
  + pycparser                                    2.20  pyh9f0ad1d_2           conda-forge/noarch                                                      Cached
  + pydotplus                                   2.0.2  py27_0                 conda-forge/osx-64                                                       38 KB
  + pyopenssl                                  19.1.0  py27_0                 conda-forge/osx-64                                                       81 KB
  + pyparsing                                   2.4.7  pyh9f0ad1d_0           conda-forge/noarch                                                       60 KB
  + pysocks                                     1.7.1  py27h8c360ce_1         conda-forge/osx-64                                                       26 KB
  + python                                     2.7.15  h8e446fc_1011_cpython  conda-forge/osx-64                                                      Cached
  + python-dateutil                             2.8.1  py_0                   conda-forge/noarch                                                      220 KB
  + python-magic                               0.4.15  py27h8c360ce_1002      conda-forge/osx-64                                                       11 KB
  + python_abi                                    2.7  1_cp27m                conda-forge/osx-64                                                      Cached
  + pyyaml                                      5.3.1  py27h89ed719_0         conda-forge/osx-64                                                      171 KB
  + rdflib                                      4.2.2  py27_1000              conda-forge/osx-64                                                      550 KB
  + rdflib-jsonld                               0.4.0  py27_1000              conda-forge/osx-64                                                       25 KB
  + readline                                      8.1  h05e3726_0             conda-forge/osx-64                                                      Cached
  + requests                                   2.23.0  py27h8c360ce_1         conda-forge/osx-64                                                       84 KB
  + ruamel                                        1.0  py27h8c360ce_2         conda-forge/osx-64                                                        4 KB
  + ruamel.ordereddict                         0.4.14  py27h0b31af3_0         conda-forge/osx-64                                                       34 KB
  + ruamel.yaml                              0.15.100  py27h01d97ff_0         conda-forge/osx-64                                                      302 KB
  + scandir                                    1.10.0  py27h89ed719_1         conda-forge/osx-64                                                       26 KB
  + schema-salad                   4.5.20191229160203  py27_0                 conda-forge/osx-64                                                      376 KB
  + setuptools                                 44.0.0  py27_0                 conda-forge/osx-64                                                      Cached
  + shellescape                                 3.4.1  py_0                   conda-forge/noarch                                                        7 KB
  + six                                        1.16.0  pyh6c4a22f_0           conda-forge/noarch                                                      Cached
  + soupsieve                                   1.9.4  py27h8c360ce_1         conda-forge/osx-64                                                       56 KB
  + sparqlwrapper                               1.8.5  py27h8c360ce_1002      conda-forge/osx-64                                                       39 KB
  + sqlite                                     3.36.0  h23a322b_2             conda-forge/osx-64                                                      Cached
  + subprocess32                                3.5.4  py27h0b31af3_0         conda-forge/osx-64                                                       44 KB
  + tk                                         8.6.11  h5dbffcc_1             conda-forge/osx-64                                                      Cached
  + typing                                    3.7.4.1  py27h8c360ce_1         conda-forge/osx-64                                                       46 KB
  + typing_extensions                         3.7.4.1  py27h8c360ce_1         conda-forge/osx-64                                                       16 KB
  + urllib3                                   1.25.11  py_0                   conda-forge/noarch                                                       93 KB
  + webencodings                                0.5.1  py27_0                 conda-forge/osx-64                                                       20 KB
  + websocket-client                           0.57.0  py27h8c360ce_1         conda-forge/osx-64                                                       57 KB
  + wheel                                      0.37.0  pyhd8ed1ab_1           conda-forge/noarch                                                      Cached
  + xattr                                       0.9.6  py27h0b31af3_1000      conda-forge/osx-64                                                       23 KB
  + xz                                          5.2.5  haf1e3a3_1             conda-forge/osx-64                                                      Cached
  + yaml                                        0.2.5  haf1e3a3_0             conda-forge/osx-64                                                      Cached
  + zipp                                        1.0.0  py_0                   conda-forge/noarch                                                        7 KB
  + zlib                                       1.2.11  h9173be1_1013          conda-forge/osx-64                                                      Cached

  Summary:

  Install: 87 packages

  Total download: 10 MB

──────────────────────────────────────────────────────────────────────────────────────────────────────────────────────────────────────────────────────────────


## Package Plan ##

  environment location: /Users/runner/conda/conda-bld/dx-cwl_1635463596171/_test_env_placehold_placehold_placehold_placehold_placehold_placehold_placehold_placehold_placehold_placehold_placehold_placehold_placehold_placehold_placehold_placehold_placehold_placehold_placehold_pl


The following NEW packages will be INSTALLED:

    argcomplete:                   1.12.1-pyh9f0ad1d_0          conda-forge                                                        
    backports:                     1.0-py27_1                   conda-forge                                                        
    backports.functools_lru_cache: 1.6.1-py_0                   conda-forge                                                        
    bagit:                         1.7.0-py_0                   conda-forge                                                        
    beautifulsoup4:                4.8.2-py27_0                 conda-forge                                                        
    brotlipy:                      0.7.0-py27h0b31af3_1000      conda-forge                                                        
    ca-certificates:               2021.10.8-h033912b_0         conda-forge                                                        
    cachecontrol:                  0.11.7-py_0                  conda-forge                                                        
    certifi:                       2019.11.28-py27h8c360ce_1    conda-forge                                                        
    cffi:                          1.14.0-py27h356ff06_0        conda-forge                                                        
    chardet:                       3.0.4-py27h8c360ce_1006      conda-forge                                                        
    coloredlogs:                   14.0-py27h8c360ce_1          conda-forge                                                        
    configparser:                  3.7.3-py27h8c360ce_2         conda-forge                                                        
    contextlib2:                   0.6.0.post1-py_0             conda-forge                                                        
    cryptography:                  2.8-py27hab9f8d5_2           conda-forge                                                        
    cwltool:                       1.0.20191225192155-py27_0    conda-forge                                                        
    decorator:                     4.4.2-py_0                   conda-forge                                                        
    dx-cwl:                        0.1.0a20180905-py27_1        file:///var/folders/24/8k48jl6d249_n_qfxwsl6xvm0000gn/T/tmpmv8ux2cn
    dxpy:                          0.314.0-pyh5e36f6f_0         bioconda                                                           
    enum34:                        1.1.10-py27h8c360ce_1        conda-forge                                                        
    future:                        0.18.2-py27h8c360ce_1        conda-forge                                                        
    html5lib:                      1.1-pyh9f0ad1d_0             conda-forge                                                        
    humanfriendly:                 8.1-py27h8c360ce_1           conda-forge                                                        
    icu:                           68.2-he49afe7_0              conda-forge                                                        
    idna:                          2.10-pyh9f0ad1d_0            conda-forge                                                        
    importlib_metadata:            1.5.0-py27_0                 conda-forge                                                        
    ipaddress:                     1.0.23-py_0                  conda-forge                                                        
    isodate:                       0.6.0-py_1                   conda-forge                                                        
    keepalive:                     0.5-py27_0                   conda-forge                                                        
    libcxx:                        12.0.1-habf9029_0            conda-forge                                                        
    libffi:                        3.2.1-hb1e8313_1007          conda-forge                                                        
    libiconv:                      1.16-haf1e3a3_0              conda-forge                                                        
    libmagic:                      5.39-haaf19a9_0              conda-forge                                                        
    libxml2:                       2.9.12-h93ec3fd_0            conda-forge                                                        
    libxslt:                       1.1.33-h5739fc3_2            conda-forge                                                        
    libzlib:                       1.2.11-h9173be1_1013         conda-forge                                                        
    lockfile:                      0.12.2-py27_0                conda-forge                                                        
    lxml:                          4.5.0-py27hd19eb8e_1         conda-forge                                                        
    mistune:                       0.8.4-py27h89ed719_1001      conda-forge                                                        
    monotonic:                     1.5-py_0                     conda-forge                                                        
    more-itertools:                5.0.0-py_0                   conda-forge                                                        
    mypy_extensions:               0.4.3-py27h8c360ce_1         conda-forge                                                        
    ncurses:                       6.2-h2e338ed_4               conda-forge                                                        
    networkx:                      2.2-py_1                     conda-forge                                                        
    openssl:                       1.1.1l-h0d85af4_0            conda-forge                                                        
    pathlib2:                      2.3.5-py27h8c360ce_1         conda-forge                                                        
    pip:                           20.1.1-pyh9f0ad1d_0          conda-forge                                                        
    prov:                          1.5.1-py27_0                 conda-forge                                                        
    psutil:                        5.7.0-py27h89ed719_1         conda-forge                                                        
    pycparser:                     2.20-pyh9f0ad1d_2            conda-forge                                                        
    pydotplus:                     2.0.2-py27_0                 conda-forge                                                        
    pyopenssl:                     19.1.0-py27_0                conda-forge                                                        
    pyparsing:                     2.4.7-pyh9f0ad1d_0           conda-forge                                                        
    pysocks:                       1.7.1-py27h8c360ce_1         conda-forge                                                        
    python:                        2.7.15-h8e446fc_1011_cpython conda-forge                                                        
    python-dateutil:               2.8.1-py_0                   conda-forge                                                        
    python-magic:                  0.4.15-py27h8c360ce_1002     conda-forge                                                        
    python_abi:                    2.7-1_cp27m                  conda-forge                                                        
    pyyaml:                        5.3.1-py27h89ed719_0         conda-forge                                                        
    rdflib:                        4.2.2-py27_1000              conda-forge                                                        
    rdflib-jsonld:                 0.4.0-py27_1000              conda-forge                                                        
    readline:                      8.1-h05e3726_0               conda-forge                                                        
    requests:                      2.23.0-py27h8c360ce_1        conda-forge                                                        
    ruamel:                        1.0-py27h8c360ce_2           conda-forge                                                        
    ruamel.ordereddict:            0.4.14-py27h0b31af3_0        conda-forge                                                        
    ruamel.yaml:                   0.15.100-py27h01d97ff_0      conda-forge                                                        
    scandir:                       1.10.0-py27h89ed719_1        conda-forge                                                        
    schema-salad:                  4.5.20191229160203-py27_0    conda-forge                                                        
    setuptools:                    44.0.0-py27_0                conda-forge                                                        
    shellescape:                   3.4.1-py_0                   conda-forge                                                        
    six:                           1.16.0-pyh6c4a22f_0          conda-forge                                                        
    soupsieve:                     1.9.4-py27h8c360ce_1         conda-forge                                                        
    sparqlwrapper:                 1.8.5-py27h8c360ce_1002      conda-forge                                                        
    sqlite:                        3.36.0-h23a322b_2            conda-forge                                                        
    subprocess32:                  3.5.4-py27h0b31af3_0         conda-forge                                                        
    tk:                            8.6.11-h5dbffcc_1            conda-forge                                                        
    typing:                        3.7.4.1-py27h8c360ce_1       conda-forge                                                        
    typing_extensions:             3.7.4.1-py27h8c360ce_1       conda-forge                                                        
    urllib3:                       1.25.11-py_0                 conda-forge                                                        
    webencodings:                  0.5.1-py27_0                 conda-forge                                                        
    websocket-client:              0.57.0-py27h8c360ce_1        conda-forge                                                        
    wheel:                         0.37.0-pyhd8ed1ab_1          conda-forge                                                        
    xattr:                         0.9.6-py27h0b31af3_1000      conda-forge                                                        
    xz:                            5.2.5-haf1e3a3_1             conda-forge                                                        
    yaml:                          0.2.5-haf1e3a3_0             conda-forge                                                        
    zipp:                          1.0.0-py_0                   conda-forge                                                        
    zlib:                          1.2.11-h9173be1_1013         conda-forge                                                        

Preparing transaction: ...working... done
Verifying transaction: ...working... done
Executing transaction: ...working... done
export PREFIX=/Users/runner/conda/conda-bld/dx-cwl_1635463596171/_test_env_placehold_placehold_placehold_placehold_placehold_placehold_placehold_placehold_placehold_placehold_placehold_placehold_placehold_placehold_placehold_placehold_placehold_placehold_placehold_pl
export SRC_DIR=/Users/runner/conda/conda-bld/dx-cwl_1635463596171/test_tmp

Leaving build/test directories:
  Work:
 /Users/runner/conda/conda-bld/work 
  Test:
 /Users/runner/conda/conda-bld/test_tmp 
Leaving build/test environments:
  Test:
source activate  /Users/runner/conda/conda-bld/_test_env_placehold_placehold_placehold_placehold_placehold_placehold_placehold_placehold_placehold_placehold_placehold_placehold_placehold_placehold_placehold_placehold_placehold_placehold_placehold_placehold_placehold_pla 
  Build:
source activate  /Users/runner/conda/conda-bld/_build_env 


