Updating build index: /home/vsts/conda/conda-bld

TEST START: /tmp/tmpy77xmmh9/noarch/rgccacmd-3.0.2-r41h9ee0642_0.tar.bz2
Reloading output folder: /home/vsts/conda/conda-bld

## Package Plan ##

  environment location: /home/vsts/conda/conda-bld/rgccacmd_1636955197333/_test_env_placehold_placehold_placehold_placehold_placehold_placehold_placehold_placehold_placehold_placehold_placehold_placehold_placehold_placehold_placehold_placehold_placehold_placehold_placehold_pla


The following NEW packages will be INSTALLED:

    _libgcc_mutex:             0.1-conda_forge            conda-forge            
    _openmp_mutex:             4.5-1_gnu                  conda-forge            
    _r-mutex:                  1.0.1-anacondar_1          conda-forge            
    binutils_impl_linux-64:    2.36.1-h193b22a_2          conda-forge            
    binutils_linux-64:         2.36-hf3e587d_1            conda-forge            
    bwidget:                   1.9.14-ha770c72_1          conda-forge            
    bzip2:                     1.0.8-h7f98852_4           conda-forge            
    c-ares:                    1.18.1-h7f98852_0          conda-forge            
    ca-certificates:           2021.10.8-ha878542_0       conda-forge            
    cairo:                     1.16.0-h6cf1ce9_1008       conda-forge            
    curl:                      7.80.0-h494985f_0          conda-forge            
    font-ttf-dejavu-sans-mono: 2.37-hab24e00_0            conda-forge            
    font-ttf-inconsolata:      3.000-h77eed37_0           conda-forge            
    font-ttf-source-code-pro:  2.038-h77eed37_0           conda-forge            
    font-ttf-ubuntu:           0.83-hab24e00_0            conda-forge            
    fontconfig:                2.13.1-hba837de_1005       conda-forge            
    fonts-conda-ecosystem:     1-0                        conda-forge            
    fonts-conda-forge:         1-0                        conda-forge            
    freetype:                  2.10.4-h0708190_1          conda-forge            
    fribidi:                   1.0.10-h36c2ea0_0          conda-forge            
    gcc_impl_linux-64:         9.4.0-h03d3576_11          conda-forge            
    gcc_linux-64:              9.4.0-h391b98a_1           conda-forge            
    gettext:                   0.19.8.1-h73d1719_1008     conda-forge            
    gfortran_impl_linux-64:    9.4.0-h0003116_11          conda-forge            
    gfortran_linux-64:         9.4.0-hf0ab688_1           conda-forge            
    gmp:                       6.2.1-h58526e2_0           conda-forge            
    graphite2:                 1.3.13-h58526e2_1001       conda-forge            
    gsl:                       2.7-he838d99_0             conda-forge            
    gxx_impl_linux-64:         9.4.0-h03d3576_11          conda-forge            
    gxx_linux-64:              9.4.0-h0316aca_1           conda-forge            
    harfbuzz:                  3.1.1-h83ec7ef_0           conda-forge            
    icu:                       68.2-h9c3ff4c_0            conda-forge            
    jbig:                      2.1-h7f98852_2003          conda-forge            
    jpeg:                      9d-h36c2ea0_0              conda-forge            
    kernel-headers_linux-64:   2.6.32-he073ed8_15         conda-forge            
    krb5:                      1.19.2-h48eae69_3          conda-forge            
    ld_impl_linux-64:          2.36.1-hea4e1c9_2          conda-forge            
    lerc:                      3.0-h9c3ff4c_0             conda-forge            
    libblas:                   3.9.0-12_linux64_openblas  conda-forge            
    libcblas:                  3.9.0-12_linux64_openblas  conda-forge            
    libcurl:                   7.80.0-h494985f_0          conda-forge            
    libdeflate:                1.8-h7f98852_0             conda-forge            
    libedit:                   3.1.20191231-he28a2e2_2    conda-forge            
    libev:                     4.33-h516909a_1            conda-forge            
    libffi:                    3.4.2-h7f98852_5           conda-forge            
    libgcc-devel_linux-64:     9.4.0-hd854feb_11          conda-forge            
    libgcc-ng:                 11.2.0-h1d223b6_11         conda-forge            
    libgfortran-ng:            11.2.0-h69a702a_11         conda-forge            
    libgfortran5:              11.2.0-h5c6108e_11         conda-forge            
    libglib:                   2.70.0-h174f98d_1          conda-forge            
    libgomp:                   11.2.0-h1d223b6_11         conda-forge            
    libiconv:                  1.16-h516909a_0            conda-forge            
    libidn2:                   2.3.2-h7f98852_0           conda-forge            
    liblapack:                 3.9.0-12_linux64_openblas  conda-forge            
    libnghttp2:                1.43.0-ha19adfc_1          conda-forge            
    libopenblas:               0.3.18-pthreads_h8fe5266_0 conda-forge            
    libpng:                    1.6.37-h21135ba_2          conda-forge            
    libsanitizer:              9.4.0-h79bfe98_11          conda-forge            
    libssh2:                   1.10.0-ha35d2d1_2          conda-forge            
    libstdcxx-devel_linux-64:  9.4.0-hd854feb_11          conda-forge            
    libstdcxx-ng:              11.2.0-he4da1e4_11         conda-forge            
    libtiff:                   4.3.0-h6f004c6_2           conda-forge            
    libunistring:              0.9.10-h7f98852_0          conda-forge            
    libuuid:                   2.32.1-h7f98852_1000       conda-forge            
    libwebp-base:              1.2.1-h7f98852_0           conda-forge            
    libxcb:                    1.13-h7f98852_1004         conda-forge            
    libxml2:                   2.9.12-h72842e0_0          conda-forge            
    libzlib:                   1.2.11-h36c2ea0_1013       conda-forge            
    lz4-c:                     1.9.3-h9c3ff4c_1           conda-forge            
    make:                      4.3-hd18ef5c_1             conda-forge            
    ncurses:                   6.2-h58526e2_4             conda-forge            
    openssl:                   3.0.0-h7f98852_2           conda-forge            
    pango:                     1.48.10-h54213e6_2         conda-forge            
    pcre:                      8.45-h9c3ff4c_0            conda-forge            
    pcre2:                     10.37-h032f7d1_0           conda-forge            
    pixman:                    0.40.0-h36c2ea0_0          conda-forge            
    pthread-stubs:             0.4-h36c2ea0_1001          conda-forge            
    r-askpass:                 1.1-r41hcfec24a_2          conda-forge            
    r-assertthat:              0.2.1-r41hc72bb7e_2        conda-forge            
    r-backports:               1.3.0-r41hcfec24a_0        conda-forge            
    r-base:                    4.1.1-hb93adac_1           conda-forge            
    r-base64enc:               0.1_3-r41hcfec24a_1004     conda-forge            
    r-brio:                    1.1.2-r41hcfec24a_0        conda-forge            
    r-callr:                   3.7.0-r41hc72bb7e_0        conda-forge            
    r-cli:                     3.1.0-r41h03ef668_0        conda-forge            
    r-cluster:                 2.1.2-r41h859d828_0        conda-forge            
    r-colorspace:              2.0_2-r41hcfec24a_0        conda-forge            
    r-crayon:                  1.4.2-r41hc72bb7e_0        conda-forge            
    r-crosstalk:               1.2.0-r41hc72bb7e_0        conda-forge            
    r-curl:                    4.3.2-r41hcfec24a_0        conda-forge            
    r-data.table:              1.14.2-r41hcfec24a_0       conda-forge            
    r-deriv:                   4.1.3-r41hc72bb7e_0        conda-forge            
    r-desc:                    1.4.0-r41hc72bb7e_0        conda-forge            
    r-diffobj:                 0.3.5-r41hcfec24a_0        conda-forge            
    r-digest:                  0.6.28-r41h03ef668_0       conda-forge            
    r-dplyr:                   1.0.7-r41h03ef668_0        conda-forge            
    r-ellipsis:                0.3.2-r41hcfec24a_0        conda-forge            
    r-evaluate:                0.14-r41hc72bb7e_2         conda-forge            
    r-fansi:                   0.4.2-r41hcfec24a_0        conda-forge            
    r-farver:                  2.1.0-r41h03ef668_0        conda-forge            
    r-fastmap:                 1.1.0-r41h03ef668_0        conda-forge            
    r-generics:                0.1.1-r41hc72bb7e_0        conda-forge            
    r-getopt:                  1.20.3-r41ha770c72_2       conda-forge            
    r-ggplot2:                 3.3.5-r41hc72bb7e_0        conda-forge            
    r-ggrepel:                 0.9.1-r41h03ef668_0        conda-forge            
    r-glue:                    1.5.0-r41hcfec24a_0        conda-forge            
    r-gridextra:               2.3-r41hc72bb7e_1003       conda-forge            
    r-gtable:                  0.3.0-r41hc72bb7e_3        conda-forge            
    r-hexbin:                  1.28.2-r41h859d828_0       conda-forge            
    r-htmltools:               0.5.2-r41h03ef668_0        conda-forge            
    r-htmlwidgets:             1.5.4-r41hc72bb7e_0        conda-forge            
    r-httr:                    1.4.2-r41hc72bb7e_0        conda-forge            
    r-igraph:                  1.2.8-r41he0372cf_0        conda-forge            
    r-isoband:                 0.2.5-r41h03ef668_0        conda-forge            
    r-jsonlite:                1.7.2-r41hcfec24a_0        conda-forge            
    r-labeling:                0.4.2-r41hc72bb7e_0        conda-forge            
    r-later:                   1.2.0-r41h03ef668_0        conda-forge            
    r-lattice:                 0.20_45-r41hcfec24a_0      conda-forge            
    r-lazyeval:                0.2.2-r41hcfec24a_2        conda-forge            
    r-lifecycle:               1.0.1-r41hc72bb7e_0        conda-forge            
    r-magrittr:                2.0.1-r41hcfec24a_1        conda-forge            
    r-mass:                    7.3_54-r41hcfec24a_0       conda-forge            
    r-matrix:                  1.3_4-r41he454529_0        conda-forge            
    r-mgcv:                    1.8_38-r41he454529_0       conda-forge            
    r-mime:                    0.12-r41hcfec24a_0         conda-forge            
    r-munsell:                 0.5.0-r41hc72bb7e_1003     conda-forge            
    r-nlme:                    3.1_153-r41h859d828_0      conda-forge            
    r-openssl:                 1.4.5-r41he82ab30_1        conda-forge            
    r-openxlsx:                4.2.4-r41h03ef668_0        conda-forge            
    r-optparse:                1.7.1-r41hc72bb7e_0        conda-forge            
    r-pbapply:                 1.5_0-r41hc72bb7e_0        conda-forge            
    r-permute:                 0.9_5-r41h785f33e_3        conda-forge            
    r-pillar:                  1.6.4-r41hc72bb7e_0        conda-forge            
    r-pkgconfig:               2.0.3-r41hc72bb7e_1        conda-forge            
    r-pkgload:                 1.2.3-r41h03ef668_0        conda-forge            
    r-plotly:                  4.10.0-r41hc72bb7e_0       conda-forge            
    r-praise:                  1.0.0-r41hc72bb7e_1004     conda-forge            
    r-processx:                3.5.2-r41hcfec24a_0        conda-forge            
    r-promises:                1.2.0.1-r41h03ef668_0      conda-forge            
    r-ps:                      1.6.0-r41hcfec24a_0        conda-forge            
    r-purrr:                   0.3.4-r41hcfec24a_1        conda-forge            
    r-r6:                      2.5.1-r41hc72bb7e_0        conda-forge            
    r-rcolorbrewer:            1.1_2-r41h785f33e_1003     conda-forge            
    r-rcpp:                    1.0.7-r41h03ef668_0        conda-forge            
    r-rematch2:                2.1.2-r41hc72bb7e_1        conda-forge            
    r-rlang:                   0.4.12-r41hcfec24a_0       conda-forge            
    r-rprojroot:               2.0.2-r41hc72bb7e_0        conda-forge            
    r-rstudioapi:              0.13-r41hc72bb7e_0         conda-forge            
    r-scales:                  1.1.1-r41hc72bb7e_0        conda-forge            
    r-stringi:                 1.7.5-r41hcabe038_0        conda-forge            
    r-sys:                     3.4-r41hcfec24a_0          conda-forge            
    r-testthat:                3.1.0-r41h03ef668_0        conda-forge            
    r-tibble:                  3.1.6-r41hcfec24a_0        conda-forge            
    r-tidyr:                   1.1.4-r41h03ef668_0        conda-forge            
    r-tidyselect:              1.1.1-r41hc72bb7e_0        conda-forge            
    r-utf8:                    1.2.2-r41hcfec24a_0        conda-forge            
    r-vctrs:                   0.3.8-r41hcfec24a_1        conda-forge            
    r-vegan:                   2.5_7-r41h52d45c5_0        conda-forge            
    r-viridislite:             0.4.0-r41hc72bb7e_0        conda-forge            
    r-waldo:                   0.3.1-r41hc72bb7e_0        conda-forge            
    r-withr:                   2.4.2-r41hc72bb7e_0        conda-forge            
    r-yaml:                    2.2.1-r41hcfec24a_1        conda-forge            
    r-zip:                     2.2.0-r41hcfec24a_0        conda-forge            
    readline:                  8.1-h46c0cb4_0             conda-forge            
    rgccacmd:                  3.0.2-r41h9ee0642_0        file:///tmp/tmpy77xmmh9
    sed:                       4.8-he412f7d_0             conda-forge            
    sysroot_linux-64:          2.12-he073ed8_15           conda-forge            
    tk:                        8.6.11-h27826a3_1          conda-forge            
    tktable:                   2.10-hb7b940f_3            conda-forge            
    wget:                      1.20.3-ha35d2d1_1          conda-forge            
    xorg-kbproto:              1.0.7-h7f98852_1002        conda-forge            
    xorg-libice:               1.0.10-h7f98852_0          conda-forge            
    xorg-libsm:                1.2.3-hd9c2040_1000        conda-forge            
    xorg-libx11:               1.7.2-h7f98852_0           conda-forge            
    xorg-libxau:               1.0.9-h7f98852_0           conda-forge            
    xorg-libxdmcp:             1.1.3-h7f98852_0           conda-forge            
    xorg-libxext:              1.3.4-h7f98852_1           conda-forge            
    xorg-libxrender:           0.9.10-h7f98852_1003       conda-forge            
    xorg-libxt:                1.2.1-h7f98852_2           conda-forge            
    xorg-renderproto:          0.11.1-h7f98852_1002       conda-forge            
    xorg-xextproto:            7.3.0-h7f98852_1002        conda-forge            
    xorg-xproto:               7.0.31-h7f98852_1007       conda-forge            
    xz:                        5.2.5-h516909a_1           conda-forge            
    zlib:                      1.2.11-h36c2ea0_1013       conda-forge            
    zstd:                      1.5.0-ha95c52a_0           conda-forge            

Preparing transaction: ...working... done
Verifying transaction: ...working... done
Executing transaction: ...working... done
export PREFIX=/home/vsts/conda/conda-bld/rgccacmd_1636955197333/_test_env_placehold_placehold_placehold_placehold_placehold_placehold_placehold_placehold_placehold_placehold_placehold_placehold_placehold_placehold_placehold_placehold_placehold_placehold_placehold_pla
export SRC_DIR=/home/vsts/conda/conda-bld/rgccacmd_1636955197333/test_tmp
INFO: activate-binutils_linux-64.sh made the following environmental changes:
+ADDR2LINE=$PREFIX/bin/x86_64-conda-linux-gnu-addr2line
+AR=$PREFIX/bin/x86_64-conda-linux-gnu-ar
+AS=$PREFIX/bin/x86_64-conda-linux-gnu-as
+CXXFILT=$PREFIX/bin/x86_64-conda-linux-gnu-c++filt
+ELFEDIT=$PREFIX/bin/x86_64-conda-linux-gnu-elfedit
+GPROF=$PREFIX/bin/x86_64-conda-linux-gnu-gprof
+LD=$PREFIX/bin/x86_64-conda-linux-gnu-ld
+LD_GOLD=$PREFIX/bin/x86_64-conda-linux-gnu-ld.gold
+NM=$PREFIX/bin/x86_64-conda-linux-gnu-nm
+OBJCOPY=$PREFIX/bin/x86_64-conda-linux-gnu-objcopy
+OBJDUMP=$PREFIX/bin/x86_64-conda-linux-gnu-objdump
+RANLIB=$PREFIX/bin/x86_64-conda-linux-gnu-ranlib
+READELF=$PREFIX/bin/x86_64-conda-linux-gnu-readelf
+SIZE=$PREFIX/bin/x86_64-conda-linux-gnu-size
+STRINGS=$PREFIX/bin/x86_64-conda-linux-gnu-strings
+STRIP=$PREFIX/bin/x86_64-conda-linux-gnu-strip
INFO: activate-gcc_linux-64.sh made the following environmental changes:
+BUILD=x86_64-conda-linux-gnu
+CC=$PREFIX/bin/x86_64-conda-linux-gnu-cc
+CC_FOR_BUILD=$PREFIX/bin/x86_64-conda-linux-gnu-cc
+CFLAGS=-march=nocona -mtune=haswell -ftree-vectorize -fPIC -fstack-protector-strong -fno-plt -O2 -ffunction-sections -pipe -isystem $PREFIX/include -fdebug-prefix-map=$SRC_DIR=/usr/local/src/conda/rgccacmd-3.0.2 -fdebug-prefix-map=$PREFIX=/usr/local/src/conda-prefix
+CMAKE_ARGS=-DCMAKE_AR=$PREFIX/bin/x86_64-conda-linux-gnu-ar -DCMAKE_CXX_COMPILER_AR=$PREFIX/bin/x86_64-conda-linux-gnu-gcc-ar -DCMAKE_C_COMPILER_AR=$PREFIX/bin/x86_64-conda-linux-gnu-gcc-ar -DCMAKE_RANLIB=$PREFIX/bin/x86_64-conda-linux-gnu-ranlib -DCMAKE_CXX_COMPILER_RANLIB=$PREFIX/bin/x86_64-conda-linux-gnu-gcc-ranlib -DCMAKE_C_COMPILER_RANLIB=$PREFIX/bin/x86_64-conda-linux-gnu-gcc-ranlib -DCMAKE_LINKER=$PREFIX/bin/x86_64-conda-linux-gnu-ld -DCMAKE_STRIP=$PREFIX/bin/x86_64-conda-linux-gnu-strip -DCMAKE_FIND_ROOT_PATH_MODE_PROGRAM=NEVER -DCMAKE_FIND_ROOT_PATH_MODE_LIBRARY=ONLY -DCMAKE_FIND_ROOT_PATH_MODE_INCLUDE=ONLY -DCMAKE_FIND_ROOT_PATH=$PREFIX;/home/vsts/conda/conda-bld/rgccacmd_1636955197333/_build_env/x86_64-conda-linux-gnu/sysroot -DCMAKE_INSTALL_PREFIX=$PREFIX -DCMAKE_INSTALL_LIBDIR=lib
+CMAKE_PREFIX_PATH=$PREFIX:$PREFIX/x86_64-conda-linux-gnu/sysroot/usr
+CONDA_BUILD_SYSROOT=$PREFIX/x86_64-conda-linux-gnu/sysroot
+CONDA_TOOLCHAIN_BUILD=x86_64-conda-linux-gnu
+CONDA_TOOLCHAIN_HOST=x86_64-conda-linux-gnu
+CPP=$PREFIX/bin/x86_64-conda-linux-gnu-cpp
+CPPFLAGS=-DNDEBUG -D_FORTIFY_SOURCE=2 -O2 -isystem $PREFIX/include
+DEBUG_CFLAGS=-march=nocona -mtune=haswell -ftree-vectorize -fPIC -fstack-protector-all -fno-plt -Og -g -Wall -Wextra -fvar-tracking-assignments -ffunction-sections -pipe -isystem $PREFIX/include -fdebug-prefix-map=$SRC_DIR=/usr/local/src/conda/rgccacmd-3.0.2 -fdebug-prefix-map=$PREFIX=/usr/local/src/conda-prefix
+DEBUG_CPPFLAGS=-D_DEBUG -D_FORTIFY_SOURCE=2 -Og -isystem $PREFIX/include
+GCC=$PREFIX/bin/x86_64-conda-linux-gnu-gcc
+GCC_AR=$PREFIX/bin/x86_64-conda-linux-gnu-gcc-ar
+GCC_NM=$PREFIX/bin/x86_64-conda-linux-gnu-gcc-nm
+GCC_RANLIB=$PREFIX/bin/x86_64-conda-linux-gnu-gcc-ranlib
+HOST=x86_64-conda-linux-gnu
+LDFLAGS=-Wl,-O2 -Wl,--sort-common -Wl,--as-needed -Wl,-z,relro -Wl,-z,now -Wl,--disable-new-dtags -Wl,--gc-sections -Wl,-rpath,$PREFIX/lib -Wl,-rpath-link,$PREFIX/lib -L$PREFIX/lib
+_CONDA_PYTHON_SYSCONFIGDATA_NAME=_sysconfigdata_x86_64_conda_cos6_linux_gnu
+build_alias=x86_64-conda-linux-gnu
+host_alias=x86_64-conda-linux-gnu
INFO: activate-gfortran_linux-64.sh made the following environmental changes:
+DEBUG_FFLAGS=-fopenmp -march=nocona -mtune=haswell -ftree-vectorize -fPIC -fstack-protector-strong -fno-plt -O2 -ffunction-sections -pipe -isystem $PREFIX/include -fdebug-prefix-map=$SRC_DIR=/usr/local/src/conda/rgccacmd-3.0.2 -fdebug-prefix-map=$PREFIX=/usr/local/src/conda-prefix -fopenmp -march=nocona -mtune=haswell -ftree-vectorize -fPIC -fstack-protector-all -fno-plt -Og -g -Wall -Wextra -fcheck=all -fbacktrace -fimplicit-none -fvar-tracking-assignments -ffunction-sections -pipe
+DEBUG_FORTRANFLAGS=-fopenmp -march=nocona -mtune=haswell -ftree-vectorize -fPIC -fstack-protector-strong -fno-plt -O2 -ffunction-sections -pipe -isystem $PREFIX/include -fdebug-prefix-map=$SRC_DIR=/usr/local/src/conda/rgccacmd-3.0.2 -fdebug-prefix-map=$PREFIX=/usr/local/src/conda-prefix -fopenmp -march=nocona -mtune=haswell -ftree-vectorize -fPIC -fstack-protector-all -fno-plt -Og -g -Wall -Wextra -fcheck=all -fbacktrace -fimplicit-none -fvar-tracking-assignments -ffunction-sections -pipe
+F77=$PREFIX/bin/x86_64-conda-linux-gnu-gfortran
+F90=$PREFIX/bin/x86_64-conda-linux-gnu-gfortran
+F95=$PREFIX/bin/x86_64-conda-linux-gnu-f95
+FC=$PREFIX/bin/x86_64-conda-linux-gnu-gfortran
+FFLAGS=-fopenmp -march=nocona -mtune=haswell -ftree-vectorize -fPIC -fstack-protector-strong -fno-plt -O2 -ffunction-sections -pipe -isystem $PREFIX/include -fdebug-prefix-map=$SRC_DIR=/usr/local/src/conda/rgccacmd-3.0.2 -fdebug-prefix-map=$PREFIX=/usr/local/src/conda-prefix
+FORTRANFLAGS=-fopenmp -march=nocona -mtune=haswell -ftree-vectorize -fPIC -fstack-protector-strong -fno-plt -O2 -ffunction-sections -pipe -isystem $PREFIX/include -fdebug-prefix-map=$SRC_DIR=/usr/local/src/conda/rgccacmd-3.0.2 -fdebug-prefix-map=$PREFIX=/usr/local/src/conda-prefix
+GFORTRAN=$PREFIX/bin/x86_64-conda-linux-gnu-gfortran
INFO: activate-gxx_linux-64.sh made the following environmental changes:
+CXX=$PREFIX/bin/x86_64-conda-linux-gnu-c++
+CXXFLAGS=-fvisibility-inlines-hidden -std=c++17 -fmessage-length=0 -march=nocona -mtune=haswell -ftree-vectorize -fPIC -fstack-protector-strong -fno-plt -O2 -ffunction-sections -pipe -isystem $PREFIX/include -fdebug-prefix-map=$SRC_DIR=/usr/local/src/conda/rgccacmd-3.0.2 -fdebug-prefix-map=$PREFIX=/usr/local/src/conda-prefix
+CXX_FOR_BUILD=$PREFIX/bin/x86_64-conda-linux-gnu-c++
+DEBUG_CXXFLAGS=-fvisibility-inlines-hidden -std=c++17 -fmessage-length=0 -march=nocona -mtune=haswell -ftree-vectorize -fPIC -fstack-protector-all -fno-plt -Og -g -Wall -Wextra -fvar-tracking-assignments -ffunction-sections -pipe -isystem $PREFIX/include -fdebug-prefix-map=$SRC_DIR=/usr/local/src/conda/rgccacmd-3.0.2 -fdebug-prefix-map=$PREFIX=/usr/local/src/conda-prefix
+GXX=$PREFIX/bin/x86_64-conda-linux-gnu-g++
R
bin
conda-meta
etc
fonts
include
inst
lib
libexec
man
sbin
share
ssl
var
x86_64-conda-linux-gnu
x86_64-conda_cos6-linux-gnu
x86_64-conda-linux-gnu-cc -I"$PREFIX/lib/R/include" -DNDEBUG   -DNDEBUG -D_FORTIFY_SOURCE=2 -O2 -isystem $PREFIX/include -I$PREFIX/include -Wl,-rpath-link,$PREFIX/lib   -fpic  -march=nocona -mtune=haswell -ftree-vectorize -fPIC -fstack-protector-strong -fno-plt -O2 -ffunction-sections -pipe -isystem $PREFIX/include -fdebug-prefix-map=/home/conda/feedstock_root/build_artifacts/r-base-split_1630154298835/work=/usr/local/src/conda/r-base-4.1.1 -fdebug-prefix-map=$PREFIX=/usr/local/src/conda-prefix  -c base64.c -o base64.o
x86_64-conda-linux-gnu-cc -I"$PREFIX/lib/R/include" -DNDEBUG   -DNDEBUG -D_FORTIFY_SOURCE=2 -O2 -isystem $PREFIX/include -I$PREFIX/include -Wl,-rpath-link,$PREFIX/lib   -fpic  -march=nocona -mtune=haswell -ftree-vectorize -fPIC -fstack-protector-strong -fno-plt -O2 -ffunction-sections -pipe -isystem $PREFIX/include -fdebug-prefix-map=/home/conda/feedstock_root/build_artifacts/r-base-split_1630154298835/work=/usr/local/src/conda/r-base-4.1.1 -fdebug-prefix-map=$PREFIX=/usr/local/src/conda-prefix  -c init.c -o init.o
x86_64-conda-linux-gnu-c++ -std=gnu++11 -shared -L$PREFIX/lib/R/lib -Wl,-O2 -Wl,--sort-common -Wl,--as-needed -Wl,-z,relro -Wl,-z,now -Wl,--disable-new-dtags -Wl,--gc-sections -Wl,-rpath,$PREFIX/lib -Wl,-rpath-link,$PREFIX/lib -L$PREFIX/lib -o xfun.so base64.o init.o -L$PREFIX/lib/R/lib -lR
x86_64-conda-linux-gnu-cc -I"$PREFIX/lib/R/include" -DNDEBUG   -DNDEBUG -D_FORTIFY_SOURCE=2 -O2 -isystem $PREFIX/include -I$PREFIX/include -Wl,-rpath-link,$PREFIX/lib   -fpic  -march=nocona -mtune=haswell -ftree-vectorize -fPIC -fstack-protector-strong -fno-plt -O2 -ffunction-sections -pipe -isystem $PREFIX/include -fdebug-prefix-map=/home/conda/feedstock_root/build_artifacts/r-base-split_1630154298835/work=/usr/local/src/conda/r-base-4.1.1 -fdebug-prefix-map=$PREFIX=/usr/local/src/conda-prefix  -c init.c -o init.o
x86_64-conda-linux-gnu-cc -I"$PREFIX/lib/R/include" -DNDEBUG   -DNDEBUG -D_FORTIFY_SOURCE=2 -O2 -isystem $PREFIX/include -I$PREFIX/include -Wl,-rpath-link,$PREFIX/lib   -fpic  -march=nocona -mtune=haswell -ftree-vectorize -fPIC -fstack-protector-strong -fno-plt -O2 -ffunction-sections -pipe -isystem $PREFIX/include -fdebug-prefix-map=/home/conda/feedstock_root/build_artifacts/r-base-split_1630154298835/work=/usr/local/src/conda/r-base-4.1.1 -fdebug-prefix-map=$PREFIX=/usr/local/src/conda-prefix  -c win-path.c -o win-path.o
x86_64-conda-linux-gnu-cc -shared -L$PREFIX/lib/R/lib -Wl,-O2 -Wl,--sort-common -Wl,--as-needed -Wl,-z,relro -Wl,-z,now -Wl,--disable-new-dtags -Wl,--gc-sections -Wl,-rpath,$PREFIX/lib -Wl,-rpath-link,$PREFIX/lib -L$PREFIX/lib -o rappdirs.so init.o win-path.o -L$PREFIX/lib/R/lib -lR
x86_64-conda-linux-gnu-cc -I"$PREFIX/lib/R/include" -DNDEBUG   -DNDEBUG -D_FORTIFY_SOURCE=2 -O2 -isystem $PREFIX/include -I$PREFIX/include -Wl,-rpath-link,$PREFIX/lib   -fpic  -march=nocona -mtune=haswell -ftree-vectorize -fPIC -fstack-protector-strong -fno-plt -O2 -ffunction-sections -pipe -isystem $PREFIX/include -fdebug-prefix-map=/home/conda/feedstock_root/build_artifacts/r-base-split_1630154298835/work=/usr/local/src/conda/r-base-4.1.1 -fdebug-prefix-map=$PREFIX=/usr/local/src/conda-prefix  -c cache.c -o cache.o
x86_64-conda-linux-gnu-cc -I"$PREFIX/lib/R/include" -DNDEBUG   -DNDEBUG -D_FORTIFY_SOURCE=2 -O2 -isystem $PREFIX/include -I$PREFIX/include -Wl,-rpath-link,$PREFIX/lib   -fpic  -march=nocona -mtune=haswell -ftree-vectorize -fPIC -fstack-protector-strong -fno-plt -O2 -ffunction-sections -pipe -isystem $PREFIX/include -fdebug-prefix-map=/home/conda/feedstock_root/build_artifacts/r-base-split_1630154298835/work=/usr/local/src/conda/r-base-4.1.1 -fdebug-prefix-map=$PREFIX=/usr/local/src/conda-prefix  -c init.c -o init.o
x86_64-conda-linux-gnu-cc -shared -L$PREFIX/lib/R/lib -Wl,-O2 -Wl,--sort-common -Wl,--as-needed -Wl,-z,relro -Wl,-z,now -Wl,--disable-new-dtags -Wl,--gc-sections -Wl,-rpath,$PREFIX/lib -Wl,-rpath-link,$PREFIX/lib -L$PREFIX/lib -o cachem.so cache.o init.o -L$PREFIX/lib/R/lib -lR
rm -f cmark/cmark.o cmark/node.o cmark/iterator.o cmark/blocks.o cmark/inlines.o cmark/scanners.o cmark/utf8.o cmark/buffer.o cmark/references.o cmark/render.o cmark/man.o cmark/xml.o cmark/html.o cmark/commonmark.o cmark/latex.o cmark/houdini_href_e.o cmark/houdini_html_e.o cmark/houdini_html_u.o cmark/cmark_ctype.o cmark/arena.o cmark/html.o cmark/linked_list.o cmark/plugin.o cmark/registry.o cmark/syntax_extension.o cmark/plaintext.o cmark/footnotes.o cmark/map.o extensions/autolink.o extensions/core-extensions.o extensions/ext_scanners.o extensions/strikethrough.o extensions/table.o extensions/tagfilter.o extensions.o init.o wrapper.o commonmark.so cmark/libstatcmark.a
x86_64-conda-linux-gnu-cc -I"$PREFIX/lib/R/include" -DNDEBUG -Icmark -I. -DCMARK_GFM_STATIC_DEFINE -DCMARK_GFM_EXTENSIONS_STATIC_DEFINE -DR_NO_REMAP -DSTRICT_R_HEADERS  -DNDEBUG -D_FORTIFY_SOURCE=2 -O2 -isystem $PREFIX/include -I$PREFIX/include -Wl,-rpath-link,$PREFIX/lib  -fvisibility=hidden -fpic  -march=nocona -mtune=haswell -ftree-vectorize -fPIC -fstack-protector-strong -fno-plt -O2 -ffunction-sections -pipe -isystem $PREFIX/include -fdebug-prefix-map=/home/conda/feedstock_root/build_artifacts/r-base-split_1630154298835/work=/usr/local/src/conda/r-base-4.1.1 -fdebug-prefix-map=$PREFIX=/usr/local/src/conda-prefix  -c extensions.c -o extensions.o
x86_64-conda-linux-gnu-cc -I"$PREFIX/lib/R/include" -DNDEBUG -Icmark -I. -DCMARK_GFM_STATIC_DEFINE -DCMARK_GFM_EXTENSIONS_STATIC_DEFINE -DR_NO_REMAP -DSTRICT_R_HEADERS  -DNDEBUG -D_FORTIFY_SOURCE=2 -O2 -isystem $PREFIX/include -I$PREFIX/include -Wl,-rpath-link,$PREFIX/lib  -fvisibility=hidden -fpic  -march=nocona -mtune=haswell -ftree-vectorize -fPIC -fstack-protector-strong -fno-plt -O2 -ffunction-sections -pipe -isystem $PREFIX/include -fdebug-prefix-map=/home/conda/feedstock_root/build_artifacts/r-base-split_1630154298835/work=/usr/local/src/conda/r-base-4.1.1 -fdebug-prefix-map=$PREFIX=/usr/local/src/conda-prefix  -c init.c -o init.o
x86_64-conda-linux-gnu-cc -I"$PREFIX/lib/R/include" -DNDEBUG -Icmark -I. -DCMARK_GFM_STATIC_DEFINE -DCMARK_GFM_EXTENSIONS_STATIC_DEFINE -DR_NO_REMAP -DSTRICT_R_HEADERS  -DNDEBUG -D_FORTIFY_SOURCE=2 -O2 -isystem $PREFIX/include -I$PREFIX/include -Wl,-rpath-link,$PREFIX/lib  -fvisibility=hidden -fpic  -march=nocona -mtune=haswell -ftree-vectorize -fPIC -fstack-protector-strong -fno-plt -O2 -ffunction-sections -pipe -isystem $PREFIX/include -fdebug-prefix-map=/home/conda/feedstock_root/build_artifacts/r-base-split_1630154298835/work=/usr/local/src/conda/r-base-4.1.1 -fdebug-prefix-map=$PREFIX=/usr/local/src/conda-prefix  -c wrapper.c -o wrapper.o
x86_64-conda-linux-gnu-cc -I"$PREFIX/lib/R/include" -DNDEBUG -Icmark -I. -DCMARK_GFM_STATIC_DEFINE -DCMARK_GFM_EXTENSIONS_STATIC_DEFINE -DR_NO_REMAP -DSTRICT_R_HEADERS  -DNDEBUG -D_FORTIFY_SOURCE=2 -O2 -isystem $PREFIX/include -I$PREFIX/include -Wl,-rpath-link,$PREFIX/lib  -fvisibility=hidden -fpic  -march=nocona -mtune=haswell -ftree-vectorize -fPIC -fstack-protector-strong -fno-plt -O2 -ffunction-sections -pipe -isystem $PREFIX/include -fdebug-prefix-map=/home/conda/feedstock_root/build_artifacts/r-base-split_1630154298835/work=/usr/local/src/conda/r-base-4.1.1 -fdebug-prefix-map=$PREFIX=/usr/local/src/conda-prefix  -c cmark/cmark.c -o cmark/cmark.o
x86_64-conda-linux-gnu-cc -I"$PREFIX/lib/R/include" -DNDEBUG -Icmark -I. -DCMARK_GFM_STATIC_DEFINE -DCMARK_GFM_EXTENSIONS_STATIC_DEFINE -DR_NO_REMAP -DSTRICT_R_HEADERS  -DNDEBUG -D_FORTIFY_SOURCE=2 -O2 -isystem $PREFIX/include -I$PREFIX/include -Wl,-rpath-link,$PREFIX/lib  -fvisibility=hidden -fpic  -march=nocona -mtune=haswell -ftree-vectorize -fPIC -fstack-protector-strong -fno-plt -O2 -ffunction-sections -pipe -isystem $PREFIX/include -fdebug-prefix-map=/home/conda/feedstock_root/build_artifacts/r-base-split_1630154298835/work=/usr/local/src/conda/r-base-4.1.1 -fdebug-prefix-map=$PREFIX=/usr/local/src/conda-prefix  -c cmark/node.c -o cmark/node.o
x86_64-conda-linux-gnu-cc -I"$PREFIX/lib/R/include" -DNDEBUG -Icmark -I. -DCMARK_GFM_STATIC_DEFINE -DCMARK_GFM_EXTENSIONS_STATIC_DEFINE -DR_NO_REMAP -DSTRICT_R_HEADERS  -DNDEBUG -D_FORTIFY_SOURCE=2 -O2 -isystem $PREFIX/include -I$PREFIX/include -Wl,-rpath-link,$PREFIX/lib  -fvisibility=hidden -fpic  -march=nocona -mtune=haswell -ftree-vectorize -fPIC -fstack-protector-strong -fno-plt -O2 -ffunction-sections -pipe -isystem $PREFIX/include -fdebug-prefix-map=/home/conda/feedstock_root/build_artifacts/r-base-split_1630154298835/work=/usr/local/src/conda/r-base-4.1.1 -fdebug-prefix-map=$PREFIX=/usr/local/src/conda-prefix  -c cmark/iterator.c -o cmark/iterator.o
x86_64-conda-linux-gnu-cc -I"$PREFIX/lib/R/include" -DNDEBUG -Icmark -I. -DCMARK_GFM_STATIC_DEFINE -DCMARK_GFM_EXTENSIONS_STATIC_DEFINE -DR_NO_REMAP -DSTRICT_R_HEADERS  -DNDEBUG -D_FORTIFY_SOURCE=2 -O2 -isystem $PREFIX/include -I$PREFIX/include -Wl,-rpath-link,$PREFIX/lib  -fvisibility=hidden -fpic  -march=nocona -mtune=haswell -ftree-vectorize -fPIC -fstack-protector-strong -fno-plt -O2 -ffunction-sections -pipe -isystem $PREFIX/include -fdebug-prefix-map=/home/conda/feedstock_root/build_artifacts/r-base-split_1630154298835/work=/usr/local/src/conda/r-base-4.1.1 -fdebug-prefix-map=$PREFIX=/usr/local/src/conda-prefix  -c cmark/blocks.c -o cmark/blocks.o
x86_64-conda-linux-gnu-cc -I"$PREFIX/lib/R/include" -DNDEBUG -Icmark -I. -DCMARK_GFM_STATIC_DEFINE -DCMARK_GFM_EXTENSIONS_STATIC_DEFINE -DR_NO_REMAP -DSTRICT_R_HEADERS  -DNDEBUG -D_FORTIFY_SOURCE=2 -O2 -isystem $PREFIX/include -I$PREFIX/include -Wl,-rpath-link,$PREFIX/lib  -fvisibility=hidden -fpic  -march=nocona -mtune=haswell -ftree-vectorize -fPIC -fstack-protector-strong -fno-plt -O2 -ffunction-sections -pipe -isystem $PREFIX/include -fdebug-prefix-map=/home/conda/feedstock_root/build_artifacts/r-base-split_1630154298835/work=/usr/local/src/conda/r-base-4.1.1 -fdebug-prefix-map=$PREFIX=/usr/local/src/conda-prefix  -c cmark/inlines.c -o cmark/inlines.o
x86_64-conda-linux-gnu-cc -I"$PREFIX/lib/R/include" -DNDEBUG -Icmark -I. -DCMARK_GFM_STATIC_DEFINE -DCMARK_GFM_EXTENSIONS_STATIC_DEFINE -DR_NO_REMAP -DSTRICT_R_HEADERS  -DNDEBUG -D_FORTIFY_SOURCE=2 -O2 -isystem $PREFIX/include -I$PREFIX/include -Wl,-rpath-link,$PREFIX/lib  -fvisibility=hidden -fpic  -march=nocona -mtune=haswell -ftree-vectorize -fPIC -fstack-protector-strong -fno-plt -O2 -ffunction-sections -pipe -isystem $PREFIX/include -fdebug-prefix-map=/home/conda/feedstock_root/build_artifacts/r-base-split_1630154298835/work=/usr/local/src/conda/r-base-4.1.1 -fdebug-prefix-map=$PREFIX=/usr/local/src/conda-prefix  -c cmark/scanners.c -o cmark/scanners.o
x86_64-conda-linux-gnu-cc -I"$PREFIX/lib/R/include" -DNDEBUG -Icmark -I. -DCMARK_GFM_STATIC_DEFINE -DCMARK_GFM_EXTENSIONS_STATIC_DEFINE -DR_NO_REMAP -DSTRICT_R_HEADERS  -DNDEBUG -D_FORTIFY_SOURCE=2 -O2 -isystem $PREFIX/include -I$PREFIX/include -Wl,-rpath-link,$PREFIX/lib  -fvisibility=hidden -fpic  -march=nocona -mtune=haswell -ftree-vectorize -fPIC -fstack-protector-strong -fno-plt -O2 -ffunction-sections -pipe -isystem $PREFIX/include -fdebug-prefix-map=/home/conda/feedstock_root/build_artifacts/r-base-split_1630154298835/work=/usr/local/src/conda/r-base-4.1.1 -fdebug-prefix-map=$PREFIX=/usr/local/src/conda-prefix  -c cmark/utf8.c -o cmark/utf8.o
x86_64-conda-linux-gnu-cc -I"$PREFIX/lib/R/include" -DNDEBUG -Icmark -I. -DCMARK_GFM_STATIC_DEFINE -DCMARK_GFM_EXTENSIONS_STATIC_DEFINE -DR_NO_REMAP -DSTRICT_R_HEADERS  -DNDEBUG -D_FORTIFY_SOURCE=2 -O2 -isystem $PREFIX/include -I$PREFIX/include -Wl,-rpath-link,$PREFIX/lib  -fvisibility=hidden -fpic  -march=nocona -mtune=haswell -ftree-vectorize -fPIC -fstack-protector-strong -fno-plt -O2 -ffunction-sections -pipe -isystem $PREFIX/include -fdebug-prefix-map=/home/conda/feedstock_root/build_artifacts/r-base-split_1630154298835/work=/usr/local/src/conda/r-base-4.1.1 -fdebug-prefix-map=$PREFIX=/usr/local/src/conda-prefix  -c cmark/buffer.c -o cmark/buffer.o
x86_64-conda-linux-gnu-cc -I"$PREFIX/lib/R/include" -DNDEBUG -Icmark -I. -DCMARK_GFM_STATIC_DEFINE -DCMARK_GFM_EXTENSIONS_STATIC_DEFINE -DR_NO_REMAP -DSTRICT_R_HEADERS  -DNDEBUG -D_FORTIFY_SOURCE=2 -O2 -isystem $PREFIX/include -I$PREFIX/include -Wl,-rpath-link,$PREFIX/lib  -fvisibility=hidden -fpic  -march=nocona -mtune=haswell -ftree-vectorize -fPIC -fstack-protector-strong -fno-plt -O2 -ffunction-sections -pipe -isystem $PREFIX/include -fdebug-prefix-map=/home/conda/feedstock_root/build_artifacts/r-base-split_1630154298835/work=/usr/local/src/conda/r-base-4.1.1 -fdebug-prefix-map=$PREFIX=/usr/local/src/conda-prefix  -c cmark/references.c -o cmark/references.o
x86_64-conda-linux-gnu-cc -I"$PREFIX/lib/R/include" -DNDEBUG -Icmark -I. -DCMARK_GFM_STATIC_DEFINE -DCMARK_GFM_EXTENSIONS_STATIC_DEFINE -DR_NO_REMAP -DSTRICT_R_HEADERS  -DNDEBUG -D_FORTIFY_SOURCE=2 -O2 -isystem $PREFIX/include -I$PREFIX/include -Wl,-rpath-link,$PREFIX/lib  -fvisibility=hidden -fpic  -march=nocona -mtune=haswell -ftree-vectorize -fPIC -fstack-protector-strong -fno-plt -O2 -ffunction-sections -pipe -isystem $PREFIX/include -fdebug-prefix-map=/home/conda/feedstock_root/build_artifacts/r-base-split_1630154298835/work=/usr/local/src/conda/r-base-4.1.1 -fdebug-prefix-map=$PREFIX=/usr/local/src/conda-prefix  -c cmark/render.c -o cmark/render.o
x86_64-conda-linux-gnu-cc -I"$PREFIX/lib/R/include" -DNDEBUG -Icmark -I. -DCMARK_GFM_STATIC_DEFINE -DCMARK_GFM_EXTENSIONS_STATIC_DEFINE -DR_NO_REMAP -DSTRICT_R_HEADERS  -DNDEBUG -D_FORTIFY_SOURCE=2 -O2 -isystem $PREFIX/include -I$PREFIX/include -Wl,-rpath-link,$PREFIX/lib  -fvisibility=hidden -fpic  -march=nocona -mtune=haswell -ftree-vectorize -fPIC -fstack-protector-strong -fno-plt -O2 -ffunction-sections -pipe -isystem $PREFIX/include -fdebug-prefix-map=/home/conda/feedstock_root/build_artifacts/r-base-split_1630154298835/work=/usr/local/src/conda/r-base-4.1.1 -fdebug-prefix-map=$PREFIX=/usr/local/src/conda-prefix  -c cmark/man.c -o cmark/man.o
x86_64-conda-linux-gnu-cc -I"$PREFIX/lib/R/include" -DNDEBUG -Icmark -I. -DCMARK_GFM_STATIC_DEFINE -DCMARK_GFM_EXTENSIONS_STATIC_DEFINE -DR_NO_REMAP -DSTRICT_R_HEADERS  -DNDEBUG -D_FORTIFY_SOURCE=2 -O2 -isystem $PREFIX/include -I$PREFIX/include -Wl,-rpath-link,$PREFIX/lib  -fvisibility=hidden -fpic  -march=nocona -mtune=haswell -ftree-vectorize -fPIC -fstack-protector-strong -fno-plt -O2 -ffunction-sections -pipe -isystem $PREFIX/include -fdebug-prefix-map=/home/conda/feedstock_root/build_artifacts/r-base-split_1630154298835/work=/usr/local/src/conda/r-base-4.1.1 -fdebug-prefix-map=$PREFIX=/usr/local/src/conda-prefix  -c cmark/xml.c -o cmark/xml.o
x86_64-conda-linux-gnu-cc -I"$PREFIX/lib/R/include" -DNDEBUG -Icmark -I. -DCMARK_GFM_STATIC_DEFINE -DCMARK_GFM_EXTENSIONS_STATIC_DEFINE -DR_NO_REMAP -DSTRICT_R_HEADERS  -DNDEBUG -D_FORTIFY_SOURCE=2 -O2 -isystem $PREFIX/include -I$PREFIX/include -Wl,-rpath-link,$PREFIX/lib  -fvisibility=hidden -fpic  -march=nocona -mtune=haswell -ftree-vectorize -fPIC -fstack-protector-strong -fno-plt -O2 -ffunction-sections -pipe -isystem $PREFIX/include -fdebug-prefix-map=/home/conda/feedstock_root/build_artifacts/r-base-split_1630154298835/work=/usr/local/src/conda/r-base-4.1.1 -fdebug-prefix-map=$PREFIX=/usr/local/src/conda-prefix  -c cmark/html.c -o cmark/html.o
x86_64-conda-linux-gnu-cc -I"$PREFIX/lib/R/include" -DNDEBUG -Icmark -I. -DCMARK_GFM_STATIC_DEFINE -DCMARK_GFM_EXTENSIONS_STATIC_DEFINE -DR_NO_REMAP -DSTRICT_R_HEADERS  -DNDEBUG -D_FORTIFY_SOURCE=2 -O2 -isystem $PREFIX/include -I$PREFIX/include -Wl,-rpath-link,$PREFIX/lib  -fvisibility=hidden -fpic  -march=nocona -mtune=haswell -ftree-vectorize -fPIC -fstack-protector-strong -fno-plt -O2 -ffunction-sections -pipe -isystem $PREFIX/include -fdebug-prefix-map=/home/conda/feedstock_root/build_artifacts/r-base-split_1630154298835/work=/usr/local/src/conda/r-base-4.1.1 -fdebug-prefix-map=$PREFIX=/usr/local/src/conda-prefix  -c cmark/commonmark.c -o cmark/commonmark.o
x86_64-conda-linux-gnu-cc -I"$PREFIX/lib/R/include" -DNDEBUG -Icmark -I. -DCMARK_GFM_STATIC_DEFINE -DCMARK_GFM_EXTENSIONS_STATIC_DEFINE -DR_NO_REMAP -DSTRICT_R_HEADERS  -DNDEBUG -D_FORTIFY_SOURCE=2 -O2 -isystem $PREFIX/include -I$PREFIX/include -Wl,-rpath-link,$PREFIX/lib  -fvisibility=hidden -fpic  -march=nocona -mtune=haswell -ftree-vectorize -fPIC -fstack-protector-strong -fno-plt -O2 -ffunction-sections -pipe -isystem $PREFIX/include -fdebug-prefix-map=/home/conda/feedstock_root/build_artifacts/r-base-split_1630154298835/work=/usr/local/src/conda/r-base-4.1.1 -fdebug-prefix-map=$PREFIX=/usr/local/src/conda-prefix  -c cmark/latex.c -o cmark/latex.o
x86_64-conda-linux-gnu-cc -I"$PREFIX/lib/R/include" -DNDEBUG -Icmark -I. -DCMARK_GFM_STATIC_DEFINE -DCMARK_GFM_EXTENSIONS_STATIC_DEFINE -DR_NO_REMAP -DSTRICT_R_HEADERS  -DNDEBUG -D_FORTIFY_SOURCE=2 -O2 -isystem $PREFIX/include -I$PREFIX/include -Wl,-rpath-link,$PREFIX/lib  -fvisibility=hidden -fpic  -march=nocona -mtune=haswell -ftree-vectorize -fPIC -fstack-protector-strong -fno-plt -O2 -ffunction-sections -pipe -isystem $PREFIX/include -fdebug-prefix-map=/home/conda/feedstock_root/build_artifacts/r-base-split_1630154298835/work=/usr/local/src/conda/r-base-4.1.1 -fdebug-prefix-map=$PREFIX=/usr/local/src/conda-prefix  -c cmark/houdini_href_e.c -o cmark/houdini_href_e.o
x86_64-conda-linux-gnu-cc -I"$PREFIX/lib/R/include" -DNDEBUG -Icmark -I. -DCMARK_GFM_STATIC_DEFINE -DCMARK_GFM_EXTENSIONS_STATIC_DEFINE -DR_NO_REMAP -DSTRICT_R_HEADERS  -DNDEBUG -D_FORTIFY_SOURCE=2 -O2 -isystem $PREFIX/include -I$PREFIX/include -Wl,-rpath-link,$PREFIX/lib  -fvisibility=hidden -fpic  -march=nocona -mtune=haswell -ftree-vectorize -fPIC -fstack-protector-strong -fno-plt -O2 -ffunction-sections -pipe -isystem $PREFIX/include -fdebug-prefix-map=/home/conda/feedstock_root/build_artifacts/r-base-split_1630154298835/work=/usr/local/src/conda/r-base-4.1.1 -fdebug-prefix-map=$PREFIX=/usr/local/src/conda-prefix  -c cmark/houdini_html_e.c -o cmark/houdini_html_e.o
x86_64-conda-linux-gnu-cc -I"$PREFIX/lib/R/include" -DNDEBUG -Icmark -I. -DCMARK_GFM_STATIC_DEFINE -DCMARK_GFM_EXTENSIONS_STATIC_DEFINE -DR_NO_REMAP -DSTRICT_R_HEADERS  -DNDEBUG -D_FORTIFY_SOURCE=2 -O2 -isystem $PREFIX/include -I$PREFIX/include -Wl,-rpath-link,$PREFIX/lib  -fvisibility=hidden -fpic  -march=nocona -mtune=haswell -ftree-vectorize -fPIC -fstack-protector-strong -fno-plt -O2 -ffunction-sections -pipe -isystem $PREFIX/include -fdebug-prefix-map=/home/conda/feedstock_root/build_artifacts/r-base-split_1630154298835/work=/usr/local/src/conda/r-base-4.1.1 -fdebug-prefix-map=$PREFIX=/usr/local/src/conda-prefix  -c cmark/houdini_html_u.c -o cmark/houdini_html_u.o
x86_64-conda-linux-gnu-cc -I"$PREFIX/lib/R/include" -DNDEBUG -Icmark -I. -DCMARK_GFM_STATIC_DEFINE -DCMARK_GFM_EXTENSIONS_STATIC_DEFINE -DR_NO_REMAP -DSTRICT_R_HEADERS  -DNDEBUG -D_FORTIFY_SOURCE=2 -O2 -isystem $PREFIX/include -I$PREFIX/include -Wl,-rpath-link,$PREFIX/lib  -fvisibility=hidden -fpic  -march=nocona -mtune=haswell -ftree-vectorize -fPIC -fstack-protector-strong -fno-plt -O2 -ffunction-sections -pipe -isystem $PREFIX/include -fdebug-prefix-map=/home/conda/feedstock_root/build_artifacts/r-base-split_1630154298835/work=/usr/local/src/conda/r-base-4.1.1 -fdebug-prefix-map=$PREFIX=/usr/local/src/conda-prefix  -c cmark/cmark_ctype.c -o cmark/cmark_ctype.o
x86_64-conda-linux-gnu-cc -I"$PREFIX/lib/R/include" -DNDEBUG -Icmark -I. -DCMARK_GFM_STATIC_DEFINE -DCMARK_GFM_EXTENSIONS_STATIC_DEFINE -DR_NO_REMAP -DSTRICT_R_HEADERS  -DNDEBUG -D_FORTIFY_SOURCE=2 -O2 -isystem $PREFIX/include -I$PREFIX/include -Wl,-rpath-link,$PREFIX/lib  -fvisibility=hidden -fpic  -march=nocona -mtune=haswell -ftree-vectorize -fPIC -fstack-protector-strong -fno-plt -O2 -ffunction-sections -pipe -isystem $PREFIX/include -fdebug-prefix-map=/home/conda/feedstock_root/build_artifacts/r-base-split_1630154298835/work=/usr/local/src/conda/r-base-4.1.1 -fdebug-prefix-map=$PREFIX=/usr/local/src/conda-prefix  -c cmark/arena.c -o cmark/arena.o
x86_64-conda-linux-gnu-cc -I"$PREFIX/lib/R/include" -DNDEBUG -Icmark -I. -DCMARK_GFM_STATIC_DEFINE -DCMARK_GFM_EXTENSIONS_STATIC_DEFINE -DR_NO_REMAP -DSTRICT_R_HEADERS  -DNDEBUG -D_FORTIFY_SOURCE=2 -O2 -isystem $PREFIX/include -I$PREFIX/include -Wl,-rpath-link,$PREFIX/lib  -fvisibility=hidden -fpic  -march=nocona -mtune=haswell -ftree-vectorize -fPIC -fstack-protector-strong -fno-plt -O2 -ffunction-sections -pipe -isystem $PREFIX/include -fdebug-prefix-map=/home/conda/feedstock_root/build_artifacts/r-base-split_1630154298835/work=/usr/local/src/conda/r-base-4.1.1 -fdebug-prefix-map=$PREFIX=/usr/local/src/conda-prefix  -c cmark/linked_list.c -o cmark/linked_list.o
x86_64-conda-linux-gnu-cc -I"$PREFIX/lib/R/include" -DNDEBUG -Icmark -I. -DCMARK_GFM_STATIC_DEFINE -DCMARK_GFM_EXTENSIONS_STATIC_DEFINE -DR_NO_REMAP -DSTRICT_R_HEADERS  -DNDEBUG -D_FORTIFY_SOURCE=2 -O2 -isystem $PREFIX/include -I$PREFIX/include -Wl,-rpath-link,$PREFIX/lib  -fvisibility=hidden -fpic  -march=nocona -mtune=haswell -ftree-vectorize -fPIC -fstack-protector-strong -fno-plt -O2 -ffunction-sections -pipe -isystem $PREFIX/include -fdebug-prefix-map=/home/conda/feedstock_root/build_artifacts/r-base-split_1630154298835/work=/usr/local/src/conda/r-base-4.1.1 -fdebug-prefix-map=$PREFIX=/usr/local/src/conda-prefix  -c cmark/plugin.c -o cmark/plugin.o
x86_64-conda-linux-gnu-cc -I"$PREFIX/lib/R/include" -DNDEBUG -Icmark -I. -DCMARK_GFM_STATIC_DEFINE -DCMARK_GFM_EXTENSIONS_STATIC_DEFINE -DR_NO_REMAP -DSTRICT_R_HEADERS  -DNDEBUG -D_FORTIFY_SOURCE=2 -O2 -isystem $PREFIX/include -I$PREFIX/include -Wl,-rpath-link,$PREFIX/lib  -fvisibility=hidden -fpic  -march=nocona -mtune=haswell -ftree-vectorize -fPIC -fstack-protector-strong -fno-plt -O2 -ffunction-sections -pipe -isystem $PREFIX/include -fdebug-prefix-map=/home/conda/feedstock_root/build_artifacts/r-base-split_1630154298835/work=/usr/local/src/conda/r-base-4.1.1 -fdebug-prefix-map=$PREFIX=/usr/local/src/conda-prefix  -c cmark/registry.c -o cmark/registry.o
x86_64-conda-linux-gnu-cc -I"$PREFIX/lib/R/include" -DNDEBUG -Icmark -I. -DCMARK_GFM_STATIC_DEFINE -DCMARK_GFM_EXTENSIONS_STATIC_DEFINE -DR_NO_REMAP -DSTRICT_R_HEADERS  -DNDEBUG -D_FORTIFY_SOURCE=2 -O2 -isystem $PREFIX/include -I$PREFIX/include -Wl,-rpath-link,$PREFIX/lib  -fvisibility=hidden -fpic  -march=nocona -mtune=haswell -ftree-vectorize -fPIC -fstack-protector-strong -fno-plt -O2 -ffunction-sections -pipe -isystem $PREFIX/include -fdebug-prefix-map=/home/conda/feedstock_root/build_artifacts/r-base-split_1630154298835/work=/usr/local/src/conda/r-base-4.1.1 -fdebug-prefix-map=$PREFIX=/usr/local/src/conda-prefix  -c cmark/syntax_extension.c -o cmark/syntax_extension.o
x86_64-conda-linux-gnu-cc -I"$PREFIX/lib/R/include" -DNDEBUG -Icmark -I. -DCMARK_GFM_STATIC_DEFINE -DCMARK_GFM_EXTENSIONS_STATIC_DEFINE -DR_NO_REMAP -DSTRICT_R_HEADERS  -DNDEBUG -D_FORTIFY_SOURCE=2 -O2 -isystem $PREFIX/include -I$PREFIX/include -Wl,-rpath-link,$PREFIX/lib  -fvisibility=hidden -fpic  -march=nocona -mtune=haswell -ftree-vectorize -fPIC -fstack-protector-strong -fno-plt -O2 -ffunction-sections -pipe -isystem $PREFIX/include -fdebug-prefix-map=/home/conda/feedstock_root/build_artifacts/r-base-split_1630154298835/work=/usr/local/src/conda/r-base-4.1.1 -fdebug-prefix-map=$PREFIX=/usr/local/src/conda-prefix  -c cmark/plaintext.c -o cmark/plaintext.o
x86_64-conda-linux-gnu-cc -I"$PREFIX/lib/R/include" -DNDEBUG -Icmark -I. -DCMARK_GFM_STATIC_DEFINE -DCMARK_GFM_EXTENSIONS_STATIC_DEFINE -DR_NO_REMAP -DSTRICT_R_HEADERS  -DNDEBUG -D_FORTIFY_SOURCE=2 -O2 -isystem $PREFIX/include -I$PREFIX/include -Wl,-rpath-link,$PREFIX/lib  -fvisibility=hidden -fpic  -march=nocona -mtune=haswell -ftree-vectorize -fPIC -fstack-protector-strong -fno-plt -O2 -ffunction-sections -pipe -isystem $PREFIX/include -fdebug-prefix-map=/home/conda/feedstock_root/build_artifacts/r-base-split_1630154298835/work=/usr/local/src/conda/r-base-4.1.1 -fdebug-prefix-map=$PREFIX=/usr/local/src/conda-prefix  -c cmark/footnotes.c -o cmark/footnotes.o
x86_64-conda-linux-gnu-cc -I"$PREFIX/lib/R/include" -DNDEBUG -Icmark -I. -DCMARK_GFM_STATIC_DEFINE -DCMARK_GFM_EXTENSIONS_STATIC_DEFINE -DR_NO_REMAP -DSTRICT_R_HEADERS  -DNDEBUG -D_FORTIFY_SOURCE=2 -O2 -isystem $PREFIX/include -I$PREFIX/include -Wl,-rpath-link,$PREFIX/lib  -fvisibility=hidden -fpic  -march=nocona -mtune=haswell -ftree-vectorize -fPIC -fstack-protector-strong -fno-plt -O2 -ffunction-sections -pipe -isystem $PREFIX/include -fdebug-prefix-map=/home/conda/feedstock_root/build_artifacts/r-base-split_1630154298835/work=/usr/local/src/conda/r-base-4.1.1 -fdebug-prefix-map=$PREFIX=/usr/local/src/conda-prefix  -c cmark/map.c -o cmark/map.o
x86_64-conda-linux-gnu-cc -I"$PREFIX/lib/R/include" -DNDEBUG -Icmark -I. -DCMARK_GFM_STATIC_DEFINE -DCMARK_GFM_EXTENSIONS_STATIC_DEFINE -DR_NO_REMAP -DSTRICT_R_HEADERS  -DNDEBUG -D_FORTIFY_SOURCE=2 -O2 -isystem $PREFIX/include -I$PREFIX/include -Wl,-rpath-link,$PREFIX/lib  -fvisibility=hidden -fpic  -march=nocona -mtune=haswell -ftree-vectorize -fPIC -fstack-protector-strong -fno-plt -O2 -ffunction-sections -pipe -isystem $PREFIX/include -fdebug-prefix-map=/home/conda/feedstock_root/build_artifacts/r-base-split_1630154298835/work=/usr/local/src/conda/r-base-4.1.1 -fdebug-prefix-map=$PREFIX=/usr/local/src/conda-prefix  -c extensions/autolink.c -o extensions/autolink.o
x86_64-conda-linux-gnu-cc -I"$PREFIX/lib/R/include" -DNDEBUG -Icmark -I. -DCMARK_GFM_STATIC_DEFINE -DCMARK_GFM_EXTENSIONS_STATIC_DEFINE -DR_NO_REMAP -DSTRICT_R_HEADERS  -DNDEBUG -D_FORTIFY_SOURCE=2 -O2 -isystem $PREFIX/include -I$PREFIX/include -Wl,-rpath-link,$PREFIX/lib  -fvisibility=hidden -fpic  -march=nocona -mtune=haswell -ftree-vectorize -fPIC -fstack-protector-strong -fno-plt -O2 -ffunction-sections -pipe -isystem $PREFIX/include -fdebug-prefix-map=/home/conda/feedstock_root/build_artifacts/r-base-split_1630154298835/work=/usr/local/src/conda/r-base-4.1.1 -fdebug-prefix-map=$PREFIX=/usr/local/src/conda-prefix  -c extensions/core-extensions.c -o extensions/core-extensions.o
x86_64-conda-linux-gnu-cc -I"$PREFIX/lib/R/include" -DNDEBUG -Icmark -I. -DCMARK_GFM_STATIC_DEFINE -DCMARK_GFM_EXTENSIONS_STATIC_DEFINE -DR_NO_REMAP -DSTRICT_R_HEADERS  -DNDEBUG -D_FORTIFY_SOURCE=2 -O2 -isystem $PREFIX/include -I$PREFIX/include -Wl,-rpath-link,$PREFIX/lib  -fvisibility=hidden -fpic  -march=nocona -mtune=haswell -ftree-vectorize -fPIC -fstack-protector-strong -fno-plt -O2 -ffunction-sections -pipe -isystem $PREFIX/include -fdebug-prefix-map=/home/conda/feedstock_root/build_artifacts/r-base-split_1630154298835/work=/usr/local/src/conda/r-base-4.1.1 -fdebug-prefix-map=$PREFIX=/usr/local/src/conda-prefix  -c extensions/ext_scanners.c -o extensions/ext_scanners.o
x86_64-conda-linux-gnu-cc -I"$PREFIX/lib/R/include" -DNDEBUG -Icmark -I. -DCMARK_GFM_STATIC_DEFINE -DCMARK_GFM_EXTENSIONS_STATIC_DEFINE -DR_NO_REMAP -DSTRICT_R_HEADERS  -DNDEBUG -D_FORTIFY_SOURCE=2 -O2 -isystem $PREFIX/include -I$PREFIX/include -Wl,-rpath-link,$PREFIX/lib  -fvisibility=hidden -fpic  -march=nocona -mtune=haswell -ftree-vectorize -fPIC -fstack-protector-strong -fno-plt -O2 -ffunction-sections -pipe -isystem $PREFIX/include -fdebug-prefix-map=/home/conda/feedstock_root/build_artifacts/r-base-split_1630154298835/work=/usr/local/src/conda/r-base-4.1.1 -fdebug-prefix-map=$PREFIX=/usr/local/src/conda-prefix  -c extensions/strikethrough.c -o extensions/strikethrough.o
x86_64-conda-linux-gnu-cc -I"$PREFIX/lib/R/include" -DNDEBUG -Icmark -I. -DCMARK_GFM_STATIC_DEFINE -DCMARK_GFM_EXTENSIONS_STATIC_DEFINE -DR_NO_REMAP -DSTRICT_R_HEADERS  -DNDEBUG -D_FORTIFY_SOURCE=2 -O2 -isystem $PREFIX/include -I$PREFIX/include -Wl,-rpath-link,$PREFIX/lib  -fvisibility=hidden -fpic  -march=nocona -mtune=haswell -ftree-vectorize -fPIC -fstack-protector-strong -fno-plt -O2 -ffunction-sections -pipe -isystem $PREFIX/include -fdebug-prefix-map=/home/conda/feedstock_root/build_artifacts/r-base-split_1630154298835/work=/usr/local/src/conda/r-base-4.1.1 -fdebug-prefix-map=$PREFIX=/usr/local/src/conda-prefix  -c extensions/table.c -o extensions/table.o
x86_64-conda-linux-gnu-cc -I"$PREFIX/lib/R/include" -DNDEBUG -Icmark -I. -DCMARK_GFM_STATIC_DEFINE -DCMARK_GFM_EXTENSIONS_STATIC_DEFINE -DR_NO_REMAP -DSTRICT_R_HEADERS  -DNDEBUG -D_FORTIFY_SOURCE=2 -O2 -isystem $PREFIX/include -I$PREFIX/include -Wl,-rpath-link,$PREFIX/lib  -fvisibility=hidden -fpic  -march=nocona -mtune=haswell -ftree-vectorize -fPIC -fstack-protector-strong -fno-plt -O2 -ffunction-sections -pipe -isystem $PREFIX/include -fdebug-prefix-map=/home/conda/feedstock_root/build_artifacts/r-base-split_1630154298835/work=/usr/local/src/conda/r-base-4.1.1 -fdebug-prefix-map=$PREFIX=/usr/local/src/conda-prefix  -c extensions/tagfilter.c -o extensions/tagfilter.o
x86_64-conda-linux-gnu-ar rcs cmark/libstatcmark.a cmark/cmark.o cmark/node.o cmark/iterator.o cmark/blocks.o cmark/inlines.o cmark/scanners.o cmark/utf8.o cmark/buffer.o cmark/references.o cmark/render.o cmark/man.o cmark/xml.o cmark/html.o cmark/commonmark.o cmark/latex.o cmark/houdini_href_e.o cmark/houdini_html_e.o cmark/houdini_html_u.o cmark/cmark_ctype.o cmark/arena.o cmark/html.o cmark/linked_list.o cmark/plugin.o cmark/registry.o cmark/syntax_extension.o cmark/plaintext.o cmark/footnotes.o cmark/map.o extensions/autolink.o extensions/core-extensions.o extensions/ext_scanners.o extensions/strikethrough.o extensions/table.o extensions/tagfilter.o
x86_64-conda-linux-gnu-cc -shared -L$PREFIX/lib/R/lib -Wl,-O2 -Wl,--sort-common -Wl,--as-needed -Wl,-z,relro -Wl,-z,now -Wl,--disable-new-dtags -Wl,--gc-sections -Wl,-rpath,$PREFIX/lib -Wl,-rpath-link,$PREFIX/lib -L$PREFIX/lib -o commonmark.so extensions.o init.o wrapper.o -Lcmark -lstatcmark -L$PREFIX/lib/R/lib -lR
Found pkg-config cflags and libs!
Using PKG_CFLAGS=-I$PREFIX/include/libxml2 -I$PREFIX/include
Using PKG_LIBS=-L$PREFIX/lib -lxml2 -L$PREFIX/lib -lz -L$PREFIX/lib -llzma -lpthread -L$PREFIX/lib -liconv -L$PREFIX/lib -licui18n -licuuc -licudata -lm -ldl
x86_64-conda-linux-gnu-c++ -std=gnu++14 -I"$PREFIX/lib/R/include" -DNDEBUG -I../inst/include -I$PREFIX/include/libxml2 -I$PREFIX/include -DUCHAR_TYPE=wchar_t  -DNDEBUG -D_FORTIFY_SOURCE=2 -O2 -isystem $PREFIX/include -I$PREFIX/include -Wl,-rpath-link,$PREFIX/lib  -fvisibility=hidden -fpic  -fvisibility-inlines-hidden  -fmessage-length=0 -march=nocona -mtune=haswell -ftree-vectorize -fPIC -fstack-protector-strong -fno-plt -O2 -ffunction-sections -pipe -isystem $PREFIX/include -fdebug-prefix-map=/home/conda/feedstock_root/build_artifacts/r-base-split_1630154298835/work=/usr/local/src/conda/r-base-4.1.1 -fdebug-prefix-map=$PREFIX=/usr/local/src/conda-prefix  -c connection.cpp -o connection.o
x86_64-conda-linux-gnu-cc -I"$PREFIX/lib/R/include" -DNDEBUG -I../inst/include -I$PREFIX/include/libxml2 -I$PREFIX/include -DUCHAR_TYPE=wchar_t  -DNDEBUG -D_FORTIFY_SOURCE=2 -O2 -isystem $PREFIX/include -I$PREFIX/include -Wl,-rpath-link,$PREFIX/lib   -fpic  -march=nocona -mtune=haswell -ftree-vectorize -fPIC -fstack-protector-strong -fno-plt -O2 -ffunction-sections -pipe -isystem $PREFIX/include -fdebug-prefix-map=/home/conda/feedstock_root/build_artifacts/r-base-split_1630154298835/work=/usr/local/src/conda/r-base-4.1.1 -fdebug-prefix-map=$PREFIX=/usr/local/src/conda-prefix  -c init.c -o init.o
x86_64-conda-linux-gnu-c++ -std=gnu++14 -I"$PREFIX/lib/R/include" -DNDEBUG -I../inst/include -I$PREFIX/include/libxml2 -I$PREFIX/include -DUCHAR_TYPE=wchar_t  -DNDEBUG -D_FORTIFY_SOURCE=2 -O2 -isystem $PREFIX/include -I$PREFIX/include -Wl,-rpath-link,$PREFIX/lib  -fvisibility=hidden -fpic  -fvisibility-inlines-hidden  -fmessage-length=0 -march=nocona -mtune=haswell -ftree-vectorize -fPIC -fstack-protector-strong -fno-plt -O2 -ffunction-sections -pipe -isystem $PREFIX/include -fdebug-prefix-map=/home/conda/feedstock_root/build_artifacts/r-base-split_1630154298835/work=/usr/local/src/conda/r-base-4.1.1 -fdebug-prefix-map=$PREFIX=/usr/local/src/conda-prefix  -c xml2_doc.cpp -o xml2_doc.o
x86_64-conda-linux-gnu-c++ -std=gnu++14 -I"$PREFIX/lib/R/include" -DNDEBUG -I../inst/include -I$PREFIX/include/libxml2 -I$PREFIX/include -DUCHAR_TYPE=wchar_t  -DNDEBUG -D_FORTIFY_SOURCE=2 -O2 -isystem $PREFIX/include -I$PREFIX/include -Wl,-rpath-link,$PREFIX/lib  -fvisibility=hidden -fpic  -fvisibility-inlines-hidden  -fmessage-length=0 -march=nocona -mtune=haswell -ftree-vectorize -fPIC -fstack-protector-strong -fno-plt -O2 -ffunction-sections -pipe -isystem $PREFIX/include -fdebug-prefix-map=/home/conda/feedstock_root/build_artifacts/r-base-split_1630154298835/work=/usr/local/src/conda/r-base-4.1.1 -fdebug-prefix-map=$PREFIX=/usr/local/src/conda-prefix  -c xml2_init.cpp -o xml2_init.o
x86_64-conda-linux-gnu-c++ -std=gnu++14 -I"$PREFIX/lib/R/include" -DNDEBUG -I../inst/include -I$PREFIX/include/libxml2 -I$PREFIX/include -DUCHAR_TYPE=wchar_t  -DNDEBUG -D_FORTIFY_SOURCE=2 -O2 -isystem $PREFIX/include -I$PREFIX/include -Wl,-rpath-link,$PREFIX/lib  -fvisibility=hidden -fpic  -fvisibility-inlines-hidden  -fmessage-length=0 -march=nocona -mtune=haswell -ftree-vectorize -fPIC -fstack-protector-strong -fno-plt -O2 -ffunction-sections -pipe -isystem $PREFIX/include -fdebug-prefix-map=/home/conda/feedstock_root/build_artifacts/r-base-split_1630154298835/work=/usr/local/src/conda/r-base-4.1.1 -fdebug-prefix-map=$PREFIX=/usr/local/src/conda-prefix  -c xml2_namespace.cpp -o xml2_namespace.o
x86_64-conda-linux-gnu-c++ -std=gnu++14 -I"$PREFIX/lib/R/include" -DNDEBUG -I../inst/include -I$PREFIX/include/libxml2 -I$PREFIX/include -DUCHAR_TYPE=wchar_t  -DNDEBUG -D_FORTIFY_SOURCE=2 -O2 -isystem $PREFIX/include -I$PREFIX/include -Wl,-rpath-link,$PREFIX/lib  -fvisibility=hidden -fpic  -fvisibility-inlines-hidden  -fmessage-length=0 -march=nocona -mtune=haswell -ftree-vectorize -fPIC -fstack-protector-strong -fno-plt -O2 -ffunction-sections -pipe -isystem $PREFIX/include -fdebug-prefix-map=/home/conda/feedstock_root/build_artifacts/r-base-split_1630154298835/work=/usr/local/src/conda/r-base-4.1.1 -fdebug-prefix-map=$PREFIX=/usr/local/src/conda-prefix  -c xml2_node.cpp -o xml2_node.o
x86_64-conda-linux-gnu-c++ -std=gnu++14 -I"$PREFIX/lib/R/include" -DNDEBUG -I../inst/include -I$PREFIX/include/libxml2 -I$PREFIX/include -DUCHAR_TYPE=wchar_t  -DNDEBUG -D_FORTIFY_SOURCE=2 -O2 -isystem $PREFIX/include -I$PREFIX/include -Wl,-rpath-link,$PREFIX/lib  -fvisibility=hidden -fpic  -fvisibility-inlines-hidden  -fmessage-length=0 -march=nocona -mtune=haswell -ftree-vectorize -fPIC -fstack-protector-strong -fno-plt -O2 -ffunction-sections -pipe -isystem $PREFIX/include -fdebug-prefix-map=/home/conda/feedstock_root/build_artifacts/r-base-split_1630154298835/work=/usr/local/src/conda/r-base-4.1.1 -fdebug-prefix-map=$PREFIX=/usr/local/src/conda-prefix  -c xml2_output.cpp -o xml2_output.o
x86_64-conda-linux-gnu-c++ -std=gnu++14 -I"$PREFIX/lib/R/include" -DNDEBUG -I../inst/include -I$PREFIX/include/libxml2 -I$PREFIX/include -DUCHAR_TYPE=wchar_t  -DNDEBUG -D_FORTIFY_SOURCE=2 -O2 -isystem $PREFIX/include -I$PREFIX/include -Wl,-rpath-link,$PREFIX/lib  -fvisibility=hidden -fpic  -fvisibility-inlines-hidden  -fmessage-length=0 -march=nocona -mtune=haswell -ftree-vectorize -fPIC -fstack-protector-strong -fno-plt -O2 -ffunction-sections -pipe -isystem $PREFIX/include -fdebug-prefix-map=/home/conda/feedstock_root/build_artifacts/r-base-split_1630154298835/work=/usr/local/src/conda/r-base-4.1.1 -fdebug-prefix-map=$PREFIX=/usr/local/src/conda-prefix  -c xml2_schema.cpp -o xml2_schema.o
x86_64-conda-linux-gnu-c++ -std=gnu++14 -I"$PREFIX/lib/R/include" -DNDEBUG -I../inst/include -I$PREFIX/include/libxml2 -I$PREFIX/include -DUCHAR_TYPE=wchar_t  -DNDEBUG -D_FORTIFY_SOURCE=2 -O2 -isystem $PREFIX/include -I$PREFIX/include -Wl,-rpath-link,$PREFIX/lib  -fvisibility=hidden -fpic  -fvisibility-inlines-hidden  -fmessage-length=0 -march=nocona -mtune=haswell -ftree-vectorize -fPIC -fstack-protector-strong -fno-plt -O2 -ffunction-sections -pipe -isystem $PREFIX/include -fdebug-prefix-map=/home/conda/feedstock_root/build_artifacts/r-base-split_1630154298835/work=/usr/local/src/conda/r-base-4.1.1 -fdebug-prefix-map=$PREFIX=/usr/local/src/conda-prefix  -c xml2_url.cpp -o xml2_url.o
x86_64-conda-linux-gnu-c++ -std=gnu++14 -I"$PREFIX/lib/R/include" -DNDEBUG -I../inst/include -I$PREFIX/include/libxml2 -I$PREFIX/include -DUCHAR_TYPE=wchar_t  -DNDEBUG -D_FORTIFY_SOURCE=2 -O2 -isystem $PREFIX/include -I$PREFIX/include -Wl,-rpath-link,$PREFIX/lib  -fvisibility=hidden -fpic  -fvisibility-inlines-hidden  -fmessage-length=0 -march=nocona -mtune=haswell -ftree-vectorize -fPIC -fstack-protector-strong -fno-plt -O2 -ffunction-sections -pipe -isystem $PREFIX/include -fdebug-prefix-map=/home/conda/feedstock_root/build_artifacts/r-base-split_1630154298835/work=/usr/local/src/conda/r-base-4.1.1 -fdebug-prefix-map=$PREFIX=/usr/local/src/conda-prefix  -c xml2_xpath.cpp -o xml2_xpath.o
x86_64-conda-linux-gnu-c++ -std=gnu++14 -shared -L$PREFIX/lib/R/lib -Wl,-O2 -Wl,--sort-common -Wl,--as-needed -Wl,-z,relro -Wl,-z,now -Wl,--disable-new-dtags -Wl,--gc-sections -Wl,-rpath,$PREFIX/lib -Wl,-rpath-link,$PREFIX/lib -L$PREFIX/lib -o xml2.so connection.o init.o xml2_doc.o xml2_init.o xml2_namespace.o xml2_node.o xml2_output.o xml2_schema.o xml2_url.o xml2_xpath.o -L$PREFIX/lib -lxml2 -L$PREFIX/lib -lz -L$PREFIX/lib -llzma -lpthread -L$PREFIX/lib -liconv -L$PREFIX/lib -licui18n -licuuc -licudata -lm -ldl -L$PREFIX/lib/R/lib -lR
x86_64-conda-linux-gnu-c++ -std=gnu++14 -I"$PREFIX/lib/R/include" -DNDEBUG -I./libuv-1.38.1/include -I. -pthread  -DNDEBUG -D_FORTIFY_SOURCE=2 -O2 -isystem $PREFIX/include -I$PREFIX/include -Wl,-rpath-link,$PREFIX/lib   -fpic  -fvisibility-inlines-hidden  -fmessage-length=0 -march=nocona -mtune=haswell -ftree-vectorize -fPIC -fstack-protector-strong -fno-plt -O2 -ffunction-sections -pipe -isystem $PREFIX/include -fdebug-prefix-map=/home/conda/feedstock_root/build_artifacts/r-base-split_1630154298835/work=/usr/local/src/conda/r-base-4.1.1 -fdebug-prefix-map=$PREFIX=/usr/local/src/conda-prefix  -c dir.cc -o dir.o
x86_64-conda-linux-gnu-c++ -std=gnu++14 -I"$PREFIX/lib/R/include" -DNDEBUG -I./libuv-1.38.1/include -I. -pthread  -DNDEBUG -D_FORTIFY_SOURCE=2 -O2 -isystem $PREFIX/include -I$PREFIX/include -Wl,-rpath-link,$PREFIX/lib   -fpic  -fvisibility-inlines-hidden  -fmessage-length=0 -march=nocona -mtune=haswell -ftree-vectorize -fPIC -fstack-protector-strong -fno-plt -O2 -ffunction-sections -pipe -isystem $PREFIX/include -fdebug-prefix-map=/home/conda/feedstock_root/build_artifacts/r-base-split_1630154298835/work=/usr/local/src/conda/r-base-4.1.1 -fdebug-prefix-map=$PREFIX=/usr/local/src/conda-prefix  -c error.cc -o error.o
x86_64-conda-linux-gnu-c++ -std=gnu++14 -I"$PREFIX/lib/R/include" -DNDEBUG -I./libuv-1.38.1/include -I. -pthread  -DNDEBUG -D_FORTIFY_SOURCE=2 -O2 -isystem $PREFIX/include -I$PREFIX/include -Wl,-rpath-link,$PREFIX/lib   -fpic  -fvisibility-inlines-hidden  -fmessage-length=0 -march=nocona -mtune=haswell -ftree-vectorize -fPIC -fstack-protector-strong -fno-plt -O2 -ffunction-sections -pipe -isystem $PREFIX/include -fdebug-prefix-map=/home/conda/feedstock_root/build_artifacts/r-base-split_1630154298835/work=/usr/local/src/conda/r-base-4.1.1 -fdebug-prefix-map=$PREFIX=/usr/local/src/conda-prefix  -c file.cc -o file.o
x86_64-conda-linux-gnu-c++ -std=gnu++14 -I"$PREFIX/lib/R/include" -DNDEBUG -I./libuv-1.38.1/include -I. -pthread  -DNDEBUG -D_FORTIFY_SOURCE=2 -O2 -isystem $PREFIX/include -I$PREFIX/include -Wl,-rpath-link,$PREFIX/lib   -fpic  -fvisibility-inlines-hidden  -fmessage-length=0 -march=nocona -mtune=haswell -ftree-vectorize -fPIC -fstack-protector-strong -fno-plt -O2 -ffunction-sections -pipe -isystem $PREFIX/include -fdebug-prefix-map=/home/conda/feedstock_root/build_artifacts/r-base-split_1630154298835/work=/usr/local/src/conda/r-base-4.1.1 -fdebug-prefix-map=$PREFIX=/usr/local/src/conda-prefix  -c fs.cc -o fs.o
x86_64-conda-linux-gnu-c++ -std=gnu++14 -I"$PREFIX/lib/R/include" -DNDEBUG -I./libuv-1.38.1/include -I. -pthread  -DNDEBUG -D_FORTIFY_SOURCE=2 -O2 -isystem $PREFIX/include -I$PREFIX/include -Wl,-rpath-link,$PREFIX/lib   -fpic  -fvisibility-inlines-hidden  -fmessage-length=0 -march=nocona -mtune=haswell -ftree-vectorize -fPIC -fstack-protector-strong -fno-plt -O2 -ffunction-sections -pipe -isystem $PREFIX/include -fdebug-prefix-map=/home/conda/feedstock_root/build_artifacts/r-base-split_1630154298835/work=/usr/local/src/conda/r-base-4.1.1 -fdebug-prefix-map=$PREFIX=/usr/local/src/conda-prefix  -c getmode.cc -o getmode.o
x86_64-conda-linux-gnu-c++ -std=gnu++14 -I"$PREFIX/lib/R/include" -DNDEBUG -I./libuv-1.38.1/include -I. -pthread  -DNDEBUG -D_FORTIFY_SOURCE=2 -O2 -isystem $PREFIX/include -I$PREFIX/include -Wl,-rpath-link,$PREFIX/lib   -fpic  -fvisibility-inlines-hidden  -fmessage-length=0 -march=nocona -mtune=haswell -ftree-vectorize -fPIC -fstack-protector-strong -fno-plt -O2 -ffunction-sections -pipe -isystem $PREFIX/include -fdebug-prefix-map=/home/conda/feedstock_root/build_artifacts/r-base-split_1630154298835/work=/usr/local/src/conda/r-base-4.1.1 -fdebug-prefix-map=$PREFIX=/usr/local/src/conda-prefix  -c id.cc -o id.o
x86_64-conda-linux-gnu-c++ -std=gnu++14 -I"$PREFIX/lib/R/include" -DNDEBUG -I./libuv-1.38.1/include -I. -pthread  -DNDEBUG -D_FORTIFY_SOURCE=2 -O2 -isystem $PREFIX/include -I$PREFIX/include -Wl,-rpath-link,$PREFIX/lib   -fpic  -fvisibility-inlines-hidden  -fmessage-length=0 -march=nocona -mtune=haswell -ftree-vectorize -fPIC -fstack-protector-strong -fno-plt -O2 -ffunction-sections -pipe -isystem $PREFIX/include -fdebug-prefix-map=/home/conda/feedstock_root/build_artifacts/r-base-split_1630154298835/work=/usr/local/src/conda/r-base-4.1.1 -fdebug-prefix-map=$PREFIX=/usr/local/src/conda-prefix  -c init.cc -o init.o
x86_64-conda-linux-gnu-c++ -std=gnu++14 -I"$PREFIX/lib/R/include" -DNDEBUG -I./libuv-1.38.1/include -I. -pthread  -DNDEBUG -D_FORTIFY_SOURCE=2 -O2 -isystem $PREFIX/include -I$PREFIX/include -Wl,-rpath-link,$PREFIX/lib   -fpic  -fvisibility-inlines-hidden  -fmessage-length=0 -march=nocona -mtune=haswell -ftree-vectorize -fPIC -fstack-protector-strong -fno-plt -O2 -ffunction-sections -pipe -isystem $PREFIX/include -fdebug-prefix-map=/home/conda/feedstock_root/build_artifacts/r-base-split_1630154298835/work=/usr/local/src/conda/r-base-4.1.1 -fdebug-prefix-map=$PREFIX=/usr/local/src/conda-prefix  -c link.cc -o link.o
x86_64-conda-linux-gnu-c++ -std=gnu++14 -I"$PREFIX/lib/R/include" -DNDEBUG -I./libuv-1.38.1/include -I. -pthread  -DNDEBUG -D_FORTIFY_SOURCE=2 -O2 -isystem $PREFIX/include -I$PREFIX/include -Wl,-rpath-link,$PREFIX/lib   -fpic  -fvisibility-inlines-hidden  -fmessage-length=0 -march=nocona -mtune=haswell -ftree-vectorize -fPIC -fstack-protector-strong -fno-plt -O2 -ffunction-sections -pipe -isystem $PREFIX/include -fdebug-prefix-map=/home/conda/feedstock_root/build_artifacts/r-base-split_1630154298835/work=/usr/local/src/conda/r-base-4.1.1 -fdebug-prefix-map=$PREFIX=/usr/local/src/conda-prefix  -c path.cc -o path.o
x86_64-conda-linux-gnu-c++ -std=gnu++14 -I"$PREFIX/lib/R/include" -DNDEBUG -I./libuv-1.38.1/include -I. -pthread  -DNDEBUG -D_FORTIFY_SOURCE=2 -O2 -isystem $PREFIX/include -I$PREFIX/include -Wl,-rpath-link,$PREFIX/lib   -fpic  -fvisibility-inlines-hidden  -fmessage-length=0 -march=nocona -mtune=haswell -ftree-vectorize -fPIC -fstack-protector-strong -fno-plt -O2 -ffunction-sections -pipe -isystem $PREFIX/include -fdebug-prefix-map=/home/conda/feedstock_root/build_artifacts/r-base-split_1630154298835/work=/usr/local/src/conda/r-base-4.1.1 -fdebug-prefix-map=$PREFIX=/usr/local/src/conda-prefix  -c utils.cc -o utils.o
x86_64-conda-linux-gnu-c++ -std=gnu++14 -I"$PREFIX/lib/R/include" -DNDEBUG -I./libuv-1.38.1/include -I. -pthread  -DNDEBUG -D_FORTIFY_SOURCE=2 -O2 -isystem $PREFIX/include -I$PREFIX/include -Wl,-rpath-link,$PREFIX/lib   -fpic  -fvisibility-inlines-hidden  -fmessage-length=0 -march=nocona -mtune=haswell -ftree-vectorize -fPIC -fstack-protector-strong -fno-plt -O2 -ffunction-sections -pipe -isystem $PREFIX/include -fdebug-prefix-map=/home/conda/feedstock_root/build_artifacts/r-base-split_1630154298835/work=/usr/local/src/conda/r-base-4.1.1 -fdebug-prefix-map=$PREFIX=/usr/local/src/conda-prefix  -c unix/getmode.cc -o unix/getmode.o
x86_64-conda-linux-gnu-cc -I"$PREFIX/lib/R/include" -DNDEBUG -I./libuv-1.38.1/include -I. -pthread  -DNDEBUG -D_FORTIFY_SOURCE=2 -O2 -isystem $PREFIX/include -I$PREFIX/include -Wl,-rpath-link,$PREFIX/lib   -fpic  -march=nocona -mtune=haswell -ftree-vectorize -fPIC -fstack-protector-strong -fno-plt -O2 -ffunction-sections -pipe -isystem $PREFIX/include -fdebug-prefix-map=/home/conda/feedstock_root/build_artifacts/r-base-split_1630154298835/work=/usr/local/src/conda/r-base-4.1.1 -fdebug-prefix-map=$PREFIX=/usr/local/src/conda-prefix  -c bsd/setmode.c -o bsd/setmode.o
x86_64-conda-linux-gnu-cc -I"$PREFIX/lib/R/include" -DNDEBUG -I./libuv-1.38.1/include -I. -pthread  -DNDEBUG -D_FORTIFY_SOURCE=2 -O2 -isystem $PREFIX/include -I$PREFIX/include -Wl,-rpath-link,$PREFIX/lib   -fpic  -march=nocona -mtune=haswell -ftree-vectorize -fPIC -fstack-protector-strong -fno-plt -O2 -ffunction-sections -pipe -isystem $PREFIX/include -fdebug-prefix-map=/home/conda/feedstock_root/build_artifacts/r-base-split_1630154298835/work=/usr/local/src/conda/r-base-4.1.1 -fdebug-prefix-map=$PREFIX=/usr/local/src/conda-prefix  -c bsd/strmode.c -o bsd/strmode.o
x86_64-conda-linux-gnu-cc -I"$PREFIX/lib/R/include" -DNDEBUG -I./libuv-1.38.1/include -I. -pthread  -DNDEBUG -D_FORTIFY_SOURCE=2 -O2 -isystem $PREFIX/include -I$PREFIX/include -Wl,-rpath-link,$PREFIX/lib   -fpic  -march=nocona -mtune=haswell -ftree-vectorize -fPIC -fstack-protector-strong -fno-plt -O2 -ffunction-sections -pipe -isystem $PREFIX/include -fdebug-prefix-map=/home/conda/feedstock_root/build_artifacts/r-base-split_1630154298835/work=/usr/local/src/conda/r-base-4.1.1 -fdebug-prefix-map=$PREFIX=/usr/local/src/conda-prefix  -c bsd/reallocarray.c -o bsd/reallocarray.o
(cd libuv-1.38.1 \
&& CC="x86_64-conda-linux-gnu-cc" CFLAGS="-march=nocona -mtune=haswell -ftree-vectorize -fPIC -fstack-protector-strong -fno-plt -O2 -ffunction-sections -pipe -isystem $PREFIX/include -fdebug-prefix-map=/home/conda/feedstock_root/build_artifacts/r-base-split_1630154298835/work=/usr/local/src/conda/r-base-4.1.1 -fdebug-prefix-map=$PREFIX=/usr/local/src/conda-prefix  -DNDEBUG -D_FORTIFY_SOURCE=2 -O2 -isystem $PREFIX/include -I$PREFIX/include -Wl,-rpath-link,$PREFIX/lib -fpic -fvisibility=hidden" AR="x86_64-conda-linux-gnu-ar" RANLIB="x86_64-conda-linux-gnu-ranlib" LDFLAGS="-Wl,-O2 -Wl,--sort-common -Wl,--as-needed -Wl,-z,relro -Wl,-z,now -Wl,--disable-new-dtags -Wl,--gc-sections -Wl,-rpath,$PREFIX/lib -Wl,-rpath-link,$PREFIX/lib -L$PREFIX/lib" ./configure --quiet)
make --directory=libuv-1.38.1 \
	HAVE_DTRACE=0
make[1]: Entering directory '/tmp/RtmpWl3nKY/R.INSTALL41ce14f608c0/fs/src/libuv-1.38.1'
  CC       src/libuv_la-fs-poll.lo
  CC       src/libuv_la-idna.lo
  CC       src/libuv_la-inet.lo
  CC       src/libuv_la-random.lo
  CC       src/libuv_la-strscpy.lo
  CC       src/libuv_la-threadpool.lo
  CC       src/libuv_la-timer.lo
  CC       src/libuv_la-uv-data-getter-setters.lo
  CC       src/libuv_la-uv-common.lo
  CC       src/libuv_la-version.lo
  CC       src/unix/libuv_la-async.lo
  CC       src/unix/libuv_la-core.lo
  CC       src/unix/libuv_la-dl.lo
  CC       src/unix/libuv_la-fs.lo
  CC       src/unix/libuv_la-getaddrinfo.lo
  CC       src/unix/libuv_la-getnameinfo.lo
  CC       src/unix/libuv_la-loop-watcher.lo
  CC       src/unix/libuv_la-loop.lo
  CC       src/unix/libuv_la-pipe.lo
  CC       src/unix/libuv_la-poll.lo
  CC       src/unix/libuv_la-process.lo
  CC       src/unix/libuv_la-random-devurandom.lo
  CC       src/unix/libuv_la-signal.lo
  CC       src/unix/libuv_la-stream.lo
  CC       src/unix/libuv_la-tcp.lo
  CC       src/unix/libuv_la-thread.lo
  CC       src/unix/libuv_la-tty.lo
  CC       src/unix/libuv_la-udp.lo
  CC       src/unix/libuv_la-linux-core.lo
  CC       src/unix/libuv_la-linux-inotify.lo
  CC       src/unix/libuv_la-linux-syscalls.lo
  CC       src/unix/libuv_la-procfs-exepath.lo
  CC       src/unix/libuv_la-proctitle.lo
  CC       src/unix/libuv_la-random-getrandom.lo
  CC       src/unix/libuv_la-random-sysctl-linux.lo
  CCLD     libuv.la
make[1]: Leaving directory '/tmp/RtmpWl3nKY/R.INSTALL41ce14f608c0/fs/src/libuv-1.38.1'
x86_64-conda-linux-gnu-c++ -std=gnu++14 -shared -L$PREFIX/lib/R/lib -Wl,-O2 -Wl,--sort-common -Wl,--as-needed -Wl,-z,relro -Wl,-z,now -Wl,--disable-new-dtags -Wl,--gc-sections -Wl,-rpath,$PREFIX/lib -Wl,-rpath-link,$PREFIX/lib -L$PREFIX/lib -o fs.so dir.o error.o file.o fs.o getmode.o id.o init.o link.o path.o utils.o unix/getmode.o bsd/setmode.o bsd/strmode.o bsd/reallocarray.o ./libuv-1.38.1/.libs/libuv.a -pthread -L$PREFIX/lib/R/lib -lR
> curl::curl_download("https://r-lib.github.io/gert/get-libgit2-linux.sh","get-libgit2-linux.sh")
> 
> 
> curl::curl_download('https://r-lib.github.io/gert/libgit2-1.1.0.x86_64_linux.tar.gz','bundle.tar.gz')
> 
> 
Using static libgit2-1.1.0 for Linux x86_64
Using PKG_CFLAGS=-DSTATIC_LIBGIT2 -I/tmp/RtmpJv27BS/R.INSTALL80ed37f4ce35/gert/libgit2/include
Using PKG_LIBS=-L/tmp/RtmpJv27BS/R.INSTALL80ed37f4ce35/gert/libgit2/lib -lgit2 -lrt -lpthread -lssh2 -lssl -lcrypto -ldl -lpcre -lz
Configuration OK!
rm -f gert.so branch.o clone.o commit.o config.o conflicts.o files.o init.o merge.o rebase.o stash.o submodules.o tag.o utils.o version.o
x86_64-conda-linux-gnu-cc -I"$PREFIX/lib/R/include" -DNDEBUG -DSTATIC_LIBGIT2 -I/tmp/RtmpJv27BS/R.INSTALL80ed37f4ce35/gert/libgit2/include -DR_NO_REMAP -DSTRICT_R_HEADERS  -DNDEBUG -D_FORTIFY_SOURCE=2 -O2 -isystem $PREFIX/include -I$PREFIX/include -Wl,-rpath-link,$PREFIX/lib  -fvisibility=hidden -fpic  -march=nocona -mtune=haswell -ftree-vectorize -fPIC -fstack-protector-strong -fno-plt -O2 -ffunction-sections -pipe -isystem $PREFIX/include -fdebug-prefix-map=/home/conda/feedstock_root/build_artifacts/r-base-split_1630154298835/work=/usr/local/src/conda/r-base-4.1.1 -fdebug-prefix-map=$PREFIX=/usr/local/src/conda-prefix  -c branch.c -o branch.o
x86_64-conda-linux-gnu-cc -I"$PREFIX/lib/R/include" -DNDEBUG -DSTATIC_LIBGIT2 -I/tmp/RtmpJv27BS/R.INSTALL80ed37f4ce35/gert/libgit2/include -DR_NO_REMAP -DSTRICT_R_HEADERS  -DNDEBUG -D_FORTIFY_SOURCE=2 -O2 -isystem $PREFIX/include -I$PREFIX/include -Wl,-rpath-link,$PREFIX/lib  -fvisibility=hidden -fpic  -march=nocona -mtune=haswell -ftree-vectorize -fPIC -fstack-protector-strong -fno-plt -O2 -ffunction-sections -pipe -isystem $PREFIX/include -fdebug-prefix-map=/home/conda/feedstock_root/build_artifacts/r-base-split_1630154298835/work=/usr/local/src/conda/r-base-4.1.1 -fdebug-prefix-map=$PREFIX=/usr/local/src/conda-prefix  -c clone.c -o clone.o
x86_64-conda-linux-gnu-cc -I"$PREFIX/lib/R/include" -DNDEBUG -DSTATIC_LIBGIT2 -I/tmp/RtmpJv27BS/R.INSTALL80ed37f4ce35/gert/libgit2/include -DR_NO_REMAP -DSTRICT_R_HEADERS  -DNDEBUG -D_FORTIFY_SOURCE=2 -O2 -isystem $PREFIX/include -I$PREFIX/include -Wl,-rpath-link,$PREFIX/lib  -fvisibility=hidden -fpic  -march=nocona -mtune=haswell -ftree-vectorize -fPIC -fstack-protector-strong -fno-plt -O2 -ffunction-sections -pipe -isystem $PREFIX/include -fdebug-prefix-map=/home/conda/feedstock_root/build_artifacts/r-base-split_1630154298835/work=/usr/local/src/conda/r-base-4.1.1 -fdebug-prefix-map=$PREFIX=/usr/local/src/conda-prefix  -c commit.c -o commit.o
x86_64-conda-linux-gnu-cc -I"$PREFIX/lib/R/include" -DNDEBUG -DSTATIC_LIBGIT2 -I/tmp/RtmpJv27BS/R.INSTALL80ed37f4ce35/gert/libgit2/include -DR_NO_REMAP -DSTRICT_R_HEADERS  -DNDEBUG -D_FORTIFY_SOURCE=2 -O2 -isystem $PREFIX/include -I$PREFIX/include -Wl,-rpath-link,$PREFIX/lib  -fvisibility=hidden -fpic  -march=nocona -mtune=haswell -ftree-vectorize -fPIC -fstack-protector-strong -fno-plt -O2 -ffunction-sections -pipe -isystem $PREFIX/include -fdebug-prefix-map=/home/conda/feedstock_root/build_artifacts/r-base-split_1630154298835/work=/usr/local/src/conda/r-base-4.1.1 -fdebug-prefix-map=$PREFIX=/usr/local/src/conda-prefix  -c config.c -o config.o
x86_64-conda-linux-gnu-cc -I"$PREFIX/lib/R/include" -DNDEBUG -DSTATIC_LIBGIT2 -I/tmp/RtmpJv27BS/R.INSTALL80ed37f4ce35/gert/libgit2/include -DR_NO_REMAP -DSTRICT_R_HEADERS  -DNDEBUG -D_FORTIFY_SOURCE=2 -O2 -isystem $PREFIX/include -I$PREFIX/include -Wl,-rpath-link,$PREFIX/lib  -fvisibility=hidden -fpic  -march=nocona -mtune=haswell -ftree-vectorize -fPIC -fstack-protector-strong -fno-plt -O2 -ffunction-sections -pipe -isystem $PREFIX/include -fdebug-prefix-map=/home/conda/feedstock_root/build_artifacts/r-base-split_1630154298835/work=/usr/local/src/conda/r-base-4.1.1 -fdebug-prefix-map=$PREFIX=/usr/local/src/conda-prefix  -c conflicts.c -o conflicts.o
x86_64-conda-linux-gnu-cc -I"$PREFIX/lib/R/include" -DNDEBUG -DSTATIC_LIBGIT2 -I/tmp/RtmpJv27BS/R.INSTALL80ed37f4ce35/gert/libgit2/include -DR_NO_REMAP -DSTRICT_R_HEADERS  -DNDEBUG -D_FORTIFY_SOURCE=2 -O2 -isystem $PREFIX/include -I$PREFIX/include -Wl,-rpath-link,$PREFIX/lib  -fvisibility=hidden -fpic  -march=nocona -mtune=haswell -ftree-vectorize -fPIC -fstack-protector-strong -fno-plt -O2 -ffunction-sections -pipe -isystem $PREFIX/include -fdebug-prefix-map=/home/conda/feedstock_root/build_artifacts/r-base-split_1630154298835/work=/usr/local/src/conda/r-base-4.1.1 -fdebug-prefix-map=$PREFIX=/usr/local/src/conda-prefix  -c files.c -o files.o
x86_64-conda-linux-gnu-cc -I"$PREFIX/lib/R/include" -DNDEBUG -DSTATIC_LIBGIT2 -I/tmp/RtmpJv27BS/R.INSTALL80ed37f4ce35/gert/libgit2/include -DR_NO_REMAP -DSTRICT_R_HEADERS  -DNDEBUG -D_FORTIFY_SOURCE=2 -O2 -isystem $PREFIX/include -I$PREFIX/include -Wl,-rpath-link,$PREFIX/lib  -fvisibility=hidden -fpic  -march=nocona -mtune=haswell -ftree-vectorize -fPIC -fstack-protector-strong -fno-plt -O2 -ffunction-sections -pipe -isystem $PREFIX/include -fdebug-prefix-map=/home/conda/feedstock_root/build_artifacts/r-base-split_1630154298835/work=/usr/local/src/conda/r-base-4.1.1 -fdebug-prefix-map=$PREFIX=/usr/local/src/conda-prefix  -c init.c -o init.o
x86_64-conda-linux-gnu-cc -I"$PREFIX/lib/R/include" -DNDEBUG -DSTATIC_LIBGIT2 -I/tmp/RtmpJv27BS/R.INSTALL80ed37f4ce35/gert/libgit2/include -DR_NO_REMAP -DSTRICT_R_HEADERS  -DNDEBUG -D_FORTIFY_SOURCE=2 -O2 -isystem $PREFIX/include -I$PREFIX/include -Wl,-rpath-link,$PREFIX/lib  -fvisibility=hidden -fpic  -march=nocona -mtune=haswell -ftree-vectorize -fPIC -fstack-protector-strong -fno-plt -O2 -ffunction-sections -pipe -isystem $PREFIX/include -fdebug-prefix-map=/home/conda/feedstock_root/build_artifacts/r-base-split_1630154298835/work=/usr/local/src/conda/r-base-4.1.1 -fdebug-prefix-map=$PREFIX=/usr/local/src/conda-prefix  -c merge.c -o merge.o
x86_64-conda-linux-gnu-cc -I"$PREFIX/lib/R/include" -DNDEBUG -DSTATIC_LIBGIT2 -I/tmp/RtmpJv27BS/R.INSTALL80ed37f4ce35/gert/libgit2/include -DR_NO_REMAP -DSTRICT_R_HEADERS  -DNDEBUG -D_FORTIFY_SOURCE=2 -O2 -isystem $PREFIX/include -I$PREFIX/include -Wl,-rpath-link,$PREFIX/lib  -fvisibility=hidden -fpic  -march=nocona -mtune=haswell -ftree-vectorize -fPIC -fstack-protector-strong -fno-plt -O2 -ffunction-sections -pipe -isystem $PREFIX/include -fdebug-prefix-map=/home/conda/feedstock_root/build_artifacts/r-base-split_1630154298835/work=/usr/local/src/conda/r-base-4.1.1 -fdebug-prefix-map=$PREFIX=/usr/local/src/conda-prefix  -c rebase.c -o rebase.o
x86_64-conda-linux-gnu-cc -I"$PREFIX/lib/R/include" -DNDEBUG -DSTATIC_LIBGIT2 -I/tmp/RtmpJv27BS/R.INSTALL80ed37f4ce35/gert/libgit2/include -DR_NO_REMAP -DSTRICT_R_HEADERS  -DNDEBUG -D_FORTIFY_SOURCE=2 -O2 -isystem $PREFIX/include -I$PREFIX/include -Wl,-rpath-link,$PREFIX/lib  -fvisibility=hidden -fpic  -march=nocona -mtune=haswell -ftree-vectorize -fPIC -fstack-protector-strong -fno-plt -O2 -ffunction-sections -pipe -isystem $PREFIX/include -fdebug-prefix-map=/home/conda/feedstock_root/build_artifacts/r-base-split_1630154298835/work=/usr/local/src/conda/r-base-4.1.1 -fdebug-prefix-map=$PREFIX=/usr/local/src/conda-prefix  -c stash.c -o stash.o
x86_64-conda-linux-gnu-cc -I"$PREFIX/lib/R/include" -DNDEBUG -DSTATIC_LIBGIT2 -I/tmp/RtmpJv27BS/R.INSTALL80ed37f4ce35/gert/libgit2/include -DR_NO_REMAP -DSTRICT_R_HEADERS  -DNDEBUG -D_FORTIFY_SOURCE=2 -O2 -isystem $PREFIX/include -I$PREFIX/include -Wl,-rpath-link,$PREFIX/lib  -fvisibility=hidden -fpic  -march=nocona -mtune=haswell -ftree-vectorize -fPIC -fstack-protector-strong -fno-plt -O2 -ffunction-sections -pipe -isystem $PREFIX/include -fdebug-prefix-map=/home/conda/feedstock_root/build_artifacts/r-base-split_1630154298835/work=/usr/local/src/conda/r-base-4.1.1 -fdebug-prefix-map=$PREFIX=/usr/local/src/conda-prefix  -c submodules.c -o submodules.o
x86_64-conda-linux-gnu-cc -I"$PREFIX/lib/R/include" -DNDEBUG -DSTATIC_LIBGIT2 -I/tmp/RtmpJv27BS/R.INSTALL80ed37f4ce35/gert/libgit2/include -DR_NO_REMAP -DSTRICT_R_HEADERS  -DNDEBUG -D_FORTIFY_SOURCE=2 -O2 -isystem $PREFIX/include -I$PREFIX/include -Wl,-rpath-link,$PREFIX/lib  -fvisibility=hidden -fpic  -march=nocona -mtune=haswell -ftree-vectorize -fPIC -fstack-protector-strong -fno-plt -O2 -ffunction-sections -pipe -isystem $PREFIX/include -fdebug-prefix-map=/home/conda/feedstock_root/build_artifacts/r-base-split_1630154298835/work=/usr/local/src/conda/r-base-4.1.1 -fdebug-prefix-map=$PREFIX=/usr/local/src/conda-prefix  -c tag.c -o tag.o
x86_64-conda-linux-gnu-cc -I"$PREFIX/lib/R/include" -DNDEBUG -DSTATIC_LIBGIT2 -I/tmp/RtmpJv27BS/R.INSTALL80ed37f4ce35/gert/libgit2/include -DR_NO_REMAP -DSTRICT_R_HEADERS  -DNDEBUG -D_FORTIFY_SOURCE=2 -O2 -isystem $PREFIX/include -I$PREFIX/include -Wl,-rpath-link,$PREFIX/lib  -fvisibility=hidden -fpic  -march=nocona -mtune=haswell -ftree-vectorize -fPIC -fstack-protector-strong -fno-plt -O2 -ffunction-sections -pipe -isystem $PREFIX/include -fdebug-prefix-map=/home/conda/feedstock_root/build_artifacts/r-base-split_1630154298835/work=/usr/local/src/conda/r-base-4.1.1 -fdebug-prefix-map=$PREFIX=/usr/local/src/conda-prefix  -c utils.c -o utils.o
x86_64-conda-linux-gnu-cc -I"$PREFIX/lib/R/include" -DNDEBUG -DSTATIC_LIBGIT2 -I/tmp/RtmpJv27BS/R.INSTALL80ed37f4ce35/gert/libgit2/include -DR_NO_REMAP -DSTRICT_R_HEADERS  -DNDEBUG -D_FORTIFY_SOURCE=2 -O2 -isystem $PREFIX/include -I$PREFIX/include -Wl,-rpath-link,$PREFIX/lib  -fvisibility=hidden -fpic  -march=nocona -mtune=haswell -ftree-vectorize -fPIC -fstack-protector-strong -fno-plt -O2 -ffunction-sections -pipe -isystem $PREFIX/include -fdebug-prefix-map=/home/conda/feedstock_root/build_artifacts/r-base-split_1630154298835/work=/usr/local/src/conda/r-base-4.1.1 -fdebug-prefix-map=$PREFIX=/usr/local/src/conda-prefix  -c version.c -o version.o
x86_64-conda-linux-gnu-cc -shared -L$PREFIX/lib/R/lib -Wl,-O2 -Wl,--sort-common -Wl,--as-needed -Wl,-z,relro -Wl,-z,now -Wl,--disable-new-dtags -Wl,--gc-sections -Wl,-rpath,$PREFIX/lib -Wl,-rpath-link,$PREFIX/lib -L$PREFIX/lib -o gert.so branch.o clone.o commit.o config.o conflicts.o files.o init.o merge.o rebase.o stash.o submodules.o tag.o utils.o version.o -L/tmp/RtmpJv27BS/R.INSTALL80ed37f4ce35/gert/libgit2/lib -lgit2 -lrt -lpthread -lssh2 -lssl -lcrypto -ldl -lpcre -lz -L$PREFIX/lib/R/lib -lR
Error: package or namespace load failed for gert in dyn.load(file, DLLpath = DLLpath, ...):
 unable to load shared object '$PREFIX/lib/R/library/00LOCK-gert/00new/gert/libs/gert.so':
  $PREFIX/lib/R/library/00LOCK-gert/00new/gert/libs/gert.so: undefined symbol: SSL_get_peer_certificate
Error: loading failed
Execution halted
x86_64-conda-linux-gnu-c++ -std=gnu++11 -I"$PREFIX/lib/R/include" -DNDEBUG  -I'$PREFIX/lib/R/library/cpp11/include' -DNDEBUG -D_FORTIFY_SOURCE=2 -O2 -isystem $PREFIX/include -I$PREFIX/include -Wl,-rpath-link,$PREFIX/lib   -fpic  -fvisibility-inlines-hidden  -fmessage-length=0 -march=nocona -mtune=haswell -ftree-vectorize -fPIC -fstack-protector-strong -fno-plt -O2 -ffunction-sections -pipe -isystem $PREFIX/include -fdebug-prefix-map=/home/conda/feedstock_root/build_artifacts/r-base-split_1630154298835/work=/usr/local/src/conda/r-base-4.1.1 -fdebug-prefix-map=$PREFIX=/usr/local/src/conda-prefix  -c cpp11.cpp -o cpp11.o
x86_64-conda-linux-gnu-c++ -std=gnu++11 -I"$PREFIX/lib/R/include" -DNDEBUG  -I'$PREFIX/lib/R/library/cpp11/include' -DNDEBUG -D_FORTIFY_SOURCE=2 -O2 -isystem $PREFIX/include -I$PREFIX/include -Wl,-rpath-link,$PREFIX/lib   -fpic  -fvisibility-inlines-hidden  -fmessage-length=0 -march=nocona -mtune=haswell -ftree-vectorize -fPIC -fstack-protector-strong -fno-plt -O2 -ffunction-sections -pipe -isystem $PREFIX/include -fdebug-prefix-map=/home/conda/feedstock_root/build_artifacts/r-base-split_1630154298835/work=/usr/local/src/conda/r-base-4.1.1 -fdebug-prefix-map=$PREFIX=/usr/local/src/conda-prefix  -c escapeExamples.cpp -o escapeExamples.o
x86_64-conda-linux-gnu-c++ -std=gnu++11 -I"$PREFIX/lib/R/include" -DNDEBUG  -I'$PREFIX/lib/R/library/cpp11/include' -DNDEBUG -D_FORTIFY_SOURCE=2 -O2 -isystem $PREFIX/include -I$PREFIX/include -Wl,-rpath-link,$PREFIX/lib   -fpic  -fvisibility-inlines-hidden  -fmessage-length=0 -march=nocona -mtune=haswell -ftree-vectorize -fPIC -fstack-protector-strong -fno-plt -O2 -ffunction-sections -pipe -isystem $PREFIX/include -fdebug-prefix-map=/home/conda/feedstock_root/build_artifacts/r-base-split_1630154298835/work=/usr/local/src/conda/r-base-4.1.1 -fdebug-prefix-map=$PREFIX=/usr/local/src/conda-prefix  -c isComplete.cpp -o isComplete.o
x86_64-conda-linux-gnu-c++ -std=gnu++11 -I"$PREFIX/lib/R/include" -DNDEBUG  -I'$PREFIX/lib/R/library/cpp11/include' -DNDEBUG -D_FORTIFY_SOURCE=2 -O2 -isystem $PREFIX/include -I$PREFIX/include -Wl,-rpath-link,$PREFIX/lib   -fpic  -fvisibility-inlines-hidden  -fmessage-length=0 -march=nocona -mtune=haswell -ftree-vectorize -fPIC -fstack-protector-strong -fno-plt -O2 -ffunction-sections -pipe -isystem $PREFIX/include -fdebug-prefix-map=/home/conda/feedstock_root/build_artifacts/r-base-split_1630154298835/work=/usr/local/src/conda/r-base-4.1.1 -fdebug-prefix-map=$PREFIX=/usr/local/src/conda-prefix  -c leadingSpaces.cpp -o leadingSpaces.o
x86_64-conda-linux-gnu-c++ -std=gnu++11 -I"$PREFIX/lib/R/include" -DNDEBUG  -I'$PREFIX/lib/R/library/cpp11/include' -DNDEBUG -D_FORTIFY_SOURCE=2 -O2 -isystem $PREFIX/include -I$PREFIX/include -Wl,-rpath-link,$PREFIX/lib   -fpic  -fvisibility-inlines-hidden  -fmessage-length=0 -march=nocona -mtune=haswell -ftree-vectorize -fPIC -fstack-protector-strong -fno-plt -O2 -ffunction-sections -pipe -isystem $PREFIX/include -fdebug-prefix-map=/home/conda/feedstock_root/build_artifacts/r-base-split_1630154298835/work=/usr/local/src/conda/r-base-4.1.1 -fdebug-prefix-map=$PREFIX=/usr/local/src/conda-prefix  -c parser2.cpp -o parser2.o
x86_64-conda-linux-gnu-c++ -std=gnu++11 -I"$PREFIX/lib/R/include" -DNDEBUG  -I'$PREFIX/lib/R/library/cpp11/include' -DNDEBUG -D_FORTIFY_SOURCE=2 -O2 -isystem $PREFIX/include -I$PREFIX/include -Wl,-rpath-link,$PREFIX/lib   -fpic  -fvisibility-inlines-hidden  -fmessage-length=0 -march=nocona -mtune=haswell -ftree-vectorize -fPIC -fstack-protector-strong -fno-plt -O2 -ffunction-sections -pipe -isystem $PREFIX/include -fdebug-prefix-map=/home/conda/feedstock_root/build_artifacts/r-base-split_1630154298835/work=/usr/local/src/conda/r-base-4.1.1 -fdebug-prefix-map=$PREFIX=/usr/local/src/conda-prefix  -c wrapUsage.cpp -o wrapUsage.o
x86_64-conda-linux-gnu-c++ -std=gnu++11 -shared -L$PREFIX/lib/R/lib -Wl,-O2 -Wl,--sort-common -Wl,--as-needed -Wl,-z,relro -Wl,-z,now -Wl,--disable-new-dtags -Wl,--gc-sections -Wl,-rpath,$PREFIX/lib -Wl,-rpath-link,$PREFIX/lib -L$PREFIX/lib -o roxygen2.so cpp11.o escapeExamples.o isComplete.o leadingSpaces.o parser2.o wrapUsage.o -L$PREFIX/lib/R/lib -lR

Leaving build/test directories:
  Work:
 /home/vsts/conda/conda-bld/work 
  Test:
 /home/vsts/conda/conda-bld/test_tmp 
Leaving build/test environments:
  Test:
source activate  /home/vsts/conda/conda-bld/_test_env_placehold_placehold_placehold_placehold_placehold_placehold_placehold_placehold_placehold_placehold_placehold_placehold_placehold_placehold_placehold_placehold_placehold_placehold_placehold_placehold_placehold_placeh 
  Build:
source activate  /home/vsts/conda/conda-bld/_build_env 


