Updating build index: /Users/runner/conda/conda-bld

TEST START: /var/folders/24/8k48jl6d249_n_qfxwsl6xvm0000gn/T/tmpcm24r0bx/noarch/rgccacmd-3.0.2-r41h9ee0642_0.tar.bz2
Reloading output folder: /Users/runner/conda/conda-bld

## Package Plan ##

  environment location: /Users/runner/conda/conda-bld/rgccacmd_1636955766646/_test_env_placehold_placehold_placehold_placehold_placehold_placehold_placehold_placehold_placehold_placehold_placehold_placehold_placehold_placehold_placehold_placehold_placehold_placehold_placehold_


The following NEW packages will be INSTALLED:

    _r-mutex:                  1.0.1-anacondar_1         conda-forge                                                        
    bwidget:                   1.9.14-h694c41f_1         conda-forge                                                        
    bzip2:                     1.0.8-h0d85af4_4          conda-forge                                                        
    c-ares:                    1.18.1-h0d85af4_0         conda-forge                                                        
    ca-certificates:           2021.10.8-h033912b_0      conda-forge                                                        
    cairo:                     1.16.0-he43a7df_1008      conda-forge                                                        
    cctools_osx-64:            973.0.1-h3e07e27_2        conda-forge                                                        
    clang:                     12.0.1-h694c41f_4         conda-forge                                                        
    clang-12:                  12.0.1-default_he082bbe_4 conda-forge                                                        
    clang_osx-64:              12.0.1-hb91bd55_2         conda-forge                                                        
    clangxx:                   12.0.1-default_he082bbe_4 conda-forge                                                        
    clangxx_osx-64:            12.0.1-h7e1b574_2         conda-forge                                                        
    compiler-rt:               12.0.1-he01351e_0         conda-forge                                                        
    compiler-rt_osx-64:        12.0.1-hd3f61c9_0         conda-forge                                                        
    curl:                      7.80.0-h97da3c1_0         conda-forge                                                        
    font-ttf-dejavu-sans-mono: 2.37-hab24e00_0           conda-forge                                                        
    font-ttf-inconsolata:      3.000-h77eed37_0          conda-forge                                                        
    font-ttf-source-code-pro:  2.038-h77eed37_0          conda-forge                                                        
    font-ttf-ubuntu:           0.83-hab24e00_0           conda-forge                                                        
    fontconfig:                2.13.1-h10f422b_1005      conda-forge                                                        
    fonts-conda-ecosystem:     1-0                       conda-forge                                                        
    fonts-conda-forge:         1-0                       conda-forge                                                        
    freetype:                  2.10.4-h4cff582_1         conda-forge                                                        
    fribidi:                   1.0.10-hbcb3906_0         conda-forge                                                        
    gettext:                   0.19.8.1-hd1a6beb_1008    conda-forge                                                        
    gfortran_impl_osx-64:      9.3.0-h9cc0e5e_23         conda-forge                                                        
    gfortran_osx-64:           9.3.0-h18f7dce_14         conda-forge                                                        
    gmp:                       6.2.1-h2e338ed_0          conda-forge                                                        
    graphite2:                 1.3.13-h2e338ed_1001      conda-forge                                                        
    gsl:                       2.7-h93259b0_0            conda-forge                                                        
    harfbuzz:                  3.1.1-h159f659_0          conda-forge                                                        
    icu:                       68.2-he49afe7_0           conda-forge                                                        
    isl:                       0.22.1-hb1e8313_2         conda-forge                                                        
    jbig:                      2.1-h0d85af4_2003         conda-forge                                                        
    jpeg:                      9d-hbcb3906_0             conda-forge                                                        
    krb5:                      1.19.2-h289aae4_3         conda-forge                                                        
    ld64_osx-64:               609-h2487922_2            conda-forge                                                        
    ldid:                      2.1.2-h6a69015_3          conda-forge                                                        
    lerc:                      3.0-he49afe7_0            conda-forge                                                        
    libblas:                   3.9.0-12_osx64_openblas   conda-forge                                                        
    libcblas:                  3.9.0-12_osx64_openblas   conda-forge                                                        
    libclang-cpp12:            12.0.1-default_he082bbe_4 conda-forge                                                        
    libcurl:                   7.80.0-h97da3c1_0         conda-forge                                                        
    libcxx:                    12.0.1-habf9029_0         conda-forge                                                        
    libdeflate:                1.8-h0d85af4_0            conda-forge                                                        
    libedit:                   3.1.20191231-h0678c8f_2   conda-forge                                                        
    libev:                     4.33-haf1e3a3_1           conda-forge                                                        
    libffi:                    3.4.2-h0d85af4_5          conda-forge                                                        
    libgfortran:               5.0.0-9_3_0_h6c81a4c_23   conda-forge                                                        
    libgfortran-devel_osx-64:  9.3.0-h6c81a4c_23         conda-forge                                                        
    libgfortran5:              9.3.0-h6c81a4c_23         conda-forge                                                        
    libglib:                   2.70.0-hf1fb8c0_1         conda-forge                                                        
    libiconv:                  1.16-haf1e3a3_0           conda-forge                                                        
    libidn2:                   2.3.2-h0d85af4_0          conda-forge                                                        
    liblapack:                 3.9.0-12_osx64_openblas   conda-forge                                                        
    libllvm12:                 12.0.1-hd011deb_2         conda-forge                                                        
    libnghttp2:                1.43.0-hfd382f3_1         conda-forge                                                        
    libopenblas:               0.3.18-openmp_h3351f45_0  conda-forge                                                        
    libpng:                    1.6.37-h7cec526_2         conda-forge                                                        
    libssh2:                   1.10.0-hd3787cc_2         conda-forge                                                        
    libtiff:                   4.3.0-hd146c10_2          conda-forge                                                        
    libunistring:              0.9.10-h0d85af4_0         conda-forge                                                        
    libwebp-base:              1.2.1-h0d85af4_0          conda-forge                                                        
    libxml2:                   2.9.12-h93ec3fd_0         conda-forge                                                        
    libzlib:                   1.2.11-h9173be1_1013      conda-forge                                                        
    llvm-openmp:               12.0.1-hda6cdc1_1         conda-forge                                                        
    llvm-tools:                12.0.1-hd011deb_2         conda-forge                                                        
    lz4-c:                     1.9.3-he49afe7_1          conda-forge                                                        
    make:                      4.3-h22f3db7_1            conda-forge                                                        
    mpc:                       1.2.1-hbb51d92_0          conda-forge                                                        
    mpfr:                      4.1.0-h0f52abe_1          conda-forge                                                        
    ncurses:                   6.2-h2e338ed_4            conda-forge                                                        
    openssl:                   3.0.0-h0d85af4_2          conda-forge                                                        
    pango:                     1.48.10-h056538c_2        conda-forge                                                        
    pcre:                      8.45-he49afe7_0           conda-forge                                                        
    pcre2:                     10.37-ha16e1b2_0          conda-forge                                                        
    pixman:                    0.40.0-hbcb3906_0         conda-forge                                                        
    r-askpass:                 1.1-r41h28b5c78_2         conda-forge                                                        
    r-assertthat:              0.2.1-r41hc72bb7e_2       conda-forge                                                        
    r-backports:               1.3.0-r41h28b5c78_0       conda-forge                                                        
    r-base:                    4.1.1-h65845f3_1          conda-forge                                                        
    r-base64enc:               0.1_3-r41h28b5c78_1004    conda-forge                                                        
    r-brio:                    1.1.2-r41h28b5c78_0       conda-forge                                                        
    r-callr:                   3.7.0-r41hc72bb7e_0       conda-forge                                                        
    r-cli:                     3.1.0-r41h9951f98_0       conda-forge                                                        
    r-cluster:                 2.1.2-r41h749f5a1_0       conda-forge                                                        
    r-colorspace:              2.0_2-r41h28b5c78_0       conda-forge                                                        
    r-crayon:                  1.4.2-r41hc72bb7e_0       conda-forge                                                        
    r-crosstalk:               1.2.0-r41hc72bb7e_0       conda-forge                                                        
    r-curl:                    4.3.2-r41h28b5c78_0       conda-forge                                                        
    r-data.table:              1.14.2-r41ha76789d_0      conda-forge                                                        
    r-deriv:                   4.1.3-r41hc72bb7e_0       conda-forge                                                        
    r-desc:                    1.4.0-r41hc72bb7e_0       conda-forge                                                        
    r-diffobj:                 0.3.5-r41h28b5c78_0       conda-forge                                                        
    r-digest:                  0.6.28-r41h9951f98_0      conda-forge                                                        
    r-dplyr:                   1.0.7-r41h9951f98_0       conda-forge                                                        
    r-ellipsis:                0.3.2-r41h28b5c78_0       conda-forge                                                        
    r-evaluate:                0.14-r41hc72bb7e_2        conda-forge                                                        
    r-fansi:                   0.5.0-r41h28b5c78_0       conda-forge                                                        
    r-farver:                  2.1.0-r41h9951f98_0       conda-forge                                                        
    r-fastmap:                 1.1.0-r41h9951f98_0       conda-forge                                                        
    r-generics:                0.1.1-r41hc72bb7e_0       conda-forge                                                        
    r-getopt:                  1.20.3-r41ha770c72_2      conda-forge                                                        
    r-ggplot2:                 3.3.5-r41hc72bb7e_0       conda-forge                                                        
    r-ggrepel:                 0.9.1-r41h9951f98_0       conda-forge                                                        
    r-glue:                    1.5.0-r41h28b5c78_0       conda-forge                                                        
    r-gridextra:               2.3-r41hc72bb7e_1003      conda-forge                                                        
    r-gtable:                  0.3.0-r41hc72bb7e_3       conda-forge                                                        
    r-hexbin:                  1.28.2-r41h749f5a1_0      conda-forge                                                        
    r-htmltools:               0.5.2-r41h9951f98_0       conda-forge                                                        
    r-htmlwidgets:             1.5.4-r41hc72bb7e_0       conda-forge                                                        
    r-httr:                    1.4.2-r41hc72bb7e_0       conda-forge                                                        
    r-igraph:                  1.2.8-r41hc81bdb1_0       conda-forge                                                        
    r-isoband:                 0.2.5-r41h9951f98_0       conda-forge                                                        
    r-jsonlite:                1.7.2-r41h28b5c78_0       conda-forge                                                        
    r-labeling:                0.4.2-r41hc72bb7e_0       conda-forge                                                        
    r-later:                   1.2.0-r41h9951f98_0       conda-forge                                                        
    r-lattice:                 0.20_45-r41h28b5c78_0     conda-forge                                                        
    r-lazyeval:                0.2.2-r41h28b5c78_2       conda-forge                                                        
    r-lifecycle:               1.0.1-r41hc72bb7e_0       conda-forge                                                        
    r-magrittr:                2.0.1-r41h28b5c78_1       conda-forge                                                        
    r-mass:                    7.3_54-r41h28b5c78_0      conda-forge                                                        
    r-matrix:                  1.3_4-r41hc2c5f09_0       conda-forge                                                        
    r-mgcv:                    1.8_38-r41hf27e4f0_0      conda-forge                                                        
    r-mime:                    0.12-r41h28b5c78_0        conda-forge                                                        
    r-munsell:                 0.5.0-r41hc72bb7e_1003    conda-forge                                                        
    r-nlme:                    3.1_153-r41h749f5a1_0     conda-forge                                                        
    r-openssl:                 1.4.5-r41hfc1e889_1       conda-forge                                                        
    r-openxlsx:                4.2.4-r41h9951f98_0       conda-forge                                                        
    r-optparse:                1.7.1-r41hc72bb7e_0       conda-forge                                                        
    r-pbapply:                 1.5_0-r41hc72bb7e_0       conda-forge                                                        
    r-permute:                 0.9_5-r41h785f33e_3       conda-forge                                                        
    r-pillar:                  1.6.4-r41hc72bb7e_0       conda-forge                                                        
    r-pkgconfig:               2.0.3-r41hc72bb7e_1       conda-forge                                                        
    r-pkgload:                 1.2.3-r41h9951f98_0       conda-forge                                                        
    r-plotly:                  4.10.0-r41hc72bb7e_0      conda-forge                                                        
    r-praise:                  1.0.0-r41hc72bb7e_1004    conda-forge                                                        
    r-processx:                3.5.2-r41h28b5c78_0       conda-forge                                                        
    r-promises:                1.2.0.1-r41h9951f98_0     conda-forge                                                        
    r-ps:                      1.6.0-r41h28b5c78_0       conda-forge                                                        
    r-purrr:                   0.3.4-r41h28b5c78_1       conda-forge                                                        
    r-r6:                      2.5.1-r41hc72bb7e_0       conda-forge                                                        
    r-rcolorbrewer:            1.1_2-r41h785f33e_1003    conda-forge                                                        
    r-rcpp:                    1.0.7-r41h9951f98_0       conda-forge                                                        
    r-rematch2:                2.1.2-r41hc72bb7e_1       conda-forge                                                        
    r-rlang:                   0.4.12-r41h28b5c78_0      conda-forge                                                        
    r-rprojroot:               2.0.2-r41hc72bb7e_0       conda-forge                                                        
    r-rstudioapi:              0.13-r41hc72bb7e_0        conda-forge                                                        
    r-scales:                  1.1.1-r41hc72bb7e_0       conda-forge                                                        
    r-stringi:                 1.7.5-r41hd783aa8_0       conda-forge                                                        
    r-sys:                     3.4-r41h28b5c78_0         conda-forge                                                        
    r-testthat:                3.1.0-r41h9951f98_0       conda-forge                                                        
    r-tibble:                  3.1.6-r41h28b5c78_0       conda-forge                                                        
    r-tidyr:                   1.1.4-r41h9951f98_0       conda-forge                                                        
    r-tidyselect:              1.1.1-r41hbe3e9c8_0       conda-forge                                                        
    r-utf8:                    1.2.2-r41h28b5c78_0       conda-forge                                                        
    r-vctrs:                   0.3.8-r41h28b5c78_1       conda-forge                                                        
    r-vegan:                   2.5_7-r41h30cbcce_0       conda-forge                                                        
    r-viridislite:             0.4.0-r41hc72bb7e_0       conda-forge                                                        
    r-waldo:                   0.3.1-r41hc72bb7e_0       conda-forge                                                        
    r-withr:                   2.4.2-r41hc72bb7e_0       conda-forge                                                        
    r-yaml:                    2.2.1-r41h28b5c78_1       conda-forge                                                        
    r-zip:                     2.2.0-r41h28b5c78_0       conda-forge                                                        
    readline:                  8.1-h05e3726_0            conda-forge                                                        
    rgccacmd:                  3.0.2-r41h9ee0642_0       file:///var/folders/24/8k48jl6d249_n_qfxwsl6xvm0000gn/T/tmpcm24r0bx
    tapi:                      1100.0.11-h9ce4665_0      conda-forge                                                        
    tk:                        8.6.11-h5dbffcc_1         conda-forge                                                        
    tktable:                   2.10-h49f0cf7_3           conda-forge                                                        
    wget:                      1.20.3-hd3787cc_1         conda-forge                                                        
    xz:                        5.2.5-haf1e3a3_1          conda-forge                                                        
    zlib:                      1.2.11-h9173be1_1013      conda-forge                                                        
    zstd:                      1.5.0-h582d3a0_0          conda-forge                                                        

Preparing transaction: ...working... done
Verifying transaction: ...working... done
Executing transaction: ...working... done
export PREFIX=/Users/runner/conda/conda-bld/rgccacmd_1636955766646/_test_env_placehold_placehold_placehold_placehold_placehold_placehold_placehold_placehold_placehold_placehold_placehold_placehold_placehold_placehold_placehold_placehold_placehold_placehold_placehold_
export SRC_DIR=/Users/runner/conda/conda-bld/rgccacmd_1636955766646/test_tmp
INFO: activate-gfortran_osx-64.sh made the following environmental changes:
+DEBUG_FFLAGS=-march=core2 -mtune=haswell -ftree-vectorize -fPIC -fstack-protector -O2 -pipe -isystem $PREFIX/include -fdebug-prefix-map=$SRC_DIR=/usr/local/src/conda/rgccacmd-3.0.2 -fdebug-prefix-map=$PREFIX=/usr/local/src/conda-prefix -march=core2 -mtune=haswell -ftree-vectorize -fPIC -fstack-protector -O2 -pipe -Og -g -Wall -Wextra -fcheck=all -fbacktrace -fimplicit-none -fvar-tracking-assignments
+DEBUG_FORTRANFLAGS=-march=core2 -mtune=haswell -ftree-vectorize -fPIC -fstack-protector -O2 -pipe -isystem $PREFIX/include -fdebug-prefix-map=$SRC_DIR=/usr/local/src/conda/rgccacmd-3.0.2 -fdebug-prefix-map=$PREFIX=/usr/local/src/conda-prefix -march=core2 -mtune=haswell -ftree-vectorize -fPIC -fstack-protector -O2 -pipe -Og -g -Wall -Wextra -fcheck=all -fbacktrace -fimplicit-none -fvar-tracking-assignments
+F77=$PREFIX/bin/x86_64-apple-darwin13.4.0-gfortran
+F90=$PREFIX/bin/x86_64-apple-darwin13.4.0-gfortran
+F95=$PREFIX/bin/x86_64-apple-darwin13.4.0-gfortran
+FC=$PREFIX/bin/x86_64-apple-darwin13.4.0-gfortran
+FC_FOR_BUILD=$PREFIX/bin/-gfortran
+FFLAGS=-march=core2 -mtune=haswell -ftree-vectorize -fPIC -fstack-protector -O2 -pipe -isystem $PREFIX/include -fdebug-prefix-map=$SRC_DIR=/usr/local/src/conda/rgccacmd-3.0.2 -fdebug-prefix-map=$PREFIX=/usr/local/src/conda-prefix
+FORTRANFLAGS=-march=core2 -mtune=haswell -ftree-vectorize -fPIC -fstack-protector -O2 -pipe -isystem $PREFIX/include -fdebug-prefix-map=$SRC_DIR=/usr/local/src/conda/rgccacmd-3.0.2 -fdebug-prefix-map=$PREFIX=/usr/local/src/conda-prefix
+GFORTRAN=$PREFIX/bin/x86_64-apple-darwin13.4.0-gfortran
INFO: activate_clang_osx-64.sh made the following environmental changes:
+AR=x86_64-apple-darwin13.4.0-ar
+AS=x86_64-apple-darwin13.4.0-as
+BUILD=x86_64-apple-darwin13.4.0
+CC=x86_64-apple-darwin13.4.0-clang
+CC_FOR_BUILD=$PREFIX/bin/x86_64-apple-darwin13.4.0-clang
+CFLAGS=-march=core2 -mtune=haswell -mssse3 -ftree-vectorize -fPIC -fPIE -fstack-protector-strong -O2 -pipe -isystem $PREFIX/include -fdebug-prefix-map=$SRC_DIR=/usr/local/src/conda/rgccacmd-3.0.2 -fdebug-prefix-map=$PREFIX=/usr/local/src/conda-prefix
+CHECKSYMS=x86_64-apple-darwin13.4.0-checksyms
+CLANG=x86_64-apple-darwin13.4.0-clang
+CMAKE_ARGS=-DCMAKE_AR=$PREFIX/bin/x86_64-apple-darwin13.4.0-ar -DCMAKE_CXX_COMPILER_AR=$PREFIX/bin/x86_64-apple-darwin13.4.0-ar -DCMAKE_C_COMPILER_AR=$PREFIX/bin/x86_64-apple-darwin13.4.0-ar -DCMAKE_RANLIB=$PREFIX/bin/x86_64-apple-darwin13.4.0-ranlib -DCMAKE_CXX_COMPILER_RANLIB=$PREFIX/bin/x86_64-apple-darwin13.4.0-ranlib -DCMAKE_C_COMPILER_RANLIB=$PREFIX/bin/x86_64-apple-darwin13.4.0-ranlib -DCMAKE_LINKER=$PREFIX/bin/x86_64-apple-darwin13.4.0-ld -DCMAKE_STRIP=$PREFIX/bin/x86_64-apple-darwin13.4.0-strip -DCMAKE_INSTALL_NAME_TOOL=$PREFIX/bin/x86_64-apple-darwin13.4.0-install_name_tool -DCMAKE_LIBTOOL=$PREFIX/bin/x86_64-apple-darwin13.4.0-libtool -DCMAKE_OSX_DEPLOYMENT_TARGET= -DCMAKE_BUILD_TYPE=Release -DCMAKE_OSX_SYSROOT=/Applications/Xcode_13.0.app/Contents/Developer/Platforms/MacOSX.platform/Developer/SDKs/MacOSX.sdk -DCMAKE_PROGRAM_PATH=/Users/runner/conda/conda-bld/rgccacmd_1636955766646/_build_env/bin;$PREFIX/bin -DCMAKE_INSTALL_PREFIX=$PREFIX -DCMAKE_INSTALL_LIBDIR=lib
+CMAKE_PREFIX_PATH=:$PREFIX
+CONDA_BUILD_SYSROOT=/Applications/Xcode_13.0.app/Contents/Developer/Platforms/MacOSX.platform/Developer/SDKs/MacOSX.sdk
+CONDA_TOOLCHAIN_BUILD=x86_64-apple-darwin13.4.0
+CONDA_TOOLCHAIN_HOST=x86_64-apple-darwin13.4.0
+CPPFLAGS=-D_FORTIFY_SOURCE=2 -isystem $PREFIX/include
+DEBUG_CFLAGS=-march=core2 -mtune=haswell -mssse3 -ftree-vectorize -fPIC -fPIE -fstack-protector-strong -O2 -pipe -Og -g -Wall -Wextra -isystem $PREFIX/include -fdebug-prefix-map=$SRC_DIR=/usr/local/src/conda/rgccacmd-3.0.2 -fdebug-prefix-map=$PREFIX=/usr/local/src/conda-prefix
+HOST=x86_64-apple-darwin13.4.0
+INSTALL_NAME_TOOL=x86_64-apple-darwin13.4.0-install_name_tool
+LD=x86_64-apple-darwin13.4.0-ld
+LDFLAGS=-Wl,-pie -Wl,-headerpad_max_install_names -Wl,-dead_strip_dylibs -Wl,-rpath,$PREFIX/lib -L$PREFIX/lib
+LDFLAGS_LD=-pie -headerpad_max_install_names -dead_strip_dylibs -rpath $PREFIX/lib -L$PREFIX/lib
+LIBTOOL=x86_64-apple-darwin13.4.0-libtool
+LIPO=x86_64-apple-darwin13.4.0-lipo
+MESON_ARGS=--buildtype release --prefix=$PREFIX -Dlibdir=lib
+NM=x86_64-apple-darwin13.4.0-nm
+NMEDIT=x86_64-apple-darwin13.4.0-nmedit
+OBJC=x86_64-apple-darwin13.4.0-clang
+OBJC_FOR_BUILD=$PREFIX/bin/x86_64-apple-darwin13.4.0-clang
+OTOOL=x86_64-apple-darwin13.4.0-otool
+PAGESTUFF=x86_64-apple-darwin13.4.0-pagestuff
+RANLIB=x86_64-apple-darwin13.4.0-ranlib
+REDO_PREBINDING=x86_64-apple-darwin13.4.0-redo_prebinding
+SDKROOT=/Applications/Xcode_13.0.app/Contents/Developer/Platforms/MacOSX.platform/Developer/SDKs/MacOSX.sdk
+SEGEDIT=x86_64-apple-darwin13.4.0-segedit
+SEG_ADDR_TABLE=x86_64-apple-darwin13.4.0-seg_addr_table
+SEG_HACK=x86_64-apple-darwin13.4.0-seg_hack
+SIZE=x86_64-apple-darwin13.4.0-size
+STRINGS=x86_64-apple-darwin13.4.0-strings
+STRIP=x86_64-apple-darwin13.4.0-strip
+_CONDA_PYTHON_SYSCONFIGDATA_NAME=_sysconfigdata_x86_64_apple_darwin13_4_0
+ac_cv_func_malloc_0_nonnull=yes
+ac_cv_func_realloc_0_nonnull=yes
+build_alias=x86_64-apple-darwin13.4.0
+host_alias=x86_64-apple-darwin13.4.0
INFO: activate_clangxx_osx-64.sh made the following environmental changes:
+CLANGXX=x86_64-apple-darwin13.4.0-clang++
+CXX=x86_64-apple-darwin13.4.0-clang++
+CXXFLAGS=-march=core2 -mtune=haswell -mssse3 -ftree-vectorize -fPIC -fPIE -fstack-protector-strong -O2 -pipe -stdlib=libc++ -fvisibility-inlines-hidden -std=c++14 -fmessage-length=0 -isystem $PREFIX/include -fdebug-prefix-map=$SRC_DIR=/usr/local/src/conda/rgccacmd-3.0.2 -fdebug-prefix-map=$PREFIX=/usr/local/src/conda-prefix
+CXX_FOR_BUILD=$PREFIX/bin/x86_64-apple-darwin13.4.0-clang++
+DEBUG_CXXFLAGS=-march=core2 -mtune=haswell -mssse3 -ftree-vectorize -fPIC -fPIE -fstack-protector-strong -O2 -pipe -stdlib=libc++ -fvisibility-inlines-hidden -std=c++14 -fmessage-length=0 -Og -g -Wall -Wextra -isystem $PREFIX/include -fdebug-prefix-map=$SRC_DIR=/usr/local/src/conda/rgccacmd-3.0.2 -fdebug-prefix-map=$PREFIX=/usr/local/src/conda-prefix
R
bin
conda-meta
etc
fonts
include
inst
lib
libexec
man
sbin
share
ssl
var
x86_64-apple-darwin13.4.0-clang -I"$PREFIX/lib/R/include" -DNDEBUG   -D_FORTIFY_SOURCE=2 -isystem $PREFIX/include -mmacosx-version-min=10.9 -I$PREFIX/include   -fPIC  -march=core2 -mtune=haswell -mssse3 -ftree-vectorize -fPIC -fPIE -fstack-protector-strong -O2 -pipe -isystem $PREFIX/include -fdebug-prefix-map=/Users/runner/miniforge3/conda-bld/r-base-split_1630154249442/work=/usr/local/src/conda/r-base-4.1.1 -fdebug-prefix-map=$PREFIX=/usr/local/src/conda-prefix  -c base64.c -o base64.o
x86_64-apple-darwin13.4.0-clang -I"$PREFIX/lib/R/include" -DNDEBUG   -D_FORTIFY_SOURCE=2 -isystem $PREFIX/include -mmacosx-version-min=10.9 -I$PREFIX/include   -fPIC  -march=core2 -mtune=haswell -mssse3 -ftree-vectorize -fPIC -fPIE -fstack-protector-strong -O2 -pipe -isystem $PREFIX/include -fdebug-prefix-map=/Users/runner/miniforge3/conda-bld/r-base-split_1630154249442/work=/usr/local/src/conda/r-base-4.1.1 -fdebug-prefix-map=$PREFIX=/usr/local/src/conda-prefix  -c init.c -o init.o
x86_64-apple-darwin13.4.0-clang++ -std=gnu++11 -dynamiclib -Wl,-headerpad_max_install_names -undefined dynamic_lookup -single_module -multiply_defined suppress -L$PREFIX/lib/R/lib -Wl,-dead_strip_dylibs -Wl,-pie -Wl,-headerpad_max_install_names -Wl,-dead_strip_dylibs -Wl,-rpath,$PREFIX/lib -L$PREFIX/lib -o xfun.dylib base64.o init.o -L$PREFIX/lib/R/lib -lR -Wl,-framework -Wl,CoreFoundation
x86_64-apple-darwin13.4.0-clang -I"$PREFIX/lib/R/include" -DNDEBUG   -D_FORTIFY_SOURCE=2 -isystem $PREFIX/include -mmacosx-version-min=10.9 -I$PREFIX/include   -fPIC  -march=core2 -mtune=haswell -mssse3 -ftree-vectorize -fPIC -fPIE -fstack-protector-strong -O2 -pipe -isystem $PREFIX/include -fdebug-prefix-map=/Users/runner/miniforge3/conda-bld/r-base-split_1630154249442/work=/usr/local/src/conda/r-base-4.1.1 -fdebug-prefix-map=$PREFIX=/usr/local/src/conda-prefix  -c init.c -o init.o
x86_64-apple-darwin13.4.0-clang -I"$PREFIX/lib/R/include" -DNDEBUG   -D_FORTIFY_SOURCE=2 -isystem $PREFIX/include -mmacosx-version-min=10.9 -I$PREFIX/include   -fPIC  -march=core2 -mtune=haswell -mssse3 -ftree-vectorize -fPIC -fPIE -fstack-protector-strong -O2 -pipe -isystem $PREFIX/include -fdebug-prefix-map=/Users/runner/miniforge3/conda-bld/r-base-split_1630154249442/work=/usr/local/src/conda/r-base-4.1.1 -fdebug-prefix-map=$PREFIX=/usr/local/src/conda-prefix  -c win-path.c -o win-path.o
x86_64-apple-darwin13.4.0-clang -dynamiclib -Wl,-headerpad_max_install_names -undefined dynamic_lookup -single_module -multiply_defined suppress -L$PREFIX/lib/R/lib -Wl,-dead_strip_dylibs -Wl,-pie -Wl,-headerpad_max_install_names -Wl,-dead_strip_dylibs -Wl,-rpath,$PREFIX/lib -L$PREFIX/lib -o rappdirs.dylib init.o win-path.o -L$PREFIX/lib/R/lib -lR -Wl,-framework -Wl,CoreFoundation
x86_64-apple-darwin13.4.0-clang -I"$PREFIX/lib/R/include" -DNDEBUG   -D_FORTIFY_SOURCE=2 -isystem $PREFIX/include -mmacosx-version-min=10.9 -I$PREFIX/include   -fPIC  -march=core2 -mtune=haswell -mssse3 -ftree-vectorize -fPIC -fPIE -fstack-protector-strong -O2 -pipe -isystem $PREFIX/include -fdebug-prefix-map=/Users/runner/miniforge3/conda-bld/r-base-split_1630154249442/work=/usr/local/src/conda/r-base-4.1.1 -fdebug-prefix-map=$PREFIX=/usr/local/src/conda-prefix  -c cache.c -o cache.o
x86_64-apple-darwin13.4.0-clang -I"$PREFIX/lib/R/include" -DNDEBUG   -D_FORTIFY_SOURCE=2 -isystem $PREFIX/include -mmacosx-version-min=10.9 -I$PREFIX/include   -fPIC  -march=core2 -mtune=haswell -mssse3 -ftree-vectorize -fPIC -fPIE -fstack-protector-strong -O2 -pipe -isystem $PREFIX/include -fdebug-prefix-map=/Users/runner/miniforge3/conda-bld/r-base-split_1630154249442/work=/usr/local/src/conda/r-base-4.1.1 -fdebug-prefix-map=$PREFIX=/usr/local/src/conda-prefix  -c init.c -o init.o
x86_64-apple-darwin13.4.0-clang -dynamiclib -Wl,-headerpad_max_install_names -undefined dynamic_lookup -single_module -multiply_defined suppress -L$PREFIX/lib/R/lib -Wl,-dead_strip_dylibs -Wl,-pie -Wl,-headerpad_max_install_names -Wl,-dead_strip_dylibs -Wl,-rpath,$PREFIX/lib -L$PREFIX/lib -o cachem.dylib cache.o init.o -L$PREFIX/lib/R/lib -lR -Wl,-framework -Wl,CoreFoundation
rm -f cmark/cmark.o cmark/node.o cmark/iterator.o cmark/blocks.o cmark/inlines.o cmark/scanners.o cmark/utf8.o cmark/buffer.o cmark/references.o cmark/render.o cmark/man.o cmark/xml.o cmark/html.o cmark/commonmark.o cmark/latex.o cmark/houdini_href_e.o cmark/houdini_html_e.o cmark/houdini_html_u.o cmark/cmark_ctype.o cmark/arena.o cmark/html.o cmark/linked_list.o cmark/plugin.o cmark/registry.o cmark/syntax_extension.o cmark/plaintext.o cmark/footnotes.o cmark/map.o extensions/autolink.o extensions/core-extensions.o extensions/ext_scanners.o extensions/strikethrough.o extensions/table.o extensions/tagfilter.o extensions.o init.o wrapper.o commonmark.dylib cmark/libstatcmark.a
x86_64-apple-darwin13.4.0-clang -I"$PREFIX/lib/R/include" -DNDEBUG -Icmark -I. -DCMARK_GFM_STATIC_DEFINE -DCMARK_GFM_EXTENSIONS_STATIC_DEFINE -DR_NO_REMAP -DSTRICT_R_HEADERS  -D_FORTIFY_SOURCE=2 -isystem $PREFIX/include -mmacosx-version-min=10.9 -I$PREFIX/include   -fPIC  -march=core2 -mtune=haswell -mssse3 -ftree-vectorize -fPIC -fPIE -fstack-protector-strong -O2 -pipe -isystem $PREFIX/include -fdebug-prefix-map=/Users/runner/miniforge3/conda-bld/r-base-split_1630154249442/work=/usr/local/src/conda/r-base-4.1.1 -fdebug-prefix-map=$PREFIX=/usr/local/src/conda-prefix  -c extensions.c -o extensions.o
x86_64-apple-darwin13.4.0-clang -I"$PREFIX/lib/R/include" -DNDEBUG -Icmark -I. -DCMARK_GFM_STATIC_DEFINE -DCMARK_GFM_EXTENSIONS_STATIC_DEFINE -DR_NO_REMAP -DSTRICT_R_HEADERS  -D_FORTIFY_SOURCE=2 -isystem $PREFIX/include -mmacosx-version-min=10.9 -I$PREFIX/include   -fPIC  -march=core2 -mtune=haswell -mssse3 -ftree-vectorize -fPIC -fPIE -fstack-protector-strong -O2 -pipe -isystem $PREFIX/include -fdebug-prefix-map=/Users/runner/miniforge3/conda-bld/r-base-split_1630154249442/work=/usr/local/src/conda/r-base-4.1.1 -fdebug-prefix-map=$PREFIX=/usr/local/src/conda-prefix  -c init.c -o init.o
x86_64-apple-darwin13.4.0-clang -I"$PREFIX/lib/R/include" -DNDEBUG -Icmark -I. -DCMARK_GFM_STATIC_DEFINE -DCMARK_GFM_EXTENSIONS_STATIC_DEFINE -DR_NO_REMAP -DSTRICT_R_HEADERS  -D_FORTIFY_SOURCE=2 -isystem $PREFIX/include -mmacosx-version-min=10.9 -I$PREFIX/include   -fPIC  -march=core2 -mtune=haswell -mssse3 -ftree-vectorize -fPIC -fPIE -fstack-protector-strong -O2 -pipe -isystem $PREFIX/include -fdebug-prefix-map=/Users/runner/miniforge3/conda-bld/r-base-split_1630154249442/work=/usr/local/src/conda/r-base-4.1.1 -fdebug-prefix-map=$PREFIX=/usr/local/src/conda-prefix  -c wrapper.c -o wrapper.o
x86_64-apple-darwin13.4.0-clang -I"$PREFIX/lib/R/include" -DNDEBUG -Icmark -I. -DCMARK_GFM_STATIC_DEFINE -DCMARK_GFM_EXTENSIONS_STATIC_DEFINE -DR_NO_REMAP -DSTRICT_R_HEADERS  -D_FORTIFY_SOURCE=2 -isystem $PREFIX/include -mmacosx-version-min=10.9 -I$PREFIX/include   -fPIC  -march=core2 -mtune=haswell -mssse3 -ftree-vectorize -fPIC -fPIE -fstack-protector-strong -O2 -pipe -isystem $PREFIX/include -fdebug-prefix-map=/Users/runner/miniforge3/conda-bld/r-base-split_1630154249442/work=/usr/local/src/conda/r-base-4.1.1 -fdebug-prefix-map=$PREFIX=/usr/local/src/conda-prefix  -c cmark/cmark.c -o cmark/cmark.o
x86_64-apple-darwin13.4.0-clang -I"$PREFIX/lib/R/include" -DNDEBUG -Icmark -I. -DCMARK_GFM_STATIC_DEFINE -DCMARK_GFM_EXTENSIONS_STATIC_DEFINE -DR_NO_REMAP -DSTRICT_R_HEADERS  -D_FORTIFY_SOURCE=2 -isystem $PREFIX/include -mmacosx-version-min=10.9 -I$PREFIX/include   -fPIC  -march=core2 -mtune=haswell -mssse3 -ftree-vectorize -fPIC -fPIE -fstack-protector-strong -O2 -pipe -isystem $PREFIX/include -fdebug-prefix-map=/Users/runner/miniforge3/conda-bld/r-base-split_1630154249442/work=/usr/local/src/conda/r-base-4.1.1 -fdebug-prefix-map=$PREFIX=/usr/local/src/conda-prefix  -c cmark/node.c -o cmark/node.o
x86_64-apple-darwin13.4.0-clang -I"$PREFIX/lib/R/include" -DNDEBUG -Icmark -I. -DCMARK_GFM_STATIC_DEFINE -DCMARK_GFM_EXTENSIONS_STATIC_DEFINE -DR_NO_REMAP -DSTRICT_R_HEADERS  -D_FORTIFY_SOURCE=2 -isystem $PREFIX/include -mmacosx-version-min=10.9 -I$PREFIX/include   -fPIC  -march=core2 -mtune=haswell -mssse3 -ftree-vectorize -fPIC -fPIE -fstack-protector-strong -O2 -pipe -isystem $PREFIX/include -fdebug-prefix-map=/Users/runner/miniforge3/conda-bld/r-base-split_1630154249442/work=/usr/local/src/conda/r-base-4.1.1 -fdebug-prefix-map=$PREFIX=/usr/local/src/conda-prefix  -c cmark/iterator.c -o cmark/iterator.o
x86_64-apple-darwin13.4.0-clang -I"$PREFIX/lib/R/include" -DNDEBUG -Icmark -I. -DCMARK_GFM_STATIC_DEFINE -DCMARK_GFM_EXTENSIONS_STATIC_DEFINE -DR_NO_REMAP -DSTRICT_R_HEADERS  -D_FORTIFY_SOURCE=2 -isystem $PREFIX/include -mmacosx-version-min=10.9 -I$PREFIX/include   -fPIC  -march=core2 -mtune=haswell -mssse3 -ftree-vectorize -fPIC -fPIE -fstack-protector-strong -O2 -pipe -isystem $PREFIX/include -fdebug-prefix-map=/Users/runner/miniforge3/conda-bld/r-base-split_1630154249442/work=/usr/local/src/conda/r-base-4.1.1 -fdebug-prefix-map=$PREFIX=/usr/local/src/conda-prefix  -c cmark/blocks.c -o cmark/blocks.o
x86_64-apple-darwin13.4.0-clang -I"$PREFIX/lib/R/include" -DNDEBUG -Icmark -I. -DCMARK_GFM_STATIC_DEFINE -DCMARK_GFM_EXTENSIONS_STATIC_DEFINE -DR_NO_REMAP -DSTRICT_R_HEADERS  -D_FORTIFY_SOURCE=2 -isystem $PREFIX/include -mmacosx-version-min=10.9 -I$PREFIX/include   -fPIC  -march=core2 -mtune=haswell -mssse3 -ftree-vectorize -fPIC -fPIE -fstack-protector-strong -O2 -pipe -isystem $PREFIX/include -fdebug-prefix-map=/Users/runner/miniforge3/conda-bld/r-base-split_1630154249442/work=/usr/local/src/conda/r-base-4.1.1 -fdebug-prefix-map=$PREFIX=/usr/local/src/conda-prefix  -c cmark/inlines.c -o cmark/inlines.o
x86_64-apple-darwin13.4.0-clang -I"$PREFIX/lib/R/include" -DNDEBUG -Icmark -I. -DCMARK_GFM_STATIC_DEFINE -DCMARK_GFM_EXTENSIONS_STATIC_DEFINE -DR_NO_REMAP -DSTRICT_R_HEADERS  -D_FORTIFY_SOURCE=2 -isystem $PREFIX/include -mmacosx-version-min=10.9 -I$PREFIX/include   -fPIC  -march=core2 -mtune=haswell -mssse3 -ftree-vectorize -fPIC -fPIE -fstack-protector-strong -O2 -pipe -isystem $PREFIX/include -fdebug-prefix-map=/Users/runner/miniforge3/conda-bld/r-base-split_1630154249442/work=/usr/local/src/conda/r-base-4.1.1 -fdebug-prefix-map=$PREFIX=/usr/local/src/conda-prefix  -c cmark/scanners.c -o cmark/scanners.o
x86_64-apple-darwin13.4.0-clang -I"$PREFIX/lib/R/include" -DNDEBUG -Icmark -I. -DCMARK_GFM_STATIC_DEFINE -DCMARK_GFM_EXTENSIONS_STATIC_DEFINE -DR_NO_REMAP -DSTRICT_R_HEADERS  -D_FORTIFY_SOURCE=2 -isystem $PREFIX/include -mmacosx-version-min=10.9 -I$PREFIX/include   -fPIC  -march=core2 -mtune=haswell -mssse3 -ftree-vectorize -fPIC -fPIE -fstack-protector-strong -O2 -pipe -isystem $PREFIX/include -fdebug-prefix-map=/Users/runner/miniforge3/conda-bld/r-base-split_1630154249442/work=/usr/local/src/conda/r-base-4.1.1 -fdebug-prefix-map=$PREFIX=/usr/local/src/conda-prefix  -c cmark/utf8.c -o cmark/utf8.o
x86_64-apple-darwin13.4.0-clang -I"$PREFIX/lib/R/include" -DNDEBUG -Icmark -I. -DCMARK_GFM_STATIC_DEFINE -DCMARK_GFM_EXTENSIONS_STATIC_DEFINE -DR_NO_REMAP -DSTRICT_R_HEADERS  -D_FORTIFY_SOURCE=2 -isystem $PREFIX/include -mmacosx-version-min=10.9 -I$PREFIX/include   -fPIC  -march=core2 -mtune=haswell -mssse3 -ftree-vectorize -fPIC -fPIE -fstack-protector-strong -O2 -pipe -isystem $PREFIX/include -fdebug-prefix-map=/Users/runner/miniforge3/conda-bld/r-base-split_1630154249442/work=/usr/local/src/conda/r-base-4.1.1 -fdebug-prefix-map=$PREFIX=/usr/local/src/conda-prefix  -c cmark/buffer.c -o cmark/buffer.o
x86_64-apple-darwin13.4.0-clang -I"$PREFIX/lib/R/include" -DNDEBUG -Icmark -I. -DCMARK_GFM_STATIC_DEFINE -DCMARK_GFM_EXTENSIONS_STATIC_DEFINE -DR_NO_REMAP -DSTRICT_R_HEADERS  -D_FORTIFY_SOURCE=2 -isystem $PREFIX/include -mmacosx-version-min=10.9 -I$PREFIX/include   -fPIC  -march=core2 -mtune=haswell -mssse3 -ftree-vectorize -fPIC -fPIE -fstack-protector-strong -O2 -pipe -isystem $PREFIX/include -fdebug-prefix-map=/Users/runner/miniforge3/conda-bld/r-base-split_1630154249442/work=/usr/local/src/conda/r-base-4.1.1 -fdebug-prefix-map=$PREFIX=/usr/local/src/conda-prefix  -c cmark/references.c -o cmark/references.o
x86_64-apple-darwin13.4.0-clang -I"$PREFIX/lib/R/include" -DNDEBUG -Icmark -I. -DCMARK_GFM_STATIC_DEFINE -DCMARK_GFM_EXTENSIONS_STATIC_DEFINE -DR_NO_REMAP -DSTRICT_R_HEADERS  -D_FORTIFY_SOURCE=2 -isystem $PREFIX/include -mmacosx-version-min=10.9 -I$PREFIX/include   -fPIC  -march=core2 -mtune=haswell -mssse3 -ftree-vectorize -fPIC -fPIE -fstack-protector-strong -O2 -pipe -isystem $PREFIX/include -fdebug-prefix-map=/Users/runner/miniforge3/conda-bld/r-base-split_1630154249442/work=/usr/local/src/conda/r-base-4.1.1 -fdebug-prefix-map=$PREFIX=/usr/local/src/conda-prefix  -c cmark/render.c -o cmark/render.o
x86_64-apple-darwin13.4.0-clang -I"$PREFIX/lib/R/include" -DNDEBUG -Icmark -I. -DCMARK_GFM_STATIC_DEFINE -DCMARK_GFM_EXTENSIONS_STATIC_DEFINE -DR_NO_REMAP -DSTRICT_R_HEADERS  -D_FORTIFY_SOURCE=2 -isystem $PREFIX/include -mmacosx-version-min=10.9 -I$PREFIX/include   -fPIC  -march=core2 -mtune=haswell -mssse3 -ftree-vectorize -fPIC -fPIE -fstack-protector-strong -O2 -pipe -isystem $PREFIX/include -fdebug-prefix-map=/Users/runner/miniforge3/conda-bld/r-base-split_1630154249442/work=/usr/local/src/conda/r-base-4.1.1 -fdebug-prefix-map=$PREFIX=/usr/local/src/conda-prefix  -c cmark/man.c -o cmark/man.o
x86_64-apple-darwin13.4.0-clang -I"$PREFIX/lib/R/include" -DNDEBUG -Icmark -I. -DCMARK_GFM_STATIC_DEFINE -DCMARK_GFM_EXTENSIONS_STATIC_DEFINE -DR_NO_REMAP -DSTRICT_R_HEADERS  -D_FORTIFY_SOURCE=2 -isystem $PREFIX/include -mmacosx-version-min=10.9 -I$PREFIX/include   -fPIC  -march=core2 -mtune=haswell -mssse3 -ftree-vectorize -fPIC -fPIE -fstack-protector-strong -O2 -pipe -isystem $PREFIX/include -fdebug-prefix-map=/Users/runner/miniforge3/conda-bld/r-base-split_1630154249442/work=/usr/local/src/conda/r-base-4.1.1 -fdebug-prefix-map=$PREFIX=/usr/local/src/conda-prefix  -c cmark/xml.c -o cmark/xml.o
x86_64-apple-darwin13.4.0-clang -I"$PREFIX/lib/R/include" -DNDEBUG -Icmark -I. -DCMARK_GFM_STATIC_DEFINE -DCMARK_GFM_EXTENSIONS_STATIC_DEFINE -DR_NO_REMAP -DSTRICT_R_HEADERS  -D_FORTIFY_SOURCE=2 -isystem $PREFIX/include -mmacosx-version-min=10.9 -I$PREFIX/include   -fPIC  -march=core2 -mtune=haswell -mssse3 -ftree-vectorize -fPIC -fPIE -fstack-protector-strong -O2 -pipe -isystem $PREFIX/include -fdebug-prefix-map=/Users/runner/miniforge3/conda-bld/r-base-split_1630154249442/work=/usr/local/src/conda/r-base-4.1.1 -fdebug-prefix-map=$PREFIX=/usr/local/src/conda-prefix  -c cmark/html.c -o cmark/html.o
x86_64-apple-darwin13.4.0-clang -I"$PREFIX/lib/R/include" -DNDEBUG -Icmark -I. -DCMARK_GFM_STATIC_DEFINE -DCMARK_GFM_EXTENSIONS_STATIC_DEFINE -DR_NO_REMAP -DSTRICT_R_HEADERS  -D_FORTIFY_SOURCE=2 -isystem $PREFIX/include -mmacosx-version-min=10.9 -I$PREFIX/include   -fPIC  -march=core2 -mtune=haswell -mssse3 -ftree-vectorize -fPIC -fPIE -fstack-protector-strong -O2 -pipe -isystem $PREFIX/include -fdebug-prefix-map=/Users/runner/miniforge3/conda-bld/r-base-split_1630154249442/work=/usr/local/src/conda/r-base-4.1.1 -fdebug-prefix-map=$PREFIX=/usr/local/src/conda-prefix  -c cmark/commonmark.c -o cmark/commonmark.o
x86_64-apple-darwin13.4.0-clang -I"$PREFIX/lib/R/include" -DNDEBUG -Icmark -I. -DCMARK_GFM_STATIC_DEFINE -DCMARK_GFM_EXTENSIONS_STATIC_DEFINE -DR_NO_REMAP -DSTRICT_R_HEADERS  -D_FORTIFY_SOURCE=2 -isystem $PREFIX/include -mmacosx-version-min=10.9 -I$PREFIX/include   -fPIC  -march=core2 -mtune=haswell -mssse3 -ftree-vectorize -fPIC -fPIE -fstack-protector-strong -O2 -pipe -isystem $PREFIX/include -fdebug-prefix-map=/Users/runner/miniforge3/conda-bld/r-base-split_1630154249442/work=/usr/local/src/conda/r-base-4.1.1 -fdebug-prefix-map=$PREFIX=/usr/local/src/conda-prefix  -c cmark/latex.c -o cmark/latex.o
x86_64-apple-darwin13.4.0-clang -I"$PREFIX/lib/R/include" -DNDEBUG -Icmark -I. -DCMARK_GFM_STATIC_DEFINE -DCMARK_GFM_EXTENSIONS_STATIC_DEFINE -DR_NO_REMAP -DSTRICT_R_HEADERS  -D_FORTIFY_SOURCE=2 -isystem $PREFIX/include -mmacosx-version-min=10.9 -I$PREFIX/include   -fPIC  -march=core2 -mtune=haswell -mssse3 -ftree-vectorize -fPIC -fPIE -fstack-protector-strong -O2 -pipe -isystem $PREFIX/include -fdebug-prefix-map=/Users/runner/miniforge3/conda-bld/r-base-split_1630154249442/work=/usr/local/src/conda/r-base-4.1.1 -fdebug-prefix-map=$PREFIX=/usr/local/src/conda-prefix  -c cmark/houdini_href_e.c -o cmark/houdini_href_e.o
x86_64-apple-darwin13.4.0-clang -I"$PREFIX/lib/R/include" -DNDEBUG -Icmark -I. -DCMARK_GFM_STATIC_DEFINE -DCMARK_GFM_EXTENSIONS_STATIC_DEFINE -DR_NO_REMAP -DSTRICT_R_HEADERS  -D_FORTIFY_SOURCE=2 -isystem $PREFIX/include -mmacosx-version-min=10.9 -I$PREFIX/include   -fPIC  -march=core2 -mtune=haswell -mssse3 -ftree-vectorize -fPIC -fPIE -fstack-protector-strong -O2 -pipe -isystem $PREFIX/include -fdebug-prefix-map=/Users/runner/miniforge3/conda-bld/r-base-split_1630154249442/work=/usr/local/src/conda/r-base-4.1.1 -fdebug-prefix-map=$PREFIX=/usr/local/src/conda-prefix  -c cmark/houdini_html_e.c -o cmark/houdini_html_e.o
x86_64-apple-darwin13.4.0-clang -I"$PREFIX/lib/R/include" -DNDEBUG -Icmark -I. -DCMARK_GFM_STATIC_DEFINE -DCMARK_GFM_EXTENSIONS_STATIC_DEFINE -DR_NO_REMAP -DSTRICT_R_HEADERS  -D_FORTIFY_SOURCE=2 -isystem $PREFIX/include -mmacosx-version-min=10.9 -I$PREFIX/include   -fPIC  -march=core2 -mtune=haswell -mssse3 -ftree-vectorize -fPIC -fPIE -fstack-protector-strong -O2 -pipe -isystem $PREFIX/include -fdebug-prefix-map=/Users/runner/miniforge3/conda-bld/r-base-split_1630154249442/work=/usr/local/src/conda/r-base-4.1.1 -fdebug-prefix-map=$PREFIX=/usr/local/src/conda-prefix  -c cmark/houdini_html_u.c -o cmark/houdini_html_u.o
x86_64-apple-darwin13.4.0-clang -I"$PREFIX/lib/R/include" -DNDEBUG -Icmark -I. -DCMARK_GFM_STATIC_DEFINE -DCMARK_GFM_EXTENSIONS_STATIC_DEFINE -DR_NO_REMAP -DSTRICT_R_HEADERS  -D_FORTIFY_SOURCE=2 -isystem $PREFIX/include -mmacosx-version-min=10.9 -I$PREFIX/include   -fPIC  -march=core2 -mtune=haswell -mssse3 -ftree-vectorize -fPIC -fPIE -fstack-protector-strong -O2 -pipe -isystem $PREFIX/include -fdebug-prefix-map=/Users/runner/miniforge3/conda-bld/r-base-split_1630154249442/work=/usr/local/src/conda/r-base-4.1.1 -fdebug-prefix-map=$PREFIX=/usr/local/src/conda-prefix  -c cmark/cmark_ctype.c -o cmark/cmark_ctype.o
x86_64-apple-darwin13.4.0-clang -I"$PREFIX/lib/R/include" -DNDEBUG -Icmark -I. -DCMARK_GFM_STATIC_DEFINE -DCMARK_GFM_EXTENSIONS_STATIC_DEFINE -DR_NO_REMAP -DSTRICT_R_HEADERS  -D_FORTIFY_SOURCE=2 -isystem $PREFIX/include -mmacosx-version-min=10.9 -I$PREFIX/include   -fPIC  -march=core2 -mtune=haswell -mssse3 -ftree-vectorize -fPIC -fPIE -fstack-protector-strong -O2 -pipe -isystem $PREFIX/include -fdebug-prefix-map=/Users/runner/miniforge3/conda-bld/r-base-split_1630154249442/work=/usr/local/src/conda/r-base-4.1.1 -fdebug-prefix-map=$PREFIX=/usr/local/src/conda-prefix  -c cmark/arena.c -o cmark/arena.o
x86_64-apple-darwin13.4.0-clang -I"$PREFIX/lib/R/include" -DNDEBUG -Icmark -I. -DCMARK_GFM_STATIC_DEFINE -DCMARK_GFM_EXTENSIONS_STATIC_DEFINE -DR_NO_REMAP -DSTRICT_R_HEADERS  -D_FORTIFY_SOURCE=2 -isystem $PREFIX/include -mmacosx-version-min=10.9 -I$PREFIX/include   -fPIC  -march=core2 -mtune=haswell -mssse3 -ftree-vectorize -fPIC -fPIE -fstack-protector-strong -O2 -pipe -isystem $PREFIX/include -fdebug-prefix-map=/Users/runner/miniforge3/conda-bld/r-base-split_1630154249442/work=/usr/local/src/conda/r-base-4.1.1 -fdebug-prefix-map=$PREFIX=/usr/local/src/conda-prefix  -c cmark/linked_list.c -o cmark/linked_list.o
x86_64-apple-darwin13.4.0-clang -I"$PREFIX/lib/R/include" -DNDEBUG -Icmark -I. -DCMARK_GFM_STATIC_DEFINE -DCMARK_GFM_EXTENSIONS_STATIC_DEFINE -DR_NO_REMAP -DSTRICT_R_HEADERS  -D_FORTIFY_SOURCE=2 -isystem $PREFIX/include -mmacosx-version-min=10.9 -I$PREFIX/include   -fPIC  -march=core2 -mtune=haswell -mssse3 -ftree-vectorize -fPIC -fPIE -fstack-protector-strong -O2 -pipe -isystem $PREFIX/include -fdebug-prefix-map=/Users/runner/miniforge3/conda-bld/r-base-split_1630154249442/work=/usr/local/src/conda/r-base-4.1.1 -fdebug-prefix-map=$PREFIX=/usr/local/src/conda-prefix  -c cmark/plugin.c -o cmark/plugin.o
x86_64-apple-darwin13.4.0-clang -I"$PREFIX/lib/R/include" -DNDEBUG -Icmark -I. -DCMARK_GFM_STATIC_DEFINE -DCMARK_GFM_EXTENSIONS_STATIC_DEFINE -DR_NO_REMAP -DSTRICT_R_HEADERS  -D_FORTIFY_SOURCE=2 -isystem $PREFIX/include -mmacosx-version-min=10.9 -I$PREFIX/include   -fPIC  -march=core2 -mtune=haswell -mssse3 -ftree-vectorize -fPIC -fPIE -fstack-protector-strong -O2 -pipe -isystem $PREFIX/include -fdebug-prefix-map=/Users/runner/miniforge3/conda-bld/r-base-split_1630154249442/work=/usr/local/src/conda/r-base-4.1.1 -fdebug-prefix-map=$PREFIX=/usr/local/src/conda-prefix  -c cmark/registry.c -o cmark/registry.o
x86_64-apple-darwin13.4.0-clang -I"$PREFIX/lib/R/include" -DNDEBUG -Icmark -I. -DCMARK_GFM_STATIC_DEFINE -DCMARK_GFM_EXTENSIONS_STATIC_DEFINE -DR_NO_REMAP -DSTRICT_R_HEADERS  -D_FORTIFY_SOURCE=2 -isystem $PREFIX/include -mmacosx-version-min=10.9 -I$PREFIX/include   -fPIC  -march=core2 -mtune=haswell -mssse3 -ftree-vectorize -fPIC -fPIE -fstack-protector-strong -O2 -pipe -isystem $PREFIX/include -fdebug-prefix-map=/Users/runner/miniforge3/conda-bld/r-base-split_1630154249442/work=/usr/local/src/conda/r-base-4.1.1 -fdebug-prefix-map=$PREFIX=/usr/local/src/conda-prefix  -c cmark/syntax_extension.c -o cmark/syntax_extension.o
x86_64-apple-darwin13.4.0-clang -I"$PREFIX/lib/R/include" -DNDEBUG -Icmark -I. -DCMARK_GFM_STATIC_DEFINE -DCMARK_GFM_EXTENSIONS_STATIC_DEFINE -DR_NO_REMAP -DSTRICT_R_HEADERS  -D_FORTIFY_SOURCE=2 -isystem $PREFIX/include -mmacosx-version-min=10.9 -I$PREFIX/include   -fPIC  -march=core2 -mtune=haswell -mssse3 -ftree-vectorize -fPIC -fPIE -fstack-protector-strong -O2 -pipe -isystem $PREFIX/include -fdebug-prefix-map=/Users/runner/miniforge3/conda-bld/r-base-split_1630154249442/work=/usr/local/src/conda/r-base-4.1.1 -fdebug-prefix-map=$PREFIX=/usr/local/src/conda-prefix  -c cmark/plaintext.c -o cmark/plaintext.o
x86_64-apple-darwin13.4.0-clang -I"$PREFIX/lib/R/include" -DNDEBUG -Icmark -I. -DCMARK_GFM_STATIC_DEFINE -DCMARK_GFM_EXTENSIONS_STATIC_DEFINE -DR_NO_REMAP -DSTRICT_R_HEADERS  -D_FORTIFY_SOURCE=2 -isystem $PREFIX/include -mmacosx-version-min=10.9 -I$PREFIX/include   -fPIC  -march=core2 -mtune=haswell -mssse3 -ftree-vectorize -fPIC -fPIE -fstack-protector-strong -O2 -pipe -isystem $PREFIX/include -fdebug-prefix-map=/Users/runner/miniforge3/conda-bld/r-base-split_1630154249442/work=/usr/local/src/conda/r-base-4.1.1 -fdebug-prefix-map=$PREFIX=/usr/local/src/conda-prefix  -c cmark/footnotes.c -o cmark/footnotes.o
x86_64-apple-darwin13.4.0-clang -I"$PREFIX/lib/R/include" -DNDEBUG -Icmark -I. -DCMARK_GFM_STATIC_DEFINE -DCMARK_GFM_EXTENSIONS_STATIC_DEFINE -DR_NO_REMAP -DSTRICT_R_HEADERS  -D_FORTIFY_SOURCE=2 -isystem $PREFIX/include -mmacosx-version-min=10.9 -I$PREFIX/include   -fPIC  -march=core2 -mtune=haswell -mssse3 -ftree-vectorize -fPIC -fPIE -fstack-protector-strong -O2 -pipe -isystem $PREFIX/include -fdebug-prefix-map=/Users/runner/miniforge3/conda-bld/r-base-split_1630154249442/work=/usr/local/src/conda/r-base-4.1.1 -fdebug-prefix-map=$PREFIX=/usr/local/src/conda-prefix  -c cmark/map.c -o cmark/map.o
x86_64-apple-darwin13.4.0-clang -I"$PREFIX/lib/R/include" -DNDEBUG -Icmark -I. -DCMARK_GFM_STATIC_DEFINE -DCMARK_GFM_EXTENSIONS_STATIC_DEFINE -DR_NO_REMAP -DSTRICT_R_HEADERS  -D_FORTIFY_SOURCE=2 -isystem $PREFIX/include -mmacosx-version-min=10.9 -I$PREFIX/include   -fPIC  -march=core2 -mtune=haswell -mssse3 -ftree-vectorize -fPIC -fPIE -fstack-protector-strong -O2 -pipe -isystem $PREFIX/include -fdebug-prefix-map=/Users/runner/miniforge3/conda-bld/r-base-split_1630154249442/work=/usr/local/src/conda/r-base-4.1.1 -fdebug-prefix-map=$PREFIX=/usr/local/src/conda-prefix  -c extensions/autolink.c -o extensions/autolink.o
x86_64-apple-darwin13.4.0-clang -I"$PREFIX/lib/R/include" -DNDEBUG -Icmark -I. -DCMARK_GFM_STATIC_DEFINE -DCMARK_GFM_EXTENSIONS_STATIC_DEFINE -DR_NO_REMAP -DSTRICT_R_HEADERS  -D_FORTIFY_SOURCE=2 -isystem $PREFIX/include -mmacosx-version-min=10.9 -I$PREFIX/include   -fPIC  -march=core2 -mtune=haswell -mssse3 -ftree-vectorize -fPIC -fPIE -fstack-protector-strong -O2 -pipe -isystem $PREFIX/include -fdebug-prefix-map=/Users/runner/miniforge3/conda-bld/r-base-split_1630154249442/work=/usr/local/src/conda/r-base-4.1.1 -fdebug-prefix-map=$PREFIX=/usr/local/src/conda-prefix  -c extensions/core-extensions.c -o extensions/core-extensions.o
x86_64-apple-darwin13.4.0-clang -I"$PREFIX/lib/R/include" -DNDEBUG -Icmark -I. -DCMARK_GFM_STATIC_DEFINE -DCMARK_GFM_EXTENSIONS_STATIC_DEFINE -DR_NO_REMAP -DSTRICT_R_HEADERS  -D_FORTIFY_SOURCE=2 -isystem $PREFIX/include -mmacosx-version-min=10.9 -I$PREFIX/include   -fPIC  -march=core2 -mtune=haswell -mssse3 -ftree-vectorize -fPIC -fPIE -fstack-protector-strong -O2 -pipe -isystem $PREFIX/include -fdebug-prefix-map=/Users/runner/miniforge3/conda-bld/r-base-split_1630154249442/work=/usr/local/src/conda/r-base-4.1.1 -fdebug-prefix-map=$PREFIX=/usr/local/src/conda-prefix  -c extensions/ext_scanners.c -o extensions/ext_scanners.o
x86_64-apple-darwin13.4.0-clang -I"$PREFIX/lib/R/include" -DNDEBUG -Icmark -I. -DCMARK_GFM_STATIC_DEFINE -DCMARK_GFM_EXTENSIONS_STATIC_DEFINE -DR_NO_REMAP -DSTRICT_R_HEADERS  -D_FORTIFY_SOURCE=2 -isystem $PREFIX/include -mmacosx-version-min=10.9 -I$PREFIX/include   -fPIC  -march=core2 -mtune=haswell -mssse3 -ftree-vectorize -fPIC -fPIE -fstack-protector-strong -O2 -pipe -isystem $PREFIX/include -fdebug-prefix-map=/Users/runner/miniforge3/conda-bld/r-base-split_1630154249442/work=/usr/local/src/conda/r-base-4.1.1 -fdebug-prefix-map=$PREFIX=/usr/local/src/conda-prefix  -c extensions/strikethrough.c -o extensions/strikethrough.o
x86_64-apple-darwin13.4.0-clang -I"$PREFIX/lib/R/include" -DNDEBUG -Icmark -I. -DCMARK_GFM_STATIC_DEFINE -DCMARK_GFM_EXTENSIONS_STATIC_DEFINE -DR_NO_REMAP -DSTRICT_R_HEADERS  -D_FORTIFY_SOURCE=2 -isystem $PREFIX/include -mmacosx-version-min=10.9 -I$PREFIX/include   -fPIC  -march=core2 -mtune=haswell -mssse3 -ftree-vectorize -fPIC -fPIE -fstack-protector-strong -O2 -pipe -isystem $PREFIX/include -fdebug-prefix-map=/Users/runner/miniforge3/conda-bld/r-base-split_1630154249442/work=/usr/local/src/conda/r-base-4.1.1 -fdebug-prefix-map=$PREFIX=/usr/local/src/conda-prefix  -c extensions/table.c -o extensions/table.o
x86_64-apple-darwin13.4.0-clang -I"$PREFIX/lib/R/include" -DNDEBUG -Icmark -I. -DCMARK_GFM_STATIC_DEFINE -DCMARK_GFM_EXTENSIONS_STATIC_DEFINE -DR_NO_REMAP -DSTRICT_R_HEADERS  -D_FORTIFY_SOURCE=2 -isystem $PREFIX/include -mmacosx-version-min=10.9 -I$PREFIX/include   -fPIC  -march=core2 -mtune=haswell -mssse3 -ftree-vectorize -fPIC -fPIE -fstack-protector-strong -O2 -pipe -isystem $PREFIX/include -fdebug-prefix-map=/Users/runner/miniforge3/conda-bld/r-base-split_1630154249442/work=/usr/local/src/conda/r-base-4.1.1 -fdebug-prefix-map=$PREFIX=/usr/local/src/conda-prefix  -c extensions/tagfilter.c -o extensions/tagfilter.o
x86_64-apple-darwin13.4.0-ar rcs cmark/libstatcmark.a cmark/cmark.o cmark/node.o cmark/iterator.o cmark/blocks.o cmark/inlines.o cmark/scanners.o cmark/utf8.o cmark/buffer.o cmark/references.o cmark/render.o cmark/man.o cmark/xml.o cmark/html.o cmark/commonmark.o cmark/latex.o cmark/houdini_href_e.o cmark/houdini_html_e.o cmark/houdini_html_u.o cmark/cmark_ctype.o cmark/arena.o cmark/html.o cmark/linked_list.o cmark/plugin.o cmark/registry.o cmark/syntax_extension.o cmark/plaintext.o cmark/footnotes.o cmark/map.o extensions/autolink.o extensions/core-extensions.o extensions/ext_scanners.o extensions/strikethrough.o extensions/table.o extensions/tagfilter.o
x86_64-apple-darwin13.4.0-clang -dynamiclib -Wl,-headerpad_max_install_names -undefined dynamic_lookup -single_module -multiply_defined suppress -L$PREFIX/lib/R/lib -Wl,-dead_strip_dylibs -Wl,-pie -Wl,-headerpad_max_install_names -Wl,-dead_strip_dylibs -Wl,-rpath,$PREFIX/lib -L$PREFIX/lib -o commonmark.dylib extensions.o init.o wrapper.o -Lcmark -lstatcmark -L$PREFIX/lib/R/lib -lR -Wl,-framework -Wl,CoreFoundation
Found pkg-config cflags and libs!
Using PKG_CFLAGS=-I$PREFIX/include/libxml2 -I$PREFIX/include
Using PKG_LIBS=-L$PREFIX/lib -lxml2 -L$PREFIX/lib -lz -L$PREFIX/lib -llzma -lpthread -L$PREFIX/lib -liconv -L$PREFIX/lib -licui18n -licuuc -licudata -lm
x86_64-apple-darwin13.4.0-clang++ -std=gnu++14 -I"$PREFIX/lib/R/include" -DNDEBUG -I../inst/include -I$PREFIX/include/libxml2 -I$PREFIX/include -DUCHAR_TYPE=wchar_t  -D_FORTIFY_SOURCE=2 -isystem $PREFIX/include -mmacosx-version-min=10.9 -I$PREFIX/include   -fPIC  -march=core2 -mtune=haswell -mssse3 -ftree-vectorize -fPIC -fPIE -fstack-protector-strong -O2 -pipe -stdlib=libc++ -fvisibility-inlines-hidden  -fmessage-length=0 -isystem $PREFIX/include -fdebug-prefix-map=/Users/runner/miniforge3/conda-bld/r-base-split_1630154249442/work=/usr/local/src/conda/r-base-4.1.1 -fdebug-prefix-map=$PREFIX=/usr/local/src/conda-prefix  -c connection.cpp -o connection.o
x86_64-apple-darwin13.4.0-clang -I"$PREFIX/lib/R/include" -DNDEBUG -I../inst/include -I$PREFIX/include/libxml2 -I$PREFIX/include -DUCHAR_TYPE=wchar_t  -D_FORTIFY_SOURCE=2 -isystem $PREFIX/include -mmacosx-version-min=10.9 -I$PREFIX/include   -fPIC  -march=core2 -mtune=haswell -mssse3 -ftree-vectorize -fPIC -fPIE -fstack-protector-strong -O2 -pipe -isystem $PREFIX/include -fdebug-prefix-map=/Users/runner/miniforge3/conda-bld/r-base-split_1630154249442/work=/usr/local/src/conda/r-base-4.1.1 -fdebug-prefix-map=$PREFIX=/usr/local/src/conda-prefix  -c init.c -o init.o
x86_64-apple-darwin13.4.0-clang++ -std=gnu++14 -I"$PREFIX/lib/R/include" -DNDEBUG -I../inst/include -I$PREFIX/include/libxml2 -I$PREFIX/include -DUCHAR_TYPE=wchar_t  -D_FORTIFY_SOURCE=2 -isystem $PREFIX/include -mmacosx-version-min=10.9 -I$PREFIX/include   -fPIC  -march=core2 -mtune=haswell -mssse3 -ftree-vectorize -fPIC -fPIE -fstack-protector-strong -O2 -pipe -stdlib=libc++ -fvisibility-inlines-hidden  -fmessage-length=0 -isystem $PREFIX/include -fdebug-prefix-map=/Users/runner/miniforge3/conda-bld/r-base-split_1630154249442/work=/usr/local/src/conda/r-base-4.1.1 -fdebug-prefix-map=$PREFIX=/usr/local/src/conda-prefix  -c xml2_doc.cpp -o xml2_doc.o
x86_64-apple-darwin13.4.0-clang++ -std=gnu++14 -I"$PREFIX/lib/R/include" -DNDEBUG -I../inst/include -I$PREFIX/include/libxml2 -I$PREFIX/include -DUCHAR_TYPE=wchar_t  -D_FORTIFY_SOURCE=2 -isystem $PREFIX/include -mmacosx-version-min=10.9 -I$PREFIX/include   -fPIC  -march=core2 -mtune=haswell -mssse3 -ftree-vectorize -fPIC -fPIE -fstack-protector-strong -O2 -pipe -stdlib=libc++ -fvisibility-inlines-hidden  -fmessage-length=0 -isystem $PREFIX/include -fdebug-prefix-map=/Users/runner/miniforge3/conda-bld/r-base-split_1630154249442/work=/usr/local/src/conda/r-base-4.1.1 -fdebug-prefix-map=$PREFIX=/usr/local/src/conda-prefix  -c xml2_init.cpp -o xml2_init.o
x86_64-apple-darwin13.4.0-clang++ -std=gnu++14 -I"$PREFIX/lib/R/include" -DNDEBUG -I../inst/include -I$PREFIX/include/libxml2 -I$PREFIX/include -DUCHAR_TYPE=wchar_t  -D_FORTIFY_SOURCE=2 -isystem $PREFIX/include -mmacosx-version-min=10.9 -I$PREFIX/include   -fPIC  -march=core2 -mtune=haswell -mssse3 -ftree-vectorize -fPIC -fPIE -fstack-protector-strong -O2 -pipe -stdlib=libc++ -fvisibility-inlines-hidden  -fmessage-length=0 -isystem $PREFIX/include -fdebug-prefix-map=/Users/runner/miniforge3/conda-bld/r-base-split_1630154249442/work=/usr/local/src/conda/r-base-4.1.1 -fdebug-prefix-map=$PREFIX=/usr/local/src/conda-prefix  -c xml2_namespace.cpp -o xml2_namespace.o
x86_64-apple-darwin13.4.0-clang++ -std=gnu++14 -I"$PREFIX/lib/R/include" -DNDEBUG -I../inst/include -I$PREFIX/include/libxml2 -I$PREFIX/include -DUCHAR_TYPE=wchar_t  -D_FORTIFY_SOURCE=2 -isystem $PREFIX/include -mmacosx-version-min=10.9 -I$PREFIX/include   -fPIC  -march=core2 -mtune=haswell -mssse3 -ftree-vectorize -fPIC -fPIE -fstack-protector-strong -O2 -pipe -stdlib=libc++ -fvisibility-inlines-hidden  -fmessage-length=0 -isystem $PREFIX/include -fdebug-prefix-map=/Users/runner/miniforge3/conda-bld/r-base-split_1630154249442/work=/usr/local/src/conda/r-base-4.1.1 -fdebug-prefix-map=$PREFIX=/usr/local/src/conda-prefix  -c xml2_node.cpp -o xml2_node.o
x86_64-apple-darwin13.4.0-clang++ -std=gnu++14 -I"$PREFIX/lib/R/include" -DNDEBUG -I../inst/include -I$PREFIX/include/libxml2 -I$PREFIX/include -DUCHAR_TYPE=wchar_t  -D_FORTIFY_SOURCE=2 -isystem $PREFIX/include -mmacosx-version-min=10.9 -I$PREFIX/include   -fPIC  -march=core2 -mtune=haswell -mssse3 -ftree-vectorize -fPIC -fPIE -fstack-protector-strong -O2 -pipe -stdlib=libc++ -fvisibility-inlines-hidden  -fmessage-length=0 -isystem $PREFIX/include -fdebug-prefix-map=/Users/runner/miniforge3/conda-bld/r-base-split_1630154249442/work=/usr/local/src/conda/r-base-4.1.1 -fdebug-prefix-map=$PREFIX=/usr/local/src/conda-prefix  -c xml2_output.cpp -o xml2_output.o
x86_64-apple-darwin13.4.0-clang++ -std=gnu++14 -I"$PREFIX/lib/R/include" -DNDEBUG -I../inst/include -I$PREFIX/include/libxml2 -I$PREFIX/include -DUCHAR_TYPE=wchar_t  -D_FORTIFY_SOURCE=2 -isystem $PREFIX/include -mmacosx-version-min=10.9 -I$PREFIX/include   -fPIC  -march=core2 -mtune=haswell -mssse3 -ftree-vectorize -fPIC -fPIE -fstack-protector-strong -O2 -pipe -stdlib=libc++ -fvisibility-inlines-hidden  -fmessage-length=0 -isystem $PREFIX/include -fdebug-prefix-map=/Users/runner/miniforge3/conda-bld/r-base-split_1630154249442/work=/usr/local/src/conda/r-base-4.1.1 -fdebug-prefix-map=$PREFIX=/usr/local/src/conda-prefix  -c xml2_schema.cpp -o xml2_schema.o
x86_64-apple-darwin13.4.0-clang++ -std=gnu++14 -I"$PREFIX/lib/R/include" -DNDEBUG -I../inst/include -I$PREFIX/include/libxml2 -I$PREFIX/include -DUCHAR_TYPE=wchar_t  -D_FORTIFY_SOURCE=2 -isystem $PREFIX/include -mmacosx-version-min=10.9 -I$PREFIX/include   -fPIC  -march=core2 -mtune=haswell -mssse3 -ftree-vectorize -fPIC -fPIE -fstack-protector-strong -O2 -pipe -stdlib=libc++ -fvisibility-inlines-hidden  -fmessage-length=0 -isystem $PREFIX/include -fdebug-prefix-map=/Users/runner/miniforge3/conda-bld/r-base-split_1630154249442/work=/usr/local/src/conda/r-base-4.1.1 -fdebug-prefix-map=$PREFIX=/usr/local/src/conda-prefix  -c xml2_url.cpp -o xml2_url.o
x86_64-apple-darwin13.4.0-clang++ -std=gnu++14 -I"$PREFIX/lib/R/include" -DNDEBUG -I../inst/include -I$PREFIX/include/libxml2 -I$PREFIX/include -DUCHAR_TYPE=wchar_t  -D_FORTIFY_SOURCE=2 -isystem $PREFIX/include -mmacosx-version-min=10.9 -I$PREFIX/include   -fPIC  -march=core2 -mtune=haswell -mssse3 -ftree-vectorize -fPIC -fPIE -fstack-protector-strong -O2 -pipe -stdlib=libc++ -fvisibility-inlines-hidden  -fmessage-length=0 -isystem $PREFIX/include -fdebug-prefix-map=/Users/runner/miniforge3/conda-bld/r-base-split_1630154249442/work=/usr/local/src/conda/r-base-4.1.1 -fdebug-prefix-map=$PREFIX=/usr/local/src/conda-prefix  -c xml2_xpath.cpp -o xml2_xpath.o
x86_64-apple-darwin13.4.0-clang++ -std=gnu++14 -dynamiclib -Wl,-headerpad_max_install_names -undefined dynamic_lookup -single_module -multiply_defined suppress -L$PREFIX/lib/R/lib -Wl,-dead_strip_dylibs -Wl,-pie -Wl,-headerpad_max_install_names -Wl,-dead_strip_dylibs -Wl,-rpath,$PREFIX/lib -L$PREFIX/lib -o xml2.dylib connection.o init.o xml2_doc.o xml2_init.o xml2_namespace.o xml2_node.o xml2_output.o xml2_schema.o xml2_url.o xml2_xpath.o -L$PREFIX/lib -lxml2 -L$PREFIX/lib -lz -L$PREFIX/lib -llzma -lpthread -L$PREFIX/lib -liconv -L$PREFIX/lib -licui18n -licuuc -licudata -lm -L$PREFIX/lib/R/lib -lR -Wl,-framework -Wl,CoreFoundation
x86_64-apple-darwin13.4.0-clang++ -std=gnu++14 -I"$PREFIX/lib/R/include" -DNDEBUG -I./libuv-1.38.1/include -I. -pthread  -D_FORTIFY_SOURCE=2 -isystem $PREFIX/include -mmacosx-version-min=10.9 -I$PREFIX/include   -fPIC  -march=core2 -mtune=haswell -mssse3 -ftree-vectorize -fPIC -fPIE -fstack-protector-strong -O2 -pipe -stdlib=libc++ -fvisibility-inlines-hidden  -fmessage-length=0 -isystem $PREFIX/include -fdebug-prefix-map=/Users/runner/miniforge3/conda-bld/r-base-split_1630154249442/work=/usr/local/src/conda/r-base-4.1.1 -fdebug-prefix-map=$PREFIX=/usr/local/src/conda-prefix  -c dir.cc -o dir.o
x86_64-apple-darwin13.4.0-clang++ -std=gnu++14 -I"$PREFIX/lib/R/include" -DNDEBUG -I./libuv-1.38.1/include -I. -pthread  -D_FORTIFY_SOURCE=2 -isystem $PREFIX/include -mmacosx-version-min=10.9 -I$PREFIX/include   -fPIC  -march=core2 -mtune=haswell -mssse3 -ftree-vectorize -fPIC -fPIE -fstack-protector-strong -O2 -pipe -stdlib=libc++ -fvisibility-inlines-hidden  -fmessage-length=0 -isystem $PREFIX/include -fdebug-prefix-map=/Users/runner/miniforge3/conda-bld/r-base-split_1630154249442/work=/usr/local/src/conda/r-base-4.1.1 -fdebug-prefix-map=$PREFIX=/usr/local/src/conda-prefix  -c error.cc -o error.o
x86_64-apple-darwin13.4.0-clang++ -std=gnu++14 -I"$PREFIX/lib/R/include" -DNDEBUG -I./libuv-1.38.1/include -I. -pthread  -D_FORTIFY_SOURCE=2 -isystem $PREFIX/include -mmacosx-version-min=10.9 -I$PREFIX/include   -fPIC  -march=core2 -mtune=haswell -mssse3 -ftree-vectorize -fPIC -fPIE -fstack-protector-strong -O2 -pipe -stdlib=libc++ -fvisibility-inlines-hidden  -fmessage-length=0 -isystem $PREFIX/include -fdebug-prefix-map=/Users/runner/miniforge3/conda-bld/r-base-split_1630154249442/work=/usr/local/src/conda/r-base-4.1.1 -fdebug-prefix-map=$PREFIX=/usr/local/src/conda-prefix  -c file.cc -o file.o
x86_64-apple-darwin13.4.0-clang++ -std=gnu++14 -I"$PREFIX/lib/R/include" -DNDEBUG -I./libuv-1.38.1/include -I. -pthread  -D_FORTIFY_SOURCE=2 -isystem $PREFIX/include -mmacosx-version-min=10.9 -I$PREFIX/include   -fPIC  -march=core2 -mtune=haswell -mssse3 -ftree-vectorize -fPIC -fPIE -fstack-protector-strong -O2 -pipe -stdlib=libc++ -fvisibility-inlines-hidden  -fmessage-length=0 -isystem $PREFIX/include -fdebug-prefix-map=/Users/runner/miniforge3/conda-bld/r-base-split_1630154249442/work=/usr/local/src/conda/r-base-4.1.1 -fdebug-prefix-map=$PREFIX=/usr/local/src/conda-prefix  -c fs.cc -o fs.o
x86_64-apple-darwin13.4.0-clang++ -std=gnu++14 -I"$PREFIX/lib/R/include" -DNDEBUG -I./libuv-1.38.1/include -I. -pthread  -D_FORTIFY_SOURCE=2 -isystem $PREFIX/include -mmacosx-version-min=10.9 -I$PREFIX/include   -fPIC  -march=core2 -mtune=haswell -mssse3 -ftree-vectorize -fPIC -fPIE -fstack-protector-strong -O2 -pipe -stdlib=libc++ -fvisibility-inlines-hidden  -fmessage-length=0 -isystem $PREFIX/include -fdebug-prefix-map=/Users/runner/miniforge3/conda-bld/r-base-split_1630154249442/work=/usr/local/src/conda/r-base-4.1.1 -fdebug-prefix-map=$PREFIX=/usr/local/src/conda-prefix  -c getmode.cc -o getmode.o
x86_64-apple-darwin13.4.0-clang++ -std=gnu++14 -I"$PREFIX/lib/R/include" -DNDEBUG -I./libuv-1.38.1/include -I. -pthread  -D_FORTIFY_SOURCE=2 -isystem $PREFIX/include -mmacosx-version-min=10.9 -I$PREFIX/include   -fPIC  -march=core2 -mtune=haswell -mssse3 -ftree-vectorize -fPIC -fPIE -fstack-protector-strong -O2 -pipe -stdlib=libc++ -fvisibility-inlines-hidden  -fmessage-length=0 -isystem $PREFIX/include -fdebug-prefix-map=/Users/runner/miniforge3/conda-bld/r-base-split_1630154249442/work=/usr/local/src/conda/r-base-4.1.1 -fdebug-prefix-map=$PREFIX=/usr/local/src/conda-prefix  -c id.cc -o id.o
x86_64-apple-darwin13.4.0-clang++ -std=gnu++14 -I"$PREFIX/lib/R/include" -DNDEBUG -I./libuv-1.38.1/include -I. -pthread  -D_FORTIFY_SOURCE=2 -isystem $PREFIX/include -mmacosx-version-min=10.9 -I$PREFIX/include   -fPIC  -march=core2 -mtune=haswell -mssse3 -ftree-vectorize -fPIC -fPIE -fstack-protector-strong -O2 -pipe -stdlib=libc++ -fvisibility-inlines-hidden  -fmessage-length=0 -isystem $PREFIX/include -fdebug-prefix-map=/Users/runner/miniforge3/conda-bld/r-base-split_1630154249442/work=/usr/local/src/conda/r-base-4.1.1 -fdebug-prefix-map=$PREFIX=/usr/local/src/conda-prefix  -c init.cc -o init.o
x86_64-apple-darwin13.4.0-clang++ -std=gnu++14 -I"$PREFIX/lib/R/include" -DNDEBUG -I./libuv-1.38.1/include -I. -pthread  -D_FORTIFY_SOURCE=2 -isystem $PREFIX/include -mmacosx-version-min=10.9 -I$PREFIX/include   -fPIC  -march=core2 -mtune=haswell -mssse3 -ftree-vectorize -fPIC -fPIE -fstack-protector-strong -O2 -pipe -stdlib=libc++ -fvisibility-inlines-hidden  -fmessage-length=0 -isystem $PREFIX/include -fdebug-prefix-map=/Users/runner/miniforge3/conda-bld/r-base-split_1630154249442/work=/usr/local/src/conda/r-base-4.1.1 -fdebug-prefix-map=$PREFIX=/usr/local/src/conda-prefix  -c link.cc -o link.o
x86_64-apple-darwin13.4.0-clang++ -std=gnu++14 -I"$PREFIX/lib/R/include" -DNDEBUG -I./libuv-1.38.1/include -I. -pthread  -D_FORTIFY_SOURCE=2 -isystem $PREFIX/include -mmacosx-version-min=10.9 -I$PREFIX/include   -fPIC  -march=core2 -mtune=haswell -mssse3 -ftree-vectorize -fPIC -fPIE -fstack-protector-strong -O2 -pipe -stdlib=libc++ -fvisibility-inlines-hidden  -fmessage-length=0 -isystem $PREFIX/include -fdebug-prefix-map=/Users/runner/miniforge3/conda-bld/r-base-split_1630154249442/work=/usr/local/src/conda/r-base-4.1.1 -fdebug-prefix-map=$PREFIX=/usr/local/src/conda-prefix  -c path.cc -o path.o
x86_64-apple-darwin13.4.0-clang++ -std=gnu++14 -I"$PREFIX/lib/R/include" -DNDEBUG -I./libuv-1.38.1/include -I. -pthread  -D_FORTIFY_SOURCE=2 -isystem $PREFIX/include -mmacosx-version-min=10.9 -I$PREFIX/include   -fPIC  -march=core2 -mtune=haswell -mssse3 -ftree-vectorize -fPIC -fPIE -fstack-protector-strong -O2 -pipe -stdlib=libc++ -fvisibility-inlines-hidden  -fmessage-length=0 -isystem $PREFIX/include -fdebug-prefix-map=/Users/runner/miniforge3/conda-bld/r-base-split_1630154249442/work=/usr/local/src/conda/r-base-4.1.1 -fdebug-prefix-map=$PREFIX=/usr/local/src/conda-prefix  -c utils.cc -o utils.o
x86_64-apple-darwin13.4.0-clang++ -std=gnu++14 -I"$PREFIX/lib/R/include" -DNDEBUG -I./libuv-1.38.1/include -I. -pthread  -D_FORTIFY_SOURCE=2 -isystem $PREFIX/include -mmacosx-version-min=10.9 -I$PREFIX/include   -fPIC  -march=core2 -mtune=haswell -mssse3 -ftree-vectorize -fPIC -fPIE -fstack-protector-strong -O2 -pipe -stdlib=libc++ -fvisibility-inlines-hidden  -fmessage-length=0 -isystem $PREFIX/include -fdebug-prefix-map=/Users/runner/miniforge3/conda-bld/r-base-split_1630154249442/work=/usr/local/src/conda/r-base-4.1.1 -fdebug-prefix-map=$PREFIX=/usr/local/src/conda-prefix  -c unix/getmode.cc -o unix/getmode.o
(cd libuv-1.38.1 \
&& CC="x86_64-apple-darwin13.4.0-clang" CFLAGS="-march=core2 -mtune=haswell -mssse3 -ftree-vectorize -fPIC -fPIE -fstack-protector-strong -O2 -pipe -isystem $PREFIX/include -fdebug-prefix-map=/Users/runner/miniforge3/conda-bld/r-base-split_1630154249442/work=/usr/local/src/conda/r-base-4.1.1 -fdebug-prefix-map=$PREFIX=/usr/local/src/conda-prefix  -D_FORTIFY_SOURCE=2 -isystem $PREFIX/include -mmacosx-version-min=10.9 -I$PREFIX/include -fPIC " AR="x86_64-apple-darwin13.4.0-ar" RANLIB="x86_64-apple-darwin13.4.0-ranlib" LDFLAGS="-Wl,-dead_strip_dylibs  -Wl,-pie -Wl,-headerpad_max_install_names -Wl,-dead_strip_dylibs -Wl,-rpath,$PREFIX/lib -L$PREFIX/lib" ./configure --quiet)
make --directory=libuv-1.38.1 \
	HAVE_DTRACE=0
make[1]: Entering directory '/private/var/folders/24/8k48jl6d249_n_qfxwsl6xvm0000gn/T/RtmpESM5dp/R.INSTALL6ed21fb101ad/fs/src/libuv-1.38.1'
  CC       src/libuv_la-fs-poll.lo
  CC       src/libuv_la-idna.lo
  CC       src/libuv_la-inet.lo
  CC       src/libuv_la-random.lo
  CC       src/libuv_la-strscpy.lo
  CC       src/libuv_la-threadpool.lo
  CC       src/libuv_la-timer.lo
  CC       src/libuv_la-uv-data-getter-setters.lo
  CC       src/libuv_la-uv-common.lo
  CC       src/libuv_la-version.lo
  CC       src/unix/libuv_la-async.lo
  CC       src/unix/libuv_la-core.lo
  CC       src/unix/libuv_la-dl.lo
  CC       src/unix/libuv_la-fs.lo
  CC       src/unix/libuv_la-getaddrinfo.lo
  CC       src/unix/libuv_la-getnameinfo.lo
  CC       src/unix/libuv_la-loop-watcher.lo
  CC       src/unix/libuv_la-loop.lo
  CC       src/unix/libuv_la-pipe.lo
  CC       src/unix/libuv_la-poll.lo
  CC       src/unix/libuv_la-process.lo
  CC       src/unix/libuv_la-random-devurandom.lo
  CC       src/unix/libuv_la-signal.lo
  CC       src/unix/libuv_la-stream.lo
  CC       src/unix/libuv_la-tcp.lo
  CC       src/unix/libuv_la-thread.lo
  CC       src/unix/libuv_la-tty.lo
  CC       src/unix/libuv_la-udp.lo
  CC       src/unix/libuv_la-bsd-ifaddrs.lo
  CC       src/unix/libuv_la-darwin-proctitle.lo
  CC       src/unix/libuv_la-darwin.lo
  CC       src/unix/libuv_la-fsevents.lo
  CC       src/unix/libuv_la-kqueue.lo
  CC       src/unix/libuv_la-proctitle.lo
  CC       src/unix/libuv_la-random-getentropy.lo
  CCLD     libuv.la
make[1]: Leaving directory '/private/var/folders/24/8k48jl6d249_n_qfxwsl6xvm0000gn/T/RtmpESM5dp/R.INSTALL6ed21fb101ad/fs/src/libuv-1.38.1'
x86_64-apple-darwin13.4.0-clang++ -std=gnu++14 -dynamiclib -Wl,-headerpad_max_install_names -undefined dynamic_lookup -single_module -multiply_defined suppress -L$PREFIX/lib/R/lib -Wl,-dead_strip_dylibs -Wl,-pie -Wl,-headerpad_max_install_names -Wl,-dead_strip_dylibs -Wl,-rpath,$PREFIX/lib -L$PREFIX/lib -o fs.dylib dir.o error.o file.o fs.o getmode.o id.o init.o link.o path.o utils.o unix/getmode.o ./libuv-1.38.1/.libs/libuv.a -pthread -L$PREFIX/lib/R/lib -lR -Wl,-framework -Wl,CoreFoundation
Homebrew 3.3.2
Homebrew/homebrew-core (git revision e03e74ab0bc; last commit 2021-11-07)
Homebrew/homebrew-cask (git revision de168df318; last commit 2021-11-07)
Using PKG_CFLAGS=-I/usr/local/opt/libgit2/include
Using PKG_LIBS=-L/usr/local/opt/libgit2/lib -lgit2
----------------------------- ANTICONF -------------------------------
Configuration failed to find libgit2 library. Try installing:
 * brew: libgit2 (MacOS)
 * deb: libgit2-dev (Debian, Ubuntu, etc)
 * rpm: libgit2-devel (Fedora, CentOS, RHEL)
If libgit2 is already installed, check that 'pkg-config' is in your
PATH and PKG_CONFIG_PATH contains a libgit2.pc file. If pkg-config
is unavailable you can set INCLUDE_DIR and LIB_DIR manually via:
R CMD INSTALL --configure-vars='INCLUDE_DIR=... LIB_DIR=...'
-------------------------- [ERROR MESSAGE] ---------------------------
<stdin>:1:10: fatal error: 'git2.h' file not found
#include <git2.h>
         ^~~~~~~~
1 error generated.
----------------------------------------------------------------------
x86_64-apple-darwin13.4.0-clang++ -std=gnu++11 -I"$PREFIX/lib/R/include" -DNDEBUG  -I'$PREFIX/lib/R/library/cpp11/include' -D_FORTIFY_SOURCE=2 -isystem $PREFIX/include -mmacosx-version-min=10.9 -I$PREFIX/include   -fPIC  -march=core2 -mtune=haswell -mssse3 -ftree-vectorize -fPIC -fPIE -fstack-protector-strong -O2 -pipe -stdlib=libc++ -fvisibility-inlines-hidden  -fmessage-length=0 -isystem $PREFIX/include -fdebug-prefix-map=/Users/runner/miniforge3/conda-bld/r-base-split_1630154249442/work=/usr/local/src/conda/r-base-4.1.1 -fdebug-prefix-map=$PREFIX=/usr/local/src/conda-prefix  -c cpp11.cpp -o cpp11.o
x86_64-apple-darwin13.4.0-clang++ -std=gnu++11 -I"$PREFIX/lib/R/include" -DNDEBUG  -I'$PREFIX/lib/R/library/cpp11/include' -D_FORTIFY_SOURCE=2 -isystem $PREFIX/include -mmacosx-version-min=10.9 -I$PREFIX/include   -fPIC  -march=core2 -mtune=haswell -mssse3 -ftree-vectorize -fPIC -fPIE -fstack-protector-strong -O2 -pipe -stdlib=libc++ -fvisibility-inlines-hidden  -fmessage-length=0 -isystem $PREFIX/include -fdebug-prefix-map=/Users/runner/miniforge3/conda-bld/r-base-split_1630154249442/work=/usr/local/src/conda/r-base-4.1.1 -fdebug-prefix-map=$PREFIX=/usr/local/src/conda-prefix  -c escapeExamples.cpp -o escapeExamples.o
x86_64-apple-darwin13.4.0-clang++ -std=gnu++11 -I"$PREFIX/lib/R/include" -DNDEBUG  -I'$PREFIX/lib/R/library/cpp11/include' -D_FORTIFY_SOURCE=2 -isystem $PREFIX/include -mmacosx-version-min=10.9 -I$PREFIX/include   -fPIC  -march=core2 -mtune=haswell -mssse3 -ftree-vectorize -fPIC -fPIE -fstack-protector-strong -O2 -pipe -stdlib=libc++ -fvisibility-inlines-hidden  -fmessage-length=0 -isystem $PREFIX/include -fdebug-prefix-map=/Users/runner/miniforge3/conda-bld/r-base-split_1630154249442/work=/usr/local/src/conda/r-base-4.1.1 -fdebug-prefix-map=$PREFIX=/usr/local/src/conda-prefix  -c isComplete.cpp -o isComplete.o
x86_64-apple-darwin13.4.0-clang++ -std=gnu++11 -I"$PREFIX/lib/R/include" -DNDEBUG  -I'$PREFIX/lib/R/library/cpp11/include' -D_FORTIFY_SOURCE=2 -isystem $PREFIX/include -mmacosx-version-min=10.9 -I$PREFIX/include   -fPIC  -march=core2 -mtune=haswell -mssse3 -ftree-vectorize -fPIC -fPIE -fstack-protector-strong -O2 -pipe -stdlib=libc++ -fvisibility-inlines-hidden  -fmessage-length=0 -isystem $PREFIX/include -fdebug-prefix-map=/Users/runner/miniforge3/conda-bld/r-base-split_1630154249442/work=/usr/local/src/conda/r-base-4.1.1 -fdebug-prefix-map=$PREFIX=/usr/local/src/conda-prefix  -c leadingSpaces.cpp -o leadingSpaces.o
x86_64-apple-darwin13.4.0-clang++ -std=gnu++11 -I"$PREFIX/lib/R/include" -DNDEBUG  -I'$PREFIX/lib/R/library/cpp11/include' -D_FORTIFY_SOURCE=2 -isystem $PREFIX/include -mmacosx-version-min=10.9 -I$PREFIX/include   -fPIC  -march=core2 -mtune=haswell -mssse3 -ftree-vectorize -fPIC -fPIE -fstack-protector-strong -O2 -pipe -stdlib=libc++ -fvisibility-inlines-hidden  -fmessage-length=0 -isystem $PREFIX/include -fdebug-prefix-map=/Users/runner/miniforge3/conda-bld/r-base-split_1630154249442/work=/usr/local/src/conda/r-base-4.1.1 -fdebug-prefix-map=$PREFIX=/usr/local/src/conda-prefix  -c parser2.cpp -o parser2.o
x86_64-apple-darwin13.4.0-clang++ -std=gnu++11 -I"$PREFIX/lib/R/include" -DNDEBUG  -I'$PREFIX/lib/R/library/cpp11/include' -D_FORTIFY_SOURCE=2 -isystem $PREFIX/include -mmacosx-version-min=10.9 -I$PREFIX/include   -fPIC  -march=core2 -mtune=haswell -mssse3 -ftree-vectorize -fPIC -fPIE -fstack-protector-strong -O2 -pipe -stdlib=libc++ -fvisibility-inlines-hidden  -fmessage-length=0 -isystem $PREFIX/include -fdebug-prefix-map=/Users/runner/miniforge3/conda-bld/r-base-split_1630154249442/work=/usr/local/src/conda/r-base-4.1.1 -fdebug-prefix-map=$PREFIX=/usr/local/src/conda-prefix  -c wrapUsage.cpp -o wrapUsage.o
x86_64-apple-darwin13.4.0-clang++ -std=gnu++11 -dynamiclib -Wl,-headerpad_max_install_names -undefined dynamic_lookup -single_module -multiply_defined suppress -L$PREFIX/lib/R/lib -Wl,-dead_strip_dylibs -Wl,-pie -Wl,-headerpad_max_install_names -Wl,-dead_strip_dylibs -Wl,-rpath,$PREFIX/lib -L$PREFIX/lib -o roxygen2.dylib cpp11.o escapeExamples.o isComplete.o leadingSpaces.o parser2.o wrapUsage.o -L$PREFIX/lib/R/lib -lR -Wl,-framework -Wl,CoreFoundation

Leaving build/test directories:
  Work:
 /Users/runner/conda/conda-bld/work 
  Test:
 /Users/runner/conda/conda-bld/test_tmp 
Leaving build/test environments:
  Test:
source activate  /Users/runner/conda/conda-bld/_test_env_placehold_placehold_placehold_placehold_placehold_placehold_placehold_placehold_placehold_placehold_placehold_placehold_placehold_placehold_placehold_placehold_placehold_placehold_placehold_placehold_placehold_pla 
  Build:
source activate  /Users/runner/conda/conda-bld/_build_env 


