Updating build index: /home/vsts/conda/conda-bld

TEST START: /tmp/tmplzqor483/linux-64/scoop-0.7.1.1-py36_1.tar.bz2
Adding in variants from internal_defaults
Reloading output folder: /home/vsts/conda/conda-bld
Mamba failed to solve:
 - scoop 0.7.1.1.* py39_1
 - python
 - greenlet >=0.3.4
 - pyzmq >=13.1.0
 - libgcc
 - python

with channels:
 - file:///tmp/tmplzqor483

The reported errors are:
- Encountered problems while solving:
-   - nothing provides requested scoop 0.7.1.1.* py39_1
- 

Leaving build/test directories:
  Work:
 /home/vsts/conda/conda-bld/work 
  Test:
 /home/vsts/conda/conda-bld/test_tmp 
Leaving build/test environments:
  Test:
source activate  /home/vsts/conda/conda-bld/_test_env_placehold_placehold_placehold_placehold_placehold_placehold_placehold_placehold_placehold_placehold_placehold_placehold_placehold_placehold_placehold_placehold_placehold_placehold_placehold_placehold_placehold_placeh 
  Build:
source activate  /home/vsts/conda/conda-bld/_build_env 


