Updating build index: /home/vsts/conda/conda-bld

TEST START: /tmp/tmpslv9exyv/linux-64/imfusion-0.3.2-py36_0.tar.bz2
Adding in variants from internal_defaults
Reloading output folder: /home/vsts/conda/conda-bld
Mamba failed to solve:
 - imfusion 0.3.2.* py39_0
 - python
 - intervaltree
 - future
 - pandas
 - numexpr
 - pysam >=0.9.1
 - toolz
 - scipy
 - seaborn
 - pyfaidx >=0.4.8.1
 - pathlib2
 - htslib <1.4
 - htseq >=0.7.2
 - matplotlib
 - star
 - subread
 - stringtie
 - python

with channels:
 - file:///tmp/tmpslv9exyv

The reported errors are:
- Encountered problems while solving:
-   - nothing provides requested imfusion 0.3.2.* py39_0
- 

Leaving build/test directories:
  Work:
 /home/vsts/conda/conda-bld/work 
  Test:
 /home/vsts/conda/conda-bld/test_tmp 
Leaving build/test environments:
  Test:
source activate  /home/vsts/conda/conda-bld/_test_env_placehold_placehold_placehold_placehold_placehold_placehold_placehold_placehold_placehold_placehold_placehold_placehold_placehold_placehold_placehold_placehold_placehold_placehold_placehold_placehold_placehold_placeh 
  Build:
source activate  /home/vsts/conda/conda-bld/_build_env 


