Updating build index: /Users/runner/conda/conda-bld

TEST START: /var/folders/24/8k48jl6d249_n_qfxwsl6xvm0000gn/T/tmplrc1j47b/osx-64/imfusion-0.3.2-py36_0.tar.bz2
Adding in variants from internal_defaults
Reloading output folder: /Users/runner/conda/conda-bld
Mamba failed to solve:
 - imfusion 0.3.2.* py39_0
 - python
 - intervaltree
 - future
 - pandas
 - numexpr
 - pysam >=0.9.1
 - toolz
 - scipy
 - seaborn
 - pyfaidx >=0.4.8.1
 - pathlib2
 - htslib <1.4
 - htseq >=0.7.2
 - matplotlib
 - star
 - subread
 - stringtie
 - python

with channels:
 - file:///var/folders/24/8k48jl6d249_n_qfxwsl6xvm0000gn/T/tmplrc1j47b

The reported errors are:
- Encountered problems while solving:
-   - nothing provides requested imfusion 0.3.2.* py39_0
- 

Leaving build/test directories:
  Work:
 /Users/runner/conda/conda-bld/work 
  Test:
 /Users/runner/conda/conda-bld/test_tmp 
Leaving build/test environments:
  Test:
source activate  /Users/runner/conda/conda-bld/_test_env_placehold_placehold_placehold_placehold_placehold_placehold_placehold_placehold_placehold_placehold_placehold_placehold_placehold_placehold_placehold_placehold_placehold_placehold_placehold_placehold_placehold_pla 
  Build:
source activate  /Users/runner/conda/conda-bld/_build_env 


