Updating build index: /home/vsts/conda/conda-bld

TEST START: /tmp/tmpnvcyuq_p/linux-64/rapclust-0.1.2-py35_0.tar.bz2
Adding in variants from internal_defaults
Reloading output folder: /home/vsts/conda/conda-bld
Mamba failed to solve:
 - rapclust 0.1.2.* py39_0
 - python
 - pyyaml
 - click
 - networkx
 - numpy
 - pandas
 - tqdm
 - coloredlogs
 - python

with channels:
 - file:///tmp/tmpnvcyuq_p

The reported errors are:
- Encountered problems while solving:
-   - nothing provides requested rapclust 0.1.2.* py39_0
- 

Leaving build/test directories:
  Work:
 /home/vsts/conda/conda-bld/work 
  Test:
 /home/vsts/conda/conda-bld/test_tmp 
Leaving build/test environments:
  Test:
source activate  /home/vsts/conda/conda-bld/_test_env_placehold_placehold_placehold_placehold_placehold_placehold_placehold_placehold_placehold_placehold_placehold_placehold_placehold_placehold_placehold_placehold_placehold_placehold_placehold_placehold_placehold_placeh 
  Build:
source activate  /home/vsts/conda/conda-bld/_build_env 


