Updating build index: /Users/runner/conda/conda-bld

TEST START: /var/folders/24/8k48jl6d249_n_qfxwsl6xvm0000gn/T/tmpa6bjj6ys/osx-64/rapclust-0.1.2-py35_0.tar.bz2
Adding in variants from internal_defaults
Reloading output folder: /Users/runner/conda/conda-bld
Mamba failed to solve:
 - rapclust 0.1.2.* py39_0
 - python
 - pyyaml
 - click
 - networkx
 - numpy
 - pandas
 - tqdm
 - coloredlogs
 - python

with channels:
 - file:///var/folders/24/8k48jl6d249_n_qfxwsl6xvm0000gn/T/tmpa6bjj6ys

The reported errors are:
- Encountered problems while solving:
-   - nothing provides requested rapclust 0.1.2.* py39_0
- 

Leaving build/test directories:
  Work:
 /Users/runner/conda/conda-bld/work 
  Test:
 /Users/runner/conda/conda-bld/test_tmp 
Leaving build/test environments:
  Test:
source activate  /Users/runner/conda/conda-bld/_test_env_placehold_placehold_placehold_placehold_placehold_placehold_placehold_placehold_placehold_placehold_placehold_placehold_placehold_placehold_placehold_placehold_placehold_placehold_placehold_placehold_placehold_pla 
  Build:
source activate  /Users/runner/conda/conda-bld/_build_env 


