  Package                     Version  Build             Channel                       Size
─────────────────────────────────────────────────────────────────────────────────────────────
  Install:
─────────────────────────────────────────────────────────────────────────────────────────────

  + _libgcc_mutex                 0.1  conda_forge       conda-forge/linux-64        Cached
  + _openmp_mutex                 4.5  1_gnu             conda-forge/linux-64        Cached
  + libgcc-ng                  11.1.0  hc902ee8_8        conda-forge/linux-64        Cached
  + libgomp                    11.1.0  hc902ee8_8        conda-forge/linux-64        Cached
  + perl                       5.32.1  0_h7f98852_perl5  conda-forge/linux-64        Cached
  + perl-common-sense            3.74  0                 bioconda/linux-64             8 KB
  + perl-json                    2.90  1                 bioconda/linux-64            35 KB
  + perl-json-xs                 2.34  0                 bioconda/linux-64            47 KB
  + perl-threaded              5.26.0  0                 bioconda/linux-64             4 KB
  + rjchallis-assembly-stats    17.02  hdfd78af_0        /tmp/tmp76yezb16/noarch     114 KB

  Summary:

  Install: 10 packages

  Total download: 208 KB

─────────────────────────────────────────────────────────────────────────────────────────────

Updating build index: /home/vsts/conda/conda-bld

TEST START: /tmp/tmp76yezb16/noarch/rjchallis-assembly-stats-17.02-hdfd78af_0.tar.bz2

## Package Plan ##

  environment location: /home/vsts/conda/conda-bld/rjchallis-assembly-stats_1631260641451/_test_env_placehold_placehold_placehold_placehold_placehold_placehold_placehold_placehold_placehold_placehold_placehold_placehold_placehold_placehold_placehold_placehold_placehold_placeho


The following NEW packages will be INSTALLED:

    _libgcc_mutex:            0.1-conda_forge         conda-forge            
    _openmp_mutex:            4.5-1_gnu               conda-forge            
    libgcc-ng:                11.1.0-hc902ee8_8       conda-forge            
    libgomp:                  11.1.0-hc902ee8_8       conda-forge            
    perl:                     5.32.1-0_h7f98852_perl5 conda-forge            
    perl-common-sense:        3.74-0                  bioconda               
    perl-json:                2.90-1                  bioconda               
    perl-json-xs:             2.34-0                  bioconda               
    perl-threaded:            5.26.0-0                bioconda               
    rjchallis-assembly-stats: 17.02-hdfd78af_0        file:///tmp/tmp76yezb16

Preparing transaction: ...working... done
Verifying transaction: ...working... done
Executing transaction: ...working... done
export PREFIX=/home/vsts/conda/conda-bld/rjchallis-assembly-stats_1631260641451/_test_env_placehold_placehold_placehold_placehold_placehold_placehold_placehold_placehold_placehold_placehold_placehold_placehold_placehold_placehold_placehold_placehold_placehold_placeho
export SRC_DIR=/home/vsts/conda/conda-bld/rjchallis-assembly-stats_1631260641451/test_tmp

Leaving build/test directories:
  Work:
 /home/vsts/conda/conda-bld/work 
  Test:
 /home/vsts/conda/conda-bld/test_tmp 
Leaving build/test environments:
  Test:
source activate  /home/vsts/conda/conda-bld/_test_env_placehold_placehold_placehold_placehold_placehold_placehold_placehold_placehold_placehold_placehold_placehold_placehold_placehold_placehold_placehold_placehold_placehold_placehold_placehold_placehold_placehold_placeh 
  Build:
source activate  /home/vsts/conda/conda-bld/_build_env 


