  Package                     Version  Build             Channel                                                                   Size
─────────────────────────────────────────────────────────────────────────────────────────────────────────────────────────────────────────
  Install:
─────────────────────────────────────────────────────────────────────────────────────────────────────────────────────────────────────────

  + perl                       5.32.1  0_h0d85af4_perl5  conda-forge/osx-64                                                      Cached
  + perl-common-sense            3.74  0                 bioconda/osx-64                                                           8 KB
  + perl-json                    2.90  1                 bioconda/osx-64                                                          47 KB
  + perl-json-xs                 2.34  0                 bioconda/osx-64                                                          56 KB
  + perl-threaded              5.26.0  0                 bioconda/osx-64                                                           4 KB
  + rjchallis-assembly-stats    17.02  hdfd78af_0        /var/folders/24/8k48jl6d249_n_qfxwsl6xvm0000gn/T/tmpfr5oaq41/noarch     114 KB

  Summary:

  Install: 6 packages

  Total download: 229 KB

─────────────────────────────────────────────────────────────────────────────────────────────────────────────────────────────────────────

Updating build index: /Users/runner/conda/conda-bld

TEST START: /var/folders/24/8k48jl6d249_n_qfxwsl6xvm0000gn/T/tmpfr5oaq41/noarch/rjchallis-assembly-stats-17.02-hdfd78af_0.tar.bz2

## Package Plan ##

  environment location: /Users/runner/conda/conda-bld/rjchallis-assembly-stats_1632380372064/_test_env_placehold_placehold_placehold_placehold_placehold_placehold_placehold_placehold_placehold_placehold_placehold_placehold_placehold_placehold_placehold_placehold_placehold_plac


The following NEW packages will be INSTALLED:

    perl:                     5.32.1-0_h0d85af4_perl5 conda-forge                                                        
    perl-common-sense:        3.74-0                  bioconda                                                           
    perl-json:                2.90-1                  bioconda                                                           
    perl-json-xs:             2.34-0                  bioconda                                                           
    perl-threaded:            5.26.0-0                bioconda                                                           
    rjchallis-assembly-stats: 17.02-hdfd78af_0        file:///var/folders/24/8k48jl6d249_n_qfxwsl6xvm0000gn/T/tmpfr5oaq41

Preparing transaction: ...working... done
Verifying transaction: ...working... done
Executing transaction: ...working... done
export PREFIX=/Users/runner/conda/conda-bld/rjchallis-assembly-stats_1632380372064/_test_env_placehold_placehold_placehold_placehold_placehold_placehold_placehold_placehold_placehold_placehold_placehold_placehold_placehold_placehold_placehold_placehold_placehold_plac
export SRC_DIR=/Users/runner/conda/conda-bld/rjchallis-assembly-stats_1632380372064/test_tmp

Leaving build/test directories:
  Work:
 /Users/runner/conda/conda-bld/work 
  Test:
 /Users/runner/conda/conda-bld/test_tmp 
Leaving build/test environments:
  Test:
source activate  /Users/runner/conda/conda-bld/_test_env_placehold_placehold_placehold_placehold_placehold_placehold_placehold_placehold_placehold_placehold_placehold_placehold_placehold_placehold_placehold_placehold_placehold_placehold_placehold_placehold_placehold_pla 
  Build:
source activate  /Users/runner/conda/conda-bld/_build_env 


