Updating build index: /Users/runner/conda/conda-bld

TEST START: /var/folders/24/8k48jl6d249_n_qfxwsl6xvm0000gn/T/tmpcverochf/osx-64/perl-par-1.014-pl526_1.tar.bz2
Adding in variants from internal_defaults
Adding in variants from /var/folders/24/8k48jl6d249_n_qfxwsl6xvm0000gn/T/tmp2javymwd/info/recipe/conda_build_config.yaml
Reloading output folder: /Users/runner/conda/conda-bld
  Package                    Version  Build            Channel                                                                   Size
───────────────────────────────────────────────────────────────────────────────────────────────────────────────────────────────────────
  Install:
───────────────────────────────────────────────────────────────────────────────────────────────────────────────────────────────────────

  + libcxx                    12.0.1  habf9029_0       conda-forge/osx-64                                                      Cached
  + perl                      5.26.2  hbcb3906_1008    conda-forge/osx-64                                                       14 MB
  + perl-app-cpanminus        1.7044  pl526_1          bioconda/osx-64                                                         235 KB
  + perl-archive-zip            1.64  pl526_0          bioconda/osx-64                                                          57 KB
  + perl-carp                   1.38  pl526_3          bioconda/osx-64                                                          15 KB
  + perl-compress-raw-zlib     2.087  pl526h770b8ee_0  bioconda/osx-64                                                          71 KB
  + perl-constant               1.33  pl526_1          bioconda/osx-64                                                          10 KB
  + perl-exporter               5.72  pl526_1          bioconda/osx-64                                                          13 KB
  + perl-extutils-makemaker     7.36  pl526_1          bioconda/osx-64                                                         153 KB
  + perl-file-find              1.27  pl526_1          bioconda/osx-64                                                           4 KB
  + perl-file-path              2.16  pl526_0          bioconda/osx-64                                                          17 KB
  + perl-file-temp            0.2304  pl526_2          bioconda/osx-64                                                          26 KB
  + perl-par                   1.014  pl526_1          /var/folders/24/8k48jl6d249_n_qfxwsl6xvm0000gn/T/tmpcverochf/osx-64      49 KB
  + perl-par-dist               0.49  pl526_1          bioconda/osx-64                                                          20 KB
  + perl-parent                0.236  pl526_1          bioconda/osx-64                                                           6 KB
  + perl-time-local             1.28  pl526_1          bioconda/osx-64                                                          10 KB

  Summary:

  Install: 16 packages

  Total download: 15 MB

───────────────────────────────────────────────────────────────────────────────────────────────────────────────────────────────────────


## Package Plan ##

  environment location: /Users/runner/conda/conda-bld/perl-par_1635551008327/_test_env_placehold_placehold_placehold_placehold_placehold_placehold_placehold_placehold_placehold_placehold_placehold_placehold_placehold_placehold_placehold_placehold_placehold_placehold_placehold_


The following NEW packages will be INSTALLED:

    libcxx:                  12.0.1-habf9029_0     conda-forge                                                        
    perl:                    5.26.2-hbcb3906_1008  conda-forge                                                        
    perl-app-cpanminus:      1.7044-pl526_1        bioconda                                                           
    perl-archive-zip:        1.64-pl526_0          bioconda                                                           
    perl-carp:               1.38-pl526_3          bioconda                                                           
    perl-compress-raw-zlib:  2.087-pl526h770b8ee_0 bioconda                                                           
    perl-constant:           1.33-pl526_1          bioconda                                                           
    perl-exporter:           5.72-pl526_1          bioconda                                                           
    perl-extutils-makemaker: 7.36-pl526_1          bioconda                                                           
    perl-file-find:          1.27-pl526_1          bioconda                                                           
    perl-file-path:          2.16-pl526_0          bioconda                                                           
    perl-file-temp:          0.2304-pl526_2        bioconda                                                           
    perl-par:                1.014-pl526_1         file:///var/folders/24/8k48jl6d249_n_qfxwsl6xvm0000gn/T/tmpcverochf
    perl-par-dist:           0.49-pl526_1          bioconda                                                           
    perl-parent:             0.236-pl526_1         bioconda                                                           
    perl-time-local:         1.28-pl526_1          bioconda                                                           

Preparing transaction: ...working... done
Verifying transaction: ...working... done
Executing transaction: ...working... done
export PREFIX=/Users/runner/conda/conda-bld/perl-par_1635551008327/_test_env_placehold_placehold_placehold_placehold_placehold_placehold_placehold_placehold_placehold_placehold_placehold_placehold_placehold_placehold_placehold_placehold_placehold_placehold_placehold_
export SRC_DIR=/Users/runner/conda/conda-bld/perl-par_1635551008327/test_tmp

Leaving build/test directories:
  Work:
 /Users/runner/conda/conda-bld/work 
  Test:
 /Users/runner/conda/conda-bld/test_tmp 
Leaving build/test environments:
  Test:
source activate  /Users/runner/conda/conda-bld/_test_env_placehold_placehold_placehold_placehold_placehold_placehold_placehold_placehold_placehold_placehold_placehold_placehold_placehold_placehold_placehold_placehold_placehold_placehold_placehold_placehold_placehold_pla 
  Build:
source activate  /Users/runner/conda/conda-bld/_build_env 


