Updating build index: /home/vsts/conda/conda-bld

TEST START: /tmp/tmpuokk0clp/linux-64/wtforms-components-0.10.0-py36_0.tar.bz2
Adding in variants from internal_defaults
Reloading output folder: /home/vsts/conda/conda-bld
Mamba failed to solve:
 - wtforms-components 0.10.0.* py39_0
 - python
 - wtforms >=1.0.4
 - six >=1.4.1
 - validators >=0.5.0
 - intervals >=0.6.0
 - phonenumbers
 - python

with channels:
 - file:///tmp/tmpuokk0clp

The reported errors are:
   Encountered problems while solving:
     - nothing provides requested wtforms-components 0.10.0.* py39_0
   

Leaving build/test directories:
  Work:
 /home/vsts/conda/conda-bld/work 
  Test:
 /home/vsts/conda/conda-bld/test_tmp 
Leaving build/test environments:
  Test:
source activate  /home/vsts/conda/conda-bld/_test_env_placehold_placehold_placehold_placehold_placehold_placehold_placehold_placehold_placehold_placehold_placehold_placehold_placehold_placehold_placehold_placehold_placehold_placehold_placehold_placehold_placehold_placeh 
  Build:
source activate  /home/vsts/conda/conda-bld/_build_env 


