Updating build index: /Users/runner/conda/conda-bld

TEST START: /var/folders/24/8k48jl6d249_n_qfxwsl6xvm0000gn/T/tmprnpblk_k/osx-64/wtforms-components-0.10.0-py36_0.tar.bz2
Adding in variants from internal_defaults
Reloading output folder: /Users/runner/conda/conda-bld
Mamba failed to solve:
 - wtforms-components 0.10.0.* py39_0
 - python
 - wtforms >=1.0.4
 - six >=1.4.1
 - validators >=0.5.0
 - intervals >=0.6.0
 - phonenumbers
 - python

with channels:
 - file:///var/folders/24/8k48jl6d249_n_qfxwsl6xvm0000gn/T/tmprnpblk_k

The reported errors are:
   Encountered problems while solving:
     - nothing provides requested wtforms-components 0.10.0.* py39_0
   

Leaving build/test directories:
  Work:
 /Users/runner/conda/conda-bld/work 
  Test:
 /Users/runner/conda/conda-bld/test_tmp 
Leaving build/test environments:
  Test:
source activate  /Users/runner/conda/conda-bld/_test_env_placehold_placehold_placehold_placehold_placehold_placehold_placehold_placehold_placehold_placehold_placehold_placehold_placehold_placehold_placehold_placehold_placehold_placehold_placehold_placehold_placehold_pla 
  Build:
source activate  /Users/runner/conda/conda-bld/_build_env 


