Updating build index: /Users/runner/conda/conda-bld

TEST START: /var/folders/24/8k48jl6d249_n_qfxwsl6xvm0000gn/T/tmp_gvbzaay/noarch/graphclust-wrappers-0.6.0-2.tar.bz2
Adding in variants from internal_defaults
Adding in variants from /var/folders/24/8k48jl6d249_n_qfxwsl6xvm0000gn/T/tmpajwe15uw/info/recipe/conda_build_config.yaml
Reloading output folder: /Users/runner/conda/conda-bld
  Package                  Version  Build               Channel                                                                   Size
────────────────────────────────────────────────────────────────────────────────────────────────────────────────────────────────────────
  Install:
────────────────────────────────────────────────────────────────────────────────────────────────────────────────────────────────────────

  + biopython                 1.70  py36_2              conda-forge/osx-64                                                        2 MB
  + ca-certificates      2021.10.8  h033912b_0          conda-forge/osx-64                                                      Cached
  + graphclust-wrappers      0.6.0  2                   /var/folders/24/8k48jl6d249_n_qfxwsl6xvm0000gn/T/tmp_gvbzaay/noarch      78 KB
  + libblas                  3.9.0  12_osx64_openblas   conda-forge/osx-64                                                      Cached
  + libcblas                 3.9.0  12_osx64_openblas   conda-forge/osx-64                                                      Cached
  + libcxx                  12.0.1  habf9029_0          conda-forge/osx-64                                                      Cached
  + libffi                   3.4.2  he49afe7_4          conda-forge/osx-64                                                      Cached
  + libgfortran              5.0.0  9_3_0_h6c81a4c_23   conda-forge/osx-64                                                      Cached
  + libgfortran5             9.3.0  h6c81a4c_23         conda-forge/osx-64                                                      Cached
  + liblapack                3.9.0  12_osx64_openblas   conda-forge/osx-64                                                      Cached
  + libopenblas             0.3.18  openmp_h3351f45_0   conda-forge/osx-64                                                      Cached
  + libzlib                 1.2.11  h9173be1_1013       conda-forge/osx-64                                                      Cached
  + llvm-openmp             12.0.1  hda6cdc1_1          conda-forge/osx-64                                                      Cached
  + ncurses                    6.2  h2e338ed_4          conda-forge/osx-64                                                      Cached
  + numpy                   1.19.5  py36h08b5fde_2      conda-forge/osx-64                                                        5 MB
  + openssl                 1.1.1l  h0d85af4_0          conda-forge/osx-64                                                      Cached
  + pandas                  0.23.0  py36_1              conda-forge/osx-64                                                       12 MB
  + perl                    5.32.1  1_h0d85af4_perl5    conda-forge/osx-64                                                       13 MB
  + perl-array-utils           0.5  0                   bioconda/osx-64                                                           5 KB
  + perl-math-round           0.07  0                   bioconda/osx-64                                                           7 KB
  + perl-threaded           5.26.0  0                   bioconda/osx-64                                                           4 KB
  + pip                     21.3.1  pyhd8ed1ab_0        conda-forge/noarch                                                      Cached
  + python                  3.6.13  haf480d7_2_cpython  conda-forge/osx-64                                                       21 MB
  + python-dateutil          2.8.2  pyhd8ed1ab_0        conda-forge/noarch                                                      240 KB
  + python_abi                 3.6  2_cp36m             conda-forge/osx-64                                                        4 KB
  + pytz                    2021.3  pyhd8ed1ab_0        conda-forge/noarch                                                      Cached
  + readline                   8.1  h05e3726_0          conda-forge/osx-64                                                      Cached
  + setuptools              58.0.4  py36h79c6626_2      conda-forge/osx-64                                                      960 KB
  + six                     1.16.0  pyh6c4a22f_0        conda-forge/noarch                                                      Cached
  + sqlite                  3.36.0  h23a322b_2          conda-forge/osx-64                                                      Cached
  + tk                      8.6.11  h5dbffcc_1          conda-forge/osx-64                                                      Cached
  + wheel                   0.37.0  pyhd8ed1ab_1        conda-forge/noarch                                                      Cached
  + xz                       5.2.5  haf1e3a3_1          conda-forge/osx-64                                                      Cached
  + zlib                    1.2.11  h9173be1_1013       conda-forge/osx-64                                                      Cached

  Summary:

  Install: 34 packages

  Total download: 54 MB

────────────────────────────────────────────────────────────────────────────────────────────────────────────────────────────────────────


## Package Plan ##

  environment location: /Users/runner/conda/conda-bld/graphclust-wrappers_1635044075332/_test_env_placehold_placehold_placehold_placehold_placehold_placehold_placehold_placehold_placehold_placehold_placehold_placehold_placehold_placehold_placehold_placehold_placehold_placehold


The following NEW packages will be INSTALLED:

    biopython:           1.70-py36_2               conda-forge                                                        
    ca-certificates:     2021.10.8-h033912b_0      conda-forge                                                        
    graphclust-wrappers: 0.6.0-2                   file:///var/folders/24/8k48jl6d249_n_qfxwsl6xvm0000gn/T/tmp_gvbzaay
    libblas:             3.9.0-12_osx64_openblas   conda-forge                                                        
    libcblas:            3.9.0-12_osx64_openblas   conda-forge                                                        
    libcxx:              12.0.1-habf9029_0         conda-forge                                                        
    libffi:              3.4.2-he49afe7_4          conda-forge                                                        
    libgfortran:         5.0.0-9_3_0_h6c81a4c_23   conda-forge                                                        
    libgfortran5:        9.3.0-h6c81a4c_23         conda-forge                                                        
    liblapack:           3.9.0-12_osx64_openblas   conda-forge                                                        
    libopenblas:         0.3.18-openmp_h3351f45_0  conda-forge                                                        
    libzlib:             1.2.11-h9173be1_1013      conda-forge                                                        
    llvm-openmp:         12.0.1-hda6cdc1_1         conda-forge                                                        
    ncurses:             6.2-h2e338ed_4            conda-forge                                                        
    numpy:               1.19.5-py36h08b5fde_2     conda-forge                                                        
    openssl:             1.1.1l-h0d85af4_0         conda-forge                                                        
    pandas:              0.23.0-py36_1             conda-forge                                                        
    perl:                5.32.1-1_h0d85af4_perl5   conda-forge                                                        
    perl-array-utils:    0.5-0                     bioconda                                                           
    perl-math-round:     0.07-0                    bioconda                                                           
    perl-threaded:       5.26.0-0                  bioconda                                                           
    pip:                 21.3.1-pyhd8ed1ab_0       conda-forge                                                        
    python:              3.6.13-haf480d7_2_cpython conda-forge                                                        
    python-dateutil:     2.8.2-pyhd8ed1ab_0        conda-forge                                                        
    python_abi:          3.6-2_cp36m               conda-forge                                                        
    pytz:                2021.3-pyhd8ed1ab_0       conda-forge                                                        
    readline:            8.1-h05e3726_0            conda-forge                                                        
    setuptools:          58.0.4-py36h79c6626_2     conda-forge                                                        
    six:                 1.16.0-pyh6c4a22f_0       conda-forge                                                        
    sqlite:              3.36.0-h23a322b_2         conda-forge                                                        
    tk:                  8.6.11-h5dbffcc_1         conda-forge                                                        
    wheel:               0.37.0-pyhd8ed1ab_1       conda-forge                                                        
    xz:                  5.2.5-haf1e3a3_1          conda-forge                                                        
    zlib:                1.2.11-h9173be1_1013      conda-forge                                                        

Preparing transaction: ...working... done
Verifying transaction: ...working... done
Executing transaction: ...working... done
export PREFIX=/Users/runner/conda/conda-bld/graphclust-wrappers_1635044075332/_test_env_placehold_placehold_placehold_placehold_placehold_placehold_placehold_placehold_placehold_placehold_placehold_placehold_placehold_placehold_placehold_placehold_placehold_placehold
export SRC_DIR=/Users/runner/conda/conda-bld/graphclust-wrappers_1635044075332/test_tmp

Leaving build/test directories:
  Work:
 /Users/runner/conda/conda-bld/work 
  Test:
 /Users/runner/conda/conda-bld/test_tmp 
Leaving build/test environments:
  Test:
source activate  /Users/runner/conda/conda-bld/_test_env_placehold_placehold_placehold_placehold_placehold_placehold_placehold_placehold_placehold_placehold_placehold_placehold_placehold_placehold_placehold_placehold_placehold_placehold_placehold_placehold_placehold_pla 
  Build:
source activate  /Users/runner/conda/conda-bld/_build_env 


