Updating build index: /home/vsts/conda/conda-bld

TEST START: /tmp/tmpr69yomae/linux-64/illuminate-0.6.3-py36_0.tar.bz2
Adding in variants from internal_defaults
Reloading output folder: /home/vsts/conda/conda-bld
Mamba failed to solve:
 - illuminate 0.6.3.* py39_0
 - python
 - bitstring >=3.1.0
 - docopt
 - numpy >=1.6.2
 - pandas >=0.14
 - openpyxl 1.8.6.*
 - xmltodict
 - python

with channels:
 - file:///tmp/tmpr69yomae

The reported errors are:
- Encountered problems while solving:
-   - nothing provides requested illuminate 0.6.3.* py39_0
- 

Leaving build/test directories:
  Work:
 /home/vsts/conda/conda-bld/work 
  Test:
 /home/vsts/conda/conda-bld/test_tmp 
Leaving build/test environments:
  Test:
source activate  /home/vsts/conda/conda-bld/_test_env_placehold_placehold_placehold_placehold_placehold_placehold_placehold_placehold_placehold_placehold_placehold_placehold_placehold_placehold_placehold_placehold_placehold_placehold_placehold_placehold_placehold_placeh 
  Build:
source activate  /home/vsts/conda/conda-bld/_build_env 


