Updating build index: /Users/runner/conda/conda-bld

TEST START: /var/folders/24/8k48jl6d249_n_qfxwsl6xvm0000gn/T/tmpvqgibvpo/osx-64/perl-lwp-simple-6.15-pl526h470a237_4.tar.bz2
Reloading output folder: /Users/runner/conda/conda-bld
  Package                         Version  Build            Channel                                                                   Size
────────────────────────────────────────────────────────────────────────────────────────────────────────────────────────────────────────────
  Install:
────────────────────────────────────────────────────────────────────────────────────────────────────────────────────────────────────────────

  + ca-certificates             2021.10.8  h033912b_0       conda-forge/osx-64                                                      Cached
  + libcxx                         12.0.1  habf9029_0       conda-forge/osx-64                                                      Cached
  + libzlib                        1.2.11  h9173be1_1013    conda-forge/osx-64                                                      Cached
  + openssl                        1.1.1l  h0d85af4_0       conda-forge/osx-64                                                      Cached
  + perl                           5.26.2  hbcb3906_1008    conda-forge/osx-64                                                      Cached
  + perl-base                        2.23  pl526_1          bioconda/osx-64                                                          10 KB
  + perl-business-isbn              3.004  pl526_0          bioconda/osx-64                                                          15 KB
  + perl-business-isbn-data  20140910.003  pl526_0          bioconda/osx-64                                                          15 KB
  + perl-carp                        1.38  pl526_3          bioconda/osx-64                                                          15 KB
  + perl-compress-raw-zlib          2.087  pl526h770b8ee_0  bioconda/osx-64                                                          71 KB
  + perl-constant                    1.33  pl526_1          bioconda/osx-64                                                          10 KB
  + perl-data-dumper                2.173  pl526_0          bioconda/osx-64                                                          34 KB
  + perl-digest-hmac                 1.03  pl526_3          bioconda/osx-64                                                           9 KB
  + perl-digest-md5                  2.55  pl526_0          bioconda/osx-64                                                          17 KB
  + perl-encode                      2.88  pl526_1          bioconda/osx-64                                                           1 MB
  + perl-encode-locale               1.05  pl526_6          bioconda/osx-64                                                          11 KB
  + perl-exporter                    5.72  pl526_1          bioconda/osx-64                                                          13 KB
  + perl-extutils-makemaker          7.36  pl526_1          bioconda/osx-64                                                         153 KB
  + perl-file-listing                6.04  pl526_1          bioconda/osx-64                                                          10 KB
  + perl-html-parser                 3.72  pl526h04f5b5a_5  bioconda/osx-64                                                          64 KB
  + perl-html-tagset                 3.20  pl526_3          bioconda/osx-64                                                          12 KB
  + perl-http-cookies                6.04  pl526_0          bioconda/osx-64                                                          19 KB
  + perl-http-daemon                 6.01  pl526_1          bioconda/osx-64                                                          15 KB
  + perl-http-date                   6.02  pl526_3          bioconda/osx-64                                                          10 KB
  + perl-http-message                6.18  pl526_0          bioconda/osx-64                                                          51 KB
  + perl-http-negotiate              6.01  pl526_3          bioconda/osx-64                                                          13 KB
  + perl-io-html                    1.001  pl526_2          bioconda/osx-64                                                          13 KB
  + perl-io-socket-ssl              2.066  pl526_0          bioconda/osx-64                                                         151 KB
  + perl-libwww-perl                 6.39  pl526_0          bioconda/noarch                                                          94 KB
  + perl-lwp-mediatypes              6.04  pl526_0          bioconda/osx-64                                                          22 KB
  + perl-lwp-simple                  6.15  pl526h470a237_4  /var/folders/24/8k48jl6d249_n_qfxwsl6xvm0000gn/T/tmpvqgibvpo/osx-64       4 KB
  + perl-mime-base64                 3.15  pl526_1          bioconda/osx-64                                                          14 KB
  + perl-net-http                    6.19  pl526_0          bioconda/noarch                                                          19 KB
  + perl-net-ssleay                  1.88  pl526hb1dc21d_0  bioconda/osx-64                                                         277 KB
  + perl-ntlm                        1.09  pl526_4          bioconda/osx-64                                                          14 KB
  + perl-parent                     0.236  pl526_1          bioconda/osx-64                                                           6 KB
  + perl-storable                    3.15  pl526h1de35cc_0  bioconda/osx-64                                                          56 KB
  + perl-time-local                  1.28  pl526_1          bioconda/osx-64                                                          10 KB
  + perl-try-tiny                    0.30  pl526_1          bioconda/osx-64                                                          16 KB
  + perl-uri                         1.76  pl526_0          bioconda/osx-64                                                          55 KB
  + perl-www-robotrules              6.02  pl526_3          bioconda/osx-64                                                          12 KB
  + perl-xsloader                    0.24  pl526_0          bioconda/osx-64                                                           8 KB
  + zlib                           1.2.11  h9173be1_1013    conda-forge/osx-64                                                      Cached

  Summary:

  Install: 43 packages

  Total download: 3 MB

────────────────────────────────────────────────────────────────────────────────────────────────────────────────────────────────────────────


## Package Plan ##

  environment location: /Users/runner/conda/conda-bld/perl-lwp-simple_1635448505046/_test_env_placehold_placehold_placehold_placehold_placehold_placehold_placehold_placehold_placehold_placehold_placehold_placehold_placehold_placehold_placehold_placehold_placehold_placehold_pla


The following NEW packages will be INSTALLED:

    ca-certificates:         2021.10.8-h033912b_0  conda-forge                                                        
    libcxx:                  12.0.1-habf9029_0     conda-forge                                                        
    libzlib:                 1.2.11-h9173be1_1013  conda-forge                                                        
    openssl:                 1.1.1l-h0d85af4_0     conda-forge                                                        
    perl:                    5.26.2-hbcb3906_1008  conda-forge                                                        
    perl-base:               2.23-pl526_1          bioconda                                                           
    perl-business-isbn:      3.004-pl526_0         bioconda                                                           
    perl-business-isbn-data: 20140910.003-pl526_0  bioconda                                                           
    perl-carp:               1.38-pl526_3          bioconda                                                           
    perl-compress-raw-zlib:  2.087-pl526h770b8ee_0 bioconda                                                           
    perl-constant:           1.33-pl526_1          bioconda                                                           
    perl-data-dumper:        2.173-pl526_0         bioconda                                                           
    perl-digest-hmac:        1.03-pl526_3          bioconda                                                           
    perl-digest-md5:         2.55-pl526_0          bioconda                                                           
    perl-encode:             2.88-pl526_1          bioconda                                                           
    perl-encode-locale:      1.05-pl526_6          bioconda                                                           
    perl-exporter:           5.72-pl526_1          bioconda                                                           
    perl-extutils-makemaker: 7.36-pl526_1          bioconda                                                           
    perl-file-listing:       6.04-pl526_1          bioconda                                                           
    perl-html-parser:        3.72-pl526h04f5b5a_5  bioconda                                                           
    perl-html-tagset:        3.20-pl526_3          bioconda                                                           
    perl-http-cookies:       6.04-pl526_0          bioconda                                                           
    perl-http-daemon:        6.01-pl526_1          bioconda                                                           
    perl-http-date:          6.02-pl526_3          bioconda                                                           
    perl-http-message:       6.18-pl526_0          bioconda                                                           
    perl-http-negotiate:     6.01-pl526_3          bioconda                                                           
    perl-io-html:            1.001-pl526_2         bioconda                                                           
    perl-io-socket-ssl:      2.066-pl526_0         bioconda                                                           
    perl-libwww-perl:        6.39-pl526_0          bioconda                                                           
    perl-lwp-mediatypes:     6.04-pl526_0          bioconda                                                           
    perl-lwp-simple:         6.15-pl526h470a237_4  file:///var/folders/24/8k48jl6d249_n_qfxwsl6xvm0000gn/T/tmpvqgibvpo
    perl-mime-base64:        3.15-pl526_1          bioconda                                                           
    perl-net-http:           6.19-pl526_0          bioconda                                                           
    perl-net-ssleay:         1.88-pl526hb1dc21d_0  bioconda                                                           
    perl-ntlm:               1.09-pl526_4          bioconda                                                           
    perl-parent:             0.236-pl526_1         bioconda                                                           
    perl-storable:           3.15-pl526h1de35cc_0  bioconda                                                           
    perl-time-local:         1.28-pl526_1          bioconda                                                           
    perl-try-tiny:           0.30-pl526_1          bioconda                                                           
    perl-uri:                1.76-pl526_0          bioconda                                                           
    perl-www-robotrules:     6.02-pl526_3          bioconda                                                           
    perl-xsloader:           0.24-pl526_0          bioconda                                                           
    zlib:                    1.2.11-h9173be1_1013  conda-forge                                                        

Preparing transaction: ...working... done
Verifying transaction: ...working... done
Executing transaction: ...working... done
export PREFIX=/Users/runner/conda/conda-bld/perl-lwp-simple_1635448505046/_test_env_placehold_placehold_placehold_placehold_placehold_placehold_placehold_placehold_placehold_placehold_placehold_placehold_placehold_placehold_placehold_placehold_placehold_placehold_pla
export SRC_DIR=/Users/runner/conda/conda-bld/perl-lwp-simple_1635448505046/test_tmp
import: LWP::Simple

Leaving build/test directories:
  Work:
 /Users/runner/conda/conda-bld/work 
  Test:
 /Users/runner/conda/conda-bld/test_tmp 
Leaving build/test environments:
  Test:
source activate  /Users/runner/conda/conda-bld/_test_env_placehold_placehold_placehold_placehold_placehold_placehold_placehold_placehold_placehold_placehold_placehold_placehold_placehold_placehold_placehold_placehold_placehold_placehold_placehold_placehold_placehold_pla 
  Build:
source activate  /Users/runner/conda/conda-bld/_build_env 


