Updating build index: /home/vsts/conda/conda-bld

TEST START: /tmp/tmppgc8wrs8/linux-64/metawrap-0.0.2-py36_0.tar.bz2
Adding in variants from internal_defaults
Source cache directory is: /home/vsts/conda/conda-bld/src_cache
Downloading source to cache: metawrap-0.0.2_1552bb2495.tar.gz
Downloading https://pypi.io/packages/source/m/metawrap/metawrap-0.0.2.tar.gz
Success
Extracting download
Renaming work directory '/home/vsts/conda/conda-bld/work' to '/home/vsts/conda/conda-bld/metawrap_1633664890052/work_moved_metawrap-0.0.2-py36_0_linux-64'
shutil.move(work)=/home/vsts/conda/conda-bld/work, dest=/home/vsts/conda/conda-bld/metawrap_1633664890052/work_moved_metawrap-0.0.2-py36_0_linux-64)

Leaving build/test directories:
  Work:
 /home/vsts/conda/conda-bld/work 
  Test:
 /home/vsts/conda/conda-bld/test_tmp 
Leaving build/test environments:
  Test:
source activate  /home/vsts/conda/conda-bld/_test_env_placehold_placehold_placehold_placehold_placehold_placehold_placehold_placehold_placehold_placehold_placehold_placehold_placehold_placehold_placehold_placehold_placehold_placehold_placehold_placehold_placehold_placeh 
  Build:
source activate  /home/vsts/conda/conda-bld/_build_env 


