Updating build index: /Users/runner/conda/conda-bld

TEST START: /var/folders/24/8k48jl6d249_n_qfxwsl6xvm0000gn/T/tmpu6o7dd5l/osx-64/metawrap-0.0.2-py36_0.tar.bz2
Adding in variants from internal_defaults
Source cache directory is: /Users/runner/conda/conda-bld/src_cache
Downloading source to cache: metawrap-0.0.2_1552bb2495.tar.gz
Downloading https://pypi.io/packages/source/m/metawrap/metawrap-0.0.2.tar.gz
Success
Extracting download
Renaming work directory '/Users/runner/conda/conda-bld/work' to '/Users/runner/conda/conda-bld/metawrap_1633664944546/work_moved_metawrap-0.0.2-py36_0_osx-64'
shutil.move(work)=/Users/runner/conda/conda-bld/work, dest=/Users/runner/conda/conda-bld/metawrap_1633664944546/work_moved_metawrap-0.0.2-py36_0_osx-64)

Leaving build/test directories:
  Work:
 /Users/runner/conda/conda-bld/work 
  Test:
 /Users/runner/conda/conda-bld/test_tmp 
Leaving build/test environments:
  Test:
source activate  /Users/runner/conda/conda-bld/_test_env_placehold_placehold_placehold_placehold_placehold_placehold_placehold_placehold_placehold_placehold_placehold_placehold_placehold_placehold_placehold_placehold_placehold_placehold_placehold_placehold_placehold_pla 
  Build:
source activate  /Users/runner/conda/conda-bld/_build_env 


