Updating build index: /Users/runner/conda/conda-bld

TEST START: /var/folders/24/8k48jl6d249_n_qfxwsl6xvm0000gn/T/tmp3bbg06qr/noarch/sphinxcontrib-programoutput-0.16-pyh9f0ad1d_0.tar.bz2
Reloading output folder: /Users/runner/conda/conda-bld

## Package Plan ##

  environment location: /Users/runner/conda/conda-bld/sphinxcontrib-programoutput_1636332353133/_test_env_placehold_placehold_placehold_placehold_placehold_placehold_placehold_placehold_placehold_placehold_placehold_placehold_placehold_placehold_placehold_placehold_placehold_p


The following NEW packages will be INSTALLED:

    alabaster:                     0.7.12-py_0               conda-forge                                                        
    babel:                         2.9.1-pyh44b312d_0        conda-forge                                                        
    brotlipy:                      0.7.0-py310he24745e_1003  conda-forge                                                        
    bzip2:                         1.0.8-h0d85af4_4          conda-forge                                                        
    ca-certificates:               2021.10.8-h033912b_0      conda-forge                                                        
    certifi:                       2021.10.8-py310h2ec42d9_1 conda-forge                                                        
    cffi:                          1.15.0-py310hcc37b68_0    conda-forge                                                        
    chardet:                       4.0.0-py310h2ec42d9_2     conda-forge                                                        
    charset-normalizer:            2.0.0-pyhd8ed1ab_0        conda-forge                                                        
    colorama:                      0.4.4-pyh9f0ad1d_0        conda-forge                                                        
    cryptography:                  35.0.0-py310ha82f1d4_2    conda-forge                                                        
    docutils:                      0.18-py310h2ec42d9_1      conda-forge                                                        
    idna:                          3.1-pyhd3deb0d_0          conda-forge                                                        
    imagesize:                     1.2.0-py_0                conda-forge                                                        
    jinja2:                        3.0.2-pyhd8ed1ab_0        conda-forge                                                        
    libcxx:                        12.0.1-habf9029_0         conda-forge                                                        
    libffi:                        3.4.2-he49afe7_4          conda-forge                                                        
    libzlib:                       1.2.11-h9173be1_1013      conda-forge                                                        
    markupsafe:                    2.0.1-py310he24745e_1     conda-forge                                                        
    ncurses:                       6.2-h2e338ed_4            conda-forge                                                        
    openssl:                       1.1.1l-h0d85af4_0         conda-forge                                                        
    packaging:                     21.2-pyhd8ed1ab_1         conda-forge                                                        
    pip:                           21.3.1-pyhd8ed1ab_0       conda-forge                                                        
    pycparser:                     2.21-pyhd8ed1ab_0         conda-forge                                                        
    pygments:                      2.10.0-pyhd8ed1ab_0       conda-forge                                                        
    pyopenssl:                     21.0.0-pyhd8ed1ab_0       conda-forge                                                        
    pyparsing:                     2.4.7-pyhd8ed1ab_1        conda-forge                                                        
    pysocks:                       1.7.1-py310h2ec42d9_4     conda-forge                                                        
    python:                        3.10.0-h1248fe1_2_cpython conda-forge                                                        
    python_abi:                    3.10-2_cp310              conda-forge                                                        
    pytz:                          2021.3-pyhd8ed1ab_0       conda-forge                                                        
    readline:                      8.1-h05e3726_0            conda-forge                                                        
    requests:                      2.26.0-pyhd8ed1ab_0       conda-forge                                                        
    setuptools:                    58.5.3-py310h2ec42d9_0    conda-forge                                                        
    six:                           1.16.0-pyh6c4a22f_0       conda-forge                                                        
    snowballstemmer:               2.1.0-pyhd8ed1ab_0        conda-forge                                                        
    sphinx:                        3.5.3-pyhd8ed1ab_0        conda-forge                                                        
    sphinxcontrib-applehelp:       1.0.2-py_0                conda-forge                                                        
    sphinxcontrib-devhelp:         1.0.2-py_0                conda-forge                                                        
    sphinxcontrib-htmlhelp:        2.0.0-pyhd8ed1ab_0        conda-forge                                                        
    sphinxcontrib-jsmath:          1.0.1-py_0                conda-forge                                                        
    sphinxcontrib-programoutput:   0.16-pyh9f0ad1d_0         file:///var/folders/24/8k48jl6d249_n_qfxwsl6xvm0000gn/T/tmp3bbg06qr
    sphinxcontrib-qthelp:          1.0.3-py_0                conda-forge                                                        
    sphinxcontrib-serializinghtml: 1.1.5-pyhd8ed1ab_0        conda-forge                                                        
    sqlite:                        3.36.0-h23a322b_2         conda-forge                                                        
    tk:                            8.6.11-h5dbffcc_1         conda-forge                                                        
    tzdata:                        2021e-he74cb21_0          conda-forge                                                        
    urllib3:                       1.26.7-pyhd8ed1ab_0       conda-forge                                                        
    wheel:                         0.37.0-pyhd8ed1ab_1       conda-forge                                                        
    xz:                            5.2.5-haf1e3a3_1          conda-forge                                                        
    zlib:                          1.2.11-h9173be1_1013      conda-forge                                                        

Preparing transaction: ...working... done
Verifying transaction: ...working... done
Executing transaction: ...working... done
export PREFIX=/Users/runner/conda/conda-bld/sphinxcontrib-programoutput_1636332353133/_test_env_placehold_placehold_placehold_placehold_placehold_placehold_placehold_placehold_placehold_placehold_placehold_placehold_placehold_placehold_placehold_placehold_placehold_p
export SRC_DIR=/Users/runner/conda/conda-bld/sphinxcontrib-programoutput_1636332353133/test_tmp
import: 'sphinxcontrib.programoutput'

Leaving build/test directories:
  Work:
 /Users/runner/conda/conda-bld/work 
  Test:
 /Users/runner/conda/conda-bld/test_tmp 
Leaving build/test environments:
  Test:
source activate  /Users/runner/conda/conda-bld/_test_env_placehold_placehold_placehold_placehold_placehold_placehold_placehold_placehold_placehold_placehold_placehold_placehold_placehold_placehold_placehold_placehold_placehold_placehold_placehold_placehold_placehold_pla 
  Build:
source activate  /Users/runner/conda/conda-bld/_build_env 


