Updating build index: /Users/runner/conda/conda-bld

TEST START: /var/folders/24/8k48jl6d249_n_qfxwsl6xvm0000gn/T/tmpcw8cvqeb/osx-64/spotyping-2.1-py27_2.tar.bz2
Adding in variants from internal_defaults
Adding in variants from /var/folders/24/8k48jl6d249_n_qfxwsl6xvm0000gn/T/tmpa_xv477p/info/recipe/conda_build_config.yaml
Reloading output folder: /Users/runner/conda/conda-bld
  Package                         Version  Build                  Channel                                                                   Size
──────────────────────────────────────────────────────────────────────────────────────────────────────────────────────────────────────────────────
  Install:
──────────────────────────────────────────────────────────────────────────────────────────────────────────────────────────────────────────────────

  + _r-mutex                        1.0.1  anacondar_1            conda-forge/noarch                                                      Cached
  + blast                          2.12.0  pl5262h78c34c6_0       bioconda/osx-64                                                          21 MB
  + bzip2                           1.0.8  h0d85af4_4             conda-forge/osx-64                                                      Cached
  + c-ares                         1.18.1  h0d85af4_0             conda-forge/osx-64                                                      Cached
  + ca-certificates             2021.10.8  h033912b_0             conda-forge/osx-64                                                      Cached
  + certifi                    2019.11.28  py27h8c360ce_1         conda-forge/osx-64                                                      Cached
  + curl                           7.79.1  hf45b732_1             conda-forge/osx-64                                                      141 KB
  + entrez-direct                    15.6  h193322a_1             bioconda/osx-64                                                           7 MB
  + icu                              69.1  he49afe7_0             conda-forge/osx-64                                                      Cached
  + jbig                              2.1  h0d85af4_2003          conda-forge/osx-64                                                      Cached
  + jpeg                               9d  hbcb3906_0             conda-forge/osx-64                                                      Cached
  + krb5                           1.19.2  hcfbf3a7_2             conda-forge/osx-64                                                      Cached
  + lerc                              3.0  he49afe7_0             conda-forge/osx-64                                                      Cached
  + libcurl                        7.79.1  hf45b732_1             conda-forge/osx-64                                                      Cached
  + libcxx                         12.0.1  habf9029_0             conda-forge/osx-64                                                      Cached
  + libdeflate                        1.8  h0d85af4_0             conda-forge/osx-64                                                      Cached
  + libedit                  3.1.20191231  h0678c8f_2             conda-forge/osx-64                                                      Cached
  + libev                            4.33  haf1e3a3_1             conda-forge/osx-64                                                      Cached
  + libffi                          3.2.1  hb1e8313_1007          conda-forge/osx-64                                                      Cached
  + libgcc                          4.8.5  hdbeacc1_10            conda-forge/osx-64                                                      302 KB
  + libgfortran                     3.0.1  0                      conda-forge/osx-64                                                      Cached
  + libiconv                         1.16  haf1e3a3_0             conda-forge/osx-64                                                      Cached
  + libnghttp2                     1.43.0  h6f36284_1             conda-forge/osx-64                                                      Cached
  + libpng                         1.6.37  h7cec526_2             conda-forge/osx-64                                                      Cached
  + libssh2                        1.10.0  h52ee1ee_2             conda-forge/osx-64                                                      Cached
  + libtiff                         4.3.0  hd146c10_2             conda-forge/osx-64                                                      Cached
  + libwebp-base                    1.2.1  h0d85af4_0             conda-forge/osx-64                                                      Cached
  + libxml2                        2.9.12  h7e28ab6_1             conda-forge/osx-64                                                      Cached
  + libzlib                        1.2.11  h9173be1_1013          conda-forge/osx-64                                                      Cached
  + llvm-openmp                    12.0.1  hda6cdc1_1             conda-forge/osx-64                                                      Cached
  + lz4-c                           1.9.3  he49afe7_1             conda-forge/osx-64                                                      Cached
  + ncurses                           6.2  h2e338ed_4             conda-forge/osx-64                                                      Cached
  + openssl                        1.1.1l  h0d85af4_0             conda-forge/osx-64                                                      Cached
  + pcre                             8.45  he49afe7_0             conda-forge/osx-64                                                      Cached
  + perl                           5.26.2  hbcb3906_1008          conda-forge/osx-64                                                      Cached
  + perl-archive-tar                 2.32  pl526_0                bioconda/osx-64                                                          31 KB
  + perl-carp                        1.38  pl526_3                bioconda/osx-64                                                          15 KB
  + perl-common-sense                3.74  pl526_2                bioconda/osx-64                                                          15 KB
  + perl-compress-raw-bzip2         2.087  pl526h6de7cb9_0        bioconda/osx-64                                                          47 KB
  + perl-compress-raw-zlib          2.087  pl526h770b8ee_0        bioconda/osx-64                                                          71 KB
  + perl-exporter                    5.72  pl526_1                bioconda/osx-64                                                          13 KB
  + perl-exporter-tiny           1.002001  pl526_0                bioconda/osx-64                                                          23 KB
  + perl-extutils-makemaker          7.36  pl526_1                bioconda/osx-64                                                         153 KB
  + perl-io-compress                2.087  pl526h6de7cb9_0        bioconda/osx-64                                                          81 KB
  + perl-io-zlib                     1.10  pl526_2                bioconda/osx-64                                                           9 KB
  + perl-json                        4.02  pl526_0                bioconda/osx-64                                                          52 KB
  + perl-json-xs                     2.34  pl526h04f5b5a_3        bioconda/osx-64                                                          61 KB
  + perl-list-moreutils             0.428  pl526_1                bioconda/osx-64                                                          28 KB
  + perl-list-moreutils-xs          0.428  pl526_0                bioconda/osx-64                                                          40 KB
  + perl-pathtools                   3.75  pl526h1de35cc_1        bioconda/osx-64                                                          39 KB
  + perl-scalar-list-utils           1.52  pl526h01d97ff_0        bioconda/osx-64                                                          35 KB
  + perl-types-serialiser             1.0  pl526_2                bioconda/osx-64                                                          10 KB
  + perl-xsloader                    0.24  pl526_0                bioconda/osx-64                                                           8 KB
  + pip                            20.1.1  pyh9f0ad1d_0           conda-forge/noarch                                                      Cached
  + python                         2.7.15  h8e446fc_1011_cpython  conda-forge/osx-64                                                      Cached
  + python_abi                        2.7  1_cp27m                conda-forge/osx-64                                                      Cached
  + r-base                          3.2.2  0                      pkgs/r/osx-64                                                            19 MB
  + r-gdata                        2.17.0  r3.2.2_0a              pkgs/r/osx-64                                                           921 KB
  + r-gtools                        3.5.0  r3.2.2_0a              pkgs/r/osx-64                                                           125 KB
  + readline                          8.1  h05e3726_0             conda-forge/osx-64                                                      Cached
  + setuptools                     44.0.0  py27_0                 conda-forge/osx-64                                                      Cached
  + spotyping                         2.1  py27_2                 /var/folders/24/8k48jl6d249_n_qfxwsl6xvm0000gn/T/tmpcw8cvqeb/osx-64      56 KB
  + sqlite                         3.36.0  h23a322b_2             conda-forge/osx-64                                                      Cached
  + tk                             8.6.11  h5dbffcc_1             conda-forge/osx-64                                                      Cached
  + wheel                          0.37.0  pyhd8ed1ab_1           conda-forge/noarch                                                      Cached
  + xz                              5.2.5  haf1e3a3_1             conda-forge/osx-64                                                      Cached
  + zlib                           1.2.11  h9173be1_1013          conda-forge/osx-64                                                      Cached
  + zstd                            1.5.0  h582d3a0_0             conda-forge/osx-64                                                      Cached

  Summary:

  Install: 68 packages

  Total download: 49 MB

──────────────────────────────────────────────────────────────────────────────────────────────────────────────────────────────────────────────────


## Package Plan ##

  environment location: /Users/runner/conda/conda-bld/spotyping_1635537743314/_test_env_placehold_placehold_placehold_placehold_placehold_placehold_placehold_placehold_placehold_placehold_placehold_placehold_placehold_placehold_placehold_placehold_placehold_placehold_placehold


The following NEW packages will be INSTALLED:

    _r-mutex:                1.0.1-anacondar_1            conda-forge                                                        
    blast:                   2.12.0-pl5262h78c34c6_0      bioconda                                                           
    bzip2:                   1.0.8-h0d85af4_4             conda-forge                                                        
    c-ares:                  1.18.1-h0d85af4_0            conda-forge                                                        
    ca-certificates:         2021.10.8-h033912b_0         conda-forge                                                        
    certifi:                 2019.11.28-py27h8c360ce_1    conda-forge                                                        
    curl:                    7.79.1-hf45b732_1            conda-forge                                                        
    entrez-direct:           15.6-h193322a_1              bioconda                                                           
    icu:                     69.1-he49afe7_0              conda-forge                                                        
    jbig:                    2.1-h0d85af4_2003            conda-forge                                                        
    jpeg:                    9d-hbcb3906_0                conda-forge                                                        
    krb5:                    1.19.2-hcfbf3a7_2            conda-forge                                                        
    lerc:                    3.0-he49afe7_0               conda-forge                                                        
    libcurl:                 7.79.1-hf45b732_1            conda-forge                                                        
    libcxx:                  12.0.1-habf9029_0            conda-forge                                                        
    libdeflate:              1.8-h0d85af4_0               conda-forge                                                        
    libedit:                 3.1.20191231-h0678c8f_2      conda-forge                                                        
    libev:                   4.33-haf1e3a3_1              conda-forge                                                        
    libffi:                  3.2.1-hb1e8313_1007          conda-forge                                                        
    libgcc:                  4.8.5-hdbeacc1_10            conda-forge                                                        
    libgfortran:             3.0.1-0                      conda-forge                                                        
    libiconv:                1.16-haf1e3a3_0              conda-forge                                                        
    libnghttp2:              1.43.0-h6f36284_1            conda-forge                                                        
    libpng:                  1.6.37-h7cec526_2            conda-forge                                                        
    libssh2:                 1.10.0-h52ee1ee_2            conda-forge                                                        
    libtiff:                 4.3.0-hd146c10_2             conda-forge                                                        
    libwebp-base:            1.2.1-h0d85af4_0             conda-forge                                                        
    libxml2:                 2.9.12-h7e28ab6_1            conda-forge                                                        
    libzlib:                 1.2.11-h9173be1_1013         conda-forge                                                        
    llvm-openmp:             12.0.1-hda6cdc1_1            conda-forge                                                        
    lz4-c:                   1.9.3-he49afe7_1             conda-forge                                                        
    ncurses:                 6.2-h2e338ed_4               conda-forge                                                        
    openssl:                 1.1.1l-h0d85af4_0            conda-forge                                                        
    pcre:                    8.45-he49afe7_0              conda-forge                                                        
    perl:                    5.26.2-hbcb3906_1008         conda-forge                                                        
    perl-archive-tar:        2.32-pl526_0                 bioconda                                                           
    perl-carp:               1.38-pl526_3                 bioconda                                                           
    perl-common-sense:       3.74-pl526_2                 bioconda                                                           
    perl-compress-raw-bzip2: 2.087-pl526h6de7cb9_0        bioconda                                                           
    perl-compress-raw-zlib:  2.087-pl526h770b8ee_0        bioconda                                                           
    perl-exporter:           5.72-pl526_1                 bioconda                                                           
    perl-exporter-tiny:      1.002001-pl526_0             bioconda                                                           
    perl-extutils-makemaker: 7.36-pl526_1                 bioconda                                                           
    perl-io-compress:        2.087-pl526h6de7cb9_0        bioconda                                                           
    perl-io-zlib:            1.10-pl526_2                 bioconda                                                           
    perl-json:               4.02-pl526_0                 bioconda                                                           
    perl-json-xs:            2.34-pl526h04f5b5a_3         bioconda                                                           
    perl-list-moreutils:     0.428-pl526_1                bioconda                                                           
    perl-list-moreutils-xs:  0.428-pl526_0                bioconda                                                           
    perl-pathtools:          3.75-pl526h1de35cc_1         bioconda                                                           
    perl-scalar-list-utils:  1.52-pl526h01d97ff_0         bioconda                                                           
    perl-types-serialiser:   1.0-pl526_2                  bioconda                                                           
    perl-xsloader:           0.24-pl526_0                 bioconda                                                           
    pip:                     20.1.1-pyh9f0ad1d_0          conda-forge                                                        
    python:                  2.7.15-h8e446fc_1011_cpython conda-forge                                                        
    python_abi:              2.7-1_cp27m                  conda-forge                                                        
    r-base:                  3.2.2-0                                                                                         
    r-gdata:                 2.17.0-r3.2.2_0a                                                                                
    r-gtools:                3.5.0-r3.2.2_0a                                                                                 
    readline:                8.1-h05e3726_0               conda-forge                                                        
    setuptools:              44.0.0-py27_0                conda-forge                                                        
    spotyping:               2.1-py27_2                   file:///var/folders/24/8k48jl6d249_n_qfxwsl6xvm0000gn/T/tmpcw8cvqeb
    sqlite:                  3.36.0-h23a322b_2            conda-forge                                                        
    tk:                      8.6.11-h5dbffcc_1            conda-forge                                                        
    wheel:                   0.37.0-pyhd8ed1ab_1          conda-forge                                                        
    xz:                      5.2.5-haf1e3a3_1             conda-forge                                                        
    zlib:                    1.2.11-h9173be1_1013         conda-forge                                                        
    zstd:                    1.5.0-h582d3a0_0             conda-forge                                                        

Preparing transaction: ...working... done
Verifying transaction: ...working... failed

Leaving build/test directories:
  Work:
 /Users/runner/conda/conda-bld/work 
  Test:
 /Users/runner/conda/conda-bld/test_tmp 
Leaving build/test environments:
  Test:
source activate  /Users/runner/conda/conda-bld/_test_env_placehold_placehold_placehold_placehold_placehold_placehold_placehold_placehold_placehold_placehold_placehold_placehold_placehold_placehold_placehold_placehold_placehold_placehold_placehold_placehold_placehold_pla 
  Build:
source activate  /Users/runner/conda/conda-bld/_build_env 


