Updating build index: /Users/runner/conda/conda-bld

TEST START: /var/folders/24/8k48jl6d249_n_qfxwsl6xvm0000gn/T/tmpsu5cf_6d/noarch/taxator-tk-1.3.3e-hdfd78af_2.tar.bz2
Reloading output folder: /Users/runner/conda/conda-bld
  Package               Version  Build                  Channel                                                                   Size
────────────────────────────────────────────────────────────────────────────────────────────────────────────────────────────────────────
  Install:
────────────────────────────────────────────────────────────────────────────────────────────────────────────────────────────────────────

  + boost                1.64.0  py27_4                 conda-forge/osx-64                                                      307 KB
  + boost-cpp            1.64.0  1                      conda-forge/osx-64                                                       16 MB
  + bzip2                 1.0.8  h0d85af4_4             conda-forge/osx-64                                                      Cached
  + ca-certificates   2021.10.8  h033912b_0             conda-forge/osx-64                                                      Cached
  + certifi          2019.11.28  py27h8c360ce_1         conda-forge/osx-64                                                      149 KB
  + icu                    58.2  h0a44026_1000          conda-forge/osx-64                                                       22 MB
  + libblas               3.9.0  12_osx64_openblas      conda-forge/osx-64                                                      Cached
  + libcblas              3.9.0  12_osx64_openblas      conda-forge/osx-64                                                      Cached
  + libcxx               12.0.1  habf9029_0             conda-forge/osx-64                                                      Cached
  + libffi                3.2.1  hb1e8313_1007          conda-forge/osx-64                                                       42 KB
  + libgfortran           5.0.0  9_3_0_h6c81a4c_23      conda-forge/osx-64                                                      Cached
  + libgfortran5          9.3.0  h6c81a4c_23            conda-forge/osx-64                                                      Cached
  + liblapack             3.9.0  12_osx64_openblas      conda-forge/osx-64                                                      Cached
  + libopenblas          0.3.18  openmp_h3351f45_0      conda-forge/osx-64                                                      Cached
  + libzlib              1.2.11  h9173be1_1013          conda-forge/osx-64                                                      Cached
  + llvm-openmp          12.0.1  hda6cdc1_1             conda-forge/osx-64                                                      Cached
  + ncurses                 6.2  h2e338ed_4             conda-forge/osx-64                                                      Cached
  + numpy                1.16.5  py27hde6bac1_0         conda-forge/osx-64                                                        4 MB
  + openssl              1.1.1l  h0d85af4_0             conda-forge/osx-64                                                      Cached
  + pip                  20.1.1  pyh9f0ad1d_0           conda-forge/noarch                                                        1 MB
  + python               2.7.15  h8e446fc_1011_cpython  conda-forge/osx-64                                                       12 MB
  + python_abi              2.7  1_cp27m                conda-forge/osx-64                                                        4 KB
  + readline                8.1  h05e3726_0             conda-forge/osx-64                                                      Cached
  + setuptools           44.0.0  py27_0                 conda-forge/osx-64                                                      649 KB
  + sqlite               3.36.0  h23a322b_2             conda-forge/osx-64                                                      Cached
  + taxator-tk           1.3.3e  hdfd78af_2             /var/folders/24/8k48jl6d249_n_qfxwsl6xvm0000gn/T/tmpsu5cf_6d/noarch       9 MB
  + tk                   8.6.11  h5dbffcc_1             conda-forge/osx-64                                                      Cached
  + wheel                0.37.0  pyhd8ed1ab_1           conda-forge/noarch                                                      Cached
  + zlib                 1.2.11  h9173be1_1013          conda-forge/osx-64                                                      Cached

  Summary:

  Install: 29 packages

  Total download: 66 MB

────────────────────────────────────────────────────────────────────────────────────────────────────────────────────────────────────────


## Package Plan ##

  environment location: /Users/runner/conda/conda-bld/taxator-tk_1635715994677/_test_env_placehold_placehold_placehold_placehold_placehold_placehold_placehold_placehold_placehold_placehold_placehold_placehold_placehold_placehold_placehold_placehold_placehold_placehold_placehol


The following NEW packages will be INSTALLED:

    boost:           1.64.0-py27_4                conda-forge                                                        
    boost-cpp:       1.64.0-1                     conda-forge                                                        
    bzip2:           1.0.8-h0d85af4_4             conda-forge                                                        
    ca-certificates: 2021.10.8-h033912b_0         conda-forge                                                        
    certifi:         2019.11.28-py27h8c360ce_1    conda-forge                                                        
    icu:             58.2-h0a44026_1000           conda-forge                                                        
    libblas:         3.9.0-12_osx64_openblas      conda-forge                                                        
    libcblas:        3.9.0-12_osx64_openblas      conda-forge                                                        
    libcxx:          12.0.1-habf9029_0            conda-forge                                                        
    libffi:          3.2.1-hb1e8313_1007          conda-forge                                                        
    libgfortran:     5.0.0-9_3_0_h6c81a4c_23      conda-forge                                                        
    libgfortran5:    9.3.0-h6c81a4c_23            conda-forge                                                        
    liblapack:       3.9.0-12_osx64_openblas      conda-forge                                                        
    libopenblas:     0.3.18-openmp_h3351f45_0     conda-forge                                                        
    libzlib:         1.2.11-h9173be1_1013         conda-forge                                                        
    llvm-openmp:     12.0.1-hda6cdc1_1            conda-forge                                                        
    ncurses:         6.2-h2e338ed_4               conda-forge                                                        
    numpy:           1.16.5-py27hde6bac1_0        conda-forge                                                        
    openssl:         1.1.1l-h0d85af4_0            conda-forge                                                        
    pip:             20.1.1-pyh9f0ad1d_0          conda-forge                                                        
    python:          2.7.15-h8e446fc_1011_cpython conda-forge                                                        
    python_abi:      2.7-1_cp27m                  conda-forge                                                        
    readline:        8.1-h05e3726_0               conda-forge                                                        
    setuptools:      44.0.0-py27_0                conda-forge                                                        
    sqlite:          3.36.0-h23a322b_2            conda-forge                                                        
    taxator-tk:      1.3.3e-hdfd78af_2            file:///var/folders/24/8k48jl6d249_n_qfxwsl6xvm0000gn/T/tmpsu5cf_6d
    tk:              8.6.11-h5dbffcc_1            conda-forge                                                        
    wheel:           0.37.0-pyhd8ed1ab_1          conda-forge                                                        
    zlib:            1.2.11-h9173be1_1013         conda-forge                                                        

Preparing transaction: ...working... done
Verifying transaction: ...working... done
Executing transaction: ...working... done
export PREFIX=/Users/runner/conda/conda-bld/taxator-tk_1635715994677/_test_env_placehold_placehold_placehold_placehold_placehold_placehold_placehold_placehold_placehold_placehold_placehold_placehold_placehold_placehold_placehold_placehold_placehold_placehold_placehol
export SRC_DIR=/Users/runner/conda/conda-bld/taxator-tk_1635715994677/test_tmp

Leaving build/test directories:
  Work:
 /Users/runner/conda/conda-bld/work 
  Test:
 /Users/runner/conda/conda-bld/test_tmp 
Leaving build/test environments:
  Test:
source activate  /Users/runner/conda/conda-bld/_test_env_placehold_placehold_placehold_placehold_placehold_placehold_placehold_placehold_placehold_placehold_placehold_placehold_placehold_placehold_placehold_placehold_placehold_placehold_placehold_placehold_placehold_pla 
  Build:
source activate  /Users/runner/conda/conda-bld/_build_env 


