Updating build index: /home/vsts/conda/conda-bld

TEST START: /tmp/tmpd9d8r65a/noarch/perl-ensembl-api-98-hdfd78af_1.tar.bz2
Renaming work directory '/home/vsts/conda/conda-bld/work' to '/home/vsts/conda/conda-bld/perl-ensembl-api_1636998985445/work_moved_perl-ensembl-api-98-hdfd78af_1_noarch'
shutil.move(work)=/home/vsts/conda/conda-bld/work, dest=/home/vsts/conda/conda-bld/perl-ensembl-api_1636998985445/work_moved_perl-ensembl-api-98-hdfd78af_1_noarch)
Reloading output folder: /home/vsts/conda/conda-bld

## Package Plan ##

  environment location: /home/vsts/conda/conda-bld/perl-ensembl-api_1636998985445/_test_env_placehold_placehold_placehold_placehold_placehold_placehold_placehold_placehold_placehold_placehold_placehold_placehold_placehold_placehold_placehold_placehold_placehold_placehold_place


The following NEW packages will be INSTALLED:

    _libgcc_mutex:                         0.1-conda_forge             conda-forge            
    _openmp_mutex:                         4.5-1_gnu                   conda-forge            
    atk-1.0:                               2.36.0-h3371d22_4           conda-forge            
    bzip2:                                 1.0.8-h7f98852_4            conda-forge            
    c-ares:                                1.18.1-h7f98852_0           conda-forge            
    ca-certificates:                       2021.10.8-ha878542_0        conda-forge            
    cairo:                                 1.16.0-h9f066cc_1006        conda-forge            
    clustalw:                              2.1-h7d875b9_6              bioconda               
    curl:                                  7.80.0-h2574ce0_0           conda-forge            
    cyrus-sasl:                            2.1.27-h230043b_4           conda-forge            
    expat:                                 2.4.1-h9c3ff4c_0            conda-forge            
    font-ttf-dejavu-sans-mono:             2.37-hab24e00_0             conda-forge            
    font-ttf-inconsolata:                  3.000-h77eed37_0            conda-forge            
    font-ttf-source-code-pro:              2.038-h77eed37_0            conda-forge            
    font-ttf-ubuntu:                       0.83-hab24e00_0             conda-forge            
    fontconfig:                            2.13.1-hba837de_1005        conda-forge            
    fonts-conda-ecosystem:                 1-0                         conda-forge            
    fonts-conda-forge:                     1-0                         conda-forge            
    freetype:                              2.10.4-h0708190_1           conda-forge            
    fribidi:                               1.0.10-h36c2ea0_0           conda-forge            
    gdk-pixbuf:                            2.42.6-h04a7f16_0           conda-forge            
    gettext:                               0.19.8.1-h73d1719_1008      conda-forge            
    giflib:                                5.2.1-h36c2ea0_2            conda-forge            
    graphite2:                             1.3.13-h58526e2_1001        conda-forge            
    graphviz:                              2.42.3-h6939c30_2           conda-forge            
    gtk2:                                  2.24.33-hab0c2f8_0          conda-forge            
    gts:                                   0.7.6-h64030ff_2            conda-forge            
    harfbuzz:                              2.7.2-ha5b49bf_1            conda-forge            
    htslib:                                1.12-h9093b5e_1             bioconda               
    icu:                                   67.1-he1b5a44_0             conda-forge            
    jpeg:                                  9d-h36c2ea0_0               conda-forge            
    krb5:                                  1.19.2-hcc1bbae_3           conda-forge            
    ld_impl_linux-64:                      2.36.1-hea4e1c9_2           conda-forge            
    libcurl:                               7.80.0-h2574ce0_0           conda-forge            
    libdb:                                 6.2.32-h9c3ff4c_0           conda-forge            
    libdeflate:                            1.7-h7f98852_5              conda-forge            
    libedit:                               3.1.20191231-he28a2e2_2     conda-forge            
    libev:                                 4.33-h516909a_1             conda-forge            
    libevent:                              2.1.10-h9b69904_4           conda-forge            
    libffi:                                3.4.2-h7f98852_5            conda-forge            
    libgcc-ng:                             11.2.0-h1d223b6_11          conda-forge            
    libgd:                                 2.2.5-h6e6070c_1008         conda-forge            
    libglib:                               2.70.0-h174f98d_1           conda-forge            
    libgomp:                               11.2.0-h1d223b6_11          conda-forge            
    libiconv:                              1.16-h516909a_0             conda-forge            
    libnghttp2:                            1.43.0-h812cca2_1           conda-forge            
    libnsl:                                2.0.0-h7f98852_0            conda-forge            
    libntlm:                               1.4-h7f98852_1002           conda-forge            
    libpng:                                1.6.37-h21135ba_2           conda-forge            
    libprotobuf:                           3.13.0.1-h8b12597_0         conda-forge            
    libssh2:                               1.10.0-ha56f1ee_2           conda-forge            
    libstdcxx-ng:                          11.2.0-he4da1e4_11          conda-forge            
    libtiff:                               4.2.0-hdc55705_0            conda-forge            
    libtool:                               2.4.6-h9c3ff4c_1008         conda-forge            
    libuuid:                               2.32.1-h7f98852_1000        conda-forge            
    libwebp:                               1.2.0-h3452ae3_0            conda-forge            
    libwebp-base:                          1.2.0-h7f98852_2            conda-forge            
    libxcb:                                1.13-h7f98852_1004          conda-forge            
    libxml2:                               2.9.10-h68273f3_2           conda-forge            
    libxslt:                               1.1.33-hf705e74_1           conda-forge            
    libzlib:                               1.2.11-h36c2ea0_1013        conda-forge            
    lz4-c:                                 1.9.2-he1b5a44_3            conda-forge            
    mysql:                                 8.0.22-0                    conda-forge            
    mysql-client:                          8.0.22-hc830011_0           conda-forge            
    mysql-common:                          8.0.22-0                    conda-forge            
    mysql-devel:                           8.0.22-0                    conda-forge            
    mysql-libs:                            8.0.22-hf3661c5_0           conda-forge            
    mysql-server:                          8.0.22-h7cb681d_0           conda-forge            
    ncurses:                               6.2-h58526e2_4              conda-forge            
    openssl:                               1.1.1l-h7f98852_0           conda-forge            
    paml:                                  4.9-h779adbc_6              bioconda               
    pango:                                 1.42.4-h69149e4_5           conda-forge            
    pcre:                                  8.45-h9c3ff4c_0             conda-forge            
    perl:                                  5.26.2-h36c2ea0_1008        conda-forge            
    perl-aceperl:                          1.92-pl526_2                bioconda               
    perl-algorithm-diff:                   1.1903-pl526_2              bioconda               
    perl-algorithm-munkres:                0.08-pl526_1                bioconda               
    perl-apache-test:                      1.40-pl526_1                bioconda               
    perl-app-cpanminus:                    1.7044-pl526_1              bioconda               
    perl-appconfig:                        1.71-pl526_1                bioconda               
    perl-array-compare:                    3.0.1-pl526_1               bioconda               
    perl-autoloader:                       5.74-pl526_2                bioconda               
    perl-b-hooks-endofscope:               0.21-pl526h6bb024c_4        bioconda               
    perl-base:                             2.23-pl526_1                bioconda               
    perl-bio-asn1-entrezgene:              1.73-pl526_0                bioconda               
    perl-bio-bigfile:                      1.07-pl526hab1572f_1        bioconda               
    perl-bio-coordinate:                   1.007001-pl526_0            bioconda               
    perl-bio-db-hts:                       3.01-pl5262h22771d5_3       bioconda               
    perl-bio-featureio:                    1.6.905-pl526_1             bioconda               
    perl-bio-phylo:                        0.58-pl526_1                bioconda               
    perl-bio-samtools:                     1.43-pl526h1341992_1        bioconda               
    perl-bio-tools-phylo-paml:             1.7.3-pl526_0               bioconda               
    perl-bio-tools-run-alignment-clustalw: 1.7.4-pl526_0               bioconda               
    perl-bio-tools-run-alignment-tcoffee:  1.7.4-pl526_1               bioconda               
    perl-bioperl:                          1.7.2-pl526_10              bioconda               
    perl-bioperl-core:                     1.007002-pl526_1            bioconda               
    perl-bioperl-run:                      1.007002-pl526_3            bioconda               
    perl-business-isbn:                    3.004-pl526_0               bioconda               
    perl-business-isbn-data:               20140910.003-pl526_0        bioconda               
    perl-cache-cache:                      1.08-pl526_0                bioconda               
    perl-capture-tiny:                     0.48-pl526_0                bioconda               
    perl-carp:                             1.38-pl526_3                bioconda               
    perl-cgi:                              4.44-pl526h14c3975_1        bioconda               
    perl-class-data-inheritable:           0.08-pl526_1                bioconda               
    perl-class-inspector:                  1.34-pl526_0                bioconda               
    perl-class-load:                       0.25-pl526_0                bioconda               
    perl-class-load-xs:                    0.10-pl526h6bb024c_2        bioconda               
    perl-class-method-modifiers:           2.12-pl526_0                bioconda               
    perl-clone:                            0.42-pl526h516909a_0        bioconda               
    perl-common-sense:                     3.74-pl526_2                bioconda               
    perl-compress-raw-zlib:                2.087-pl526hc9558a2_0       bioconda               
    perl-constant:                         1.33-pl526_1                bioconda               
    perl-convert-binary-c:                 0.78-pl526h6bb024c_3        bioconda               
    perl-convert-binhex:                   1.125-pl526_1               bioconda               
    perl-crypt-rc4:                        2.02-pl526_1                bioconda               
    perl-data-dumper:                      2.173-pl526_0               bioconda               
    perl-data-optlist:                     0.110-pl526_2               bioconda               
    perl-data-predicate:                   2.1.1-pl5262hdfd78af_1      bioconda               
    perl-data-stag:                        0.14-pl526_1                bioconda               
    perl-date-format:                      2.30-pl526_2                bioconda               
    perl-db-file:                          1.855-pl526h516909a_0       bioconda               
    perl-dbd-sqlite:                       1.64-pl526h516909a_0        bioconda               
    perl-dbi:                              1.642-pl526_0               bioconda               
    perl-devel-globaldestruction:          0.14-pl526_0                bioconda               
    perl-devel-overloadinfo:               0.005-pl526_0               bioconda               
    perl-devel-stacktrace:                 2.04-pl526_0                bioconda               
    perl-digest-hmac:                      1.03-pl526_3                bioconda               
    perl-digest-md5:                       2.55-pl526_0                bioconda               
    perl-digest-perl-md5:                  1.9-pl526_1                 bioconda               
    perl-digest-sha1:                      2.13-pl526h6bb024c_1        bioconda               
    perl-dist-checkconflicts:              0.11-pl526_2                bioconda               
    perl-dynaloader:                       1.25-pl526_1                bioconda               
    perl-email-date-format:                1.005-pl526_2               bioconda               
    perl-encode:                           2.88-pl526_1                bioconda               
    perl-encode-locale:                    1.05-pl526_6                bioconda               
    perl-ensembl-api:                      98-hdfd78af_1               file:///tmp/tmpd9d8r65a
    perl-ensembl-compara:                  98-0                        bioconda               
    perl-ensembl-core:                     98-hdfd78af_1               bioconda               
    perl-ensembl-funcgen:                  98-0                        bioconda               
    perl-ensembl-io:                       98-0                        bioconda               
    perl-ensembl-variation:                98-0                        bioconda               
    perl-error:                            0.17027-pl526_1             bioconda               
    perl-eval-closure:                     0.14-pl526h6bb024c_4        bioconda               
    perl-exception-class:                  1.44-pl526_0                bioconda               
    perl-exporter:                         5.72-pl526_1                bioconda               
    perl-exporter-tiny:                    1.002001-pl526_0            bioconda               
    perl-extutils-makemaker:               7.36-pl526_1                bioconda               
    perl-file-listing:                     6.04-pl526_1                bioconda               
    perl-file-path:                        2.16-pl526_0                bioconda               
    perl-file-slurp-tiny:                  0.004-pl526_1               bioconda               
    perl-file-sort:                        1.01-pl526_2                bioconda               
    perl-file-temp:                        0.2304-pl526_2              bioconda               
    perl-file-which:                       1.23-pl526_0                bioconda               
    perl-font-afm:                         1.20-pl526_2                bioconda               
    perl-font-ttf:                         1.06-pl526_0                bioconda               
    perl-gd:                               2.71-pl526he860b03_0        bioconda               
    perl-getopt-long:                      2.50-pl526_1                bioconda               
    perl-graph:                            0.9704-pl526_1              bioconda               
    perl-graphviz:                         2.24-pl526h734ff71_0        bioconda               
    perl-html-element-extended:            1.18-pl526_1                bioconda               
    perl-html-entities-numbered:           0.04-pl526_1                bioconda               
    perl-html-formatter:                   2.16-pl526_0                bioconda               
    perl-html-parser:                      3.72-pl526h6bb024c_5        bioconda               
    perl-html-tableextract:                2.13-pl526_2                bioconda               
    perl-html-tagset:                      3.20-pl526_3                bioconda               
    perl-html-template:                    2.97-pl526_1                bioconda               
    perl-html-tidy:                        1.60-pl526_0                bioconda               
    perl-html-tree:                        5.07-pl526_1                bioconda               
    perl-html-treebuilder-xpath:           0.14-pl526_1                bioconda               
    perl-http-cookies:                     6.04-pl526_0                bioconda               
    perl-http-daemon:                      6.01-pl526_1                bioconda               
    perl-http-date:                        6.02-pl526_3                bioconda               
    perl-http-message:                     6.18-pl526_0                bioconda               
    perl-http-negotiate:                   6.01-pl526_3                bioconda               
    perl-image-info:                       1.38-pl526_1                bioconda               
    perl-image-size:                       3.300-pl526_2               bioconda               
    perl-io-html:                          1.001-pl526_2               bioconda               
    perl-io-sessiondata:                   1.03-pl526_1                bioconda               
    perl-io-socket-ssl:                    2.066-pl526_0               bioconda               
    perl-io-string:                        1.08-pl526_3                bioconda               
    perl-io-stringy:                       2.111-pl526_1               bioconda               
    perl-io-tty:                           1.12-pl526_1                bioconda               
    perl-ipc-run:                          20180523.0-pl526_0          bioconda               
    perl-ipc-sharelite:                    0.17-pl526h6bb024c_1        bioconda               
    perl-jcode:                            2.07-pl526_2                bioconda               
    perl-json:                             4.02-pl526_0                bioconda               
    perl-json-xs:                          2.34-pl526h6bb024c_3        bioconda               
    perl-lib:                              0.63-pl526_1                bioconda               
    perl-libwww-perl:                      6.39-pl526_0                bioconda               
    perl-libxml-perl:                      0.08-pl526_2                bioconda               
    perl-list-compare:                     0.53-pl526_1                bioconda               
    perl-list-moreutils:                   0.428-pl526_1               bioconda               
    perl-list-moreutils-xs:                0.428-pl526_0               bioconda               
    perl-lwp-mediatypes:                   6.04-pl526_0                bioconda               
    perl-lwp-protocol-https:               6.07-pl526_4                bioconda               
    perl-lwp-simple:                       6.15-pl526h470a237_4        bioconda               
    perl-mailtools:                        2.21-pl526_0                bioconda               
    perl-math-cdf:                         0.1-pl526h14c3975_5         bioconda               
    perl-math-derivative:                  1.01-pl526_0                bioconda               
    perl-math-random:                      0.72-pl526h14c3975_2        bioconda               
    perl-math-spline:                      0.02-pl526_2                bioconda               
    perl-mime-base64:                      3.15-pl526_1                bioconda               
    perl-mime-lite:                        3.030-pl526_1               bioconda               
    perl-mime-tools:                       5.508-pl526_1               bioconda               
    perl-mime-types:                       2.17-pl526_0                bioconda               
    perl-mldbm:                            2.05-pl526_1                bioconda               
    perl-module-implementation:            0.09-pl526_2                bioconda               
    perl-module-runtime:                   0.016-pl526_1               bioconda               
    perl-module-runtime-conflicts:         0.003-pl526_0               bioconda               
    perl-moo:                              2.003004-pl526_0            bioconda               
    perl-moose:                            2.2011-pl526hf484d3e_1      bioconda               
    perl-mozilla-ca:                       20180117-pl526_1            bioconda               
    perl-mro-compat:                       0.13-pl526_0                bioconda               
    perl-namespace-autoclean:              0.28-pl526h2d50403_2        bioconda               
    perl-namespace-clean:                  0.27-pl526h6bb024c_3        bioconda               
    perl-net-http:                         6.19-pl526_0                bioconda               
    perl-net-ssleay:                       1.88-pl526h90d6eec_0        bioconda               
    perl-ntlm:                             1.09-pl526_4                bioconda               
    perl-number-format:                    1.75-pl526_3                bioconda               
    perl-ole-storage_lite:                 0.19-pl526_3                bioconda               
    perl-package-deprecationmanager:       0.17-pl526_0                bioconda               
    perl-package-stash:                    0.38-pl526hf484d3e_1        bioconda               
    perl-package-stash-xs:                 0.28-pl526hf484d3e_1        bioconda               
    perl-params-util:                      1.07-pl526h6bb024c_4        bioconda               
    perl-parent:                           0.236-pl526_1               bioconda               
    perl-parse-recdescent:                 1.967015-pl526_0            bioconda               
    perl-pathtools:                        3.75-pl526h14c3975_1        bioconda               
    perl-pdf-api2:                         2.035-pl526_0               bioconda               
    perl-pod-escapes:                      1.07-pl526_1                bioconda               
    perl-pod-usage:                        1.69-pl526_1                bioconda               
    perl-postscript:                       0.06-pl526_2                bioconda               
    perl-readonly:                         2.05-pl526_0                bioconda               
    perl-role-tiny:                        2.000008-pl526_0            bioconda               
    perl-scalar-list-utils:                1.52-pl526h516909a_0        bioconda               
    perl-sereal:                           4.007-pl526_0               bioconda               
    perl-sereal-decoder:                   4.007-pl526h14c3975_0       bioconda               
    perl-sereal-encoder:                   4.007-pl526h14c3975_0       bioconda               
    perl-set-intervaltree:                 0.12-pl526he1b5a44_0        bioconda               
    perl-set-scalar:                       1.29-pl526_2                bioconda               
    perl-soap-lite:                        1.19-pl526_1                bioconda               
    perl-socket:                           2.027-pl526_1               bioconda               
    perl-sort-naturally:                   1.03-pl526_2                bioconda               
    perl-spreadsheet-parseexcel:           0.65-pl526_2                bioconda               
    perl-spreadsheet-writeexcel:           2.40-pl526_2                bioconda               
    perl-statistics-descriptive:           3.0702-pl526_0              bioconda               
    perl-storable:                         3.15-pl526h14c3975_0        bioconda               
    perl-string-approx:                    3.27-pl526_1                bioconda               
    perl-sub-exporter:                     0.987-pl526_2               bioconda               
    perl-sub-exporter-progressive:         0.001013-pl526_0            bioconda               
    perl-sub-identify:                     0.14-pl526h14c3975_0        bioconda               
    perl-sub-install:                      0.928-pl526_2               bioconda               
    perl-sub-name:                         0.21-pl526_1                bioconda               
    perl-sub-quote:                        2.006003-pl526_1            bioconda               
    perl-sub-uplevel:                      0.2800-pl526h14c3975_2      bioconda               
    perl-svg:                              2.84-pl526_0                bioconda               
    perl-svg-graph:                        0.02-pl526_3                bioconda               
    perl-task-weaken:                      1.06-pl526_0                bioconda               
    perl-template-toolkit:                 2.26-pl526_1                bioconda               
    perl-test:                             1.26-pl526_1                bioconda               
    perl-test-deep:                        1.128-pl526_1               bioconda               
    perl-test-differences:                 0.67-pl526_0                bioconda               
    perl-test-exception:                   0.43-pl526_2                bioconda               
    perl-test-harness:                     3.42-pl526_0                bioconda               
    perl-test-leaktrace:                   0.16-pl526h14c3975_2        bioconda               
    perl-test-more:                        1.001002-pl526_1            bioconda               
    perl-test-most:                        0.35-pl526_0                bioconda               
    perl-test-requiresinternet:            0.05-pl526_0                bioconda               
    perl-test-warn:                        0.36-pl526_1                bioconda               
    perl-text-csv:                         2.00-pl526_0                bioconda               
    perl-text-diff:                        1.45-pl526_0                bioconda               
    perl-tie-ixhash:                       1.23-pl526_2                bioconda               
    perl-time-hires:                       1.9760-pl526h14c3975_1      bioconda               
    perl-time-local:                       1.28-pl526_1                bioconda               
    perl-timedate:                         2.30-pl526_1                bioconda               
    perl-tree-dag_node:                    1.31-pl526_0                bioconda               
    perl-try-tiny:                         0.30-pl526_1                bioconda               
    perl-type-tiny:                        1.004004-pl526_0            bioconda               
    perl-types-serialiser:                 1.0-pl526_2                 bioconda               
    perl-unicode-map:                      0.112-pl526h6bb024c_3       bioconda               
    perl-uri:                              1.76-pl526_0                bioconda               
    perl-variable-magic:                   0.61-pl526_1                bioconda               
    perl-www-robotrules:                   6.02-pl526_3                bioconda               
    perl-xml-dom:                          1.46-pl526_0                bioconda               
    perl-xml-dom-xpath:                    0.14-pl526_1                bioconda               
    perl-xml-filter-buffertext:            1.01-pl526_2                bioconda               
    perl-xml-libxml:                       2.0132-pl526h7ec2d77_1      bioconda               
    perl-xml-libxslt:                      1.94-pl526_1                bioconda               
    perl-xml-namespacesupport:             1.12-pl526_0                bioconda               
    perl-xml-parser:                       2.44_01-pl5262hc3e0081_1002 conda-forge            
    perl-xml-regexp:                       0.04-pl526_2                bioconda               
    perl-xml-sax:                          1.02-pl526_0                bioconda               
    perl-xml-sax-base:                     1.09-pl526_0                bioconda               
    perl-xml-sax-expat:                    0.51-pl526_3                bioconda               
    perl-xml-sax-writer:                   0.57-pl526_0                bioconda               
    perl-xml-simple:                       2.25-pl526_1                bioconda               
    perl-xml-twig:                         3.52-pl526_2                bioconda               
    perl-xml-writer:                       0.625-pl526_2               bioconda               
    perl-xml-xpath:                        1.44-pl526_0                bioconda               
    perl-xml-xpathengine:                  0.14-pl526_2                bioconda               
    perl-xsloader:                         0.24-pl526_0                bioconda               
    perl-yaml:                             1.29-pl526_0                bioconda               
    pip:                                   21.3.1-pyhd8ed1ab_0         conda-forge            
    pixman:                                0.40.0-h36c2ea0_0           conda-forge            
    pthread-stubs:                         0.4-h36c2ea0_1001           conda-forge            
    python:                                3.7.12-hb7a2778_100_cpython conda-forge            
    python_abi:                            3.7-2_cp37m                 conda-forge            
    readline:                              8.1-h46c0cb4_0              conda-forge            
    setuptools:                            59.1.0-py37h89c1867_0       conda-forge            
    sqlite:                                3.36.0-h9cd32fc_2           conda-forge            
    t_coffee:                              11.0.8-py37hea885bf_8       bioconda               
    tidyp:                                 1.04-h779adbc_3             bioconda               
    tk:                                    8.6.11-h27826a3_1           conda-forge            
    wheel:                                 0.37.0-pyhd8ed1ab_1         conda-forge            
    xorg-kbproto:                          1.0.7-h7f98852_1002         conda-forge            
    xorg-libice:                           1.0.10-h7f98852_0           conda-forge            
    xorg-libsm:                            1.2.3-hd9c2040_1000         conda-forge            
    xorg-libx11:                           1.7.2-h7f98852_0            conda-forge            
    xorg-libxau:                           1.0.9-h7f98852_0            conda-forge            
    xorg-libxdmcp:                         1.1.3-h7f98852_0            conda-forge            
    xorg-libxext:                          1.3.4-h7f98852_1            conda-forge            
    xorg-libxpm:                           3.5.13-h7f98852_0           conda-forge            
    xorg-libxrender:                       0.9.10-h7f98852_1003        conda-forge            
    xorg-libxt:                            1.2.1-h7f98852_2            conda-forge            
    xorg-renderproto:                      0.11.1-h7f98852_1002        conda-forge            
    xorg-xextproto:                        7.3.0-h7f98852_1002         conda-forge            
    xorg-xproto:                           7.0.31-h7f98852_1007        conda-forge            
    xz:                                    5.2.5-h516909a_1            conda-forge            
    zlib:                                  1.2.11-h36c2ea0_1013        conda-forge            
    zstd:                                  1.4.8-hdf46e1d_0            conda-forge            

Preparing transaction: ...working... done
Verifying transaction: ...working... done
Executing transaction: ...working... 
done
export PREFIX=/home/vsts/conda/conda-bld/perl-ensembl-api_1636998985445/_test_env_placehold_placehold_placehold_placehold_placehold_placehold_placehold_placehold_placehold_placehold_placehold_placehold_placehold_placehold_placehold_placehold_placehold_placehold_place
export SRC_DIR=/home/vsts/conda/conda-bld/perl-ensembl-api_1636998985445/test_tmp

Leaving build/test directories:
  Work:
 /home/vsts/conda/conda-bld/work 
  Test:
 /home/vsts/conda/conda-bld/test_tmp 
Leaving build/test environments:
  Test:
source activate  /home/vsts/conda/conda-bld/_test_env_placehold_placehold_placehold_placehold_placehold_placehold_placehold_placehold_placehold_placehold_placehold_placehold_placehold_placehold_placehold_placehold_placehold_placehold_placehold_placehold_placehold_placeh 
  Build:
source activate  /home/vsts/conda/conda-bld/_build_env 


