Updating build index: /home/vsts/conda/conda-bld

TEST START: /tmp/tmp7i64t13f/noarch/kopt-0.1.0-pyh145b6a8_2.tar.bz2
Reloading output folder: /home/vsts/conda/conda-bld

## Package Plan ##

  environment location: /home/vsts/conda/conda-bld/kopt_1635885192249/_test_env_placehold_placehold_placehold_placehold_placehold_placehold_placehold_placehold_placehold_placehold_placehold_placehold_placehold_placehold_placehold_placehold_placehold_placehold_placehold_placeho


The following NEW packages will be INSTALLED:

    _libgcc_mutex:    0.1-conda_forge            conda-forge            
    _openmp_mutex:    4.5-1_gnu                  conda-forge            
    alsa-lib:         1.2.3-h516909a_0           conda-forge            
    ca-certificates:  2021.10.8-ha878542_0       conda-forge            
    certifi:          2021.10.8-py39hf3d152e_1   conda-forge            
    cloudpickle:      2.0.0-pyhd8ed1ab_0         conda-forge            
    colorama:         0.4.4-pyh9f0ad1d_0         conda-forge            
    cycler:           0.11.0-pyhd8ed1ab_0        conda-forge            
    dbus:             1.13.6-h48d8840_2          conda-forge            
    expat:            2.4.1-h9c3ff4c_0           conda-forge            
    fontconfig:       2.13.1-hba837de_1005       conda-forge            
    freetype:         2.10.4-h0708190_1          conda-forge            
    future:           0.18.2-py39hf3d152e_4      conda-forge            
    gettext:          0.19.8.1-h73d1719_1008     conda-forge            
    glib:             2.70.0-h780b84a_1          conda-forge            
    glib-tools:       2.70.0-h780b84a_1          conda-forge            
    gst-plugins-base: 1.18.5-hf529b03_1          conda-forge            
    gstreamer:        1.18.5-h9f60fe5_1          conda-forge            
    hyperopt:         0.2.5-pyh9f0ad1d_0         conda-forge            
    icu:              68.2-h9c3ff4c_0            conda-forge            
    jbig:             2.1-h7f98852_2003          conda-forge            
    joblib:           1.1.0-pyhd8ed1ab_0         conda-forge            
    jpeg:             9d-h36c2ea0_0              conda-forge            
    keras:            2.6.0-pyhd8ed1ab_0         conda-forge            
    kiwisolver:       1.3.2-py39h1a9c180_1       conda-forge            
    kopt:             0.1.0-pyh145b6a8_2         file:///tmp/tmp7i64t13f
    krb5:             1.19.2-hcc1bbae_2          conda-forge            
    lcms2:            2.12-hddcbb42_0            conda-forge            
    ld_impl_linux-64: 2.36.1-hea4e1c9_2          conda-forge            
    lerc:             3.0-h9c3ff4c_0             conda-forge            
    libblas:          3.9.0-12_linux64_openblas  conda-forge            
    libcblas:         3.9.0-12_linux64_openblas  conda-forge            
    libclang:         11.1.0-default_ha53f305_1  conda-forge            
    libdeflate:       1.8-h7f98852_0             conda-forge            
    libedit:          3.1.20191231-he28a2e2_2    conda-forge            
    libevent:         2.1.10-h9b69904_4          conda-forge            
    libffi:           3.4.2-h9c3ff4c_4           conda-forge            
    libgcc-ng:        11.2.0-h1d223b6_11         conda-forge            
    libgfortran-ng:   11.2.0-h69a702a_11         conda-forge            
    libgfortran5:     11.2.0-h5c6108e_11         conda-forge            
    libglib:          2.70.0-h174f98d_1          conda-forge            
    libgomp:          11.2.0-h1d223b6_11         conda-forge            
    libiconv:         1.16-h516909a_0            conda-forge            
    liblapack:        3.9.0-12_linux64_openblas  conda-forge            
    libllvm11:        11.1.0-hf817b99_2          conda-forge            
    libogg:           1.3.4-h7f98852_1           conda-forge            
    libopenblas:      0.3.18-pthreads_h8fe5266_0 conda-forge            
    libopus:          1.3.1-h7f98852_1           conda-forge            
    libpng:           1.6.37-h21135ba_2          conda-forge            
    libpq:            13.3-hd57d9b9_2            conda-forge            
    libstdcxx-ng:     11.2.0-he4da1e4_11         conda-forge            
    libtiff:          4.3.0-h6f004c6_2           conda-forge            
    libuuid:          2.32.1-h7f98852_1000       conda-forge            
    libvorbis:        1.3.7-h9c3ff4c_0           conda-forge            
    libwebp-base:     1.2.1-h7f98852_0           conda-forge            
    libxcb:           1.13-h7f98852_1003         conda-forge            
    libxkbcommon:     1.0.3-he3ba5ed_0           conda-forge            
    libxml2:          2.9.12-h72842e0_0          conda-forge            
    libzlib:          1.2.11-h36c2ea0_1013       conda-forge            
    lz4-c:            1.9.3-h9c3ff4c_1           conda-forge            
    matplotlib:       3.4.3-py39hf3d152e_1       conda-forge            
    matplotlib-base:  3.4.3-py39h2fa2bec_1       conda-forge            
    mysql-common:     8.0.27-ha770c72_1          conda-forge            
    mysql-libs:       8.0.27-hfa10184_1          conda-forge            
    ncurses:          6.2-h58526e2_4             conda-forge            
    networkx:         2.6.3-pyhd8ed1ab_1         conda-forge            
    nspr:             4.32-h9c3ff4c_0            conda-forge            
    nss:              3.71-hb5efdd6_0            conda-forge            
    numpy:            1.21.3-py39hdbf815f_0      conda-forge            
    olefile:          0.46-pyh9f0ad1d_1          conda-forge            
    openjpeg:         2.4.0-hb52868f_1           conda-forge            
    openssl:          1.1.1l-h7f98852_0          conda-forge            
    pandas:           1.3.4-py39hde0f152_0       conda-forge            
    pcre:             8.45-h9c3ff4c_0            conda-forge            
    pillow:           8.3.2-py39ha612740_0       conda-forge            
    pip:              21.3.1-pyhd8ed1ab_0        conda-forge            
    pthread-stubs:    0.4-h36c2ea0_1001          conda-forge            
    pymongo:          3.12.1-py39he80948d_0      conda-forge            
    pyparsing:        3.0.4-pyhd8ed1ab_0         conda-forge            
    pyqt:             5.12.3-py39hf3d152e_7      conda-forge            
    pyqt-impl:        5.12.3-py39h0fcd23e_7      conda-forge            
    pyqt5-sip:        4.19.18-py39he80948d_7     conda-forge            
    pyqtchart:        5.12-py39h0fcd23e_7        conda-forge            
    pyqtwebengine:    5.12.1-py39h0fcd23e_7      conda-forge            
    python:           3.9.7-hb7a2778_3_cpython   conda-forge            
    python-dateutil:  2.8.2-pyhd8ed1ab_0         conda-forge            
    python_abi:       3.9-2_cp39                 conda-forge            
    pytz:             2021.3-pyhd8ed1ab_0        conda-forge            
    pyyaml:           6.0-py39h3811e60_1         conda-forge            
    qt:               5.12.9-hda022c4_4          conda-forge            
    readline:         8.1-h46c0cb4_0             conda-forge            
    scikit-learn:     1.0.1-py39h7c5d8c9_1       conda-forge            
    scipy:            1.7.1-py39hee8e79c_0       conda-forge            
    setuptools:       58.4.0-py39hf3d152e_1      conda-forge            
    six:              1.16.0-pyh6c4a22f_0        conda-forge            
    sqlite:           3.36.0-h9cd32fc_2          conda-forge            
    threadpoolctl:    3.0.0-pyh8a188c0_0         conda-forge            
    tk:               8.6.11-h27826a3_1          conda-forge            
    tornado:          6.1-py39h3811e60_2         conda-forge            
    tqdm:             4.62.3-pyhd8ed1ab_0        conda-forge            
    tzdata:           2021e-he74cb21_0           conda-forge            
    wheel:            0.37.0-pyhd8ed1ab_1        conda-forge            
    xorg-libxau:      1.0.9-h7f98852_0           conda-forge            
    xorg-libxdmcp:    1.1.3-h7f98852_0           conda-forge            
    xz:               5.2.5-h516909a_1           conda-forge            
    yaml:             0.2.5-h516909a_0           conda-forge            
    zlib:             1.2.11-h36c2ea0_1013       conda-forge            
    zstd:             1.5.0-ha95c52a_0           conda-forge            

Preparing transaction: ...working... done
Verifying transaction: ...working... done
Executing transaction: ...working... done
export PREFIX=/home/vsts/conda/conda-bld/kopt_1635885192249/_test_env_placehold_placehold_placehold_placehold_placehold_placehold_placehold_placehold_placehold_placehold_placehold_placehold_placehold_placehold_placehold_placehold_placehold_placehold_placehold_placeho
export SRC_DIR=/home/vsts/conda/conda-bld/kopt_1635885192249/test_tmp
import: 'kopt'

Leaving build/test directories:
  Work:
 /home/vsts/conda/conda-bld/work 
  Test:
 /home/vsts/conda/conda-bld/test_tmp 
Leaving build/test environments:
  Test:
source activate  /home/vsts/conda/conda-bld/_test_env_placehold_placehold_placehold_placehold_placehold_placehold_placehold_placehold_placehold_placehold_placehold_placehold_placehold_placehold_placehold_placehold_placehold_placehold_placehold_placehold_placehold_placeh 
  Build:
source activate  /home/vsts/conda/conda-bld/_build_env 


