Updating build index: /home/vsts/conda/conda-bld

TEST START: /tmp/tmp0q55whry/noarch/vispr-0.4.17-pyh864c0ab_0.tar.bz2
Reloading output folder: /home/vsts/conda/conda-bld
  Package               Version  Build                Channel                       Size
──────────────────────────────────────────────────────────────────────────────────────────
  Install:
──────────────────────────────────────────────────────────────────────────────────────────

  + _libgcc_mutex           0.1  conda_forge          conda-forge/linux-64        Cached
  + _openmp_mutex           4.5  1_gnu                conda-forge/linux-64        Cached
  + appdirs               1.4.4  pyh9f0ad1d_0         conda-forge/noarch           13 KB
  + ca-certificates   2021.10.8  ha878542_0           conda-forge/linux-64        Cached
  + click                 8.0.3  py39hf3d152e_0       conda-forge/linux-64        146 KB
  + dataclasses             0.8  pyhc8e2a94_3         conda-forge/noarch          Cached
  + flask                 2.0.2  pyhd8ed1ab_0         conda-forge/noarch           70 KB
  + itsdangerous          2.0.1  pyhd8ed1ab_0         conda-forge/noarch           17 KB
  + jinja2                3.0.2  pyhd8ed1ab_0         conda-forge/noarch          Cached
  + joblib                1.1.0  pyhd8ed1ab_0         conda-forge/noarch          Cached
  + ld_impl_linux-64     2.36.1  hea4e1c9_2           conda-forge/linux-64        Cached
  + libblas               3.9.0  12_linux64_openblas  conda-forge/linux-64        Cached
  + libcblas              3.9.0  12_linux64_openblas  conda-forge/linux-64        Cached
  + libffi                3.4.2  h9c3ff4c_4           conda-forge/linux-64        Cached
  + libgcc-ng            11.2.0  h1d223b6_11          conda-forge/linux-64        Cached
  + libgfortran-ng       11.2.0  h69a702a_11          conda-forge/linux-64        Cached
  + libgfortran5         11.2.0  h5c6108e_11          conda-forge/linux-64        Cached
  + libgomp              11.2.0  h1d223b6_11          conda-forge/linux-64        Cached
  + liblapack             3.9.0  12_linux64_openblas  conda-forge/linux-64        Cached
  + libopenblas          0.3.18  pthreads_h8fe5266_0  conda-forge/linux-64        Cached
  + libstdcxx-ng         11.2.0  he4da1e4_11          conda-forge/linux-64        Cached
  + libzlib              1.2.11  h36c2ea0_1013        conda-forge/linux-64        Cached
  + markupsafe            2.0.1  py39h3811e60_0       conda-forge/linux-64        Cached
  + ncurses                 6.2  h58526e2_4           conda-forge/linux-64        Cached
  + numpy                1.21.3  py39hdbf815f_0       conda-forge/linux-64          6 MB
  + openssl               3.0.0  h7f98852_1           conda-forge/linux-64        Cached
  + pandas                1.3.4  py39hde0f152_0       conda-forge/linux-64         13 MB
  + pip                  21.3.1  pyhd8ed1ab_0         conda-forge/noarch          Cached
  + python                3.9.7  hf930737_3_cpython   conda-forge/linux-64        Cached
  + python-dateutil       2.8.2  pyhd8ed1ab_0         conda-forge/noarch          240 KB
  + python_abi              3.9  2_cp39               conda-forge/linux-64        Cached
  + pytz                 2021.3  pyhd8ed1ab_0         conda-forge/noarch          Cached
  + pyyaml                  6.0  py39h3811e60_0       conda-forge/linux-64        Cached
  + readline                8.1  h46c0cb4_0           conda-forge/linux-64        Cached
  + scikit-learn          1.0.1  py39h7c5d8c9_0       conda-forge/linux-64          8 MB
  + scipy                 1.7.1  py39hee8e79c_0       conda-forge/linux-64         22 MB
  + setuptools           58.2.0  py39hf3d152e_0       conda-forge/linux-64        Cached
  + six                  1.16.0  pyh6c4a22f_0         conda-forge/noarch          Cached
  + sqlite               3.36.0  h9cd32fc_2           conda-forge/linux-64        Cached
  + threadpoolctl         3.0.0  pyh8a188c0_0         conda-forge/noarch           17 KB
  + tk                   8.6.11  h27826a3_1           conda-forge/linux-64        Cached
  + tzdata                2021e  he74cb21_0           conda-forge/noarch          Cached
  + vispr                0.4.17  pyh864c0ab_0         /tmp/tmp0q55whry/noarch     293 KB
  + werkzeug              2.0.1  pyhd8ed1ab_0         conda-forge/noarch          219 KB
  + wheel                0.37.0  pyhd8ed1ab_1         conda-forge/noarch          Cached
  + xz                    5.2.5  h516909a_1           conda-forge/linux-64        Cached
  + yaml                  0.2.5  h516909a_0           conda-forge/linux-64        Cached
  + zlib                 1.2.11  h36c2ea0_1013        conda-forge/linux-64        Cached

  Summary:

  Install: 48 packages

  Total download: 50 MB

──────────────────────────────────────────────────────────────────────────────────────────


## Package Plan ##

  environment location: /home/vsts/conda/conda-bld/vispr_1635201853543/_test_env_placehold_placehold_placehold_placehold_placehold_placehold_placehold_placehold_placehold_placehold_placehold_placehold_placehold_placehold_placehold_placehold_placehold_placehold_placehold_placeh


The following NEW packages will be INSTALLED:

    _libgcc_mutex:    0.1-conda_forge            conda-forge            
    _openmp_mutex:    4.5-1_gnu                  conda-forge            
    appdirs:          1.4.4-pyh9f0ad1d_0         conda-forge            
    ca-certificates:  2021.10.8-ha878542_0       conda-forge            
    click:            8.0.3-py39hf3d152e_0       conda-forge            
    dataclasses:      0.8-pyhc8e2a94_3           conda-forge            
    flask:            2.0.2-pyhd8ed1ab_0         conda-forge            
    itsdangerous:     2.0.1-pyhd8ed1ab_0         conda-forge            
    jinja2:           3.0.2-pyhd8ed1ab_0         conda-forge            
    joblib:           1.1.0-pyhd8ed1ab_0         conda-forge            
    ld_impl_linux-64: 2.36.1-hea4e1c9_2          conda-forge            
    libblas:          3.9.0-12_linux64_openblas  conda-forge            
    libcblas:         3.9.0-12_linux64_openblas  conda-forge            
    libffi:           3.4.2-h9c3ff4c_4           conda-forge            
    libgcc-ng:        11.2.0-h1d223b6_11         conda-forge            
    libgfortran-ng:   11.2.0-h69a702a_11         conda-forge            
    libgfortran5:     11.2.0-h5c6108e_11         conda-forge            
    libgomp:          11.2.0-h1d223b6_11         conda-forge            
    liblapack:        3.9.0-12_linux64_openblas  conda-forge            
    libopenblas:      0.3.18-pthreads_h8fe5266_0 conda-forge            
    libstdcxx-ng:     11.2.0-he4da1e4_11         conda-forge            
    libzlib:          1.2.11-h36c2ea0_1013       conda-forge            
    markupsafe:       2.0.1-py39h3811e60_0       conda-forge            
    ncurses:          6.2-h58526e2_4             conda-forge            
    numpy:            1.21.3-py39hdbf815f_0      conda-forge            
    openssl:          3.0.0-h7f98852_1           conda-forge            
    pandas:           1.3.4-py39hde0f152_0       conda-forge            
    pip:              21.3.1-pyhd8ed1ab_0        conda-forge            
    python:           3.9.7-hf930737_3_cpython   conda-forge            
    python-dateutil:  2.8.2-pyhd8ed1ab_0         conda-forge            
    python_abi:       3.9-2_cp39                 conda-forge            
    pytz:             2021.3-pyhd8ed1ab_0        conda-forge            
    pyyaml:           6.0-py39h3811e60_0         conda-forge            
    readline:         8.1-h46c0cb4_0             conda-forge            
    scikit-learn:     1.0.1-py39h7c5d8c9_0       conda-forge            
    scipy:            1.7.1-py39hee8e79c_0       conda-forge            
    setuptools:       58.2.0-py39hf3d152e_0      conda-forge            
    six:              1.16.0-pyh6c4a22f_0        conda-forge            
    sqlite:           3.36.0-h9cd32fc_2          conda-forge            
    threadpoolctl:    3.0.0-pyh8a188c0_0         conda-forge            
    tk:               8.6.11-h27826a3_1          conda-forge            
    tzdata:           2021e-he74cb21_0           conda-forge            
    vispr:            0.4.17-pyh864c0ab_0        file:///tmp/tmp0q55whry
    werkzeug:         2.0.1-pyhd8ed1ab_0         conda-forge            
    wheel:            0.37.0-pyhd8ed1ab_1        conda-forge            
    xz:               5.2.5-h516909a_1           conda-forge            
    yaml:             0.2.5-h516909a_0           conda-forge            
    zlib:             1.2.11-h36c2ea0_1013       conda-forge            

Preparing transaction: ...working... done
Verifying transaction: ...working... done
Executing transaction: ...working... done
export PREFIX=/home/vsts/conda/conda-bld/vispr_1635201853543/_test_env_placehold_placehold_placehold_placehold_placehold_placehold_placehold_placehold_placehold_placehold_placehold_placehold_placehold_placehold_placehold_placehold_placehold_placehold_placehold_placeh
export SRC_DIR=/home/vsts/conda/conda-bld/vispr_1635201853543/test_tmp

Leaving build/test directories:
  Work:
 /home/vsts/conda/conda-bld/work 
  Test:
 /home/vsts/conda/conda-bld/test_tmp 
Leaving build/test environments:
  Test:
source activate  /home/vsts/conda/conda-bld/_test_env_placehold_placehold_placehold_placehold_placehold_placehold_placehold_placehold_placehold_placehold_placehold_placehold_placehold_placehold_placehold_placehold_placehold_placehold_placehold_placehold_placehold_placeh 
  Build:
source activate  /home/vsts/conda/conda-bld/_build_env 


