Updating build index: /Users/runner/conda/conda-bld

TEST START: /var/folders/24/8k48jl6d249_n_qfxwsl6xvm0000gn/T/tmpd2j4b07h/noarch/vispr-0.4.17-pyh864c0ab_0.tar.bz2
Reloading output folder: /Users/runner/conda/conda-bld

## Package Plan ##

  environment location: /Users/runner/conda/conda-bld/vispr_1636230834523/_test_env_placehold_placehold_placehold_placehold_placehold_placehold_placehold_placehold_placehold_placehold_placehold_placehold_placehold_placehold_placehold_placehold_placehold_placehold_placehold_pla


The following NEW packages will be INSTALLED:

    appdirs:         1.4.4-pyh9f0ad1d_0       conda-forge                                                        
    ca-certificates: 2021.10.8-h033912b_0     conda-forge                                                        
    click:           8.0.3-py39h6e9494a_1     conda-forge                                                        
    dataclasses:     0.8-pyhc8e2a94_3         conda-forge                                                        
    flask:           2.0.2-pyhd8ed1ab_0       conda-forge                                                        
    itsdangerous:    2.0.1-pyhd8ed1ab_0       conda-forge                                                        
    jinja2:          3.0.2-pyhd8ed1ab_0       conda-forge                                                        
    joblib:          1.1.0-pyhd8ed1ab_0       conda-forge                                                        
    libblas:         3.9.0-12_osx64_openblas  conda-forge                                                        
    libcblas:        3.9.0-12_osx64_openblas  conda-forge                                                        
    libcxx:          12.0.1-habf9029_0        conda-forge                                                        
    libffi:          3.4.2-he49afe7_4         conda-forge                                                        
    libgfortran:     5.0.0-9_3_0_h6c81a4c_23  conda-forge                                                        
    libgfortran5:    9.3.0-h6c81a4c_23        conda-forge                                                        
    liblapack:       3.9.0-12_osx64_openblas  conda-forge                                                        
    libopenblas:     0.3.18-openmp_h3351f45_0 conda-forge                                                        
    libzlib:         1.2.11-h9173be1_1013     conda-forge                                                        
    llvm-openmp:     12.0.1-hda6cdc1_1        conda-forge                                                        
    markupsafe:      2.0.1-py39h89e85a6_1     conda-forge                                                        
    ncurses:         6.2-h2e338ed_4           conda-forge                                                        
    numpy:           1.21.4-py39h7eed0ac_0    conda-forge                                                        
    openssl:         3.0.0-h0d85af4_2         conda-forge                                                        
    pandas:          1.3.4-py39h4d6be9b_1     conda-forge                                                        
    pip:             21.3.1-pyhd8ed1ab_0      conda-forge                                                        
    python:          3.9.7-h38b4d05_3_cpython conda-forge                                                        
    python-dateutil: 2.8.2-pyhd8ed1ab_0       conda-forge                                                        
    python_abi:      3.9-2_cp39               conda-forge                                                        
    pytz:            2021.3-pyhd8ed1ab_0      conda-forge                                                        
    pyyaml:          6.0-py39h89e85a6_3       conda-forge                                                        
    readline:        8.1-h05e3726_0           conda-forge                                                        
    scikit-learn:    1.0.1-py39hd2caeff_1     conda-forge                                                        
    scipy:           1.7.1-py39h056f1c0_0     conda-forge                                                        
    setuptools:      58.5.3-py39h6e9494a_0    conda-forge                                                        
    six:             1.16.0-pyh6c4a22f_0      conda-forge                                                        
    sqlite:          3.36.0-h23a322b_2        conda-forge                                                        
    threadpoolctl:   3.0.0-pyh8a188c0_0       conda-forge                                                        
    tk:              8.6.11-h5dbffcc_1        conda-forge                                                        
    tzdata:          2021e-he74cb21_0         conda-forge                                                        
    vispr:           0.4.17-pyh864c0ab_0      file:///var/folders/24/8k48jl6d249_n_qfxwsl6xvm0000gn/T/tmpd2j4b07h
    werkzeug:        2.0.1-pyhd8ed1ab_0       conda-forge                                                        
    wheel:           0.37.0-pyhd8ed1ab_1      conda-forge                                                        
    xz:              5.2.5-haf1e3a3_1         conda-forge                                                        
    yaml:            0.2.5-haf1e3a3_0         conda-forge                                                        
    zlib:            1.2.11-h9173be1_1013     conda-forge                                                        

Preparing transaction: ...working... done
Verifying transaction: ...working... done
Executing transaction: ...working... done
export PREFIX=/Users/runner/conda/conda-bld/vispr_1636230834523/_test_env_placehold_placehold_placehold_placehold_placehold_placehold_placehold_placehold_placehold_placehold_placehold_placehold_placehold_placehold_placehold_placehold_placehold_placehold_placehold_pla
export SRC_DIR=/Users/runner/conda/conda-bld/vispr_1636230834523/test_tmp

Leaving build/test directories:
  Work:
 /Users/runner/conda/conda-bld/work 
  Test:
 /Users/runner/conda/conda-bld/test_tmp 
Leaving build/test environments:
  Test:
source activate  /Users/runner/conda/conda-bld/_test_env_placehold_placehold_placehold_placehold_placehold_placehold_placehold_placehold_placehold_placehold_placehold_placehold_placehold_placehold_placehold_placehold_placehold_placehold_placehold_placehold_placehold_pla 
  Build:
source activate  /Users/runner/conda/conda-bld/_build_env 


