Updating build index: /Users/runner/conda/conda-bld

TEST START: /var/folders/24/8k48jl6d249_n_qfxwsl6xvm0000gn/T/tmp_c94jclq/noarch/nanoplot-1.38.1-pyhdfd78af_0.tar.bz2
Mamba failed to solve:
 - nanoplot 1.38.1 pyhdfd78af_0
 - biopython
 - libpng
 - nanoget >=1.14.0
 - nanomath >=1.2.1
 - numpy
 - pandas >=1.1.0
 - plotly >=4.9.0
 - pyarrow
 - pysam >0.10.0.0
 - python >=3
 - python-dateutil
 - python-kaleido
 - scipy
 - python

with channels:
 - file:///var/folders/24/8k48jl6d249_n_qfxwsl6xvm0000gn/T/tmp_c94jclq

The reported errors are:
   Encountered problems while solving:
     - nothing provides __osx >=10.10 needed by kaleido-core-0.1.0-h35c211d_0
     - nothing provides __osx >=10.10 needed by kaleido-core-0.1.0-h35c211d_0
   

Leaving build/test directories:
  Work:
 /Users/runner/conda/conda-bld/work 
  Test:
 /Users/runner/conda/conda-bld/test_tmp 
Leaving build/test environments:
  Test:
source activate  /Users/runner/conda/conda-bld/_test_env_placehold_placehold_placehold_placehold_placehold_placehold_placehold_placehold_placehold_placehold_placehold_placehold_placehold_placehold_placehold_placehold_placehold_placehold_placehold_placehold_placehold_pla 
  Build:
source activate  /Users/runner/conda/conda-bld/_build_env 


