  Package                           Version  Build               Channel                         Size
───────────────────────────────────────────────────────────────────────────────────────────────────────
  Install:
───────────────────────────────────────────────────────────────────────────────────────────────────────

  + _libgcc_mutex                       0.1  conda_forge         conda-forge/linux-64          Cached
  + _openmp_mutex                       4.5  1_gnu               conda-forge/linux-64          Cached
  + alsa-lib                          1.2.3  h516909a_0          conda-forge/linux-64          Cached
  + atk-1.0                          2.36.0  h3371d22_4          conda-forge/linux-64          Cached
  + ca-certificates               2021.5.30  ha878542_0          conda-forge/linux-64          Cached
  + cairo                            1.16.0  h6cf1ce9_1008       conda-forge/linux-64          Cached
  + chrpath                            0.16  h7f98852_1002       conda-forge/linux-64          Cached
  + dbus                             1.13.6  h48d8840_2          conda-forge/linux-64          Cached
  + expat                             2.4.1  h9c3ff4c_0          conda-forge/linux-64          Cached
  + fastx_toolkit                    0.0.14  he1b5a44_8          /tmp/tmpsca6mucu/linux-64     524 KB
  + font-ttf-dejavu-sans-mono          2.37  hab24e00_0          conda-forge/noarch            Cached
  + font-ttf-inconsolata              3.000  h77eed37_0          conda-forge/noarch            Cached
  + font-ttf-source-code-pro          2.038  h77eed37_0          conda-forge/noarch            Cached
  + font-ttf-ubuntu                    0.83  hab24e00_0          conda-forge/noarch            Cached
  + fontconfig                       2.13.1  hba837de_1005       conda-forge/linux-64          Cached
  + fonts-conda-ecosystem                 1  0                   conda-forge/noarch            Cached
  + fonts-conda-forge                     1  0                   conda-forge/noarch            Cached
  + freetype                         2.10.4  h0708190_1          conda-forge/linux-64          Cached
  + fribidi                          1.0.10  h36c2ea0_0          conda-forge/linux-64          Cached
  + gdk-pixbuf                       2.42.6  h04a7f16_0          conda-forge/linux-64          Cached
  + gettext                        0.19.8.1  h73d1719_1007       conda-forge/linux-64          Cached
  + giflib                            5.2.1  h36c2ea0_2          conda-forge/linux-64          Cached
  + glib                             2.68.4  h9c3ff4c_1          conda-forge/linux-64          Cached
  + glib-tools                       2.68.4  h9c3ff4c_1          conda-forge/linux-64          Cached
  + gnuplot                           5.4.1  hec6539f_2          conda-forge/linux-64          Cached
  + graphite2                        1.3.13  h58526e2_1001       conda-forge/linux-64          Cached
  + gst-plugins-base                 1.18.5  hf529b03_0          conda-forge/linux-64          Cached
  + gstreamer                        1.18.5  h76c114f_0          conda-forge/linux-64          Cached
  + gtk2                            2.24.33  h539f30e_1          conda-forge/linux-64          Cached
  + harfbuzz                          2.9.1  h83ec7ef_0          conda-forge/linux-64          Cached
  + icu                                68.1  h58526e2_0          conda-forge/linux-64          Cached
  + jbig                                2.1  h7f98852_2003       conda-forge/linux-64          Cached
  + jpeg                                 9d  h36c2ea0_0          conda-forge/linux-64          Cached
  + krb5                             1.19.2  hcc1bbae_0          conda-forge/linux-64          Cached
  + ld_impl_linux-64                 2.36.1  hea4e1c9_2          conda-forge/linux-64          Cached
  + lerc                              2.2.1  h9c3ff4c_0          conda-forge/linux-64          Cached
  + libclang                         11.1.0  default_ha53f305_1  conda-forge/linux-64          Cached
  + libdeflate                          1.7  h7f98852_5          conda-forge/linux-64          Cached
  + libedit                    3.1.20191231  he28a2e2_2          conda-forge/linux-64          Cached
  + libevent                         2.1.10  hcdb4288_3          conda-forge/linux-64          Cached
  + libffi                            3.4.2  h9c3ff4c_3          conda-forge/linux-64          Cached
  + libgcc                            7.2.0  h69d50b8_2          conda-forge/linux-64          304 KB
  + libgcc-ng                        11.2.0  h1d223b6_8          conda-forge/linux-64          Cached
  + libgd                             2.3.3  h6ad9fb6_0          conda-forge/linux-64          Cached
  + libglib                          2.68.4  h174f98d_1          conda-forge/linux-64          Cached
  + libgomp                          11.2.0  h1d223b6_8          conda-forge/linux-64          Cached
  + libgtextutils                       0.7  h1b792b2_7          bioconda/linux-64             154 KB
  + libiconv                           1.16  h516909a_0          conda-forge/linux-64          Cached
  + libllvm11                        11.1.0  hf817b99_2          conda-forge/linux-64          Cached
  + libogg                            1.3.4  h7f98852_1          conda-forge/linux-64          Cached
  + libopus                           1.3.1  h7f98852_1          conda-forge/linux-64          Cached
  + libpng                           1.6.37  h21135ba_2          conda-forge/linux-64          Cached
  + libpq                              13.3  hd57d9b9_0          conda-forge/linux-64          Cached
  + libstdcxx-ng                     11.2.0  he4da1e4_8          conda-forge/linux-64          Cached
  + libtiff                           4.3.0  hf544144_1          conda-forge/linux-64          Cached
  + libuuid                          2.32.1  h7f98852_1000       conda-forge/linux-64          Cached
  + libvorbis                         1.3.7  h9c3ff4c_0          conda-forge/linux-64          Cached
  + libwebp                           1.2.1  h3452ae3_0          conda-forge/linux-64          Cached
  + libwebp-base                      1.2.1  h7f98852_0          conda-forge/linux-64          Cached
  + libxcb                             1.13  h7f98852_1003       conda-forge/linux-64          Cached
  + libxkbcommon                      1.0.3  he3ba5ed_0          conda-forge/linux-64          Cached
  + libxml2                          2.9.12  h72842e0_0          conda-forge/linux-64          Cached
  + lz4-c                             1.9.3  h9c3ff4c_1          conda-forge/linux-64          Cached
  + mysql-common                     8.0.25  ha770c72_2          conda-forge/linux-64          Cached
  + mysql-libs                       8.0.25  hfa10184_2          conda-forge/linux-64          Cached
  + ncurses                             6.2  h58526e2_4          conda-forge/linux-64          Cached
  + nspr                               4.30  h9c3ff4c_0          conda-forge/linux-64          Cached
  + nss                                3.69  hb5efdd6_0          conda-forge/linux-64          Cached
  + openssl                          1.1.1l  h7f98852_0          conda-forge/linux-64          Cached
  + pango                           1.48.10  hb8ff022_1          conda-forge/linux-64          Cached
  + pcre                               8.45  h9c3ff4c_0          conda-forge/linux-64          Cached
  + perl                             5.32.1  0_h7f98852_perl5    conda-forge/linux-64          Cached
  + perl-gd                            2.56  5                   bioconda/linux-64              82 KB
  + perl-gdgraph                       1.49  2                   bioconda/linux-64              44 KB
  + perl-gdgraph-histogram              1.1  0                   bioconda/linux-64               5 KB
  + perl-gdtextutil                    0.86  2                   bioconda/linux-64              13 KB
  + perl-perlio-gzip                   0.19  0                   bioconda/linux-64              12 KB
  + perl-threaded                    5.26.0  0                   bioconda/linux-64               4 KB
  + pip                              21.2.4  pyhd8ed1ab_0        conda-forge/noarch            Cached
  + pixman                           0.40.0  h36c2ea0_0          conda-forge/linux-64          Cached
  + pthread-stubs                       0.4  h36c2ea0_1001       conda-forge/linux-64          Cached
  + python                            3.9.7  hb7a2778_2_cpython  conda-forge/linux-64          Cached
  + python_abi                          3.9  2_cp39              conda-forge/linux-64          Cached
  + qt                               5.12.9  hda022c4_4          conda-forge/linux-64          Cached
  + readline                            8.1  h46c0cb4_0          conda-forge/linux-64          Cached
  + setuptools                       58.0.4  py39hf3d152e_1      conda-forge/linux-64          Cached
  + sqlite                           3.36.0  h9cd32fc_1          conda-forge/linux-64          Cached
  + tk                               8.6.11  h27826a3_1          conda-forge/linux-64          Cached
  + tzdata                            2021a  he74cb21_1          conda-forge/noarch            Cached
  + wheel                            0.37.0  pyhd8ed1ab_1        conda-forge/noarch            Cached
  + xorg-kbproto                      1.0.7  h7f98852_1002       conda-forge/linux-64          Cached
  + xorg-libice                      1.0.10  h7f98852_0          conda-forge/linux-64          Cached
  + xorg-libsm                        1.2.3  hd9c2040_1000       conda-forge/linux-64          Cached
  + xorg-libx11                       1.7.2  h7f98852_0          conda-forge/linux-64          Cached
  + xorg-libxau                       1.0.9  h7f98852_0          conda-forge/linux-64          Cached
  + xorg-libxdmcp                     1.1.3  h7f98852_0          conda-forge/linux-64          Cached
  + xorg-libxext                      1.3.4  h7f98852_1          conda-forge/linux-64          Cached
  + xorg-libxrender                  0.9.10  h7f98852_1003       conda-forge/linux-64          Cached
  + xorg-libxt                        1.2.1  h7f98852_2          conda-forge/linux-64          Cached
  + xorg-renderproto                 0.11.1  h7f98852_1002       conda-forge/linux-64          Cached
  + xorg-xextproto                    7.3.0  h7f98852_1002       conda-forge/linux-64          Cached
  + xorg-xproto                      7.0.31  h7f98852_1007       conda-forge/linux-64          Cached
  + xz                                5.2.5  h516909a_1          conda-forge/linux-64          Cached
  + zlib                             1.2.11  h516909a_1010       conda-forge/linux-64          Cached
  + zstd                              1.5.0  ha95c52a_0          conda-forge/linux-64          Cached

  Summary:

  Install: 105 packages

  Total download: 1 MB

───────────────────────────────────────────────────────────────────────────────────────────────────────

Updating build index: /home/vsts/conda/conda-bld

TEST START: /tmp/tmpsca6mucu/linux-64/fastx_toolkit-0.0.14-he1b5a44_8.tar.bz2

## Package Plan ##

  environment location: /home/vsts/conda/conda-bld/fastx_toolkit_1632404269468/_test_env_placehold_placehold_placehold_placehold_placehold_placehold_placehold_placehold_placehold_placehold_placehold_placehold_placehold_placehold_placehold_placehold_placehold_placehold_placehol


The following NEW packages will be INSTALLED:

    _libgcc_mutex:             0.1-conda_forge           conda-forge            
    _openmp_mutex:             4.5-1_gnu                 conda-forge            
    alsa-lib:                  1.2.3-h516909a_0          conda-forge            
    atk-1.0:                   2.36.0-h3371d22_4         conda-forge            
    ca-certificates:           2021.5.30-ha878542_0      conda-forge            
    cairo:                     1.16.0-h6cf1ce9_1008      conda-forge            
    chrpath:                   0.16-h7f98852_1002        conda-forge            
    dbus:                      1.13.6-h48d8840_2         conda-forge            
    expat:                     2.4.1-h9c3ff4c_0          conda-forge            
    fastx_toolkit:             0.0.14-he1b5a44_8         file:///tmp/tmpsca6mucu
    font-ttf-dejavu-sans-mono: 2.37-hab24e00_0           conda-forge            
    font-ttf-inconsolata:      3.000-h77eed37_0          conda-forge            
    font-ttf-source-code-pro:  2.038-h77eed37_0          conda-forge            
    font-ttf-ubuntu:           0.83-hab24e00_0           conda-forge            
    fontconfig:                2.13.1-hba837de_1005      conda-forge            
    fonts-conda-ecosystem:     1-0                       conda-forge            
    fonts-conda-forge:         1-0                       conda-forge            
    freetype:                  2.10.4-h0708190_1         conda-forge            
    fribidi:                   1.0.10-h36c2ea0_0         conda-forge            
    gdk-pixbuf:                2.42.6-h04a7f16_0         conda-forge            
    gettext:                   0.19.8.1-h73d1719_1007    conda-forge            
    giflib:                    5.2.1-h36c2ea0_2          conda-forge            
    glib:                      2.68.4-h9c3ff4c_1         conda-forge            
    glib-tools:                2.68.4-h9c3ff4c_1         conda-forge            
    gnuplot:                   5.4.1-hec6539f_2          conda-forge            
    graphite2:                 1.3.13-h58526e2_1001      conda-forge            
    gst-plugins-base:          1.18.5-hf529b03_0         conda-forge            
    gstreamer:                 1.18.5-h76c114f_0         conda-forge            
    gtk2:                      2.24.33-h539f30e_1        conda-forge            
    harfbuzz:                  2.9.1-h83ec7ef_0          conda-forge            
    icu:                       68.1-h58526e2_0           conda-forge            
    jbig:                      2.1-h7f98852_2003         conda-forge            
    jpeg:                      9d-h36c2ea0_0             conda-forge            
    krb5:                      1.19.2-hcc1bbae_0         conda-forge            
    ld_impl_linux-64:          2.36.1-hea4e1c9_2         conda-forge            
    lerc:                      2.2.1-h9c3ff4c_0          conda-forge            
    libclang:                  11.1.0-default_ha53f305_1 conda-forge            
    libdeflate:                1.7-h7f98852_5            conda-forge            
    libedit:                   3.1.20191231-he28a2e2_2   conda-forge            
    libevent:                  2.1.10-hcdb4288_3         conda-forge            
    libffi:                    3.4.2-h9c3ff4c_3          conda-forge            
    libgcc:                    7.2.0-h69d50b8_2          conda-forge            
    libgcc-ng:                 11.2.0-h1d223b6_8         conda-forge            
    libgd:                     2.3.3-h6ad9fb6_0          conda-forge            
    libglib:                   2.68.4-h174f98d_1         conda-forge            
    libgomp:                   11.2.0-h1d223b6_8         conda-forge            
    libgtextutils:             0.7-h1b792b2_7            bioconda               
    libiconv:                  1.16-h516909a_0           conda-forge            
    libllvm11:                 11.1.0-hf817b99_2         conda-forge            
    libogg:                    1.3.4-h7f98852_1          conda-forge            
    libopus:                   1.3.1-h7f98852_1          conda-forge            
    libpng:                    1.6.37-h21135ba_2         conda-forge            
    libpq:                     13.3-hd57d9b9_0           conda-forge            
    libstdcxx-ng:              11.2.0-he4da1e4_8         conda-forge            
    libtiff:                   4.3.0-hf544144_1          conda-forge            
    libuuid:                   2.32.1-h7f98852_1000      conda-forge            
    libvorbis:                 1.3.7-h9c3ff4c_0          conda-forge            
    libwebp:                   1.2.1-h3452ae3_0          conda-forge            
    libwebp-base:              1.2.1-h7f98852_0          conda-forge            
    libxcb:                    1.13-h7f98852_1003        conda-forge            
    libxkbcommon:              1.0.3-he3ba5ed_0          conda-forge            
    libxml2:                   2.9.12-h72842e0_0         conda-forge            
    lz4-c:                     1.9.3-h9c3ff4c_1          conda-forge            
    mysql-common:              8.0.25-ha770c72_2         conda-forge            
    mysql-libs:                8.0.25-hfa10184_2         conda-forge            
    ncurses:                   6.2-h58526e2_4            conda-forge            
    nspr:                      4.30-h9c3ff4c_0           conda-forge            
    nss:                       3.69-hb5efdd6_0           conda-forge            
    openssl:                   1.1.1l-h7f98852_0         conda-forge            
    pango:                     1.48.10-hb8ff022_1        conda-forge            
    pcre:                      8.45-h9c3ff4c_0           conda-forge            
    perl:                      5.32.1-0_h7f98852_perl5   conda-forge            
    perl-gd:                   2.56-5                    bioconda               
    perl-gdgraph:              1.49-2                    bioconda               
    perl-gdgraph-histogram:    1.1-0                     bioconda               
    perl-gdtextutil:           0.86-2                    bioconda               
    perl-perlio-gzip:          0.19-0                    bioconda               
    perl-threaded:             5.26.0-0                  bioconda               
    pip:                       21.2.4-pyhd8ed1ab_0       conda-forge            
    pixman:                    0.40.0-h36c2ea0_0         conda-forge            
    pthread-stubs:             0.4-h36c2ea0_1001         conda-forge            
    python:                    3.9.7-hb7a2778_2_cpython  conda-forge            
    python_abi:                3.9-2_cp39                conda-forge            
    qt:                        5.12.9-hda022c4_4         conda-forge            
    readline:                  8.1-h46c0cb4_0            conda-forge            
    setuptools:                58.0.4-py39hf3d152e_1     conda-forge            
    sqlite:                    3.36.0-h9cd32fc_1         conda-forge            
    tk:                        8.6.11-h27826a3_1         conda-forge            
    tzdata:                    2021a-he74cb21_1          conda-forge            
    wheel:                     0.37.0-pyhd8ed1ab_1       conda-forge            
    xorg-kbproto:              1.0.7-h7f98852_1002       conda-forge            
    xorg-libice:               1.0.10-h7f98852_0         conda-forge            
    xorg-libsm:                1.2.3-hd9c2040_1000       conda-forge            
    xorg-libx11:               1.7.2-h7f98852_0          conda-forge            
    xorg-libxau:               1.0.9-h7f98852_0          conda-forge            
    xorg-libxdmcp:             1.1.3-h7f98852_0          conda-forge            
    xorg-libxext:              1.3.4-h7f98852_1          conda-forge            
    xorg-libxrender:           0.9.10-h7f98852_1003      conda-forge            
    xorg-libxt:                1.2.1-h7f98852_2          conda-forge            
    xorg-renderproto:          0.11.1-h7f98852_1002      conda-forge            
    xorg-xextproto:            7.3.0-h7f98852_1002       conda-forge            
    xorg-xproto:               7.0.31-h7f98852_1007      conda-forge            
    xz:                        5.2.5-h516909a_1          conda-forge            
    zlib:                      1.2.11-h516909a_1010      conda-forge            
    zstd:                      1.5.0-ha95c52a_0          conda-forge            

Preparing transaction: ...working... done
Verifying transaction: ...working... done
Executing transaction: ...working... 
done
export PREFIX=/home/vsts/conda/conda-bld/fastx_toolkit_1632404269468/_test_env_placehold_placehold_placehold_placehold_placehold_placehold_placehold_placehold_placehold_placehold_placehold_placehold_placehold_placehold_placehold_placehold_placehold_placehold_placehol
export SRC_DIR=/home/vsts/conda/conda-bld/fastx_toolkit_1632404269468/test_tmp

Leaving build/test directories:
  Work:
 /home/vsts/conda/conda-bld/work 
  Test:
 /home/vsts/conda/conda-bld/test_tmp 
Leaving build/test environments:
  Test:
source activate  /home/vsts/conda/conda-bld/_test_env_placehold_placehold_placehold_placehold_placehold_placehold_placehold_placehold_placehold_placehold_placehold_placehold_placehold_placehold_placehold_placehold_placehold_placehold_placehold_placehold_placehold_placeh 
  Build:
source activate  /home/vsts/conda/conda-bld/_build_env 


