Updating build index: /Users/runner/conda/conda-bld

TEST START: /var/folders/24/8k48jl6d249_n_qfxwsl6xvm0000gn/T/tmpv8qcz07g/osx-64/fastx_toolkit-0.0.14-h589c0e0_9.tar.bz2
Reloading output folder: /Users/runner/conda/conda-bld

## Package Plan ##

  environment location: /Users/runner/conda/conda-bld/fastx_toolkit_1637095329804/_test_env_placehold_placehold_placehold_placehold_placehold_placehold_placehold_placehold_placehold_placehold_placehold_placehold_placehold_placehold_placehold_placehold_placehold_placehold_place


The following NEW packages will be INSTALLED:

    bzip2:                     1.0.8-h0d85af4_4          conda-forge                                                        
    ca-certificates:           2021.10.8-h033912b_0      conda-forge                                                        
    cairo:                     1.16.0-he43a7df_1008      conda-forge                                                        
    expat:                     2.4.1-he49afe7_0          conda-forge                                                        
    fastx_toolkit:             0.0.14-h589c0e0_9         file:///var/folders/24/8k48jl6d249_n_qfxwsl6xvm0000gn/T/tmpv8qcz07g
    font-ttf-dejavu-sans-mono: 2.37-hab24e00_0           conda-forge                                                        
    font-ttf-inconsolata:      3.000-h77eed37_0          conda-forge                                                        
    font-ttf-source-code-pro:  2.038-h77eed37_0          conda-forge                                                        
    font-ttf-ubuntu:           0.83-hab24e00_0           conda-forge                                                        
    fontconfig:                2.13.1-h10f422b_1005      conda-forge                                                        
    fonts-conda-ecosystem:     1-0                       conda-forge                                                        
    fonts-conda-forge:         1-0                       conda-forge                                                        
    freetype:                  2.10.4-h4cff582_1         conda-forge                                                        
    fribidi:                   1.0.10-hbcb3906_0         conda-forge                                                        
    gettext:                   0.19.8.1-hd1a6beb_1008    conda-forge                                                        
    giflib:                    5.2.1-hbcb3906_2          conda-forge                                                        
    glib:                      2.70.1-hcf210ce_0         conda-forge                                                        
    glib-tools:                2.70.1-hcf210ce_0         conda-forge                                                        
    gnuplot:                   5.4.1-habb9535_3          conda-forge                                                        
    graphite2:                 1.3.13-h2e338ed_1001      conda-forge                                                        
    harfbuzz:                  3.1.1-h159f659_0          conda-forge                                                        
    icu:                       68.2-he49afe7_0           conda-forge                                                        
    jbig:                      2.1-h0d85af4_2003         conda-forge                                                        
    jpeg:                      9d-hbcb3906_0             conda-forge                                                        
    krb5:                      1.19.2-hcfbf3a7_3         conda-forge                                                        
    lerc:                      3.0-he49afe7_0            conda-forge                                                        
    libclang:                  11.1.0-default_he082bbe_1 conda-forge                                                        
    libcxx:                    12.0.1-habf9029_0         conda-forge                                                        
    libdeflate:                1.8-h0d85af4_0            conda-forge                                                        
    libedit:                   3.1.20191231-h0678c8f_2   conda-forge                                                        
    libffi:                    3.4.2-h0d85af4_5          conda-forge                                                        
    libgd:                     2.3.3-h311d3fc_0          conda-forge                                                        
    libglib:                   2.70.1-hf1fb8c0_0         conda-forge                                                        
    libgtextutils:             0.7-h589c0e0_7            bioconda                                                           
    libiconv:                  1.16-haf1e3a3_0           conda-forge                                                        
    libllvm11:                 11.1.0-hd011deb_2         conda-forge                                                        
    libpng:                    1.6.37-h7cec526_2         conda-forge                                                        
    libpq:                     13.3-hea3049e_3           conda-forge                                                        
    libtiff:                   4.3.0-hd146c10_2          conda-forge                                                        
    libwebp:                   1.2.1-h28dabe5_0          conda-forge                                                        
    libwebp-base:              1.2.1-h0d85af4_0          conda-forge                                                        
    libxml2:                   2.9.12-h93ec3fd_0         conda-forge                                                        
    libzlib:                   1.2.11-h9173be1_1013      conda-forge                                                        
    lz4-c:                     1.9.3-he49afe7_1          conda-forge                                                        
    mysql-common:              8.0.27-h694c41f_1         conda-forge                                                        
    mysql-libs:                8.0.27-h115446f_1         conda-forge                                                        
    ncurses:                   6.2-h2e338ed_4            conda-forge                                                        
    nspr:                      4.32-hcd9eead_1           conda-forge                                                        
    nss:                       3.72-h31e2bf1_0           conda-forge                                                        
    openssl:                   1.1.1l-h0d85af4_0         conda-forge                                                        
    pango:                     1.48.10-h056538c_2        conda-forge                                                        
    pcre:                      8.45-he49afe7_0           conda-forge                                                        
    perl:                      5.32.1-1_h0d85af4_perl5   conda-forge                                                        
    perl-gd:                   2.56-3                    bioconda                                                           
    perl-gdgraph:              1.49-2                    bioconda                                                           
    perl-gdgraph-histogram:    1.1-0                     bioconda                                                           
    perl-gdtextutil:           0.86-2                    bioconda                                                           
    perl-perlio-gzip:          0.19-0                    bioconda                                                           
    perl-threaded:             5.26.0-0                  bioconda                                                           
    pip:                       21.3.1-pyhd8ed1ab_0       conda-forge                                                        
    pixman:                    0.40.0-hbcb3906_0         conda-forge                                                        
    python:                    3.10.0-h1248fe1_2_cpython conda-forge                                                        
    python_abi:                3.10-2_cp310              conda-forge                                                        
    qt:                        5.12.9-h126340a_4         conda-forge                                                        
    readline:                  8.1-h05e3726_0            conda-forge                                                        
    setuptools:                59.1.1-py310h2ec42d9_0    conda-forge                                                        
    sqlite:                    3.36.0-h23a322b_2         conda-forge                                                        
    tk:                        8.6.11-h5dbffcc_1         conda-forge                                                        
    tzdata:                    2021e-he74cb21_0          conda-forge                                                        
    wheel:                     0.37.0-pyhd8ed1ab_1       conda-forge                                                        
    xz:                        5.2.5-haf1e3a3_1          conda-forge                                                        
    zlib:                      1.2.11-h9173be1_1013      conda-forge                                                        
    zstd:                      1.5.0-h582d3a0_0          conda-forge                                                        

Preparing transaction: ...working... done
Verifying transaction: ...working... done
Executing transaction: ...working... done
export PREFIX=/Users/runner/conda/conda-bld/fastx_toolkit_1637095329804/_test_env_placehold_placehold_placehold_placehold_placehold_placehold_placehold_placehold_placehold_placehold_placehold_placehold_placehold_placehold_placehold_placehold_placehold_placehold_place
export SRC_DIR=/Users/runner/conda/conda-bld/fastx_toolkit_1637095329804/test_tmp

Leaving build/test directories:
  Work:
 /Users/runner/conda/conda-bld/work 
  Test:
 /Users/runner/conda/conda-bld/test_tmp 
Leaving build/test environments:
  Test:
source activate  /Users/runner/conda/conda-bld/_test_env_placehold_placehold_placehold_placehold_placehold_placehold_placehold_placehold_placehold_placehold_placehold_placehold_placehold_placehold_placehold_placehold_placehold_placehold_placehold_placehold_placehold_pla 
  Build:
source activate  /Users/runner/conda/conda-bld/_build_env 


