  Package               Version  Build       Channel                                                                   Size
─────────────────────────────────────────────────────────────────────────────────────────────────────────────────────────────
  Install:
─────────────────────────────────────────────────────────────────────────────────────────────────────────────────────────────

  + biobasehttptools      1.1.0  hdfd78af_1  /var/folders/24/8k48jl6d249_n_qfxwsl6xvm0000gn/T/tmpyvg1ut50/noarch      30 MB
  + ca-certificates   2021.5.30  h033912b_0  conda-forge/osx-64                                                      Cached
  + openssl               3.0.0  h0d85af4_0  conda-forge/osx-64                                                        3 MB

  Summary:

  Install: 3 packages

  Total download: 32 MB

─────────────────────────────────────────────────────────────────────────────────────────────────────────────────────────────

Updating build index: /Users/runner/conda/conda-bld

TEST START: /var/folders/24/8k48jl6d249_n_qfxwsl6xvm0000gn/T/tmpyvg1ut50/noarch/biobasehttptools-1.1.0-hdfd78af_1.tar.bz2

## Package Plan ##

  environment location: /Users/runner/conda/conda-bld/biobasehttptools_1632374291645/_test_env_placehold_placehold_placehold_placehold_placehold_placehold_placehold_placehold_placehold_placehold_placehold_placehold_placehold_placehold_placehold_placehold_placehold_placehold_pl


The following NEW packages will be INSTALLED:

    biobasehttptools: 1.1.0-hdfd78af_1     file:///var/folders/24/8k48jl6d249_n_qfxwsl6xvm0000gn/T/tmpyvg1ut50
    ca-certificates:  2021.5.30-h033912b_0 conda-forge                                                        
    openssl:          3.0.0-h0d85af4_0     conda-forge                                                        

Preparing transaction: ...working... done
Verifying transaction: ...working... done
Executing transaction: ...working... done
export PREFIX=/Users/runner/conda/conda-bld/biobasehttptools_1632374291645/_test_env_placehold_placehold_placehold_placehold_placehold_placehold_placehold_placehold_placehold_placehold_placehold_placehold_placehold_placehold_placehold_placehold_placehold_placehold_pl
export SRC_DIR=/Users/runner/conda/conda-bld/biobasehttptools_1632374291645/test_tmp

Leaving build/test directories:
  Work:
 /Users/runner/conda/conda-bld/work 
  Test:
 /Users/runner/conda/conda-bld/test_tmp 
Leaving build/test environments:
  Test:
source activate  /Users/runner/conda/conda-bld/_test_env_placehold_placehold_placehold_placehold_placehold_placehold_placehold_placehold_placehold_placehold_placehold_placehold_placehold_placehold_placehold_placehold_placehold_placehold_placehold_placehold_placehold_pla 
  Build:
source activate  /Users/runner/conda/conda-bld/_build_env 


