Updating build index: /home/vsts/conda/conda-bld

TEST START: /tmp/tmpwor6xewd/noarch/omero-py-5.9.1-py_0.tar.bz2
Adding in variants from internal_defaults
Adding in variants from /tmp/tmpll1pa0zv/info/recipe/conda_build_config.yaml
  Package               Version  Build                Channel                       Size
──────────────────────────────────────────────────────────────────────────────────────────
  Install:
──────────────────────────────────────────────────────────────────────────────────────────

  + _libgcc_mutex           0.1  conda_forge          conda-forge/linux-64        Cached
  + _openmp_mutex           4.5  1_gnu                conda-forge/linux-64        Cached
  + appdirs               1.4.4  pyh9f0ad1d_0         conda-forge/noarch           13 KB
  + bzip2                 1.0.8  h7f98852_4           conda-forge/linux-64        Cached
  + ca-certificates   2021.5.30  ha878542_0           conda-forge/linux-64        Cached
  + freetype             2.10.4  h0708190_1           conda-forge/linux-64        Cached
  + future               0.18.2  py38h578d9bd_3       conda-forge/linux-64        712 KB
  + jbig                    2.1  h7f98852_2003        conda-forge/linux-64        Cached
  + jpeg                     9d  h36c2ea0_0           conda-forge/linux-64        Cached
  + lcms2                  2.12  hddcbb42_0           conda-forge/linux-64        443 KB
  + ld_impl_linux-64     2.36.1  hea4e1c9_2           conda-forge/linux-64        Cached
  + lerc                  2.2.1  h9c3ff4c_0           conda-forge/linux-64        Cached
  + libblas               3.9.0  11_linux64_openblas  conda-forge/linux-64        Cached
  + libcblas              3.9.0  11_linux64_openblas  conda-forge/linux-64        Cached
  + libdeflate              1.7  h7f98852_5           conda-forge/linux-64        Cached
  + libffi                3.4.2  h9c3ff4c_1           conda-forge/linux-64        Cached
  + libgcc-ng            11.2.0  h1d223b6_8           conda-forge/linux-64        Cached
  + libgfortran-ng       11.2.0  h69a702a_8           conda-forge/linux-64        Cached
  + libgfortran5         11.2.0  h5c6108e_8           conda-forge/linux-64        Cached
  + libgomp              11.2.0  h1d223b6_8           conda-forge/linux-64        Cached
  + libiconv               1.16  h516909a_0           conda-forge/linux-64        Cached
  + liblapack             3.9.0  11_linux64_openblas  conda-forge/linux-64        Cached
  + libopenblas          0.3.17  pthreads_h8fe5266_1  conda-forge/linux-64        Cached
  + libpng               1.6.37  h21135ba_2           conda-forge/linux-64        Cached
  + libstdcxx-ng         11.2.0  he4da1e4_8           conda-forge/linux-64        Cached
  + libtiff               4.3.0  hf544144_1           conda-forge/linux-64        Cached
  + libwebp-base          1.2.1  h7f98852_0           conda-forge/linux-64        Cached
  + lz4-c                 1.9.3  h9c3ff4c_1           conda-forge/linux-64        Cached
  + ncurses                 6.2  h58526e2_4           conda-forge/linux-64        Cached
  + numpy                1.21.2  py38he2449b9_0       conda-forge/linux-64          6 MB
  + olefile                0.46  pyh9f0ad1d_1         conda-forge/noarch           32 KB
  + omero-py              5.9.1  py_0                 /tmp/tmpwor6xewd/noarch       2 MB
  + openjpeg              2.4.0  hb52868f_1           conda-forge/linux-64        444 KB
  + openssl              1.1.1l  h7f98852_0           conda-forge/linux-64        Cached
  + pillow                8.3.2  py38h8e6f84c_0       conda-forge/linux-64        693 KB
  + pip                  21.2.4  pyhd8ed1ab_0         conda-forge/noarch          Cached
  + python               3.8.12  hb7a2778_0_cpython   conda-forge/linux-64         26 MB
  + python_abi              3.8  2_cp38               conda-forge/linux-64          4 KB
  + readline                8.1  h46c0cb4_0           conda-forge/linux-64        Cached
  + setuptools           58.0.4  py38h578d9bd_0       conda-forge/linux-64        928 KB
  + sqlite               3.36.0  h9cd32fc_1           conda-forge/linux-64        Cached
  + tk                   8.6.11  h27826a3_1           conda-forge/linux-64        Cached
  + wheel                0.37.0  pyhd8ed1ab_1         conda-forge/noarch          Cached
  + xz                    5.2.5  h516909a_1           conda-forge/linux-64        Cached
  + zeroc-ice             3.6.5  py38hf206c35_1       conda-forge/linux-64          3 MB
  + zlib                 1.2.11  h516909a_1010        conda-forge/linux-64        Cached
  + zstd                  1.5.0  ha95c52a_0           conda-forge/linux-64        Cached

  Summary:

  Install: 47 packages

  Total download: 40 MB

──────────────────────────────────────────────────────────────────────────────────────────


## Package Plan ##

  environment location: /home/vsts/conda/conda-bld/omero-py_1631912042283/_test_env_placehold_placehold_placehold_placehold_placehold_placehold_placehold_placehold_placehold_placehold_placehold_placehold_placehold_placehold_placehold_placehold_placehold_placehold_placehold_pla


The following NEW packages will be INSTALLED:

    _libgcc_mutex:    0.1-conda_forge            conda-forge            
    _openmp_mutex:    4.5-1_gnu                  conda-forge            
    appdirs:          1.4.4-pyh9f0ad1d_0         conda-forge            
    bzip2:            1.0.8-h7f98852_4           conda-forge            
    ca-certificates:  2021.5.30-ha878542_0       conda-forge            
    freetype:         2.10.4-h0708190_1          conda-forge            
    future:           0.18.2-py38h578d9bd_3      conda-forge            
    jbig:             2.1-h7f98852_2003          conda-forge            
    jpeg:             9d-h36c2ea0_0              conda-forge            
    lcms2:            2.12-hddcbb42_0            conda-forge            
    ld_impl_linux-64: 2.36.1-hea4e1c9_2          conda-forge            
    lerc:             2.2.1-h9c3ff4c_0           conda-forge            
    libblas:          3.9.0-11_linux64_openblas  conda-forge            
    libcblas:         3.9.0-11_linux64_openblas  conda-forge            
    libdeflate:       1.7-h7f98852_5             conda-forge            
    libffi:           3.4.2-h9c3ff4c_1           conda-forge            
    libgcc-ng:        11.2.0-h1d223b6_8          conda-forge            
    libgfortran-ng:   11.2.0-h69a702a_8          conda-forge            
    libgfortran5:     11.2.0-h5c6108e_8          conda-forge            
    libgomp:          11.2.0-h1d223b6_8          conda-forge            
    libiconv:         1.16-h516909a_0            conda-forge            
    liblapack:        3.9.0-11_linux64_openblas  conda-forge            
    libopenblas:      0.3.17-pthreads_h8fe5266_1 conda-forge            
    libpng:           1.6.37-h21135ba_2          conda-forge            
    libstdcxx-ng:     11.2.0-he4da1e4_8          conda-forge            
    libtiff:          4.3.0-hf544144_1           conda-forge            
    libwebp-base:     1.2.1-h7f98852_0           conda-forge            
    lz4-c:            1.9.3-h9c3ff4c_1           conda-forge            
    ncurses:          6.2-h58526e2_4             conda-forge            
    numpy:            1.21.2-py38he2449b9_0      conda-forge            
    olefile:          0.46-pyh9f0ad1d_1          conda-forge            
    omero-py:         5.9.1-py_0                 file:///tmp/tmpwor6xewd
    openjpeg:         2.4.0-hb52868f_1           conda-forge            
    openssl:          1.1.1l-h7f98852_0          conda-forge            
    pillow:           8.3.2-py38h8e6f84c_0       conda-forge            
    pip:              21.2.4-pyhd8ed1ab_0        conda-forge            
    python:           3.8.12-hb7a2778_0_cpython  conda-forge            
    python_abi:       3.8-2_cp38                 conda-forge            
    readline:         8.1-h46c0cb4_0             conda-forge            
    setuptools:       58.0.4-py38h578d9bd_0      conda-forge            
    sqlite:           3.36.0-h9cd32fc_1          conda-forge            
    tk:               8.6.11-h27826a3_1          conda-forge            
    wheel:            0.37.0-pyhd8ed1ab_1        conda-forge            
    xz:               5.2.5-h516909a_1           conda-forge            
    zeroc-ice:        3.6.5-py38hf206c35_1       conda-forge            
    zlib:             1.2.11-h516909a_1010       conda-forge            
    zstd:             1.5.0-ha95c52a_0           conda-forge            

Preparing transaction: ...working... done
Verifying transaction: ...working... done
Executing transaction: ...working... done
export PREFIX=/home/vsts/conda/conda-bld/omero-py_1631912042283/_test_env_placehold_placehold_placehold_placehold_placehold_placehold_placehold_placehold_placehold_placehold_placehold_placehold_placehold_placehold_placehold_placehold_placehold_placehold_placehold_pla
export SRC_DIR=/home/vsts/conda/conda-bld/omero-py_1631912042283/test_tmp
import: 'omero'
import: 'omero.api'
import: 'omero.clients'
import: 'omero.cli'
import: 'omero.cmd'
import: 'omero.constants'
import: 'omero.fs'
import: 'omero.gateway'
import: 'omero.grid'
import: 'omero.install'
import: 'omero.metadatastore'
import: 'omero.model'
import: 'omero.plugins'
import: 'omero.romio'
import: 'omero.sys'
import: 'omero.util'
import: 'omero_ext'
import: 'omero'
import: 'omero.api'
import: 'omero.cli'
import: 'omero.clients'
import: 'omero.cmd'
import: 'omero.constants'
import: 'omero.fs'
import: 'omero.gateway'
import: 'omero.grid'
import: 'omero.install'
import: 'omero.metadatastore'
import: 'omero.model'
import: 'omero.plugins'
import: 'omero.romio'
import: 'omero.sys'
import: 'omero.util'
import: 'omero_ext'

Leaving build/test directories:
  Work:
 /home/vsts/conda/conda-bld/work 
  Test:
 /home/vsts/conda/conda-bld/test_tmp 
Leaving build/test environments:
  Test:
source activate  /home/vsts/conda/conda-bld/_test_env_placehold_placehold_placehold_placehold_placehold_placehold_placehold_placehold_placehold_placehold_placehold_placehold_placehold_placehold_placehold_placehold_placehold_placehold_placehold_placehold_placehold_placeh 
  Build:
source activate  /home/vsts/conda/conda-bld/_build_env 


