Updating build index: /Users/runner/conda/conda-bld

TEST START: /var/folders/24/8k48jl6d249_n_qfxwsl6xvm0000gn/T/tmpzyieu7sz/noarch/insilicoseq-1.5.4-pyh5e36f6f_0.tar.bz2
Reloading output folder: /Users/runner/conda/conda-bld
  Package                    Version  Build               Channel                                                                   Size
──────────────────────────────────────────────────────────────────────────────────────────────────────────────────────────────────────────
  Install:
──────────────────────────────────────────────────────────────────────────────────────────────────────────────────────────────────────────

  + biopython                   1.78  py39h89e85a6_2      conda-forge/osx-64                                                        3 MB
  + brotlipy                   0.7.0  py39h89e85a6_1001   conda-forge/osx-64                                                      Cached
  + bzip2                      1.0.8  h0d85af4_4          conda-forge/osx-64                                                      Cached
  + c-ares                    1.18.1  h0d85af4_0          conda-forge/osx-64                                                      Cached
  + ca-certificates        2021.10.8  h033912b_0          conda-forge/osx-64                                                      Cached
  + certifi                2021.10.8  py39h6e9494a_0      conda-forge/osx-64                                                      Cached
  + cffi                      1.14.6  py39he338e87_1      conda-forge/osx-64                                                      Cached
  + chardet                    4.0.0  py39h6e9494a_1      conda-forge/osx-64                                                      Cached
  + charset-normalizer         2.0.0  pyhd8ed1ab_0        conda-forge/noarch                                                      Cached
  + cryptography              35.0.0  py39h209aa08_1      conda-forge/osx-64                                                      Cached
  + future                    0.18.2  py39h6e9494a_3      conda-forge/osx-64                                                      Cached
  + idna                         3.1  pyhd3deb0d_0        conda-forge/noarch                                                      Cached
  + insilicoseq                1.5.4  pyh5e36f6f_0        /var/folders/24/8k48jl6d249_n_qfxwsl6xvm0000gn/T/tmpzyieu7sz/noarch       1 MB
  + joblib                     1.1.0  pyhd8ed1ab_0        conda-forge/noarch                                                      Cached
  + krb5                      1.19.2  hcfbf3a7_2          conda-forge/osx-64                                                      Cached
  + libblas                    3.9.0  12_osx64_openblas   conda-forge/osx-64                                                       12 KB
  + libcblas                   3.9.0  12_osx64_openblas   conda-forge/osx-64                                                       12 KB
  + libcurl                   7.79.1  hf45b732_1          conda-forge/osx-64                                                      Cached
  + libcxx                    12.0.1  habf9029_0          conda-forge/osx-64                                                      Cached
  + libdeflate                   1.7  h35c211d_5          conda-forge/osx-64                                                       67 KB
  + libedit             3.1.20191231  h0678c8f_2          conda-forge/osx-64                                                      Cached
  + libev                       4.33  haf1e3a3_1          conda-forge/osx-64                                                      Cached
  + libffi                     3.4.2  he49afe7_4          conda-forge/osx-64                                                      Cached
  + libgfortran                5.0.0  9_3_0_h6c81a4c_23   conda-forge/osx-64                                                       19 KB
  + libgfortran5               9.3.0  h6c81a4c_23         conda-forge/osx-64                                                        2 MB
  + liblapack                  3.9.0  12_osx64_openblas   conda-forge/osx-64                                                       12 KB
  + libnghttp2                1.43.0  h6f36284_1          conda-forge/osx-64                                                      Cached
  + libopenblas               0.3.18  openmp_h3351f45_0   conda-forge/osx-64                                                        9 MB
  + libssh2                   1.10.0  h52ee1ee_2          conda-forge/osx-64                                                      Cached
  + libzlib                   1.2.11  h9173be1_1013       conda-forge/osx-64                                                      Cached
  + llvm-openmp               12.0.1  hda6cdc1_1          conda-forge/osx-64                                                      287 KB
  + ncurses                      6.2  h2e338ed_4          conda-forge/osx-64                                                      Cached
  + numpy                     1.21.3  py39h7eed0ac_0      conda-forge/osx-64                                                        6 MB
  + openssl                   1.1.1l  h0d85af4_0          conda-forge/osx-64                                                      Cached
  + pip                       21.3.1  pyhd8ed1ab_0        conda-forge/noarch                                                      Cached
  + pycparser                   2.20  pyh9f0ad1d_2        conda-forge/noarch                                                      Cached
  + pyopenssl                 21.0.0  pyhd8ed1ab_0        conda-forge/noarch                                                      Cached
  + pysam                     0.17.0  py39h56703ae_0      bioconda/osx-64                                                           2 MB
  + pysocks                    1.7.1  py39h6e9494a_3      conda-forge/osx-64                                                      Cached
  + python                     3.9.7  h1248fe1_3_cpython  conda-forge/osx-64                                                      Cached
  + python_abi                   3.9  2_cp39              conda-forge/osx-64                                                      Cached
  + readline                     8.1  h05e3726_0          conda-forge/osx-64                                                      Cached
  + requests                  2.26.0  pyhd8ed1ab_0        conda-forge/noarch                                                      Cached
  + scipy                      1.7.1  py39h056f1c0_0      conda-forge/osx-64                                                       20 MB
  + setuptools                58.2.0  py39h6e9494a_0      conda-forge/osx-64                                                      Cached
  + six                       1.16.0  pyh6c4a22f_0        conda-forge/noarch                                                      Cached
  + sqlite                    3.36.0  h23a322b_2          conda-forge/osx-64                                                      Cached
  + tk                        8.6.11  h5dbffcc_1          conda-forge/osx-64                                                      Cached
  + tzdata                     2021e  he74cb21_0          conda-forge/noarch                                                      Cached
  + urllib3                   1.26.7  pyhd8ed1ab_0        conda-forge/noarch                                                      Cached
  + wheel                     0.37.0  pyhd8ed1ab_1        conda-forge/noarch                                                      Cached
  + xz                         5.2.5  haf1e3a3_1          conda-forge/osx-64                                                      Cached
  + zlib                      1.2.11  h9173be1_1013       conda-forge/osx-64                                                      Cached

  Summary:

  Install: 53 packages

  Total download: 43 MB

──────────────────────────────────────────────────────────────────────────────────────────────────────────────────────────────────────────


## Package Plan ##

  environment location: /Users/runner/conda/conda-bld/insilicoseq_1635454143454/_test_env_placehold_placehold_placehold_placehold_placehold_placehold_placehold_placehold_placehold_placehold_placehold_placehold_placehold_placehold_placehold_placehold_placehold_placehold_placeho


The following NEW packages will be INSTALLED:

    biopython:          1.78-py39h89e85a6_2      conda-forge                                                        
    brotlipy:           0.7.0-py39h89e85a6_1001  conda-forge                                                        
    bzip2:              1.0.8-h0d85af4_4         conda-forge                                                        
    c-ares:             1.18.1-h0d85af4_0        conda-forge                                                        
    ca-certificates:    2021.10.8-h033912b_0     conda-forge                                                        
    certifi:            2021.10.8-py39h6e9494a_0 conda-forge                                                        
    cffi:               1.14.6-py39he338e87_1    conda-forge                                                        
    chardet:            4.0.0-py39h6e9494a_1     conda-forge                                                        
    charset-normalizer: 2.0.0-pyhd8ed1ab_0       conda-forge                                                        
    cryptography:       35.0.0-py39h209aa08_1    conda-forge                                                        
    future:             0.18.2-py39h6e9494a_3    conda-forge                                                        
    idna:               3.1-pyhd3deb0d_0         conda-forge                                                        
    insilicoseq:        1.5.4-pyh5e36f6f_0       file:///var/folders/24/8k48jl6d249_n_qfxwsl6xvm0000gn/T/tmpzyieu7sz
    joblib:             1.1.0-pyhd8ed1ab_0       conda-forge                                                        
    krb5:               1.19.2-hcfbf3a7_2        conda-forge                                                        
    libblas:            3.9.0-12_osx64_openblas  conda-forge                                                        
    libcblas:           3.9.0-12_osx64_openblas  conda-forge                                                        
    libcurl:            7.79.1-hf45b732_1        conda-forge                                                        
    libcxx:             12.0.1-habf9029_0        conda-forge                                                        
    libdeflate:         1.7-h35c211d_5           conda-forge                                                        
    libedit:            3.1.20191231-h0678c8f_2  conda-forge                                                        
    libev:              4.33-haf1e3a3_1          conda-forge                                                        
    libffi:             3.4.2-he49afe7_4         conda-forge                                                        
    libgfortran:        5.0.0-9_3_0_h6c81a4c_23  conda-forge                                                        
    libgfortran5:       9.3.0-h6c81a4c_23        conda-forge                                                        
    liblapack:          3.9.0-12_osx64_openblas  conda-forge                                                        
    libnghttp2:         1.43.0-h6f36284_1        conda-forge                                                        
    libopenblas:        0.3.18-openmp_h3351f45_0 conda-forge                                                        
    libssh2:            1.10.0-h52ee1ee_2        conda-forge                                                        
    libzlib:            1.2.11-h9173be1_1013     conda-forge                                                        
    llvm-openmp:        12.0.1-hda6cdc1_1        conda-forge                                                        
    ncurses:            6.2-h2e338ed_4           conda-forge                                                        
    numpy:              1.21.3-py39h7eed0ac_0    conda-forge                                                        
    openssl:            1.1.1l-h0d85af4_0        conda-forge                                                        
    pip:                21.3.1-pyhd8ed1ab_0      conda-forge                                                        
    pycparser:          2.20-pyh9f0ad1d_2        conda-forge                                                        
    pyopenssl:          21.0.0-pyhd8ed1ab_0      conda-forge                                                        
    pysam:              0.17.0-py39h56703ae_0    bioconda                                                           
    pysocks:            1.7.1-py39h6e9494a_3     conda-forge                                                        
    python:             3.9.7-h1248fe1_3_cpython conda-forge                                                        
    python_abi:         3.9-2_cp39               conda-forge                                                        
    readline:           8.1-h05e3726_0           conda-forge                                                        
    requests:           2.26.0-pyhd8ed1ab_0      conda-forge                                                        
    scipy:              1.7.1-py39h056f1c0_0     conda-forge                                                        
    setuptools:         58.2.0-py39h6e9494a_0    conda-forge                                                        
    six:                1.16.0-pyh6c4a22f_0      conda-forge                                                        
    sqlite:             3.36.0-h23a322b_2        conda-forge                                                        
    tk:                 8.6.11-h5dbffcc_1        conda-forge                                                        
    tzdata:             2021e-he74cb21_0         conda-forge                                                        
    urllib3:            1.26.7-pyhd8ed1ab_0      conda-forge                                                        
    wheel:              0.37.0-pyhd8ed1ab_1      conda-forge                                                        
    xz:                 5.2.5-haf1e3a3_1         conda-forge                                                        
    zlib:               1.2.11-h9173be1_1013     conda-forge                                                        

Preparing transaction: ...working... done
Verifying transaction: ...working... done
Executing transaction: ...working... done
export PREFIX=/Users/runner/conda/conda-bld/insilicoseq_1635454143454/_test_env_placehold_placehold_placehold_placehold_placehold_placehold_placehold_placehold_placehold_placehold_placehold_placehold_placehold_placehold_placehold_placehold_placehold_placehold_placeho
export SRC_DIR=/Users/runner/conda/conda-bld/insilicoseq_1635454143454/test_tmp
import: 'iss'
import: 'iss'

Leaving build/test directories:
  Work:
 /Users/runner/conda/conda-bld/work 
  Test:
 /Users/runner/conda/conda-bld/test_tmp 
Leaving build/test environments:
  Test:
source activate  /Users/runner/conda/conda-bld/_test_env_placehold_placehold_placehold_placehold_placehold_placehold_placehold_placehold_placehold_placehold_placehold_placehold_placehold_placehold_placehold_placehold_placehold_placehold_placehold_placehold_placehold_pla 
  Build:
source activate  /Users/runner/conda/conda-bld/_build_env 


