Updating build index: /home/vsts/conda/conda-bld

TEST START: /tmp/tmpioak4dn_/noarch/bioconductor-chipxpressdata-1.30.0-r41hdfd78af_0.tar.bz2
Reloading output folder: /home/vsts/conda/conda-bld
  Package                             Version  Build                Channel                       Size
────────────────────────────────────────────────────────────────────────────────────────────────────────
  Install:
────────────────────────────────────────────────────────────────────────────────────────────────────────

  + _libgcc_mutex                         0.1  conda_forge          conda-forge/linux-64        Cached
  + _openmp_mutex                         4.5  1_gnu                conda-forge/linux-64        Cached
  + _r-mutex                            1.0.1  anacondar_1          conda-forge/noarch          Cached
  + binutils_impl_linux-64             2.36.1  h193b22a_2           conda-forge/linux-64        Cached
  + binutils_linux-64                    2.36  hf3e587d_1           conda-forge/linux-64        Cached
  + bioconductor-chipxpressdata        1.30.0  r41hdfd78af_0        /tmp/tmpioak4dn_/noarch      18 KB
  + bwidget                            1.9.14  ha770c72_1           conda-forge/linux-64        Cached
  + bzip2                               1.0.8  h7f98852_4           conda-forge/linux-64        Cached
  + c-ares                             1.18.0  h7f98852_0           conda-forge/linux-64        Cached
  + ca-certificates                 2021.10.8  ha878542_0           conda-forge/linux-64        Cached
  + cairo                              1.16.0  h6cf1ce9_1008        conda-forge/linux-64        Cached
  + curl                               7.79.1  h494985f_1           conda-forge/linux-64        Cached
  + font-ttf-dejavu-sans-mono            2.37  hab24e00_0           conda-forge/noarch          Cached
  + font-ttf-inconsolata                3.000  h77eed37_0           conda-forge/noarch          Cached
  + font-ttf-source-code-pro            2.038  h77eed37_0           conda-forge/noarch          Cached
  + font-ttf-ubuntu                      0.83  hab24e00_0           conda-forge/noarch          Cached
  + fontconfig                         2.13.1  hba837de_1005        conda-forge/linux-64        Cached
  + fonts-conda-ecosystem                   1  0                    conda-forge/noarch          Cached
  + fonts-conda-forge                       1  0                    conda-forge/noarch          Cached
  + freetype                           2.10.4  h0708190_1           conda-forge/linux-64        Cached
  + fribidi                            1.0.10  h36c2ea0_0           conda-forge/linux-64        Cached
  + gcc_impl_linux-64                   9.4.0  h03d3576_11          conda-forge/linux-64        Cached
  + gcc_linux-64                        9.4.0  h391b98a_1           conda-forge/linux-64        Cached
  + gettext                          0.19.8.1  h73d1719_1008        conda-forge/linux-64        Cached
  + gfortran_impl_linux-64              9.4.0  h0003116_11          conda-forge/linux-64        Cached
  + gfortran_linux-64                   9.4.0  hf0ab688_1           conda-forge/linux-64        Cached
  + graphite2                          1.3.13  h58526e2_1001        conda-forge/linux-64        Cached
  + gsl                                   2.7  he838d99_0           conda-forge/linux-64        Cached
  + gxx_impl_linux-64                   9.4.0  h03d3576_11          conda-forge/linux-64        Cached
  + gxx_linux-64                        9.4.0  h0316aca_1           conda-forge/linux-64        Cached
  + harfbuzz                            3.0.0  h83ec7ef_1           conda-forge/linux-64        Cached
  + icu                                  68.1  h58526e2_0           conda-forge/linux-64        Cached
  + jbig                                  2.1  h7f98852_2003        conda-forge/linux-64        Cached
  + jpeg                                   9d  h36c2ea0_0           conda-forge/linux-64        Cached
  + kernel-headers_linux-64            2.6.32  he073ed8_14          conda-forge/noarch          Cached
  + krb5                               1.19.2  h48eae69_2           conda-forge/linux-64        Cached
  + ld_impl_linux-64                   2.36.1  hea4e1c9_2           conda-forge/linux-64        Cached
  + lerc                                  3.0  h9c3ff4c_0           conda-forge/linux-64        Cached
  + libblas                             3.9.0  12_linux64_openblas  conda-forge/linux-64        Cached
  + libcblas                            3.9.0  12_linux64_openblas  conda-forge/linux-64        Cached
  + libcurl                            7.79.1  h494985f_1           conda-forge/linux-64        Cached
  + libdeflate                            1.8  h7f98852_0           conda-forge/linux-64        Cached
  + libedit                      3.1.20191231  he28a2e2_2           conda-forge/linux-64        Cached
  + libev                                4.33  h516909a_1           conda-forge/linux-64        Cached
  + libffi                              3.4.2  h9c3ff4c_4           conda-forge/linux-64        Cached
  + libgcc-devel_linux-64               9.4.0  hd854feb_11          conda-forge/linux-64        Cached
  + libgcc-ng                          11.2.0  h1d223b6_11          conda-forge/linux-64        Cached
  + libgfortran-ng                     11.2.0  h69a702a_11          conda-forge/linux-64        Cached
  + libgfortran5                       11.2.0  h5c6108e_11          conda-forge/linux-64        Cached
  + libglib                            2.70.0  h174f98d_1           conda-forge/linux-64        Cached
  + libgomp                            11.2.0  h1d223b6_11          conda-forge/linux-64        Cached
  + libiconv                             1.16  h516909a_0           conda-forge/linux-64        Cached
  + liblapack                           3.9.0  12_linux64_openblas  conda-forge/linux-64        Cached
  + libnghttp2                         1.43.0  ha19adfc_1           conda-forge/linux-64        Cached
  + libopenblas                        0.3.18  pthreads_h8fe5266_0  conda-forge/linux-64        Cached
  + libpng                             1.6.37  h21135ba_2           conda-forge/linux-64        Cached
  + libsanitizer                        9.4.0  h79bfe98_11          conda-forge/linux-64        Cached
  + libssh2                            1.10.0  ha35d2d1_2           conda-forge/linux-64        Cached
  + libstdcxx-devel_linux-64            9.4.0  hd854feb_11          conda-forge/linux-64        Cached
  + libstdcxx-ng                       11.2.0  he4da1e4_11          conda-forge/linux-64        Cached
  + libtiff                             4.3.0  h6f004c6_2           conda-forge/linux-64        Cached
  + libuuid                            2.32.1  h7f98852_1000        conda-forge/linux-64        Cached
  + libwebp-base                        1.2.1  h7f98852_0           conda-forge/linux-64        Cached
  + libxcb                               1.13  h7f98852_1003        conda-forge/linux-64        Cached
  + libxml2                            2.9.12  h72842e0_0           conda-forge/linux-64        Cached
  + libzlib                            1.2.11  h36c2ea0_1013        conda-forge/linux-64        Cached
  + lz4-c                               1.9.3  h9c3ff4c_1           conda-forge/linux-64        Cached
  + make                                  4.3  hd18ef5c_1           conda-forge/linux-64        Cached
  + ncurses                               6.2  h58526e2_4           conda-forge/linux-64        Cached
  + openssl                             3.0.0  h7f98852_1           conda-forge/linux-64        Cached
  + pango                             1.48.10  h54213e6_2           conda-forge/linux-64        Cached
  + pcre                                 8.45  h9c3ff4c_0           conda-forge/linux-64        Cached
  + pcre2                               10.37  h032f7d1_0           conda-forge/linux-64        Cached
  + pixman                             0.40.0  h36c2ea0_0           conda-forge/linux-64        Cached
  + pthread-stubs                         0.4  h36c2ea0_1001        conda-forge/linux-64        Cached
  + r-base                              4.1.1  hb93adac_1           conda-forge/linux-64        Cached
  + r-bh                             1.75.0_0  r41hc72bb7e_0        conda-forge/noarch           11 MB
  + r-bigmemory                        4.5.36  r41h03ef668_1        conda-forge/linux-64        555 KB
  + r-bigmemory.sri                     0.1.3  r41hc72bb7e_1004     conda-forge/noarch           24 KB
  + r-rcpp                              1.0.7  r41h03ef668_0        conda-forge/linux-64          2 MB
  + readline                              8.1  h46c0cb4_0           conda-forge/linux-64        Cached
  + sed                                   4.8  he412f7d_0           conda-forge/linux-64        Cached
  + sysroot_linux-64                     2.12  he073ed8_14          conda-forge/noarch          Cached
  + tk                                 8.6.11  h27826a3_1           conda-forge/linux-64        Cached
  + tktable                              2.10  hb7b940f_3           conda-forge/linux-64        Cached
  + xorg-kbproto                        1.0.7  h7f98852_1002        conda-forge/linux-64        Cached
  + xorg-libice                        1.0.10  h7f98852_0           conda-forge/linux-64        Cached
  + xorg-libsm                          1.2.3  hd9c2040_1000        conda-forge/linux-64        Cached
  + xorg-libx11                         1.7.2  h7f98852_0           conda-forge/linux-64        Cached
  + xorg-libxau                         1.0.9  h7f98852_0           conda-forge/linux-64        Cached
  + xorg-libxdmcp                       1.1.3  h7f98852_0           conda-forge/linux-64        Cached
  + xorg-libxext                        1.3.4  h7f98852_1           conda-forge/linux-64        Cached
  + xorg-libxrender                    0.9.10  h7f98852_1003        conda-forge/linux-64        Cached
  + xorg-libxt                          1.2.1  h7f98852_2           conda-forge/linux-64        Cached
  + xorg-renderproto                   0.11.1  h7f98852_1002        conda-forge/linux-64        Cached
  + xorg-xextproto                      7.3.0  h7f98852_1002        conda-forge/linux-64        Cached
  + xorg-xproto                        7.0.31  h7f98852_1007        conda-forge/linux-64        Cached
  + xz                                  5.2.5  h516909a_1           conda-forge/linux-64        Cached
  + zlib                               1.2.11  h36c2ea0_1013        conda-forge/linux-64        Cached
  + zstd                                1.5.0  ha95c52a_0           conda-forge/linux-64        Cached

  Summary:

  Install: 100 packages

  Total download: 14 MB

────────────────────────────────────────────────────────────────────────────────────────────────────────


## Package Plan ##

  environment location: /home/vsts/conda/conda-bld/bioconductor-chipxpressdata_1635347157364/_test_env_placehold_placehold_placehold_placehold_placehold_placehold_placehold_placehold_placehold_placehold_placehold_placehold_placehold_placehold_placehold_placehold_placehold_plac


The following NEW packages will be INSTALLED:

    _libgcc_mutex:               0.1-conda_forge            conda-forge            
    _openmp_mutex:               4.5-1_gnu                  conda-forge            
    _r-mutex:                    1.0.1-anacondar_1          conda-forge            
    binutils_impl_linux-64:      2.36.1-h193b22a_2          conda-forge            
    binutils_linux-64:           2.36-hf3e587d_1            conda-forge            
    bioconductor-chipxpressdata: 1.30.0-r41hdfd78af_0       file:///tmp/tmpioak4dn_
    bwidget:                     1.9.14-ha770c72_1          conda-forge            
    bzip2:                       1.0.8-h7f98852_4           conda-forge            
    c-ares:                      1.18.0-h7f98852_0          conda-forge            
    ca-certificates:             2021.10.8-ha878542_0       conda-forge            
    cairo:                       1.16.0-h6cf1ce9_1008       conda-forge            
    curl:                        7.79.1-h494985f_1          conda-forge            
    font-ttf-dejavu-sans-mono:   2.37-hab24e00_0            conda-forge            
    font-ttf-inconsolata:        3.000-h77eed37_0           conda-forge            
    font-ttf-source-code-pro:    2.038-h77eed37_0           conda-forge            
    font-ttf-ubuntu:             0.83-hab24e00_0            conda-forge            
    fontconfig:                  2.13.1-hba837de_1005       conda-forge            
    fonts-conda-ecosystem:       1-0                        conda-forge            
    fonts-conda-forge:           1-0                        conda-forge            
    freetype:                    2.10.4-h0708190_1          conda-forge            
    fribidi:                     1.0.10-h36c2ea0_0          conda-forge            
    gcc_impl_linux-64:           9.4.0-h03d3576_11          conda-forge            
    gcc_linux-64:                9.4.0-h391b98a_1           conda-forge            
    gettext:                     0.19.8.1-h73d1719_1008     conda-forge            
    gfortran_impl_linux-64:      9.4.0-h0003116_11          conda-forge            
    gfortran_linux-64:           9.4.0-hf0ab688_1           conda-forge            
    graphite2:                   1.3.13-h58526e2_1001       conda-forge            
    gsl:                         2.7-he838d99_0             conda-forge            
    gxx_impl_linux-64:           9.4.0-h03d3576_11          conda-forge            
    gxx_linux-64:                9.4.0-h0316aca_1           conda-forge            
    harfbuzz:                    3.0.0-h83ec7ef_1           conda-forge            
    icu:                         68.1-h58526e2_0            conda-forge            
    jbig:                        2.1-h7f98852_2003          conda-forge            
    jpeg:                        9d-h36c2ea0_0              conda-forge            
    kernel-headers_linux-64:     2.6.32-he073ed8_14         conda-forge            
    krb5:                        1.19.2-h48eae69_2          conda-forge            
    ld_impl_linux-64:            2.36.1-hea4e1c9_2          conda-forge            
    lerc:                        3.0-h9c3ff4c_0             conda-forge            
    libblas:                     3.9.0-12_linux64_openblas  conda-forge            
    libcblas:                    3.9.0-12_linux64_openblas  conda-forge            
    libcurl:                     7.79.1-h494985f_1          conda-forge            
    libdeflate:                  1.8-h7f98852_0             conda-forge            
    libedit:                     3.1.20191231-he28a2e2_2    conda-forge            
    libev:                       4.33-h516909a_1            conda-forge            
    libffi:                      3.4.2-h9c3ff4c_4           conda-forge            
    libgcc-devel_linux-64:       9.4.0-hd854feb_11          conda-forge            
    libgcc-ng:                   11.2.0-h1d223b6_11         conda-forge            
    libgfortran-ng:              11.2.0-h69a702a_11         conda-forge            
    libgfortran5:                11.2.0-h5c6108e_11         conda-forge            
    libglib:                     2.70.0-h174f98d_1          conda-forge            
    libgomp:                     11.2.0-h1d223b6_11         conda-forge            
    libiconv:                    1.16-h516909a_0            conda-forge            
    liblapack:                   3.9.0-12_linux64_openblas  conda-forge            
    libnghttp2:                  1.43.0-ha19adfc_1          conda-forge            
    libopenblas:                 0.3.18-pthreads_h8fe5266_0 conda-forge            
    libpng:                      1.6.37-h21135ba_2          conda-forge            
    libsanitizer:                9.4.0-h79bfe98_11          conda-forge            
    libssh2:                     1.10.0-ha35d2d1_2          conda-forge            
    libstdcxx-devel_linux-64:    9.4.0-hd854feb_11          conda-forge            
    libstdcxx-ng:                11.2.0-he4da1e4_11         conda-forge            
    libtiff:                     4.3.0-h6f004c6_2           conda-forge            
    libuuid:                     2.32.1-h7f98852_1000       conda-forge            
    libwebp-base:                1.2.1-h7f98852_0           conda-forge            
    libxcb:                      1.13-h7f98852_1003         conda-forge            
    libxml2:                     2.9.12-h72842e0_0          conda-forge            
    libzlib:                     1.2.11-h36c2ea0_1013       conda-forge            
    lz4-c:                       1.9.3-h9c3ff4c_1           conda-forge            
    make:                        4.3-hd18ef5c_1             conda-forge            
    ncurses:                     6.2-h58526e2_4             conda-forge            
    openssl:                     3.0.0-h7f98852_1           conda-forge            
    pango:                       1.48.10-h54213e6_2         conda-forge            
    pcre:                        8.45-h9c3ff4c_0            conda-forge            
    pcre2:                       10.37-h032f7d1_0           conda-forge            
    pixman:                      0.40.0-h36c2ea0_0          conda-forge            
    pthread-stubs:               0.4-h36c2ea0_1001          conda-forge            
    r-base:                      4.1.1-hb93adac_1           conda-forge            
    r-bh:                        1.75.0_0-r41hc72bb7e_0     conda-forge            
    r-bigmemory:                 4.5.36-r41h03ef668_1       conda-forge            
    r-bigmemory.sri:             0.1.3-r41hc72bb7e_1004     conda-forge            
    r-rcpp:                      1.0.7-r41h03ef668_0        conda-forge            
    readline:                    8.1-h46c0cb4_0             conda-forge            
    sed:                         4.8-he412f7d_0             conda-forge            
    sysroot_linux-64:            2.12-he073ed8_14           conda-forge            
    tk:                          8.6.11-h27826a3_1          conda-forge            
    tktable:                     2.10-hb7b940f_3            conda-forge            
    xorg-kbproto:                1.0.7-h7f98852_1002        conda-forge            
    xorg-libice:                 1.0.10-h7f98852_0          conda-forge            
    xorg-libsm:                  1.2.3-hd9c2040_1000        conda-forge            
    xorg-libx11:                 1.7.2-h7f98852_0           conda-forge            
    xorg-libxau:                 1.0.9-h7f98852_0           conda-forge            
    xorg-libxdmcp:               1.1.3-h7f98852_0           conda-forge            
    xorg-libxext:                1.3.4-h7f98852_1           conda-forge            
    xorg-libxrender:             0.9.10-h7f98852_1003       conda-forge            
    xorg-libxt:                  1.2.1-h7f98852_2           conda-forge            
    xorg-renderproto:            0.11.1-h7f98852_1002       conda-forge            
    xorg-xextproto:              7.3.0-h7f98852_1002        conda-forge            
    xorg-xproto:                 7.0.31-h7f98852_1007       conda-forge            
    xz:                          5.2.5-h516909a_1           conda-forge            
    zlib:                        1.2.11-h36c2ea0_1013       conda-forge            
    zstd:                        1.5.0-ha95c52a_0           conda-forge            

Preparing transaction: ...working... done
Verifying transaction: ...working... done
Executing transaction: ...working... 