Updating build index: /Users/runner/conda/conda-bld

TEST START: /var/folders/24/8k48jl6d249_n_qfxwsl6xvm0000gn/T/tmprwispbqh/noarch/lyner-0.4.3-py_0.tar.bz2
Adding in variants from internal_defaults
Adding in variants from /var/folders/24/8k48jl6d249_n_qfxwsl6xvm0000gn/T/tmpylzmaq7a/info/recipe/conda_build_config.yaml
Reloading output folder: /Users/runner/conda/conda-bld
  Package                         Version  Build                   Channel                                                                   Size
───────────────────────────────────────────────────────────────────────────────────────────────────────────────────────────────────────────────────
  Install:
───────────────────────────────────────────────────────────────────────────────────────────────────────────────────────────────────────────────────

  + abseil-cpp                 20210324.2  he49afe7_0              conda-forge/osx-64                                                      937 KB
  + absl-py                        0.15.0  pyhd8ed1ab_0            conda-forge/noarch                                                       98 KB
  + aiohttp                   3.7.4.post0  py39h89e85a6_0          conda-forge/osx-64                                                      596 KB
  + arviz                          0.11.4  pyhd8ed1ab_0            conda-forge/noarch                                                        1 MB
  + astor                           0.8.1  pyh9f0ad1d_0            conda-forge/noarch                                                       25 KB
  + astunparse                      1.6.3  pyhd8ed1ab_0            conda-forge/noarch                                                       15 KB
  + async-timeout                   3.0.1  py_1000                 conda-forge/noarch                                                       11 KB
  + attrs                          21.2.0  pyhd8ed1ab_0            conda-forge/noarch                                                      Cached
  + bedtools                       2.30.0  haa7f73a_2              bioconda/osx-64                                                         807 KB
  + blinker                           1.4  py_1                    conda-forge/noarch                                                       13 KB
  + brotlipy                        0.7.0  py39h89e85a6_1001       conda-forge/osx-64                                                      Cached
  + bzip2                           1.0.8  h0d85af4_4              conda-forge/osx-64                                                      Cached
  + c-ares                         1.17.2  h0d85af4_0              conda-forge/osx-64                                                      Cached
  + c-compiler                      1.3.0  h0d85af4_0              conda-forge/osx-64                                                        5 KB
  + ca-certificates             2021.10.8  h033912b_0              conda-forge/osx-64                                                      Cached
  + cached-property                 1.5.2  hd8ed1ab_1              conda-forge/noarch                                                        4 KB
  + cached_property                 1.5.2  pyha770c72_1            conda-forge/noarch                                                       11 KB
  + cachetools                      4.2.4  pyhd8ed1ab_0            conda-forge/noarch                                                       12 KB
  + cctools                       949.0.1  hd9211c8_21             conda-forge/osx-64                                                       16 KB
  + cctools_osx-64                949.0.1  h6407bdd_21             conda-forge/osx-64                                                        2 MB
  + certifi                     2021.10.8  py39h6e9494a_0          conda-forge/osx-64                                                      Cached
  + cffi                           1.14.6  py39he338e87_1          conda-forge/osx-64                                                      Cached
  + cftime                          1.5.1  py39hc89836e_0          conda-forge/osx-64                                                      194 KB
  + chardet                         4.0.0  py39h6e9494a_1          conda-forge/osx-64                                                      Cached
  + charset-normalizer              2.0.0  pyhd8ed1ab_0            conda-forge/noarch                                                      Cached
  + clang                          11.1.0  h694c41f_1              conda-forge/osx-64                                                      125 KB
  + clang-11                       11.1.0  default_he082bbe_1      conda-forge/osx-64                                                      684 KB
  + clang_osx-64                   11.1.0  hb91bd55_3              conda-forge/osx-64                                                       16 KB
  + clangxx                        11.1.0  default_he082bbe_1      conda-forge/osx-64                                                      125 KB
  + clangxx_osx-64                 11.1.0  h7e1b574_3              conda-forge/osx-64                                                       15 KB
  + click                           8.0.3  py39h6e9494a_0          conda-forge/osx-64                                                      146 KB
  + click-aliases                   1.0.1  py_0                    conda-forge/noarch                                                        6 KB
  + compiler-rt                    11.1.0  h654b07c_0              conda-forge/osx-64                                                       78 KB
  + compiler-rt_osx-64             11.1.0  h8c5fa43_0              conda-forge/noarch                                                        6 MB
  + cryptography                   35.0.0  py39heaea23e_0          conda-forge/osx-64                                                      Cached
  + curl                           7.79.1  hf45b732_1              conda-forge/osx-64                                                      141 KB
  + cxx-compiler                    1.3.0  h940c156_0              conda-forge/osx-64                                                        5 KB
  + cycler                         0.10.0  py_2                    conda-forge/noarch                                                        9 KB
  + dataclasses                       0.8  pyhc8e2a94_3            conda-forge/noarch                                                      Cached
  + decorator                       4.4.2  py_0                    conda-forge/noarch                                                       11 KB
  + dill                            0.3.4  pyhd8ed1ab_0            conda-forge/noarch                                                       62 KB
  + fastprogress                    1.0.0  py_0                    conda-forge/noarch                                                       15 KB
  + filelock                        3.3.1  pyhd8ed1ab_0            conda-forge/noarch                                                      Cached
  + freetype                       2.10.4  h4cff582_1              conda-forge/osx-64                                                      Cached
  + gast                            0.4.0  pyh9f0ad1d_0            conda-forge/noarch                                                       12 KB
  + giflib                          5.2.1  hbcb3906_2              conda-forge/osx-64                                                      Cached
  + google-auth                    1.35.0  pyh6c4a22f_0            conda-forge/noarch                                                       81 KB
  + google-auth-oauthlib            0.4.6  pyhd8ed1ab_0            conda-forge/noarch                                                       19 KB
  + google-pasta                    0.2.0  pyh8c360ce_0            conda-forge/noarch                                                       42 KB
  + grpc-cpp                       1.37.1  h69eed7d_3              conda-forge/osx-64                                                        3 MB
  + grpcio                         1.37.1  py39hb974310_0          conda-forge/osx-64                                                        2 MB
  + h5py                            3.1.0  nompi_py39hdc2b67d_100  conda-forge/osx-64                                                        1 MB
  + hdf4                           4.2.15  hefd3b78_3              conda-forge/osx-64                                                      885 KB
  + hdf5                           1.10.6  nompi_hc5d9132_1114     conda-forge/osx-64                                                        3 MB
  + icu                              68.1  h74dc148_0              conda-forge/osx-64                                                      Cached
  + idna                              3.1  pyhd3deb0d_0            conda-forge/noarch                                                      Cached
  + importlib-metadata              4.8.1  py39h6e9494a_0          conda-forge/osx-64                                                      Cached
  + jax                            0.2.24  pyhd8ed1ab_0            conda-forge/noarch                                                      659 KB
  + jaxlib                         0.1.73  py39h757cd7f_0          conda-forge/osx-64                                                       44 MB
  + jbig                              2.1  h0d85af4_2003           conda-forge/osx-64                                                      Cached
  + joblib                          1.1.0  pyhd8ed1ab_0            conda-forge/noarch                                                      Cached
  + jpeg                               9d  hbcb3906_0              conda-forge/osx-64                                                      Cached
  + keras                           2.6.0  pyhd8ed1ab_0            conda-forge/noarch                                                      822 KB
  + keras-preprocessing             1.1.2  pyhd8ed1ab_0            conda-forge/noarch                                                       34 KB
  + kiwisolver                      1.3.2  py39hf018cea_0          conda-forge/osx-64                                                       59 KB
  + krb5                           1.19.2  hcfbf3a7_2              conda-forge/osx-64                                                      Cached
  + lcms2                            2.12  h577c468_0              conda-forge/osx-64                                                      404 KB
  + ld64                              530  hd2e7500_21             conda-forge/osx-64                                                       14 KB
  + ld64_osx-64                       530  he8994da_21             conda-forge/osx-64                                                        1 MB
  + ldid                            2.1.2  h6a69015_3              conda-forge/osx-64                                                      Cached
  + lerc                            2.2.1  h046ec9c_0              conda-forge/osx-64                                                      164 KB
  + libblas                         3.9.0  12_osx64_openblas       conda-forge/osx-64                                                      Cached
  + libcblas                        3.9.0  12_osx64_openblas       conda-forge/osx-64                                                      Cached
  + libclang-cpp11.1               11.1.0  default_he082bbe_1      conda-forge/osx-64                                                       13 MB
  + libcurl                        7.79.1  hf45b732_1              conda-forge/osx-64                                                      Cached
  + libcxx                         12.0.1  habf9029_0              conda-forge/osx-64                                                      Cached
  + libdeflate                        1.7  h35c211d_5              conda-forge/osx-64                                                       67 KB
  + libedit                  3.1.20191231  h0678c8f_2              conda-forge/osx-64                                                      Cached
  + libev                            4.33  haf1e3a3_1              conda-forge/osx-64                                                      Cached
  + libffi                          3.4.2  he49afe7_4              conda-forge/osx-64                                                      Cached
  + libgfortran                     5.0.0  9_3_0_h6c81a4c_23       conda-forge/osx-64                                                      Cached
  + libgfortran5                    9.3.0  h6c81a4c_23             conda-forge/osx-64                                                      Cached
  + libgpuarray                     0.7.6  h0d85af4_1003           conda-forge/osx-64                                                      191 KB
  + liblapack                       3.9.0  12_osx64_openblas       conda-forge/osx-64                                                      Cached
  + libllvm11                      11.1.0  hd011deb_2              conda-forge/osx-64                                                       22 MB
  + libnetcdf                       4.8.1  nompi_hb4d10b0_100      conda-forge/osx-64                                                        1 MB
  + libnghttp2                     1.43.0  h6f36284_1              conda-forge/osx-64                                                      Cached
  + libopenblas                    0.3.18  openmp_h3351f45_0       conda-forge/osx-64                                                      Cached
  + libpng                         1.6.37  h7cec526_2              conda-forge/osx-64                                                      Cached
  + libprotobuf                    3.15.8  hcf210ce_1              conda-forge/osx-64                                                        2 MB
  + libssh2                        1.10.0  h52ee1ee_2              conda-forge/osx-64                                                      Cached
  + libtiff                         4.3.0  h1167814_1              conda-forge/osx-64                                                      621 KB
  + libwebp-base                    1.2.1  h0d85af4_0              conda-forge/osx-64                                                      Cached
  + libzip                          1.8.0  h8b0c345_1              conda-forge/osx-64                                                      117 KB
  + libzlib                        1.2.11  h9173be1_1013           conda-forge/osx-64                                                      Cached
  + llvm-openmp                    12.0.1  hda6cdc1_1              conda-forge/osx-64                                                      Cached
  + llvm-tools                     11.1.0  hd011deb_2              conda-forge/osx-64                                                       12 MB
  + llvmlite                       0.37.0  py39h798a4f4_0          conda-forge/osx-64                                                      238 KB
  + lyner                           0.4.3  py_0                    /var/folders/24/8k48jl6d249_n_qfxwsl6xvm0000gn/T/tmprwispbqh/noarch      37 KB
  + lz4-c                           1.9.3  he49afe7_1              conda-forge/osx-64                                                      Cached
  + mako                            1.1.5  pyhd8ed1ab_0            conda-forge/noarch                                                       58 KB
  + markdown                        3.3.4  pyhd8ed1ab_0            conda-forge/noarch                                                       67 KB
  + markupsafe                      2.0.1  py39h89e85a6_0          conda-forge/osx-64                                                      Cached
  + matplotlib-base                 3.4.3  py39hb07454d_1          conda-forge/osx-64                                                        7 MB
  + mlxtend                        0.19.0  pyhd8ed1ab_0            conda-forge/noarch                                                        1 MB
  + multidict                       5.2.0  py39h89e85a6_0          conda-forge/osx-64                                                       56 KB
  + natsort                         7.1.1  pyhd8ed1ab_0            conda-forge/noarch                                                       33 KB
  + ncurses                           6.2  h2e338ed_4              conda-forge/osx-64                                                      Cached
  + netcdf4                         1.5.7  nompi_py39h8cf34ae_101  conda-forge/osx-64                                                      426 KB
  + networkx                        2.6.3  pyhd8ed1ab_0            conda-forge/noarch                                                        1 MB
  + numba                          0.54.1  py39h58500fb_0          conda-forge/osx-64                                                        4 MB
  + numpy                          1.19.5  py39h7eed0ac_2          conda-forge/osx-64                                                        5 MB
  + oauthlib                        3.1.1  pyhd8ed1ab_0            conda-forge/noarch                                                       87 KB
  + olefile                          0.46  pyh9f0ad1d_1            conda-forge/noarch                                                       32 KB
  + openjpeg                        2.4.0  h6e7aa92_1              conda-forge/osx-64                                                      374 KB
  + openssl                        1.1.1l  h0d85af4_0              conda-forge/osx-64                                                      Cached
  + opt_einsum                      3.3.0  pyhd8ed1ab_1            conda-forge/noarch                                                       53 KB
  + packaging                        21.0  pyhd8ed1ab_0            conda-forge/noarch                                                       35 KB
  + pandas                          1.3.4  py39h4d6be9b_0          conda-forge/osx-64                                                       12 MB
  + patsy                           0.5.2  pyhd8ed1ab_0            conda-forge/noarch                                                      188 KB
  + pillow                          8.3.2  py39he9bb72f_0          conda-forge/osx-64                                                      660 KB
  + pip                            21.3.1  pyhd8ed1ab_0            conda-forge/noarch                                                      Cached
  + plotly                          5.3.1  pyhd8ed1ab_0            conda-forge/noarch                                                        7 MB
  + protobuf                       3.15.8  py39h9fcab8e_0          conda-forge/osx-64                                                      317 KB
  + psutil                          5.8.0  py39h89e85a6_1          conda-forge/osx-64                                                      Cached
  + pyasn1                          0.4.8  py_0                    conda-forge/noarch                                                       53 KB
  + pyasn1-modules                  0.2.7  py_0                    conda-forge/noarch                                                       60 KB
  + pybedtools                      0.8.2  py39h33336d3_1          bioconda/osx-64                                                          12 MB
  + pycparser                        2.20  pyh9f0ad1d_2            conda-forge/noarch                                                      Cached
  + pygpu                           0.7.6  py39hc89836e_1002       conda-forge/osx-64                                                      575 KB
  + pyjwt                           2.3.0  pyhd8ed1ab_0            conda-forge/noarch                                                       18 KB
  + pymc3                          3.11.4  py39h360fd21_1          conda-forge/osx-64                                                        1 MB
  + pyopenssl                      21.0.0  pyhd8ed1ab_0            conda-forge/noarch                                                      Cached
  + pyparsing                       2.4.7  pyh9f0ad1d_0            conda-forge/noarch                                                       60 KB
  + pysam                          0.17.0  py39h56703ae_0          bioconda/osx-64                                                           2 MB
  + pysocks                         1.7.1  py39h6e9494a_3          conda-forge/osx-64                                                      Cached
  + python                          3.9.7  h1248fe1_3_cpython      conda-forge/osx-64                                                      Cached
  + python-dateutil                 2.8.2  pyhd8ed1ab_0            conda-forge/noarch                                                      240 KB
  + python-flatbuffers               1.12  pyhd8ed1ab_1            conda-forge/noarch                                                       19 KB
  + python_abi                        3.9  2_cp39                  conda-forge/osx-64                                                      Cached
  + pytz                           2021.3  pyhd8ed1ab_0            conda-forge/noarch                                                      Cached
  + pyu2f                           0.1.5  pyhd8ed1ab_0            conda-forge/noarch                                                       31 KB
  + re2                        2021.08.01  he49afe7_0              conda-forge/osx-64                                                      193 KB
  + readline                          8.1  h05e3726_0              conda-forge/osx-64                                                      Cached
  + requests                       2.26.0  pyhd8ed1ab_0            conda-forge/noarch                                                      Cached
  + requests-oauthlib               1.3.0  pyh9f0ad1d_0            conda-forge/noarch                                                       21 KB
  + rsa                             4.7.2  pyh44b312d_0            conda-forge/noarch                                                       28 KB
  + scikit-learn                      1.0  py39hd2caeff_1          conda-forge/osx-64                                                        7 MB
  + scipy                           1.7.1  py39h056f1c0_0          conda-forge/osx-64                                                       20 MB
  + semver                         2.13.0  pyh9f0ad1d_0            conda-forge/noarch                                                       15 KB
  + setuptools                     58.2.0  py39h6e9494a_0          conda-forge/osx-64                                                      Cached
  + six                            1.15.0  pyh9f0ad1d_0            conda-forge/noarch                                                       14 KB
  + snappy                          1.1.8  hb1e8313_3              conda-forge/osx-64                                                       29 KB
  + sqlite                         3.36.0  h23a322b_2              conda-forge/osx-64                                                      Cached
  + tapi                        1100.0.11  h9ce4665_0              conda-forge/osx-64                                                      Cached
  + tenacity                        8.0.1  pyhd8ed1ab_0            conda-forge/noarch                                                       21 KB
  + tensorboard                     2.6.0  pyhd8ed1ab_1            conda-forge/noarch                                                        5 MB
  + tensorboard-data-server         0.6.0  py39h4b466c7_0          conda-forge/osx-64                                                        2 MB
  + tensorboard-plugin-wit          1.8.0  pyh44b312d_0            conda-forge/noarch                                                      670 KB
  + tensorflow                      2.6.0  py39h6e9494a_0          conda-forge/osx-64                                                       23 KB
  + tensorflow-base                 2.6.0  py39h9e0eb93_0          conda-forge/osx-64                                                      127 MB
  + tensorflow-estimator            2.6.0  py39h9e04aea_0          conda-forge/osx-64                                                      650 KB
  + termcolor                       1.1.0  py_2                    conda-forge/noarch                                                        6 KB
  + theano-pymc                     1.1.2  py39h81cd7d3_0          conda-forge/osx-64                                                        2 MB
  + threadpoolctl                   3.0.0  pyh8a188c0_0            conda-forge/noarch                                                       17 KB
  + tk                             8.6.11  h5dbffcc_1              conda-forge/osx-64                                                      Cached
  + tornado                           6.1  py39h89e85a6_1          conda-forge/osx-64                                                      645 KB
  + typing-extensions             3.7.4.3  0                       conda-forge/noarch                                                        8 KB
  + typing_extensions             3.7.4.3  py_0                    conda-forge/noarch                                                       25 KB
  + tzdata                          2021e  he74cb21_0              conda-forge/noarch                                                      Cached
  + urllib3                        1.26.7  pyhd8ed1ab_0            conda-forge/noarch                                                      Cached
  + werkzeug                        2.0.1  pyhd8ed1ab_0            conda-forge/noarch                                                      219 KB
  + wheel                          0.37.0  pyhd8ed1ab_1            conda-forge/noarch                                                      Cached
  + wrapt                          1.12.1  py39h89e85a6_3          conda-forge/osx-64                                                       43 KB
  + xarray                         0.19.0  pyhd8ed1ab_1            conda-forge/noarch                                                      614 KB
  + xz                              5.2.5  haf1e3a3_1              conda-forge/osx-64                                                      Cached
  + yarl                            1.7.0  py39h89e85a6_0          conda-forge/osx-64                                                      127 KB
  + zipp                            3.6.0  pyhd8ed1ab_0            conda-forge/noarch                                                      Cached
  + zlib                           1.2.11  h9173be1_1013           conda-forge/osx-64                                                      Cached
  + zstd                            1.5.0  h582d3a0_0              conda-forge/osx-64                                                      Cached

  Summary:

  Install: 180 packages

  Total download: 345 MB

───────────────────────────────────────────────────────────────────────────────────────────────────────────────────────────────────────────────────


## Package Plan ##

  environment location: /Users/runner/conda/conda-bld/lyner_1634933856241/_test_env_placehold_placehold_placehold_placehold_placehold_placehold_placehold_placehold_placehold_placehold_placehold_placehold_placehold_placehold_placehold_placehold_placehold_placehold_placehold_pla


The following NEW packages will be INSTALLED:

    abseil-cpp:              20210324.2-he49afe7_0        conda-forge                                                        
    absl-py:                 0.15.0-pyhd8ed1ab_0          conda-forge                                                        
    aiohttp:                 3.7.4.post0-py39h89e85a6_0   conda-forge                                                        
    arviz:                   0.11.4-pyhd8ed1ab_0          conda-forge                                                        
    astor:                   0.8.1-pyh9f0ad1d_0           conda-forge                                                        
    astunparse:              1.6.3-pyhd8ed1ab_0           conda-forge                                                        
    async-timeout:           3.0.1-py_1000                conda-forge                                                        
    attrs:                   21.2.0-pyhd8ed1ab_0          conda-forge                                                        
    bedtools:                2.30.0-haa7f73a_2            bioconda                                                           
    blinker:                 1.4-py_1                     conda-forge                                                        
    brotlipy:                0.7.0-py39h89e85a6_1001      conda-forge                                                        
    bzip2:                   1.0.8-h0d85af4_4             conda-forge                                                        
    c-ares:                  1.17.2-h0d85af4_0            conda-forge                                                        
    c-compiler:              1.3.0-h0d85af4_0             conda-forge                                                        
    ca-certificates:         2021.10.8-h033912b_0         conda-forge                                                        
    cached-property:         1.5.2-hd8ed1ab_1             conda-forge                                                        
    cached_property:         1.5.2-pyha770c72_1           conda-forge                                                        
    cachetools:              4.2.4-pyhd8ed1ab_0           conda-forge                                                        
    cctools:                 949.0.1-hd9211c8_21          conda-forge                                                        
    cctools_osx-64:          949.0.1-h6407bdd_21          conda-forge                                                        
    certifi:                 2021.10.8-py39h6e9494a_0     conda-forge                                                        
    cffi:                    1.14.6-py39he338e87_1        conda-forge                                                        
    cftime:                  1.5.1-py39hc89836e_0         conda-forge                                                        
    chardet:                 4.0.0-py39h6e9494a_1         conda-forge                                                        
    charset-normalizer:      2.0.0-pyhd8ed1ab_0           conda-forge                                                        
    clang:                   11.1.0-h694c41f_1            conda-forge                                                        
    clang-11:                11.1.0-default_he082bbe_1    conda-forge                                                        
    clang_osx-64:            11.1.0-hb91bd55_3            conda-forge                                                        
    clangxx:                 11.1.0-default_he082bbe_1    conda-forge                                                        
    clangxx_osx-64:          11.1.0-h7e1b574_3            conda-forge                                                        
    click:                   8.0.3-py39h6e9494a_0         conda-forge                                                        
    click-aliases:           1.0.1-py_0                   conda-forge                                                        
    compiler-rt:             11.1.0-h654b07c_0            conda-forge                                                        
    compiler-rt_osx-64:      11.1.0-h8c5fa43_0            conda-forge                                                        
    cryptography:            35.0.0-py39heaea23e_0        conda-forge                                                        
    curl:                    7.79.1-hf45b732_1            conda-forge                                                        
    cxx-compiler:            1.3.0-h940c156_0             conda-forge                                                        
    cycler:                  0.10.0-py_2                  conda-forge                                                        
    dataclasses:             0.8-pyhc8e2a94_3             conda-forge                                                        
    decorator:               4.4.2-py_0                   conda-forge                                                        
    dill:                    0.3.4-pyhd8ed1ab_0           conda-forge                                                        
    fastprogress:            1.0.0-py_0                   conda-forge                                                        
    filelock:                3.3.1-pyhd8ed1ab_0           conda-forge                                                        
    freetype:                2.10.4-h4cff582_1            conda-forge                                                        
    gast:                    0.4.0-pyh9f0ad1d_0           conda-forge                                                        
    giflib:                  5.2.1-hbcb3906_2             conda-forge                                                        
    google-auth:             1.35.0-pyh6c4a22f_0          conda-forge                                                        
    google-auth-oauthlib:    0.4.6-pyhd8ed1ab_0           conda-forge                                                        
    google-pasta:            0.2.0-pyh8c360ce_0           conda-forge                                                        
    grpc-cpp:                1.37.1-h69eed7d_3            conda-forge                                                        
    grpcio:                  1.37.1-py39hb974310_0        conda-forge                                                        
    h5py:                    3.1.0-nompi_py39hdc2b67d_100 conda-forge                                                        
    hdf4:                    4.2.15-hefd3b78_3            conda-forge                                                        
    hdf5:                    1.10.6-nompi_hc5d9132_1114   conda-forge                                                        
    icu:                     68.1-h74dc148_0              conda-forge                                                        
    idna:                    3.1-pyhd3deb0d_0             conda-forge                                                        
    importlib-metadata:      4.8.1-py39h6e9494a_0         conda-forge                                                        
    jax:                     0.2.24-pyhd8ed1ab_0          conda-forge                                                        
    jaxlib:                  0.1.73-py39h757cd7f_0        conda-forge                                                        
    jbig:                    2.1-h0d85af4_2003            conda-forge                                                        
    joblib:                  1.1.0-pyhd8ed1ab_0           conda-forge                                                        
    jpeg:                    9d-hbcb3906_0                conda-forge                                                        
    keras:                   2.6.0-pyhd8ed1ab_0           conda-forge                                                        
    keras-preprocessing:     1.1.2-pyhd8ed1ab_0           conda-forge                                                        
    kiwisolver:              1.3.2-py39hf018cea_0         conda-forge                                                        
    krb5:                    1.19.2-hcfbf3a7_2            conda-forge                                                        
    lcms2:                   2.12-h577c468_0              conda-forge                                                        
    ld64:                    530-hd2e7500_21              conda-forge                                                        
    ld64_osx-64:             530-he8994da_21              conda-forge                                                        
    ldid:                    2.1.2-h6a69015_3             conda-forge                                                        
    lerc:                    2.2.1-h046ec9c_0             conda-forge                                                        
    libblas:                 3.9.0-12_osx64_openblas      conda-forge                                                        
    libcblas:                3.9.0-12_osx64_openblas      conda-forge                                                        
    libclang-cpp11.1:        11.1.0-default_he082bbe_1    conda-forge                                                        
    libcurl:                 7.79.1-hf45b732_1            conda-forge                                                        
    libcxx:                  12.0.1-habf9029_0            conda-forge                                                        
    libdeflate:              1.7-h35c211d_5               conda-forge                                                        
    libedit:                 3.1.20191231-h0678c8f_2      conda-forge                                                        
    libev:                   4.33-haf1e3a3_1              conda-forge                                                        
    libffi:                  3.4.2-he49afe7_4             conda-forge                                                        
    libgfortran:             5.0.0-9_3_0_h6c81a4c_23      conda-forge                                                        
    libgfortran5:            9.3.0-h6c81a4c_23            conda-forge                                                        
    libgpuarray:             0.7.6-h0d85af4_1003          conda-forge                                                        
    liblapack:               3.9.0-12_osx64_openblas      conda-forge                                                        
    libllvm11:               11.1.0-hd011deb_2            conda-forge                                                        
    libnetcdf:               4.8.1-nompi_hb4d10b0_100     conda-forge                                                        
    libnghttp2:              1.43.0-h6f36284_1            conda-forge                                                        
    libopenblas:             0.3.18-openmp_h3351f45_0     conda-forge                                                        
    libpng:                  1.6.37-h7cec526_2            conda-forge                                                        
    libprotobuf:             3.15.8-hcf210ce_1            conda-forge                                                        
    libssh2:                 1.10.0-h52ee1ee_2            conda-forge                                                        
    libtiff:                 4.3.0-h1167814_1             conda-forge                                                        
    libwebp-base:            1.2.1-h0d85af4_0             conda-forge                                                        
    libzip:                  1.8.0-h8b0c345_1             conda-forge                                                        
    libzlib:                 1.2.11-h9173be1_1013         conda-forge                                                        
    llvm-openmp:             12.0.1-hda6cdc1_1            conda-forge                                                        
    llvm-tools:              11.1.0-hd011deb_2            conda-forge                                                        
    llvmlite:                0.37.0-py39h798a4f4_0        conda-forge                                                        
    lyner:                   0.4.3-py_0                   file:///var/folders/24/8k48jl6d249_n_qfxwsl6xvm0000gn/T/tmprwispbqh
    lz4-c:                   1.9.3-he49afe7_1             conda-forge                                                        
    mako:                    1.1.5-pyhd8ed1ab_0           conda-forge                                                        
    markdown:                3.3.4-pyhd8ed1ab_0           conda-forge                                                        
    markupsafe:              2.0.1-py39h89e85a6_0         conda-forge                                                        
    matplotlib-base:         3.4.3-py39hb07454d_1         conda-forge                                                        
    mlxtend:                 0.19.0-pyhd8ed1ab_0          conda-forge                                                        
    multidict:               5.2.0-py39h89e85a6_0         conda-forge                                                        
    natsort:                 7.1.1-pyhd8ed1ab_0           conda-forge                                                        
    ncurses:                 6.2-h2e338ed_4               conda-forge                                                        
    netcdf4:                 1.5.7-nompi_py39h8cf34ae_101 conda-forge                                                        
    networkx:                2.6.3-pyhd8ed1ab_0           conda-forge                                                        
    numba:                   0.54.1-py39h58500fb_0        conda-forge                                                        
    numpy:                   1.19.5-py39h7eed0ac_2        conda-forge                                                        
    oauthlib:                3.1.1-pyhd8ed1ab_0           conda-forge                                                        
    olefile:                 0.46-pyh9f0ad1d_1            conda-forge                                                        
    openjpeg:                2.4.0-h6e7aa92_1             conda-forge                                                        
    openssl:                 1.1.1l-h0d85af4_0            conda-forge                                                        
    opt_einsum:              3.3.0-pyhd8ed1ab_1           conda-forge                                                        
    packaging:               21.0-pyhd8ed1ab_0            conda-forge                                                        
    pandas:                  1.3.4-py39h4d6be9b_0         conda-forge                                                        
    patsy:                   0.5.2-pyhd8ed1ab_0           conda-forge                                                        
    pillow:                  8.3.2-py39he9bb72f_0         conda-forge                                                        
    pip:                     21.3.1-pyhd8ed1ab_0          conda-forge                                                        
    plotly:                  5.3.1-pyhd8ed1ab_0           conda-forge                                                        
    protobuf:                3.15.8-py39h9fcab8e_0        conda-forge                                                        
    psutil:                  5.8.0-py39h89e85a6_1         conda-forge                                                        
    pyasn1:                  0.4.8-py_0                   conda-forge                                                        
    pyasn1-modules:          0.2.7-py_0                   conda-forge                                                        
    pybedtools:              0.8.2-py39h33336d3_1         bioconda                                                           
    pycparser:               2.20-pyh9f0ad1d_2            conda-forge                                                        
    pygpu:                   0.7.6-py39hc89836e_1002      conda-forge                                                        
    pyjwt:                   2.3.0-pyhd8ed1ab_0           conda-forge                                                        
    pymc3:                   3.11.4-py39h360fd21_1        conda-forge                                                        
    pyopenssl:               21.0.0-pyhd8ed1ab_0          conda-forge                                                        
    pyparsing:               2.4.7-pyh9f0ad1d_0           conda-forge                                                        
    pysam:                   0.17.0-py39h56703ae_0        bioconda                                                           
    pysocks:                 1.7.1-py39h6e9494a_3         conda-forge                                                        
    python:                  3.9.7-h1248fe1_3_cpython     conda-forge                                                        
    python-dateutil:         2.8.2-pyhd8ed1ab_0           conda-forge                                                        
    python-flatbuffers:      1.12-pyhd8ed1ab_1            conda-forge                                                        
    python_abi:              3.9-2_cp39                   conda-forge                                                        
    pytz:                    2021.3-pyhd8ed1ab_0          conda-forge                                                        
    pyu2f:                   0.1.5-pyhd8ed1ab_0           conda-forge                                                        
    re2:                     2021.08.01-he49afe7_0        conda-forge                                                        
    readline:                8.1-h05e3726_0               conda-forge                                                        
    requests:                2.26.0-pyhd8ed1ab_0          conda-forge                                                        
    requests-oauthlib:       1.3.0-pyh9f0ad1d_0           conda-forge                                                        
    rsa:                     4.7.2-pyh44b312d_0           conda-forge                                                        
    scikit-learn:            1.0-py39hd2caeff_1           conda-forge                                                        
    scipy:                   1.7.1-py39h056f1c0_0         conda-forge                                                        
    semver:                  2.13.0-pyh9f0ad1d_0          conda-forge                                                        
    setuptools:              58.2.0-py39h6e9494a_0        conda-forge                                                        
    six:                     1.15.0-pyh9f0ad1d_0          conda-forge                                                        
    snappy:                  1.1.8-hb1e8313_3             conda-forge                                                        
    sqlite:                  3.36.0-h23a322b_2            conda-forge                                                        
    tapi:                    1100.0.11-h9ce4665_0         conda-forge                                                        
    tenacity:                8.0.1-pyhd8ed1ab_0           conda-forge                                                        
    tensorboard:             2.6.0-pyhd8ed1ab_1           conda-forge                                                        
    tensorboard-data-server: 0.6.0-py39h4b466c7_0         conda-forge                                                        
    tensorboard-plugin-wit:  1.8.0-pyh44b312d_0           conda-forge                                                        
    tensorflow:              2.6.0-py39h6e9494a_0         conda-forge                                                        
    tensorflow-base:         2.6.0-py39h9e0eb93_0         conda-forge                                                        
    tensorflow-estimator:    2.6.0-py39h9e04aea_0         conda-forge                                                        
    termcolor:               1.1.0-py_2                   conda-forge                                                        
    theano-pymc:             1.1.2-py39h81cd7d3_0         conda-forge                                                        
    threadpoolctl:           3.0.0-pyh8a188c0_0           conda-forge                                                        
    tk:                      8.6.11-h5dbffcc_1            conda-forge                                                        
    tornado:                 6.1-py39h89e85a6_1           conda-forge                                                        
    typing-extensions:       3.7.4.3-0                    conda-forge                                                        
    typing_extensions:       3.7.4.3-py_0                 conda-forge                                                        
    tzdata:                  2021e-he74cb21_0             conda-forge                                                        
    urllib3:                 1.26.7-pyhd8ed1ab_0          conda-forge                                                        
    werkzeug:                2.0.1-pyhd8ed1ab_0           conda-forge                                                        
    wheel:                   0.37.0-pyhd8ed1ab_1          conda-forge                                                        
    wrapt:                   1.12.1-py39h89e85a6_3        conda-forge                                                        
    xarray:                  0.19.0-pyhd8ed1ab_1          conda-forge                                                        
    xz:                      5.2.5-haf1e3a3_1             conda-forge                                                        
    yarl:                    1.7.0-py39h89e85a6_0         conda-forge                                                        
    zipp:                    3.6.0-pyhd8ed1ab_0           conda-forge                                                        
    zlib:                    1.2.11-h9173be1_1013         conda-forge                                                        
    zstd:                    1.5.0-h582d3a0_0             conda-forge                                                        

Preparing transaction: ...working... done
Verifying transaction: ...working... done
Executing transaction: ...working... done
export PREFIX=/Users/runner/conda/conda-bld/lyner_1634933856241/_test_env_placehold_placehold_placehold_placehold_placehold_placehold_placehold_placehold_placehold_placehold_placehold_placehold_placehold_placehold_placehold_placehold_placehold_placehold_placehold_pla
export SRC_DIR=/Users/runner/conda/conda-bld/lyner_1634933856241/test_tmp
INFO: activate_clang_osx-64.sh made the following environmental changes:
+AR=x86_64-apple-darwin13.4.0-ar
+AS=x86_64-apple-darwin13.4.0-as
+BUILD=x86_64-apple-darwin13.4.0
+CC=x86_64-apple-darwin13.4.0-clang
+CC_FOR_BUILD=$PREFIX/bin/x86_64-apple-darwin13.4.0-clang
+CFLAGS=-march=core2 -mtune=haswell -mssse3 -ftree-vectorize -fPIC -fPIE -fstack-protector-strong -O2 -pipe -isystem $PREFIX/include -fdebug-prefix-map=$SRC_DIR=/usr/local/src/conda/lyner-0.4.3 -fdebug-prefix-map=$PREFIX=/usr/local/src/conda-prefix
+CHECKSYMS=x86_64-apple-darwin13.4.0-checksyms
+CLANG=x86_64-apple-darwin13.4.0-clang
+CMAKE_ARGS=-DCMAKE_AR=$PREFIX/bin/x86_64-apple-darwin13.4.0-ar -DCMAKE_CXX_COMPILER_AR=$PREFIX/bin/x86_64-apple-darwin13.4.0-ar -DCMAKE_C_COMPILER_AR=$PREFIX/bin/x86_64-apple-darwin13.4.0-ar -DCMAKE_RANLIB=$PREFIX/bin/x86_64-apple-darwin13.4.0-ranlib -DCMAKE_CXX_COMPILER_RANLIB=$PREFIX/bin/x86_64-apple-darwin13.4.0-ranlib -DCMAKE_C_COMPILER_RANLIB=$PREFIX/bin/x86_64-apple-darwin13.4.0-ranlib -DCMAKE_LINKER=$PREFIX/bin/x86_64-apple-darwin13.4.0-ld -DCMAKE_STRIP=$PREFIX/bin/x86_64-apple-darwin13.4.0-strip -DCMAKE_INSTALL_NAME_TOOL=$PREFIX/bin/x86_64-apple-darwin13.4.0-install_name_tool -DCMAKE_LIBTOOL=$PREFIX/bin/x86_64-apple-darwin13.4.0-libtool -DCMAKE_OSX_DEPLOYMENT_TARGET= -DCMAKE_BUILD_TYPE=Release -DCMAKE_OSX_SYSROOT=/Applications/Xcode_13.0.app/Contents/Developer/Platforms/MacOSX.platform/Developer/SDKs/MacOSX.sdk -DCMAKE_INSTALL_PREFIX=$PREFIX -DCMAKE_INSTALL_LIBDIR=lib
+CMAKE_PREFIX_PATH=:$PREFIX
+CONDA_BUILD_SYSROOT=/Applications/Xcode_13.0.app/Contents/Developer/Platforms/MacOSX.platform/Developer/SDKs/MacOSX.sdk
+CONDA_TOOLCHAIN_BUILD=x86_64-apple-darwin13.4.0
+CONDA_TOOLCHAIN_HOST=x86_64-apple-darwin13.4.0
+CPPFLAGS=-D_FORTIFY_SOURCE=2 -isystem $PREFIX/include
+DEBUG_CFLAGS=-march=core2 -mtune=haswell -mssse3 -ftree-vectorize -fPIC -fPIE -fstack-protector-strong -O2 -pipe -Og -g -Wall -Wextra -isystem $PREFIX/include -fdebug-prefix-map=$SRC_DIR=/usr/local/src/conda/lyner-0.4.3 -fdebug-prefix-map=$PREFIX=/usr/local/src/conda-prefix
+HOST=x86_64-apple-darwin13.4.0
+INSTALL_NAME_TOOL=x86_64-apple-darwin13.4.0-install_name_tool
+LD=x86_64-apple-darwin13.4.0-ld
+LDFLAGS=-Wl,-pie -Wl,-headerpad_max_install_names -Wl,-dead_strip_dylibs -Wl,-rpath,$PREFIX/lib -L$PREFIX/lib
+LDFLAGS_LD=-pie -headerpad_max_install_names -dead_strip_dylibs -rpath $PREFIX/lib -L$PREFIX/lib
+LIBTOOL=x86_64-apple-darwin13.4.0-libtool
+LIPO=x86_64-apple-darwin13.4.0-lipo
+MESON_ARGS=--buildtype release --prefix=$PREFIX -Dlibdir=lib
+NM=x86_64-apple-darwin13.4.0-nm
+NMEDIT=x86_64-apple-darwin13.4.0-nmedit
+OBJC=x86_64-apple-darwin13.4.0-clang
+OBJC_FOR_BUILD=$PREFIX/bin/x86_64-apple-darwin13.4.0-clang
+OTOOL=x86_64-apple-darwin13.4.0-otool
+PAGESTUFF=x86_64-apple-darwin13.4.0-pagestuff
+RANLIB=x86_64-apple-darwin13.4.0-ranlib
+REDO_PREBINDING=x86_64-apple-darwin13.4.0-redo_prebinding
+SDKROOT=/Applications/Xcode_13.0.app/Contents/Developer/Platforms/MacOSX.platform/Developer/SDKs/MacOSX.sdk
+SEGEDIT=x86_64-apple-darwin13.4.0-segedit
+SEG_ADDR_TABLE=x86_64-apple-darwin13.4.0-seg_addr_table
+SEG_HACK=x86_64-apple-darwin13.4.0-seg_hack
+SIZE=x86_64-apple-darwin13.4.0-size
+STRINGS=x86_64-apple-darwin13.4.0-strings
+STRIP=x86_64-apple-darwin13.4.0-strip
+_CONDA_PYTHON_SYSCONFIGDATA_NAME=_sysconfigdata_x86_64_apple_darwin13_4_0
+ac_cv_func_malloc_0_nonnull=yes
+ac_cv_func_realloc_0_nonnull=yes
+build_alias=x86_64-apple-darwin13.4.0
+host_alias=x86_64-apple-darwin13.4.0
INFO: activate_clangxx_osx-64.sh made the following environmental changes:
+CLANGXX=x86_64-apple-darwin13.4.0-clang++
+CXX=x86_64-apple-darwin13.4.0-clang++
+CXXFLAGS=-march=core2 -mtune=haswell -mssse3 -ftree-vectorize -fPIC -fPIE -fstack-protector-strong -O2 -pipe -stdlib=libc++ -fvisibility-inlines-hidden -std=c++14 -fmessage-length=0 -isystem $PREFIX/include -fdebug-prefix-map=$SRC_DIR=/usr/local/src/conda/lyner-0.4.3 -fdebug-prefix-map=$PREFIX=/usr/local/src/conda-prefix
+CXX_FOR_BUILD=$PREFIX/bin/x86_64-apple-darwin13.4.0-clang++
+DEBUG_CXXFLAGS=-march=core2 -mtune=haswell -mssse3 -ftree-vectorize -fPIC -fPIE -fstack-protector-strong -O2 -pipe -stdlib=libc++ -fvisibility-inlines-hidden -std=c++14 -fmessage-length=0 -Og -g -Wall -Wextra -isystem $PREFIX/include -fdebug-prefix-map=$SRC_DIR=/usr/local/src/conda/lyner-0.4.3 -fdebug-prefix-map=$PREFIX=/usr/local/src/conda-prefix
import: 'lyner'
import: 'lyner.commands'
import: 'lyner'
import: 'lyner.commands'

Leaving build/test directories:
  Work:
 /Users/runner/conda/conda-bld/work 
  Test:
 /Users/runner/conda/conda-bld/test_tmp 
Leaving build/test environments:
  Test:
source activate  /Users/runner/conda/conda-bld/_test_env_placehold_placehold_placehold_placehold_placehold_placehold_placehold_placehold_placehold_placehold_placehold_placehold_placehold_placehold_placehold_placehold_placehold_placehold_placehold_placehold_placehold_pla 
  Build:
source activate  /Users/runner/conda/conda-bld/_build_env 


