Updating build index: /Users/runner/conda/conda-bld

TEST START: /var/folders/24/8k48jl6d249_n_qfxwsl6xvm0000gn/T/tmp2arlu6gd/noarch/seqscreen-1.3.1-0.tar.bz2
Adding in variants from internal_defaults
Adding in variants from /var/folders/24/8k48jl6d249_n_qfxwsl6xvm0000gn/T/tmprbrjk7j4/info/recipe/conda_build_config.yaml
Reloading output folder: /Users/runner/conda/conda-bld
  Package                         Version  Build               Channel                                                                   Size
───────────────────────────────────────────────────────────────────────────────────────────────────────────────────────────────────────────────
  Install:
───────────────────────────────────────────────────────────────────────────────────────────────────────────────────────────────────────────────

  + blast                          2.12.0  pl5262h78c34c6_0    bioconda/osx-64                                                         Cached
  + boost                          1.70.0  py38hbf1eeb5_1      conda-forge/osx-64                                                      347 KB
  + boost-cpp                      1.70.0  hef959ae_3          conda-forge/osx-64                                                       19 MB
  + bzip2                           1.0.8  h0d85af4_4          conda-forge/osx-64                                                      Cached
  + c-ares                         1.17.2  h0d85af4_0          conda-forge/osx-64                                                      Cached
  + ca-certificates             2021.10.8  h033912b_0          conda-forge/osx-64                                                      Cached
  + centrifuge-core            1.0.4_beta  h0d4c021_1          bioconda/osx-64                                                         681 KB
  + coreutils                        8.31  h0b31af3_0          conda-forge/osx-64                                                      Cached
  + curl                           7.79.1  h97da3c1_1          conda-forge/osx-64                                                      Cached
  + diamond                        0.9.26  hf79dc1e_0          bioconda/osx-64                                                         487 KB
  + entrez-direct                    15.6  h193322a_1          bioconda/osx-64                                                         Cached
  + gettext                      0.19.8.1  hd1a6beb_1008       conda-forge/osx-64                                                      Cached
  + icu                              67.1  hb1e8313_0          conda-forge/osx-64                                                       13 MB
  + jinja2                          3.0.2  pyhd8ed1ab_0        conda-forge/noarch                                                      Cached
  + joblib                          1.1.0  pyhd8ed1ab_0        conda-forge/noarch                                                      Cached
  + krb5                           1.19.2  h289aae4_2          conda-forge/osx-64                                                      Cached
  + libblas                         3.9.0  12_osx64_openblas   conda-forge/osx-64                                                      Cached
  + libcblas                        3.9.0  12_osx64_openblas   conda-forge/osx-64                                                      Cached
  + libcurl                        7.79.1  h97da3c1_1          conda-forge/osx-64                                                      Cached
  + libcxx                         12.0.1  habf9029_0          conda-forge/osx-64                                                      Cached
  + libedit                  3.1.20191231  h0678c8f_2          conda-forge/osx-64                                                      Cached
  + libev                            4.33  haf1e3a3_1          conda-forge/osx-64                                                      Cached
  + libffi                          3.4.2  he49afe7_4          conda-forge/osx-64                                                      Cached
  + libgfortran                     5.0.0  9_3_0_h6c81a4c_23   conda-forge/osx-64                                                      Cached
  + libgfortran5                    9.3.0  h6c81a4c_23         conda-forge/osx-64                                                      Cached
  + libiconv                         1.16  haf1e3a3_0          conda-forge/osx-64                                                      Cached
  + libidn2                         2.3.2  h0d85af4_0          conda-forge/osx-64                                                      101 KB
  + liblapack                       3.9.0  12_osx64_openblas   conda-forge/osx-64                                                      Cached
  + libnghttp2                     1.43.0  hfd382f3_1          conda-forge/osx-64                                                      Cached
  + libopenblas                    0.3.18  openmp_h3351f45_0   conda-forge/osx-64                                                      Cached
  + libssh2                        1.10.0  hd3787cc_2          conda-forge/osx-64                                                      Cached
  + libunistring                   0.9.10  h0d85af4_0          conda-forge/osx-64                                                        1 MB
  + libzlib                        1.2.11  h9173be1_1013       conda-forge/osx-64                                                      Cached
  + llvm-openmp                    12.0.1  hda6cdc1_1          conda-forge/osx-64                                                      Cached
  + lz4-c                           1.9.3  he49afe7_1          conda-forge/osx-64                                                      Cached
  + markupsafe                      2.0.1  py38h96a0964_0      conda-forge/osx-64                                                       21 KB
  + ncurses                           6.2  h2e338ed_4          conda-forge/osx-64                                                      Cached
  + nextflow                      21.04.0  h4a94de4_0          bioconda/noarch                                                          24 MB
  + numpy                          1.21.2  py38h49b9922_0      conda-forge/osx-64                                                        6 MB
  + openjdk                      11.0.9.1  hcf210ce_1          conda-forge/osx-64                                                      Cached
  + openssl                         3.0.0  h0d85af4_1          conda-forge/osx-64                                                      Cached
  + pcre                             8.45  he49afe7_0          conda-forge/osx-64                                                      Cached
  + perl                           5.26.2  hbcb3906_1008       conda-forge/osx-64                                                      Cached
  + perl-archive-tar                 2.32  pl526_0             bioconda/osx-64                                                         Cached
  + perl-carp                        1.38  pl526_3             bioconda/osx-64                                                         Cached
  + perl-common-sense                3.74  pl526_2             bioconda/osx-64                                                         Cached
  + perl-compress-raw-bzip2         2.087  pl526h6de7cb9_0     bioconda/osx-64                                                         Cached
  + perl-compress-raw-zlib          2.087  pl526h770b8ee_0     bioconda/osx-64                                                         Cached
  + perl-exporter                    5.72  pl526_1             bioconda/osx-64                                                         Cached
  + perl-exporter-tiny           1.002001  pl526_0             bioconda/osx-64                                                         Cached
  + perl-extutils-makemaker          7.36  pl526_1             bioconda/osx-64                                                         Cached
  + perl-io-compress                2.087  pl526h6de7cb9_0     bioconda/osx-64                                                         Cached
  + perl-io-zlib                     1.10  pl526_2             bioconda/osx-64                                                         Cached
  + perl-json                        4.02  pl526_0             bioconda/osx-64                                                         Cached
  + perl-json-xs                     2.34  pl526h04f5b5a_3     bioconda/osx-64                                                         Cached
  + perl-list-moreutils             0.428  pl526_1             bioconda/osx-64                                                         Cached
  + perl-list-moreutils-xs          0.428  pl526_0             bioconda/osx-64                                                         Cached
  + perl-pathtools                   3.75  pl526h1de35cc_1     bioconda/osx-64                                                         Cached
  + perl-scalar-list-utils           1.52  pl526h01d97ff_0     bioconda/osx-64                                                         Cached
  + perl-types-serialiser             1.0  pl526_2             bioconda/osx-64                                                         Cached
  + perl-xsloader                    0.24  pl526_0             bioconda/osx-64                                                         Cached
  + pip                              21.3  pyhd8ed1ab_0        conda-forge/noarch                                                      Cached
  + python                         3.8.12  h43ca1e7_2_cpython  conda-forge/osx-64                                                       12 MB
  + python_abi                        3.8  2_cp38              conda-forge/osx-64                                                        4 KB
  + readline                          8.1  h05e3726_0          conda-forge/osx-64                                                      Cached
  + scikit-learn                      1.0  py38h1021539_1      conda-forge/osx-64                                                        7 MB
  + scipy                           1.7.1  py38hd329d04_0      conda-forge/osx-64                                                       20 MB
  + seqscreen                       1.3.1  0                   /var/folders/24/8k48jl6d249_n_qfxwsl6xvm0000gn/T/tmp2arlu6gd/noarch       1 MB
  + setuptools                     58.2.0  py38h50d1736_0      conda-forge/osx-64                                                        1 MB
  + sqlite                         3.36.0  h23a322b_2          conda-forge/osx-64                                                      Cached
  + tar                              1.34  hbb58dfb_0          conda-forge/osx-64                                                      435 KB
  + threadpoolctl                   3.0.0  pyh8a188c0_0        conda-forge/noarch                                                       17 KB
  + tk                             8.6.11  h5dbffcc_1          conda-forge/osx-64                                                      Cached
  + wget                           1.20.3  hd3787cc_1          conda-forge/osx-64                                                      812 KB
  + wheel                          0.37.0  pyhd8ed1ab_1        conda-forge/noarch                                                      Cached
  + xz                              5.2.5  haf1e3a3_1          conda-forge/osx-64                                                      Cached
  + zlib                           1.2.11  h9173be1_1013       conda-forge/osx-64                                                      Cached
  + zstd                            1.4.9  h582d3a0_0          conda-forge/osx-64                                                      Cached

  Summary:

  Install: 78 packages

  Total download: 107 MB

───────────────────────────────────────────────────────────────────────────────────────────────────────────────────────────────────────────────


## Package Plan ##

  environment location: /Users/runner/conda/conda-bld/seqscreen_1634429672987/_test_env_placehold_placehold_placehold_placehold_placehold_placehold_placehold_placehold_placehold_placehold_placehold_placehold_placehold_placehold_placehold_placehold_placehold_placehold_placehold


The following NEW packages will be INSTALLED:

    blast:                   2.12.0-pl5262h78c34c6_0   bioconda                                                           
    boost:                   1.70.0-py38hbf1eeb5_1     conda-forge                                                        
    boost-cpp:               1.70.0-hef959ae_3         conda-forge                                                        
    bzip2:                   1.0.8-h0d85af4_4          conda-forge                                                        
    c-ares:                  1.17.2-h0d85af4_0         conda-forge                                                        
    ca-certificates:         2021.10.8-h033912b_0      conda-forge                                                        
    centrifuge-core:         1.0.4_beta-h0d4c021_1     bioconda                                                           
    coreutils:               8.31-h0b31af3_0           conda-forge                                                        
    curl:                    7.79.1-h97da3c1_1         conda-forge                                                        
    diamond:                 0.9.26-hf79dc1e_0         bioconda                                                           
    entrez-direct:           15.6-h193322a_1           bioconda                                                           
    gettext:                 0.19.8.1-hd1a6beb_1008    conda-forge                                                        
    icu:                     67.1-hb1e8313_0           conda-forge                                                        
    jinja2:                  3.0.2-pyhd8ed1ab_0        conda-forge                                                        
    joblib:                  1.1.0-pyhd8ed1ab_0        conda-forge                                                        
    krb5:                    1.19.2-h289aae4_2         conda-forge                                                        
    libblas:                 3.9.0-12_osx64_openblas   conda-forge                                                        
    libcblas:                3.9.0-12_osx64_openblas   conda-forge                                                        
    libcurl:                 7.79.1-h97da3c1_1         conda-forge                                                        
    libcxx:                  12.0.1-habf9029_0         conda-forge                                                        
    libedit:                 3.1.20191231-h0678c8f_2   conda-forge                                                        
    libev:                   4.33-haf1e3a3_1           conda-forge                                                        
    libffi:                  3.4.2-he49afe7_4          conda-forge                                                        
    libgfortran:             5.0.0-9_3_0_h6c81a4c_23   conda-forge                                                        
    libgfortran5:            9.3.0-h6c81a4c_23         conda-forge                                                        
    libiconv:                1.16-haf1e3a3_0           conda-forge                                                        
    libidn2:                 2.3.2-h0d85af4_0          conda-forge                                                        
    liblapack:               3.9.0-12_osx64_openblas   conda-forge                                                        
    libnghttp2:              1.43.0-hfd382f3_1         conda-forge                                                        
    libopenblas:             0.3.18-openmp_h3351f45_0  conda-forge                                                        
    libssh2:                 1.10.0-hd3787cc_2         conda-forge                                                        
    libunistring:            0.9.10-h0d85af4_0         conda-forge                                                        
    libzlib:                 1.2.11-h9173be1_1013      conda-forge                                                        
    llvm-openmp:             12.0.1-hda6cdc1_1         conda-forge                                                        
    lz4-c:                   1.9.3-he49afe7_1          conda-forge                                                        
    markupsafe:              2.0.1-py38h96a0964_0      conda-forge                                                        
    ncurses:                 6.2-h2e338ed_4            conda-forge                                                        
    nextflow:                21.04.0-h4a94de4_0        bioconda                                                           
    numpy:                   1.21.2-py38h49b9922_0     conda-forge                                                        
    openjdk:                 11.0.9.1-hcf210ce_1       conda-forge                                                        
    openssl:                 3.0.0-h0d85af4_1          conda-forge                                                        
    pcre:                    8.45-he49afe7_0           conda-forge                                                        
    perl:                    5.26.2-hbcb3906_1008      conda-forge                                                        
    perl-archive-tar:        2.32-pl526_0              bioconda                                                           
    perl-carp:               1.38-pl526_3              bioconda                                                           
    perl-common-sense:       3.74-pl526_2              bioconda                                                           
    perl-compress-raw-bzip2: 2.087-pl526h6de7cb9_0     bioconda                                                           
    perl-compress-raw-zlib:  2.087-pl526h770b8ee_0     bioconda                                                           
    perl-exporter:           5.72-pl526_1              bioconda                                                           
    perl-exporter-tiny:      1.002001-pl526_0          bioconda                                                           
    perl-extutils-makemaker: 7.36-pl526_1              bioconda                                                           
    perl-io-compress:        2.087-pl526h6de7cb9_0     bioconda                                                           
    perl-io-zlib:            1.10-pl526_2              bioconda                                                           
    perl-json:               4.02-pl526_0              bioconda                                                           
    perl-json-xs:            2.34-pl526h04f5b5a_3      bioconda                                                           
    perl-list-moreutils:     0.428-pl526_1             bioconda                                                           
    perl-list-moreutils-xs:  0.428-pl526_0             bioconda                                                           
    perl-pathtools:          3.75-pl526h1de35cc_1      bioconda                                                           
    perl-scalar-list-utils:  1.52-pl526h01d97ff_0      bioconda                                                           
    perl-types-serialiser:   1.0-pl526_2               bioconda                                                           
    perl-xsloader:           0.24-pl526_0              bioconda                                                           
    pip:                     21.3-pyhd8ed1ab_0         conda-forge                                                        
    python:                  3.8.12-h43ca1e7_2_cpython conda-forge                                                        
    python_abi:              3.8-2_cp38                conda-forge                                                        
    readline:                8.1-h05e3726_0            conda-forge                                                        
    scikit-learn:            1.0-py38h1021539_1        conda-forge                                                        
    scipy:                   1.7.1-py38hd329d04_0      conda-forge                                                        
    seqscreen:               1.3.1-0                   file:///var/folders/24/8k48jl6d249_n_qfxwsl6xvm0000gn/T/tmp2arlu6gd
    setuptools:              58.2.0-py38h50d1736_0     conda-forge                                                        
    sqlite:                  3.36.0-h23a322b_2         conda-forge                                                        
    tar:                     1.34-hbb58dfb_0           conda-forge                                                        
    threadpoolctl:           3.0.0-pyh8a188c0_0        conda-forge                                                        
    tk:                      8.6.11-h5dbffcc_1         conda-forge                                                        
    wget:                    1.20.3-hd3787cc_1         conda-forge                                                        
    wheel:                   0.37.0-pyhd8ed1ab_1       conda-forge                                                        
    xz:                      5.2.5-haf1e3a3_1          conda-forge                                                        
    zlib:                    1.2.11-h9173be1_1013      conda-forge                                                        
    zstd:                    1.4.9-h582d3a0_0          conda-forge                                                        


Leaving build/test directories:
  Work:
 /Users/runner/conda/conda-bld/work 
  Test:
 /Users/runner/conda/conda-bld/test_tmp 
Leaving build/test environments:
  Test:
source activate  /Users/runner/conda/conda-bld/_test_env_placehold_placehold_placehold_placehold_placehold_placehold_placehold_placehold_placehold_placehold_placehold_placehold_placehold_placehold_placehold_placehold_placehold_placehold_placehold_placehold_placehold_pla 
  Build:
source activate  /Users/runner/conda/conda-bld/_build_env 


