Updating build index: /Users/runner/conda/conda-bld

TEST START: /var/folders/24/8k48jl6d249_n_qfxwsl6xvm0000gn/T/tmpobk4v_of/noarch/mugsy-1.2.3-hdfd78af_4.tar.bz2
Reloading output folder: /Users/runner/conda/conda-bld
  Package  Version  Build             Channel                                                                  Size
─────────────────────────────────────────────────────────────────────────────────────────────────────────────────────
  Install:
─────────────────────────────────────────────────────────────────────────────────────────────────────────────────────

  + mugsy    1.2.3  hdfd78af_4        /var/folders/24/8k48jl6d249_n_qfxwsl6xvm0000gn/T/tmpobk4v_of/noarch      1 MB
  + perl    5.32.1  1_h0d85af4_perl5  conda-forge/osx-64                                                      13 MB

  Summary:

  Install: 2 packages

  Total download: 14 MB

─────────────────────────────────────────────────────────────────────────────────────────────────────────────────────


## Package Plan ##

  environment location: /Users/runner/conda/conda-bld/mugsy_1635558905805/_test_env_placehold_placehold_placehold_placehold_placehold_placehold_placehold_placehold_placehold_placehold_placehold_placehold_placehold_placehold_placehold_placehold_placehold_placehold_placehold_pla


The following NEW packages will be INSTALLED:

    mugsy: 1.2.3-hdfd78af_4        file:///var/folders/24/8k48jl6d249_n_qfxwsl6xvm0000gn/T/tmpobk4v_of
    perl:  5.32.1-1_h0d85af4_perl5 conda-forge                                                        

Preparing transaction: ...working... done
Verifying transaction: ...working... done
Executing transaction: ...working... done
Rolling back transaction: ...working... done

Leaving build/test directories:
  Work:
 /Users/runner/conda/conda-bld/work 
  Test:
 /Users/runner/conda/conda-bld/test_tmp 
Leaving build/test environments:
  Test:
source activate  /Users/runner/conda/conda-bld/_test_env_placehold_placehold_placehold_placehold_placehold_placehold_placehold_placehold_placehold_placehold_placehold_placehold_placehold_placehold_placehold_placehold_placehold_placehold_placehold_placehold_placehold_pla 
  Build:
source activate  /Users/runner/conda/conda-bld/_build_env 


