Updating build index: /home/vsts/conda/conda-bld

TEST START: /tmp/tmpxp0lc_ir/noarch/variantmap-1.0.2-py_0.tar.bz2
Adding in variants from internal_defaults
Adding in variants from /tmp/tmpfp4vyekn/info/recipe/conda_build_config.yaml
Reloading output folder: /home/vsts/conda/conda-bld
  Package                  Version  Build                Channel                       Size
─────────────────────────────────────────────────────────────────────────────────────────────
  Install:
─────────────────────────────────────────────────────────────────────────────────────────────

  + _libgcc_mutex              0.1  conda_forge          conda-forge/linux-64        Cached
  + _openmp_mutex              4.5  1_gnu                conda-forge/linux-64        Cached
  + blosc                   1.21.0  h9c3ff4c_0           conda-forge/linux-64        841 KB
  + brotli-python            1.0.9  py39he80948d_5       conda-forge/linux-64        352 KB
  + bzip2                    1.0.8  h7f98852_4           conda-forge/linux-64        Cached
  + c-ares                  1.17.2  h7f98852_0           conda-forge/linux-64        Cached
  + ca-certificates      2021.10.8  ha878542_0           conda-forge/linux-64        Cached
  + click                    8.0.3  py39hf3d152e_0       conda-forge/linux-64        146 KB
  + dash                     2.0.0  pyhd8ed1ab_0         conda-forge/noarch            6 MB
  + dataclasses                0.8  pyhc8e2a94_3         conda-forge/noarch          Cached
  + flask                    2.0.2  pyhd8ed1ab_0         conda-forge/noarch           70 KB
  + flask-compress          1.10.1  pyhd8ed1ab_0         conda-forge/noarch           13 KB
  + hdf5                    1.12.1  nompi_h7f166f4_101   conda-forge/linux-64          4 MB
  + itsdangerous             2.0.1  pyhd8ed1ab_0         conda-forge/noarch           17 KB
  + jinja2                   3.0.2  pyhd8ed1ab_0         conda-forge/noarch          Cached
  + krb5                    1.19.2  h48eae69_2           conda-forge/linux-64          1 MB
  + ld_impl_linux-64        2.36.1  hea4e1c9_2           conda-forge/linux-64        Cached
  + libblas                  3.9.0  12_linux64_openblas  conda-forge/linux-64        Cached
  + libcblas                 3.9.0  12_linux64_openblas  conda-forge/linux-64        Cached
  + libcurl                 7.79.1  h494985f_1           conda-forge/linux-64        337 KB
  + libedit           3.1.20191231  he28a2e2_2           conda-forge/linux-64        Cached
  + libev                     4.33  h516909a_1           conda-forge/linux-64        Cached
  + libffi                   3.4.2  h9c3ff4c_4           conda-forge/linux-64        Cached
  + libgcc-ng               11.2.0  h1d223b6_11          conda-forge/linux-64        Cached
  + libgfortran-ng          11.2.0  h69a702a_11          conda-forge/linux-64        Cached
  + libgfortran5            11.2.0  h5c6108e_11          conda-forge/linux-64        Cached
  + libgomp                 11.2.0  h1d223b6_11          conda-forge/linux-64        Cached
  + liblapack                3.9.0  12_linux64_openblas  conda-forge/linux-64        Cached
  + libnghttp2              1.43.0  ha19adfc_1           conda-forge/linux-64        790 KB
  + libopenblas             0.3.18  pthreads_h8fe5266_0  conda-forge/linux-64        Cached
  + libssh2                 1.10.0  ha35d2d1_2           conda-forge/linux-64        233 KB
  + libstdcxx-ng            11.2.0  he4da1e4_11          conda-forge/linux-64        Cached
  + libzlib                 1.2.11  h36c2ea0_1013        conda-forge/linux-64        Cached
  + lzo                       2.10  h516909a_1000        conda-forge/linux-64        Cached
  + markupsafe               2.0.1  py39h3811e60_0       conda-forge/linux-64        Cached
  + mock                     4.0.3  py39hf3d152e_1       conda-forge/linux-64         51 KB
  + ncurses                    6.2  h58526e2_4           conda-forge/linux-64        Cached
  + numexpr                  2.7.3  py39hde0f152_0       conda-forge/linux-64        201 KB
  + numpy                   1.21.3  py39hdbf815f_0       conda-forge/linux-64        Cached
  + openssl                  3.0.0  h7f98852_1           conda-forge/linux-64        Cached
  + pandas                   1.3.4  py39hde0f152_0       conda-forge/linux-64        Cached
  + pip                     21.3.1  pyhd8ed1ab_0         conda-forge/noarch          Cached
  + plotly                   5.3.1  pyhd8ed1ab_0         conda-forge/noarch          Cached
  + pytables                 3.6.1  py39h2669a42_4       conda-forge/linux-64          2 MB
  + python                   3.9.7  hf930737_3_cpython   conda-forge/linux-64        Cached
  + python-dateutil          2.8.2  pyhd8ed1ab_0         conda-forge/noarch          Cached
  + python_abi                 3.9  2_cp39               conda-forge/linux-64        Cached
  + pytz                    2021.3  pyhd8ed1ab_0         conda-forge/noarch          Cached
  + readline                   8.1  h46c0cb4_0           conda-forge/linux-64        Cached
  + setuptools              58.2.0  py39hf3d152e_0       conda-forge/linux-64        Cached
  + six                     1.16.0  pyh6c4a22f_0         conda-forge/noarch          Cached
  + sqlite                  3.36.0  h9cd32fc_2           conda-forge/linux-64        Cached
  + tenacity                 8.0.1  pyhd8ed1ab_0         conda-forge/noarch          Cached
  + tk                      8.6.11  h27826a3_1           conda-forge/linux-64        Cached
  + tzdata                   2021e  he74cb21_0           conda-forge/noarch          Cached
  + variantmap               1.0.2  py_0                 /tmp/tmpxp0lc_ir/noarch       3 MB
  + werkzeug                 2.0.1  pyhd8ed1ab_0         conda-forge/noarch          219 KB
  + wheel                   0.37.0  pyhd8ed1ab_1         conda-forge/noarch          Cached
  + xz                       5.2.5  h516909a_1           conda-forge/linux-64        Cached
  + zlib                    1.2.11  h36c2ea0_1013        conda-forge/linux-64        Cached

  Summary:

  Install: 60 packages

  Total download: 18 MB

─────────────────────────────────────────────────────────────────────────────────────────────


## Package Plan ##

  environment location: /home/vsts/conda/conda-bld/variantmap_1634989398777/_test_env_placehold_placehold_placehold_placehold_placehold_placehold_placehold_placehold_placehold_placehold_placehold_placehold_placehold_placehold_placehold_placehold_placehold_placehold_placehold_p


The following NEW packages will be INSTALLED:

    _libgcc_mutex:    0.1-conda_forge            conda-forge            
    _openmp_mutex:    4.5-1_gnu                  conda-forge            
    blosc:            1.21.0-h9c3ff4c_0          conda-forge            
    brotli-python:    1.0.9-py39he80948d_5       conda-forge            
    bzip2:            1.0.8-h7f98852_4           conda-forge            
    c-ares:           1.17.2-h7f98852_0          conda-forge            
    ca-certificates:  2021.10.8-ha878542_0       conda-forge            
    click:            8.0.3-py39hf3d152e_0       conda-forge            
    dash:             2.0.0-pyhd8ed1ab_0         conda-forge            
    dataclasses:      0.8-pyhc8e2a94_3           conda-forge            
    flask:            2.0.2-pyhd8ed1ab_0         conda-forge            
    flask-compress:   1.10.1-pyhd8ed1ab_0        conda-forge            
    hdf5:             1.12.1-nompi_h7f166f4_101  conda-forge            
    itsdangerous:     2.0.1-pyhd8ed1ab_0         conda-forge            
    jinja2:           3.0.2-pyhd8ed1ab_0         conda-forge            
    krb5:             1.19.2-h48eae69_2          conda-forge            
    ld_impl_linux-64: 2.36.1-hea4e1c9_2          conda-forge            
    libblas:          3.9.0-12_linux64_openblas  conda-forge            
    libcblas:         3.9.0-12_linux64_openblas  conda-forge            
    libcurl:          7.79.1-h494985f_1          conda-forge            
    libedit:          3.1.20191231-he28a2e2_2    conda-forge            
    libev:            4.33-h516909a_1            conda-forge            
    libffi:           3.4.2-h9c3ff4c_4           conda-forge            
    libgcc-ng:        11.2.0-h1d223b6_11         conda-forge            
    libgfortran-ng:   11.2.0-h69a702a_11         conda-forge            
    libgfortran5:     11.2.0-h5c6108e_11         conda-forge            
    libgomp:          11.2.0-h1d223b6_11         conda-forge            
    liblapack:        3.9.0-12_linux64_openblas  conda-forge            
    libnghttp2:       1.43.0-ha19adfc_1          conda-forge            
    libopenblas:      0.3.18-pthreads_h8fe5266_0 conda-forge            
    libssh2:          1.10.0-ha35d2d1_2          conda-forge            
    libstdcxx-ng:     11.2.0-he4da1e4_11         conda-forge            
    libzlib:          1.2.11-h36c2ea0_1013       conda-forge            
    lzo:              2.10-h516909a_1000         conda-forge            
    markupsafe:       2.0.1-py39h3811e60_0       conda-forge            
    mock:             4.0.3-py39hf3d152e_1       conda-forge            
    ncurses:          6.2-h58526e2_4             conda-forge            
    numexpr:          2.7.3-py39hde0f152_0       conda-forge            
    numpy:            1.21.3-py39hdbf815f_0      conda-forge            
    openssl:          3.0.0-h7f98852_1           conda-forge            
    pandas:           1.3.4-py39hde0f152_0       conda-forge            
    pip:              21.3.1-pyhd8ed1ab_0        conda-forge            
    plotly:           5.3.1-pyhd8ed1ab_0         conda-forge            
    pytables:         3.6.1-py39h2669a42_4       conda-forge            
    python:           3.9.7-hf930737_3_cpython   conda-forge            
    python-dateutil:  2.8.2-pyhd8ed1ab_0         conda-forge            
    python_abi:       3.9-2_cp39                 conda-forge            
    pytz:             2021.3-pyhd8ed1ab_0        conda-forge            
    readline:         8.1-h46c0cb4_0             conda-forge            
    setuptools:       58.2.0-py39hf3d152e_0      conda-forge            
    six:              1.16.0-pyh6c4a22f_0        conda-forge            
    sqlite:           3.36.0-h9cd32fc_2          conda-forge            
    tenacity:         8.0.1-pyhd8ed1ab_0         conda-forge            
    tk:               8.6.11-h27826a3_1          conda-forge            
    tzdata:           2021e-he74cb21_0           conda-forge            
    variantmap:       1.0.2-py_0                 file:///tmp/tmpxp0lc_ir
    werkzeug:         2.0.1-pyhd8ed1ab_0         conda-forge            
    wheel:            0.37.0-pyhd8ed1ab_1        conda-forge            
    xz:               5.2.5-h516909a_1           conda-forge            
    zlib:             1.2.11-h36c2ea0_1013       conda-forge            

Preparing transaction: ...working... done
Verifying transaction: ...working... done
Executing transaction: ...working... done
export PREFIX=/home/vsts/conda/conda-bld/variantmap_1634989398777/_test_env_placehold_placehold_placehold_placehold_placehold_placehold_placehold_placehold_placehold_placehold_placehold_placehold_placehold_placehold_placehold_placehold_placehold_placehold_placehold_p
export SRC_DIR=/home/vsts/conda/conda-bld/variantmap_1634989398777/test_tmp
===== testing package: variantmap-1.0.2-py_0 =====
running run_test.py

Leaving build/test directories:
  Work:
 /home/vsts/conda/conda-bld/work 
  Test:
 /home/vsts/conda/conda-bld/test_tmp 
Leaving build/test environments:
  Test:
source activate  /home/vsts/conda/conda-bld/_test_env_placehold_placehold_placehold_placehold_placehold_placehold_placehold_placehold_placehold_placehold_placehold_placehold_placehold_placehold_placehold_placehold_placehold_placehold_placehold_placehold_placehold_placeh 
  Build:
source activate  /home/vsts/conda/conda-bld/_build_env 


