Updating build index: /home/vsts/conda/conda-bld

TEST START: /tmp/tmpvf9hbvcx/noarch/perl-lockfile-simple-0.208-0.tar.bz2
Adding in variants from internal_defaults
Adding in variants from /tmp/tmpidj3s81a/info/recipe/conda_build_config.yaml
  Package                 Version  Build             Channel                       Size
─────────────────────────────────────────────────────────────────────────────────────────
  Install:
─────────────────────────────────────────────────────────────────────────────────────────

  + _libgcc_mutex             0.1  conda_forge       conda-forge/linux-64        Cached
  + _openmp_mutex             4.5  1_gnu             conda-forge/linux-64        Cached
  + libgcc-ng              11.1.0  hc902ee8_8        conda-forge/linux-64        Cached
  + libgomp                11.1.0  hc902ee8_8        conda-forge/linux-64        Cached
  + perl                   5.32.1  0_h7f98852_perl5  conda-forge/linux-64         14 MB
  + perl-lockfile-simple    0.208  0                 /tmp/tmpvf9hbvcx/noarch      18 KB

  Summary:

  Install: 6 packages

  Total download: 14 MB

─────────────────────────────────────────────────────────────────────────────────────────


## Package Plan ##

  environment location: /home/vsts/conda/conda-bld/perl-lockfile-simple_1631229009163/_test_env_placehold_placehold_placehold_placehold_placehold_placehold_placehold_placehold_placehold_placehold_placehold_placehold_placehold_placehold_placehold_placehold_placehold_placehold_p


The following NEW packages will be INSTALLED:

    _libgcc_mutex:        0.1-conda_forge         conda-forge            
    _openmp_mutex:        4.5-1_gnu               conda-forge            
    libgcc-ng:            11.1.0-hc902ee8_8       conda-forge            
    libgomp:              11.1.0-hc902ee8_8       conda-forge            
    perl:                 5.32.1-0_h7f98852_perl5 conda-forge            
    perl-lockfile-simple: 0.208-0                 file:///tmp/tmpvf9hbvcx

Preparing transaction: ...working... done
Verifying transaction: ...working... done
Executing transaction: ...working... done
export PREFIX=/home/vsts/conda/conda-bld/perl-lockfile-simple_1631229009163/_test_env_placehold_placehold_placehold_placehold_placehold_placehold_placehold_placehold_placehold_placehold_placehold_placehold_placehold_placehold_placehold_placehold_placehold_placehold_p
export SRC_DIR=/home/vsts/conda/conda-bld/perl-lockfile-simple_1631229009163/test_tmp

Leaving build/test directories:
  Work:
 /home/vsts/conda/conda-bld/work 
  Test:
 /home/vsts/conda/conda-bld/test_tmp 
Leaving build/test environments:
  Test:
source activate  /home/vsts/conda/conda-bld/_test_env_placehold_placehold_placehold_placehold_placehold_placehold_placehold_placehold_placehold_placehold_placehold_placehold_placehold_placehold_placehold_placehold_placehold_placehold_placehold_placehold_placehold_placeh 
  Build:
source activate  /home/vsts/conda/conda-bld/_build_env 


