Updating build index: /Users/runner/conda/conda-bld

TEST START: /var/folders/24/8k48jl6d249_n_qfxwsl6xvm0000gn/T/tmppkf1z_td/noarch/perl-lockfile-simple-0.208-0.tar.bz2
Adding in variants from internal_defaults
Adding in variants from /var/folders/24/8k48jl6d249_n_qfxwsl6xvm0000gn/T/tmpico5pc2t/info/recipe/conda_build_config.yaml
  Package                 Version  Build             Channel                                                                  Size
────────────────────────────────────────────────────────────────────────────────────────────────────────────────────────────────────
  Install:
────────────────────────────────────────────────────────────────────────────────────────────────────────────────────────────────────

  + perl                   5.32.1  0_h0d85af4_perl5  conda-forge/osx-64                                                      13 MB
  + perl-lockfile-simple    0.208  0                 /var/folders/24/8k48jl6d249_n_qfxwsl6xvm0000gn/T/tmppkf1z_td/noarch     18 KB

  Summary:

  Install: 2 packages

  Total download: 13 MB

────────────────────────────────────────────────────────────────────────────────────────────────────────────────────────────────────


## Package Plan ##

  environment location: /Users/runner/conda/conda-bld/perl-lockfile-simple_1632324346877/_test_env_placehold_placehold_placehold_placehold_placehold_placehold_placehold_placehold_placehold_placehold_placehold_placehold_placehold_placehold_placehold_placehold_placehold_placehol


The following NEW packages will be INSTALLED:

    perl:                 5.32.1-0_h0d85af4_perl5 conda-forge                                                        
    perl-lockfile-simple: 0.208-0                 file:///var/folders/24/8k48jl6d249_n_qfxwsl6xvm0000gn/T/tmppkf1z_td

Preparing transaction: ...working... done
Verifying transaction: ...working... done
Executing transaction: ...working... done
export PREFIX=/Users/runner/conda/conda-bld/perl-lockfile-simple_1632324346877/_test_env_placehold_placehold_placehold_placehold_placehold_placehold_placehold_placehold_placehold_placehold_placehold_placehold_placehold_placehold_placehold_placehold_placehold_placehol
export SRC_DIR=/Users/runner/conda/conda-bld/perl-lockfile-simple_1632324346877/test_tmp

Leaving build/test directories:
  Work:
 /Users/runner/conda/conda-bld/work 
  Test:
 /Users/runner/conda/conda-bld/test_tmp 
Leaving build/test environments:
  Test:
source activate  /Users/runner/conda/conda-bld/_test_env_placehold_placehold_placehold_placehold_placehold_placehold_placehold_placehold_placehold_placehold_placehold_placehold_placehold_placehold_placehold_placehold_placehold_placehold_placehold_placehold_placehold_pla 
  Build:
source activate  /Users/runner/conda/conda-bld/_build_env 


