Updating build index: /Users/runner/conda/conda-bld

TEST START: /var/folders/24/8k48jl6d249_n_qfxwsl6xvm0000gn/T/tmp4c17t8ry/osx-64/sqlalchemy-datatables-0.3.0-py36_0.tar.bz2
Adding in variants from internal_defaults
Reloading output folder: /Users/runner/conda/conda-bld
Mamba failed to solve:
 - sqlalchemy-datatables 0.3.0.* py39_0
 - python
 - sqlalchemy
 - python

with channels:
 - file:///var/folders/24/8k48jl6d249_n_qfxwsl6xvm0000gn/T/tmp4c17t8ry

The reported errors are:
- Encountered problems while solving:
-   - nothing provides requested sqlalchemy-datatables 0.3.0.* py39_0
- 

Leaving build/test directories:
  Work:
 /Users/runner/conda/conda-bld/work 
  Test:
 /Users/runner/conda/conda-bld/test_tmp 
Leaving build/test environments:
  Test:
source activate  /Users/runner/conda/conda-bld/_test_env_placehold_placehold_placehold_placehold_placehold_placehold_placehold_placehold_placehold_placehold_placehold_placehold_placehold_placehold_placehold_placehold_placehold_placehold_placehold_placehold_placehold_pla 
  Build:
source activate  /Users/runner/conda/conda-bld/_build_env 


