Updating build index: /Users/runner/conda/conda-bld

TEST START: /var/folders/24/8k48jl6d249_n_qfxwsl6xvm0000gn/T/tmpo5ltvja8/osx-64/perl-tie-log4perl-0.1-pl526_1.tar.bz2
Adding in variants from internal_defaults
Adding in variants from /var/folders/24/8k48jl6d249_n_qfxwsl6xvm0000gn/T/tmpgiwzjf99/info/recipe/conda_build_config.yaml
Reloading output folder: /Users/runner/conda/conda-bld
  Package              Version  Build          Channel                                                                   Size
───────────────────────────────────────────────────────────────────────────────────────────────────────────────────────────────
  Install:
───────────────────────────────────────────────────────────────────────────────────────────────────────────────────────────────

  + perl                5.26.2  hbcb3906_1008  conda-forge/osx-64                                                       14 MB
  + perl-dbi             1.642  pl526_0        bioconda/osx-64                                                         543 KB
  + perl-exporter         5.72  pl526_1        bioconda/osx-64                                                          13 KB
  + perl-file-path        2.16  pl526_0        bioconda/osx-64                                                          17 KB
  + perl-log-log4perl     1.49  pl526_0        bioconda/osx-64                                                         197 KB
  + perl-tie-log4perl      0.1  pl526_1        /var/folders/24/8k48jl6d249_n_qfxwsl6xvm0000gn/T/tmpo5ltvja8/osx-64       7 KB

  Summary:

  Install: 6 packages

  Total download: 15 MB

───────────────────────────────────────────────────────────────────────────────────────────────────────────────────────────────


## Package Plan ##

  environment location: /Users/runner/conda/conda-bld/perl-tie-log4perl_1635454388282/_test_env_placehold_placehold_placehold_placehold_placehold_placehold_placehold_placehold_placehold_placehold_placehold_placehold_placehold_placehold_placehold_placehold_placehold_placehold_p


The following NEW packages will be INSTALLED:

    perl:              5.26.2-hbcb3906_1008 conda-forge                                                        
    perl-dbi:          1.642-pl526_0        bioconda                                                           
    perl-exporter:     5.72-pl526_1         bioconda                                                           
    perl-file-path:    2.16-pl526_0         bioconda                                                           
    perl-log-log4perl: 1.49-pl526_0         bioconda                                                           
    perl-tie-log4perl: 0.1-pl526_1          file:///var/folders/24/8k48jl6d249_n_qfxwsl6xvm0000gn/T/tmpo5ltvja8

Preparing transaction: ...working... done
Verifying transaction: ...working... done
Executing transaction: ...working... done
export PREFIX=/Users/runner/conda/conda-bld/perl-tie-log4perl_1635454388282/_test_env_placehold_placehold_placehold_placehold_placehold_placehold_placehold_placehold_placehold_placehold_placehold_placehold_placehold_placehold_placehold_placehold_placehold_placehold_p
export SRC_DIR=/Users/runner/conda/conda-bld/perl-tie-log4perl_1635454388282/test_tmp

Leaving build/test directories:
  Work:
 /Users/runner/conda/conda-bld/work 
  Test:
 /Users/runner/conda/conda-bld/test_tmp 
Leaving build/test environments:
  Test:
source activate  /Users/runner/conda/conda-bld/_test_env_placehold_placehold_placehold_placehold_placehold_placehold_placehold_placehold_placehold_placehold_placehold_placehold_placehold_placehold_placehold_placehold_placehold_placehold_placehold_placehold_placehold_pla 
  Build:
source activate  /Users/runner/conda/conda-bld/_build_env 


