Updating build index: /Users/runner/conda/conda-bld

TEST START: /var/folders/24/8k48jl6d249_n_qfxwsl6xvm0000gn/T/tmpxcmg8vgw/osx-64/perl-statistics-distributions-1.02-pl526_1.tar.bz2
Adding in variants from internal_defaults
Adding in variants from /var/folders/24/8k48jl6d249_n_qfxwsl6xvm0000gn/T/tmp8adisch6/info/recipe/conda_build_config.yaml
Reloading output folder: /Users/runner/conda/conda-bld

## Package Plan ##

  environment location: /Users/runner/conda/conda-bld/perl-statistics-distributions_1636299113482/_test_env_placehold_placehold_placehold_placehold_placehold_placehold_placehold_placehold_placehold_placehold_placehold_placehold_placehold_placehold_placehold_placehold_placehold


The following NEW packages will be INSTALLED:

    perl:                          5.26.2-hbcb3906_1008 conda-forge                                                        
    perl-statistics-distributions: 1.02-pl526_1         file:///var/folders/24/8k48jl6d249_n_qfxwsl6xvm0000gn/T/tmpxcmg8vgw

Preparing transaction: ...working... done
Verifying transaction: ...working... done
Executing transaction: ...working... done
export PREFIX=/Users/runner/conda/conda-bld/perl-statistics-distributions_1636299113482/_test_env_placehold_placehold_placehold_placehold_placehold_placehold_placehold_placehold_placehold_placehold_placehold_placehold_placehold_placehold_placehold_placehold_placehold
export SRC_DIR=/Users/runner/conda/conda-bld/perl-statistics-distributions_1636299113482/test_tmp

Leaving build/test directories:
  Work:
 /Users/runner/conda/conda-bld/work 
  Test:
 /Users/runner/conda/conda-bld/test_tmp 
Leaving build/test environments:
  Test:
source activate  /Users/runner/conda/conda-bld/_test_env_placehold_placehold_placehold_placehold_placehold_placehold_placehold_placehold_placehold_placehold_placehold_placehold_placehold_placehold_placehold_placehold_placehold_placehold_placehold_placehold_placehold_pla 
  Build:
source activate  /Users/runner/conda/conda-bld/_build_env 


