Updating build index: /home/vsts/conda/conda-bld

TEST START: /tmp/tmpsv1not2o/linux-64/python-weblogo-3.4-py36_0.tar.bz2
Adding in variants from internal_defaults
Reloading output folder: /home/vsts/conda/conda-bld
Mamba failed to solve:
 - python-weblogo 3.4.* py39_0
 - python
 - numpy
 - python

with channels:
 - file:///tmp/tmpsv1not2o

The reported errors are:
- Encountered problems while solving:
-   - nothing provides requested python-weblogo 3.4.* py39_0
- 

Leaving build/test directories:
  Work:
 /home/vsts/conda/conda-bld/work 
  Test:
 /home/vsts/conda/conda-bld/test_tmp 
Leaving build/test environments:
  Test:
source activate  /home/vsts/conda/conda-bld/_test_env_placehold_placehold_placehold_placehold_placehold_placehold_placehold_placehold_placehold_placehold_placehold_placehold_placehold_placehold_placehold_placehold_placehold_placehold_placehold_placehold_placehold_placeh 
  Build:
source activate  /home/vsts/conda/conda-bld/_build_env 


