Updating build index: /home/vsts/conda/conda-bld

TEST START: /tmp/tmp82r2w2aq/linux-64/fwdpy-0.0.4pre1-py35_gsl1.16_0.tar.bz2
Adding in variants from internal_defaults
Reloading output folder: /home/vsts/conda/conda-bld

## Package Plan ##

  environment location: /home/vsts/conda/conda-bld/fwdpy_1636500175984/_test_env_placehold_placehold_placehold_placehold_placehold_placehold_placehold_placehold_placehold_placehold_placehold_placehold_placehold_placehold_placehold_placehold_placehold_placehold_placehold_placeh


The following NEW packages will be INSTALLED:

    _libgcc_mutex:   0.1-conda_forge                     conda-forge            
    _openmp_mutex:   4.5-1_gnu                           conda-forge            
    blas:            1.1-openblas                        conda-forge            
    bzip2:           1.0.8-h7f98852_4                    conda-forge            
    ca-certificates: 2021.10.8-ha878542_0                conda-forge            
    certifi:         2018.8.24-py35_1001                 conda-forge            
    fwdpy:           0.0.4pre1-py35_gsl1.16_0            file:///tmp/tmp82r2w2aq
    gsl:             1.16-0                              conda-forge            
    libffi:          3.2.1-he1b5a44_1007                 conda-forge            
    libgcc-ng:       11.2.0-h1d223b6_11                  conda-forge            
    libgfortran:     3.0.0-1                             conda-forge            
    libgomp:         11.2.0-h1d223b6_11                  conda-forge            
    libsequence:     1.9.8-h7d875b9_2                    bioconda               
    libstdcxx-ng:    11.2.0-he4da1e4_11                  conda-forge            
    libzlib:         1.2.11-h36c2ea0_1013                conda-forge            
    ncurses:         6.2-h58526e2_4                      conda-forge            
    numpy:           1.15.2-py35_blas_openblashd3ea46f_0 conda-forge             [blas_openblas]
    openblas:        0.2.20-8                            conda-forge            
    openssl:         1.0.2u-h516909a_0                   conda-forge            
    pandas:          0.23.4-py35hf8a1672_0               conda-forge            
    pip:             20.3.4-pyhd8ed1ab_0                 conda-forge            
    python:          3.5.5-h5001a0f_2                    conda-forge            
    python-dateutil: 2.8.1-py_0                          conda-forge            
    pytz:            2021.3-pyhd8ed1ab_0                 conda-forge            
    readline:        7.0-hf8c457e_1001                   conda-forge            
    setuptools:      40.4.3-py35_0                       conda-forge            
    six:             1.16.0-pyh6c4a22f_0                 conda-forge            
    sqlite:          3.28.0-h8b20d00_0                   conda-forge            
    tk:              8.6.11-h27826a3_1                   conda-forge            
    wheel:           0.37.0-pyhd8ed1ab_1                 conda-forge            
    xz:              5.2.5-h516909a_1                    conda-forge            
    zlib:            1.2.11-h36c2ea0_1013                conda-forge            

Preparing transaction: ...working... done
Verifying transaction: ...working... done
Executing transaction: ...working... done
export PREFIX=/home/vsts/conda/conda-bld/fwdpy_1636500175984/_test_env_placehold_placehold_placehold_placehold_placehold_placehold_placehold_placehold_placehold_placehold_placehold_placehold_placehold_placehold_placehold_placehold_placehold_placehold_placehold_placeh
export SRC_DIR=/home/vsts/conda/conda-bld/fwdpy_1636500175984/test_tmp
import: 'fwdpy'

Leaving build/test directories:
  Work:
 /home/vsts/conda/conda-bld/work 
  Test:
 /home/vsts/conda/conda-bld/test_tmp 
Leaving build/test environments:
  Test:
source activate  /home/vsts/conda/conda-bld/_test_env_placehold_placehold_placehold_placehold_placehold_placehold_placehold_placehold_placehold_placehold_placehold_placehold_placehold_placehold_placehold_placehold_placehold_placehold_placehold_placehold_placehold_placeh 
  Build:
source activate  /home/vsts/conda/conda-bld/_build_env 


