Updating build index: /Users/runner/conda/conda-bld

TEST START: /var/folders/24/8k48jl6d249_n_qfxwsl6xvm0000gn/T/tmpb47kohjb/osx-64/fwdpy-0.0.4pre1-py35_gsl1.16_0.tar.bz2
Adding in variants from internal_defaults
Reloading output folder: /Users/runner/conda/conda-bld
  Package              Version  Build                         Channel                                                                   Size
──────────────────────────────────────────────────────────────────────────────────────────────────────────────────────────────────────────────
  Install:
──────────────────────────────────────────────────────────────────────────────────────────────────────────────────────────────────────────────

  + blas                   1.1  openblas                      conda-forge/osx-64                                                        1 KB
  + bzip2                1.0.8  h0d85af4_4                    conda-forge/osx-64                                                      Cached
  + ca-certificates  2021.10.8  h033912b_0                    conda-forge/osx-64                                                      Cached
  + certifi          2018.8.24  py35_1001                     conda-forge/osx-64                                                      139 KB
  + fwdpy            0.0.4pre1  py35_gsl1.16_0                /var/folders/24/8k48jl6d249_n_qfxwsl6xvm0000gn/T/tmpb47kohjb/osx-64     818 KB
  + gsl                   1.16  0                             conda-forge/osx-64                                                        2 MB
  + libcxx              12.0.1  habf9029_0                    conda-forge/osx-64                                                      Cached
  + libffi               3.2.1  hb1e8313_1007                 conda-forge/osx-64                                                       42 KB
  + libgfortran          3.0.1  0                             conda-forge/osx-64                                                      495 KB
  + libsequence          1.9.8  hb280591_2                    bioconda/osx-64                                                         370 KB
  + libzlib             1.2.11  h9173be1_1013                 conda-forge/osx-64                                                      Cached
  + ncurses                6.2  h2e338ed_4                    conda-forge/osx-64                                                      Cached
  + numpy               1.15.2  py35_blas_openblashd3ea46f_0  conda-forge/osx-64                                                        4 MB
  + openblas            0.2.20  8                             conda-forge/osx-64                                                       20 MB
  + openssl             1.0.2u  h0b31af3_0                    conda-forge/osx-64                                                        3 MB
  + pandas              0.23.4  py35hf8a1672_0                conda-forge/osx-64                                                       10 MB
  + pip                 20.3.4  pyhd8ed1ab_0                  conda-forge/noarch                                                        1 MB
  + python               3.5.5  h5001a0f_2                    conda-forge/osx-64                                                       13 MB
  + python-dateutil      2.8.1  py_0                          conda-forge/noarch                                                      220 KB
  + pytz                2021.3  pyhd8ed1ab_0                  conda-forge/noarch                                                      Cached
  + readline               7.0  hcfe32e1_1001                 conda-forge/osx-64                                                      393 KB
  + setuptools          40.4.3  py35_0                        conda-forge/osx-64                                                      573 KB
  + six                 1.16.0  pyh6c4a22f_0                  conda-forge/noarch                                                      Cached
  + sqlite              3.28.0  h9721f7c_0                    conda-forge/osx-64                                                        2 MB
  + tk                  8.6.11  h5dbffcc_1                    conda-forge/osx-64                                                      Cached
  + wheel               0.37.0  pyhd8ed1ab_1                  conda-forge/noarch                                                      Cached
  + xz                   5.2.5  haf1e3a3_1                    conda-forge/osx-64                                                      Cached
  + zlib                1.2.11  h9173be1_1013                 conda-forge/osx-64                                                      Cached

  Summary:

  Install: 28 packages

  Total download: 59 MB

──────────────────────────────────────────────────────────────────────────────────────────────────────────────────────────────────────────────


## Package Plan ##

  environment location: /Users/runner/conda/conda-bld/fwdpy_1635462076915/_test_env_placehold_placehold_placehold_placehold_placehold_placehold_placehold_placehold_placehold_placehold_placehold_placehold_placehold_placehold_placehold_placehold_placehold_placehold_placehold_pla


The following NEW packages will be INSTALLED:

    blas:            1.1-openblas                        conda-forge                                                        
    bzip2:           1.0.8-h0d85af4_4                    conda-forge                                                        
    ca-certificates: 2021.10.8-h033912b_0                conda-forge                                                        
    certifi:         2018.8.24-py35_1001                 conda-forge                                                        
    fwdpy:           0.0.4pre1-py35_gsl1.16_0            file:///var/folders/24/8k48jl6d249_n_qfxwsl6xvm0000gn/T/tmpb47kohjb
    gsl:             1.16-0                              conda-forge                                                        
    libcxx:          12.0.1-habf9029_0                   conda-forge                                                        
    libffi:          3.2.1-hb1e8313_1007                 conda-forge                                                        
    libgfortran:     3.0.1-0                             conda-forge                                                        
    libsequence:     1.9.8-hb280591_2                    bioconda                                                           
    libzlib:         1.2.11-h9173be1_1013                conda-forge                                                        
    ncurses:         6.2-h2e338ed_4                      conda-forge                                                        
    numpy:           1.15.2-py35_blas_openblashd3ea46f_0 conda-forge                                                         [blas_openblas]
    openblas:        0.2.20-8                            conda-forge                                                        
    openssl:         1.0.2u-h0b31af3_0                   conda-forge                                                        
    pandas:          0.23.4-py35hf8a1672_0               conda-forge                                                        
    pip:             20.3.4-pyhd8ed1ab_0                 conda-forge                                                        
    python:          3.5.5-h5001a0f_2                    conda-forge                                                        
    python-dateutil: 2.8.1-py_0                          conda-forge                                                        
    pytz:            2021.3-pyhd8ed1ab_0                 conda-forge                                                        
    readline:        7.0-hcfe32e1_1001                   conda-forge                                                        
    setuptools:      40.4.3-py35_0                       conda-forge                                                        
    six:             1.16.0-pyh6c4a22f_0                 conda-forge                                                        
    sqlite:          3.28.0-h9721f7c_0                   conda-forge                                                        
    tk:              8.6.11-h5dbffcc_1                   conda-forge                                                        
    wheel:           0.37.0-pyhd8ed1ab_1                 conda-forge                                                        
    xz:              5.2.5-haf1e3a3_1                    conda-forge                                                        
    zlib:            1.2.11-h9173be1_1013                conda-forge                                                        

Preparing transaction: ...working... done
Verifying transaction: ...working... done
Executing transaction: ...working... done
export PREFIX=/Users/runner/conda/conda-bld/fwdpy_1635462076915/_test_env_placehold_placehold_placehold_placehold_placehold_placehold_placehold_placehold_placehold_placehold_placehold_placehold_placehold_placehold_placehold_placehold_placehold_placehold_placehold_pla
export SRC_DIR=/Users/runner/conda/conda-bld/fwdpy_1635462076915/test_tmp
import: 'fwdpy'

Leaving build/test directories:
  Work:
 /Users/runner/conda/conda-bld/work 
  Test:
 /Users/runner/conda/conda-bld/test_tmp 
Leaving build/test environments:
  Test:
source activate  /Users/runner/conda/conda-bld/_test_env_placehold_placehold_placehold_placehold_placehold_placehold_placehold_placehold_placehold_placehold_placehold_placehold_placehold_placehold_placehold_placehold_placehold_placehold_placehold_placehold_placehold_pla 
  Build:
source activate  /Users/runner/conda/conda-bld/_build_env 


