Updating build index: /home/vsts/conda/conda-bld

TEST START: /tmp/tmp62ukg6wv/linux-64/oligotyping-2.1-py27_0.tar.bz2
Adding in variants from internal_defaults
Reloading output folder: /home/vsts/conda/conda-bld
Mamba failed to solve:
 - oligotyping 2.1.* py39_0
 - python
 - matplotlib
 - biopython
 - scipy
 - django
 - blast
 - r-vegan
 - r-ggplot2
 - r-gplots
 - r-gtools
 - r-reshape
 - r-optparse
 - r-pheatmap
 - r-rcolorbrewer
 - r-compute.es
 - python

with channels:
 - file:///tmp/tmp62ukg6wv

The reported errors are:
- Encountered problems while solving:
-   - nothing provides requested oligotyping 2.1.* py39_0
- 

Leaving build/test directories:
  Work:
 /home/vsts/conda/conda-bld/work 
  Test:
 /home/vsts/conda/conda-bld/test_tmp 
Leaving build/test environments:
  Test:
source activate  /home/vsts/conda/conda-bld/_test_env_placehold_placehold_placehold_placehold_placehold_placehold_placehold_placehold_placehold_placehold_placehold_placehold_placehold_placehold_placehold_placehold_placehold_placehold_placehold_placehold_placehold_placeh 
  Build:
source activate  /home/vsts/conda/conda-bld/_build_env 


