Updating build index: /Users/runner/conda/conda-bld

TEST START: /var/folders/24/8k48jl6d249_n_qfxwsl6xvm0000gn/T/tmpg9lg2iyu/osx-64/oligotyping-2.1-py27_0.tar.bz2
Adding in variants from internal_defaults
Reloading output folder: /Users/runner/conda/conda-bld
Mamba failed to solve:
 - oligotyping 2.1.* py39_0
 - python
 - matplotlib
 - biopython
 - scipy
 - django
 - blast
 - r-vegan
 - r-ggplot2
 - r-gplots
 - r-gtools
 - r-reshape
 - r-optparse
 - r-pheatmap
 - r-rcolorbrewer
 - r-compute.es
 - python

with channels:
 - file:///var/folders/24/8k48jl6d249_n_qfxwsl6xvm0000gn/T/tmpg9lg2iyu

The reported errors are:
- Encountered problems while solving:
-   - nothing provides requested oligotyping 2.1.* py39_0
- 

Leaving build/test directories:
  Work:
 /Users/runner/conda/conda-bld/work 
  Test:
 /Users/runner/conda/conda-bld/test_tmp 
Leaving build/test environments:
  Test:
source activate  /Users/runner/conda/conda-bld/_test_env_placehold_placehold_placehold_placehold_placehold_placehold_placehold_placehold_placehold_placehold_placehold_placehold_placehold_placehold_placehold_placehold_placehold_placehold_placehold_placehold_placehold_pla 
  Build:
source activate  /Users/runner/conda/conda-bld/_build_env 


