Updating build index: /Users/runner/conda/conda-bld

TEST START: /var/folders/24/8k48jl6d249_n_qfxwsl6xvm0000gn/T/tmppvl3zob9/osx-64/stream_atac-0.3.5-py37pl526hb0a58fe_4.tar.bz2
Reloading output folder: /Users/runner/conda/conda-bld

## Package Plan ##

  environment location: /Users/runner/conda/conda-bld/stream_atac_1637121072353/_test_env_placehold_placehold_placehold_placehold_placehold_placehold_placehold_placehold_placehold_placehold_placehold_placehold_placehold_placehold_placehold_placehold_placehold_placehold_placeho


The following NEW packages will be INSTALLED:

    _r-mutex:                          1.0.1-anacondar_1            conda-forge                                                        
    anndata:                           0.7.8-py37hf985489_0         conda-forge                                                        
    appnope:                           0.1.2-py37hf985489_2         conda-forge                                                        
    argcomplete:                       1.12.3-pyhd8ed1ab_2          conda-forge                                                        
    argon2-cffi:                       21.1.0-py37h271585c_2        conda-forge                                                        
    async_generator:                   1.10-py_0                    conda-forge                                                        
    attrs:                             21.2.0-pyhd8ed1ab_0          conda-forge                                                        
    backcall:                          0.2.0-pyh9f0ad1d_0           conda-forge                                                        
    backports:                         1.0-py_2                     conda-forge                                                        
    backports.functools_lru_cache:     1.6.4-pyhd8ed1ab_0           conda-forge                                                        
    backports.zoneinfo:                0.2.1-py37h271585c_4         conda-forge                                                        
    bioconductor-annotate:             1.64.0-r36_0                 bioconda                                                           
    bioconductor-annotationdbi:        1.48.0-r36_0                 bioconda                                                           
    bioconductor-biobase:              2.46.0-r36h01d97ff_0         bioconda                                                           
    bioconductor-biocgenerics:         0.32.0-r36_0                 bioconda                                                           
    bioconductor-biocparallel:         1.20.0-r36h6de7cb9_0         bioconda                                                           
    bioconductor-biostrings:           2.54.0-r36h01d97ff_0         bioconda                                                           
    bioconductor-bsgenome:             1.54.0-r36_0                 bioconda                                                           
    bioconductor-chromvar:             1.8.0-r36h6de7cb9_0          bioconda                                                           
    bioconductor-cner:                 1.22.0-r36h01d97ff_0         bioconda                                                           
    bioconductor-delayedarray:         0.12.0-r36h01d97ff_0         bioconda                                                           
    bioconductor-dirichletmultinomial: 1.28.0-r36hba1f1f8_0         bioconda                                                           
    bioconductor-genomeinfodb:         1.22.0-r36_0                 bioconda                                                           
    bioconductor-genomeinfodbdata:     1.2.2-r36_0                  bioconda                                                           
    bioconductor-genomicalignments:    1.22.0-r36h01d97ff_0         bioconda                                                           
    bioconductor-genomicranges:        1.38.0-r36h01d97ff_0         bioconda                                                           
    bioconductor-go.db:                3.10.0-r36_0                 bioconda                                                           
    bioconductor-iranges:              2.20.0-r36h01d97ff_0         bioconda                                                           
    bioconductor-keggrest:             1.26.0-r36_0                 bioconda                                                           
    bioconductor-rhtslib:              1.18.0-r36h90b7f41_1         bioconda                                                           
    bioconductor-rsamtools:            2.2.0-r36h6de7cb9_0          bioconda                                                           
    bioconductor-rtracklayer:          1.46.0-r36h01d97ff_0         bioconda                                                           
    bioconductor-s4vectors:            0.24.0-r36h01d97ff_0         bioconda                                                           
    bioconductor-seqlogo:              1.52.0-r36_0                 bioconda                                                           
    bioconductor-summarizedexperiment: 1.16.0-r36_0                 bioconda                                                           
    bioconductor-tfbstools:            1.24.0-r36h01d97ff_0         bioconda                                                           
    bioconductor-xvector:              0.26.0-r36h01d97ff_0         bioconda                                                           
    bioconductor-zlibbioc:             1.32.0-r36h01d97ff_0         bioconda                                                           
    bleach:                            4.1.0-pyhd8ed1ab_0           conda-forge                                                        
    brotlipy:                          0.7.0-py37h271585c_1003      conda-forge                                                        
    bwidget:                           1.9.14-h694c41f_1            conda-forge                                                        
    bzip2:                             1.0.8-h0d85af4_4             conda-forge                                                        
    ca-certificates:                   2021.10.8-h033912b_0         conda-forge                                                        
    cached-property:                   1.5.2-hd8ed1ab_1             conda-forge                                                        
    cached_property:                   1.5.2-pyha770c72_1           conda-forge                                                        
    cairo:                             1.16.0-hec6a9b0_1003         conda-forge                                                        
    cctools_osx-64:                    973.0.1-h3e07e27_2           conda-forge                                                        
    certifi:                           2021.10.8-py37hf985489_1     conda-forge                                                        
    cffi:                              1.15.0-py37h446072c_0        conda-forge                                                        
    chardet:                           4.0.0-py37hf985489_2         conda-forge                                                        
    charset-normalizer:                2.0.0-pyhd8ed1ab_0           conda-forge                                                        
    clang:                             12.0.1-h694c41f_4            conda-forge                                                        
    clang-12:                          12.0.1-default_he082bbe_4    conda-forge                                                        
    clang_osx-64:                      12.0.1-hb91bd55_2            conda-forge                                                        
    clangxx:                           12.0.1-default_he082bbe_4    conda-forge                                                        
    clangxx_osx-64:                    12.0.1-h7e1b574_2            conda-forge                                                        
    colorama:                          0.4.4-pyh9f0ad1d_0           conda-forge                                                        
    compiler-rt:                       12.0.1-he01351e_0            conda-forge                                                        
    compiler-rt_osx-64:                12.0.1-hd3f61c9_0            conda-forge                                                        
    conda:                             4.10.3-py37hf985489_3        conda-forge                                                        
    conda-package-handling:            1.7.3-py37h271585c_1         conda-forge                                                        
    cryptography:                      35.0.0-py37h5e77fcc_2        conda-forge                                                        
    curl:                              7.68.0-h8754def_0            conda-forge                                                        
    debugpy:                           1.5.1-py37hd8d24ac_0         conda-forge                                                        
    decorator:                         5.1.0-pyhd8ed1ab_0           conda-forge                                                        
    defusedxml:                        0.7.1-pyhd8ed1ab_0           conda-forge                                                        
    entrypoints:                       0.3-py37hc8dfbb8_1002        conda-forge                                                        
    fontconfig:                        2.13.1-h10f422b_1005         conda-forge                                                        
    freetype:                          2.10.4-h4cff582_1            conda-forge                                                        
    fribidi:                           1.0.10-hbcb3906_0            conda-forge                                                        
    gettext:                           0.19.8.1-hd1a6beb_1008       conda-forge                                                        
    gfortran_impl_osx-64:              7.5.0-hdadd0f8_23            conda-forge                                                        
    gfortran_osx-64:                   7.5.0-h18f7dce_14            conda-forge                                                        
    glib:                              2.70.1-hcf210ce_0            conda-forge                                                        
    glib-tools:                        2.70.1-hcf210ce_0            conda-forge                                                        
    gmp:                               6.2.1-h2e338ed_0             conda-forge                                                        
    graphite2:                         1.3.13-h2e338ed_1001         conda-forge                                                        
    gsl:                               2.5-ha2d443c_1               conda-forge                                                        
    h5py:                              3.3.0-nompi_py37hdf859c4_100 conda-forge                                                        
    harfbuzz:                          2.4.0-hd8d2a14_3             conda-forge                                                        
    hdf5:                              1.10.6-nompi_haae91d6_101    conda-forge                                                        
    icu:                               64.2-h6de7cb9_1              conda-forge                                                        
    idna:                              3.1-pyhd3deb0d_0             conda-forge                                                        
    importlib-metadata:                4.8.2-py37hf985489_0         conda-forge                                                        
    importlib_metadata:                4.8.2-hd8ed1ab_0             conda-forge                                                        
    importlib_resources:               5.4.0-pyhd8ed1ab_0           conda-forge                                                        
    ipykernel:                         6.5.0-py37h4c52d7d_1         conda-forge                                                        
    ipython:                           7.29.0-py37h4c52d7d_2        conda-forge                                                        
    ipython_genutils:                  0.2.0-py_1                   conda-forge                                                        
    isl:                               0.22.1-hb1e8313_2            conda-forge                                                        
    jbig:                              2.1-h0d85af4_2003            conda-forge                                                        
    jedi:                              0.18.0-py37hf985489_3        conda-forge                                                        
    jinja2:                            3.0.3-pyhd8ed1ab_0           conda-forge                                                        
    joblib:                            1.1.0-pyhd8ed1ab_0           conda-forge                                                        
    jpeg:                              9d-hbcb3906_0                conda-forge                                                        
    jsonschema:                        4.2.1-pyhd8ed1ab_0           conda-forge                                                        
    jupyter_client:                    7.0.6-pyhd8ed1ab_0           conda-forge                                                        
    jupyter_core:                      4.9.1-py37hf985489_1         conda-forge                                                        
    jupyterlab_pygments:               0.1.2-pyh9f0ad1d_0           conda-forge                                                        
    krb5:                              1.16.4-h1752a42_0            conda-forge                                                        
    ld64_osx-64:                       609-h2487922_2               conda-forge                                                        
    ldid:                              2.1.2-h6a69015_3             conda-forge                                                        
    lerc:                              3.0-he49afe7_0               conda-forge                                                        
    libblas:                           3.9.0-8_openblas             conda-forge                                                        
    libcblas:                          3.9.0-8_openblas             conda-forge                                                        
    libclang-cpp12:                    12.0.1-default_he082bbe_4    conda-forge                                                        
    libcurl:                           7.68.0-h709d2b2_0            conda-forge                                                        
    libcxx:                            12.0.1-habf9029_0            conda-forge                                                        
    libdeflate:                        1.8-h0d85af4_0               conda-forge                                                        
    libedit:                           3.1.20191231-h0678c8f_2      conda-forge                                                        
    libffi:                            3.4.2-h0d85af4_5             conda-forge                                                        
    libgfortran:                       4.0.0-7_5_0_h1a10cd1_23      conda-forge                                                        
    libgfortran-devel_osx-64:          7.5.0-h1a10cd1_23            conda-forge                                                        
    libgfortran4:                      7.5.0-h1a10cd1_23            conda-forge                                                        
    libglib:                           2.70.1-hf1fb8c0_0            conda-forge                                                        
    libiconv:                          1.16-haf1e3a3_0              conda-forge                                                        
    libidn2:                           2.3.2-h0d85af4_0             conda-forge                                                        
    liblapack:                         3.9.0-8_openblas             conda-forge                                                        
    libllvm12:                         12.0.1-hd011deb_2            conda-forge                                                        
    libopenblas:                       0.3.12-openmp_h63d9170_1     conda-forge                                                        
    libpng:                            1.6.37-h7cec526_2            conda-forge                                                        
    libsodium:                         1.0.18-hbcb3906_1            conda-forge                                                        
    libssh2:                           1.10.0-h52ee1ee_2            conda-forge                                                        
    libtiff:                           4.3.0-hd146c10_2             conda-forge                                                        
    libunistring:                      0.9.10-h0d85af4_0            conda-forge                                                        
    libwebp-base:                      1.2.1-h0d85af4_0             conda-forge                                                        
    libxml2:                           2.9.10-h53d96d6_0            conda-forge                                                        
    libzlib:                           1.2.11-h9173be1_1013         conda-forge                                                        
    llvm-openmp:                       12.0.1-hda6cdc1_1            conda-forge                                                        
    llvm-tools:                        12.0.1-hd011deb_2            conda-forge                                                        
    lz4-c:                             1.9.3-he49afe7_1             conda-forge                                                        
    make:                              4.3-h22f3db7_1               conda-forge                                                        
    markupsafe:                        2.0.1-py37h271585c_1         conda-forge                                                        
    matplotlib-inline:                 0.1.3-pyhd8ed1ab_0           conda-forge                                                        
    mistune:                           0.8.4-py37h271585c_1005      conda-forge                                                        
    mpc:                               1.2.1-hbb51d92_0             conda-forge                                                        
    mpfr:                              4.1.0-h0f52abe_1             conda-forge                                                        
    natsort:                           8.0.0-pyhd8ed1ab_0           conda-forge                                                        
    nbclient:                          0.5.8-pyhd8ed1ab_0           conda-forge                                                        
    nbconvert:                         6.3.0-py37hf985489_1         conda-forge                                                        
    nbformat:                          5.1.3-pyhd8ed1ab_0           conda-forge                                                        
    ncurses:                           6.2-h2e338ed_4               conda-forge                                                        
    nest-asyncio:                      1.5.1-pyhd8ed1ab_0           conda-forge                                                        
    notebook:                          6.4.5-pyha770c72_0           conda-forge                                                        
    numpy:                             1.21.4-py37haefe36b_0        conda-forge                                                        
    openssl:                           1.1.1l-h0d85af4_0            conda-forge                                                        
    packaging:                         21.2-pyhd8ed1ab_1            conda-forge                                                        
    pandas:                            1.3.4-py37h5b83a90_1         conda-forge                                                        
    pandoc:                            2.16.1-h0d85af4_0            conda-forge                                                        
    pandocfilters:                     1.5.0-pyhd8ed1ab_0           conda-forge                                                        
    pango:                             1.42.4-haa940fe_4            conda-forge                                                        
    parso:                             0.8.2-pyhd8ed1ab_0           conda-forge                                                        
    pcre:                              8.45-he49afe7_0              conda-forge                                                        
    perl:                              5.26.2-hbcb3906_1008         conda-forge                                                        
    pexpect:                           4.8.0-py37hc8dfbb8_1         conda-forge                                                        
    pickleshare:                       0.7.5-py37hc8dfbb8_1002      conda-forge                                                        
    pip:                               21.3.1-pyhd8ed1ab_0          conda-forge                                                        
    pixman:                            0.38.0-h01d97ff_1003         conda-forge                                                        
    prometheus_client:                 0.12.0-pyhd8ed1ab_0          conda-forge                                                        
    prompt-toolkit:                    3.0.22-pyha770c72_0          conda-forge                                                        
    ptyprocess:                        0.7.0-pyhd3deb0d_0           conda-forge                                                        
    pycosat:                           0.6.3-py37h271585c_1009      conda-forge                                                        
    pycparser:                         2.21-pyhd8ed1ab_0            conda-forge                                                        
    pygments:                          2.10.0-pyhd8ed1ab_0          conda-forge                                                        
    pyopenssl:                         21.0.0-pyhd8ed1ab_0          conda-forge                                                        
    pyparsing:                         2.4.7-pyhd8ed1ab_1           conda-forge                                                        
    pyrsistent:                        0.18.0-py37h271585c_0        conda-forge                                                        
    pysocks:                           1.7.1-py37hf985489_4         conda-forge                                                        
    python:                            3.7.12-haf480d7_100_cpython  conda-forge                                                        
    python-dateutil:                   2.8.2-pyhd8ed1ab_0           conda-forge                                                        
    python-tzdata:                     2021.5-pyhd8ed1ab_0          conda-forge                                                        
    python_abi:                        3.7-2_cp37m                  conda-forge                                                        
    pytz:                              2021.3-pyhd8ed1ab_0          conda-forge                                                        
    pytz-deprecation-shim:             0.1.0.post0-py37hf985489_1   conda-forge                                                        
    pyzmq:                             22.3.0-py37h8f778e5_1        conda-forge                                                        
    r-askpass:                         1.1-r36h28b5c78_2            conda-forge                                                        
    r-assertthat:                      0.2.1-r36h6115d3f_2          conda-forge                                                        
    r-backports:                       1.2.1-r36h28b5c78_0          conda-forge                                                        
    r-base:                            3.6.2-he15a7b5_0             conda-forge                                                        
    r-base64enc:                       0.1_3-r36h28b5c78_1004       conda-forge                                                        
    r-bh:                              1.75.0_0-r36hc72bb7e_0       conda-forge                                                        
    r-bit:                             4.0.4-r36h28b5c78_0          conda-forge                                                        
    r-bit64:                           4.0.5-r36h28b5c78_0          conda-forge                                                        
    r-bitops:                          1.0_7-r36h28b5c78_0          conda-forge                                                        
    r-blob:                            1.2.1-r36h6115d3f_1          conda-forge                                                        
    r-boot:                            1.3_28-r36hc72bb7e_0         conda-forge                                                        
    r-brio:                            1.1.2-r36h28b5c78_0          conda-forge                                                        
    r-broom:                           0.7.6-r36hc72bb7e_0          conda-forge                                                        
    r-bslib:                           0.2.5.1-r36hc72bb7e_0        conda-forge                                                        
    r-cachem:                          1.0.5-r36h28b5c78_0          conda-forge                                                        
    r-callr:                           3.7.0-r36hc72bb7e_0          conda-forge                                                        
    r-caret:                           6.0_88-r36h28b5c78_0         conda-forge                                                        
    r-catools:                         1.18.2-r36h9951f98_0         conda-forge                                                        
    r-cellranger:                      1.1.0-r36h6115d3f_1003       conda-forge                                                        
    r-class:                           7.3_19-r36h28b5c78_0         conda-forge                                                        
    r-cli:                             2.5.0-r36hc72bb7e_0          conda-forge                                                        
    r-clipr:                           0.7.1-r36h142f84f_0          conda-forge                                                        
    r-cluster:                         2.1.0-r36ha752707_4          conda-forge                                                        
    r-codetools:                       0.2_18-r36hc72bb7e_0         conda-forge                                                        
    r-colorspace:                      2.0_1-r36h28b5c78_0          conda-forge                                                        
    r-commonmark:                      1.7-r36h28b5c78_1002         conda-forge                                                        
    r-cpp11:                           0.2.7-r36hc72bb7e_0          conda-forge                                                        
    r-crayon:                          1.4.1-r36hc72bb7e_0          conda-forge                                                        
    r-crosstalk:                       1.1.1-r36hc72bb7e_0          conda-forge                                                        
    r-crul:                            1.1.0-r36h785f33e_0          conda-forge                                                        
    r-curl:                            4.3.1-r36h28b5c78_0          conda-forge                                                        
    r-data.table:                      1.14.0-r36hf6ff476_0         conda-forge                                                        
    r-dbi:                             1.1.1-r36hc72bb7e_0          conda-forge                                                        
    r-dbplyr:                          2.1.1-r36hc72bb7e_0          conda-forge                                                        
    r-desc:                            1.3.0-r36hc72bb7e_0          conda-forge                                                        
    r-diffobj:                         0.3.4-r36h28b5c78_0          conda-forge                                                        
    r-digest:                          0.6.27-r36h9951f98_0         conda-forge                                                        
    r-dplyr:                           1.0.6-r36h9951f98_1          conda-forge                                                        
    r-dt:                              0.18-r36hc72bb7e_0           conda-forge                                                        
    r-dtplyr:                          1.1.0-r36hc72bb7e_0          conda-forge                                                        
    r-ellipsis:                        0.3.2-r36h28b5c78_0          conda-forge                                                        
    r-essentials:                      3.6-r36_2002                 conda-forge                                                        
    r-evaluate:                        0.14-r36h6115d3f_2           conda-forge                                                        
    r-fansi:                           0.4.2-r36h28b5c78_0          conda-forge                                                        
    r-farver:                          2.1.0-r36h9951f98_0          conda-forge                                                        
    r-fastmap:                         1.1.0-r36h9951f98_0          conda-forge                                                        
    r-forcats:                         0.5.1-r36hc72bb7e_0          conda-forge                                                        
    r-foreach:                         1.5.1-r36h142f84f_0          conda-forge                                                        
    r-foreign:                         0.8_76-r36h17f1fa6_1         conda-forge                                                        
    r-formatr:                         1.9-r36hc72bb7e_0            conda-forge                                                        
    r-fs:                              1.5.0-r36h710217c_0          conda-forge                                                        
    r-futile.logger:                   1.4.3-r36h6115d3f_1003       conda-forge                                                        
    r-futile.options:                  1.0.1-r36h6115d3f_1002       conda-forge                                                        
    r-gargle:                          1.1.0-r36hc72bb7e_0          conda-forge                                                        
    r-generics:                        0.1.0-r36hc72bb7e_0          conda-forge                                                        
    r-getopt:                          1.20.3-r36_2                 conda-forge                                                        
    r-ggplot2:                         3.3.3-r36hc72bb7e_0          conda-forge                                                        
    r-gistr:                           0.9.0-r36h6115d3f_0          conda-forge                                                        
    r-glmnet:                          4.0_2-r36ha752707_1          conda-forge                                                        
    r-glue:                            1.4.2-r36h066c5db_0          conda-forge                                                        
    r-googledrive:                     1.0.1-r36h6115d3f_1          conda-forge                                                        
    r-googlesheets4:                   0.3.0-r36hbe3e9c8_0          conda-forge                                                        
    r-gower:                           0.2.2-r36h17f1fa6_0          conda-forge                                                        
    r-gtable:                          0.3.0-r36h6115d3f_3          conda-forge                                                        
    r-gtools:                          3.8.2-r36h17f1fa6_1          conda-forge                                                        
    r-haven:                           2.4.1-r36h8a02945_0          conda-forge                                                        
    r-hexbin:                          1.28.1-r36ha752707_2         conda-forge                                                        
    r-highr:                           0.9-r36hc72bb7e_0            conda-forge                                                        
    r-hms:                             1.1.0-r36hc72bb7e_0          conda-forge                                                        
    r-htmltools:                       0.5.1.1-r36h9951f98_0        conda-forge                                                        
    r-htmlwidgets:                     1.5.3-r36hc72bb7e_0          conda-forge                                                        
    r-httpcode:                        0.3.0-r36_1                  conda-forge                                                        
    r-httpuv:                          1.6.1-r36h9951f98_0          conda-forge                                                        
    r-httr:                            1.4.2-r36h6115d3f_0          conda-forge                                                        
    r-ids:                             1.0.1-r36h6115d3f_1          conda-forge                                                        
    r-ipred:                           0.9_11-r36h28b5c78_0         conda-forge                                                        
    r-irdisplay:                       1.0-r36hd8ed1ab_0            conda-forge                                                        
    r-irkernel:                        1.2-r36hc72bb7e_0            conda-forge                                                        
    r-isoband:                         0.2.4-r36h9951f98_0          conda-forge                                                        
    r-iterators:                       1.0.13-r36h142f84f_0         conda-forge                                                        
    r-jquerylib:                       0.1.4-r36hc72bb7e_0          conda-forge                                                        
    r-jsonlite:                        1.7.2-r36h066c5db_0          conda-forge                                                        
    r-kernsmooth:                      2.23_18-r36h528b35d_0        conda-forge                                                        
    r-knitr:                           1.33-r36hc72bb7e_0           conda-forge                                                        
    r-labeling:                        0.4.2-r36h142f84f_0          conda-forge                                                        
    r-lambda.r:                        1.2.4-r36h6115d3f_1          conda-forge                                                        
    r-later:                           1.2.0-r36h9951f98_0          conda-forge                                                        
    r-lattice:                         0.20_44-r36h28b5c78_0        conda-forge                                                        
    r-lava:                            1.6.9-r36hc72bb7e_0          conda-forge                                                        
    r-lazyeval:                        0.2.2-r36h28b5c78_2          conda-forge                                                        
    r-lifecycle:                       1.0.0-r36hc72bb7e_0          conda-forge                                                        
    r-lubridate:                       1.7.10-r36h9951f98_0         conda-forge                                                        
    r-magrittr:                        2.0.1-r36h066c5db_1          conda-forge                                                        
    r-maps:                            3.3.0-r36h17f1fa6_1004       conda-forge                                                        
    r-markdown:                        1.1-r36h066c5db_1            conda-forge                                                        
    r-mass:                            7.3_54-r36h28b5c78_0         conda-forge                                                        
    r-matrix:                          1.3_3-r36hc2c5f09_0          conda-forge                                                        
    r-matrixstats:                     0.58.0-r36hf6ff476_0         conda-forge                                                        
    r-memoise:                         2.0.0-r36hc72bb7e_0          conda-forge                                                        
    r-mgcv:                            1.8_35-r36hc2c5f09_0         conda-forge                                                        
    r-mime:                            0.10-r36hf6ff476_0           conda-forge                                                        
    r-miniui:                          0.1.1.1-r36h6115d3f_1002     conda-forge                                                        
    r-modelmetrics:                    1.2.2.2-r36hc5da6b9_1        conda-forge                                                        
    r-modelr:                          0.1.8-r36h6115d3f_0          conda-forge                                                        
    r-munsell:                         0.5.0-r36h6115d3f_1003       conda-forge                                                        
    r-nabor:                           0.5.0-r36h710217c_0          conda-forge                                                        
    r-nlme:                            3.1_150-r36ha752707_0        conda-forge                                                        
    r-nnet:                            7.3_16-r36h28b5c78_0         conda-forge                                                        
    r-numderiv:                        2016.8_1.1-r36h6115d3f_3     conda-forge                                                        
    r-openssl:                         1.4.4-r36hd95e000_0          conda-forge                                                        
    r-optparse:                        1.6.6-r36h6115d3f_1          conda-forge                                                        
    r-pbdzmq:                          0.3_5-r36h5cc58b7_1          conda-forge                                                        
    r-pillar:                          1.6.1-r36hc72bb7e_0          conda-forge                                                        
    r-pkgconfig:                       2.0.3-r36h6115d3f_1          conda-forge                                                        
    r-pkgload:                         1.2.1-r36h9951f98_0          conda-forge                                                        
    r-plogr:                           0.2.0-r36h6115d3f_1003       conda-forge                                                        
    r-plotly:                          4.9.3-r36hc72bb7e_0          conda-forge                                                        
    r-plyr:                            1.8.6-r36hc5da6b9_1          conda-forge                                                        
    r-png:                             0.1_7-r36h28b5c78_1004       conda-forge                                                        
    r-powerlaw:                        0.70.6-r36h6115d3f_1         conda-forge                                                        
    r-pracma:                          2.3.3-r36hc72bb7e_0          conda-forge                                                        
    r-praise:                          1.0.0-r36h6115d3f_1004       conda-forge                                                        
    r-prettyunits:                     1.1.1-r36h6115d3f_1          conda-forge                                                        
    r-proc:                            1.17.0.1-r36h815b84a_0       conda-forge                                                        
    r-processx:                        3.5.2-r36h28b5c78_0          conda-forge                                                        
    r-prodlim:                         2019.11.13-r36hc5da6b9_1     conda-forge                                                        
    r-progress:                        1.2.2-r36h6115d3f_2          conda-forge                                                        
    r-promises:                        1.2.0.1-r36h9951f98_0        conda-forge                                                        
    r-pryr:                            0.1.4-r36hc5da6b9_1004       conda-forge                                                        
    r-ps:                              1.6.0-r36h28b5c78_0          conda-forge                                                        
    r-purrr:                           0.3.4-r36h28b5c78_1          conda-forge                                                        
    r-quantmod:                        0.4.18-r36hc72bb7e_0         conda-forge                                                        
    r-r.methodss3:                     1.8.1-r36h6115d3f_0          conda-forge                                                        
    r-r.oo:                            1.24.0-r36h6115d3f_0         conda-forge                                                        
    r-r.utils:                         2.10.1-r36h6115d3f_0         conda-forge                                                        
    r-r6:                              2.5.0-r36hc72bb7e_0          conda-forge                                                        
    r-randomforest:                    4.6_14-r36ha752707_1004      conda-forge                                                        
    r-rappdirs:                        0.3.3-r36hf6ff476_0          conda-forge                                                        
    r-rbokeh:                          0.5.1-r36h6115d3f_0          conda-forge                                                        
    r-rcolorbrewer:                    1.1_2-r36h6115d3f_1003       conda-forge                                                        
    r-rcpp:                            1.0.6-r36h815b84a_0          conda-forge                                                        
    r-rcpparmadillo:                   0.10.4.0.0-r36he5a6823_0     conda-forge                                                        
    r-rcppeigen:                       0.3.3.9.1-r36hbe96a68_0      conda-forge                                                        
    r-rcurl:                           1.98_1.2-r36h17f1fa6_0       conda-forge                                                        
    r-readr:                           1.4.0-r36h342fd00_0          conda-forge                                                        
    r-readxl:                          1.3.1-r36hee97c7f_4          conda-forge                                                        
    r-recipes:                         0.1.16-r36hc72bb7e_0         conda-forge                                                        
    r-recommended:                     3.6-r36_1004                 conda-forge                                                        
    r-rematch:                         1.0.1-r36h6115d3f_1003       conda-forge                                                        
    r-rematch2:                        2.1.2-r36h6115d3f_1          conda-forge                                                        
    r-repr:                            1.1.3-r36h785f33e_0          conda-forge                                                        
    r-reprex:                          2.0.0-r36hc72bb7e_0          conda-forge                                                        
    r-reshape2:                        1.4.4-r36hc5da6b9_1          conda-forge                                                        
    r-rlang:                           0.4.11-r36h28b5c78_0         conda-forge                                                        
    r-rmarkdown:                       2.8-r36hc72bb7e_0            conda-forge                                                        
    r-rpart:                           4.1_15-r36h066c5db_2         conda-forge                                                        
    r-rprojroot:                       2.0.2-r36hc72bb7e_0          conda-forge                                                        
    r-rsqlite:                         2.2.5-r36h9951f98_0          conda-forge                                                        
    r-rstudioapi:                      0.13-r36hc72bb7e_0           conda-forge                                                        
    r-rtsne:                           0.15-r36ha4e0109_3           conda-forge                                                        
    r-rvest:                           1.0.0-r36hc72bb7e_0          conda-forge                                                        
    r-sass:                            0.4.0-r36h9951f98_0          conda-forge                                                        
    r-scales:                          1.1.1-r36h6115d3f_0          conda-forge                                                        
    r-selectr:                         0.4_2-r36h6115d3f_1          conda-forge                                                        
    r-shape:                           1.4.6-r36ha770c72_0          conda-forge                                                        
    r-shiny:                           1.6.0-r36hc72bb7e_0          conda-forge                                                        
    r-snow:                            0.4_3-r36h6115d3f_1002       conda-forge                                                        
    r-sourcetools:                     0.1.7-r36h4a8c4bd_1002       conda-forge                                                        
    r-spatial:                         7.3_14-r36h28b5c78_0         conda-forge                                                        
    r-squarem:                         2021.1-r36hc72bb7e_0         conda-forge                                                        
    r-stringi:                         1.4.6-r36h3211bb2_2          conda-forge                                                        
    r-stringr:                         1.4.0-r36h6115d3f_2          conda-forge                                                        
    r-survival:                        3.2_10-r36h28b5c78_0         conda-forge                                                        
    r-sys:                             3.4-r36h28b5c78_0            conda-forge                                                        
    r-testthat:                        3.0.2-r36h9951f98_0          conda-forge                                                        
    r-tfmpvalue:                       0.0.8-r36hc5da6b9_1002       conda-forge                                                        
    r-tibble:                          3.1.2-r36h28b5c78_0          conda-forge                                                        
    r-tidyr:                           1.1.3-r36h9951f98_0          conda-forge                                                        
    r-tidyselect:                      1.1.1-r36hbe3e9c8_0          conda-forge                                                        
    r-tidyverse:                       1.3.1-r36hc72bb7e_0          conda-forge                                                        
    r-timedate:                        3043.102-r36h6115d3f_1002    conda-forge                                                        
    r-tinytex:                         0.31-r36hc72bb7e_0           conda-forge                                                        
    r-triebeard:                       0.3.0-r36hb1e8313_1003       conda-forge                                                        
    r-ttr:                             0.24.2-r36h800e0f2_0         conda-forge                                                        
    r-urltools:                        1.7.3-r36h710217c_2          conda-forge                                                        
    r-utf8:                            1.2.1-r36h28b5c78_0          conda-forge                                                        
    r-uuid:                            0.1_4-r36h17f1fa6_1          conda-forge                                                        
    r-vctrs:                           0.3.8-r36h28b5c78_1          conda-forge                                                        
    r-viridislite:                     0.4.0-r36hc72bb7e_0          conda-forge                                                        
    r-waldo:                           0.2.5-r36hc72bb7e_0          conda-forge                                                        
    r-withr:                           2.4.2-r36hc72bb7e_0          conda-forge                                                        
    r-xfun:                            0.23-r36h28b5c78_0           conda-forge                                                        
    r-xml:                             3.99_0.3-r36h17f1fa6_1       conda-forge                                                        
    r-xml2:                            1.3.2-r36hc5da6b9_1          conda-forge                                                        
    r-xtable:                          1.8_4-r36h6115d3f_3          conda-forge                                                        
    r-xts:                             0.12_0-r36h17f1fa6_1         conda-forge                                                        
    r-yaml:                            2.2.1-r36h066c5db_1          conda-forge                                                        
    r-zoo:                             1.8_9-r36h28b5c78_0          conda-forge                                                        
    readline:                          8.1-h05e3726_0               conda-forge                                                        
    requests:                          2.26.0-pyhd8ed1ab_0          conda-forge                                                        
    rpy2:                              2.9.4-py37r36hfc83f80_3      conda-forge                                                        
    ruamel_yaml:                       0.15.80-py37h271585c_1006    conda-forge                                                        
    scikit-learn:                      1.0.1-py37h572704e_2         conda-forge                                                        
    scipy:                             1.5.3-py37h04d6967_0         conda-forge                                                        
    send2trash:                        1.8.0-pyhd8ed1ab_0           conda-forge                                                        
    setuptools:                        59.1.1-py37hf985489_0        conda-forge                                                        
    simplegeneric:                     0.8.1-py_1                   conda-forge                                                        
    six:                               1.16.0-pyh6c4a22f_0          conda-forge                                                        
    sqlite:                            3.36.0-h23a322b_2            conda-forge                                                        
    stream_atac:                       0.3.5-py37pl526hb0a58fe_4    file:///var/folders/24/8k48jl6d249_n_qfxwsl6xvm0000gn/T/tmppvl3zob9
    tapi:                              1100.0.11-h9ce4665_0         conda-forge                                                        
    terminado:                         0.12.1-py37hf985489_1        conda-forge                                                        
    testpath:                          0.5.0-pyhd8ed1ab_0           conda-forge                                                        
    threadpoolctl:                     3.0.0-pyh8a188c0_0           conda-forge                                                        
    tk:                                8.6.11-h5dbffcc_1            conda-forge                                                        
    tktable:                           2.10-h49f0cf7_3              conda-forge                                                        
    tornado:                           6.1-py37h271585c_2           conda-forge                                                        
    tqdm:                              4.62.3-pyhd8ed1ab_0          conda-forge                                                        
    traitlets:                         5.1.1-pyhd8ed1ab_0           conda-forge                                                        
    typing_extensions:                 3.10.0.2-pyha770c72_0        conda-forge                                                        
    tzdata:                            2021e-he74cb21_0             conda-forge                                                        
    tzlocal:                           4.1-py37hf985489_1           conda-forge                                                        
    unzip:                             6.0-hbcf498f_2               conda-forge                                                        
    urllib3:                           1.26.7-pyhd8ed1ab_0          conda-forge                                                        
    wcwidth:                           0.2.5-pyh9f0ad1d_2           conda-forge                                                        
    webencodings:                      0.5.1-py_1                   conda-forge                                                        
    wget:                              1.20.3-h52ee1ee_1            conda-forge                                                        
    wheel:                             0.37.0-pyhd8ed1ab_1          conda-forge                                                        
    xz:                                5.2.5-haf1e3a3_1             conda-forge                                                        
    yaml:                              0.2.5-haf1e3a3_0             conda-forge                                                        
    zeromq:                            4.3.4-he49afe7_1             conda-forge                                                        
    zip:                               3.0-h0d85af4_1               conda-forge                                                        
    zipp:                              3.6.0-pyhd8ed1ab_0           conda-forge                                                        
    zlib:                              1.2.11-h9173be1_1013         conda-forge                                                        
    zstd:                              1.5.0-h582d3a0_0             conda-forge                                                        

Preparing transaction: ...working... done
Verifying transaction: ...working... done
Executing transaction: ...working... done
export PREFIX=/Users/runner/conda/conda-bld/stream_atac_1637121072353/_test_env_placehold_placehold_placehold_placehold_placehold_placehold_placehold_placehold_placehold_placehold_placehold_placehold_placehold_placehold_placehold_placehold_placehold_placehold_placeho
export SRC_DIR=/Users/runner/conda/conda-bld/stream_atac_1637121072353/test_tmp
INFO: activate-gfortran_osx-64.sh made the following environmental changes:
+DEBUG_FFLAGS=-march=core2 -mtune=haswell -ftree-vectorize -fPIC -fstack-protector -O2 -pipe -isystem $PREFIX/include -fdebug-prefix-map=$SRC_DIR=/usr/local/src/conda/stream_atac-0.3.5 -fdebug-prefix-map=$PREFIX=/usr/local/src/conda-prefix -march=core2 -mtune=haswell -ftree-vectorize -fPIC -fstack-protector -O2 -pipe -Og -g -Wall -Wextra -fcheck=all -fbacktrace -fimplicit-none -fvar-tracking-assignments
+DEBUG_FORTRANFLAGS=-march=core2 -mtune=haswell -ftree-vectorize -fPIC -fstack-protector -O2 -pipe -isystem $PREFIX/include -fdebug-prefix-map=$SRC_DIR=/usr/local/src/conda/stream_atac-0.3.5 -fdebug-prefix-map=$PREFIX=/usr/local/src/conda-prefix -march=core2 -mtune=haswell -ftree-vectorize -fPIC -fstack-protector -O2 -pipe -Og -g -Wall -Wextra -fcheck=all -fbacktrace -fimplicit-none -fvar-tracking-assignments
+F77=$PREFIX/bin/x86_64-apple-darwin13.4.0-gfortran
+F90=$PREFIX/bin/x86_64-apple-darwin13.4.0-gfortran
+F95=$PREFIX/bin/x86_64-apple-darwin13.4.0-gfortran
+FC=$PREFIX/bin/x86_64-apple-darwin13.4.0-gfortran
+FC_FOR_BUILD=$PREFIX/bin/-gfortran
+FFLAGS=-march=core2 -mtune=haswell -ftree-vectorize -fPIC -fstack-protector -O2 -pipe -isystem $PREFIX/include -fdebug-prefix-map=$SRC_DIR=/usr/local/src/conda/stream_atac-0.3.5 -fdebug-prefix-map=$PREFIX=/usr/local/src/conda-prefix
+FORTRANFLAGS=-march=core2 -mtune=haswell -ftree-vectorize -fPIC -fstack-protector -O2 -pipe -isystem $PREFIX/include -fdebug-prefix-map=$SRC_DIR=/usr/local/src/conda/stream_atac-0.3.5 -fdebug-prefix-map=$PREFIX=/usr/local/src/conda-prefix
+GFORTRAN=$PREFIX/bin/x86_64-apple-darwin13.4.0-gfortran
INFO: activate_clang_osx-64.sh made the following environmental changes:
+AR=x86_64-apple-darwin13.4.0-ar
+AS=x86_64-apple-darwin13.4.0-as
+CC=x86_64-apple-darwin13.4.0-clang
+CC_FOR_BUILD=$PREFIX/bin/x86_64-apple-darwin13.4.0-clang
+CFLAGS=-march=core2 -mtune=haswell -mssse3 -ftree-vectorize -fPIC -fPIE -fstack-protector-strong -O2 -pipe -isystem $PREFIX/include -fdebug-prefix-map=$SRC_DIR=/usr/local/src/conda/stream_atac-0.3.5 -fdebug-prefix-map=$PREFIX=/usr/local/src/conda-prefix
+CHECKSYMS=x86_64-apple-darwin13.4.0-checksyms
+CLANG=x86_64-apple-darwin13.4.0-clang
+CMAKE_ARGS=-DCMAKE_AR=$PREFIX/bin/x86_64-apple-darwin13.4.0-ar -DCMAKE_CXX_COMPILER_AR=$PREFIX/bin/x86_64-apple-darwin13.4.0-ar -DCMAKE_C_COMPILER_AR=$PREFIX/bin/x86_64-apple-darwin13.4.0-ar -DCMAKE_RANLIB=$PREFIX/bin/x86_64-apple-darwin13.4.0-ranlib -DCMAKE_CXX_COMPILER_RANLIB=$PREFIX/bin/x86_64-apple-darwin13.4.0-ranlib -DCMAKE_C_COMPILER_RANLIB=$PREFIX/bin/x86_64-apple-darwin13.4.0-ranlib -DCMAKE_LINKER=$PREFIX/bin/x86_64-apple-darwin13.4.0-ld -DCMAKE_STRIP=$PREFIX/bin/x86_64-apple-darwin13.4.0-strip -DCMAKE_INSTALL_NAME_TOOL=$PREFIX/bin/x86_64-apple-darwin13.4.0-install_name_tool -DCMAKE_LIBTOOL=$PREFIX/bin/x86_64-apple-darwin13.4.0-libtool -DCMAKE_OSX_DEPLOYMENT_TARGET=10.9 -DCMAKE_BUILD_TYPE=Release -DCMAKE_OSX_SYSROOT=/Applications/Xcode_13.0.app/Contents/Developer/Platforms/MacOSX.platform/Developer/SDKs/MacOSX.sdk -DCMAKE_PROGRAM_PATH=/Users/runner/conda/conda-bld/stream_atac_1637121072353/_build_env/bin;$PREFIX/bin -DCMAKE_INSTALL_PREFIX=$PREFIX -DCMAKE_INSTALL_LIBDIR=lib
+CMAKE_PREFIX_PATH=:$PREFIX
+CONDA_BUILD_SYSROOT=/Applications/Xcode_13.0.app/Contents/Developer/Platforms/MacOSX.platform/Developer/SDKs/MacOSX.sdk
+CONDA_TOOLCHAIN_BUILD=x86_64-apple-darwin13.4.0
+CONDA_TOOLCHAIN_HOST=x86_64-apple-darwin13.4.0
+CPPFLAGS=-D_FORTIFY_SOURCE=2 -isystem $PREFIX/include -mmacosx-version-min=10.9
+DEBUG_CFLAGS=-march=core2 -mtune=haswell -mssse3 -ftree-vectorize -fPIC -fPIE -fstack-protector-strong -O2 -pipe -Og -g -Wall -Wextra -isystem $PREFIX/include -fdebug-prefix-map=$SRC_DIR=/usr/local/src/conda/stream_atac-0.3.5 -fdebug-prefix-map=$PREFIX=/usr/local/src/conda-prefix
+HOST=x86_64-apple-darwin13.4.0
+INSTALL_NAME_TOOL=x86_64-apple-darwin13.4.0-install_name_tool
+LD=x86_64-apple-darwin13.4.0-ld
+LDFLAGS=-Wl,-pie -Wl,-headerpad_max_install_names -Wl,-dead_strip_dylibs -Wl,-rpath,$PREFIX/lib -L$PREFIX/lib
+LDFLAGS_LD=-pie -headerpad_max_install_names -dead_strip_dylibs -rpath $PREFIX/lib -L$PREFIX/lib
+LIBTOOL=x86_64-apple-darwin13.4.0-libtool
+LIPO=x86_64-apple-darwin13.4.0-lipo
+MESON_ARGS=--buildtype release --prefix=$PREFIX -Dlibdir=lib
+NM=x86_64-apple-darwin13.4.0-nm
+NMEDIT=x86_64-apple-darwin13.4.0-nmedit
+OBJC=x86_64-apple-darwin13.4.0-clang
+OBJC_FOR_BUILD=$PREFIX/bin/x86_64-apple-darwin13.4.0-clang
+OTOOL=x86_64-apple-darwin13.4.0-otool
+PAGESTUFF=x86_64-apple-darwin13.4.0-pagestuff
+RANLIB=x86_64-apple-darwin13.4.0-ranlib
+REDO_PREBINDING=x86_64-apple-darwin13.4.0-redo_prebinding
+SDKROOT=/Applications/Xcode_13.0.app/Contents/Developer/Platforms/MacOSX.platform/Developer/SDKs/MacOSX.sdk
+SEGEDIT=x86_64-apple-darwin13.4.0-segedit
+SEG_ADDR_TABLE=x86_64-apple-darwin13.4.0-seg_addr_table
+SEG_HACK=x86_64-apple-darwin13.4.0-seg_hack
+SIZE=x86_64-apple-darwin13.4.0-size
+STRINGS=x86_64-apple-darwin13.4.0-strings
+STRIP=x86_64-apple-darwin13.4.0-strip
+_CONDA_PYTHON_SYSCONFIGDATA_NAME=_sysconfigdata_x86_64_apple_darwin13_4_0
+ac_cv_func_malloc_0_nonnull=yes
+ac_cv_func_realloc_0_nonnull=yes
+build_alias=x86_64-apple-darwin13.4.0
+host_alias=x86_64-apple-darwin13.4.0
INFO: activate_clangxx_osx-64.sh made the following environmental changes:
+CLANGXX=x86_64-apple-darwin13.4.0-clang++
+CXX=x86_64-apple-darwin13.4.0-clang++
+CXXFLAGS=-march=core2 -mtune=haswell -mssse3 -ftree-vectorize -fPIC -fPIE -fstack-protector-strong -O2 -pipe -stdlib=libc++ -fvisibility-inlines-hidden -std=c++14 -fmessage-length=0 -isystem $PREFIX/include -fdebug-prefix-map=$SRC_DIR=/usr/local/src/conda/stream_atac-0.3.5 -fdebug-prefix-map=$PREFIX=/usr/local/src/conda-prefix
+CXX_FOR_BUILD=$PREFIX/bin/x86_64-apple-darwin13.4.0-clang++
+DEBUG_CXXFLAGS=-march=core2 -mtune=haswell -mssse3 -ftree-vectorize -fPIC -fPIE -fstack-protector-strong -O2 -pipe -stdlib=libc++ -fvisibility-inlines-hidden -std=c++14 -fmessage-length=0 -Og -g -Wall -Wextra -isystem $PREFIX/include -fdebug-prefix-map=$SRC_DIR=/usr/local/src/conda/stream_atac-0.3.5 -fdebug-prefix-map=$PREFIX=/usr/local/src/conda-prefix
import: 'stream_atac'

Leaving build/test directories:
  Work:
 /Users/runner/conda/conda-bld/work 
  Test:
 /Users/runner/conda/conda-bld/test_tmp 
Leaving build/test environments:
  Test:
source activate  /Users/runner/conda/conda-bld/_test_env_placehold_placehold_placehold_placehold_placehold_placehold_placehold_placehold_placehold_placehold_placehold_placehold_placehold_placehold_placehold_placehold_placehold_placehold_placehold_placehold_placehold_pla 
  Build:
source activate  /Users/runner/conda/conda-bld/_build_env 


