Updating build index: /home/vsts/conda/conda-bld

TEST START: /tmp/tmpqe3a15uo/noarch/wtforms-alchemy-0.16.9-py_0.tar.bz2
Adding in variants from internal_defaults
Adding in variants from /tmp/tmpqpreij2u/info/recipe/conda_build_config.yaml
  Package                 Version  Build               Channel                       Size
───────────────────────────────────────────────────────────────────────────────────────────
  Install:
───────────────────────────────────────────────────────────────────────────────────────────

  + _libgcc_mutex             0.1  conda_forge         conda-forge/linux-64        Cached
  + _openmp_mutex             4.5  1_gnu               conda-forge/linux-64        Cached
  + anyjson                 0.3.3  py39hf3d152e_1003   conda-forge/linux-64          9 KB
  + argon2-cffi            20.1.0  py39h3811e60_2      conda-forge/linux-64         48 KB
  + arrow                   1.1.1  pyhd8ed1ab_0        conda-forge/noarch           81 KB
  + babel                   2.9.1  pyh44b312d_0        conda-forge/noarch            6 MB
  + bcrypt                  3.2.0  py39h3811e60_1      conda-forge/linux-64         44 KB
  + ca-certificates     2021.5.30  ha878542_0          conda-forge/linux-64        Cached
  + cffi                   1.14.6  py39he32792d_0      conda-forge/linux-64        Cached
  + colour                  0.1.5  py_0                conda-forge/noarch           17 KB
  + cryptography            3.4.7  py39hbca0aa6_0      conda-forge/linux-64        Cached
  + decorator               5.1.0  pyhd8ed1ab_0        conda-forge/noarch           11 KB
  + furl                    2.1.2  pyhd8ed1ab_0        conda-forge/noarch           22 KB
  + greenlet                1.1.1  py39he80948d_0      conda-forge/linux-64         83 KB
  + infinity                  1.5  pyhd8ed1ab_0        conda-forge/noarch            7 KB
  + intervals               0.9.2  pyhd8ed1ab_0        conda-forge/noarch           11 KB
  + ld_impl_linux-64       2.36.1  hea4e1c9_2          conda-forge/linux-64        Cached
  + libffi                    3.3  h58526e2_2          conda-forge/linux-64        Cached
  + libgcc-ng              11.1.0  hc902ee8_8          conda-forge/linux-64        Cached
  + libgomp                11.1.0  hc902ee8_8          conda-forge/linux-64        Cached
  + libstdcxx-ng           11.1.0  h56837e0_8          conda-forge/linux-64        Cached
  + markupsafe              2.0.1  py39h3811e60_0      conda-forge/linux-64        Cached
  + ncurses                   6.2  h58526e2_4          conda-forge/linux-64        Cached
  + openssl                1.1.1l  h7f98852_0          conda-forge/linux-64        Cached
  + orderedmultidict        1.0.1  py_0                conda-forge/noarch           12 KB
  + passlib                 1.7.4  pyh9f0ad1d_0        conda-forge/noarch          385 KB
  + pendulum                2.1.2  pyhd8ed1ab_1        conda-forge/noarch           72 KB
  + phonenumbers          8.12.31  pyhd8ed1ab_0        conda-forge/noarch            2 MB
  + pip                    21.2.4  pyhd8ed1ab_0        conda-forge/noarch          Cached
  + pycparser                2.20  pyh9f0ad1d_2        conda-forge/noarch          Cached
  + python                  3.9.7  h49503c6_0_cpython  conda-forge/linux-64        Cached
  + python-dateutil         2.8.2  pyhd8ed1ab_0        conda-forge/noarch          240 KB
  + python_abi                3.9  2_cp39              conda-forge/linux-64        Cached
  + pytz                   2021.1  pyhd8ed1ab_0        conda-forge/noarch          Cached
  + pytzdata               2020.1  pyh9f0ad1d_0        conda-forge/noarch          215 KB
  + readline                  8.1  h46c0cb4_0          conda-forge/linux-64        Cached
  + setuptools             58.0.4  py39hf3d152e_0      conda-forge/linux-64        Cached
  + six                    1.16.0  pyh6c4a22f_0        conda-forge/noarch          Cached
  + sqlalchemy             1.4.23  py39h3811e60_0      conda-forge/linux-64          2 MB
  + sqlalchemy-utils       0.37.8  pyhd8ed1ab_0        conda-forge/noarch           63 KB
  + sqlite                 3.36.0  h9cd32fc_1          conda-forge/linux-64        Cached
  + tk                     8.6.11  h27826a3_1          conda-forge/linux-64        Cached
  + typing_extensions    3.10.0.0  pyha770c72_0        conda-forge/noarch          Cached
  + tzdata                  2021a  he74cb21_1          conda-forge/noarch          Cached
  + validators             0.18.2  pyhd3deb0d_0        conda-forge/noarch           18 KB
  + wheel                  0.37.0  pyhd8ed1ab_1        conda-forge/noarch          Cached
  + wtforms                 2.3.2  pyh9f0ad1d_0        conda-forge/noarch           65 KB
  + wtforms-alchemy        0.16.9  py_0                /tmp/tmpqe3a15uo/noarch      19 KB
  + wtforms-components     0.10.0  py_2                bioconda/noarch              13 KB
  + xz                      5.2.5  h516909a_1          conda-forge/linux-64        Cached
  + zlib                   1.2.11  h516909a_1010       conda-forge/linux-64        Cached

  Summary:

  Install: 51 packages

  Total download: 11 MB

───────────────────────────────────────────────────────────────────────────────────────────


## Package Plan ##

  environment location: /home/vsts/conda/conda-bld/wtforms-alchemy_1631421874857/_test_env_placehold_placehold_placehold_placehold_placehold_placehold_placehold_placehold_placehold_placehold_placehold_placehold_placehold_placehold_placehold_placehold_placehold_placehold_placeh


The following NEW packages will be INSTALLED:

    _libgcc_mutex:      0.1-conda_forge          conda-forge            
    _openmp_mutex:      4.5-1_gnu                conda-forge            
    anyjson:            0.3.3-py39hf3d152e_1003  conda-forge            
    argon2-cffi:        20.1.0-py39h3811e60_2    conda-forge            
    arrow:              1.1.1-pyhd8ed1ab_0       conda-forge            
    babel:              2.9.1-pyh44b312d_0       conda-forge            
    bcrypt:             3.2.0-py39h3811e60_1     conda-forge            
    ca-certificates:    2021.5.30-ha878542_0     conda-forge            
    cffi:               1.14.6-py39he32792d_0    conda-forge            
    colour:             0.1.5-py_0               conda-forge            
    cryptography:       3.4.7-py39hbca0aa6_0     conda-forge            
    decorator:          5.1.0-pyhd8ed1ab_0       conda-forge            
    furl:               2.1.2-pyhd8ed1ab_0       conda-forge            
    greenlet:           1.1.1-py39he80948d_0     conda-forge            
    infinity:           1.5-pyhd8ed1ab_0         conda-forge            
    intervals:          0.9.2-pyhd8ed1ab_0       conda-forge            
    ld_impl_linux-64:   2.36.1-hea4e1c9_2        conda-forge            
    libffi:             3.3-h58526e2_2           conda-forge            
    libgcc-ng:          11.1.0-hc902ee8_8        conda-forge            
    libgomp:            11.1.0-hc902ee8_8        conda-forge            
    libstdcxx-ng:       11.1.0-h56837e0_8        conda-forge            
    markupsafe:         2.0.1-py39h3811e60_0     conda-forge            
    ncurses:            6.2-h58526e2_4           conda-forge            
    openssl:            1.1.1l-h7f98852_0        conda-forge            
    orderedmultidict:   1.0.1-py_0               conda-forge            
    passlib:            1.7.4-pyh9f0ad1d_0       conda-forge            
    pendulum:           2.1.2-pyhd8ed1ab_1       conda-forge            
    phonenumbers:       8.12.31-pyhd8ed1ab_0     conda-forge            
    pip:                21.2.4-pyhd8ed1ab_0      conda-forge            
    pycparser:          2.20-pyh9f0ad1d_2        conda-forge            
    python:             3.9.7-h49503c6_0_cpython conda-forge            
    python-dateutil:    2.8.2-pyhd8ed1ab_0       conda-forge            
    python_abi:         3.9-2_cp39               conda-forge            
    pytz:               2021.1-pyhd8ed1ab_0      conda-forge            
    pytzdata:           2020.1-pyh9f0ad1d_0      conda-forge            
    readline:           8.1-h46c0cb4_0           conda-forge            
    setuptools:         58.0.4-py39hf3d152e_0    conda-forge            
    six:                1.16.0-pyh6c4a22f_0      conda-forge            
    sqlalchemy:         1.4.23-py39h3811e60_0    conda-forge            
    sqlalchemy-utils:   0.37.8-pyhd8ed1ab_0      conda-forge            
    sqlite:             3.36.0-h9cd32fc_1        conda-forge            
    tk:                 8.6.11-h27826a3_1        conda-forge            
    typing_extensions:  3.10.0.0-pyha770c72_0    conda-forge            
    tzdata:             2021a-he74cb21_1         conda-forge            
    validators:         0.18.2-pyhd3deb0d_0      conda-forge            
    wheel:              0.37.0-pyhd8ed1ab_1      conda-forge            
    wtforms:            2.3.2-pyh9f0ad1d_0       conda-forge            
    wtforms-alchemy:    0.16.9-py_0              file:///tmp/tmpqe3a15uo
    wtforms-components: 0.10.0-py_2              bioconda               
    xz:                 5.2.5-h516909a_1         conda-forge            
    zlib:               1.2.11-h516909a_1010     conda-forge            

Preparing transaction: ...working... done
Verifying transaction: ...working... done
Executing transaction: ...working... done
export PREFIX=/home/vsts/conda/conda-bld/wtforms-alchemy_1631421874857/_test_env_placehold_placehold_placehold_placehold_placehold_placehold_placehold_placehold_placehold_placehold_placehold_placehold_placehold_placehold_placehold_placehold_placehold_placehold_placeh
export SRC_DIR=/home/vsts/conda/conda-bld/wtforms-alchemy_1631421874857/test_tmp
import: 'wtforms_alchemy'

Leaving build/test directories:
  Work:
 /home/vsts/conda/conda-bld/work 
  Test:
 /home/vsts/conda/conda-bld/test_tmp 
Leaving build/test environments:
  Test:
source activate  /home/vsts/conda/conda-bld/_test_env_placehold_placehold_placehold_placehold_placehold_placehold_placehold_placehold_placehold_placehold_placehold_placehold_placehold_placehold_placehold_placehold_placehold_placehold_placehold_placehold_placehold_placeh 
  Build:
source activate  /home/vsts/conda/conda-bld/_build_env 


