Updating build index: /Users/runner/conda/conda-bld

TEST START: /var/folders/24/8k48jl6d249_n_qfxwsl6xvm0000gn/T/tmp52eqcx6e/noarch/wtforms-alchemy-0.16.9-py_0.tar.bz2
Adding in variants from internal_defaults
Adding in variants from /var/folders/24/8k48jl6d249_n_qfxwsl6xvm0000gn/T/tmpcl5mhmvz/info/recipe/conda_build_config.yaml
Reloading output folder: /Users/runner/conda/conda-bld
  Package                 Version  Build               Channel                                                                   Size
───────────────────────────────────────────────────────────────────────────────────────────────────────────────────────────────────────
  Install:
───────────────────────────────────────────────────────────────────────────────────────────────────────────────────────────────────────

  + anyjson                 0.3.3  py39h6e9494a_1003   conda-forge/osx-64                                                        9 KB
  + argon2-cffi            21.1.0  py39h89e85a6_0      conda-forge/osx-64                                                       44 KB
  + arrow                   1.2.0  pyhd8ed1ab_0        conda-forge/noarch                                                       83 KB
  + babel                   2.9.1  pyh44b312d_0        conda-forge/noarch                                                        6 MB
  + bcrypt                  3.2.0  py39h89e85a6_1      conda-forge/osx-64                                                       42 KB
  + ca-certificates     2021.10.8  h033912b_0          conda-forge/osx-64                                                      Cached
  + cffi                   1.14.6  py39he338e87_1      conda-forge/osx-64                                                      Cached
  + colour                  0.1.5  py_0                conda-forge/noarch                                                       17 KB
  + cryptography            3.4.8  py39ha2c9959_0      conda-forge/osx-64                                                      Cached
  + decorator               5.1.0  pyhd8ed1ab_0        conda-forge/noarch                                                       11 KB
  + furl                    2.1.3  pyhd8ed1ab_0        conda-forge/noarch                                                       22 KB
  + greenlet                1.1.2  py39h9fcab8e_0      conda-forge/osx-64                                                       86 KB
  + infinity                  1.5  pyhd8ed1ab_0        conda-forge/noarch                                                        7 KB
  + intervals               0.9.2  pyhd8ed1ab_0        conda-forge/noarch                                                       11 KB
  + libcxx                 12.0.1  habf9029_0          conda-forge/osx-64                                                      Cached
  + libffi                  3.4.2  he49afe7_4          conda-forge/osx-64                                                      Cached
  + libzlib                1.2.11  h9173be1_1013       conda-forge/osx-64                                                      Cached
  + markupsafe              2.0.1  py39h89e85a6_0      conda-forge/osx-64                                                      Cached
  + ncurses                   6.2  h2e338ed_4          conda-forge/osx-64                                                      Cached
  + openssl                1.1.1l  h0d85af4_0          conda-forge/osx-64                                                      Cached
  + orderedmultidict        1.0.1  py_0                conda-forge/noarch                                                       12 KB
  + passlib                 1.7.4  pyh9f0ad1d_0        conda-forge/noarch                                                      385 KB
  + pendulum                2.1.2  pyhd8ed1ab_1        conda-forge/noarch                                                       72 KB
  + phonenumbers          8.12.35  pyhd8ed1ab_0        conda-forge/noarch                                                        2 MB
  + pip                      21.3  pyhd8ed1ab_0        conda-forge/noarch                                                      Cached
  + pycparser                2.20  pyh9f0ad1d_2        conda-forge/noarch                                                      Cached
  + python                  3.9.7  h1248fe1_3_cpython  conda-forge/osx-64                                                      Cached
  + python-dateutil         2.8.2  pyhd8ed1ab_0        conda-forge/noarch                                                      240 KB
  + python_abi                3.9  2_cp39              conda-forge/osx-64                                                      Cached
  + pytz                   2021.3  pyhd8ed1ab_0        conda-forge/noarch                                                      Cached
  + pytzdata               2020.1  pyh9f0ad1d_0        conda-forge/noarch                                                      215 KB
  + readline                  8.1  h05e3726_0          conda-forge/osx-64                                                      Cached
  + setuptools             58.2.0  py39h6e9494a_0      conda-forge/osx-64                                                      Cached
  + six                    1.16.0  pyh6c4a22f_0        conda-forge/noarch                                                      Cached
  + sqlalchemy             1.4.25  py39h89e85a6_0      conda-forge/osx-64                                                        2 MB
  + sqlalchemy-utils       0.37.8  pyhd8ed1ab_0        conda-forge/noarch                                                       63 KB
  + sqlite                 3.36.0  h23a322b_2          conda-forge/osx-64                                                      Cached
  + tk                     8.6.11  h5dbffcc_1          conda-forge/osx-64                                                      Cached
  + typing_extensions    3.10.0.2  pyha770c72_0        conda-forge/noarch                                                      Cached
  + tzdata                  2021c  he74cb21_0          conda-forge/noarch                                                      Cached
  + validators             0.18.2  pyhd3deb0d_0        conda-forge/noarch                                                       18 KB
  + wheel                  0.37.0  pyhd8ed1ab_1        conda-forge/noarch                                                      Cached
  + wtforms                 2.3.2  pyh9f0ad1d_0        conda-forge/noarch                                                       65 KB
  + wtforms-alchemy        0.16.9  py_0                /var/folders/24/8k48jl6d249_n_qfxwsl6xvm0000gn/T/tmp52eqcx6e/noarch      19 KB
  + wtforms-components     0.10.0  py_2                bioconda/noarch                                                          13 KB
  + xz                      5.2.5  haf1e3a3_1          conda-forge/osx-64                                                      Cached
  + zlib                   1.2.11  h9173be1_1013       conda-forge/osx-64                                                      Cached

  Summary:

  Install: 47 packages

  Total download: 11 MB

───────────────────────────────────────────────────────────────────────────────────────────────────────────────────────────────────────


## Package Plan ##

  environment location: /Users/runner/conda/conda-bld/wtforms-alchemy_1634220359154/_test_env_placehold_placehold_placehold_placehold_placehold_placehold_placehold_placehold_placehold_placehold_placehold_placehold_placehold_placehold_placehold_placehold_placehold_placehold_pla


The following NEW packages will be INSTALLED:

    anyjson:            0.3.3-py39h6e9494a_1003  conda-forge                                                        
    argon2-cffi:        21.1.0-py39h89e85a6_0    conda-forge                                                        
    arrow:              1.2.0-pyhd8ed1ab_0       conda-forge                                                        
    babel:              2.9.1-pyh44b312d_0       conda-forge                                                        
    bcrypt:             3.2.0-py39h89e85a6_1     conda-forge                                                        
    ca-certificates:    2021.10.8-h033912b_0     conda-forge                                                        
    cffi:               1.14.6-py39he338e87_1    conda-forge                                                        
    colour:             0.1.5-py_0               conda-forge                                                        
    cryptography:       3.4.8-py39ha2c9959_0     conda-forge                                                        
    decorator:          5.1.0-pyhd8ed1ab_0       conda-forge                                                        
    furl:               2.1.3-pyhd8ed1ab_0       conda-forge                                                        
    greenlet:           1.1.2-py39h9fcab8e_0     conda-forge                                                        
    infinity:           1.5-pyhd8ed1ab_0         conda-forge                                                        
    intervals:          0.9.2-pyhd8ed1ab_0       conda-forge                                                        
    libcxx:             12.0.1-habf9029_0        conda-forge                                                        
    libffi:             3.4.2-he49afe7_4         conda-forge                                                        
    libzlib:            1.2.11-h9173be1_1013     conda-forge                                                        
    markupsafe:         2.0.1-py39h89e85a6_0     conda-forge                                                        
    ncurses:            6.2-h2e338ed_4           conda-forge                                                        
    openssl:            1.1.1l-h0d85af4_0        conda-forge                                                        
    orderedmultidict:   1.0.1-py_0               conda-forge                                                        
    passlib:            1.7.4-pyh9f0ad1d_0       conda-forge                                                        
    pendulum:           2.1.2-pyhd8ed1ab_1       conda-forge                                                        
    phonenumbers:       8.12.35-pyhd8ed1ab_0     conda-forge                                                        
    pip:                21.3-pyhd8ed1ab_0        conda-forge                                                        
    pycparser:          2.20-pyh9f0ad1d_2        conda-forge                                                        
    python:             3.9.7-h1248fe1_3_cpython conda-forge                                                        
    python-dateutil:    2.8.2-pyhd8ed1ab_0       conda-forge                                                        
    python_abi:         3.9-2_cp39               conda-forge                                                        
    pytz:               2021.3-pyhd8ed1ab_0      conda-forge                                                        
    pytzdata:           2020.1-pyh9f0ad1d_0      conda-forge                                                        
    readline:           8.1-h05e3726_0           conda-forge                                                        
    setuptools:         58.2.0-py39h6e9494a_0    conda-forge                                                        
    six:                1.16.0-pyh6c4a22f_0      conda-forge                                                        
    sqlalchemy:         1.4.25-py39h89e85a6_0    conda-forge                                                        
    sqlalchemy-utils:   0.37.8-pyhd8ed1ab_0      conda-forge                                                        
    sqlite:             3.36.0-h23a322b_2        conda-forge                                                        
    tk:                 8.6.11-h5dbffcc_1        conda-forge                                                        
    typing_extensions:  3.10.0.2-pyha770c72_0    conda-forge                                                        
    tzdata:             2021c-he74cb21_0         conda-forge                                                        
    validators:         0.18.2-pyhd3deb0d_0      conda-forge                                                        
    wheel:              0.37.0-pyhd8ed1ab_1      conda-forge                                                        
    wtforms:            2.3.2-pyh9f0ad1d_0       conda-forge                                                        
    wtforms-alchemy:    0.16.9-py_0              file:///var/folders/24/8k48jl6d249_n_qfxwsl6xvm0000gn/T/tmp52eqcx6e
    wtforms-components: 0.10.0-py_2              bioconda                                                           
    xz:                 5.2.5-haf1e3a3_1         conda-forge                                                        
    zlib:               1.2.11-h9173be1_1013     conda-forge                                                        

Preparing transaction: ...working... done
Verifying transaction: ...working... done
Executing transaction: ...working... done
export PREFIX=/Users/runner/conda/conda-bld/wtforms-alchemy_1634220359154/_test_env_placehold_placehold_placehold_placehold_placehold_placehold_placehold_placehold_placehold_placehold_placehold_placehold_placehold_placehold_placehold_placehold_placehold_placehold_pla
export SRC_DIR=/Users/runner/conda/conda-bld/wtforms-alchemy_1634220359154/test_tmp
import: 'wtforms_alchemy'

Leaving build/test directories:
  Work:
 /Users/runner/conda/conda-bld/work 
  Test:
 /Users/runner/conda/conda-bld/test_tmp 
Leaving build/test environments:
  Test:
source activate  /Users/runner/conda/conda-bld/_test_env_placehold_placehold_placehold_placehold_placehold_placehold_placehold_placehold_placehold_placehold_placehold_placehold_placehold_placehold_placehold_placehold_placehold_placehold_placehold_placehold_placehold_pla 
  Build:
source activate  /Users/runner/conda/conda-bld/_build_env 


