Updating build index: /home/vsts/conda/conda-bld

TEST START: /tmp/tmpivlvuejl/linux-64/goetia-0.14-py37h13b99d1_1.tar.bz2
Reloading output folder: /home/vsts/conda/conda-bld

## Package Plan ##

  environment location: /home/vsts/conda/conda-bld/goetia_1636607985068/_test_env_placehold_placehold_placehold_placehold_placehold_placehold_placehold_placehold_placehold_placehold_placehold_placehold_placehold_placehold_placehold_placehold_placehold_placehold_placehold_place


The following NEW packages will be INSTALLED:

    _libgcc_mutex:            0.1-conda_forge             conda-forge            
    _openmp_mutex:            4.5-1_gnu                   conda-forge            
    attrs:                    21.2.0-pyhd8ed1ab_0         conda-forge            
    binutils_impl_linux-64:   2.36.1-h193b22a_2           conda-forge            
    binutils_linux-64:        2.36-hf3e587d_1             conda-forge            
    blessings:                1.7-py37h89c1867_1005       conda-forge            
    bz2file:                  0.98-py_0                   conda-forge            
    ca-certificates:          2021.10.8-ha878542_0        conda-forge            
    cachetools:               4.2.4-pyhd8ed1ab_0          conda-forge            
    certifi:                  2021.10.8-py37h89c1867_1    conda-forge            
    cffi:                     1.15.0-py37h036bc23_0       conda-forge            
    clang:                    12.0.1-ha770c72_4           conda-forge            
    clang-12:                 12.0.1-default_ha53f305_4   conda-forge            
    clang-format:             12.0.1-default_ha53f305_4   conda-forge            
    clang-format-12:          12.0.1-default_ha53f305_4   conda-forge            
    clang-tools:              12.0.1-default_ha53f305_4   conda-forge            
    clangdev:                 12.0.1-default_ha53f305_4   conda-forge            
    clangxx:                  12.0.1-default_ha53f305_4   conda-forge            
    cppyy:                    2.1.0-py37ha1a9abc_0        conda-forge            
    cppyy-backend:            1.14.6-py37h2527ec5_0       conda-forge            
    cppyy-cling:              6.25.1-py37hfa6fd77_0       conda-forge            
    cpycppyy:                 1.12.7-py37h2527ec5_0       conda-forge            
    curio:                    1.4-py_0                    conda-forge            
    cycler:                   0.11.0-pyhd8ed1ab_0         conda-forge            
    deprecation:              2.1.0-pyh9f0ad1d_0          conda-forge            
    freetype:                 2.10.4-h0708190_1           conda-forge            
    gcc_impl_linux-64:        9.4.0-h03d3576_11           conda-forge            
    gcc_linux-64:             9.4.0-h391b98a_1            conda-forge            
    goetia:                   0.14-py37h13b99d1_1         file:///tmp/tmpivlvuejl
    gxx_impl_linux-64:        9.4.0-h03d3576_11           conda-forge            
    gxx_linux-64:             9.4.0-h0316aca_1            conda-forge            
    importlib-metadata:       4.8.2-py37h89c1867_0        conda-forge            
    importlib_resources:      5.4.0-pyhd8ed1ab_0          conda-forge            
    jbig:                     2.1-h7f98852_2003           conda-forge            
    jpeg:                     9d-h36c2ea0_0               conda-forge            
    jsonschema:               4.2.1-pyhd8ed1ab_0          conda-forge            
    kernel-headers_linux-64:  2.6.32-he073ed8_15          conda-forge            
    kiwisolver:               1.3.2-py37h2527ec5_1        conda-forge            
    lcms2:                    2.12-hddcbb42_0             conda-forge            
    ld_impl_linux-64:         2.36.1-hea4e1c9_2           conda-forge            
    lerc:                     3.0-h9c3ff4c_0              conda-forge            
    libblas:                  3.9.0-12_linux64_openblas   conda-forge            
    libcblas:                 3.9.0-12_linux64_openblas   conda-forge            
    libclang:                 12.0.1-default_ha53f305_4   conda-forge            
    libclang-cpp:             12.0.1-default_ha53f305_4   conda-forge            
    libclang-cpp12:           12.0.1-default_ha53f305_4   conda-forge            
    libdeflate:               1.8-h7f98852_0              conda-forge            
    libffi:                   3.4.2-h7f98852_5            conda-forge            
    libgcc-devel_linux-64:    9.4.0-hd854feb_11           conda-forge            
    libgcc-ng:                11.2.0-h1d223b6_11          conda-forge            
    libgfortran-ng:           11.2.0-h69a702a_11          conda-forge            
    libgfortran5:             11.2.0-h5c6108e_11          conda-forge            
    libgomp:                  11.2.0-h1d223b6_11          conda-forge            
    liblapack:                3.9.0-12_linux64_openblas   conda-forge            
    libllvm12:                12.0.1-hf817b99_2           conda-forge            
    libllvm9:                 9.0.1-default_hc23dcda_4    conda-forge            
    libnsl:                   2.0.0-h7f98852_0            conda-forge            
    libopenblas:              0.3.18-pthreads_h8fe5266_0  conda-forge            
    libpng:                   1.6.37-h21135ba_2           conda-forge            
    libsanitizer:             9.4.0-h79bfe98_11           conda-forge            
    libstdcxx-devel_linux-64: 9.4.0-hd854feb_11           conda-forge            
    libstdcxx-ng:             11.2.0-he4da1e4_11          conda-forge            
    libtiff:                  4.3.0-h6f004c6_2            conda-forge            
    libwebp-base:             1.2.1-h7f98852_0            conda-forge            
    libzlib:                  1.2.11-h36c2ea0_1013        conda-forge            
    llvm-meta:                7.0.0-0                     conda-forge            
    llvm-tools:               12.0.1-hf817b99_2           conda-forge            
    llvmdev:                  12.0.1-hf817b99_2           conda-forge            
    lz4-c:                    1.9.3-h9c3ff4c_1            conda-forge            
    matplotlib-base:          3.4.3-py37h1058ff1_1        conda-forge            
    ncurses:                  6.2-h58526e2_4              conda-forge            
    numpy:                    1.21.4-py37h31617e3_0       conda-forge            
    olefile:                  0.46-pyh9f0ad1d_1           conda-forge            
    openjpeg:                 2.4.0-hb52868f_1            conda-forge            
    openmp:                   7.0.0-h2d50403_0            conda-forge            
    openssl:                  3.0.0-h7f98852_2            conda-forge            
    packaging:                21.0-pyhd8ed1ab_0           conda-forge            
    pillow:                   8.4.0-py37h0f21c89_0        conda-forge            
    pip:                      21.3.1-pyhd8ed1ab_0         conda-forge            
    py-cpuinfo:               8.0.0-pyhd8ed1ab_0          conda-forge            
    pycparser:                2.21-pyhd8ed1ab_0           conda-forge            
    pyfiglet:                 0.8.post1-py_0              conda-forge            
    pyparsing:                3.0.5-pyhd8ed1ab_0          conda-forge            
    pyrsistent:               0.18.0-py37h5e8e339_0       conda-forge            
    python:                   3.7.12-hf930737_100_cpython conda-forge            
    python-dateutil:          2.8.2-pyhd8ed1ab_0          conda-forge            
    python_abi:               3.7-2_cp37m                 conda-forge            
    readline:                 8.1-h46c0cb4_0              conda-forge            
    scipy:                    1.7.2-py37hf2a6cf1_0        conda-forge            
    screed:                   1.0.5-pyhd8ed1ab_1          conda-forge            
    setuptools:               58.5.3-py37h89c1867_0       conda-forge            
    six:                      1.16.0-pyh6c4a22f_0         conda-forge            
    sourmash:                 4.2.2-hdfd78af_0            bioconda               
    sourmash-minimal:         4.2.2-py37h5e8e339_1        conda-forge            
    sqlite:                   3.36.0-h9cd32fc_2           conda-forge            
    sysroot_linux-64:         2.12-he073ed8_15            conda-forge            
    tk:                       8.6.11-h27826a3_1           conda-forge            
    tornado:                  6.1-py37h5e8e339_2          conda-forge            
    typing_extensions:        3.10.0.2-pyha770c72_0       conda-forge            
    wheel:                    0.37.0-pyhd8ed1ab_1         conda-forge            
    xz:                       5.2.5-h516909a_1            conda-forge            
    zipp:                     3.6.0-pyhd8ed1ab_0          conda-forge            
    zlib:                     1.2.11-h36c2ea0_1013        conda-forge            
    zstd:                     1.5.0-ha95c52a_0            conda-forge            

Preparing transaction: ...working... done
Verifying transaction: ...working... done
Executing transaction: ...working... done
export PREFIX=/home/vsts/conda/conda-bld/goetia_1636607985068/_test_env_placehold_placehold_placehold_placehold_placehold_placehold_placehold_placehold_placehold_placehold_placehold_placehold_placehold_placehold_placehold_placehold_placehold_placehold_placehold_place
export SRC_DIR=/home/vsts/conda/conda-bld/goetia_1636607985068/test_tmp
INFO: activate-binutils_linux-64.sh made the following environmental changes:
+ADDR2LINE=$PREFIX/bin/x86_64-conda-linux-gnu-addr2line
+AR=$PREFIX/bin/x86_64-conda-linux-gnu-ar
+AS=$PREFIX/bin/x86_64-conda-linux-gnu-as
+CXXFILT=$PREFIX/bin/x86_64-conda-linux-gnu-c++filt
+ELFEDIT=$PREFIX/bin/x86_64-conda-linux-gnu-elfedit
+GPROF=$PREFIX/bin/x86_64-conda-linux-gnu-gprof
+LD=$PREFIX/bin/x86_64-conda-linux-gnu-ld
+LD_GOLD=$PREFIX/bin/x86_64-conda-linux-gnu-ld.gold
+NM=$PREFIX/bin/x86_64-conda-linux-gnu-nm
+OBJCOPY=$PREFIX/bin/x86_64-conda-linux-gnu-objcopy
+OBJDUMP=$PREFIX/bin/x86_64-conda-linux-gnu-objdump
+RANLIB=$PREFIX/bin/x86_64-conda-linux-gnu-ranlib
+READELF=$PREFIX/bin/x86_64-conda-linux-gnu-readelf
+SIZE=$PREFIX/bin/x86_64-conda-linux-gnu-size
+STRINGS=$PREFIX/bin/x86_64-conda-linux-gnu-strings
+STRIP=$PREFIX/bin/x86_64-conda-linux-gnu-strip
INFO: activate-gcc_linux-64.sh made the following environmental changes:
+BUILD=x86_64-conda-linux-gnu
+CC=$PREFIX/bin/x86_64-conda-linux-gnu-cc
+CC_FOR_BUILD=$PREFIX/bin/x86_64-conda-linux-gnu-cc
+CFLAGS=-march=nocona -mtune=haswell -ftree-vectorize -fPIC -fstack-protector-strong -fno-plt -O2 -ffunction-sections -pipe -isystem $PREFIX/include -fdebug-prefix-map=$SRC_DIR=/usr/local/src/conda/goetia-0.14 -fdebug-prefix-map=$PREFIX=/usr/local/src/conda-prefix
+CMAKE_ARGS=-DCMAKE_AR=$PREFIX/bin/x86_64-conda-linux-gnu-ar -DCMAKE_CXX_COMPILER_AR=$PREFIX/bin/x86_64-conda-linux-gnu-gcc-ar -DCMAKE_C_COMPILER_AR=$PREFIX/bin/x86_64-conda-linux-gnu-gcc-ar -DCMAKE_RANLIB=$PREFIX/bin/x86_64-conda-linux-gnu-ranlib -DCMAKE_CXX_COMPILER_RANLIB=$PREFIX/bin/x86_64-conda-linux-gnu-gcc-ranlib -DCMAKE_C_COMPILER_RANLIB=$PREFIX/bin/x86_64-conda-linux-gnu-gcc-ranlib -DCMAKE_LINKER=$PREFIX/bin/x86_64-conda-linux-gnu-ld -DCMAKE_STRIP=$PREFIX/bin/x86_64-conda-linux-gnu-strip -DCMAKE_FIND_ROOT_PATH_MODE_PROGRAM=NEVER -DCMAKE_FIND_ROOT_PATH_MODE_LIBRARY=ONLY -DCMAKE_FIND_ROOT_PATH_MODE_INCLUDE=ONLY -DCMAKE_FIND_ROOT_PATH=$PREFIX;/home/vsts/conda/conda-bld/goetia_1636607985068/_build_env/x86_64-conda-linux-gnu/sysroot -DCMAKE_INSTALL_PREFIX=$PREFIX -DCMAKE_INSTALL_LIBDIR=lib
+CMAKE_PREFIX_PATH=$PREFIX:$PREFIX/x86_64-conda-linux-gnu/sysroot/usr
+CONDA_BUILD_SYSROOT=$PREFIX/x86_64-conda-linux-gnu/sysroot
+CONDA_TOOLCHAIN_BUILD=x86_64-conda-linux-gnu
+CONDA_TOOLCHAIN_HOST=x86_64-conda-linux-gnu
+CPP=$PREFIX/bin/x86_64-conda-linux-gnu-cpp
+CPPFLAGS=-DNDEBUG -D_FORTIFY_SOURCE=2 -O2 -isystem $PREFIX/include
+DEBUG_CFLAGS=-march=nocona -mtune=haswell -ftree-vectorize -fPIC -fstack-protector-all -fno-plt -Og -g -Wall -Wextra -fvar-tracking-assignments -ffunction-sections -pipe -isystem $PREFIX/include -fdebug-prefix-map=$SRC_DIR=/usr/local/src/conda/goetia-0.14 -fdebug-prefix-map=$PREFIX=/usr/local/src/conda-prefix
+DEBUG_CPPFLAGS=-D_DEBUG -D_FORTIFY_SOURCE=2 -Og -isystem $PREFIX/include
+GCC=$PREFIX/bin/x86_64-conda-linux-gnu-gcc
+GCC_AR=$PREFIX/bin/x86_64-conda-linux-gnu-gcc-ar
+GCC_NM=$PREFIX/bin/x86_64-conda-linux-gnu-gcc-nm
+GCC_RANLIB=$PREFIX/bin/x86_64-conda-linux-gnu-gcc-ranlib
+HOST=x86_64-conda-linux-gnu
+LDFLAGS=-Wl,-O2 -Wl,--sort-common -Wl,--as-needed -Wl,-z,relro -Wl,-z,now -Wl,--disable-new-dtags -Wl,--gc-sections -Wl,-rpath,$PREFIX/lib -Wl,-rpath-link,$PREFIX/lib -L$PREFIX/lib
+_CONDA_PYTHON_SYSCONFIGDATA_NAME=_sysconfigdata_x86_64_conda_cos6_linux_gnu
+build_alias=x86_64-conda-linux-gnu
+host_alias=x86_64-conda-linux-gnu
-BUILD=x86_64-conda_cos6-linux-gnu
INFO: activate-gxx_linux-64.sh made the following environmental changes:
+CXX=$PREFIX/bin/x86_64-conda-linux-gnu-c++
+CXXFLAGS=-fvisibility-inlines-hidden -std=c++17 -fmessage-length=0 -march=nocona -mtune=haswell -ftree-vectorize -fPIC -fstack-protector-strong -fno-plt -O2 -ffunction-sections -pipe -isystem $PREFIX/include -fdebug-prefix-map=$SRC_DIR=/usr/local/src/conda/goetia-0.14 -fdebug-prefix-map=$PREFIX=/usr/local/src/conda-prefix
+CXX_FOR_BUILD=$PREFIX/bin/x86_64-conda-linux-gnu-c++
+DEBUG_CXXFLAGS=-fvisibility-inlines-hidden -std=c++17 -fmessage-length=0 -march=nocona -mtune=haswell -ftree-vectorize -fPIC -fstack-protector-all -fno-plt -Og -g -Wall -Wextra -fvar-tracking-assignments -ffunction-sections -pipe -isystem $PREFIX/include -fdebug-prefix-map=$SRC_DIR=/usr/local/src/conda/goetia-0.14 -fdebug-prefix-map=$PREFIX=/usr/local/src/conda-prefix
+GXX=$PREFIX/bin/x86_64-conda-linux-gnu-g++
import: 'goetia'
(Re-)building pre-compiled headers (options: -O2 -mavx); this may take a minute ...

Leaving build/test directories:
  Work:
 /home/vsts/conda/conda-bld/work 
  Test:
 /home/vsts/conda/conda-bld/test_tmp 
Leaving build/test environments:
  Test:
source activate  /home/vsts/conda/conda-bld/_test_env_placehold_placehold_placehold_placehold_placehold_placehold_placehold_placehold_placehold_placehold_placehold_placehold_placehold_placehold_placehold_placehold_placehold_placehold_placehold_placehold_placehold_placeh 
  Build:
source activate  /home/vsts/conda/conda-bld/_build_env 


