Updating build index: /home/vsts/conda/conda-bld

TEST START: /tmp/tmp1tl4vb7h/linux-64/hubward-0.2.2-py27_1.tar.bz2
Adding in variants from internal_defaults
Reloading output folder: /home/vsts/conda/conda-bld
Mamba failed to solve:
 - hubward 0.2.2.* py39_1
 - python
 - argh
 - colorama
 - jsonschema
 - pyyaml
 - pybedtools
 - bleach
 - matplotlib
 - numpy
 - fabric
 - trackhub
 - docutils
 - pycurl
 - pyaml
 - functools32
 - python

with channels:
 - file:///tmp/tmp1tl4vb7h

The reported errors are:
- Encountered problems while solving:
-   - nothing provides requested hubward 0.2.2.* py39_1
- 

Leaving build/test directories:
  Work:
 /home/vsts/conda/conda-bld/work 
  Test:
 /home/vsts/conda/conda-bld/test_tmp 
Leaving build/test environments:
  Test:
source activate  /home/vsts/conda/conda-bld/_test_env_placehold_placehold_placehold_placehold_placehold_placehold_placehold_placehold_placehold_placehold_placehold_placehold_placehold_placehold_placehold_placehold_placehold_placehold_placehold_placehold_placehold_placeh 
  Build:
source activate  /home/vsts/conda/conda-bld/_build_env 


