Updating build index: /home/vsts/conda/conda-bld

TEST START: /tmp/tmpbwm25l1k/linux-64/bioconductor-signaturesearch-1.6.1-r41h399db7b_0.tar.bz2
Reloading output folder: /home/vsts/conda/conda-bld
  Package                                     Version  Build                Channel                         Size
──────────────────────────────────────────────────────────────────────────────────────────────────────────────────
  Install:
──────────────────────────────────────────────────────────────────────────────────────────────────────────────────

  + _libgcc_mutex                                 0.1  conda_forge          conda-forge/linux-64          Cached
  + _openmp_mutex                                 4.5  1_gnu                conda-forge/linux-64          Cached
  + _r-mutex                                    1.0.1  anacondar_1          conda-forge/noarch              3 KB
  + binutils_impl_linux-64                     2.36.1  h193b22a_2           conda-forge/linux-64           10 MB
  + binutils_linux-64                            2.36  hf3e587d_1           conda-forge/linux-64           23 KB
  + bioconductor-annotate                      1.70.0  r41hdfd78af_0        bioconda/noarch                 2 MB
  + bioconductor-annotationdbi                 1.54.0  r41hdfd78af_0        bioconda/noarch                 5 MB
  + bioconductor-annotationhub                  3.0.0  r41hdfd78af_0        bioconda/noarch                 1 MB
  + bioconductor-biobase                       2.52.0  r41hd029910_0        bioconda/linux-64               2 MB
  + bioconductor-biocfilecache                  2.0.0  r41hdfd78af_0        bioconda/noarch               570 KB
  + bioconductor-biocgenerics                  0.38.0  r41hdfd78af_0        bioconda/noarch               702 KB
  + bioconductor-biocparallel                  1.26.0  r41h399db7b_0        bioconda/linux-64               1 MB
  + bioconductor-biocversion                   3.13.1  r41hdfd78af_0        bioconda/noarch                13 KB
  + bioconductor-biostrings                    2.60.0  r41hd029910_0        bioconda/linux-64              14 MB
  + bioconductor-clusterprofiler                4.0.0  r41hdfd78af_0        bioconda/noarch               693 KB
  + bioconductor-delayedarray                  0.18.0  r41hd029910_0        bioconda/linux-64               3 MB
  + bioconductor-do.db                            2.9  0                    bioconda/linux-64               1 MB
  + bioconductor-dose                          3.18.0  r41hdfd78af_0        bioconda/noarch                 6 MB
  + bioconductor-enrichplot                    1.12.0  r41hdfd78af_0        bioconda/noarch               277 KB
  + bioconductor-experimenthub                  2.0.0  r41hdfd78af_0        bioconda/noarch               318 KB
  + bioconductor-fgsea                         1.18.0  r41h399db7b_0        bioconda/linux-64               1 MB
  + bioconductor-genomeinfodb                  1.28.0  r41hdfd78af_0        bioconda/noarch                 4 MB
  + bioconductor-genomeinfodbdata               1.2.6  r41hdfd78af_0        bioconda/noarch                 7 KB
  + bioconductor-genomicranges                 1.44.0  r41hd029910_0        bioconda/linux-64               2 MB
  + bioconductor-ggtree                         3.0.1  r41hdfd78af_0        bioconda/noarch               825 KB
  + bioconductor-go.db                         3.13.0  r41hdfd78af_0        bioconda/noarch                 8 KB
  + bioconductor-gosemsim                      2.18.0  r41h399db7b_0        bioconda/linux-64             904 KB
  + bioconductor-graph                         1.70.0  r41hd029910_0        bioconda/linux-64               2 MB
  + bioconductor-gseabase                      1.54.0  r41hdfd78af_0        bioconda/noarch               982 KB
  + bioconductor-hdf5array                     1.20.0  r41ha2fdcc6_1        bioconda/linux-64              10 MB
  + bioconductor-interactivedisplaybase        1.30.0  r41hdfd78af_0        bioconda/noarch                42 KB
  + bioconductor-iranges                       2.26.0  r41hd029910_0        bioconda/linux-64               2 MB
  + bioconductor-keggrest                      1.32.0  r41hdfd78af_0        bioconda/noarch               193 KB
  + bioconductor-matrixgenerics                 1.4.0  r41hdfd78af_0        bioconda/noarch               324 KB
  + bioconductor-qvalue                        2.24.0  r41hdfd78af_0        bioconda/noarch                 3 MB
  + bioconductor-reactome.db                   1.76.0  r41hdfd78af_0        bioconda/noarch                 8 KB
  + bioconductor-rhdf5                         2.36.0  r41hfe70e90_2        bioconda/linux-64               3 MB
  + bioconductor-rhdf5filters                   1.4.0  r41h399db7b_0        bioconda/linux-64             661 KB
  + bioconductor-rhdf5lib                      1.14.0  r41hd029910_0        bioconda/linux-64               4 MB
  + bioconductor-s4vectors                     0.30.0  r41hd029910_0        bioconda/linux-64               2 MB
  + bioconductor-signaturesearch                1.6.1  r41h399db7b_0        /tmp/tmpbwm25l1k/linux-64       4 MB
  + bioconductor-summarizedexperiment          1.22.0  r41hdfd78af_0        bioconda/noarch                 3 MB
  + bioconductor-treeio                        1.16.1  r41hdfd78af_0        bioconda/noarch               802 KB
  + bioconductor-xvector                       0.32.0  r41hd029910_0        bioconda/linux-64             731 KB
  + bioconductor-zlibbioc                      1.38.0  r41hd029910_0        bioconda/linux-64             113 KB
  + bwidget                                    1.9.14  ha770c72_1           conda-forge/linux-64          120 KB
  + bzip2                                       1.0.8  h7f98852_4           conda-forge/linux-64          Cached
  + c-ares                                     1.18.1  h7f98852_0           conda-forge/linux-64          Cached
  + ca-certificates                         2021.10.8  ha878542_0           conda-forge/linux-64          Cached
  + cairo                                      1.16.0  h6cf1ce9_1008        conda-forge/linux-64            1 MB
  + curl                                       7.79.1  h2574ce0_1           conda-forge/linux-64          153 KB
  + font-ttf-dejavu-sans-mono                    2.37  hab24e00_0           conda-forge/noarch            388 KB
  + font-ttf-inconsolata                        3.000  h77eed37_0           conda-forge/noarch             94 KB
  + font-ttf-source-code-pro                    2.038  h77eed37_0           conda-forge/noarch            684 KB
  + font-ttf-ubuntu                              0.83  hab24e00_0           conda-forge/noarch              2 MB
  + fontconfig                                 2.13.1  hba837de_1005        conda-forge/linux-64          357 KB
  + fonts-conda-ecosystem                           1  0                    conda-forge/noarch              4 KB
  + fonts-conda-forge                               1  0                    conda-forge/noarch              4 KB
  + freetype                                   2.10.4  h0708190_1           conda-forge/linux-64          890 KB
  + fribidi                                    1.0.10  h36c2ea0_0           conda-forge/linux-64          112 KB
  + gcc_impl_linux-64                           9.4.0  h03d3576_11          conda-forge/linux-64           46 MB
  + gcc_linux-64                                9.4.0  h391b98a_1           conda-forge/linux-64           24 KB
  + gettext                                  0.19.8.1  h73d1719_1008        conda-forge/linux-64            4 MB
  + gfortran_impl_linux-64                      9.4.0  h0003116_11          conda-forge/linux-64           15 MB
  + gfortran_linux-64                           9.4.0  hf0ab688_1           conda-forge/linux-64           23 KB
  + gmp                                         6.2.1  h58526e2_0           conda-forge/linux-64          806 KB
  + graphite2                                  1.3.13  h58526e2_1001        conda-forge/linux-64          102 KB
  + gsl                                           2.7  he838d99_0           conda-forge/linux-64            3 MB
  + gxx_impl_linux-64                           9.4.0  h03d3576_11          conda-forge/linux-64           11 MB
  + gxx_linux-64                                9.4.0  h0316aca_1           conda-forge/linux-64           23 KB
  + harfbuzz                                    3.0.0  h83ec7ef_1           conda-forge/linux-64            2 MB
  + icu                                          68.2  h9c3ff4c_0           conda-forge/linux-64          Cached
  + jbig                                          2.1  h7f98852_2003        conda-forge/linux-64           43 KB
  + jpeg                                           9d  h36c2ea0_0           conda-forge/linux-64          264 KB
  + kernel-headers_linux-64                    2.6.32  he073ed8_14          conda-forge/noarch            708 KB
  + krb5                                       1.19.2  hcc1bbae_2           conda-forge/linux-64          Cached
  + ld_impl_linux-64                           2.36.1  hea4e1c9_2           conda-forge/linux-64          Cached
  + lerc                                          3.0  h9c3ff4c_0           conda-forge/linux-64          216 KB
  + libblas                                     3.9.0  12_linux64_openblas  conda-forge/linux-64           12 KB
  + libcblas                                    3.9.0  12_linux64_openblas  conda-forge/linux-64           12 KB
  + libcurl                                    7.79.1  h2574ce0_1           conda-forge/linux-64          Cached
  + libdeflate                                    1.8  h7f98852_0           conda-forge/linux-64           67 KB
  + libedit                              3.1.20191231  he28a2e2_2           conda-forge/linux-64          Cached
  + libev                                        4.33  h516909a_1           conda-forge/linux-64          Cached
  + libffi                                      3.4.2  h9c3ff4c_4           conda-forge/linux-64          Cached
  + libgcc-devel_linux-64                       9.4.0  hd854feb_11          conda-forge/linux-64            4 MB
  + libgcc-ng                                  11.2.0  h1d223b6_11          conda-forge/linux-64          Cached
  + libgfortran-ng                             11.2.0  h69a702a_11          conda-forge/linux-64           19 KB
  + libgfortran5                               11.2.0  h5c6108e_11          conda-forge/linux-64            2 MB
  + libglib                                    2.70.0  h174f98d_1           conda-forge/linux-64            3 MB
  + libgomp                                    11.2.0  h1d223b6_11          conda-forge/linux-64          Cached
  + libiconv                                     1.16  h516909a_0           conda-forge/linux-64          Cached
  + liblapack                                   3.9.0  12_linux64_openblas  conda-forge/linux-64           12 KB
  + libnghttp2                                 1.43.0  h812cca2_1           conda-forge/linux-64          Cached
  + libopenblas                                0.3.18  pthreads_h8fe5266_0  conda-forge/linux-64           10 MB
  + libpng                                     1.6.37  h21135ba_2           conda-forge/linux-64          306 KB
  + libsanitizer                                9.4.0  h79bfe98_11          conda-forge/linux-64            7 MB
  + libssh2                                    1.10.0  ha56f1ee_2           conda-forge/linux-64          Cached
  + libstdcxx-devel_linux-64                    9.4.0  hd854feb_11          conda-forge/linux-64           10 MB
  + libstdcxx-ng                               11.2.0  he4da1e4_11          conda-forge/linux-64          Cached
  + libtiff                                     4.3.0  h6f004c6_2           conda-forge/linux-64          614 KB
  + libuuid                                    2.32.1  h7f98852_1000        conda-forge/linux-64           28 KB
  + libwebp-base                                1.2.1  h7f98852_0           conda-forge/linux-64          845 KB
  + libxcb                                       1.13  h7f98852_1003        conda-forge/linux-64          395 KB
  + libxml2                                    2.9.12  h72842e0_0           conda-forge/linux-64          Cached
  + libzlib                                    1.2.11  h36c2ea0_1013        conda-forge/linux-64          Cached
  + lz4-c                                       1.9.3  h9c3ff4c_1           conda-forge/linux-64          Cached
  + make                                          4.3  hd18ef5c_1           conda-forge/linux-64          507 KB
  + ncurses                                       6.2  h58526e2_4           conda-forge/linux-64          Cached
  + openssl                                    1.1.1l  h7f98852_0           conda-forge/linux-64          Cached
  + pango                                     1.48.10  h54213e6_2           conda-forge/linux-64          403 KB
  + pcre                                         8.45  h9c3ff4c_0           conda-forge/linux-64          253 KB
  + pcre2                                       10.37  h032f7d1_0           conda-forge/linux-64            1 MB
  + pixman                                     0.40.0  h36c2ea0_0           conda-forge/linux-64          627 KB
  + pthread-stubs                                 0.4  h36c2ea0_1001        conda-forge/linux-64            5 KB
  + r                                             4.1  r41hd8ed1ab_1004     conda-forge/noarch             15 KB
  + r-ape                                         5.5  r41h306847c_0        conda-forge/linux-64            3 MB
  + r-aplot                                     0.1.1  r41hc72bb7e_0        conda-forge/noarch             61 KB
  + r-askpass                                     1.1  r41hcfec24a_2        conda-forge/linux-64           28 KB
  + r-assertthat                                0.2.1  r41hc72bb7e_2        conda-forge/noarch             70 KB
  + r-backports                                 1.3.0  r41hcfec24a_0        conda-forge/linux-64          104 KB
  + r-base                                      4.1.1  hb93adac_1           conda-forge/linux-64           25 MB
  + r-base64enc                                 0.1_3  r41hcfec24a_1004     conda-forge/linux-64           44 KB
  + r-bh                                     1.75.0_0  r41hc72bb7e_0        conda-forge/noarch             11 MB
  + r-biocmanager                             1.30.16  r41hc72bb7e_0        conda-forge/noarch            341 KB
  + r-bit                                       4.0.4  r41hcfec24a_0        conda-forge/linux-64          613 KB
  + r-bit64                                     4.0.5  r41hcfec24a_0        conda-forge/linux-64          506 KB
  + r-bitops                                    1.0_7  r41hcfec24a_0        conda-forge/linux-64           44 KB
  + r-blob                                      1.2.2  r41hc72bb7e_0        conda-forge/noarch             64 KB
  + r-boot                                     1.3_28  r41hc72bb7e_0        conda-forge/noarch            633 KB
  + r-brio                                      1.1.2  r41hcfec24a_0        conda-forge/linux-64           37 KB
  + r-bslib                                     0.3.1  r41hc72bb7e_0        conda-forge/noarch              4 MB
  + r-cachem                                    1.0.6  r41hcfec24a_0        conda-forge/linux-64           72 KB
  + r-callr                                     3.7.0  r41hc72bb7e_0        conda-forge/noarch            439 KB
  + r-class                                    7.3_19  r41hcfec24a_0        conda-forge/linux-64          107 KB
  + r-cli                                       3.1.0  r41h03ef668_0        conda-forge/linux-64            1 MB
  + r-clipr                                     0.7.1  r41hc72bb7e_0        conda-forge/noarch             65 KB
  + r-cluster                                   2.1.2  r41h859d828_0        conda-forge/linux-64          570 KB
  + r-codetools                                0.2_18  r41hc72bb7e_0        conda-forge/noarch            106 KB
  + r-colorspace                                2.0_2  r41hcfec24a_0        conda-forge/linux-64            3 MB
  + r-commonmark                                  1.7  r41hcfec24a_1002     conda-forge/linux-64          148 KB
  + r-cowplot                                   1.1.1  r41hc72bb7e_0        conda-forge/noarch              1 MB
  + r-cpp11                                     0.4.0  r41hc72bb7e_0        conda-forge/noarch            246 KB
  + r-crayon                                    1.4.1  r41hc72bb7e_0        conda-forge/noarch            145 KB
  + r-crosstalk                                 1.1.1  r41hc72bb7e_0        conda-forge/noarch            680 KB
  + r-curl                                      4.3.2  r41hcfec24a_0        conda-forge/linux-64          773 KB
  + r-data.table                               1.14.2  r41hcfec24a_0        conda-forge/linux-64            2 MB
  + r-dbi                                       1.1.1  r41hc72bb7e_0        conda-forge/noarch            678 KB
  + r-dbplyr                                    2.1.1  r41hc72bb7e_0        conda-forge/noarch            826 KB
  + r-desc                                      1.4.0  r41hc72bb7e_0        conda-forge/noarch            557 KB
  + r-diffobj                                   0.3.5  r41hcfec24a_0        conda-forge/linux-64            1 MB
  + r-digest                                   0.6.28  r41h03ef668_0        conda-forge/linux-64          211 KB
  + r-downloader                                  0.4  r41hc72bb7e_1003     conda-forge/noarch             34 KB
  + r-dplyr                                     1.0.7  r41h03ef668_0        conda-forge/linux-64            1 MB
  + r-dt                                         0.19  r41hc72bb7e_0        conda-forge/noarch              1 MB
  + r-ellipsis                                  0.3.2  r41hcfec24a_0        conda-forge/linux-64           42 KB
  + r-evaluate                                   0.14  r41hc72bb7e_2        conda-forge/noarch             81 KB
  + r-fansi                                     0.4.2  r41hcfec24a_0        conda-forge/linux-64          198 KB
  + r-farver                                    2.1.0  r41h03ef668_0        conda-forge/linux-64            1 MB
  + r-fastmap                                   1.1.0  r41h03ef668_0        conda-forge/linux-64           68 KB
  + r-fastmatch                                 1.1_3  r41hcfec24a_0        conda-forge/linux-64           47 KB
  + r-filelock                                  1.0.2  r41hcfec24a_1002     conda-forge/linux-64           30 KB
  + r-fontawesome                               0.2.2  r41hc72bb7e_0        conda-forge/noarch              1 MB
  + r-foreign                                  0.8_81  r41hcfec24a_0        conda-forge/linux-64          273 KB
  + r-formatr                                    1.11  r41hc72bb7e_0        conda-forge/noarch            165 KB
  + r-fs                                        1.5.0  r41h03ef668_0        conda-forge/linux-64          551 KB
  + r-futile.logger                             1.4.3  r41hc72bb7e_1003     conda-forge/noarch            108 KB
  + r-futile.options                            1.0.1  r41hc72bb7e_1002     conda-forge/noarch             27 KB
  + r-generics                                  0.1.1  r41hc72bb7e_0        conda-forge/noarch             89 KB
  + r-ggforce                                   0.3.3  r41h03ef668_0        conda-forge/linux-64            2 MB
  + r-ggfun                                     0.0.4  r41hc72bb7e_0        conda-forge/noarch            137 KB
  + r-ggplot2                                   3.3.5  r41hc72bb7e_0        conda-forge/noarch              4 MB
  + r-ggplotify                                 0.1.0  r41hc72bb7e_0        conda-forge/noarch            153 KB
  + r-ggraph                                    2.0.5  r41h03ef668_0        conda-forge/linux-64            4 MB
  + r-ggrepel                                   0.9.1  r41h03ef668_0        conda-forge/linux-64          429 KB
  + r-glue                                      1.4.2  r41hcfec24a_0        conda-forge/linux-64          141 KB
  + r-graphlayouts                              0.7.1  r41h03ef668_0        conda-forge/linux-64            2 MB
  + r-gridextra                                   2.3  r41hc72bb7e_1003     conda-forge/noarch              1 MB
  + r-gridgraphics                              0.5_1  r41hc72bb7e_0        conda-forge/noarch            262 KB
  + r-gtable                                    0.3.0  r41hc72bb7e_3        conda-forge/noarch            423 KB
  + r-hms                                       1.1.1  r41hc72bb7e_0        conda-forge/noarch            106 KB
  + r-htmltools                                 0.5.2  r41h03ef668_0        conda-forge/linux-64          345 KB
  + r-htmlwidgets                               1.5.4  r41hc72bb7e_0        conda-forge/noarch            808 KB
  + r-httpuv                                    1.6.3  r41h03ef668_0        conda-forge/linux-64          880 KB
  + r-httr                                      1.4.2  r41hc72bb7e_0        conda-forge/noarch            496 KB
  + r-igraph                                    1.2.7  r41he0372cf_0        conda-forge/linux-64            4 MB
  + r-isoband                                   0.2.5  r41h03ef668_0        conda-forge/linux-64            2 MB
  + r-jquerylib                                 0.1.4  r41hc72bb7e_0        conda-forge/noarch            367 KB
  + r-jsonlite                                  1.7.2  r41hcfec24a_0        conda-forge/linux-64          462 KB
  + r-kernsmooth                              2.23_20  r41h742201e_0        conda-forge/linux-64          104 KB
  + r-labeling                                  0.4.2  r41hc72bb7e_0        conda-forge/noarch             67 KB
  + r-lambda.r                                  1.2.4  r41hc72bb7e_1        conda-forge/noarch            120 KB
  + r-later                                     1.2.0  r41h03ef668_0        conda-forge/linux-64          144 KB
  + r-lattice                                 0.20_45  r41hcfec24a_0        conda-forge/linux-64            1 MB
  + r-lazyeval                                  0.2.2  r41hcfec24a_2        conda-forge/linux-64          165 KB
  + r-lifecycle                                 1.0.1  r41hc72bb7e_0        conda-forge/noarch            109 KB
  + r-magrittr                                  2.0.1  r41hcfec24a_1        conda-forge/linux-64          211 KB
  + r-mass                                     7.3_54  r41hcfec24a_0        conda-forge/linux-64            1 MB
  + r-matrix                                    1.3_4  r41he454529_0        conda-forge/linux-64            4 MB
  + r-matrixstats                              0.61.0  r41hcfec24a_0        conda-forge/linux-64          468 KB
  + r-memoise                                   2.0.0  r41hc72bb7e_0        conda-forge/noarch             56 KB
  + r-mgcv                                     1.8_38  r41he454529_0        conda-forge/linux-64            3 MB
  + r-mime                                       0.12  r41hcfec24a_0        conda-forge/linux-64           51 KB
  + r-munsell                                   0.5.0  r41hc72bb7e_1003     conda-forge/noarch            247 KB
  + r-nlme                                    3.1_153  r41h859d828_0        conda-forge/linux-64            2 MB
  + r-nnet                                     7.3_16  r41hcfec24a_0        conda-forge/linux-64          132 KB
  + r-openssl                                   1.4.5  r41he36bf35_1        conda-forge/linux-64            1 MB
  + r-patchwork                                 1.1.1  r41hc72bb7e_0        conda-forge/noarch              3 MB
  + r-pillar                                    1.6.4  r41hc72bb7e_0        conda-forge/noarch            991 KB
  + r-pkgconfig                                 2.0.3  r41hc72bb7e_1        conda-forge/noarch             25 KB
  + r-pkgload                                   1.2.3  r41h03ef668_0        conda-forge/linux-64          170 KB
  + r-plogr                                     0.2.0  r41hc72bb7e_1003     conda-forge/noarch             20 KB
  + r-plyr                                      1.8.6  r41h03ef668_1        conda-forge/linux-64          831 KB
  + r-png                                       0.1_7  r41hcfec24a_1004     conda-forge/linux-64           58 KB
  + r-polyclip                                 1.10_0  r41h03ef668_2        conda-forge/linux-64          130 KB
  + r-praise                                    1.0.0  r41hc72bb7e_1004     conda-forge/noarch             23 KB
  + r-prettyunits                               1.1.1  r41hc72bb7e_1        conda-forge/noarch             41 KB
  + r-processx                                  3.5.2  r41hcfec24a_0        conda-forge/linux-64          314 KB
  + r-progress                                  1.2.2  r41hc72bb7e_2        conda-forge/noarch             91 KB
  + r-promises                                1.2.0.1  r41h03ef668_0        conda-forge/linux-64            2 MB
  + r-ps                                        1.6.0  r41hcfec24a_0        conda-forge/linux-64          299 KB
  + r-purrr                                     0.3.4  r41hcfec24a_1        conda-forge/linux-64          410 KB
  + r-r6                                        2.5.1  r41hc72bb7e_0        conda-forge/noarch             89 KB
  + r-rappdirs                                  0.3.3  r41hcfec24a_0        conda-forge/linux-64           51 KB
  + r-rcolorbrewer                              1.1_2  r41h785f33e_1003     conda-forge/noarch             64 KB
  + r-rcpp                                      1.0.7  r41h03ef668_0        conda-forge/linux-64            2 MB
  + r-rcpparmadillo                        0.10.7.0.0  r41h306847c_0        conda-forge/linux-64            1 MB
  + r-rcppeigen                             0.3.3.9.1  r41h306847c_0        conda-forge/linux-64            2 MB
  + r-rcurl                                  1.98_1.5  r41hcfec24a_0        conda-forge/linux-64          989 KB
  + r-readr                                     2.0.2  r41h03ef668_0        conda-forge/linux-64          879 KB
  + r-recommended                                 4.1  r41hd8ed1ab_1004     conda-forge/noarch             15 KB
  + r-rematch2                                  2.1.2  r41hc72bb7e_1        conda-forge/noarch             52 KB
  + r-reshape2                                  1.4.4  r41h03ef668_1        conda-forge/linux-64          128 KB
  + r-rlang                                    0.4.12  r41hcfec24a_0        conda-forge/linux-64            1 MB
  + r-rpart                                    4.1_15  r41hcfec24a_2        conda-forge/linux-64          733 KB
  + r-rprojroot                                 2.0.2  r41hc72bb7e_0        conda-forge/noarch            110 KB
  + r-rsqlite                                   2.2.8  r41h03ef668_0        conda-forge/linux-64            1 MB
  + r-rstudioapi                                 0.13  r41hc72bb7e_0        conda-forge/noarch            281 KB
  + r-rvcheck                                   0.2.1  r41hc72bb7e_0        conda-forge/noarch             41 KB
  + r-sass                                      0.4.0  r41h03ef668_0        conda-forge/linux-64            2 MB
  + r-scales                                    1.1.1  r41hc72bb7e_0        conda-forge/noarch            557 KB
  + r-scatterpie                                0.1.6  r41hc72bb7e_0        conda-forge/noarch            359 KB
  + r-shadowtext                                0.0.9  r41hc72bb7e_0        conda-forge/noarch            246 KB
  + r-shiny                                     1.7.1  r41h785f33e_0        conda-forge/noarch              4 MB
  + r-snow                                      0.4_4  r41hc72bb7e_0        conda-forge/noarch            113 KB
  + r-sourcetools                               0.1.7  r41h9c3ff4c_1002     conda-forge/linux-64           53 KB
  + r-spatial                                  7.3_14  r41hcfec24a_0        conda-forge/linux-64          155 KB
  + r-stringi                                   1.7.5  r41hcabe038_0        conda-forge/linux-64          888 KB
  + r-stringr                                   1.4.0  r41hc72bb7e_2        conda-forge/noarch            210 KB
  + r-survival                                 3.2_13  r41hcfec24a_0        conda-forge/linux-64            7 MB
  + r-sys                                         3.4  r41hcfec24a_0        conda-forge/linux-64           48 KB
  + r-testthat                                  3.1.0  r41h03ef668_0        conda-forge/linux-64            2 MB
  + r-tibble                                    3.1.5  r41hcfec24a_0        conda-forge/linux-64          769 KB
  + r-tidygraph                                 1.2.0  r41h03ef668_0        conda-forge/linux-64          526 KB
  + r-tidyr                                     1.1.4  r41h03ef668_0        conda-forge/linux-64          798 KB
  + r-tidyselect                                1.1.1  r41hc72bb7e_0        conda-forge/linux-64          195 KB
  + r-tidytree                                  0.3.5  r41hc72bb7e_0        conda-forge/noarch            272 KB
  + r-tweenr                                    1.0.2  r41h03ef668_0        conda-forge/linux-64          344 KB
  + r-tzdb                                      0.2.0  r41h03ef668_0        conda-forge/linux-64          523 KB
  + r-utf8                                      1.2.2  r41hcfec24a_0        conda-forge/linux-64          162 KB
  + r-vctrs                                     0.3.8  r41hcfec24a_1        conda-forge/linux-64            1 MB
  + r-viridis                                   0.6.2  r41hc72bb7e_0        conda-forge/noarch              3 MB
  + r-viridislite                               0.4.0  r41hc72bb7e_0        conda-forge/noarch              1 MB
  + r-visnetwork                                2.1.0  r41hc72bb7e_0        conda-forge/noarch              4 MB
  + r-vroom                                     1.5.5  r41h03ef668_1        conda-forge/linux-64          953 KB
  + r-waldo                                     0.3.1  r41hc72bb7e_0        conda-forge/noarch            103 KB
  + r-withr                                     2.4.2  r41hc72bb7e_0        conda-forge/noarch            220 KB
  + r-xml                                    3.99_0.8  r41hcfec24a_0        conda-forge/linux-64            2 MB
  + r-xtable                                    1.8_4  r41hc72bb7e_3        conda-forge/noarch            699 KB
  + r-yaml                                      2.2.1  r41hcfec24a_1        conda-forge/linux-64          120 KB
  + r-yulab.utils                               0.0.4  r41hc72bb7e_0        conda-forge/noarch             35 KB
  + readline                                      8.1  h46c0cb4_0           conda-forge/linux-64          Cached
  + sed                                           4.8  he412f7d_0           conda-forge/linux-64          264 KB
  + sysroot_linux-64                             2.12  he073ed8_14          conda-forge/noarch             32 MB
  + tk                                         8.6.11  h27826a3_1           conda-forge/linux-64          Cached
  + tktable                                      2.10  hb7b940f_3           conda-forge/linux-64           89 KB
  + xorg-kbproto                                1.0.7  h7f98852_1002        conda-forge/linux-64           27 KB
  + xorg-libice                                1.0.10  h7f98852_0           conda-forge/linux-64           58 KB
  + xorg-libsm                                  1.2.3  hd9c2040_1000        conda-forge/linux-64           26 KB
  + xorg-libx11                                 1.7.2  h7f98852_0           conda-forge/linux-64          941 KB
  + xorg-libxau                                 1.0.9  h7f98852_0           conda-forge/linux-64           13 KB
  + xorg-libxdmcp                               1.1.3  h7f98852_0           conda-forge/linux-64           19 KB
  + xorg-libxext                                1.3.4  h7f98852_1           conda-forge/linux-64           54 KB
  + xorg-libxrender                            0.9.10  h7f98852_1003        conda-forge/linux-64           32 KB
  + xorg-libxt                                  1.2.1  h7f98852_2           conda-forge/linux-64          375 KB
  + xorg-renderproto                           0.11.1  h7f98852_1002        conda-forge/linux-64            9 KB
  + xorg-xextproto                              7.3.0  h7f98852_1002        conda-forge/linux-64           28 KB
  + xorg-xproto                                7.0.31  h7f98852_1007        conda-forge/linux-64           73 KB
  + xz                                          5.2.5  h516909a_1           conda-forge/linux-64          Cached
  + zlib                                       1.2.11  h36c2ea0_1013        conda-forge/linux-64          Cached
  + zstd                                        1.5.0  ha95c52a_0           conda-forge/linux-64          Cached

  Summary:

  Install: 291 packages

  Total download: 413 MB

──────────────────────────────────────────────────────────────────────────────────────────────────────────────────


## Package Plan ##

  environment location: /home/vsts/conda/conda-bld/bioconductor-signaturesearch_1635443266229/_test_env_placehold_placehold_placehold_placehold_placehold_placehold_placehold_placehold_placehold_placehold_placehold_placehold_placehold_placehold_placehold_placehold_placehold_pla


The following NEW packages will be INSTALLED:

    _libgcc_mutex:                       0.1-conda_forge            conda-forge            
    _openmp_mutex:                       4.5-1_gnu                  conda-forge            
    _r-mutex:                            1.0.1-anacondar_1          conda-forge            
    binutils_impl_linux-64:              2.36.1-h193b22a_2          conda-forge            
    binutils_linux-64:                   2.36-hf3e587d_1            conda-forge            
    bioconductor-annotate:               1.70.0-r41hdfd78af_0       bioconda               
    bioconductor-annotationdbi:          1.54.0-r41hdfd78af_0       bioconda               
    bioconductor-annotationhub:          3.0.0-r41hdfd78af_0        bioconda               
    bioconductor-biobase:                2.52.0-r41hd029910_0       bioconda               
    bioconductor-biocfilecache:          2.0.0-r41hdfd78af_0        bioconda               
    bioconductor-biocgenerics:           0.38.0-r41hdfd78af_0       bioconda               
    bioconductor-biocparallel:           1.26.0-r41h399db7b_0       bioconda               
    bioconductor-biocversion:            3.13.1-r41hdfd78af_0       bioconda               
    bioconductor-biostrings:             2.60.0-r41hd029910_0       bioconda               
    bioconductor-clusterprofiler:        4.0.0-r41hdfd78af_0        bioconda               
    bioconductor-delayedarray:           0.18.0-r41hd029910_0       bioconda               
    bioconductor-do.db:                  2.9-0                      bioconda               
    bioconductor-dose:                   3.18.0-r41hdfd78af_0       bioconda               
    bioconductor-enrichplot:             1.12.0-r41hdfd78af_0       bioconda               
    bioconductor-experimenthub:          2.0.0-r41hdfd78af_0        bioconda               
    bioconductor-fgsea:                  1.18.0-r41h399db7b_0       bioconda               
    bioconductor-genomeinfodb:           1.28.0-r41hdfd78af_0       bioconda               
    bioconductor-genomeinfodbdata:       1.2.6-r41hdfd78af_0        bioconda               
    bioconductor-genomicranges:          1.44.0-r41hd029910_0       bioconda               
    bioconductor-ggtree:                 3.0.1-r41hdfd78af_0        bioconda               
    bioconductor-go.db:                  3.13.0-r41hdfd78af_0       bioconda               
    bioconductor-gosemsim:               2.18.0-r41h399db7b_0       bioconda               
    bioconductor-graph:                  1.70.0-r41hd029910_0       bioconda               
    bioconductor-gseabase:               1.54.0-r41hdfd78af_0       bioconda               
    bioconductor-hdf5array:              1.20.0-r41ha2fdcc6_1       bioconda               
    bioconductor-interactivedisplaybase: 1.30.0-r41hdfd78af_0       bioconda               
    bioconductor-iranges:                2.26.0-r41hd029910_0       bioconda               
    bioconductor-keggrest:               1.32.0-r41hdfd78af_0       bioconda               
    bioconductor-matrixgenerics:         1.4.0-r41hdfd78af_0        bioconda               
    bioconductor-qvalue:                 2.24.0-r41hdfd78af_0       bioconda               
    bioconductor-reactome.db:            1.76.0-r41hdfd78af_0       bioconda               
    bioconductor-rhdf5:                  2.36.0-r41hfe70e90_2       bioconda               
    bioconductor-rhdf5filters:           1.4.0-r41h399db7b_0        bioconda               
    bioconductor-rhdf5lib:               1.14.0-r41hd029910_0       bioconda               
    bioconductor-s4vectors:              0.30.0-r41hd029910_0       bioconda               
    bioconductor-signaturesearch:        1.6.1-r41h399db7b_0        file:///tmp/tmpbwm25l1k
    bioconductor-summarizedexperiment:   1.22.0-r41hdfd78af_0       bioconda               
    bioconductor-treeio:                 1.16.1-r41hdfd78af_0       bioconda               
    bioconductor-xvector:                0.32.0-r41hd029910_0       bioconda               
    bioconductor-zlibbioc:               1.38.0-r41hd029910_0       bioconda               
    bwidget:                             1.9.14-ha770c72_1          conda-forge            
    bzip2:                               1.0.8-h7f98852_4           conda-forge            
    c-ares:                              1.18.1-h7f98852_0          conda-forge            
    ca-certificates:                     2021.10.8-ha878542_0       conda-forge            
    cairo:                               1.16.0-h6cf1ce9_1008       conda-forge            
    curl:                                7.79.1-h2574ce0_1          conda-forge            
    font-ttf-dejavu-sans-mono:           2.37-hab24e00_0            conda-forge            
    font-ttf-inconsolata:                3.000-h77eed37_0           conda-forge            
    font-ttf-source-code-pro:            2.038-h77eed37_0           conda-forge            
    font-ttf-ubuntu:                     0.83-hab24e00_0            conda-forge            
    fontconfig:                          2.13.1-hba837de_1005       conda-forge            
    fonts-conda-ecosystem:               1-0                        conda-forge            
    fonts-conda-forge:                   1-0                        conda-forge            
    freetype:                            2.10.4-h0708190_1          conda-forge            
    fribidi:                             1.0.10-h36c2ea0_0          conda-forge            
    gcc_impl_linux-64:                   9.4.0-h03d3576_11          conda-forge            
    gcc_linux-64:                        9.4.0-h391b98a_1           conda-forge            
    gettext:                             0.19.8.1-h73d1719_1008     conda-forge            
    gfortran_impl_linux-64:              9.4.0-h0003116_11          conda-forge            
    gfortran_linux-64:                   9.4.0-hf0ab688_1           conda-forge            
    gmp:                                 6.2.1-h58526e2_0           conda-forge            
    graphite2:                           1.3.13-h58526e2_1001       conda-forge            
    gsl:                                 2.7-he838d99_0             conda-forge            
    gxx_impl_linux-64:                   9.4.0-h03d3576_11          conda-forge            
    gxx_linux-64:                        9.4.0-h0316aca_1           conda-forge            
    harfbuzz:                            3.0.0-h83ec7ef_1           conda-forge            
    icu:                                 68.2-h9c3ff4c_0            conda-forge            
    jbig:                                2.1-h7f98852_2003          conda-forge            
    jpeg:                                9d-h36c2ea0_0              conda-forge            
    kernel-headers_linux-64:             2.6.32-he073ed8_14         conda-forge            
    krb5:                                1.19.2-hcc1bbae_2          conda-forge            
    ld_impl_linux-64:                    2.36.1-hea4e1c9_2          conda-forge            
    lerc:                                3.0-h9c3ff4c_0             conda-forge            
    libblas:                             3.9.0-12_linux64_openblas  conda-forge            
    libcblas:                            3.9.0-12_linux64_openblas  conda-forge            
    libcurl:                             7.79.1-h2574ce0_1          conda-forge            
    libdeflate:                          1.8-h7f98852_0             conda-forge            
    libedit:                             3.1.20191231-he28a2e2_2    conda-forge            
    libev:                               4.33-h516909a_1            conda-forge            
    libffi:                              3.4.2-h9c3ff4c_4           conda-forge            
    libgcc-devel_linux-64:               9.4.0-hd854feb_11          conda-forge            
    libgcc-ng:                           11.2.0-h1d223b6_11         conda-forge            
    libgfortran-ng:                      11.2.0-h69a702a_11         conda-forge            
    libgfortran5:                        11.2.0-h5c6108e_11         conda-forge            
    libglib:                             2.70.0-h174f98d_1          conda-forge            
    libgomp:                             11.2.0-h1d223b6_11         conda-forge            
    libiconv:                            1.16-h516909a_0            conda-forge            
    liblapack:                           3.9.0-12_linux64_openblas  conda-forge            
    libnghttp2:                          1.43.0-h812cca2_1          conda-forge            
    libopenblas:                         0.3.18-pthreads_h8fe5266_0 conda-forge            
    libpng:                              1.6.37-h21135ba_2          conda-forge            
    libsanitizer:                        9.4.0-h79bfe98_11          conda-forge            
    libssh2:                             1.10.0-ha56f1ee_2          conda-forge            
    libstdcxx-devel_linux-64:            9.4.0-hd854feb_11          conda-forge            
    libstdcxx-ng:                        11.2.0-he4da1e4_11         conda-forge            
    libtiff:                             4.3.0-h6f004c6_2           conda-forge            
    libuuid:                             2.32.1-h7f98852_1000       conda-forge            
    libwebp-base:                        1.2.1-h7f98852_0           conda-forge            
    libxcb:                              1.13-h7f98852_1003         conda-forge            
    libxml2:                             2.9.12-h72842e0_0          conda-forge            
    libzlib:                             1.2.11-h36c2ea0_1013       conda-forge            
    lz4-c:                               1.9.3-h9c3ff4c_1           conda-forge            
    make:                                4.3-hd18ef5c_1             conda-forge            
    ncurses:                             6.2-h58526e2_4             conda-forge            
    openssl:                             1.1.1l-h7f98852_0          conda-forge            
    pango:                               1.48.10-h54213e6_2         conda-forge            
    pcre:                                8.45-h9c3ff4c_0            conda-forge            
    pcre2:                               10.37-h032f7d1_0           conda-forge            
    pixman:                              0.40.0-h36c2ea0_0          conda-forge            
    pthread-stubs:                       0.4-h36c2ea0_1001          conda-forge            
    r:                                   4.1-r41hd8ed1ab_1004       conda-forge            
    r-ape:                               5.5-r41h306847c_0          conda-forge            
    r-aplot:                             0.1.1-r41hc72bb7e_0        conda-forge            
    r-askpass:                           1.1-r41hcfec24a_2          conda-forge            
    r-assertthat:                        0.2.1-r41hc72bb7e_2        conda-forge            
    r-backports:                         1.3.0-r41hcfec24a_0        conda-forge            
    r-base:                              4.1.1-hb93adac_1           conda-forge            
    r-base64enc:                         0.1_3-r41hcfec24a_1004     conda-forge            
    r-bh:                                1.75.0_0-r41hc72bb7e_0     conda-forge            
    r-biocmanager:                       1.30.16-r41hc72bb7e_0      conda-forge            
    r-bit:                               4.0.4-r41hcfec24a_0        conda-forge            
    r-bit64:                             4.0.5-r41hcfec24a_0        conda-forge            
    r-bitops:                            1.0_7-r41hcfec24a_0        conda-forge            
    r-blob:                              1.2.2-r41hc72bb7e_0        conda-forge            
    r-boot:                              1.3_28-r41hc72bb7e_0       conda-forge            
    r-brio:                              1.1.2-r41hcfec24a_0        conda-forge            
    r-bslib:                             0.3.1-r41hc72bb7e_0        conda-forge            
    r-cachem:                            1.0.6-r41hcfec24a_0        conda-forge            
    r-callr:                             3.7.0-r41hc72bb7e_0        conda-forge            
    r-class:                             7.3_19-r41hcfec24a_0       conda-forge            
    r-cli:                               3.1.0-r41h03ef668_0        conda-forge            
    r-clipr:                             0.7.1-r41hc72bb7e_0        conda-forge            
    r-cluster:                           2.1.2-r41h859d828_0        conda-forge            
    r-codetools:                         0.2_18-r41hc72bb7e_0       conda-forge            
    r-colorspace:                        2.0_2-r41hcfec24a_0        conda-forge            
    r-commonmark:                        1.7-r41hcfec24a_1002       conda-forge            
    r-cowplot:                           1.1.1-r41hc72bb7e_0        conda-forge            
    r-cpp11:                             0.4.0-r41hc72bb7e_0        conda-forge            
    r-crayon:                            1.4.1-r41hc72bb7e_0        conda-forge            
    r-crosstalk:                         1.1.1-r41hc72bb7e_0        conda-forge            
    r-curl:                              4.3.2-r41hcfec24a_0        conda-forge            
    r-data.table:                        1.14.2-r41hcfec24a_0       conda-forge            
    r-dbi:                               1.1.1-r41hc72bb7e_0        conda-forge            
    r-dbplyr:                            2.1.1-r41hc72bb7e_0        conda-forge            
    r-desc:                              1.4.0-r41hc72bb7e_0        conda-forge            
    r-diffobj:                           0.3.5-r41hcfec24a_0        conda-forge            
    r-digest:                            0.6.28-r41h03ef668_0       conda-forge            
    r-downloader:                        0.4-r41hc72bb7e_1003       conda-forge            
    r-dplyr:                             1.0.7-r41h03ef668_0        conda-forge            
    r-dt:                                0.19-r41hc72bb7e_0         conda-forge            
    r-ellipsis:                          0.3.2-r41hcfec24a_0        conda-forge            
    r-evaluate:                          0.14-r41hc72bb7e_2         conda-forge            
    r-fansi:                             0.4.2-r41hcfec24a_0        conda-forge            
    r-farver:                            2.1.0-r41h03ef668_0        conda-forge            
    r-fastmap:                           1.1.0-r41h03ef668_0        conda-forge            
    r-fastmatch:                         1.1_3-r41hcfec24a_0        conda-forge            
    r-filelock:                          1.0.2-r41hcfec24a_1002     conda-forge            
    r-fontawesome:                       0.2.2-r41hc72bb7e_0        conda-forge            
    r-foreign:                           0.8_81-r41hcfec24a_0       conda-forge            
    r-formatr:                           1.11-r41hc72bb7e_0         conda-forge            
    r-fs:                                1.5.0-r41h03ef668_0        conda-forge            
    r-futile.logger:                     1.4.3-r41hc72bb7e_1003     conda-forge            
    r-futile.options:                    1.0.1-r41hc72bb7e_1002     conda-forge            
    r-generics:                          0.1.1-r41hc72bb7e_0        conda-forge            
    r-ggforce:                           0.3.3-r41h03ef668_0        conda-forge            
    r-ggfun:                             0.0.4-r41hc72bb7e_0        conda-forge            
    r-ggplot2:                           3.3.5-r41hc72bb7e_0        conda-forge            
    r-ggplotify:                         0.1.0-r41hc72bb7e_0        conda-forge            
    r-ggraph:                            2.0.5-r41h03ef668_0        conda-forge            
    r-ggrepel:                           0.9.1-r41h03ef668_0        conda-forge            
    r-glue:                              1.4.2-r41hcfec24a_0        conda-forge            
    r-graphlayouts:                      0.7.1-r41h03ef668_0        conda-forge            
    r-gridextra:                         2.3-r41hc72bb7e_1003       conda-forge            
    r-gridgraphics:                      0.5_1-r41hc72bb7e_0        conda-forge            
    r-gtable:                            0.3.0-r41hc72bb7e_3        conda-forge            
    r-hms:                               1.1.1-r41hc72bb7e_0        conda-forge            
    r-htmltools:                         0.5.2-r41h03ef668_0        conda-forge            
    r-htmlwidgets:                       1.5.4-r41hc72bb7e_0        conda-forge            
    r-httpuv:                            1.6.3-r41h03ef668_0        conda-forge            
    r-httr:                              1.4.2-r41hc72bb7e_0        conda-forge            
    r-igraph:                            1.2.7-r41he0372cf_0        conda-forge            
    r-isoband:                           0.2.5-r41h03ef668_0        conda-forge            
    r-jquerylib:                         0.1.4-r41hc72bb7e_0        conda-forge            
    r-jsonlite:                          1.7.2-r41hcfec24a_0        conda-forge            
    r-kernsmooth:                        2.23_20-r41h742201e_0      conda-forge            
    r-labeling:                          0.4.2-r41hc72bb7e_0        conda-forge            
    r-lambda.r:                          1.2.4-r41hc72bb7e_1        conda-forge            
    r-later:                             1.2.0-r41h03ef668_0        conda-forge            
    r-lattice:                           0.20_45-r41hcfec24a_0      conda-forge            
    r-lazyeval:                          0.2.2-r41hcfec24a_2        conda-forge            
    r-lifecycle:                         1.0.1-r41hc72bb7e_0        conda-forge            
    r-magrittr:                          2.0.1-r41hcfec24a_1        conda-forge            
    r-mass:                              7.3_54-r41hcfec24a_0       conda-forge            
    r-matrix:                            1.3_4-r41he454529_0        conda-forge            
    r-matrixstats:                       0.61.0-r41hcfec24a_0       conda-forge            
    r-memoise:                           2.0.0-r41hc72bb7e_0        conda-forge            
    r-mgcv:                              1.8_38-r41he454529_0       conda-forge            
    r-mime:                              0.12-r41hcfec24a_0         conda-forge            
    r-munsell:                           0.5.0-r41hc72bb7e_1003     conda-forge            
    r-nlme:                              3.1_153-r41h859d828_0      conda-forge            
    r-nnet:                              7.3_16-r41hcfec24a_0       conda-forge            
    r-openssl:                           1.4.5-r41he36bf35_1        conda-forge            
    r-patchwork:                         1.1.1-r41hc72bb7e_0        conda-forge            
    r-pillar:                            1.6.4-r41hc72bb7e_0        conda-forge            
    r-pkgconfig:                         2.0.3-r41hc72bb7e_1        conda-forge            
    r-pkgload:                           1.2.3-r41h03ef668_0        conda-forge            
    r-plogr:                             0.2.0-r41hc72bb7e_1003     conda-forge            
    r-plyr:                              1.8.6-r41h03ef668_1        conda-forge            
    r-png:                               0.1_7-r41hcfec24a_1004     conda-forge            
    r-polyclip:                          1.10_0-r41h03ef668_2       conda-forge            
    r-praise:                            1.0.0-r41hc72bb7e_1004     conda-forge            
    r-prettyunits:                       1.1.1-r41hc72bb7e_1        conda-forge            
    r-processx:                          3.5.2-r41hcfec24a_0        conda-forge            
    r-progress:                          1.2.2-r41hc72bb7e_2        conda-forge            
    r-promises:                          1.2.0.1-r41h03ef668_0      conda-forge            
    r-ps:                                1.6.0-r41hcfec24a_0        conda-forge            
    r-purrr:                             0.3.4-r41hcfec24a_1        conda-forge            
    r-r6:                                2.5.1-r41hc72bb7e_0        conda-forge            
    r-rappdirs:                          0.3.3-r41hcfec24a_0        conda-forge            
    r-rcolorbrewer:                      1.1_2-r41h785f33e_1003     conda-forge            
    r-rcpp:                              1.0.7-r41h03ef668_0        conda-forge            
    r-rcpparmadillo:                     0.10.7.0.0-r41h306847c_0   conda-forge            
    r-rcppeigen:                         0.3.3.9.1-r41h306847c_0    conda-forge            
    r-rcurl:                             1.98_1.5-r41hcfec24a_0     conda-forge            
    r-readr:                             2.0.2-r41h03ef668_0        conda-forge            
    r-recommended:                       4.1-r41hd8ed1ab_1004       conda-forge            
    r-rematch2:                          2.1.2-r41hc72bb7e_1        conda-forge            
    r-reshape2:                          1.4.4-r41h03ef668_1        conda-forge            
    r-rlang:                             0.4.12-r41hcfec24a_0       conda-forge            
    r-rpart:                             4.1_15-r41hcfec24a_2       conda-forge            
    r-rprojroot:                         2.0.2-r41hc72bb7e_0        conda-forge            
    r-rsqlite:                           2.2.8-r41h03ef668_0        conda-forge            
    r-rstudioapi:                        0.13-r41hc72bb7e_0         conda-forge            
    r-rvcheck:                           0.2.1-r41hc72bb7e_0        conda-forge            
    r-sass:                              0.4.0-r41h03ef668_0        conda-forge            
    r-scales:                            1.1.1-r41hc72bb7e_0        conda-forge            
    r-scatterpie:                        0.1.6-r41hc72bb7e_0        conda-forge            
    r-shadowtext:                        0.0.9-r41hc72bb7e_0        conda-forge            
    r-shiny:                             1.7.1-r41h785f33e_0        conda-forge            
    r-snow:                              0.4_4-r41hc72bb7e_0        conda-forge            
    r-sourcetools:                       0.1.7-r41h9c3ff4c_1002     conda-forge            
    r-spatial:                           7.3_14-r41hcfec24a_0       conda-forge            
    r-stringi:                           1.7.5-r41hcabe038_0        conda-forge            
    r-stringr:                           1.4.0-r41hc72bb7e_2        conda-forge            
    r-survival:                          3.2_13-r41hcfec24a_0       conda-forge            
    r-sys:                               3.4-r41hcfec24a_0          conda-forge            
    r-testthat:                          3.1.0-r41h03ef668_0        conda-forge            
    r-tibble:                            3.1.5-r41hcfec24a_0        conda-forge            
    r-tidygraph:                         1.2.0-r41h03ef668_0        conda-forge            
    r-tidyr:                             1.1.4-r41h03ef668_0        conda-forge            
    r-tidyselect:                        1.1.1-r41hc72bb7e_0        conda-forge            
    r-tidytree:                          0.3.5-r41hc72bb7e_0        conda-forge            
    r-tweenr:                            1.0.2-r41h03ef668_0        conda-forge            
    r-tzdb:                              0.2.0-r41h03ef668_0        conda-forge            
    r-utf8:                              1.2.2-r41hcfec24a_0        conda-forge            
    r-vctrs:                             0.3.8-r41hcfec24a_1        conda-forge            
    r-viridis:                           0.6.2-r41hc72bb7e_0        conda-forge            
    r-viridislite:                       0.4.0-r41hc72bb7e_0        conda-forge            
    r-visnetwork:                        2.1.0-r41hc72bb7e_0        conda-forge            
    r-vroom:                             1.5.5-r41h03ef668_1        conda-forge            
    r-waldo:                             0.3.1-r41hc72bb7e_0        conda-forge            
    r-withr:                             2.4.2-r41hc72bb7e_0        conda-forge            
    r-xml:                               3.99_0.8-r41hcfec24a_0     conda-forge            
    r-xtable:                            1.8_4-r41hc72bb7e_3        conda-forge            
    r-yaml:                              2.2.1-r41hcfec24a_1        conda-forge            
    r-yulab.utils:                       0.0.4-r41hc72bb7e_0        conda-forge            
    readline:                            8.1-h46c0cb4_0             conda-forge            
    sed:                                 4.8-he412f7d_0             conda-forge            
    sysroot_linux-64:                    2.12-he073ed8_14           conda-forge            
    tk:                                  8.6.11-h27826a3_1          conda-forge            
    tktable:                             2.10-hb7b940f_3            conda-forge            
    xorg-kbproto:                        1.0.7-h7f98852_1002        conda-forge            
    xorg-libice:                         1.0.10-h7f98852_0          conda-forge            
    xorg-libsm:                          1.2.3-hd9c2040_1000        conda-forge            
    xorg-libx11:                         1.7.2-h7f98852_0           conda-forge            
    xorg-libxau:                         1.0.9-h7f98852_0           conda-forge            
    xorg-libxdmcp:                       1.1.3-h7f98852_0           conda-forge            
    xorg-libxext:                        1.3.4-h7f98852_1           conda-forge            
    xorg-libxrender:                     0.9.10-h7f98852_1003       conda-forge            
    xorg-libxt:                          1.2.1-h7f98852_2           conda-forge            
    xorg-renderproto:                    0.11.1-h7f98852_1002       conda-forge            
    xorg-xextproto:                      7.3.0-h7f98852_1002        conda-forge            
    xorg-xproto:                         7.0.31-h7f98852_1007       conda-forge            
    xz:                                  5.2.5-h516909a_1           conda-forge            
    zlib:                                1.2.11-h36c2ea0_1013       conda-forge            
    zstd:                                1.5.0-ha95c52a_0           conda-forge            

Preparing transaction: ...working... done
Verifying transaction: ...working... done
Executing transaction: ...working... done
export PREFIX=/home/vsts/conda/conda-bld/bioconductor-signaturesearch_1635443266229/_test_env_placehold_placehold_placehold_placehold_placehold_placehold_placehold_placehold_placehold_placehold_placehold_placehold_placehold_placehold_placehold_placehold_placehold_pla
export SRC_DIR=/home/vsts/conda/conda-bld/bioconductor-signaturesearch_1635443266229/test_tmp
INFO: activate-binutils_linux-64.sh made the following environmental changes:
+ADDR2LINE=$PREFIX/bin/x86_64-conda-linux-gnu-addr2line
+AR=$PREFIX/bin/x86_64-conda-linux-gnu-ar
+AS=$PREFIX/bin/x86_64-conda-linux-gnu-as
+CXXFILT=$PREFIX/bin/x86_64-conda-linux-gnu-c++filt
+ELFEDIT=$PREFIX/bin/x86_64-conda-linux-gnu-elfedit
+GPROF=$PREFIX/bin/x86_64-conda-linux-gnu-gprof
+LD=$PREFIX/bin/x86_64-conda-linux-gnu-ld
+LD_GOLD=$PREFIX/bin/x86_64-conda-linux-gnu-ld.gold
+NM=$PREFIX/bin/x86_64-conda-linux-gnu-nm
+OBJCOPY=$PREFIX/bin/x86_64-conda-linux-gnu-objcopy
+OBJDUMP=$PREFIX/bin/x86_64-conda-linux-gnu-objdump
+RANLIB=$PREFIX/bin/x86_64-conda-linux-gnu-ranlib
+READELF=$PREFIX/bin/x86_64-conda-linux-gnu-readelf
+SIZE=$PREFIX/bin/x86_64-conda-linux-gnu-size
+STRINGS=$PREFIX/bin/x86_64-conda-linux-gnu-strings
+STRIP=$PREFIX/bin/x86_64-conda-linux-gnu-strip
INFO: activate-gcc_linux-64.sh made the following environmental changes:
+BUILD=x86_64-conda-linux-gnu
+CC=$PREFIX/bin/x86_64-conda-linux-gnu-cc
+CC_FOR_BUILD=$PREFIX/bin/x86_64-conda-linux-gnu-cc
+CFLAGS=-march=nocona -mtune=haswell -ftree-vectorize -fPIC -fstack-protector-strong -fno-plt -O2 -ffunction-sections -pipe -isystem $PREFIX/include -fdebug-prefix-map=$SRC_DIR=/usr/local/src/conda/bioconductor-signaturesearch-1.6.1 -fdebug-prefix-map=$PREFIX=/usr/local/src/conda-prefix
+CMAKE_ARGS=-DCMAKE_AR=$PREFIX/bin/x86_64-conda-linux-gnu-ar -DCMAKE_CXX_COMPILER_AR=$PREFIX/bin/x86_64-conda-linux-gnu-gcc-ar -DCMAKE_C_COMPILER_AR=$PREFIX/bin/x86_64-conda-linux-gnu-gcc-ar -DCMAKE_RANLIB=$PREFIX/bin/x86_64-conda-linux-gnu-ranlib -DCMAKE_CXX_COMPILER_RANLIB=$PREFIX/bin/x86_64-conda-linux-gnu-gcc-ranlib -DCMAKE_C_COMPILER_RANLIB=$PREFIX/bin/x86_64-conda-linux-gnu-gcc-ranlib -DCMAKE_LINKER=$PREFIX/bin/x86_64-conda-linux-gnu-ld -DCMAKE_STRIP=$PREFIX/bin/x86_64-conda-linux-gnu-strip -DCMAKE_FIND_ROOT_PATH_MODE_PROGRAM=NEVER -DCMAKE_FIND_ROOT_PATH_MODE_LIBRARY=ONLY -DCMAKE_FIND_ROOT_PATH_MODE_INCLUDE=ONLY -DCMAKE_FIND_ROOT_PATH=$PREFIX;/home/vsts/conda/conda-bld/bioconductor-signaturesearch_1635443266229/_build_env/x86_64-conda-linux-gnu/sysroot -DCMAKE_INSTALL_PREFIX=$PREFIX -DCMAKE_INSTALL_LIBDIR=lib
+CMAKE_PREFIX_PATH=$PREFIX:$PREFIX/x86_64-conda-linux-gnu/sysroot/usr
+CONDA_BUILD_SYSROOT=$PREFIX/x86_64-conda-linux-gnu/sysroot
+CONDA_TOOLCHAIN_BUILD=x86_64-conda-linux-gnu
+CONDA_TOOLCHAIN_HOST=x86_64-conda-linux-gnu
+CPP=$PREFIX/bin/x86_64-conda-linux-gnu-cpp
+CPPFLAGS=-DNDEBUG -D_FORTIFY_SOURCE=2 -O2 -isystem $PREFIX/include
+DEBUG_CFLAGS=-march=nocona -mtune=haswell -ftree-vectorize -fPIC -fstack-protector-all -fno-plt -Og -g -Wall -Wextra -fvar-tracking-assignments -ffunction-sections -pipe -isystem $PREFIX/include -fdebug-prefix-map=$SRC_DIR=/usr/local/src/conda/bioconductor-signaturesearch-1.6.1 -fdebug-prefix-map=$PREFIX=/usr/local/src/conda-prefix
+DEBUG_CPPFLAGS=-D_DEBUG -D_FORTIFY_SOURCE=2 -Og -isystem $PREFIX/include
+GCC=$PREFIX/bin/x86_64-conda-linux-gnu-gcc
+GCC_AR=$PREFIX/bin/x86_64-conda-linux-gnu-gcc-ar
+GCC_NM=$PREFIX/bin/x86_64-conda-linux-gnu-gcc-nm
+GCC_RANLIB=$PREFIX/bin/x86_64-conda-linux-gnu-gcc-ranlib
+HOST=x86_64-conda-linux-gnu
+LDFLAGS=-Wl,-O2 -Wl,--sort-common -Wl,--as-needed -Wl,-z,relro -Wl,-z,now -Wl,--disable-new-dtags -Wl,--gc-sections -Wl,-rpath,$PREFIX/lib -Wl,-rpath-link,$PREFIX/lib -L$PREFIX/lib
+_CONDA_PYTHON_SYSCONFIGDATA_NAME=_sysconfigdata_x86_64_conda_cos6_linux_gnu
+build_alias=x86_64-conda-linux-gnu
+host_alias=x86_64-conda-linux-gnu
-BUILD=x86_64-conda_cos6-linux-gnu
-CONDA_BUILD_SYSROOT=
INFO: activate-gfortran_linux-64.sh made the following environmental changes:
+DEBUG_FFLAGS=-fopenmp -march=nocona -mtune=haswell -ftree-vectorize -fPIC -fstack-protector-strong -fno-plt -O2 -ffunction-sections -pipe -isystem $PREFIX/include -fdebug-prefix-map=$SRC_DIR=/usr/local/src/conda/bioconductor-signaturesearch-1.6.1 -fdebug-prefix-map=$PREFIX=/usr/local/src/conda-prefix -fopenmp -march=nocona -mtune=haswell -ftree-vectorize -fPIC -fstack-protector-all -fno-plt -Og -g -Wall -Wextra -fcheck=all -fbacktrace -fimplicit-none -fvar-tracking-assignments -ffunction-sections -pipe
+DEBUG_FORTRANFLAGS=-fopenmp -march=nocona -mtune=haswell -ftree-vectorize -fPIC -fstack-protector-strong -fno-plt -O2 -ffunction-sections -pipe -isystem $PREFIX/include -fdebug-prefix-map=$SRC_DIR=/usr/local/src/conda/bioconductor-signaturesearch-1.6.1 -fdebug-prefix-map=$PREFIX=/usr/local/src/conda-prefix -fopenmp -march=nocona -mtune=haswell -ftree-vectorize -fPIC -fstack-protector-all -fno-plt -Og -g -Wall -Wextra -fcheck=all -fbacktrace -fimplicit-none -fvar-tracking-assignments -ffunction-sections -pipe
+F77=$PREFIX/bin/x86_64-conda-linux-gnu-gfortran
+F90=$PREFIX/bin/x86_64-conda-linux-gnu-gfortran
+F95=$PREFIX/bin/x86_64-conda-linux-gnu-f95
+FC=$PREFIX/bin/x86_64-conda-linux-gnu-gfortran
+FFLAGS=-fopenmp -march=nocona -mtune=haswell -ftree-vectorize -fPIC -fstack-protector-strong -fno-plt -O2 -ffunction-sections -pipe -isystem $PREFIX/include -fdebug-prefix-map=$SRC_DIR=/usr/local/src/conda/bioconductor-signaturesearch-1.6.1 -fdebug-prefix-map=$PREFIX=/usr/local/src/conda-prefix
+FORTRANFLAGS=-fopenmp -march=nocona -mtune=haswell -ftree-vectorize -fPIC -fstack-protector-strong -fno-plt -O2 -ffunction-sections -pipe -isystem $PREFIX/include -fdebug-prefix-map=$SRC_DIR=/usr/local/src/conda/bioconductor-signaturesearch-1.6.1 -fdebug-prefix-map=$PREFIX=/usr/local/src/conda-prefix
+GFORTRAN=$PREFIX/bin/x86_64-conda-linux-gnu-gfortran
INFO: activate-gxx_linux-64.sh made the following environmental changes:
+CXX=$PREFIX/bin/x86_64-conda-linux-gnu-c++
+CXXFLAGS=-fvisibility-inlines-hidden -std=c++17 -fmessage-length=0 -march=nocona -mtune=haswell -ftree-vectorize -fPIC -fstack-protector-strong -fno-plt -O2 -ffunction-sections -pipe -isystem $PREFIX/include -fdebug-prefix-map=$SRC_DIR=/usr/local/src/conda/bioconductor-signaturesearch-1.6.1 -fdebug-prefix-map=$PREFIX=/usr/local/src/conda-prefix
+CXX_FOR_BUILD=$PREFIX/bin/x86_64-conda-linux-gnu-c++
+DEBUG_CXXFLAGS=-fvisibility-inlines-hidden -std=c++17 -fmessage-length=0 -march=nocona -mtune=haswell -ftree-vectorize -fPIC -fstack-protector-all -fno-plt -Og -g -Wall -Wextra -fvar-tracking-assignments -ffunction-sections -pipe -isystem $PREFIX/include -fdebug-prefix-map=$SRC_DIR=/usr/local/src/conda/bioconductor-signaturesearch-1.6.1 -fdebug-prefix-map=$PREFIX=/usr/local/src/conda-prefix
+GXX=$PREFIX/bin/x86_64-conda-linux-gnu-g++

R version 4.1.1 (2021-08-10) -- "Kick Things"
Copyright (C) 2021 The R Foundation for Statistical Computing
Platform: x86_64-conda-linux-gnu (64-bit)

R is free software and comes with ABSOLUTELY NO WARRANTY.
You are welcome to redistribute it under certain conditions.
Type 'license()' or 'licence()' for distribution details.

R is a collaborative project with many contributors.
Type 'contributors()' for more information and
'citation()' on how to cite R or R packages in publications.

Type 'demo()' for some demos, 'help()' for on-line help, or
'help.start()' for an HTML browser interface to help.
Type 'q()' to quit R.

> library('signatureSearch')

Leaving build/test directories:
  Work:
 /home/vsts/conda/conda-bld/work 
  Test:
 /home/vsts/conda/conda-bld/test_tmp 
Leaving build/test environments:
  Test:
source activate  /home/vsts/conda/conda-bld/_test_env_placehold_placehold_placehold_placehold_placehold_placehold_placehold_placehold_placehold_placehold_placehold_placehold_placehold_placehold_placehold_placehold_placehold_placehold_placehold_placehold_placehold_placeh 
  Build:
source activate  /home/vsts/conda/conda-bld/_build_env 


