Updating build index: /home/vsts/conda/conda-bld

TEST START: /tmp/tmpgh_kdmeb/linux-64/compare-reads-0.0.1-py37h14c3975_0.tar.bz2
Reloading output folder: /home/vsts/conda/conda-bld
  Package                  Version  Build                 Channel                          Size
─────────────────────────────────────────────────────────────────────────────────────────────────
  Install:
─────────────────────────────────────────────────────────────────────────────────────────────────

  + _libgcc_mutex              0.1  conda_forge           conda-forge/linux-64           Cached
  + _openmp_mutex              4.5  1_gnu                 conda-forge/linux-64           Cached
  + bzip2                    1.0.8  h7f98852_4            conda-forge/linux-64           Cached
  + c-ares                  1.18.1  h7f98852_0            conda-forge/linux-64           Cached
  + ca-certificates      2021.10.8  ha878542_0            conda-forge/linux-64           Cached
  + compare-reads            0.0.1  py37h14c3975_0        /tmp/tmpgh_kdmeb/linux-64       50 KB
  + krb5                    1.19.2  hcc1bbae_2            conda-forge/linux-64           Cached
  + ld_impl_linux-64        2.36.1  hea4e1c9_2            conda-forge/linux-64           Cached
  + libcurl                 7.79.1  h2574ce0_1            conda-forge/linux-64           Cached
  + libdeflate                 1.7  h7f98852_5            conda-forge/linux-64            67 KB
  + libedit           3.1.20191231  he28a2e2_2            conda-forge/linux-64           Cached
  + libev                     4.33  h516909a_1            conda-forge/linux-64           Cached
  + libffi                   3.4.2  h9c3ff4c_4            conda-forge/linux-64           Cached
  + libgcc-ng               11.2.0  h1d223b6_11           conda-forge/linux-64           Cached
  + libgomp                 11.2.0  h1d223b6_11           conda-forge/linux-64           Cached
  + libnghttp2              1.43.0  h812cca2_1            conda-forge/linux-64           Cached
  + libnsl                   2.0.0  h7f98852_0            conda-forge/linux-64           Cached
  + libssh2                 1.10.0  ha56f1ee_2            conda-forge/linux-64           Cached
  + libstdcxx-ng            11.2.0  he4da1e4_11           conda-forge/linux-64           Cached
  + libzlib                 1.2.11  h36c2ea0_1013         conda-forge/linux-64           Cached
  + ncurses                    6.2  h58526e2_4            conda-forge/linux-64           Cached
  + openssl                 1.1.1l  h7f98852_0            conda-forge/linux-64           Cached
  + pip                     21.3.1  pyhd8ed1ab_0          conda-forge/noarch             Cached
  + pysam                   0.17.0  py37h45aed0b_0        bioconda/linux-64                3 MB
  + python                  3.7.12  hb7a2778_100_cpython  conda-forge/linux-64            57 MB
  + python_abi                 3.7  2_cp37m               conda-forge/linux-64             4 KB
  + readline                   8.1  h46c0cb4_0            conda-forge/linux-64           Cached
  + setuptools              58.3.0  py37h89c1867_0        conda-forge/linux-64          1010 KB
  + sqlite                  3.36.0  h9cd32fc_2            conda-forge/linux-64           Cached
  + tk                      8.6.11  h27826a3_1            conda-forge/linux-64           Cached
  + wheel                   0.37.0  pyhd8ed1ab_1          conda-forge/noarch             Cached
  + xz                       5.2.5  h516909a_1            conda-forge/linux-64           Cached
  + zlib                    1.2.11  h36c2ea0_1013         conda-forge/linux-64           Cached

  Summary:

  Install: 33 packages

  Total download: 61 MB

─────────────────────────────────────────────────────────────────────────────────────────────────


## Package Plan ##

  environment location: /home/vsts/conda/conda-bld/compare-reads_1635551514839/_test_env_placehold_placehold_placehold_placehold_placehold_placehold_placehold_placehold_placehold_placehold_placehold_placehold_placehold_placehold_placehold_placehold_placehold_placehold_placehol


The following NEW packages will be INSTALLED:

    _libgcc_mutex:    0.1-conda_forge             conda-forge            
    _openmp_mutex:    4.5-1_gnu                   conda-forge            
    bzip2:            1.0.8-h7f98852_4            conda-forge            
    c-ares:           1.18.1-h7f98852_0           conda-forge            
    ca-certificates:  2021.10.8-ha878542_0        conda-forge            
    compare-reads:    0.0.1-py37h14c3975_0        file:///tmp/tmpgh_kdmeb
    krb5:             1.19.2-hcc1bbae_2           conda-forge            
    ld_impl_linux-64: 2.36.1-hea4e1c9_2           conda-forge            
    libcurl:          7.79.1-h2574ce0_1           conda-forge            
    libdeflate:       1.7-h7f98852_5              conda-forge            
    libedit:          3.1.20191231-he28a2e2_2     conda-forge            
    libev:            4.33-h516909a_1             conda-forge            
    libffi:           3.4.2-h9c3ff4c_4            conda-forge            
    libgcc-ng:        11.2.0-h1d223b6_11          conda-forge            
    libgomp:          11.2.0-h1d223b6_11          conda-forge            
    libnghttp2:       1.43.0-h812cca2_1           conda-forge            
    libnsl:           2.0.0-h7f98852_0            conda-forge            
    libssh2:          1.10.0-ha56f1ee_2           conda-forge            
    libstdcxx-ng:     11.2.0-he4da1e4_11          conda-forge            
    libzlib:          1.2.11-h36c2ea0_1013        conda-forge            
    ncurses:          6.2-h58526e2_4              conda-forge            
    openssl:          1.1.1l-h7f98852_0           conda-forge            
    pip:              21.3.1-pyhd8ed1ab_0         conda-forge            
    pysam:            0.17.0-py37h45aed0b_0       bioconda               
    python:           3.7.12-hb7a2778_100_cpython conda-forge            
    python_abi:       3.7-2_cp37m                 conda-forge            
    readline:         8.1-h46c0cb4_0              conda-forge            
    setuptools:       58.3.0-py37h89c1867_0       conda-forge            
    sqlite:           3.36.0-h9cd32fc_2           conda-forge            
    tk:               8.6.11-h27826a3_1           conda-forge            
    wheel:            0.37.0-pyhd8ed1ab_1         conda-forge            
    xz:               5.2.5-h516909a_1            conda-forge            
    zlib:             1.2.11-h36c2ea0_1013        conda-forge            

Preparing transaction: ...working... done
Verifying transaction: ...working... done
Executing transaction: ...working... done
export PREFIX=/home/vsts/conda/conda-bld/compare-reads_1635551514839/_test_env_placehold_placehold_placehold_placehold_placehold_placehold_placehold_placehold_placehold_placehold_placehold_placehold_placehold_placehold_placehold_placehold_placehold_placehold_placehol
export SRC_DIR=/home/vsts/conda/conda-bld/compare-reads_1635551514839/test_tmp
import: 'compare_reads'

Leaving build/test directories:
  Work:
 /home/vsts/conda/conda-bld/work 
  Test:
 /home/vsts/conda/conda-bld/test_tmp 
Leaving build/test environments:
  Test:
source activate  /home/vsts/conda/conda-bld/_test_env_placehold_placehold_placehold_placehold_placehold_placehold_placehold_placehold_placehold_placehold_placehold_placehold_placehold_placehold_placehold_placehold_placehold_placehold_placehold_placehold_placehold_placeh 
  Build:
source activate  /home/vsts/conda/conda-bld/_build_env 


