Updating build index: /Users/runner/conda/conda-bld

TEST START: /var/folders/24/8k48jl6d249_n_qfxwsl6xvm0000gn/T/tmpglqph2ek/osx-64/compare-reads-0.0.1-py37h1de35cc_0.tar.bz2
Reloading output folder: /Users/runner/conda/conda-bld
  Package                 Version  Build                 Channel                                                                    Size
──────────────────────────────────────────────────────────────────────────────────────────────────────────────────────────────────────────
  Install:
──────────────────────────────────────────────────────────────────────────────────────────────────────────────────────────────────────────

  + bzip2                   1.0.8  h0d85af4_4            conda-forge/osx-64                                                       Cached
  + c-ares                 1.18.1  h0d85af4_0            conda-forge/osx-64                                                       Cached
  + ca-certificates     2021.10.8  h033912b_0            conda-forge/osx-64                                                       Cached
  + compare-reads           0.0.1  py37h1de35cc_0        /var/folders/24/8k48jl6d249_n_qfxwsl6xvm0000gn/T/tmpglqph2ek/osx-64       49 KB
  + krb5                   1.19.2  h289aae4_2            conda-forge/osx-64                                                         1 MB
  + libcurl                7.79.1  h97da3c1_1            conda-forge/osx-64                                                       317 KB
  + libcxx                 12.0.1  habf9029_0            conda-forge/osx-64                                                       Cached
  + libdeflate                1.7  h35c211d_5            conda-forge/osx-64                                                        67 KB
  + libedit          3.1.20191231  h0678c8f_2            conda-forge/osx-64                                                       Cached
  + libev                    4.33  haf1e3a3_1            conda-forge/osx-64                                                       Cached
  + libffi                  3.4.2  he49afe7_4            conda-forge/osx-64                                                       Cached
  + libnghttp2             1.43.0  hfd382f3_1            conda-forge/osx-64                                                       874 KB
  + libssh2                1.10.0  hd3787cc_2            conda-forge/osx-64                                                       221 KB
  + libzlib                1.2.11  h9173be1_1013         conda-forge/osx-64                                                       Cached
  + ncurses                   6.2  h2e338ed_4            conda-forge/osx-64                                                       Cached
  + openssl                 3.0.0  h0d85af4_1            conda-forge/osx-64                                                       Cached
  + pip                    21.3.1  pyhd8ed1ab_0          conda-forge/noarch                                                       Cached
  + pysam                  0.17.0  py37h505b978_0        bioconda/osx-64                                                            2 MB
  + python                 3.7.12  hf3644f1_100_cpython  conda-forge/osx-64                                                        24 MB
  + python_abi                3.7  2_cp37m               conda-forge/osx-64                                                         4 KB
  + readline                  8.1  h05e3726_0            conda-forge/osx-64                                                       Cached
  + setuptools             58.3.0  py37hf985489_0        conda-forge/osx-64                                                      1011 KB
  + sqlite                 3.36.0  h23a322b_2            conda-forge/osx-64                                                       Cached
  + tk                     8.6.11  h5dbffcc_1            conda-forge/osx-64                                                       Cached
  + wheel                  0.37.0  pyhd8ed1ab_1          conda-forge/noarch                                                       Cached
  + xz                      5.2.5  haf1e3a3_1            conda-forge/osx-64                                                       Cached
  + zlib                   1.2.11  h9173be1_1013         conda-forge/osx-64                                                       Cached

  Summary:

  Install: 27 packages

  Total download: 30 MB

──────────────────────────────────────────────────────────────────────────────────────────────────────────────────────────────────────────


## Package Plan ##

  environment location: /Users/runner/conda/conda-bld/compare-reads_1635551499195/_test_env_placehold_placehold_placehold_placehold_placehold_placehold_placehold_placehold_placehold_placehold_placehold_placehold_placehold_placehold_placehold_placehold_placehold_placehold_place


The following NEW packages will be INSTALLED:

    bzip2:           1.0.8-h0d85af4_4            conda-forge                                                        
    c-ares:          1.18.1-h0d85af4_0           conda-forge                                                        
    ca-certificates: 2021.10.8-h033912b_0        conda-forge                                                        
    compare-reads:   0.0.1-py37h1de35cc_0        file:///var/folders/24/8k48jl6d249_n_qfxwsl6xvm0000gn/T/tmpglqph2ek
    krb5:            1.19.2-h289aae4_2           conda-forge                                                        
    libcurl:         7.79.1-h97da3c1_1           conda-forge                                                        
    libcxx:          12.0.1-habf9029_0           conda-forge                                                        
    libdeflate:      1.7-h35c211d_5              conda-forge                                                        
    libedit:         3.1.20191231-h0678c8f_2     conda-forge                                                        
    libev:           4.33-haf1e3a3_1             conda-forge                                                        
    libffi:          3.4.2-he49afe7_4            conda-forge                                                        
    libnghttp2:      1.43.0-hfd382f3_1           conda-forge                                                        
    libssh2:         1.10.0-hd3787cc_2           conda-forge                                                        
    libzlib:         1.2.11-h9173be1_1013        conda-forge                                                        
    ncurses:         6.2-h2e338ed_4              conda-forge                                                        
    openssl:         3.0.0-h0d85af4_1            conda-forge                                                        
    pip:             21.3.1-pyhd8ed1ab_0         conda-forge                                                        
    pysam:           0.17.0-py37h505b978_0       bioconda                                                           
    python:          3.7.12-hf3644f1_100_cpython conda-forge                                                        
    python_abi:      3.7-2_cp37m                 conda-forge                                                        
    readline:        8.1-h05e3726_0              conda-forge                                                        
    setuptools:      58.3.0-py37hf985489_0       conda-forge                                                        
    sqlite:          3.36.0-h23a322b_2           conda-forge                                                        
    tk:              8.6.11-h5dbffcc_1           conda-forge                                                        
    wheel:           0.37.0-pyhd8ed1ab_1         conda-forge                                                        
    xz:              5.2.5-haf1e3a3_1            conda-forge                                                        
    zlib:            1.2.11-h9173be1_1013        conda-forge                                                        

Preparing transaction: ...working... done
Verifying transaction: ...working... done
Executing transaction: ...working... done
export PREFIX=/Users/runner/conda/conda-bld/compare-reads_1635551499195/_test_env_placehold_placehold_placehold_placehold_placehold_placehold_placehold_placehold_placehold_placehold_placehold_placehold_placehold_placehold_placehold_placehold_placehold_placehold_place
export SRC_DIR=/Users/runner/conda/conda-bld/compare-reads_1635551499195/test_tmp
import: 'compare_reads'

Leaving build/test directories:
  Work:
 /Users/runner/conda/conda-bld/work 
  Test:
 /Users/runner/conda/conda-bld/test_tmp 
Leaving build/test environments:
  Test:
source activate  /Users/runner/conda/conda-bld/_test_env_placehold_placehold_placehold_placehold_placehold_placehold_placehold_placehold_placehold_placehold_placehold_placehold_placehold_placehold_placehold_placehold_placehold_placehold_placehold_placehold_placehold_pla 
  Build:
source activate  /Users/runner/conda/conda-bld/_build_env 


