Updating build index: /home/vsts/conda/conda-bld

TEST START: /tmp/tmpq2c53r8d/linux-64/toolshed-0.4.6-py36_0.tar.bz2
Adding in variants from internal_defaults
Mamba failed to solve:
 - toolshed 0.4.6 py39_0
 - python
 - nose
 - python

with channels:
 - file:///tmp/tmpq2c53r8d

The reported errors are:
   Encountered problems while solving:
     - nothing provides requested toolshed 0.4.6 py39_0
   

Leaving build/test directories:
  Work:
 /home/vsts/conda/conda-bld/work 
  Test:
 /home/vsts/conda/conda-bld/test_tmp 
Leaving build/test environments:
  Test:
source activate  /home/vsts/conda/conda-bld/_test_env_placehold_placehold_placehold_placehold_placehold_placehold_placehold_placehold_placehold_placehold_placehold_placehold_placehold_placehold_placehold_placehold_placehold_placehold_placehold_placehold_placehold_placeh 
  Build:
source activate  /home/vsts/conda/conda-bld/_build_env 


