Updating build index: /Users/runner/conda/conda-bld

TEST START: /var/folders/24/8k48jl6d249_n_qfxwsl6xvm0000gn/T/tmp4h8763md/noarch/haphpipe-1.0.3-py_0.tar.bz2
Adding in variants from internal_defaults
Adding in variants from /var/folders/24/8k48jl6d249_n_qfxwsl6xvm0000gn/T/tmphb3832iq/info/recipe/conda_build_config.yaml
Reloading output folder: /Users/runner/conda/conda-bld
  Package                           Version  Build                Channel                                                                   Size
──────────────────────────────────────────────────────────────────────────────────────────────────────────────────────────────────────────────────
  Install:
──────────────────────────────────────────────────────────────────────────────────────────────────────────────────────────────────────────────────

  + _r-mutex                          1.0.1  anacondar_1          conda-forge/noarch                                                      Cached
  + argcomplete                      1.12.3  pyhd8ed1ab_2         conda-forge/noarch                                                       34 KB
  + bc                               1.07.1  h0d85af4_0           conda-forge/osx-64                                                      111 KB
  + biopython                          1.79  py39h89e85a6_0       conda-forge/osx-64                                                        3 MB
  + blast                            2.12.0  pl5262h78c34c6_0     bioconda/osx-64                                                          21 MB
  + boto                             2.49.0  py_0                 conda-forge/noarch                                                      838 KB
  + bowtie2                           2.4.4  py39h8538cfa_0       bioconda/osx-64                                                           1 MB
  + brotlipy                          0.7.0  py39h89e85a6_1001    conda-forge/osx-64                                                      Cached
  + bwa                              0.7.17  h188c3c3_8           bioconda/osx-64                                                         208 KB
  + bwidget                          1.9.14  h694c41f_1           conda-forge/osx-64                                                      Cached
  + bzip2                             1.0.8  h0d85af4_4           conda-forge/osx-64                                                      Cached
  + c-ares                           1.18.1  h0d85af4_0           conda-forge/osx-64                                                      Cached
  + ca-certificates               2021.10.8  h033912b_0           conda-forge/osx-64                                                      Cached
  + cairo                            1.16.0  he43a7df_1008        conda-forge/osx-64                                                      Cached
  + cctools_osx-64                  973.0.1  h3e07e27_2           conda-forge/osx-64                                                      Cached
  + certifi                       2021.10.8  py39h6e9494a_0       conda-forge/osx-64                                                      Cached
  + cffi                             1.14.6  py39he338e87_1       conda-forge/osx-64                                                      Cached
  + chardet                           4.0.0  py39h6e9494a_1       conda-forge/osx-64                                                      Cached
  + charset-normalizer                2.0.0  pyhd8ed1ab_0         conda-forge/noarch                                                      Cached
  + clang                            12.0.1  h694c41f_4           conda-forge/osx-64                                                      Cached
  + clang-12                         12.0.1  default_he082bbe_4   conda-forge/osx-64                                                      Cached
  + clang_osx-64                     12.0.1  hb91bd55_1           conda-forge/osx-64                                                      Cached
  + clangxx                          12.0.1  default_he082bbe_4   conda-forge/osx-64                                                      Cached
  + clangxx_osx-64                   12.0.1  h7e1b574_1           conda-forge/osx-64                                                      Cached
  + click                             8.0.3  py39h6e9494a_0       conda-forge/osx-64                                                      146 KB
  + colorama                          0.4.4  pyh9f0ad1d_0         conda-forge/noarch                                                      Cached
  + compiler-rt                      12.0.1  he01351e_0           conda-forge/osx-64                                                      Cached
  + compiler-rt_osx-64               12.0.1  hd3f61c9_0           conda-forge/noarch                                                      Cached
  + crcmod                              1.7  py39h89e85a6_1006    conda-forge/osx-64                                                       33 KB
  + cryptography                     35.0.0  py39h209aa08_1       conda-forge/osx-64                                                      Cached
  + curl                             7.79.1  hf45b732_1           conda-forge/osx-64                                                      141 KB
  + entrez-direct                      15.6  h193322a_1           bioconda/osx-64                                                           7 MB
  + fasteners                          0.16  pyhd8ed1ab_0         conda-forge/noarch                                                       25 KB
  + flash                            1.2.11  h5dbffcc_0           conda-forge/osx-64                                                       41 KB
  + font-ttf-dejavu-sans-mono          2.37  hab24e00_0           conda-forge/noarch                                                      Cached
  + font-ttf-inconsolata              3.000  h77eed37_0           conda-forge/noarch                                                      Cached
  + font-ttf-source-code-pro          2.038  h77eed37_0           conda-forge/noarch                                                      Cached
  + font-ttf-ubuntu                    0.83  hab24e00_0           conda-forge/noarch                                                      Cached
  + fontconfig                       2.13.1  h10f422b_1005        conda-forge/osx-64                                                      Cached
  + fonts-conda-ecosystem                 1  0                    conda-forge/noarch                                                      Cached
  + fonts-conda-forge                     1  0                    conda-forge/noarch                                                      Cached
  + freebayes                         1.3.5  py39h58092cd_3       bioconda/osx-64                                                           2 MB
  + freetype                         2.10.4  h4cff582_1           conda-forge/osx-64                                                      Cached
  + fribidi                          1.0.10  hbcb3906_0           conda-forge/osx-64                                                      Cached
  + future                           0.18.2  py39h6e9494a_3       conda-forge/osx-64                                                      Cached
  + gatk                                3.8  hdfd78af_11          bioconda/noarch                                                          14 MB
  + gcs-oauth2-boto-plugin              3.0  pyhd8ed1ab_0         conda-forge/noarch                                                       24 KB
  + gettext                        0.19.8.1  hd1a6beb_1008        conda-forge/osx-64                                                      Cached
  + gfortran_impl_osx-64              9.3.0  h9cc0e5e_23          conda-forge/osx-64                                                      Cached
  + gfortran_osx-64                   9.3.0  h18f7dce_14          conda-forge/osx-64                                                      Cached
  + gmp                               6.2.1  h2e338ed_0           conda-forge/osx-64                                                      Cached
  + google-apitools                  0.5.32  pyhd8ed1ab_0         conda-forge/noarch                                                       94 KB
  + google-reauth                     0.1.1  pyhd3deb0d_0         conda-forge/noarch                                                       17 KB
  + gql                               0.2.0  pyh9f0ad1d_0         conda-forge/noarch                                                       10 KB
  + graphite2                        1.3.13  h2e338ed_1001        conda-forge/osx-64                                                      Cached
  + graphql-core                        1.1  py_1                 conda-forge/noarch                                                       62 KB
  + gsl                                 2.6  h71c5fe9_2           conda-forge/osx-64                                                      Cached
  + gsutil                              5.4  pyhd8ed1ab_0         conda-forge/noarch                                                        2 MB
  + haphpipe                          1.0.3  py_0                 /var/folders/24/8k48jl6d249_n_qfxwsl6xvm0000gn/T/tmp4h8763md/noarch      84 KB
  + harfbuzz                          3.0.0  h159f659_1           conda-forge/osx-64                                                      Cached
  + hdf5                             1.10.6  nompi_hc5d9132_1114  conda-forge/osx-64                                                        3 MB
  + htslib                             1.12  hc38c3fb_1           bioconda/osx-64                                                           2 MB
  + httplib2                         0.20.1  pyhd8ed1ab_0         conda-forge/noarch                                                       95 KB
  + icu                                68.2  he49afe7_0           conda-forge/osx-64                                                      Cached
  + idna                                3.1  pyhd3deb0d_0         conda-forge/noarch                                                      Cached
  + importlib-metadata                4.8.1  py39h6e9494a_0       conda-forge/osx-64                                                      Cached
  + importlib_metadata                4.8.1  hd8ed1ab_0           conda-forge/noarch                                                        4 KB
  + isl                              0.22.1  hb1e8313_2           conda-forge/osx-64                                                      Cached
  + jpeg                                 9d  hbcb3906_0           conda-forge/osx-64                                                      Cached
  + krb5                             1.19.2  hcfbf3a7_2           conda-forge/osx-64                                                      Cached
  + ld64_osx-64                         609  h2487922_2           conda-forge/osx-64                                                      Cached
  + ldid                              2.1.2  h6a69015_3           conda-forge/osx-64                                                      Cached
  + libblas                           3.9.0  12_osx64_openblas    conda-forge/osx-64                                                      Cached
  + libcblas                          3.9.0  12_osx64_openblas    conda-forge/osx-64                                                      Cached
  + libclang-cpp12                   12.0.1  default_he082bbe_4   conda-forge/osx-64                                                      Cached
  + libcurl                          7.79.1  hf45b732_1           conda-forge/osx-64                                                      Cached
  + libcxx                           12.0.1  habf9029_0           conda-forge/osx-64                                                      Cached
  + libdeflate                          1.7  h35c211d_5           conda-forge/osx-64                                                       67 KB
  + libedit                    3.1.20191231  h0678c8f_2           conda-forge/osx-64                                                      Cached
  + libev                              4.33  haf1e3a3_1           conda-forge/osx-64                                                      Cached
  + libffi                            3.4.2  he49afe7_4           conda-forge/osx-64                                                      Cached
  + libgfortran                       5.0.0  9_3_0_h6c81a4c_23    conda-forge/osx-64                                                      Cached
  + libgfortran-devel_osx-64          9.3.0  h6c81a4c_23          conda-forge/noarch                                                      Cached
  + libgfortran5                      9.3.0  h6c81a4c_23          conda-forge/osx-64                                                      Cached
  + libglib                          2.70.0  hf1fb8c0_1           conda-forge/osx-64                                                      Cached
  + libiconv                           1.16  haf1e3a3_0           conda-forge/osx-64                                                      Cached
  + liblapack                         3.9.0  12_osx64_openblas    conda-forge/osx-64                                                      Cached
  + libllvm12                        12.0.1  hd011deb_2           conda-forge/osx-64                                                      Cached
  + libnghttp2                       1.43.0  h6f36284_1           conda-forge/osx-64                                                      Cached
  + libopenblas                      0.3.18  openmp_h3351f45_0    conda-forge/osx-64                                                      Cached
  + libpng                           1.6.37  h7cec526_2           conda-forge/osx-64                                                      Cached
  + libssh2                          1.10.0  h52ee1ee_2           conda-forge/osx-64                                                      Cached
  + libtiff                           4.2.0  h46d1c8c_2           conda-forge/osx-64                                                      548 KB
  + libwebp-base                      1.2.1  h0d85af4_0           conda-forge/osx-64                                                      Cached
  + libxml2                          2.9.12  h93ec3fd_0           conda-forge/osx-64                                                      Cached
  + libzlib                          1.2.11  h9173be1_1013        conda-forge/osx-64                                                      Cached
  + llvm-openmp                      12.0.1  hda6cdc1_1           conda-forge/osx-64                                                      Cached
  + llvm-tools                       12.0.1  hd011deb_2           conda-forge/osx-64                                                      Cached
  + lz4-c                             1.9.3  he49afe7_1           conda-forge/osx-64                                                      Cached
  + mafft                             7.490  hb4d813b_0           bioconda/osx-64                                                           8 MB
  + make                                4.3  h22f3db7_1           conda-forge/osx-64                                                      Cached
  + mock                              2.0.0  py39h6e9494a_1002    conda-forge/osx-64                                                      108 KB
  + modeltest-ng                      0.1.6  h3fcd44b_1           bioconda/osx-64                                                         750 KB
  + monotonic                           1.5  py_0                 conda-forge/noarch                                                        9 KB
  + mpc                               1.2.1  hbb51d92_0           conda-forge/osx-64                                                      Cached
  + mpfr                              4.1.0  h0f52abe_1           conda-forge/osx-64                                                      Cached
  + mpi                                 1.0  openmpi              conda-forge/osx-64                                                        4 KB
  + mummer                             3.23  h589c0e0_12          bioconda/osx-64                                                           3 MB
  + ncbi-ngs-sdk                     2.11.2  h247ad82_0           bioconda/osx-64                                                         129 KB
  + ncurses                             6.2  h2e338ed_4           conda-forge/osx-64                                                      Cached
  + numpy                            1.21.3  py39h7eed0ac_0       conda-forge/osx-64                                                        6 MB
  + oauth2client                      4.1.3  py_0                 conda-forge/noarch                                                       66 KB
  + openjdk                         8.0.302  h0d85af4_0           conda-forge/osx-64                                                       45 MB
  + openmpi                           4.1.1  hd3cd54c_0           conda-forge/osx-64                                                        3 MB
  + openssl                          1.1.1l  h0d85af4_0           conda-forge/osx-64                                                      Cached
  + ossuuid                           1.6.2  h0a44026_1000        conda-forge/osx-64                                                       56 KB
  + pango                           1.48.10  h056538c_2           conda-forge/osx-64                                                      Cached
  + parallel                       20211022  h694c41f_0           conda-forge/osx-64                                                        2 MB
  + pbr                               5.6.0  pyhd8ed1ab_0         conda-forge/noarch                                                       74 KB
  + pcre                               8.45  he49afe7_0           conda-forge/osx-64                                                      Cached
  + pcre2                             10.36  h5cf9962_1           conda-forge/osx-64                                                      Cached
  + perl                             5.26.2  hbcb3906_1008        conda-forge/osx-64                                                       14 MB
  + perl-app-cpanminus               1.7044  pl526_1              bioconda/osx-64                                                         235 KB
  + perl-archive-tar                   2.32  pl526_0              bioconda/osx-64                                                          31 KB
  + perl-business-isbn                3.004  pl526_0              bioconda/osx-64                                                          15 KB
  + perl-business-isbn-data    20140910.003  pl526_0              bioconda/osx-64                                                          15 KB
  + perl-carp                          1.38  pl526_3              bioconda/osx-64                                                          15 KB
  + perl-common-sense                  3.74  pl526_2              bioconda/osx-64                                                          15 KB
  + perl-compress-raw-bzip2           2.087  pl526h6de7cb9_0      bioconda/osx-64                                                          47 KB
  + perl-compress-raw-zlib            2.087  pl526h770b8ee_0      bioconda/osx-64                                                          71 KB
  + perl-constant                      1.33  pl526_1              bioconda/osx-64                                                          10 KB
  + perl-data-dumper                  2.173  pl526_0              bioconda/osx-64                                                          34 KB
  + perl-encode                        2.88  pl526_1              bioconda/osx-64                                                           1 MB
  + perl-exporter                      5.72  pl526_1              bioconda/osx-64                                                          13 KB
  + perl-exporter-tiny             1.002001  pl526_0              bioconda/osx-64                                                          23 KB
  + perl-extutils-makemaker            7.36  pl526_1              bioconda/osx-64                                                         153 KB
  + perl-file-path                     2.16  pl526_0              bioconda/osx-64                                                          17 KB
  + perl-file-temp                   0.2304  pl526_2              bioconda/osx-64                                                          26 KB
  + perl-io-compress                  2.087  pl526h6de7cb9_0      bioconda/osx-64                                                          81 KB
  + perl-io-zlib                       1.10  pl526_2              bioconda/osx-64                                                           9 KB
  + perl-json                          4.02  pl526_0              bioconda/osx-64                                                          52 KB
  + perl-json-xs                       2.34  pl526h04f5b5a_3      bioconda/osx-64                                                          61 KB
  + perl-list-moreutils               0.428  pl526_1              bioconda/osx-64                                                          28 KB
  + perl-list-moreutils-xs            0.428  pl526_0              bioconda/osx-64                                                          40 KB
  + perl-mime-base64                   3.15  pl526_1              bioconda/osx-64                                                          14 KB
  + perl-parent                       0.236  pl526_1              bioconda/osx-64                                                           6 KB
  + perl-pathtools                     3.75  pl526h1de35cc_1      bioconda/osx-64                                                          39 KB
  + perl-scalar-list-utils             1.52  pl526h01d97ff_0      bioconda/osx-64                                                          35 KB
  + perl-types-serialiser               1.0  pl526_2              bioconda/osx-64                                                          10 KB
  + perl-uri                           1.76  pl526_0              bioconda/osx-64                                                          55 KB
  + perl-xml-libxml                  2.0132  pl526h08abf6f_1      bioconda/osx-64                                                         237 KB
  + perl-xml-namespacesupport          1.12  pl526_0              bioconda/osx-64                                                          12 KB
  + perl-xml-sax                       1.02  pl526_0              bioconda/noarch                                                          36 KB
  + perl-xml-sax-base                  1.09  pl526_0              bioconda/osx-64                                                          19 KB
  + perl-xsloader                      0.24  pl526_0              bioconda/osx-64                                                           8 KB
  + picard                           2.26.4  hdfd78af_0           bioconda/noarch                                                          16 MB
  + pip                              21.3.1  pyhd8ed1ab_0         conda-forge/noarch                                                      Cached
  + pixman                           0.40.0  hbcb3906_0           conda-forge/osx-64                                                      Cached
  + promise                             2.3  py39h6e9494a_4       conda-forge/osx-64                                                       35 KB
  + pyasn1                            0.4.8  py_0                 conda-forge/noarch                                                       53 KB
  + pyasn1-modules                    0.2.7  py_0                 conda-forge/noarch                                                       60 KB
  + pycparser                          2.20  pyh9f0ad1d_2         conda-forge/noarch                                                      Cached
  + pyopenssl                        21.0.0  pyhd8ed1ab_0         conda-forge/noarch                                                      Cached
  + pyparsing                         2.4.7  pyhd8ed1ab_1         conda-forge/noarch                                                       60 KB
  + pysocks                           1.7.1  py39h6e9494a_3       conda-forge/osx-64                                                      Cached
  + python                            3.9.7  h1248fe1_3_cpython   conda-forge/osx-64                                                      Cached
  + python_abi                          3.9  2_cp39               conda-forge/osx-64                                                      Cached
  + pyu2f                             0.1.5  pyhd8ed1ab_0         conda-forge/noarch                                                       31 KB
  + pyyaml                              6.0  py39h89e85a6_0       conda-forge/osx-64                                                      Cached
  + r-assertthat                      0.2.1  r40hc72bb7e_2        conda-forge/noarch                                                       70 KB
  + r-backports                       1.3.0  r40h28b5c78_0        conda-forge/osx-64                                                      103 KB
  + r-base                            4.0.5  h4d23a9d_1           conda-forge/osx-64                                                       23 MB
  + r-bitops                          1.0_7  r40h28b5c78_0        conda-forge/osx-64                                                       42 KB
  + r-brio                            1.1.2  r40h28b5c78_0        conda-forge/osx-64                                                       36 KB
  + r-callr                           3.7.0  r40hc72bb7e_0        conda-forge/noarch                                                      437 KB
  + r-catools                        1.18.2  r40h9951f98_0        conda-forge/osx-64                                                      225 KB
  + r-cli                             3.1.0  r40h9951f98_0        conda-forge/osx-64                                                        1 MB
  + r-colorspace                      2.0_2  r40h28b5c78_0        conda-forge/osx-64                                                        3 MB
  + r-crayon                          1.4.2  r40hc72bb7e_0        conda-forge/noarch                                                      161 KB
  + r-desc                            1.4.0  r40hc72bb7e_0        conda-forge/noarch                                                      554 KB
  + r-diffobj                         0.3.5  r40h28b5c78_0        conda-forge/osx-64                                                        1 MB
  + r-digest                         0.6.28  r40h9951f98_0        conda-forge/osx-64                                                      205 KB
  + r-ellipsis                        0.3.2  r40h28b5c78_0        conda-forge/osx-64                                                      Cached
  + r-evaluate                         0.14  r40hc72bb7e_2        conda-forge/noarch                                                       81 KB
  + r-fansi                           0.5.0  r40h28b5c78_0        conda-forge/osx-64                                                      209 KB
  + r-farver                          2.1.0  r40h9951f98_0        conda-forge/osx-64                                                        1 MB
  + r-ggplot2                         3.3.5  r40hc72bb7e_0        conda-forge/noarch                                                        4 MB
  + r-glue                            1.4.2  r40h28b5c78_0        conda-forge/osx-64                                                      Cached
  + r-gplots                          3.1.1  r40hc72bb7e_0        conda-forge/noarch                                                      602 KB
  + r-gsalib                            2.1  r40ha770c72_1002     conda-forge/noarch                                                       31 KB
  + r-gtable                          0.3.0  r40hc72bb7e_3        conda-forge/noarch                                                      416 KB
  + r-gtools                          3.9.2  r40h28b5c78_0        conda-forge/osx-64                                                      362 KB
  + r-isoband                         0.2.5  r40h9951f98_0        conda-forge/osx-64                                                        2 MB
  + r-jsonlite                        1.7.2  r40h28b5c78_0        conda-forge/osx-64                                                      458 KB
  + r-kernsmooth                    2.23_20  r40he19034d_0        conda-forge/osx-64                                                       98 KB
  + r-labeling                        0.4.2  r40hc72bb7e_0        conda-forge/noarch                                                       67 KB
  + r-lattice                       0.20_45  r40h28b5c78_0        conda-forge/osx-64                                                        1 MB
  + r-lifecycle                       1.0.1  r40hc72bb7e_0        conda-forge/noarch                                                      109 KB
  + r-magrittr                        2.0.1  r40h28b5c78_1        conda-forge/osx-64                                                      209 KB
  + r-mass                           7.3_54  r40h28b5c78_0        conda-forge/osx-64                                                        1 MB
  + r-matrix                          1.3_4  r40hc2c5f09_0        conda-forge/osx-64                                                        4 MB
  + r-mgcv                           1.8_38  r40hf27e4f0_0        conda-forge/osx-64                                                        3 MB
  + r-munsell                         0.5.0  r40hc72bb7e_1003     conda-forge/noarch                                                      246 KB
  + r-nlme                          3.1_153  r40h749f5a1_0        conda-forge/osx-64                                                        2 MB
  + r-pillar                          1.6.4  r40hc72bb7e_0        conda-forge/noarch                                                      997 KB
  + r-pkgconfig                       2.0.3  r40hc72bb7e_1        conda-forge/noarch                                                      Cached
  + r-pkgload                         1.2.3  r40h9951f98_0        conda-forge/osx-64                                                      170 KB
  + r-plyr                            1.8.6  r40h9951f98_1        conda-forge/osx-64                                                      832 KB
  + r-praise                          1.0.0  r40hc72bb7e_1004     conda-forge/noarch                                                       23 KB
  + r-processx                        3.5.2  r40h28b5c78_0        conda-forge/osx-64                                                      300 KB
  + r-ps                              1.6.0  r40h28b5c78_0        conda-forge/osx-64                                                      291 KB
  + r-r6                              2.5.1  r40hc72bb7e_0        conda-forge/noarch                                                       89 KB
  + r-rcolorbrewer                    1.1_2  r40h785f33e_1003     conda-forge/noarch                                                       64 KB
  + r-rcpp                            1.0.7  r40h9951f98_0        conda-forge/osx-64                                                      Cached
  + r-rematch2                        2.1.2  r40hc72bb7e_1        conda-forge/noarch                                                       52 KB
  + r-reshape                         0.8.8  r40h28b5c78_2        conda-forge/osx-64                                                      176 KB
  + r-rlang                          0.4.12  r40h28b5c78_0        conda-forge/osx-64                                                      Cached
  + r-rprojroot                       2.0.2  r40hc72bb7e_0        conda-forge/noarch                                                      110 KB
  + r-rstudioapi                       0.13  r40hc72bb7e_0        conda-forge/noarch                                                      281 KB
  + r-scales                          1.1.1  r40hc72bb7e_0        conda-forge/noarch                                                      556 KB
  + r-testthat                        3.1.0  r40h9951f98_0        conda-forge/osx-64                                                        2 MB
  + r-tibble                          3.1.5  r40h28b5c78_0        conda-forge/osx-64                                                      774 KB
  + r-utf8                            1.2.2  r40h28b5c78_0        conda-forge/osx-64                                                      157 KB
  + r-vctrs                           0.3.8  r40h28b5c78_1        conda-forge/osx-64                                                      Cached
  + r-viridislite                     0.4.0  r40hc72bb7e_0        conda-forge/noarch                                                        1 MB
  + r-waldo                           0.3.1  r40hc72bb7e_0        conda-forge/noarch                                                      103 KB
  + r-withr                           2.4.2  r40hc72bb7e_0        conda-forge/noarch                                                      220 KB
  + raxml-ng                          1.0.3  habac362_0           bioconda/osx-64                                                         717 KB
  + readline                            8.1  h05e3726_0           conda-forge/osx-64                                                      Cached
  + requests                         2.26.0  pyhd8ed1ab_0         conda-forge/noarch                                                      Cached
  + retry_decorator                   1.1.1  pyh9f0ad1d_0         conda-forge/noarch                                                        6 KB
  + rsa                               4.7.2  pyh44b312d_0         conda-forge/noarch                                                       28 KB
  + samtools                           1.12  hfcfc997_1           bioconda/osx-64                                                         388 KB
  + seqtk                               1.3  h188c3c3_3           bioconda/osx-64                                                          35 KB
  + setuptools                       58.3.0  py39h6e9494a_0       conda-forge/osx-64                                                      Cached
  + sierrapy                          0.2.1  pyh864c0ab_3         bioconda/noarch                                                          14 KB
  + six                              1.16.0  pyh6c4a22f_0         conda-forge/noarch                                                      Cached
  + socksipy-branch                    1.01  pyh9f0ad1d_0         conda-forge/noarch                                                        9 KB
  + spades                           3.15.2  he641558_0           bioconda/osx-64                                                          20 MB
  + sqlite                           3.36.0  h23a322b_2           conda-forge/osx-64                                                      Cached
  + sra-tools                        2.11.0  pl5262h37d2149_0     bioconda/osx-64                                                          61 MB
  + tabixpp                           1.1.0  h9cabb03_6           bioconda/osx-64                                                          23 KB
  + tapi                          1100.0.11  h9ce4665_0           conda-forge/osx-64                                                      Cached
  + tbb                              2020.2  h940c156_4           conda-forge/osx-64                                                      132 KB
  + tk                               8.6.11  h5dbffcc_1           conda-forge/osx-64                                                      Cached
  + tktable                            2.10  h49f0cf7_3           conda-forge/osx-64                                                      Cached
  + tqdm                             4.62.3  pyhd8ed1ab_0         conda-forge/noarch                                                      Cached
  + trimmomatic                        0.39  hdfd78af_2           bioconda/noarch                                                         144 KB
  + tzdata                            2021e  he74cb21_0           conda-forge/noarch                                                      Cached
  + urllib3                          1.26.7  pyhd8ed1ab_0         conda-forge/noarch                                                      Cached
  + vcflib                            1.0.2  h9954cba_5           bioconda/osx-64                                                           1 MB
  + voluptuous                       0.12.2  pyhd8ed1ab_1         conda-forge/noarch                                                       28 KB
  + wheel                            0.37.0  pyhd8ed1ab_1         conda-forge/noarch                                                      Cached
  + xz                                5.2.5  haf1e3a3_1           conda-forge/osx-64                                                      Cached
  + yaml                              0.2.5  haf1e3a3_0           conda-forge/osx-64                                                      Cached
  + zipp                              3.6.0  pyhd8ed1ab_0         conda-forge/noarch                                                      Cached
  + zlib                             1.2.11  h9173be1_1013        conda-forge/osx-64                                                      Cached
  + zstd                              1.4.9  h582d3a0_0           conda-forge/osx-64                                                      460 KB

  Summary:

  Install: 258 packages

  Total download: 303 MB

──────────────────────────────────────────────────────────────────────────────────────────────────────────────────────────────────────────────────


## Package Plan ##

  environment location: /Users/runner/conda/conda-bld/haphpipe_1635781972314/_test_env_placehold_placehold_placehold_placehold_placehold_placehold_placehold_placehold_placehold_placehold_placehold_placehold_placehold_placehold_placehold_placehold_placehold_placehold_placehold_


The following NEW packages will be INSTALLED:

    _r-mutex:                  1.0.1-anacondar_1          conda-forge                                                        
    argcomplete:               1.12.3-pyhd8ed1ab_2        conda-forge                                                        
    bc:                        1.07.1-h0d85af4_0          conda-forge                                                        
    biopython:                 1.79-py39h89e85a6_0        conda-forge                                                        
    blast:                     2.12.0-pl5262h78c34c6_0    bioconda                                                           
    boto:                      2.49.0-py_0                conda-forge                                                        
    bowtie2:                   2.4.4-py39h8538cfa_0       bioconda                                                           
    brotlipy:                  0.7.0-py39h89e85a6_1001    conda-forge                                                        
    bwa:                       0.7.17-h188c3c3_8          bioconda                                                           
    bwidget:                   1.9.14-h694c41f_1          conda-forge                                                        
    bzip2:                     1.0.8-h0d85af4_4           conda-forge                                                        
    c-ares:                    1.18.1-h0d85af4_0          conda-forge                                                        
    ca-certificates:           2021.10.8-h033912b_0       conda-forge                                                        
    cairo:                     1.16.0-he43a7df_1008       conda-forge                                                        
    cctools_osx-64:            973.0.1-h3e07e27_2         conda-forge                                                        
    certifi:                   2021.10.8-py39h6e9494a_0   conda-forge                                                        
    cffi:                      1.14.6-py39he338e87_1      conda-forge                                                        
    chardet:                   4.0.0-py39h6e9494a_1       conda-forge                                                        
    charset-normalizer:        2.0.0-pyhd8ed1ab_0         conda-forge                                                        
    clang:                     12.0.1-h694c41f_4          conda-forge                                                        
    clang-12:                  12.0.1-default_he082bbe_4  conda-forge                                                        
    clang_osx-64:              12.0.1-hb91bd55_1          conda-forge                                                        
    clangxx:                   12.0.1-default_he082bbe_4  conda-forge                                                        
    clangxx_osx-64:            12.0.1-h7e1b574_1          conda-forge                                                        
    click:                     8.0.3-py39h6e9494a_0       conda-forge                                                        
    colorama:                  0.4.4-pyh9f0ad1d_0         conda-forge                                                        
    compiler-rt:               12.0.1-he01351e_0          conda-forge                                                        
    compiler-rt_osx-64:        12.0.1-hd3f61c9_0          conda-forge                                                        
    crcmod:                    1.7-py39h89e85a6_1006      conda-forge                                                        
    cryptography:              35.0.0-py39h209aa08_1      conda-forge                                                        
    curl:                      7.79.1-hf45b732_1          conda-forge                                                        
    entrez-direct:             15.6-h193322a_1            bioconda                                                           
    fasteners:                 0.16-pyhd8ed1ab_0          conda-forge                                                        
    flash:                     1.2.11-h5dbffcc_0          conda-forge                                                        
    font-ttf-dejavu-sans-mono: 2.37-hab24e00_0            conda-forge                                                        
    font-ttf-inconsolata:      3.000-h77eed37_0           conda-forge                                                        
    font-ttf-source-code-pro:  2.038-h77eed37_0           conda-forge                                                        
    font-ttf-ubuntu:           0.83-hab24e00_0            conda-forge                                                        
    fontconfig:                2.13.1-h10f422b_1005       conda-forge                                                        
    fonts-conda-ecosystem:     1-0                        conda-forge                                                        
    fonts-conda-forge:         1-0                        conda-forge                                                        
    freebayes:                 1.3.5-py39h58092cd_3       bioconda                                                           
    freetype:                  2.10.4-h4cff582_1          conda-forge                                                        
    fribidi:                   1.0.10-hbcb3906_0          conda-forge                                                        
    future:                    0.18.2-py39h6e9494a_3      conda-forge                                                        
    gatk:                      3.8-hdfd78af_11            bioconda                                                           
    gcs-oauth2-boto-plugin:    3.0-pyhd8ed1ab_0           conda-forge                                                        
    gettext:                   0.19.8.1-hd1a6beb_1008     conda-forge                                                        
    gfortran_impl_osx-64:      9.3.0-h9cc0e5e_23          conda-forge                                                        
    gfortran_osx-64:           9.3.0-h18f7dce_14          conda-forge                                                        
    gmp:                       6.2.1-h2e338ed_0           conda-forge                                                        
    google-apitools:           0.5.32-pyhd8ed1ab_0        conda-forge                                                        
    google-reauth:             0.1.1-pyhd3deb0d_0         conda-forge                                                        
    gql:                       0.2.0-pyh9f0ad1d_0         conda-forge                                                        
    graphite2:                 1.3.13-h2e338ed_1001       conda-forge                                                        
    graphql-core:              1.1-py_1                   conda-forge                                                        
    gsl:                       2.6-h71c5fe9_2             conda-forge                                                        
    gsutil:                    5.4-pyhd8ed1ab_0           conda-forge                                                        
    haphpipe:                  1.0.3-py_0                 file:///var/folders/24/8k48jl6d249_n_qfxwsl6xvm0000gn/T/tmp4h8763md
    harfbuzz:                  3.0.0-h159f659_1           conda-forge                                                        
    hdf5:                      1.10.6-nompi_hc5d9132_1114 conda-forge                                                        
    htslib:                    1.12-hc38c3fb_1            bioconda                                                           
    httplib2:                  0.20.1-pyhd8ed1ab_0        conda-forge                                                        
    icu:                       68.2-he49afe7_0            conda-forge                                                        
    idna:                      3.1-pyhd3deb0d_0           conda-forge                                                        
    importlib-metadata:        4.8.1-py39h6e9494a_0       conda-forge                                                        
    importlib_metadata:        4.8.1-hd8ed1ab_0           conda-forge                                                        
    isl:                       0.22.1-hb1e8313_2          conda-forge                                                        
    jpeg:                      9d-hbcb3906_0              conda-forge                                                        
    krb5:                      1.19.2-hcfbf3a7_2          conda-forge                                                        
    ld64_osx-64:               609-h2487922_2             conda-forge                                                        
    ldid:                      2.1.2-h6a69015_3           conda-forge                                                        
    libblas:                   3.9.0-12_osx64_openblas    conda-forge                                                        
    libcblas:                  3.9.0-12_osx64_openblas    conda-forge                                                        
    libclang-cpp12:            12.0.1-default_he082bbe_4  conda-forge                                                        
    libcurl:                   7.79.1-hf45b732_1          conda-forge                                                        
    libcxx:                    12.0.1-habf9029_0          conda-forge                                                        
    libdeflate:                1.7-h35c211d_5             conda-forge                                                        
    libedit:                   3.1.20191231-h0678c8f_2    conda-forge                                                        
    libev:                     4.33-haf1e3a3_1            conda-forge                                                        
    libffi:                    3.4.2-he49afe7_4           conda-forge                                                        
    libgfortran:               5.0.0-9_3_0_h6c81a4c_23    conda-forge                                                        
    libgfortran-devel_osx-64:  9.3.0-h6c81a4c_23          conda-forge                                                        
    libgfortran5:              9.3.0-h6c81a4c_23          conda-forge                                                        
    libglib:                   2.70.0-hf1fb8c0_1          conda-forge                                                        
    libiconv:                  1.16-haf1e3a3_0            conda-forge                                                        
    liblapack:                 3.9.0-12_osx64_openblas    conda-forge                                                        
    libllvm12:                 12.0.1-hd011deb_2          conda-forge                                                        
    libnghttp2:                1.43.0-h6f36284_1          conda-forge                                                        
    libopenblas:               0.3.18-openmp_h3351f45_0   conda-forge                                                        
    libpng:                    1.6.37-h7cec526_2          conda-forge                                                        
    libssh2:                   1.10.0-h52ee1ee_2          conda-forge                                                        
    libtiff:                   4.2.0-h46d1c8c_2           conda-forge                                                        
    libwebp-base:              1.2.1-h0d85af4_0           conda-forge                                                        
    libxml2:                   2.9.12-h93ec3fd_0          conda-forge                                                        
    libzlib:                   1.2.11-h9173be1_1013       conda-forge                                                        
    llvm-openmp:               12.0.1-hda6cdc1_1          conda-forge                                                        
    llvm-tools:                12.0.1-hd011deb_2          conda-forge                                                        
    lz4-c:                     1.9.3-he49afe7_1           conda-forge                                                        
    mafft:                     7.490-hb4d813b_0           bioconda                                                           
    make:                      4.3-h22f3db7_1             conda-forge                                                        
    mock:                      2.0.0-py39h6e9494a_1002    conda-forge                                                        
    modeltest-ng:              0.1.6-h3fcd44b_1           bioconda                                                           
    monotonic:                 1.5-py_0                   conda-forge                                                        
    mpc:                       1.2.1-hbb51d92_0           conda-forge                                                        
    mpfr:                      4.1.0-h0f52abe_1           conda-forge                                                        
    mpi:                       1.0-openmpi                conda-forge                                                        
    mummer:                    3.23-h589c0e0_12           bioconda                                                           
    ncbi-ngs-sdk:              2.11.2-h247ad82_0          bioconda                                                           
    ncurses:                   6.2-h2e338ed_4             conda-forge                                                        
    numpy:                     1.21.3-py39h7eed0ac_0      conda-forge                                                        
    oauth2client:              4.1.3-py_0                 conda-forge                                                        
    openjdk:                   8.0.302-h0d85af4_0         conda-forge                                                        
    openmpi:                   4.1.1-hd3cd54c_0           conda-forge                                                        
    openssl:                   1.1.1l-h0d85af4_0          conda-forge                                                        
    ossuuid:                   1.6.2-h0a44026_1000        conda-forge                                                        
    pango:                     1.48.10-h056538c_2         conda-forge                                                        
    parallel:                  20211022-h694c41f_0        conda-forge                                                        
    pbr:                       5.6.0-pyhd8ed1ab_0         conda-forge                                                        
    pcre:                      8.45-he49afe7_0            conda-forge                                                        
    pcre2:                     10.36-h5cf9962_1           conda-forge                                                        
    perl:                      5.26.2-hbcb3906_1008       conda-forge                                                        
    perl-app-cpanminus:        1.7044-pl526_1             bioconda                                                           
    perl-archive-tar:          2.32-pl526_0               bioconda                                                           
    perl-business-isbn:        3.004-pl526_0              bioconda                                                           
    perl-business-isbn-data:   20140910.003-pl526_0       bioconda                                                           
    perl-carp:                 1.38-pl526_3               bioconda                                                           
    perl-common-sense:         3.74-pl526_2               bioconda                                                           
    perl-compress-raw-bzip2:   2.087-pl526h6de7cb9_0      bioconda                                                           
    perl-compress-raw-zlib:    2.087-pl526h770b8ee_0      bioconda                                                           
    perl-constant:             1.33-pl526_1               bioconda                                                           
    perl-data-dumper:          2.173-pl526_0              bioconda                                                           
    perl-encode:               2.88-pl526_1               bioconda                                                           
    perl-exporter:             5.72-pl526_1               bioconda                                                           
    perl-exporter-tiny:        1.002001-pl526_0           bioconda                                                           
    perl-extutils-makemaker:   7.36-pl526_1               bioconda                                                           
    perl-file-path:            2.16-pl526_0               bioconda                                                           
    perl-file-temp:            0.2304-pl526_2             bioconda                                                           
    perl-io-compress:          2.087-pl526h6de7cb9_0      bioconda                                                           
    perl-io-zlib:              1.10-pl526_2               bioconda                                                           
    perl-json:                 4.02-pl526_0               bioconda                                                           
    perl-json-xs:              2.34-pl526h04f5b5a_3       bioconda                                                           
    perl-list-moreutils:       0.428-pl526_1              bioconda                                                           
    perl-list-moreutils-xs:    0.428-pl526_0              bioconda                                                           
    perl-mime-base64:          3.15-pl526_1               bioconda                                                           
    perl-parent:               0.236-pl526_1              bioconda                                                           
    perl-pathtools:            3.75-pl526h1de35cc_1       bioconda                                                           
    perl-scalar-list-utils:    1.52-pl526h01d97ff_0       bioconda                                                           
    perl-types-serialiser:     1.0-pl526_2                bioconda                                                           
    perl-uri:                  1.76-pl526_0               bioconda                                                           
    perl-xml-libxml:           2.0132-pl526h08abf6f_1     bioconda                                                           
    perl-xml-namespacesupport: 1.12-pl526_0               bioconda                                                           
    perl-xml-sax:              1.02-pl526_0               bioconda                                                           
    perl-xml-sax-base:         1.09-pl526_0               bioconda                                                           
    perl-xsloader:             0.24-pl526_0               bioconda                                                           
    picard:                    2.26.4-hdfd78af_0          bioconda                                                           
    pip:                       21.3.1-pyhd8ed1ab_0        conda-forge                                                        
    pixman:                    0.40.0-hbcb3906_0          conda-forge                                                        
    promise:                   2.3-py39h6e9494a_4         conda-forge                                                        
    pyasn1:                    0.4.8-py_0                 conda-forge                                                        
    pyasn1-modules:            0.2.7-py_0                 conda-forge                                                        
    pycparser:                 2.20-pyh9f0ad1d_2          conda-forge                                                        
    pyopenssl:                 21.0.0-pyhd8ed1ab_0        conda-forge                                                        
    pyparsing:                 2.4.7-pyhd8ed1ab_1         conda-forge                                                        
    pysocks:                   1.7.1-py39h6e9494a_3       conda-forge                                                        
    python:                    3.9.7-h1248fe1_3_cpython   conda-forge                                                        
    python_abi:                3.9-2_cp39                 conda-forge                                                        
    pyu2f:                     0.1.5-pyhd8ed1ab_0         conda-forge                                                        
    pyyaml:                    6.0-py39h89e85a6_0         conda-forge                                                        
    r-assertthat:              0.2.1-r40hc72bb7e_2        conda-forge                                                        
    r-backports:               1.3.0-r40h28b5c78_0        conda-forge                                                        
    r-base:                    4.0.5-h4d23a9d_1           conda-forge                                                        
    r-bitops:                  1.0_7-r40h28b5c78_0        conda-forge                                                        
    r-brio:                    1.1.2-r40h28b5c78_0        conda-forge                                                        
    r-callr:                   3.7.0-r40hc72bb7e_0        conda-forge                                                        
    r-catools:                 1.18.2-r40h9951f98_0       conda-forge                                                        
    r-cli:                     3.1.0-r40h9951f98_0        conda-forge                                                        
    r-colorspace:              2.0_2-r40h28b5c78_0        conda-forge                                                        
    r-crayon:                  1.4.2-r40hc72bb7e_0        conda-forge                                                        
    r-desc:                    1.4.0-r40hc72bb7e_0        conda-forge                                                        
    r-diffobj:                 0.3.5-r40h28b5c78_0        conda-forge                                                        
    r-digest:                  0.6.28-r40h9951f98_0       conda-forge                                                        
    r-ellipsis:                0.3.2-r40h28b5c78_0        conda-forge                                                        
    r-evaluate:                0.14-r40hc72bb7e_2         conda-forge                                                        
    r-fansi:                   0.5.0-r40h28b5c78_0        conda-forge                                                        
    r-farver:                  2.1.0-r40h9951f98_0        conda-forge                                                        
    r-ggplot2:                 3.3.5-r40hc72bb7e_0        conda-forge                                                        
    r-glue:                    1.4.2-r40h28b5c78_0        conda-forge                                                        
    r-gplots:                  3.1.1-r40hc72bb7e_0        conda-forge                                                        
    r-gsalib:                  2.1-r40ha770c72_1002       conda-forge                                                        
    r-gtable:                  0.3.0-r40hc72bb7e_3        conda-forge                                                        
    r-gtools:                  3.9.2-r40h28b5c78_0        conda-forge                                                        
    r-isoband:                 0.2.5-r40h9951f98_0        conda-forge                                                        
    r-jsonlite:                1.7.2-r40h28b5c78_0        conda-forge                                                        
    r-kernsmooth:              2.23_20-r40he19034d_0      conda-forge                                                        
    r-labeling:                0.4.2-r40hc72bb7e_0        conda-forge                                                        
    r-lattice:                 0.20_45-r40h28b5c78_0      conda-forge                                                        
    r-lifecycle:               1.0.1-r40hc72bb7e_0        conda-forge                                                        
    r-magrittr:                2.0.1-r40h28b5c78_1        conda-forge                                                        
    r-mass:                    7.3_54-r40h28b5c78_0       conda-forge                                                        
    r-matrix:                  1.3_4-r40hc2c5f09_0        conda-forge                                                        
    r-mgcv:                    1.8_38-r40hf27e4f0_0       conda-forge                                                        
    r-munsell:                 0.5.0-r40hc72bb7e_1003     conda-forge                                                        
    r-nlme:                    3.1_153-r40h749f5a1_0      conda-forge                                                        
    r-pillar:                  1.6.4-r40hc72bb7e_0        conda-forge                                                        
    r-pkgconfig:               2.0.3-r40hc72bb7e_1        conda-forge                                                        
    r-pkgload:                 1.2.3-r40h9951f98_0        conda-forge                                                        
    r-plyr:                    1.8.6-r40h9951f98_1        conda-forge                                                        
    r-praise:                  1.0.0-r40hc72bb7e_1004     conda-forge                                                        
    r-processx:                3.5.2-r40h28b5c78_0        conda-forge                                                        
    r-ps:                      1.6.0-r40h28b5c78_0        conda-forge                                                        
    r-r6:                      2.5.1-r40hc72bb7e_0        conda-forge                                                        
    r-rcolorbrewer:            1.1_2-r40h785f33e_1003     conda-forge                                                        
    r-rcpp:                    1.0.7-r40h9951f98_0        conda-forge                                                        
    r-rematch2:                2.1.2-r40hc72bb7e_1        conda-forge                                                        
    r-reshape:                 0.8.8-r40h28b5c78_2        conda-forge                                                        
    r-rlang:                   0.4.12-r40h28b5c78_0       conda-forge                                                        
    r-rprojroot:               2.0.2-r40hc72bb7e_0        conda-forge                                                        
    r-rstudioapi:              0.13-r40hc72bb7e_0         conda-forge                                                        
    r-scales:                  1.1.1-r40hc72bb7e_0        conda-forge                                                        
    r-testthat:                3.1.0-r40h9951f98_0        conda-forge                                                        
    r-tibble:                  3.1.5-r40h28b5c78_0        conda-forge                                                        
    r-utf8:                    1.2.2-r40h28b5c78_0        conda-forge                                                        
    r-vctrs:                   0.3.8-r40h28b5c78_1        conda-forge                                                        
    r-viridislite:             0.4.0-r40hc72bb7e_0        conda-forge                                                        
    r-waldo:                   0.3.1-r40hc72bb7e_0        conda-forge                                                        
    r-withr:                   2.4.2-r40hc72bb7e_0        conda-forge                                                        
    raxml-ng:                  1.0.3-habac362_0           bioconda                                                           
    readline:                  8.1-h05e3726_0             conda-forge                                                        
    requests:                  2.26.0-pyhd8ed1ab_0        conda-forge                                                        
    retry_decorator:           1.1.1-pyh9f0ad1d_0         conda-forge                                                        
    rsa:                       4.7.2-pyh44b312d_0         conda-forge                                                        
    samtools:                  1.12-hfcfc997_1            bioconda                                                           
    seqtk:                     1.3-h188c3c3_3             bioconda                                                           
    setuptools:                58.3.0-py39h6e9494a_0      conda-forge                                                        
    sierrapy:                  0.2.1-pyh864c0ab_3         bioconda                                                           
    six:                       1.16.0-pyh6c4a22f_0        conda-forge                                                        
    socksipy-branch:           1.01-pyh9f0ad1d_0          conda-forge                                                        
    spades:                    3.15.2-he641558_0          bioconda                                                           
    sqlite:                    3.36.0-h23a322b_2          conda-forge                                                        
    sra-tools:                 2.11.0-pl5262h37d2149_0    bioconda                                                           
    tabixpp:                   1.1.0-h9cabb03_6           bioconda                                                           
    tapi:                      1100.0.11-h9ce4665_0       conda-forge                                                        
    tbb:                       2020.2-h940c156_4          conda-forge                                                        
    tk:                        8.6.11-h5dbffcc_1          conda-forge                                                        
    tktable:                   2.10-h49f0cf7_3            conda-forge                                                        
    tqdm:                      4.62.3-pyhd8ed1ab_0        conda-forge                                                        
    trimmomatic:               0.39-hdfd78af_2            bioconda                                                           
    tzdata:                    2021e-he74cb21_0           conda-forge                                                        
    urllib3:                   1.26.7-pyhd8ed1ab_0        conda-forge                                                        
    vcflib:                    1.0.2-h9954cba_5           bioconda                                                           
    voluptuous:                0.12.2-pyhd8ed1ab_1        conda-forge                                                        
    wheel:                     0.37.0-pyhd8ed1ab_1        conda-forge                                                        
    xz:                        5.2.5-haf1e3a3_1           conda-forge                                                        
    yaml:                      0.2.5-haf1e3a3_0           conda-forge                                                        
    zipp:                      3.6.0-pyhd8ed1ab_0         conda-forge                                                        
    zlib:                      1.2.11-h9173be1_1013       conda-forge                                                        
    zstd:                      1.4.9-h582d3a0_0           conda-forge                                                        

Preparing transaction: ...working... done
Verifying transaction: ...working... done
Executing transaction: ...working... 