Updating build index: /Users/runner/conda/conda-bld

TEST START: /var/folders/24/8k48jl6d249_n_qfxwsl6xvm0000gn/T/tmpfhsl9s7y/osx-64/bs_call-2.02-h766e0d4_4.tar.bz2
Reloading output folder: /Users/runner/conda/conda-bld
  Package        Version  Build          Channel                                                                   Size
─────────────────────────────────────────────────────────────────────────────────────────────────────────────────────────
  Install:
─────────────────────────────────────────────────────────────────────────────────────────────────────────────────────────

  + bs_call         2.02  h766e0d4_4     /var/folders/24/8k48jl6d249_n_qfxwsl6xvm0000gn/T/tmpfhsl9s7y/osx-64     246 KB
  + bzip2          1.0.8  h0d85af4_4     conda-forge/osx-64                                                      Cached
  + gsl              2.6  h71c5fe9_2     conda-forge/osx-64                                                        3 MB
  + libblas        3.8.0  17_openblas    conda-forge/osx-64                                                       11 KB
  + libcblas       3.8.0  17_openblas    conda-forge/osx-64                                                       11 KB
  + libcxx        12.0.1  habf9029_0     conda-forge/osx-64                                                      Cached
  + libgfortran    3.0.1  0              conda-forge/osx-64                                                      495 KB
  + libopenblas   0.3.10  h0794777_0     pkgs/main/osx-64                                                          5 MB
  + libzlib       1.2.11  h9173be1_1013  conda-forge/osx-64                                                      Cached
  + llvm-openmp    8.0.1  h770b8ee_0     conda-forge/osx-64                                                      253 KB
  + openmp         8.0.1  0              conda-forge/osx-64                                                        8 KB
  + zlib          1.2.11  h9173be1_1013  conda-forge/osx-64                                                      Cached

  Summary:

  Install: 12 packages

  Total download: 9 MB

─────────────────────────────────────────────────────────────────────────────────────────────────────────────────────────


## Package Plan ##

  environment location: /Users/runner/conda/conda-bld/bs_call_1635558854511/_test_env_placehold_placehold_placehold_placehold_placehold_placehold_placehold_placehold_placehold_placehold_placehold_placehold_placehold_placehold_placehold_placehold_placehold_placehold_placehold_p


The following NEW packages will be INSTALLED:

    bs_call:     2.02-h766e0d4_4      file:///var/folders/24/8k48jl6d249_n_qfxwsl6xvm0000gn/T/tmpfhsl9s7y
    bzip2:       1.0.8-h0d85af4_4     conda-forge                                                        
    gsl:         2.6-h71c5fe9_2       conda-forge                                                        
    libblas:     3.8.0-17_openblas    conda-forge                                                        
    libcblas:    3.8.0-17_openblas    conda-forge                                                        
    libcxx:      12.0.1-habf9029_0    conda-forge                                                        
    libgfortran: 3.0.1-0              conda-forge                                                        
    libopenblas: 0.3.10-h0794777_0                                                                       
    libzlib:     1.2.11-h9173be1_1013 conda-forge                                                        
    llvm-openmp: 8.0.1-h770b8ee_0     conda-forge                                                        
    openmp:      8.0.1-0              conda-forge                                                        
    zlib:        1.2.11-h9173be1_1013 conda-forge                                                        

Preparing transaction: ...working... done
Verifying transaction: ...working... done
Executing transaction: ...working... done
export PREFIX=/Users/runner/conda/conda-bld/bs_call_1635558854511/_test_env_placehold_placehold_placehold_placehold_placehold_placehold_placehold_placehold_placehold_placehold_placehold_placehold_placehold_placehold_placehold_placehold_placehold_placehold_placehold_p
export SRC_DIR=/Users/runner/conda/conda-bld/bs_call_1635558854511/test_tmp

Leaving build/test directories:
  Work:
 /Users/runner/conda/conda-bld/work 
  Test:
 /Users/runner/conda/conda-bld/test_tmp 
Leaving build/test environments:
  Test:
source activate  /Users/runner/conda/conda-bld/_test_env_placehold_placehold_placehold_placehold_placehold_placehold_placehold_placehold_placehold_placehold_placehold_placehold_placehold_placehold_placehold_placehold_placehold_placehold_placehold_placehold_placehold_pla 
  Build:
source activate  /Users/runner/conda/conda-bld/_build_env 


