Updating build index: /home/vsts/conda/conda-bld

TEST START: /tmp/tmpxpica7d3/noarch/bioconductor-arraytv-1.25.0-r40_0.tar.bz2
Adding in variants from internal_defaults
Adding in variants from /tmp/tmpxsr71pzv/info/recipe/conda_build_config.yaml
Reloading output folder: /home/vsts/conda/conda-bld

## Package Plan ##

  environment location: /home/vsts/conda/conda-bld/bioconductor-arraytv_1636783431256/_test_env_placehold_placehold_placehold_placehold_placehold_placehold_placehold_placehold_placehold_placehold_placehold_placehold_placehold_placehold_placehold_placehold_placehold_placehold_p


The following NEW packages will be INSTALLED:

    _libgcc_mutex:                     0.1-conda_forge            conda-forge            
    _openmp_mutex:                     4.5-1_gnu                  conda-forge            
    _r-mutex:                          1.0.1-anacondar_1          conda-forge            
    binutils_impl_linux-64:            2.36.1-h193b22a_2          conda-forge            
    binutils_linux-64:                 2.36-hf3e587d_33           conda-forge            
    bioconductor-affyio:               1.58.0-r40h037d062_0       bioconda               
    bioconductor-arraytv:              1.25.0-r40_0               file:///tmp/tmpxpica7d3
    bioconductor-biobase:              2.48.0-r40h037d062_0       bioconda               
    bioconductor-biocgenerics:         0.34.0-r40_0               bioconda               
    bioconductor-biostrings:           2.56.0-r40h037d062_0       bioconda               
    bioconductor-delayedarray:         0.14.0-r40h037d062_0       bioconda               
    bioconductor-dnacopy:              1.62.0-r40h323e27b_0       bioconda               
    bioconductor-genomeinfodb:         1.24.0-r40_0               bioconda               
    bioconductor-genomeinfodbdata:     1.2.4-r40hdfd78af_2        bioconda               
    bioconductor-genomicranges:        1.40.0-r40h037d062_0       bioconda               
    bioconductor-iranges:              2.22.1-r40h037d062_0       bioconda               
    bioconductor-oligoclasses:         1.50.0-r40_0               bioconda               
    bioconductor-s4vectors:            0.26.0-r40h037d062_0       bioconda               
    bioconductor-summarizedexperiment: 1.18.1-r40_0               bioconda               
    bioconductor-xvector:              0.28.0-r40h037d062_0       bioconda               
    bioconductor-zlibbioc:             1.34.0-r40h037d062_0       bioconda               
    bwidget:                           1.9.14-ha770c72_1          conda-forge            
    bzip2:                             1.0.8-h7f98852_4           conda-forge            
    c-ares:                            1.18.1-h7f98852_0          conda-forge            
    ca-certificates:                   2021.10.8-ha878542_0       conda-forge            
    cairo:                             1.16.0-h9f066cc_1006       conda-forge            
    curl:                              7.76.1-h979ede3_1          conda-forge            
    fontconfig:                        2.13.1-hba837de_1005       conda-forge            
    freetype:                          2.10.4-h0708190_1          conda-forge            
    fribidi:                           1.0.10-h36c2ea0_0          conda-forge            
    gcc_impl_linux-64:                 7.5.0-habd7529_19          conda-forge            
    gcc_linux-64:                      7.5.0-h47867f9_33          conda-forge            
    gettext:                           0.19.8.1-h73d1719_1008     conda-forge            
    gfortran_impl_linux-64:            7.5.0-h56cb351_19          conda-forge            
    gfortran_linux-64:                 7.5.0-h78c8a43_33          conda-forge            
    glib:                              2.70.0-h780b84a_1          conda-forge            
    glib-tools:                        2.70.0-h780b84a_1          conda-forge            
    graphite2:                         1.3.13-h58526e2_1001       conda-forge            
    gsl:                               2.6-he838d99_2             conda-forge            
    gxx_impl_linux-64:                 7.5.0-hd0bb8aa_19          conda-forge            
    gxx_linux-64:                      7.5.0-h555fc39_33          conda-forge            
    harfbuzz:                          2.7.2-ha5b49bf_1           conda-forge            
    icu:                               67.1-he1b5a44_0            conda-forge            
    jbig:                              2.1-h7f98852_2003          conda-forge            
    jpeg:                              9d-h36c2ea0_0              conda-forge            
    kernel-headers_linux-64:           2.6.32-he073ed8_15         conda-forge            
    krb5:                              1.17.2-h926e7f8_0          conda-forge            
    ld_impl_linux-64:                  2.36.1-hea4e1c9_2          conda-forge            
    lerc:                              3.0-h9c3ff4c_0             conda-forge            
    libblas:                           3.8.0-17_openblas          conda-forge            
    libcblas:                          3.8.0-17_openblas          conda-forge            
    libcurl:                           7.76.1-hc4aaa36_1          conda-forge            
    libdeflate:                        1.8-h7f98852_0             conda-forge            
    libedit:                           3.1.20191231-he28a2e2_2    conda-forge            
    libev:                             4.33-h516909a_1            conda-forge            
    libffi:                            3.4.2-h7f98852_5           conda-forge            
    libgcc-devel_linux-64:             7.5.0-hda03d7c_19          conda-forge            
    libgcc-ng:                         11.2.0-h1d223b6_11         conda-forge            
    libgfortran-ng:                    7.5.0-h14aa051_19          conda-forge            
    libgfortran4:                      7.5.0-h14aa051_19          conda-forge            
    libglib:                           2.70.0-h174f98d_1          conda-forge            
    libgomp:                           11.2.0-h1d223b6_11         conda-forge            
    libiconv:                          1.16-h516909a_0            conda-forge            
    liblapack:                         3.8.0-17_openblas          conda-forge            
    libnghttp2:                        1.43.0-h812cca2_1          conda-forge            
    libnsl:                            2.0.0-h7f98852_0           conda-forge            
    libopenblas:                       0.3.10-pthreads_hb3c22a3_5 conda-forge            
    libpng:                            1.6.37-h21135ba_2          conda-forge            
    libssh2:                           1.10.0-ha56f1ee_2          conda-forge            
    libstdcxx-devel_linux-64:          7.5.0-hb016644_19          conda-forge            
    libstdcxx-ng:                      11.2.0-he4da1e4_11         conda-forge            
    libtiff:                           4.3.0-h6f004c6_2           conda-forge            
    libuuid:                           2.32.1-h7f98852_1000       conda-forge            
    libwebp-base:                      1.2.1-h7f98852_0           conda-forge            
    libxcb:                            1.13-h7f98852_1004         conda-forge            
    libxml2:                           2.9.10-h68273f3_2          conda-forge            
    libzlib:                           1.2.11-h36c2ea0_1013       conda-forge            
    lz4-c:                             1.9.3-h9c3ff4c_1           conda-forge            
    make:                              4.3-hd18ef5c_1             conda-forge            
    ncurses:                           6.2-h58526e2_4             conda-forge            
    openssl:                           1.1.1l-h7f98852_0          conda-forge            
    pango:                             1.42.4-h69149e4_5          conda-forge            
    pcre:                              8.45-h9c3ff4c_0            conda-forge            
    pcre2:                             10.35-h032f7d1_2           conda-forge            
    pip:                               21.3.1-pyhd8ed1ab_0        conda-forge            
    pixman:                            0.40.0-h36c2ea0_0          conda-forge            
    pthread-stubs:                     0.4-h36c2ea0_1001          conda-forge            
    python:                            3.10.0-h62f1059_2_cpython  conda-forge            
    python_abi:                        3.10-2_cp310               conda-forge            
    r-base:                            4.0.2-he766273_1           conda-forge            
    r-biocmanager:                     1.30.16-r40hc72bb7e_0      conda-forge            
    r-bit:                             4.0.4-r40hcfec24a_0        conda-forge            
    r-bit64:                           4.0.5-r40hcfec24a_0        conda-forge            
    r-bitops:                          1.0_7-r40hcfec24a_0        conda-forge            
    r-blob:                            1.2.2-r40hc72bb7e_0        conda-forge            
    r-cachem:                          1.0.6-r40hcfec24a_0        conda-forge            
    r-codetools:                       0.2_18-r40hc72bb7e_0       conda-forge            
    r-crayon:                          1.4.2-r40hc72bb7e_0        conda-forge            
    r-dbi:                             1.1.1-r40hc72bb7e_0        conda-forge            
    r-ellipsis:                        0.3.2-r40hcfec24a_0        conda-forge            
    r-fastmap:                         1.1.0-r40h03ef668_0        conda-forge            
    r-ff:                              4.0.5-r40h9c3ff4c_0        conda-forge            
    r-foreach:                         1.5.1-r40hc72bb7e_0        conda-forge            
    r-glue:                            1.5.0-r40hcfec24a_0        conda-forge            
    r-iterators:                       1.0.13-r40hc72bb7e_0       conda-forge            
    r-lattice:                         0.20_45-r40hcfec24a_0      conda-forge            
    r-matrix:                          1.3_4-r40he454529_0        conda-forge            
    r-matrixstats:                     0.61.0-r40hcfec24a_0       conda-forge            
    r-memoise:                         2.0.0-r40hc72bb7e_0        conda-forge            
    r-pkgconfig:                       2.0.3-r40hc72bb7e_1        conda-forge            
    r-plogr:                           0.2.0-r40hc72bb7e_1003     conda-forge            
    r-rcpp:                            1.0.7-r40h03ef668_0        conda-forge            
    r-rcurl:                           1.98_1.3-r40hcfec24a_0     conda-forge            
    r-rlang:                           0.4.12-r40hcfec24a_0       conda-forge            
    r-rsqlite:                         2.2.8-r40h03ef668_0        conda-forge            
    r-vctrs:                           0.3.8-r40hcfec24a_1        conda-forge            
    readline:                          8.1-h46c0cb4_0             conda-forge            
    sed:                               4.8-he412f7d_0             conda-forge            
    setuptools:                        58.5.3-py310hff52083_0     conda-forge            
    sqlite:                            3.36.0-h9cd32fc_2          conda-forge            
    sysroot_linux-64:                  2.12-he073ed8_15           conda-forge            
    tk:                                8.6.11-h27826a3_1          conda-forge            
    tktable:                           2.10-hb7b940f_3            conda-forge            
    tzdata:                            2021e-he74cb21_0           conda-forge            
    wheel:                             0.37.0-pyhd8ed1ab_1        conda-forge            
    xorg-kbproto:                      1.0.7-h7f98852_1002        conda-forge            
    xorg-libice:                       1.0.10-h7f98852_0          conda-forge            
    xorg-libsm:                        1.2.3-hd9c2040_1000        conda-forge            
    xorg-libx11:                       1.7.2-h7f98852_0           conda-forge            
    xorg-libxau:                       1.0.9-h7f98852_0           conda-forge            
    xorg-libxdmcp:                     1.1.3-h7f98852_0           conda-forge            
    xorg-libxext:                      1.3.4-h7f98852_1           conda-forge            
    xorg-libxrender:                   0.9.10-h7f98852_1003       conda-forge            
    xorg-renderproto:                  0.11.1-h7f98852_1002       conda-forge            
    xorg-xextproto:                    7.3.0-h7f98852_1002        conda-forge            
    xorg-xproto:                       7.0.31-h7f98852_1007       conda-forge            
    xz:                                5.2.5-h516909a_1           conda-forge            
    zlib:                              1.2.11-h36c2ea0_1013       conda-forge            
    zstd:                              1.5.0-ha95c52a_0           conda-forge            

Preparing transaction: ...working... done
Verifying transaction: ...working... done
Executing transaction: ...working... done
export PREFIX=/home/vsts/conda/conda-bld/bioconductor-arraytv_1636783431256/_test_env_placehold_placehold_placehold_placehold_placehold_placehold_placehold_placehold_placehold_placehold_placehold_placehold_placehold_placehold_placehold_placehold_placehold_placehold_p
export SRC_DIR=/home/vsts/conda/conda-bld/bioconductor-arraytv_1636783431256/test_tmp
INFO: activate-binutils_linux-64.sh made the following environmental changes:
+ADDR2LINE=$PREFIX/bin/x86_64-conda-linux-gnu-addr2line
+AR=$PREFIX/bin/x86_64-conda-linux-gnu-ar
+AS=$PREFIX/bin/x86_64-conda-linux-gnu-as
+CXXFILT=$PREFIX/bin/x86_64-conda-linux-gnu-c++filt
+ELFEDIT=$PREFIX/bin/x86_64-conda-linux-gnu-elfedit
+GPROF=$PREFIX/bin/x86_64-conda-linux-gnu-gprof
+LD=$PREFIX/bin/x86_64-conda-linux-gnu-ld
+LD_GOLD=$PREFIX/bin/x86_64-conda-linux-gnu-ld.gold
+NM=$PREFIX/bin/x86_64-conda-linux-gnu-nm
+OBJCOPY=$PREFIX/bin/x86_64-conda-linux-gnu-objcopy
+OBJDUMP=$PREFIX/bin/x86_64-conda-linux-gnu-objdump
+RANLIB=$PREFIX/bin/x86_64-conda-linux-gnu-ranlib
+READELF=$PREFIX/bin/x86_64-conda-linux-gnu-readelf
+SIZE=$PREFIX/bin/x86_64-conda-linux-gnu-size
+STRINGS=$PREFIX/bin/x86_64-conda-linux-gnu-strings
+STRIP=$PREFIX/bin/x86_64-conda-linux-gnu-strip
INFO: activate-gcc_linux-64.sh made the following environmental changes:
+BUILD=x86_64-conda-linux-gnu
+CC=$PREFIX/bin/x86_64-conda-linux-gnu-cc
+CC_FOR_BUILD=$PREFIX/bin/x86_64-conda-linux-gnu-cc
+CFLAGS=-march=nocona -mtune=haswell -ftree-vectorize -fPIC -fstack-protector-strong -fno-plt -O2 -ffunction-sections -pipe -isystem $PREFIX/include -fdebug-prefix-map=$SRC_DIR=/usr/local/src/conda/bioconductor-arraytv-1.25.0 -fdebug-prefix-map=$PREFIX=/usr/local/src/conda-prefix
+CMAKE_ARGS=-DCMAKE_AR=$PREFIX/bin/x86_64-conda-linux-gnu-ar -DCMAKE_CXX_COMPILER_AR=$PREFIX/bin/x86_64-conda-linux-gnu-gcc-ar -DCMAKE_C_COMPILER_AR=$PREFIX/bin/x86_64-conda-linux-gnu-gcc-ar -DCMAKE_RANLIB=$PREFIX/bin/x86_64-conda-linux-gnu-ranlib -DCMAKE_CXX_COMPILER_RANLIB=$PREFIX/bin/x86_64-conda-linux-gnu-gcc-ranlib -DCMAKE_C_COMPILER_RANLIB=$PREFIX/bin/x86_64-conda-linux-gnu-gcc-ranlib -DCMAKE_LINKER=$PREFIX/bin/x86_64-conda-linux-gnu-ld -DCMAKE_STRIP=$PREFIX/bin/x86_64-conda-linux-gnu-strip -DCMAKE_FIND_ROOT_PATH_MODE_PROGRAM=NEVER -DCMAKE_FIND_ROOT_PATH_MODE_LIBRARY=ONLY -DCMAKE_FIND_ROOT_PATH_MODE_INCLUDE=ONLY -DCMAKE_FIND_ROOT_PATH=$PREFIX;/home/vsts/conda/conda-bld/bioconductor-arraytv_1636783431256/_build_env/x86_64-conda-linux-gnu/sysroot -DCMAKE_INSTALL_PREFIX=$PREFIX -DCMAKE_INSTALL_LIBDIR=lib
+CMAKE_PREFIX_PATH=$PREFIX:$PREFIX/x86_64-conda-linux-gnu/sysroot/usr
+CONDA_BUILD_SYSROOT=$PREFIX/x86_64-conda-linux-gnu/sysroot
+CONDA_TOOLCHAIN_BUILD=x86_64-conda-linux-gnu
+CONDA_TOOLCHAIN_HOST=x86_64-conda-linux-gnu
+CPP=$PREFIX/bin/x86_64-conda-linux-gnu-cpp
+CPPFLAGS=-DNDEBUG -D_FORTIFY_SOURCE=2 -O2 -isystem $PREFIX/include
+DEBUG_CFLAGS=-march=nocona -mtune=haswell -ftree-vectorize -fPIC -fstack-protector-all -fno-plt -Og -g -Wall -Wextra -fvar-tracking-assignments -ffunction-sections -pipe -isystem $PREFIX/include -fdebug-prefix-map=$SRC_DIR=/usr/local/src/conda/bioconductor-arraytv-1.25.0 -fdebug-prefix-map=$PREFIX=/usr/local/src/conda-prefix
+DEBUG_CPPFLAGS=-D_DEBUG -D_FORTIFY_SOURCE=2 -Og -isystem $PREFIX/include
+GCC=$PREFIX/bin/x86_64-conda-linux-gnu-gcc
+GCC_AR=$PREFIX/bin/x86_64-conda-linux-gnu-gcc-ar
+GCC_NM=$PREFIX/bin/x86_64-conda-linux-gnu-gcc-nm
+GCC_RANLIB=$PREFIX/bin/x86_64-conda-linux-gnu-gcc-ranlib
+HOST=x86_64-conda-linux-gnu
+LDFLAGS=-Wl,-O2 -Wl,--sort-common -Wl,--as-needed -Wl,-z,relro -Wl,-z,now -Wl,--disable-new-dtags -Wl,--gc-sections -Wl,-rpath,$PREFIX/lib -Wl,-rpath-link,$PREFIX/lib -L$PREFIX/lib
+_CONDA_PYTHON_SYSCONFIGDATA_NAME=_sysconfigdata_x86_64_conda_cos6_linux_gnu
+build_alias=x86_64-conda-linux-gnu
+host_alias=x86_64-conda-linux-gnu
INFO: activate-gfortran_linux-64.sh made the following environmental changes:
+DEBUG_FFLAGS=-fopenmp -march=nocona -mtune=haswell -ftree-vectorize -fPIC -fstack-protector-strong -fno-plt -O2 -ffunction-sections -pipe -isystem $PREFIX/include -fdebug-prefix-map=$SRC_DIR=/usr/local/src/conda/bioconductor-arraytv-1.25.0 -fdebug-prefix-map=$PREFIX=/usr/local/src/conda-prefix -fopenmp -march=nocona -mtune=haswell -ftree-vectorize -fPIC -fstack-protector-all -fno-plt -Og -g -Wall -Wextra -fcheck=all -fbacktrace -fimplicit-none -fvar-tracking-assignments -ffunction-sections -pipe
+DEBUG_FORTRANFLAGS=-fopenmp -march=nocona -mtune=haswell -ftree-vectorize -fPIC -fstack-protector-strong -fno-plt -O2 -ffunction-sections -pipe -isystem $PREFIX/include -fdebug-prefix-map=$SRC_DIR=/usr/local/src/conda/bioconductor-arraytv-1.25.0 -fdebug-prefix-map=$PREFIX=/usr/local/src/conda-prefix -fopenmp -march=nocona -mtune=haswell -ftree-vectorize -fPIC -fstack-protector-all -fno-plt -Og -g -Wall -Wextra -fcheck=all -fbacktrace -fimplicit-none -fvar-tracking-assignments -ffunction-sections -pipe
+F77=$PREFIX/bin/x86_64-conda-linux-gnu-gfortran
+F90=$PREFIX/bin/x86_64-conda-linux-gnu-gfortran
+F95=$PREFIX/bin/x86_64-conda-linux-gnu-f95
+FC=$PREFIX/bin/x86_64-conda-linux-gnu-gfortran
+FFLAGS=-fopenmp -march=nocona -mtune=haswell -ftree-vectorize -fPIC -fstack-protector-strong -fno-plt -O2 -ffunction-sections -pipe -isystem $PREFIX/include -fdebug-prefix-map=$SRC_DIR=/usr/local/src/conda/bioconductor-arraytv-1.25.0 -fdebug-prefix-map=$PREFIX=/usr/local/src/conda-prefix
+FORTRANFLAGS=-fopenmp -march=nocona -mtune=haswell -ftree-vectorize -fPIC -fstack-protector-strong -fno-plt -O2 -ffunction-sections -pipe -isystem $PREFIX/include -fdebug-prefix-map=$SRC_DIR=/usr/local/src/conda/bioconductor-arraytv-1.25.0 -fdebug-prefix-map=$PREFIX=/usr/local/src/conda-prefix
+GFORTRAN=$PREFIX/bin/x86_64-conda-linux-gnu-gfortran
INFO: activate-gxx_linux-64.sh made the following environmental changes:
+CXX=$PREFIX/bin/x86_64-conda-linux-gnu-c++
+CXXFLAGS=-fvisibility-inlines-hidden -std=c++17 -fmessage-length=0 -march=nocona -mtune=haswell -ftree-vectorize -fPIC -fstack-protector-strong -fno-plt -O2 -ffunction-sections -pipe -isystem $PREFIX/include -fdebug-prefix-map=$SRC_DIR=/usr/local/src/conda/bioconductor-arraytv-1.25.0 -fdebug-prefix-map=$PREFIX=/usr/local/src/conda-prefix
+CXX_FOR_BUILD=$PREFIX/bin/x86_64-conda-linux-gnu-c++
+DEBUG_CXXFLAGS=-fvisibility-inlines-hidden -std=c++17 -fmessage-length=0 -march=nocona -mtune=haswell -ftree-vectorize -fPIC -fstack-protector-all -fno-plt -Og -g -Wall -Wextra -fvar-tracking-assignments -ffunction-sections -pipe -isystem $PREFIX/include -fdebug-prefix-map=$SRC_DIR=/usr/local/src/conda/bioconductor-arraytv-1.25.0 -fdebug-prefix-map=$PREFIX=/usr/local/src/conda-prefix
+GXX=$PREFIX/bin/x86_64-conda-linux-gnu-g++

R version 4.0.2 (2020-06-22) -- "Taking Off Again"
Copyright (C) 2020 The R Foundation for Statistical Computing
Platform: x86_64-conda_cos6-linux-gnu (64-bit)

R is free software and comes with ABSOLUTELY NO WARRANTY.
You are welcome to redistribute it under certain conditions.
Type 'license()' or 'licence()' for distribution details.

R is a collaborative project with many contributors.
Type 'contributors()' for more information and
'citation()' on how to cite R or R packages in publications.

Type 'demo()' for some demos, 'help()' for on-line help, or
'help.start()' for an HTML browser interface to help.
Type 'q()' to quit R.

> library('ArrayTV')

Leaving build/test directories:
  Work:
 /home/vsts/conda/conda-bld/work 
  Test:
 /home/vsts/conda/conda-bld/test_tmp 
Leaving build/test environments:
  Test:
source activate  /home/vsts/conda/conda-bld/_test_env_placehold_placehold_placehold_placehold_placehold_placehold_placehold_placehold_placehold_placehold_placehold_placehold_placehold_placehold_placehold_placehold_placehold_placehold_placehold_placehold_placehold_placeh 
  Build:
source activate  /home/vsts/conda/conda-bld/_build_env 


