Updating build index: /home/vsts/conda/conda-bld

TEST START: /tmp/tmp7dynmxd8/linux-64/smashpp-20.04-h7d875b9_1.tar.bz2
Reloading output folder: /home/vsts/conda/conda-bld
  Package          Version  Build        Channel                         Size
───────────────────────────────────────────────────────────────────────────────
  Install:
───────────────────────────────────────────────────────────────────────────────

  + _libgcc_mutex      0.1  conda_forge  conda-forge/linux-64          Cached
  + _openmp_mutex      4.5  1_gnu        conda-forge/linux-64          Cached
  + libgcc-ng       11.2.0  h1d223b6_11  conda-forge/linux-64          Cached
  + libgomp         11.2.0  h1d223b6_11  conda-forge/linux-64          Cached
  + libstdcxx-ng    11.2.0  he4da1e4_11  conda-forge/linux-64          Cached
  + smashpp          20.04  h7d875b9_1   /tmp/tmp7dynmxd8/linux-64     302 KB

  Summary:

  Install: 6 packages

  Total download: 302 KB

───────────────────────────────────────────────────────────────────────────────


## Package Plan ##

  environment location: /home/vsts/conda/conda-bld/smashpp_1635581671243/_test_env_placehold_placehold_placehold_placehold_placehold_placehold_placehold_placehold_placehold_placehold_placehold_placehold_placehold_placehold_placehold_placehold_placehold_placehold_placehold_plac


The following NEW packages will be INSTALLED:

    _libgcc_mutex: 0.1-conda_forge    conda-forge            
    _openmp_mutex: 4.5-1_gnu          conda-forge            
    libgcc-ng:     11.2.0-h1d223b6_11 conda-forge            
    libgomp:       11.2.0-h1d223b6_11 conda-forge            
    libstdcxx-ng:  11.2.0-he4da1e4_11 conda-forge            
    smashpp:       20.04-h7d875b9_1   file:///tmp/tmp7dynmxd8

Preparing transaction: ...working... done
Verifying transaction: ...working... done
Executing transaction: ...working... done
export PREFIX=/home/vsts/conda/conda-bld/smashpp_1635581671243/_test_env_placehold_placehold_placehold_placehold_placehold_placehold_placehold_placehold_placehold_placehold_placehold_placehold_placehold_placehold_placehold_placehold_placehold_placehold_placehold_plac
export SRC_DIR=/home/vsts/conda/conda-bld/smashpp_1635581671243/test_tmp

Leaving build/test directories:
  Work:
 /home/vsts/conda/conda-bld/work 
  Test:
 /home/vsts/conda/conda-bld/test_tmp 
Leaving build/test environments:
  Test:
source activate  /home/vsts/conda/conda-bld/_test_env_placehold_placehold_placehold_placehold_placehold_placehold_placehold_placehold_placehold_placehold_placehold_placehold_placehold_placehold_placehold_placehold_placehold_placehold_placehold_placehold_placehold_placeh 
  Build:
source activate  /home/vsts/conda/conda-bld/_build_env 


