Updating build index: /Users/runner/conda/conda-bld

TEST START: /var/folders/24/8k48jl6d249_n_qfxwsl6xvm0000gn/T/tmpy_m4punw/osx-64/asn2gb-18.2-2.tar.bz2
Adding in variants from internal_defaults
Adding in variants from /var/folders/24/8k48jl6d249_n_qfxwsl6xvm0000gn/T/tmpn_jwp9h3/info/recipe/conda_build_config.yaml
Reloading output folder: /Users/runner/conda/conda-bld
  Package    Version  Build          Channel                                                                   Size
─────────────────────────────────────────────────────────────────────────────────────────────────────────────────────
  Install:
─────────────────────────────────────────────────────────────────────────────────────────────────────────────────────

  + asn2gb      18.2  2              /var/folders/24/8k48jl6d249_n_qfxwsl6xvm0000gn/T/tmpy_m4punw/osx-64       3 MB
  + libzlib   1.2.11  h9173be1_1013  conda-forge/osx-64                                                      Cached
  + zlib      1.2.11  h9173be1_1013  conda-forge/osx-64                                                      Cached

  Summary:

  Install: 3 packages

  Total download: 3 MB

─────────────────────────────────────────────────────────────────────────────────────────────────────────────────────


## Package Plan ##

  environment location: /Users/runner/conda/conda-bld/asn2gb_1635463138826/_test_env_placehold_placehold_placehold_placehold_placehold_placehold_placehold_placehold_placehold_placehold_placehold_placehold_placehold_placehold_placehold_placehold_placehold_placehold_placehold_pl


The following NEW packages will be INSTALLED:

    asn2gb:  18.2-2               file:///var/folders/24/8k48jl6d249_n_qfxwsl6xvm0000gn/T/tmpy_m4punw
    libzlib: 1.2.11-h9173be1_1013 conda-forge                                                        
    zlib:    1.2.11-h9173be1_1013 conda-forge                                                        

Preparing transaction: ...working... done
Verifying transaction: ...working... done
Executing transaction: ...working... done
export PREFIX=/Users/runner/conda/conda-bld/asn2gb_1635463138826/_test_env_placehold_placehold_placehold_placehold_placehold_placehold_placehold_placehold_placehold_placehold_placehold_placehold_placehold_placehold_placehold_placehold_placehold_placehold_placehold_pl
export SRC_DIR=/Users/runner/conda/conda-bld/asn2gb_1635463138826/test_tmp

Leaving build/test directories:
  Work:
 /Users/runner/conda/conda-bld/work 
  Test:
 /Users/runner/conda/conda-bld/test_tmp 
Leaving build/test environments:
  Test:
source activate  /Users/runner/conda/conda-bld/_test_env_placehold_placehold_placehold_placehold_placehold_placehold_placehold_placehold_placehold_placehold_placehold_placehold_placehold_placehold_placehold_placehold_placehold_placehold_placehold_placehold_placehold_pla 
  Build:
source activate  /Users/runner/conda/conda-bld/_build_env 


