Updating build index: /home/vsts/conda/conda-bld

TEST START: /tmp/tmpw2kpbq8r/linux-64/mira-4.9.6-1.tar.bz2
Adding in variants from internal_defaults
Adding in variants from /tmp/tmpcrqbspjt/info/recipe/conda_build_config.yaml
  Package  Version  Build  Channel                        Size
────────────────────────────────────────────────────────────────
  Install:
────────────────────────────────────────────────────────────────

  + mira     4.9.6  1      /tmp/tmpw2kpbq8r/linux-64     15 MB

  Summary:

  Install: 1 packages

  Total download: 15 MB

────────────────────────────────────────────────────────────────


## Package Plan ##

  environment location: /home/vsts/conda/conda-bld/mira_1632664357735/_test_env_placehold_placehold_placehold_placehold_placehold_placehold_placehold_placehold_placehold_placehold_placehold_placehold_placehold_placehold_placehold_placehold_placehold_placehold_placehold_placeho


The following NEW packages will be INSTALLED:

    mira: 4.9.6-1 file:///tmp/tmpw2kpbq8r

Preparing transaction: ...working... done
Verifying transaction: ...working... done
Executing transaction: ...working... done
export PREFIX=/home/vsts/conda/conda-bld/mira_1632664357735/_test_env_placehold_placehold_placehold_placehold_placehold_placehold_placehold_placehold_placehold_placehold_placehold_placehold_placehold_placehold_placehold_placehold_placehold_placehold_placehold_placeho
export SRC_DIR=/home/vsts/conda/conda-bld/mira_1632664357735/test_tmp

Leaving build/test directories:
  Work:
 /home/vsts/conda/conda-bld/work 
  Test:
 /home/vsts/conda/conda-bld/test_tmp 
Leaving build/test environments:
  Test:
source activate  /home/vsts/conda/conda-bld/_test_env_placehold_placehold_placehold_placehold_placehold_placehold_placehold_placehold_placehold_placehold_placehold_placehold_placehold_placehold_placehold_placehold_placehold_placehold_placehold_placehold_placehold_placeh 
  Build:
source activate  /home/vsts/conda/conda-bld/_build_env 


