Updating build index: /home/vsts/conda/conda-bld

TEST START: /tmp/tmpktqt79ri/linux-64/mnnpy-0.1.9.5-py39h38f01e4_2.tar.bz2
Reloading output folder: /home/vsts/conda/conda-bld
  Package                  Version  Build                   Channel                         Size
──────────────────────────────────────────────────────────────────────────────────────────────────
  Install:
──────────────────────────────────────────────────────────────────────────────────────────────────

  + _libgcc_mutex              0.1  conda_forge             conda-forge/linux-64          Cached
  + _openmp_mutex              4.5  1_gnu                   conda-forge/linux-64          Cached
  + anndata                  0.7.6  py39hf3d152e_0          conda-forge/linux-64          119 KB
  + c-ares                  1.17.2  h7f98852_0              conda-forge/linux-64          Cached
  + ca-certificates      2021.10.8  ha878542_0              conda-forge/linux-64          Cached
  + cached-property          1.5.2  hd8ed1ab_1              conda-forge/noarch              4 KB
  + cached_property          1.5.2  pyha770c72_1            conda-forge/noarch             11 KB
  + h5py                     3.4.0  nompi_py39h7e08c79_101  conda-forge/linux-64            1 MB
  + hdf5                    1.12.1  nompi_h7f166f4_101      conda-forge/linux-64            4 MB
  + krb5                    1.19.2  h48eae69_2              conda-forge/linux-64          Cached
  + ld_impl_linux-64        2.36.1  hea4e1c9_2              conda-forge/linux-64          Cached
  + libblas                  3.9.0  12_linux64_openblas     conda-forge/linux-64          Cached
  + libcblas                 3.9.0  12_linux64_openblas     conda-forge/linux-64          Cached
  + libcurl                 7.79.1  h494985f_1              conda-forge/linux-64          Cached
  + libedit           3.1.20191231  he28a2e2_2              conda-forge/linux-64          Cached
  + libev                     4.33  h516909a_1              conda-forge/linux-64          Cached
  + libffi                   3.4.2  h9c3ff4c_4              conda-forge/linux-64          Cached
  + libgcc-ng               11.2.0  h1d223b6_11             conda-forge/linux-64          Cached
  + libgfortran-ng          11.2.0  h69a702a_11             conda-forge/linux-64          Cached
  + libgfortran5            11.2.0  h5c6108e_11             conda-forge/linux-64          Cached
  + libgomp                 11.2.0  h1d223b6_11             conda-forge/linux-64          Cached
  + liblapack                3.9.0  12_linux64_openblas     conda-forge/linux-64          Cached
  + libllvm11               11.1.0  hf817b99_2              conda-forge/linux-64           29 MB
  + libnghttp2              1.43.0  ha19adfc_1              conda-forge/linux-64          Cached
  + libopenblas             0.3.18  pthreads_h8fe5266_0     conda-forge/linux-64          Cached
  + libssh2                 1.10.0  ha35d2d1_2              conda-forge/linux-64          Cached
  + libstdcxx-ng            11.2.0  he4da1e4_11             conda-forge/linux-64          Cached
  + libzlib                 1.2.11  h36c2ea0_1013           conda-forge/linux-64          Cached
  + llvmlite                0.37.0  py39h1bbdace_0          conda-forge/linux-64            3 MB
  + mnnpy                  0.1.9.5  py39h38f01e4_2          /tmp/tmpktqt79ri/linux-64     107 KB
  + natsort                  7.1.1  pyhd8ed1ab_0            conda-forge/noarch             33 KB
  + ncurses                    6.2  h58526e2_4              conda-forge/linux-64          Cached
  + numba                   0.54.1  py39h56b8d98_0          conda-forge/linux-64            4 MB
  + numpy                   1.20.3  py39hdbf815f_1          conda-forge/linux-64            6 MB
  + openssl                  3.0.0  h7f98852_1              conda-forge/linux-64          Cached
  + packaging                 21.0  pyhd8ed1ab_0            conda-forge/noarch             35 KB
  + pandas                   1.3.4  py39hde0f152_0          conda-forge/linux-64           13 MB
  + pip                       21.3  pyhd8ed1ab_0            conda-forge/noarch            Cached
  + pyparsing                2.4.7  pyh9f0ad1d_0            conda-forge/noarch             60 KB
  + python                   3.9.7  hf930737_3_cpython      conda-forge/linux-64           28 MB
  + python-dateutil          2.8.2  pyhd8ed1ab_0            conda-forge/noarch            240 KB
  + python_abi                 3.9  2_cp39                  conda-forge/linux-64          Cached
  + pytz                    2021.3  pyhd8ed1ab_0            conda-forge/noarch            Cached
  + readline                   8.1  h46c0cb4_0              conda-forge/linux-64          Cached
  + scipy                    1.7.1  py39hee8e79c_0          conda-forge/linux-64           22 MB
  + setuptools              58.2.0  py39hf3d152e_0          conda-forge/linux-64          Cached
  + six                     1.16.0  pyh6c4a22f_0            conda-forge/noarch            Cached
  + sqlite                  3.36.0  h9cd32fc_2              conda-forge/linux-64          Cached
  + tk                      8.6.11  h27826a3_1              conda-forge/linux-64          Cached
  + tzdata                   2021d  he74cb21_0              conda-forge/noarch            Cached
  + wheel                   0.37.0  pyhd8ed1ab_1            conda-forge/noarch            Cached
  + xz                       5.2.5  h516909a_1              conda-forge/linux-64          Cached
  + zlib                    1.2.11  h36c2ea0_1013           conda-forge/linux-64          Cached

  Summary:

  Install: 53 packages

  Total download: 110 MB

──────────────────────────────────────────────────────────────────────────────────────────────────


## Package Plan ##

  environment location: /home/vsts/conda/conda-bld/mnnpy_1634767267691/_test_env_placehold_placehold_placehold_placehold_placehold_placehold_placehold_placehold_placehold_placehold_placehold_placehold_placehold_placehold_placehold_placehold_placehold_placehold_placehold_placeh


The following NEW packages will be INSTALLED:

    _libgcc_mutex:    0.1-conda_forge              conda-forge            
    _openmp_mutex:    4.5-1_gnu                    conda-forge            
    anndata:          0.7.6-py39hf3d152e_0         conda-forge            
    c-ares:           1.17.2-h7f98852_0            conda-forge            
    ca-certificates:  2021.10.8-ha878542_0         conda-forge            
    cached-property:  1.5.2-hd8ed1ab_1             conda-forge            
    cached_property:  1.5.2-pyha770c72_1           conda-forge            
    h5py:             3.4.0-nompi_py39h7e08c79_101 conda-forge            
    hdf5:             1.12.1-nompi_h7f166f4_101    conda-forge            
    krb5:             1.19.2-h48eae69_2            conda-forge            
    ld_impl_linux-64: 2.36.1-hea4e1c9_2            conda-forge            
    libblas:          3.9.0-12_linux64_openblas    conda-forge            
    libcblas:         3.9.0-12_linux64_openblas    conda-forge            
    libcurl:          7.79.1-h494985f_1            conda-forge            
    libedit:          3.1.20191231-he28a2e2_2      conda-forge            
    libev:            4.33-h516909a_1              conda-forge            
    libffi:           3.4.2-h9c3ff4c_4             conda-forge            
    libgcc-ng:        11.2.0-h1d223b6_11           conda-forge            
    libgfortran-ng:   11.2.0-h69a702a_11           conda-forge            
    libgfortran5:     11.2.0-h5c6108e_11           conda-forge            
    libgomp:          11.2.0-h1d223b6_11           conda-forge            
    liblapack:        3.9.0-12_linux64_openblas    conda-forge            
    libllvm11:        11.1.0-hf817b99_2            conda-forge            
    libnghttp2:       1.43.0-ha19adfc_1            conda-forge            
    libopenblas:      0.3.18-pthreads_h8fe5266_0   conda-forge            
    libssh2:          1.10.0-ha35d2d1_2            conda-forge            
    libstdcxx-ng:     11.2.0-he4da1e4_11           conda-forge            
    libzlib:          1.2.11-h36c2ea0_1013         conda-forge            
    llvmlite:         0.37.0-py39h1bbdace_0        conda-forge            
    mnnpy:            0.1.9.5-py39h38f01e4_2       file:///tmp/tmpktqt79ri
    natsort:          7.1.1-pyhd8ed1ab_0           conda-forge            
    ncurses:          6.2-h58526e2_4               conda-forge            
    numba:            0.54.1-py39h56b8d98_0        conda-forge            
    numpy:            1.20.3-py39hdbf815f_1        conda-forge            
    openssl:          3.0.0-h7f98852_1             conda-forge            
    packaging:        21.0-pyhd8ed1ab_0            conda-forge            
    pandas:           1.3.4-py39hde0f152_0         conda-forge            
    pip:              21.3-pyhd8ed1ab_0            conda-forge            
    pyparsing:        2.4.7-pyh9f0ad1d_0           conda-forge            
    python:           3.9.7-hf930737_3_cpython     conda-forge            
    python-dateutil:  2.8.2-pyhd8ed1ab_0           conda-forge            
    python_abi:       3.9-2_cp39                   conda-forge            
    pytz:             2021.3-pyhd8ed1ab_0          conda-forge            
    readline:         8.1-h46c0cb4_0               conda-forge            
    scipy:            1.7.1-py39hee8e79c_0         conda-forge            
    setuptools:       58.2.0-py39hf3d152e_0        conda-forge            
    six:              1.16.0-pyh6c4a22f_0          conda-forge            
    sqlite:           3.36.0-h9cd32fc_2            conda-forge            
    tk:               8.6.11-h27826a3_1            conda-forge            
    tzdata:           2021d-he74cb21_0             conda-forge            
    wheel:            0.37.0-pyhd8ed1ab_1          conda-forge            
    xz:               5.2.5-h516909a_1             conda-forge            
    zlib:             1.2.11-h36c2ea0_1013         conda-forge            

Preparing transaction: ...working... done
Verifying transaction: ...working... done
Executing transaction: ...working... done
export PREFIX=/home/vsts/conda/conda-bld/mnnpy_1634767267691/_test_env_placehold_placehold_placehold_placehold_placehold_placehold_placehold_placehold_placehold_placehold_placehold_placehold_placehold_placehold_placehold_placehold_placehold_placehold_placehold_placeh
export SRC_DIR=/home/vsts/conda/conda-bld/mnnpy_1634767267691/test_tmp

Leaving build/test directories:
  Work:
 /home/vsts/conda/conda-bld/work 
  Test:
 /home/vsts/conda/conda-bld/test_tmp 
Leaving build/test environments:
  Test:
source activate  /home/vsts/conda/conda-bld/_test_env_placehold_placehold_placehold_placehold_placehold_placehold_placehold_placehold_placehold_placehold_placehold_placehold_placehold_placehold_placehold_placehold_placehold_placehold_placehold_placehold_placehold_placeh 
  Build:
source activate  /home/vsts/conda/conda-bld/_build_env 


