Updating build index: /Users/runner/conda/conda-bld

TEST START: /var/folders/24/8k48jl6d249_n_qfxwsl6xvm0000gn/T/tmp_5u174bo/noarch/staphb_toolkit-1.3.6-pyhdfd78af_0.tar.bz2
Reloading output folder: /Users/runner/conda/conda-bld
Mamba failed to solve:
 - staphb_toolkit 1.3.6.* pyhdfd78af_0
 - docker-py >=4.1.0
 - openjdk
 - pexpect >=4.8
 - psutil >=5.6.3
 - python >=3.6
 - spython >=0.0.73
 - singularity
 - python

with channels:
 - file:///var/folders/24/8k48jl6d249_n_qfxwsl6xvm0000gn/T/tmp_5u174bo

The reported errors are:
- Encountered problems while solving:
-   - nothing provides requested singularity
- 

Leaving build/test directories:
  Work:
 /Users/runner/conda/conda-bld/work 
  Test:
 /Users/runner/conda/conda-bld/test_tmp 
Leaving build/test environments:
  Test:
source activate  /Users/runner/conda/conda-bld/_test_env_placehold_placehold_placehold_placehold_placehold_placehold_placehold_placehold_placehold_placehold_placehold_placehold_placehold_placehold_placehold_placehold_placehold_placehold_placehold_placehold_placehold_pla 
  Build:
source activate  /Users/runner/conda/conda-bld/_build_env 


