Updating build index: /home/vsts/conda/conda-bld

TEST START: /tmp/tmpvgdw54j8/noarch/card_trick-0.2.1-py_0.tar.bz2
Adding in variants from internal_defaults
Adding in variants from /tmp/tmp58vjmzex/info/recipe/conda_build_config.yaml
Reloading output folder: /home/vsts/conda/conda-bld

## Package Plan ##

  environment location: /home/vsts/conda/conda-bld/card_trick_1636770557859/_test_env_placehold_placehold_placehold_placehold_placehold_placehold_placehold_placehold_placehold_placehold_placehold_placehold_placehold_placehold_placehold_placehold_placehold_placehold_placehold_p


The following NEW packages will be INSTALLED:

    _libgcc_mutex:      0.1-conda_forge            conda-forge            
    _openmp_mutex:      4.5-1_gnu                  conda-forge            
    brotlipy:           0.7.0-py310h6acc77f_1003   conda-forge            
    bzip2:              1.0.8-h7f98852_4           conda-forge            
    ca-certificates:    2021.10.8-ha878542_0       conda-forge            
    card_trick:         0.2.1-py_0                 file:///tmp/tmpvgdw54j8
    certifi:            2021.10.8-py310hff52083_1  conda-forge            
    cffi:               1.15.0-py310h0fdd8cc_0     conda-forge            
    chardet:            4.0.0-py310hff52083_2      conda-forge            
    charset-normalizer: 2.0.0-pyhd8ed1ab_0         conda-forge            
    cryptography:       35.0.0-py310h685ca39_2     conda-forge            
    idna:               3.1-pyhd3deb0d_0           conda-forge            
    ld_impl_linux-64:   2.36.1-hea4e1c9_2          conda-forge            
    libblas:            3.9.0-12_linux64_openblas  conda-forge            
    libcblas:           3.9.0-12_linux64_openblas  conda-forge            
    libffi:             3.4.2-h7f98852_5           conda-forge            
    libgcc-ng:          11.2.0-h1d223b6_11         conda-forge            
    libgfortran-ng:     11.2.0-h69a702a_11         conda-forge            
    libgfortran5:       11.2.0-h5c6108e_11         conda-forge            
    libgomp:            11.2.0-h1d223b6_11         conda-forge            
    liblapack:          3.9.0-12_linux64_openblas  conda-forge            
    libnsl:             2.0.0-h7f98852_0           conda-forge            
    libopenblas:        0.3.18-pthreads_h8fe5266_0 conda-forge            
    libstdcxx-ng:       11.2.0-he4da1e4_11         conda-forge            
    libuuid:            2.32.1-h7f98852_1000       conda-forge            
    libzlib:            1.2.11-h36c2ea0_1013       conda-forge            
    ncurses:            6.2-h58526e2_4             conda-forge            
    numpy:              1.21.4-py310h57288b1_0     conda-forge            
    openssl:            1.1.1l-h7f98852_0          conda-forge            
    pandas:             1.3.4-py310hb5077e9_1      conda-forge            
    pip:                21.3.1-pyhd8ed1ab_0        conda-forge            
    pronto:             0.12.2-py_0                bioconda               
    pycparser:          2.21-pyhd8ed1ab_0          conda-forge            
    pyopenssl:          21.0.0-pyhd8ed1ab_0        conda-forge            
    pysocks:            1.7.1-py310hff52083_4      conda-forge            
    python:             3.10.0-h62f1059_2_cpython  conda-forge            
    python-dateutil:    2.8.2-pyhd8ed1ab_0         conda-forge            
    python_abi:         3.10-2_cp310               conda-forge            
    pytz:               2021.3-pyhd8ed1ab_0        conda-forge            
    readline:           8.1-h46c0cb4_0             conda-forge            
    requests:           2.26.0-pyhd8ed1ab_0        conda-forge            
    setuptools:         58.5.3-py310hff52083_0     conda-forge            
    six:                1.16.0-pyh6c4a22f_0        conda-forge            
    sqlite:             3.36.0-h9cd32fc_2          conda-forge            
    tk:                 8.6.11-h27826a3_1          conda-forge            
    tzdata:             2021e-he74cb21_0           conda-forge            
    urllib3:            1.26.7-pyhd8ed1ab_0        conda-forge            
    wheel:              0.37.0-pyhd8ed1ab_1        conda-forge            
    xz:                 5.2.5-h516909a_1           conda-forge            
    zlib:               1.2.11-h36c2ea0_1013       conda-forge            

Preparing transaction: ...working... done
Verifying transaction: ...working... done
Executing transaction: ...working... done
export PREFIX=/home/vsts/conda/conda-bld/card_trick_1636770557859/_test_env_placehold_placehold_placehold_placehold_placehold_placehold_placehold_placehold_placehold_placehold_placehold_placehold_placehold_placehold_placehold_placehold_placehold_placehold_placehold_p
export SRC_DIR=/home/vsts/conda/conda-bld/card_trick_1636770557859/test_tmp
import: 'card_trick'

Leaving build/test directories:
  Work:
 /home/vsts/conda/conda-bld/work 
  Test:
 /home/vsts/conda/conda-bld/test_tmp 
Leaving build/test environments:
  Test:
source activate  /home/vsts/conda/conda-bld/_test_env_placehold_placehold_placehold_placehold_placehold_placehold_placehold_placehold_placehold_placehold_placehold_placehold_placehold_placehold_placehold_placehold_placehold_placehold_placehold_placehold_placehold_placeh 
  Build:
source activate  /home/vsts/conda/conda-bld/_build_env 


