Updating build index: /Users/runner/conda/conda-bld

TEST START: /var/folders/24/8k48jl6d249_n_qfxwsl6xvm0000gn/T/tmpn4w1cl5d/osx-64/cgcloud-lib-1.6.0-py27_2.tar.bz2
Adding in variants from internal_defaults
Adding in variants from /var/folders/24/8k48jl6d249_n_qfxwsl6xvm0000gn/T/tmpw02xhv1p/info/recipe/conda_build_config.yaml
Reloading output folder: /Users/runner/conda/conda-bld

## Package Plan ##

  environment location: /Users/runner/conda/conda-bld/cgcloud-lib_1636290672257/_test_env_placehold_placehold_placehold_placehold_placehold_placehold_placehold_placehold_placehold_placehold_placehold_placehold_placehold_placehold_placehold_placehold_placehold_placehold_placeho


The following NEW packages will be INSTALLED:

    bd2k-python-lib: 1.14a1.dev48-pyh864c0ab_2    bioconda                                                           
    boto:            2.49.0-py_0                  conda-forge                                                        
    ca-certificates: 2021.10.8-h033912b_0         conda-forge                                                        
    certifi:         2019.11.28-py27h8c360ce_1    conda-forge                                                        
    cgcloud-lib:     1.6.0-py27_2                 file:///var/folders/24/8k48jl6d249_n_qfxwsl6xvm0000gn/T/tmpn4w1cl5d
    libcxx:          12.0.1-habf9029_0            conda-forge                                                        
    libffi:          3.2.1-hb1e8313_1007          conda-forge                                                        
    libzlib:         1.2.11-h9173be1_1013         conda-forge                                                        
    ncurses:         6.2-h2e338ed_4               conda-forge                                                        
    openssl:         1.1.1l-h0d85af4_0            conda-forge                                                        
    pip:             20.1.1-pyh9f0ad1d_0          conda-forge                                                        
    python:          2.7.15-h8e446fc_1011_cpython conda-forge                                                        
    python_abi:      2.7-1_cp27m                  conda-forge                                                        
    readline:        8.1-h05e3726_0               conda-forge                                                        
    setuptools:      44.0.0-py27_0                conda-forge                                                        
    sqlite:          3.36.0-h23a322b_2            conda-forge                                                        
    tk:              8.6.11-h5dbffcc_1            conda-forge                                                        
    wheel:           0.37.0-pyhd8ed1ab_1          conda-forge                                                        
    zlib:            1.2.11-h9173be1_1013         conda-forge                                                        

Preparing transaction: ...working... done
Verifying transaction: ...working... done
Executing transaction: ...working... done
export PREFIX=/Users/runner/conda/conda-bld/cgcloud-lib_1636290672257/_test_env_placehold_placehold_placehold_placehold_placehold_placehold_placehold_placehold_placehold_placehold_placehold_placehold_placehold_placehold_placehold_placehold_placehold_placehold_placeho
export SRC_DIR=/Users/runner/conda/conda-bld/cgcloud-lib_1636290672257/test_tmp
import: 'cgcloud'
import: 'cgcloud.lib'

Leaving build/test directories:
  Work:
 /Users/runner/conda/conda-bld/work 
  Test:
 /Users/runner/conda/conda-bld/test_tmp 
Leaving build/test environments:
  Test:
source activate  /Users/runner/conda/conda-bld/_test_env_placehold_placehold_placehold_placehold_placehold_placehold_placehold_placehold_placehold_placehold_placehold_placehold_placehold_placehold_placehold_placehold_placehold_placehold_placehold_placehold_placehold_pla 
  Build:
source activate  /Users/runner/conda/conda-bld/_build_env 


