Updating build index: /Users/runner/conda/conda-bld

TEST START: /var/folders/24/8k48jl6d249_n_qfxwsl6xvm0000gn/T/tmp7ut7l6z1/noarch/trtools-4.0.0-pyh7552e34_2.tar.bz2
Reloading output folder: /Users/runner/conda/conda-bld
  Package                 Version  Build               Channel                                                                   Size
───────────────────────────────────────────────────────────────────────────────────────────────────────────────────────────────────────
  Install:
───────────────────────────────────────────────────────────────────────────────────────────────────────────────────────────────────────

  + attrs                  21.2.0  pyhd8ed1ab_0        conda-forge/noarch                                                      Cached
  + bcftools                 1.13  h450d709_0          bioconda/osx-64                                                         789 KB
  + bedtools               2.30.0  haa7f73a_2          bioconda/osx-64                                                         807 KB
  + bzip2                   1.0.8  h0d85af4_4          conda-forge/osx-64                                                      Cached
  + c-ares                 1.17.2  h0d85af4_0          conda-forge/osx-64                                                      Cached
  + ca-certificates     2021.10.8  h033912b_0          conda-forge/osx-64                                                      Cached
  + certifi             2021.10.8  py39h6e9494a_0      conda-forge/osx-64                                                      Cached
  + click                   8.0.3  py39h6e9494a_0      conda-forge/osx-64                                                      146 KB
  + coloredlogs            15.0.1  py39h6e9494a_1      conda-forge/osx-64                                                       63 KB
  + curl                   7.79.1  hf45b732_1          conda-forge/osx-64                                                      Cached
  + cycler                 0.10.0  py_2                conda-forge/noarch                                                        9 KB
  + cyvcf2                0.30.11  py39h967de6e_2      bioconda/osx-64                                                         894 KB
  + expat                   2.4.1  he49afe7_0          conda-forge/osx-64                                                      Cached
  + freetype               2.10.4  h4cff582_1          conda-forge/osx-64                                                      Cached
  + gettext              0.19.8.1  hd1a6beb_1008       conda-forge/osx-64                                                      Cached
  + git                    2.33.1  pl5321h9a53687_0    conda-forge/osx-64                                                       13 MB
  + gsl                       2.6  h71c5fe9_2          conda-forge/osx-64                                                      Cached
  + htslib                   1.13  hc38c3fb_0          bioconda/osx-64                                                           2 MB
  + humanfriendly            10.0  py39h6e9494a_0      conda-forge/osx-64                                                      119 KB
  + iniconfig               1.1.1  pyh9f0ad1d_0        conda-forge/noarch                                                        8 KB
  + jbig                      2.1  h0d85af4_2003       conda-forge/osx-64                                                      Cached
  + joblib                  1.1.0  pyhd8ed1ab_0        conda-forge/noarch                                                      Cached
  + jpeg                       9d  hbcb3906_0          conda-forge/osx-64                                                      Cached
  + kiwisolver              1.3.2  py39hf018cea_0      conda-forge/osx-64                                                       59 KB
  + krb5                   1.19.2  hcfbf3a7_2          conda-forge/osx-64                                                      Cached
  + lcms2                    2.12  h577c468_0          conda-forge/osx-64                                                      Cached
  + lerc                    2.2.1  h046ec9c_0          conda-forge/osx-64                                                      164 KB
  + libblas                 3.9.0  12_osx64_openblas   conda-forge/osx-64                                                      Cached
  + libcblas                3.9.0  12_osx64_openblas   conda-forge/osx-64                                                      Cached
  + libcurl                7.79.1  hf45b732_1          conda-forge/osx-64                                                      Cached
  + libcxx                 12.0.1  habf9029_0          conda-forge/osx-64                                                      Cached
  + libdeflate                1.7  h35c211d_5          conda-forge/osx-64                                                       67 KB
  + libedit          3.1.20191231  h0678c8f_2          conda-forge/osx-64                                                      Cached
  + libev                    4.33  haf1e3a3_1          conda-forge/osx-64                                                      Cached
  + libffi                  3.4.2  he49afe7_4          conda-forge/osx-64                                                      Cached
  + libgfortran             5.0.0  9_3_0_h6c81a4c_23   conda-forge/osx-64                                                      Cached
  + libgfortran5            9.3.0  h6c81a4c_23         conda-forge/osx-64                                                      Cached
  + libiconv                 1.16  haf1e3a3_0          conda-forge/osx-64                                                      Cached
  + liblapack               3.9.0  12_osx64_openblas   conda-forge/osx-64                                                      Cached
  + libnghttp2             1.43.0  h6f36284_1          conda-forge/osx-64                                                      Cached
  + libopenblas            0.3.18  openmp_h3351f45_0   conda-forge/osx-64                                                      Cached
  + libpng                 1.6.37  h7cec526_2          conda-forge/osx-64                                                      Cached
  + libssh2                1.10.0  h52ee1ee_2          conda-forge/osx-64                                                      Cached
  + libtiff                 4.3.0  h1167814_1          conda-forge/osx-64                                                      621 KB
  + libwebp-base            1.2.1  h0d85af4_0          conda-forge/osx-64                                                      Cached
  + libzlib                1.2.11  h9173be1_1013       conda-forge/osx-64                                                      Cached
  + llvm-openmp            12.0.1  hda6cdc1_1          conda-forge/osx-64                                                      Cached
  + lz4-c                   1.9.3  he49afe7_1          conda-forge/osx-64                                                      Cached
  + matplotlib-base         3.4.3  py39hb07454d_1      conda-forge/osx-64                                                        7 MB
  + more-itertools         8.10.0  pyhd8ed1ab_0        conda-forge/noarch                                                       44 KB
  + ncurses                   6.2  h2e338ed_4          conda-forge/osx-64                                                      Cached
  + numpy                  1.21.3  py39h7eed0ac_0      conda-forge/osx-64                                                      Cached
  + olefile                  0.46  pyh9f0ad1d_1        conda-forge/noarch                                                      Cached
  + openjpeg                2.4.0  h6e7aa92_1          conda-forge/osx-64                                                      Cached
  + openssl                1.1.1l  h0d85af4_0          conda-forge/osx-64                                                      Cached
  + packaging                21.0  pyhd8ed1ab_0        conda-forge/noarch                                                       35 KB
  + pandas                  1.3.4  py39h4d6be9b_0      conda-forge/osx-64                                                      Cached
  + pcre2                   10.37  ha16e1b2_0          conda-forge/osx-64                                                      Cached
  + perl                   5.32.1  1_h0d85af4_perl5    conda-forge/osx-64                                                       13 MB
  + pillow                  8.3.2  py39he9bb72f_0      conda-forge/osx-64                                                      Cached
  + pip                      21.3  pyhd8ed1ab_0        conda-forge/noarch                                                      Cached
  + pluggy                  1.0.0  py39h6e9494a_1      conda-forge/osx-64                                                       25 KB
  + py                     1.10.0  pyhd3deb0d_0        conda-forge/noarch                                                       73 KB
  + pybedtools              0.8.2  py39h33336d3_1      bioconda/osx-64                                                          12 MB
  + pyparsing               2.4.7  pyh9f0ad1d_0        conda-forge/noarch                                                       60 KB
  + pysam                  0.17.0  py39h56703ae_0      bioconda/osx-64                                                           2 MB
  + pytest                  6.2.5  py39h6e9494a_0      conda-forge/osx-64                                                      432 KB
  + python                  3.9.7  h1248fe1_3_cpython  conda-forge/osx-64                                                      Cached
  + python-dateutil         2.8.2  pyhd8ed1ab_0        conda-forge/noarch                                                      Cached
  + python_abi                3.9  2_cp39              conda-forge/osx-64                                                      Cached
  + pytz                   2021.3  pyhd8ed1ab_0        conda-forge/noarch                                                      Cached
  + readline                  8.1  h05e3726_0          conda-forge/osx-64                                                      Cached
  + scikit-learn              1.0  py39hd2caeff_1      conda-forge/osx-64                                                        7 MB
  + scipy                   1.7.1  py39h056f1c0_0      conda-forge/osx-64                                                       20 MB
  + setuptools             58.2.0  py39h6e9494a_0      conda-forge/osx-64                                                      Cached
  + six                    1.16.0  pyh6c4a22f_0        conda-forge/noarch                                                      Cached
  + sqlite                 3.36.0  h23a322b_2          conda-forge/osx-64                                                      Cached
  + threadpoolctl           3.0.0  pyh8a188c0_0        conda-forge/noarch                                                       17 KB
  + tk                     8.6.11  h5dbffcc_1          conda-forge/osx-64                                                      Cached
  + toml                   0.10.2  pyhd8ed1ab_0        conda-forge/noarch                                                       18 KB
  + tornado                   6.1  py39h89e85a6_1      conda-forge/osx-64                                                      645 KB
  + trtools                 4.0.0  pyh7552e34_2        /var/folders/24/8k48jl6d249_n_qfxwsl6xvm0000gn/T/tmp7ut7l6z1/noarch      78 KB
  + tzdata                  2021d  he74cb21_0          conda-forge/noarch                                                      Cached
  + wheel                  0.37.0  pyhd8ed1ab_1        conda-forge/noarch                                                      Cached
  + xz                      5.2.5  haf1e3a3_1          conda-forge/osx-64                                                      Cached
  + zlib                   1.2.11  h9173be1_1013       conda-forge/osx-64                                                      Cached
  + zstd                    1.5.0  h582d3a0_0          conda-forge/osx-64                                                      Cached

  Summary:

  Install: 87 packages

  Total download: 82 MB

───────────────────────────────────────────────────────────────────────────────────────────────────────────────────────────────────────


## Package Plan ##

  environment location: /Users/runner/conda/conda-bld/trtools_1634911746238/_test_env_placehold_placehold_placehold_placehold_placehold_placehold_placehold_placehold_placehold_placehold_placehold_placehold_placehold_placehold_placehold_placehold_placehold_placehold_placehold_p


The following NEW packages will be INSTALLED:

    attrs:           21.2.0-pyhd8ed1ab_0      conda-forge                                                        
    bcftools:        1.13-h450d709_0          bioconda                                                           
    bedtools:        2.30.0-haa7f73a_2        bioconda                                                           
    bzip2:           1.0.8-h0d85af4_4         conda-forge                                                        
    c-ares:          1.17.2-h0d85af4_0        conda-forge                                                        
    ca-certificates: 2021.10.8-h033912b_0     conda-forge                                                        
    certifi:         2021.10.8-py39h6e9494a_0 conda-forge                                                        
    click:           8.0.3-py39h6e9494a_0     conda-forge                                                        
    coloredlogs:     15.0.1-py39h6e9494a_1    conda-forge                                                        
    curl:            7.79.1-hf45b732_1        conda-forge                                                        
    cycler:          0.10.0-py_2              conda-forge                                                        
    cyvcf2:          0.30.11-py39h967de6e_2   bioconda                                                           
    expat:           2.4.1-he49afe7_0         conda-forge                                                        
    freetype:        2.10.4-h4cff582_1        conda-forge                                                        
    gettext:         0.19.8.1-hd1a6beb_1008   conda-forge                                                        
    git:             2.33.1-pl5321h9a53687_0  conda-forge                                                        
    gsl:             2.6-h71c5fe9_2           conda-forge                                                        
    htslib:          1.13-hc38c3fb_0          bioconda                                                           
    humanfriendly:   10.0-py39h6e9494a_0      conda-forge                                                        
    iniconfig:       1.1.1-pyh9f0ad1d_0       conda-forge                                                        
    jbig:            2.1-h0d85af4_2003        conda-forge                                                        
    joblib:          1.1.0-pyhd8ed1ab_0       conda-forge                                                        
    jpeg:            9d-hbcb3906_0            conda-forge                                                        
    kiwisolver:      1.3.2-py39hf018cea_0     conda-forge                                                        
    krb5:            1.19.2-hcfbf3a7_2        conda-forge                                                        
    lcms2:           2.12-h577c468_0          conda-forge                                                        
    lerc:            2.2.1-h046ec9c_0         conda-forge                                                        
    libblas:         3.9.0-12_osx64_openblas  conda-forge                                                        
    libcblas:        3.9.0-12_osx64_openblas  conda-forge                                                        
    libcurl:         7.79.1-hf45b732_1        conda-forge                                                        
    libcxx:          12.0.1-habf9029_0        conda-forge                                                        
    libdeflate:      1.7-h35c211d_5           conda-forge                                                        
    libedit:         3.1.20191231-h0678c8f_2  conda-forge                                                        
    libev:           4.33-haf1e3a3_1          conda-forge                                                        
    libffi:          3.4.2-he49afe7_4         conda-forge                                                        
    libgfortran:     5.0.0-9_3_0_h6c81a4c_23  conda-forge                                                        
    libgfortran5:    9.3.0-h6c81a4c_23        conda-forge                                                        
    libiconv:        1.16-haf1e3a3_0          conda-forge                                                        
    liblapack:       3.9.0-12_osx64_openblas  conda-forge                                                        
    libnghttp2:      1.43.0-h6f36284_1        conda-forge                                                        
    libopenblas:     0.3.18-openmp_h3351f45_0 conda-forge                                                        
    libpng:          1.6.37-h7cec526_2        conda-forge                                                        
    libssh2:         1.10.0-h52ee1ee_2        conda-forge                                                        
    libtiff:         4.3.0-h1167814_1         conda-forge                                                        
    libwebp-base:    1.2.1-h0d85af4_0         conda-forge                                                        
    libzlib:         1.2.11-h9173be1_1013     conda-forge                                                        
    llvm-openmp:     12.0.1-hda6cdc1_1        conda-forge                                                        
    lz4-c:           1.9.3-he49afe7_1         conda-forge                                                        
    matplotlib-base: 3.4.3-py39hb07454d_1     conda-forge                                                        
    more-itertools:  8.10.0-pyhd8ed1ab_0      conda-forge                                                        
    ncurses:         6.2-h2e338ed_4           conda-forge                                                        
    numpy:           1.21.3-py39h7eed0ac_0    conda-forge                                                        
    olefile:         0.46-pyh9f0ad1d_1        conda-forge                                                        
    openjpeg:        2.4.0-h6e7aa92_1         conda-forge                                                        
    openssl:         1.1.1l-h0d85af4_0        conda-forge                                                        
    packaging:       21.0-pyhd8ed1ab_0        conda-forge                                                        
    pandas:          1.3.4-py39h4d6be9b_0     conda-forge                                                        
    pcre2:           10.37-ha16e1b2_0         conda-forge                                                        
    perl:            5.32.1-1_h0d85af4_perl5  conda-forge                                                        
    pillow:          8.3.2-py39he9bb72f_0     conda-forge                                                        
    pip:             21.3-pyhd8ed1ab_0        conda-forge                                                        
    pluggy:          1.0.0-py39h6e9494a_1     conda-forge                                                        
    py:              1.10.0-pyhd3deb0d_0      conda-forge                                                        
    pybedtools:      0.8.2-py39h33336d3_1     bioconda                                                           
    pyparsing:       2.4.7-pyh9f0ad1d_0       conda-forge                                                        
    pysam:           0.17.0-py39h56703ae_0    bioconda                                                           
    pytest:          6.2.5-py39h6e9494a_0     conda-forge                                                        
    python:          3.9.7-h1248fe1_3_cpython conda-forge                                                        
    python-dateutil: 2.8.2-pyhd8ed1ab_0       conda-forge                                                        
    python_abi:      3.9-2_cp39               conda-forge                                                        
    pytz:            2021.3-pyhd8ed1ab_0      conda-forge                                                        
    readline:        8.1-h05e3726_0           conda-forge                                                        
    scikit-learn:    1.0-py39hd2caeff_1       conda-forge                                                        
    scipy:           1.7.1-py39h056f1c0_0     conda-forge                                                        
    setuptools:      58.2.0-py39h6e9494a_0    conda-forge                                                        
    six:             1.16.0-pyh6c4a22f_0      conda-forge                                                        
    sqlite:          3.36.0-h23a322b_2        conda-forge                                                        
    threadpoolctl:   3.0.0-pyh8a188c0_0       conda-forge                                                        
    tk:              8.6.11-h5dbffcc_1        conda-forge                                                        
    toml:            0.10.2-pyhd8ed1ab_0      conda-forge                                                        
    tornado:         6.1-py39h89e85a6_1       conda-forge                                                        
    trtools:         4.0.0-pyh7552e34_2       file:///var/folders/24/8k48jl6d249_n_qfxwsl6xvm0000gn/T/tmp7ut7l6z1
    tzdata:          2021d-he74cb21_0         conda-forge                                                        
    wheel:           0.37.0-pyhd8ed1ab_1      conda-forge                                                        
    xz:              5.2.5-haf1e3a3_1         conda-forge                                                        
    zlib:            1.2.11-h9173be1_1013     conda-forge                                                        
    zstd:            1.5.0-h582d3a0_0         conda-forge                                                        

Preparing transaction: ...working... done
Verifying transaction: ...working... done
Executing transaction: ...working... done
