Updating build index: /Users/runner/conda/conda-bld

TEST START: /var/folders/24/8k48jl6d249_n_qfxwsl6xvm0000gn/T/tmpm62sk2s_/noarch/bioconductor-htsanalyzer-2.38.0-r36_0.tar.bz2
Adding in variants from internal_defaults
Adding in variants from /var/folders/24/8k48jl6d249_n_qfxwsl6xvm0000gn/T/tmpvxpq_79a/info/recipe/conda_build_config.yaml
Reloading output folder: /Users/runner/conda/conda-bld
  Package                             Version  Build               Channel                                                                    Size
────────────────────────────────────────────────────────────────────────────────────────────────────────────────────────────────────────────────────
  Install:
────────────────────────────────────────────────────────────────────────────────────────────────────────────────────────────────────────────────────

  + _r-mutex                            1.0.1  anacondar_1         conda-forge/noarch                                                         3 KB
  + bioconductor-affy                  1.64.0  r36h01d97ff_0       bioconda/osx-64                                                            2 MB
  + bioconductor-affyio                1.56.0  r36h01d97ff_0       bioconda/osx-64                                                          106 KB
  + bioconductor-annotate              1.64.0  r36_0               bioconda/noarch                                                            2 MB
  + bioconductor-annotationdbi         1.48.0  r36_0               bioconda/noarch                                                            5 MB
  + bioconductor-biobase               2.46.0  r36h01d97ff_0       bioconda/osx-64                                                            2 MB
  + bioconductor-biocfilecache         1.10.0  r36_0               bioconda/noarch                                                          504 KB
  + bioconductor-biocgenerics          0.32.0  r36_0               bioconda/noarch                                                          691 KB
  + bioconductor-biomart               2.42.0  r36_0               bioconda/noarch                                                          613 KB
  + bioconductor-bionet                1.46.0  r36_0               bioconda/noarch                                                            1 MB
  + bioconductor-category              2.52.0  r36_0               bioconda/noarch                                                            1 MB
  + bioconductor-cellhts2              2.50.0  r36_0               bioconda/noarch                                                            4 MB
  + bioconductor-genefilter            1.68.0  r36hfcebdee_0       bioconda/osx-64                                                            2 MB
  + bioconductor-graph                 1.64.0  r36h01d97ff_0       bioconda/osx-64                                                            2 MB
  + bioconductor-gseabase              1.48.0  r36_0               bioconda/noarch                                                         1004 KB
  + bioconductor-htsanalyzer           2.38.0  r36_0               /var/folders/24/8k48jl6d249_n_qfxwsl6xvm0000gn/T/tmpm62sk2s_/noarch        3 MB
  + bioconductor-iranges               2.20.0  r36h01d97ff_0       bioconda/osx-64                                                            2 MB
  + bioconductor-limma                 3.42.0  r36h01d97ff_0       bioconda/osx-64                                                            3 MB
  + bioconductor-prada                 1.62.0  r36h01d97ff_0       bioconda/osx-64                                                          985 KB
  + bioconductor-preprocesscore        1.48.0  r36h01d97ff_0       bioconda/osx-64                                                          195 KB
  + bioconductor-rankprod              3.12.0  r36_0               bioconda/noarch                                                          650 KB
  + bioconductor-rbgl                  1.62.1  r36h6de7cb9_0       bioconda/osx-64                                                            3 MB
  + bioconductor-s4vectors             0.24.0  r36h01d97ff_0       bioconda/osx-64                                                            2 MB
  + bioconductor-splots                1.52.0  r36_0               bioconda/noarch                                                          155 KB
  + bioconductor-vsn                   3.54.0  r36h01d97ff_0       bioconda/osx-64                                                            2 MB
  + bioconductor-zlibbioc              1.32.0  r36h01d97ff_0       bioconda/osx-64                                                          111 KB
  + bwidget                            1.9.14  h694c41f_1          conda-forge/osx-64                                                       119 KB
  + bzip2                               1.0.8  h0d85af4_4          conda-forge/osx-64                                                       Cached
  + c-ares                             1.18.1  h0d85af4_0          conda-forge/osx-64                                                       Cached
  + ca-certificates                 2021.10.8  h033912b_0          conda-forge/osx-64                                                       Cached
  + cairo                              1.16.0  he8db5a5_1006       conda-forge/osx-64                                                         1 MB
  + cctools_osx-64                    973.0.1  h3e07e27_2          conda-forge/osx-64                                                         2 MB
  + clang                              12.0.1  h694c41f_4          conda-forge/osx-64                                                       125 KB
  + clang-12                           12.0.1  default_he082bbe_4  conda-forge/osx-64                                                       696 KB
  + clang_osx-64                       12.0.1  hb91bd55_1          conda-forge/osx-64                                                        16 KB
  + clangxx                            12.0.1  default_he082bbe_4  conda-forge/osx-64                                                       125 KB
  + clangxx_osx-64                     12.0.1  h7e1b574_1          conda-forge/osx-64                                                        15 KB
  + compiler-rt                        12.0.1  he01351e_0          conda-forge/osx-64                                                        80 KB
  + compiler-rt_osx-64                 12.0.1  hd3f61c9_0          conda-forge/noarch                                                         6 MB
  + curl                               7.76.1  h06286d4_1          conda-forge/osx-64                                                       138 KB
  + fontconfig                         2.13.1  h10f422b_1005       conda-forge/osx-64                                                       271 KB
  + freetype                           2.10.4  h4cff582_1          conda-forge/osx-64                                                       890 KB
  + fribidi                            1.0.10  hbcb3906_0          conda-forge/osx-64                                                        64 KB
  + gettext                          0.19.8.1  hd1a6beb_1008       conda-forge/osx-64                                                         3 MB
  + gfortran_impl_osx-64                7.5.0  hdadd0f8_23         conda-forge/osx-64                                                        17 MB
  + gfortran_osx-64                     7.5.0  h18f7dce_14         conda-forge/osx-64                                                        21 KB
  + gmp                                 6.2.1  h2e338ed_0          conda-forge/osx-64                                                       774 KB
  + graphite2                          1.3.13  h2e338ed_1001       conda-forge/osx-64                                                        85 KB
  + gsl                                   2.6  h71c5fe9_2          conda-forge/osx-64                                                         3 MB
  + harfbuzz                            2.7.2  h73e2de6_1          conda-forge/osx-64                                                         2 MB
  + icu                                  67.1  hb1e8313_0          conda-forge/osx-64                                                        13 MB
  + isl                                0.22.1  hb1e8313_2          conda-forge/osx-64                                                       790 KB
  + jbig                                  2.1  h0d85af4_2003       conda-forge/osx-64                                                        42 KB
  + jpeg                                   9d  hbcb3906_0          conda-forge/osx-64                                                       250 KB
  + krb5                               1.17.2  h60d9502_0          conda-forge/osx-64                                                         1 MB
  + ld64_osx-64                           609  h2487922_2          conda-forge/osx-64                                                         2 MB
  + ldid                                2.1.2  h6a69015_3          conda-forge/osx-64                                                        55 KB
  + lerc                                  3.0  he49afe7_0          conda-forge/osx-64                                                       170 KB
  + libblas                             3.9.0  8_openblas          conda-forge/osx-64                                                        11 KB
  + libcblas                            3.9.0  8_openblas          conda-forge/osx-64                                                        11 KB
  + libclang-cpp12                     12.0.1  default_he082bbe_4  conda-forge/osx-64                                                        13 MB
  + libcurl                            7.76.1  h8ef9fac_1          conda-forge/osx-64                                                       309 KB
  + libcxx                             12.0.1  habf9029_0          conda-forge/osx-64                                                       Cached
  + libdeflate                            1.8  h0d85af4_0          conda-forge/osx-64                                                        67 KB
  + libedit                      3.1.20191231  h0678c8f_2          conda-forge/osx-64                                                       Cached
  + libev                                4.33  haf1e3a3_1          conda-forge/osx-64                                                       Cached
  + libffi                              3.4.2  he49afe7_4          conda-forge/osx-64                                                       Cached
  + libgfortran                         4.0.0  7_5_0_h1a10cd1_23   conda-forge/osx-64                                                        19 KB
  + libgfortran-devel_osx-64            7.5.0  h1a10cd1_23         conda-forge/noarch                                                       345 KB
  + libgfortran4                        7.5.0  h1a10cd1_23         conda-forge/osx-64                                                         1 MB
  + libglib                            2.70.0  hf1fb8c0_1          conda-forge/osx-64                                                         3 MB
  + libiconv                             1.16  haf1e3a3_0          conda-forge/osx-64                                                       Cached
  + liblapack                           3.9.0  8_openblas          conda-forge/osx-64                                                        11 KB
  + libllvm12                          12.0.1  hd011deb_2          conda-forge/osx-64                                                        24 MB
  + libnghttp2                         1.43.0  h6f36284_1          conda-forge/osx-64                                                       Cached
  + libopenblas                        0.3.12  openmp_h63d9170_1   conda-forge/osx-64                                                         9 MB
  + libpng                             1.6.37  h7cec526_2          conda-forge/osx-64                                                       313 KB
  + libssh2                            1.10.0  h52ee1ee_2          conda-forge/osx-64                                                       Cached
  + libtiff                             4.3.0  hd146c10_2          conda-forge/osx-64                                                       622 KB
  + libwebp-base                        1.2.1  h0d85af4_0          conda-forge/osx-64                                                       692 KB
  + libxml2                            2.9.10  h2c6e4a5_2          conda-forge/osx-64                                                         1 MB
  + libzlib                            1.2.11  h9173be1_1013       conda-forge/osx-64                                                       Cached
  + llvm-openmp                        12.0.1  hda6cdc1_1          conda-forge/osx-64                                                       287 KB
  + llvm-tools                         12.0.1  hd011deb_2          conda-forge/osx-64                                                        12 MB
  + lz4-c                               1.9.3  he49afe7_1          conda-forge/osx-64                                                       Cached
  + make                                  4.3  h22f3db7_1          conda-forge/osx-64                                                       249 KB
  + mpc                                 1.2.1  hbb51d92_0          conda-forge/osx-64                                                       103 KB
  + mpfr                                4.1.0  h0f52abe_1          conda-forge/osx-64                                                       400 KB
  + ncurses                               6.2  h2e338ed_4          conda-forge/osx-64                                                       Cached
  + openssl                            1.1.1l  h0d85af4_0          conda-forge/osx-64                                                       Cached
  + pango                              1.42.4  ha86e081_5          conda-forge/osx-64                                                       526 KB
  + pcre                                 8.45  he49afe7_0          conda-forge/osx-64                                                       220 KB
  + pixman                             0.40.0  hbcb3906_0          conda-forge/osx-64                                                       615 KB
  + r-askpass                             1.1  r36h28b5c78_2       conda-forge/osx-64                                                        27 KB
  + r-assertthat                        0.2.1  r36h6115d3f_2       conda-forge/noarch                                                        70 KB
  + r-backports                         1.2.1  r36h28b5c78_0       conda-forge/osx-64                                                        96 KB
  + r-base                              3.6.3  h90464e4_4          conda-forge/osx-64                                                        23 MB
  + r-bh                             1.75.0_0  r36hc72bb7e_0       conda-forge/noarch                                                        11 MB
  + r-biocmanager                     1.30.15  r36hc72bb7e_0       conda-forge/noarch                                                       341 KB
  + r-bit                               4.0.4  r36h28b5c78_0       conda-forge/osx-64                                                       623 KB
  + r-bit64                             4.0.5  r36h28b5c78_0       conda-forge/osx-64                                                       515 KB
  + r-bitops                            1.0_7  r36h28b5c78_0       conda-forge/osx-64                                                        42 KB
  + r-blob                              1.2.1  r36h6115d3f_1       conda-forge/noarch                                                        63 KB
  + r-brio                              1.1.2  r36h28b5c78_0       conda-forge/osx-64                                                        36 KB
  + r-cachem                            1.0.5  r36h28b5c78_0       conda-forge/osx-64                                                        71 KB
  + r-callr                             3.7.0  r36hc72bb7e_0       conda-forge/noarch                                                       440 KB
  + r-cli                               2.5.0  r36hc72bb7e_0       conda-forge/noarch                                                       533 KB
  + r-colorspace                        2.0_1  r36h28b5c78_0       conda-forge/osx-64                                                         3 MB
  + r-crayon                            1.4.1  r36hc72bb7e_0       conda-forge/noarch                                                       145 KB
  + r-curl                              4.3.1  r36h28b5c78_0       conda-forge/osx-64                                                       776 KB
  + r-dbi                               1.1.1  r36hc72bb7e_0       conda-forge/noarch                                                       643 KB
  + r-dbplyr                            2.1.1  r36hc72bb7e_0       conda-forge/noarch                                                       821 KB
  + r-deoptimr                          1.0_8  r36h6115d3f_1003    conda-forge/noarch                                                        56 KB
  + r-desc                              1.3.0  r36hc72bb7e_0       conda-forge/noarch                                                       547 KB
  + r-diffobj                           0.3.4  r36h28b5c78_0       conda-forge/osx-64                                                      1005 KB
  + r-digest                           0.6.27  r36h9951f98_0       conda-forge/osx-64                                                       204 KB
  + r-dplyr                             1.0.6  r36h9951f98_1       conda-forge/osx-64                                                         1 MB
  + r-ellipsis                          0.3.2  r36h28b5c78_0       conda-forge/osx-64                                                        40 KB
  + r-evaluate                           0.14  r36h6115d3f_2       conda-forge/noarch                                                        81 KB
  + r-fansi                             0.4.2  r36h28b5c78_0       conda-forge/osx-64                                                       187 KB
  + r-farver                            2.1.0  r36h9951f98_0       conda-forge/osx-64                                                         1 MB
  + r-fastmap                           1.1.0  r36h9951f98_0       conda-forge/osx-64                                                        68 KB
  + r-generics                          0.1.0  r36hc72bb7e_0       conda-forge/noarch                                                        83 KB
  + r-ggplot2                           3.3.3  r36hc72bb7e_0       conda-forge/noarch                                                         4 MB
  + r-glue                              1.4.2  r36h066c5db_0       conda-forge/osx-64                                                       139 KB
  + r-gmp                               0.6_2  r36h815b84a_0       conda-forge/osx-64                                                       317 KB
  + r-gtable                            0.3.0  r36h6115d3f_3       conda-forge/noarch                                                       423 KB
  + r-hms                               1.1.0  r36hc72bb7e_0       conda-forge/noarch                                                       106 KB
  + r-httr                              1.4.2  r36h6115d3f_0       conda-forge/noarch                                                       493 KB
  + r-hwriter                           1.3.2  r36h6115d3f_1003    conda-forge/noarch                                                       173 KB
  + r-igraph                            1.2.6  r36h32dcd36_1       conda-forge/osx-64                                                         4 MB
  + r-isoband                           0.2.4  r36h9951f98_0       conda-forge/osx-64                                                         2 MB
  + r-jsonlite                          1.7.2  r36h066c5db_0       conda-forge/osx-64                                                       458 KB
  + r-labeling                          0.4.2  r36h142f84f_0       conda-forge/noarch                                                        67 KB
  + r-lattice                         0.20_44  r36h28b5c78_0       conda-forge/osx-64                                                         1 MB
  + r-lifecycle                         1.0.0  r36hc72bb7e_0       conda-forge/noarch                                                        97 KB
  + r-locfit                          1.5_9.4  r36h17f1fa6_1       conda-forge/osx-64                                                       577 KB
  + r-magrittr                          2.0.1  r36h066c5db_1       conda-forge/osx-64                                                       209 KB
  + r-mass                             7.3_54  r36h28b5c78_0       conda-forge/osx-64                                                         1 MB
  + r-matrix                            1.3_3  r36hc2c5f09_0       conda-forge/osx-64                                                         4 MB
  + r-memoise                           2.0.0  r36hc72bb7e_0       conda-forge/noarch                                                        56 KB
  + r-mgcv                             1.8_35  r36hc2c5f09_0       conda-forge/osx-64                                                         3 MB
  + r-mime                               0.10  r36hf6ff476_0       conda-forge/osx-64                                                        50 KB
  + r-munsell                           0.5.0  r36h6115d3f_1003    conda-forge/noarch                                                       246 KB
  + r-mvtnorm                           1.1_1  r36ha752707_1       conda-forge/osx-64                                                       240 KB
  + r-nlme                            3.1_150  r36ha752707_0       conda-forge/osx-64                                                         2 MB
  + r-openssl                           1.4.4  r36hd95e000_0       conda-forge/osx-64                                                         1 MB
  + r-pcapp                            1.9_74  r36he5a6823_0       conda-forge/osx-64                                                       397 KB
  + r-pillar                            1.6.1  r36hc72bb7e_0       conda-forge/noarch                                                       970 KB
  + r-pkgconfig                         2.0.3  r36h6115d3f_1       conda-forge/noarch                                                        24 KB
  + r-pkgload                           1.2.1  r36h9951f98_0       conda-forge/osx-64                                                       169 KB
  + r-plogr                             0.2.0  r36h6115d3f_1003    conda-forge/noarch                                                        19 KB
  + r-praise                            1.0.0  r36h6115d3f_1004    conda-forge/noarch                                                        23 KB
  + r-prettyunits                       1.1.1  r36h6115d3f_1       conda-forge/noarch                                                        41 KB
  + r-processx                          3.5.2  r36h28b5c78_0       conda-forge/osx-64                                                       301 KB
  + r-progress                          1.2.2  r36h6115d3f_2       conda-forge/noarch                                                        90 KB
  + r-ps                                1.6.0  r36h28b5c78_0       conda-forge/osx-64                                                       291 KB
  + r-purrr                             0.3.4  r36h28b5c78_1       conda-forge/osx-64                                                       408 KB
  + r-r6                                2.5.0  r36hc72bb7e_0       conda-forge/noarch                                                        89 KB
  + r-rappdirs                          0.3.3  r36hf6ff476_0       conda-forge/osx-64                                                        49 KB
  + r-rcolorbrewer                      1.1_2  r36h6115d3f_1003    conda-forge/noarch                                                        59 KB
  + r-rcpp                              1.0.6  r36h815b84a_0       conda-forge/osx-64                                                         2 MB
  + r-rcurl                          1.98_1.3  r36h28b5c78_0       conda-forge/osx-64                                                       972 KB
  + r-rematch2                          2.1.2  r36h6115d3f_1       conda-forge/noarch                                                        52 KB
  + r-rlang                            0.4.11  r36h28b5c78_0       conda-forge/osx-64                                                         1 MB
  + r-rmpfr                             0.8_4  r36hb5fadf4_0       conda-forge/osx-64                                                         1 MB
  + r-robustbase                       0.93_6  r36hcbf56c9_2       conda-forge/osx-64                                                         3 MB
  + r-rprojroot                         2.0.2  r36hc72bb7e_0       conda-forge/noarch                                                       110 KB
  + r-rrcov                             1.5_5  r36h01daf55_1       conda-forge/osx-64                                                         2 MB
  + r-rsqlite                           2.2.5  r36h9951f98_0       conda-forge/osx-64                                                         1 MB
  + r-rstudioapi                         0.13  r36hc72bb7e_0       conda-forge/noarch                                                       281 KB
  + r-scales                            1.1.1  r36h6115d3f_0       conda-forge/noarch                                                       558 KB
  + r-stringi                           1.5.3  r36hdb83bab_0       conda-forge/osx-64                                                       768 KB
  + r-stringr                           1.4.0  r36h6115d3f_2       conda-forge/noarch                                                       209 KB
  + r-survival                         3.2_10  r36h28b5c78_0       conda-forge/osx-64                                                         6 MB
  + r-sys                                 3.4  r36h28b5c78_0       conda-forge/osx-64                                                        46 KB
  + r-testthat                          3.0.2  r36h9951f98_0       conda-forge/osx-64                                                         2 MB
  + r-tibble                            3.1.2  r36h28b5c78_0       conda-forge/osx-64                                                       733 KB
  + r-tidyselect                        1.1.1  r36hbe3e9c8_0       conda-forge/osx-64                                                       195 KB
  + r-utf8                              1.2.1  r36h28b5c78_0       conda-forge/osx-64                                                       157 KB
  + r-vctrs                             0.3.8  r36h28b5c78_1       conda-forge/osx-64                                                         1 MB
  + r-viridislite                       0.4.0  r36hc72bb7e_0       conda-forge/noarch                                                         1 MB
  + r-waldo                             0.2.5  r36hc72bb7e_0       conda-forge/noarch                                                        78 KB
  + r-withr                             2.4.2  r36hc72bb7e_0       conda-forge/noarch                                                       220 KB
  + r-xml                            3.99_0.3  r36h17f1fa6_1       conda-forge/osx-64                                                         2 MB
  + r-xtable                            1.8_4  r36h6115d3f_3       conda-forge/noarch                                                       699 KB
  + readline                              8.1  h05e3726_0          conda-forge/osx-64                                                       Cached
  + tapi                            1100.0.11  h9ce4665_0          conda-forge/osx-64                                                       196 KB
  + tk                                 8.6.11  h5dbffcc_1          conda-forge/osx-64                                                       Cached
  + tktable                              2.10  h49f0cf7_3          conda-forge/osx-64                                                        79 KB
  + xz                                  5.2.5  haf1e3a3_1          conda-forge/osx-64                                                       Cached
  + zlib                               1.2.11  h9173be1_1013       conda-forge/osx-64                                                       Cached
  + zstd                                1.5.0  h582d3a0_0          conda-forge/osx-64                                                       Cached

  Summary:

  Install: 193 packages

  Total download: 265 MB

────────────────────────────────────────────────────────────────────────────────────────────────────────────────────────────────────────────────────


## Package Plan ##

  environment location: /Users/runner/conda/conda-bld/bioconductor-htsanalyzer_1635780897071/_test_env_placehold_placehold_placehold_placehold_placehold_placehold_placehold_placehold_placehold_placehold_placehold_placehold_placehold_placehold_placehold_placehold_placehold_plac


The following NEW packages will be INSTALLED:

    _r-mutex:                    1.0.1-anacondar_1         conda-forge                                                        
    bioconductor-affy:           1.64.0-r36h01d97ff_0      bioconda                                                           
    bioconductor-affyio:         1.56.0-r36h01d97ff_0      bioconda                                                           
    bioconductor-annotate:       1.64.0-r36_0              bioconda                                                           
    bioconductor-annotationdbi:  1.48.0-r36_0              bioconda                                                           
    bioconductor-biobase:        2.46.0-r36h01d97ff_0      bioconda                                                           
    bioconductor-biocfilecache:  1.10.0-r36_0              bioconda                                                           
    bioconductor-biocgenerics:   0.32.0-r36_0              bioconda                                                           
    bioconductor-biomart:        2.42.0-r36_0              bioconda                                                           
    bioconductor-bionet:         1.46.0-r36_0              bioconda                                                           
    bioconductor-category:       2.52.0-r36_0              bioconda                                                           
    bioconductor-cellhts2:       2.50.0-r36_0              bioconda                                                           
    bioconductor-genefilter:     1.68.0-r36hfcebdee_0      bioconda                                                           
    bioconductor-graph:          1.64.0-r36h01d97ff_0      bioconda                                                           
    bioconductor-gseabase:       1.48.0-r36_0              bioconda                                                           
    bioconductor-htsanalyzer:    2.38.0-r36_0              file:///var/folders/24/8k48jl6d249_n_qfxwsl6xvm0000gn/T/tmpm62sk2s_
    bioconductor-iranges:        2.20.0-r36h01d97ff_0      bioconda                                                           
    bioconductor-limma:          3.42.0-r36h01d97ff_0      bioconda                                                           
    bioconductor-prada:          1.62.0-r36h01d97ff_0      bioconda                                                           
    bioconductor-preprocesscore: 1.48.0-r36h01d97ff_0      bioconda                                                           
    bioconductor-rankprod:       3.12.0-r36_0              bioconda                                                           
    bioconductor-rbgl:           1.62.1-r36h6de7cb9_0      bioconda                                                           
    bioconductor-s4vectors:      0.24.0-r36h01d97ff_0      bioconda                                                           
    bioconductor-splots:         1.52.0-r36_0              bioconda                                                           
    bioconductor-vsn:            3.54.0-r36h01d97ff_0      bioconda                                                           
    bioconductor-zlibbioc:       1.32.0-r36h01d97ff_0      bioconda                                                           
    bwidget:                     1.9.14-h694c41f_1         conda-forge                                                        
    bzip2:                       1.0.8-h0d85af4_4          conda-forge                                                        
    c-ares:                      1.18.1-h0d85af4_0         conda-forge                                                        
    ca-certificates:             2021.10.8-h033912b_0      conda-forge                                                        
    cairo:                       1.16.0-he8db5a5_1006      conda-forge                                                        
    cctools_osx-64:              973.0.1-h3e07e27_2        conda-forge                                                        
    clang:                       12.0.1-h694c41f_4         conda-forge                                                        
    clang-12:                    12.0.1-default_he082bbe_4 conda-forge                                                        
    clang_osx-64:                12.0.1-hb91bd55_1         conda-forge                                                        
    clangxx:                     12.0.1-default_he082bbe_4 conda-forge                                                        
    clangxx_osx-64:              12.0.1-h7e1b574_1         conda-forge                                                        
    compiler-rt:                 12.0.1-he01351e_0         conda-forge                                                        
    compiler-rt_osx-64:          12.0.1-hd3f61c9_0         conda-forge                                                        
    curl:                        7.76.1-h06286d4_1         conda-forge                                                        
    fontconfig:                  2.13.1-h10f422b_1005      conda-forge                                                        
    freetype:                    2.10.4-h4cff582_1         conda-forge                                                        
    fribidi:                     1.0.10-hbcb3906_0         conda-forge                                                        
    gettext:                     0.19.8.1-hd1a6beb_1008    conda-forge                                                        
    gfortran_impl_osx-64:        7.5.0-hdadd0f8_23         conda-forge                                                        
    gfortran_osx-64:             7.5.0-h18f7dce_14         conda-forge                                                        
    gmp:                         6.2.1-h2e338ed_0          conda-forge                                                        
    graphite2:                   1.3.13-h2e338ed_1001      conda-forge                                                        
    gsl:                         2.6-h71c5fe9_2            conda-forge                                                        
    harfbuzz:                    2.7.2-h73e2de6_1          conda-forge                                                        
    icu:                         67.1-hb1e8313_0           conda-forge                                                        
    isl:                         0.22.1-hb1e8313_2         conda-forge                                                        
    jbig:                        2.1-h0d85af4_2003         conda-forge                                                        
    jpeg:                        9d-hbcb3906_0             conda-forge                                                        
    krb5:                        1.17.2-h60d9502_0         conda-forge                                                        
    ld64_osx-64:                 609-h2487922_2            conda-forge                                                        
    ldid:                        2.1.2-h6a69015_3          conda-forge                                                        
    lerc:                        3.0-he49afe7_0            conda-forge                                                        
    libblas:                     3.9.0-8_openblas          conda-forge                                                        
    libcblas:                    3.9.0-8_openblas          conda-forge                                                        
    libclang-cpp12:              12.0.1-default_he082bbe_4 conda-forge                                                        
    libcurl:                     7.76.1-h8ef9fac_1         conda-forge                                                        
    libcxx:                      12.0.1-habf9029_0         conda-forge                                                        
    libdeflate:                  1.8-h0d85af4_0            conda-forge                                                        
    libedit:                     3.1.20191231-h0678c8f_2   conda-forge                                                        
    libev:                       4.33-haf1e3a3_1           conda-forge                                                        
    libffi:                      3.4.2-he49afe7_4          conda-forge                                                        
    libgfortran:                 4.0.0-7_5_0_h1a10cd1_23   conda-forge                                                        
    libgfortran-devel_osx-64:    7.5.0-h1a10cd1_23         conda-forge                                                        
    libgfortran4:                7.5.0-h1a10cd1_23         conda-forge                                                        
    libglib:                     2.70.0-hf1fb8c0_1         conda-forge                                                        
    libiconv:                    1.16-haf1e3a3_0           conda-forge                                                        
    liblapack:                   3.9.0-8_openblas          conda-forge                                                        
    libllvm12:                   12.0.1-hd011deb_2         conda-forge                                                        
    libnghttp2:                  1.43.0-h6f36284_1         conda-forge                                                        
    libopenblas:                 0.3.12-openmp_h63d9170_1  conda-forge                                                        
    libpng:                      1.6.37-h7cec526_2         conda-forge                                                        
    libssh2:                     1.10.0-h52ee1ee_2         conda-forge                                                        
    libtiff:                     4.3.0-hd146c10_2          conda-forge                                                        
    libwebp-base:                1.2.1-h0d85af4_0          conda-forge                                                        
    libxml2:                     2.9.10-h2c6e4a5_2         conda-forge                                                        
    libzlib:                     1.2.11-h9173be1_1013      conda-forge                                                        
    llvm-openmp:                 12.0.1-hda6cdc1_1         conda-forge                                                        
    llvm-tools:                  12.0.1-hd011deb_2         conda-forge                                                        
    lz4-c:                       1.9.3-he49afe7_1          conda-forge                                                        
    make:                        4.3-h22f3db7_1            conda-forge                                                        
    mpc:                         1.2.1-hbb51d92_0          conda-forge                                                        
    mpfr:                        4.1.0-h0f52abe_1          conda-forge                                                        
    ncurses:                     6.2-h2e338ed_4            conda-forge                                                        
    openssl:                     1.1.1l-h0d85af4_0         conda-forge                                                        
    pango:                       1.42.4-ha86e081_5         conda-forge                                                        
    pcre:                        8.45-he49afe7_0           conda-forge                                                        
    pixman:                      0.40.0-hbcb3906_0         conda-forge                                                        
    r-askpass:                   1.1-r36h28b5c78_2         conda-forge                                                        
    r-assertthat:                0.2.1-r36h6115d3f_2       conda-forge                                                        
    r-backports:                 1.2.1-r36h28b5c78_0       conda-forge                                                        
    r-base:                      3.6.3-h90464e4_4          conda-forge                                                        
    r-bh:                        1.75.0_0-r36hc72bb7e_0    conda-forge                                                        
    r-biocmanager:               1.30.15-r36hc72bb7e_0     conda-forge                                                        
    r-bit:                       4.0.4-r36h28b5c78_0       conda-forge                                                        
    r-bit64:                     4.0.5-r36h28b5c78_0       conda-forge                                                        
    r-bitops:                    1.0_7-r36h28b5c78_0       conda-forge                                                        
    r-blob:                      1.2.1-r36h6115d3f_1       conda-forge                                                        
    r-brio:                      1.1.2-r36h28b5c78_0       conda-forge                                                        
    r-cachem:                    1.0.5-r36h28b5c78_0       conda-forge                                                        
    r-callr:                     3.7.0-r36hc72bb7e_0       conda-forge                                                        
    r-cli:                       2.5.0-r36hc72bb7e_0       conda-forge                                                        
    r-colorspace:                2.0_1-r36h28b5c78_0       conda-forge                                                        
    r-crayon:                    1.4.1-r36hc72bb7e_0       conda-forge                                                        
    r-curl:                      4.3.1-r36h28b5c78_0       conda-forge                                                        
    r-dbi:                       1.1.1-r36hc72bb7e_0       conda-forge                                                        
    r-dbplyr:                    2.1.1-r36hc72bb7e_0       conda-forge                                                        
    r-deoptimr:                  1.0_8-r36h6115d3f_1003    conda-forge                                                        
    r-desc:                      1.3.0-r36hc72bb7e_0       conda-forge                                                        
    r-diffobj:                   0.3.4-r36h28b5c78_0       conda-forge                                                        
    r-digest:                    0.6.27-r36h9951f98_0      conda-forge                                                        
    r-dplyr:                     1.0.6-r36h9951f98_1       conda-forge                                                        
    r-ellipsis:                  0.3.2-r36h28b5c78_0       conda-forge                                                        
    r-evaluate:                  0.14-r36h6115d3f_2        conda-forge                                                        
    r-fansi:                     0.4.2-r36h28b5c78_0       conda-forge                                                        
    r-farver:                    2.1.0-r36h9951f98_0       conda-forge                                                        
    r-fastmap:                   1.1.0-r36h9951f98_0       conda-forge                                                        
    r-generics:                  0.1.0-r36hc72bb7e_0       conda-forge                                                        
    r-ggplot2:                   3.3.3-r36hc72bb7e_0       conda-forge                                                        
    r-glue:                      1.4.2-r36h066c5db_0       conda-forge                                                        
    r-gmp:                       0.6_2-r36h815b84a_0       conda-forge                                                        
    r-gtable:                    0.3.0-r36h6115d3f_3       conda-forge                                                        
    r-hms:                       1.1.0-r36hc72bb7e_0       conda-forge                                                        
    r-httr:                      1.4.2-r36h6115d3f_0       conda-forge                                                        
    r-hwriter:                   1.3.2-r36h6115d3f_1003    conda-forge                                                        
    r-igraph:                    1.2.6-r36h32dcd36_1       conda-forge                                                        
    r-isoband:                   0.2.4-r36h9951f98_0       conda-forge                                                        
    r-jsonlite:                  1.7.2-r36h066c5db_0       conda-forge                                                        
    r-labeling:                  0.4.2-r36h142f84f_0       conda-forge                                                        
    r-lattice:                   0.20_44-r36h28b5c78_0     conda-forge                                                        
    r-lifecycle:                 1.0.0-r36hc72bb7e_0       conda-forge                                                        
    r-locfit:                    1.5_9.4-r36h17f1fa6_1     conda-forge                                                        
    r-magrittr:                  2.0.1-r36h066c5db_1       conda-forge                                                        
    r-mass:                      7.3_54-r36h28b5c78_0      conda-forge                                                        
    r-matrix:                    1.3_3-r36hc2c5f09_0       conda-forge                                                        
    r-memoise:                   2.0.0-r36hc72bb7e_0       conda-forge                                                        
    r-mgcv:                      1.8_35-r36hc2c5f09_0      conda-forge                                                        
    r-mime:                      0.10-r36hf6ff476_0        conda-forge                                                        
    r-munsell:                   0.5.0-r36h6115d3f_1003    conda-forge                                                        
    r-mvtnorm:                   1.1_1-r36ha752707_1       conda-forge                                                        
    r-nlme:                      3.1_150-r36ha752707_0     conda-forge                                                        
    r-openssl:                   1.4.4-r36hd95e000_0       conda-forge                                                        
    r-pcapp:                     1.9_74-r36he5a6823_0      conda-forge                                                        
    r-pillar:                    1.6.1-r36hc72bb7e_0       conda-forge                                                        
    r-pkgconfig:                 2.0.3-r36h6115d3f_1       conda-forge                                                        
    r-pkgload:                   1.2.1-r36h9951f98_0       conda-forge                                                        
    r-plogr:                     0.2.0-r36h6115d3f_1003    conda-forge                                                        
    r-praise:                    1.0.0-r36h6115d3f_1004    conda-forge                                                        
    r-prettyunits:               1.1.1-r36h6115d3f_1       conda-forge                                                        
    r-processx:                  3.5.2-r36h28b5c78_0       conda-forge                                                        
    r-progress:                  1.2.2-r36h6115d3f_2       conda-forge                                                        
    r-ps:                        1.6.0-r36h28b5c78_0       conda-forge                                                        
    r-purrr:                     0.3.4-r36h28b5c78_1       conda-forge                                                        
    r-r6:                        2.5.0-r36hc72bb7e_0       conda-forge                                                        
    r-rappdirs:                  0.3.3-r36hf6ff476_0       conda-forge                                                        
    r-rcolorbrewer:              1.1_2-r36h6115d3f_1003    conda-forge                                                        
    r-rcpp:                      1.0.6-r36h815b84a_0       conda-forge                                                        
    r-rcurl:                     1.98_1.3-r36h28b5c78_0    conda-forge                                                        
    r-rematch2:                  2.1.2-r36h6115d3f_1       conda-forge                                                        
    r-rlang:                     0.4.11-r36h28b5c78_0      conda-forge                                                        
    r-rmpfr:                     0.8_4-r36hb5fadf4_0       conda-forge                                                        
    r-robustbase:                0.93_6-r36hcbf56c9_2      conda-forge                                                        
    r-rprojroot:                 2.0.2-r36hc72bb7e_0       conda-forge                                                        
    r-rrcov:                     1.5_5-r36h01daf55_1       conda-forge                                                        
    r-rsqlite:                   2.2.5-r36h9951f98_0       conda-forge                                                        
    r-rstudioapi:                0.13-r36hc72bb7e_0        conda-forge                                                        
    r-scales:                    1.1.1-r36h6115d3f_0       conda-forge                                                        
    r-stringi:                   1.5.3-r36hdb83bab_0       conda-forge                                                        
    r-stringr:                   1.4.0-r36h6115d3f_2       conda-forge                                                        
    r-survival:                  3.2_10-r36h28b5c78_0      conda-forge                                                        
    r-sys:                       3.4-r36h28b5c78_0         conda-forge                                                        
    r-testthat:                  3.0.2-r36h9951f98_0       conda-forge                                                        
    r-tibble:                    3.1.2-r36h28b5c78_0       conda-forge                                                        
    r-tidyselect:                1.1.1-r36hbe3e9c8_0       conda-forge                                                        
    r-utf8:                      1.2.1-r36h28b5c78_0       conda-forge                                                        
    r-vctrs:                     0.3.8-r36h28b5c78_1       conda-forge                                                        
    r-viridislite:               0.4.0-r36hc72bb7e_0       conda-forge                                                        
    r-waldo:                     0.2.5-r36hc72bb7e_0       conda-forge                                                        
    r-withr:                     2.4.2-r36hc72bb7e_0       conda-forge                                                        
    r-xml:                       3.99_0.3-r36h17f1fa6_1    conda-forge                                                        
    r-xtable:                    1.8_4-r36h6115d3f_3       conda-forge                                                        
    readline:                    8.1-h05e3726_0            conda-forge                                                        
    tapi:                        1100.0.11-h9ce4665_0      conda-forge                                                        
    tk:                          8.6.11-h5dbffcc_1         conda-forge                                                        
    tktable:                     2.10-h49f0cf7_3           conda-forge                                                        
    xz:                          5.2.5-haf1e3a3_1          conda-forge                                                        
    zlib:                        1.2.11-h9173be1_1013      conda-forge                                                        
    zstd:                        1.5.0-h582d3a0_0          conda-forge                                                        

Preparing transaction: ...working... done
Verifying transaction: ...working... done
Executing transaction: ...working... done
export PREFIX=/Users/runner/conda/conda-bld/bioconductor-htsanalyzer_1635780897071/_test_env_placehold_placehold_placehold_placehold_placehold_placehold_placehold_placehold_placehold_placehold_placehold_placehold_placehold_placehold_placehold_placehold_placehold_plac
export SRC_DIR=/Users/runner/conda/conda-bld/bioconductor-htsanalyzer_1635780897071/test_tmp
INFO: activate-gfortran_osx-64.sh made the following environmental changes:
+DEBUG_FFLAGS=-march=core2 -mtune=haswell -ftree-vectorize -fPIC -fstack-protector -O2 -pipe -isystem $PREFIX/include -fdebug-prefix-map=$SRC_DIR=/usr/local/src/conda/bioconductor-htsanalyzer-2.38.0 -fdebug-prefix-map=$PREFIX=/usr/local/src/conda-prefix -march=core2 -mtune=haswell -ftree-vectorize -fPIC -fstack-protector -O2 -pipe -Og -g -Wall -Wextra -fcheck=all -fbacktrace -fimplicit-none -fvar-tracking-assignments
+DEBUG_FORTRANFLAGS=-march=core2 -mtune=haswell -ftree-vectorize -fPIC -fstack-protector -O2 -pipe -isystem $PREFIX/include -fdebug-prefix-map=$SRC_DIR=/usr/local/src/conda/bioconductor-htsanalyzer-2.38.0 -fdebug-prefix-map=$PREFIX=/usr/local/src/conda-prefix -march=core2 -mtune=haswell -ftree-vectorize -fPIC -fstack-protector -O2 -pipe -Og -g -Wall -Wextra -fcheck=all -fbacktrace -fimplicit-none -fvar-tracking-assignments
+F77=$PREFIX/bin/x86_64-apple-darwin13.4.0-gfortran
+F90=$PREFIX/bin/x86_64-apple-darwin13.4.0-gfortran
+F95=$PREFIX/bin/x86_64-apple-darwin13.4.0-gfortran
+FC=$PREFIX/bin/x86_64-apple-darwin13.4.0-gfortran
+FC_FOR_BUILD=$PREFIX/bin/-gfortran
+FFLAGS=-march=core2 -mtune=haswell -ftree-vectorize -fPIC -fstack-protector -O2 -pipe -isystem $PREFIX/include -fdebug-prefix-map=$SRC_DIR=/usr/local/src/conda/bioconductor-htsanalyzer-2.38.0 -fdebug-prefix-map=$PREFIX=/usr/local/src/conda-prefix
+FORTRANFLAGS=-march=core2 -mtune=haswell -ftree-vectorize -fPIC -fstack-protector -O2 -pipe -isystem $PREFIX/include -fdebug-prefix-map=$SRC_DIR=/usr/local/src/conda/bioconductor-htsanalyzer-2.38.0 -fdebug-prefix-map=$PREFIX=/usr/local/src/conda-prefix
+GFORTRAN=$PREFIX/bin/x86_64-apple-darwin13.4.0-gfortran
INFO: activate_clang_osx-64.sh made the following environmental changes:
+AR=x86_64-apple-darwin13.4.0-ar
+AS=x86_64-apple-darwin13.4.0-as
+BUILD=x86_64-apple-darwin13.4.0
+CC=x86_64-apple-darwin13.4.0-clang
+CC_FOR_BUILD=$PREFIX/bin/x86_64-apple-darwin13.4.0-clang
+CFLAGS=-march=core2 -mtune=haswell -mssse3 -ftree-vectorize -fPIC -fPIE -fstack-protector-strong -O2 -pipe -isystem $PREFIX/include -fdebug-prefix-map=$SRC_DIR=/usr/local/src/conda/bioconductor-htsanalyzer-2.38.0 -fdebug-prefix-map=$PREFIX=/usr/local/src/conda-prefix
+CHECKSYMS=x86_64-apple-darwin13.4.0-checksyms
+CLANG=x86_64-apple-darwin13.4.0-clang
+CMAKE_ARGS=-DCMAKE_AR=$PREFIX/bin/x86_64-apple-darwin13.4.0-ar -DCMAKE_CXX_COMPILER_AR=$PREFIX/bin/x86_64-apple-darwin13.4.0-ar -DCMAKE_C_COMPILER_AR=$PREFIX/bin/x86_64-apple-darwin13.4.0-ar -DCMAKE_RANLIB=$PREFIX/bin/x86_64-apple-darwin13.4.0-ranlib -DCMAKE_CXX_COMPILER_RANLIB=$PREFIX/bin/x86_64-apple-darwin13.4.0-ranlib -DCMAKE_C_COMPILER_RANLIB=$PREFIX/bin/x86_64-apple-darwin13.4.0-ranlib -DCMAKE_LINKER=$PREFIX/bin/x86_64-apple-darwin13.4.0-ld -DCMAKE_STRIP=$PREFIX/bin/x86_64-apple-darwin13.4.0-strip -DCMAKE_INSTALL_NAME_TOOL=$PREFIX/bin/x86_64-apple-darwin13.4.0-install_name_tool -DCMAKE_LIBTOOL=$PREFIX/bin/x86_64-apple-darwin13.4.0-libtool -DCMAKE_OSX_DEPLOYMENT_TARGET= -DCMAKE_BUILD_TYPE=Release -DCMAKE_OSX_SYSROOT=/Applications/Xcode_13.0.app/Contents/Developer/Platforms/MacOSX.platform/Developer/SDKs/MacOSX.sdk -DCMAKE_INSTALL_PREFIX=$PREFIX -DCMAKE_INSTALL_LIBDIR=lib
+CMAKE_PREFIX_PATH=:$PREFIX
+CONDA_BUILD_SYSROOT=/Applications/Xcode_13.0.app/Contents/Developer/Platforms/MacOSX.platform/Developer/SDKs/MacOSX.sdk
+CONDA_TOOLCHAIN_BUILD=x86_64-apple-darwin13.4.0
+CONDA_TOOLCHAIN_HOST=x86_64-apple-darwin13.4.0
+CPPFLAGS=-D_FORTIFY_SOURCE=2 -isystem $PREFIX/include
+DEBUG_CFLAGS=-march=core2 -mtune=haswell -mssse3 -ftree-vectorize -fPIC -fPIE -fstack-protector-strong -O2 -pipe -Og -g -Wall -Wextra -isystem $PREFIX/include -fdebug-prefix-map=$SRC_DIR=/usr/local/src/conda/bioconductor-htsanalyzer-2.38.0 -fdebug-prefix-map=$PREFIX=/usr/local/src/conda-prefix
+HOST=x86_64-apple-darwin13.4.0
+INSTALL_NAME_TOOL=x86_64-apple-darwin13.4.0-install_name_tool
+LD=x86_64-apple-darwin13.4.0-ld
+LDFLAGS=-Wl,-pie -Wl,-headerpad_max_install_names -Wl,-dead_strip_dylibs -Wl,-rpath,$PREFIX/lib -L$PREFIX/lib
+LDFLAGS_LD=-pie -headerpad_max_install_names -dead_strip_dylibs -rpath $PREFIX/lib -L$PREFIX/lib
+LIBTOOL=x86_64-apple-darwin13.4.0-libtool
+LIPO=x86_64-apple-darwin13.4.0-lipo
+MESON_ARGS=--buildtype release --prefix=$PREFIX -Dlibdir=lib
+NM=x86_64-apple-darwin13.4.0-nm
+NMEDIT=x86_64-apple-darwin13.4.0-nmedit
+OBJC=x86_64-apple-darwin13.4.0-clang
+OBJC_FOR_BUILD=$PREFIX/bin/x86_64-apple-darwin13.4.0-clang
+OTOOL=x86_64-apple-darwin13.4.0-otool
+PAGESTUFF=x86_64-apple-darwin13.4.0-pagestuff
+RANLIB=x86_64-apple-darwin13.4.0-ranlib
+REDO_PREBINDING=x86_64-apple-darwin13.4.0-redo_prebinding
+SDKROOT=/Applications/Xcode_13.0.app/Contents/Developer/Platforms/MacOSX.platform/Developer/SDKs/MacOSX.sdk
+SEGEDIT=x86_64-apple-darwin13.4.0-segedit
+SEG_ADDR_TABLE=x86_64-apple-darwin13.4.0-seg_addr_table
+SEG_HACK=x86_64-apple-darwin13.4.0-seg_hack
+SIZE=x86_64-apple-darwin13.4.0-size
+STRINGS=x86_64-apple-darwin13.4.0-strings
+STRIP=x86_64-apple-darwin13.4.0-strip
+_CONDA_PYTHON_SYSCONFIGDATA_NAME=_sysconfigdata_x86_64_apple_darwin13_4_0
+ac_cv_func_malloc_0_nonnull=yes
+ac_cv_func_realloc_0_nonnull=yes
+build_alias=x86_64-apple-darwin13.4.0
+host_alias=x86_64-apple-darwin13.4.0
INFO: activate_clangxx_osx-64.sh made the following environmental changes:
+CLANGXX=x86_64-apple-darwin13.4.0-clang++
+CXX=x86_64-apple-darwin13.4.0-clang++
+CXXFLAGS=-march=core2 -mtune=haswell -mssse3 -ftree-vectorize -fPIC -fPIE -fstack-protector-strong -O2 -pipe -stdlib=libc++ -fvisibility-inlines-hidden -std=c++14 -fmessage-length=0 -isystem $PREFIX/include -fdebug-prefix-map=$SRC_DIR=/usr/local/src/conda/bioconductor-htsanalyzer-2.38.0 -fdebug-prefix-map=$PREFIX=/usr/local/src/conda-prefix
+CXX_FOR_BUILD=$PREFIX/bin/x86_64-apple-darwin13.4.0-clang++
+DEBUG_CXXFLAGS=-march=core2 -mtune=haswell -mssse3 -ftree-vectorize -fPIC -fPIE -fstack-protector-strong -O2 -pipe -stdlib=libc++ -fvisibility-inlines-hidden -std=c++14 -fmessage-length=0 -Og -g -Wall -Wextra -isystem $PREFIX/include -fdebug-prefix-map=$SRC_DIR=/usr/local/src/conda/bioconductor-htsanalyzer-2.38.0 -fdebug-prefix-map=$PREFIX=/usr/local/src/conda-prefix

R version 3.6.3 (2020-02-29) -- "Holding the Windsock"
Copyright (C) 2020 The R Foundation for Statistical Computing
Platform: x86_64-apple-darwin13.4.0 (64-bit)

R is free software and comes with ABSOLUTELY NO WARRANTY.
You are welcome to redistribute it under certain conditions.
Type 'license()' or 'licence()' for distribution details.

  Natural language support but running in an English locale

R is a collaborative project with many contributors.
Type 'contributors()' for more information and
'citation()' on how to cite R or R packages in publications.

Type 'demo()' for some demos, 'help()' for on-line help, or
'help.start()' for an HTML browser interface to help.
Type 'q()' to quit R.

> library('HTSanalyzeR')

Leaving build/test directories:
  Work:
 /Users/runner/conda/conda-bld/work 
  Test:
 /Users/runner/conda/conda-bld/test_tmp 
Leaving build/test environments:
  Test:
source activate  /Users/runner/conda/conda-bld/_test_env_placehold_placehold_placehold_placehold_placehold_placehold_placehold_placehold_placehold_placehold_placehold_placehold_placehold_placehold_placehold_placehold_placehold_placehold_placehold_placehold_placehold_pla 
  Build:
source activate  /Users/runner/conda/conda-bld/_build_env 


