Updating build index: /home/vsts/conda/conda-bld

TEST START: /tmp/tmp8lizvvc7/linux-64/bioconductor-linc-1.15.0-r40h5f743cb_0.tar.bz2
Reloading output folder: /home/vsts/conda/conda-bld
  Package                              Version  Build                Channel                          Size
────────────────────────────────────────────────────────────────────────────────────────────────────────────
  Install:
────────────────────────────────────────────────────────────────────────────────────────────────────────────

  + _libgcc_mutex                          0.1  conda_forge          conda-forge/linux-64           Cached
  + _openmp_mutex                          4.5  1_gnu                conda-forge/linux-64           Cached
  + _r-mutex                             1.0.1  anacondar_1          conda-forge/noarch               3 KB
  + binutils_impl_linux-64              2.36.1  h193b22a_2           conda-forge/linux-64            10 MB
  + binutils_linux-64                     2.36  hf3e587d_33          conda-forge/linux-64            22 KB
  + bioconductor-annotate               1.66.0  r40_0                bioconda/noarch                  2 MB
  + bioconductor-annotationdbi          1.50.0  r40_0                bioconda/noarch                  5 MB
  + bioconductor-biobase                2.48.0  r40h037d062_0        bioconda/linux-64                2 MB
  + bioconductor-biocgenerics           0.34.0  r40_0                bioconda/noarch                690 KB
  + bioconductor-biocparallel           1.22.0  r40h5f743cb_0        bioconda/linux-64                1 MB
  + bioconductor-clusterprofiler        3.16.0  r40_0                bioconda/noarch                636 KB
  + bioconductor-do.db                     2.9  0                    bioconda/linux-64                1 MB
  + bioconductor-dose                   3.14.0  r40_0                bioconda/noarch                  3 MB
  + bioconductor-edger                  3.30.0  r40h5f743cb_0        bioconda/linux-64                2 MB
  + bioconductor-enrichplot              1.8.1  r40_0                bioconda/noarch                209 KB
  + bioconductor-fgsea                  1.14.0  r40h5f743cb_0        bioconda/linux-64                1 MB
  + bioconductor-genefilter             1.70.0  r40hc6cf775_0        bioconda/linux-64                2 MB
  + bioconductor-ggtree                  2.2.1  r40_0                bioconda/noarch                700 KB
  + bioconductor-go.db                  3.11.4  r40_0                bioconda/noarch                  7 KB
  + bioconductor-gosemsim               2.14.0  r40h5f743cb_0        bioconda/linux-64              879 KB
  + bioconductor-graph                  1.66.0  r40h037d062_0        bioconda/linux-64                2 MB
  + bioconductor-graphite               1.34.0  r40_0                bioconda/noarch                921 KB
  + bioconductor-iranges                2.22.1  r40h037d062_0        bioconda/linux-64                2 MB
  + bioconductor-limma                  3.44.1  r40h037d062_0        bioconda/linux-64                3 MB
  + bioconductor-linc                   1.15.0  r40h5f743cb_0        /tmp/tmp8lizvvc7/linux-64        5 MB
  + bioconductor-org.hs.eg.db           3.11.4  r40_1                bioconda/noarch                  7 KB
  + bioconductor-qvalue                 2.20.0  r40_0                bioconda/noarch                  3 MB
  + bioconductor-reactome.db            1.70.0  r40_1                bioconda/noarch                  7 KB
  + bioconductor-reactomepa             1.32.0  r40_0                bioconda/noarch                  1 MB
  + bioconductor-s4vectors              0.26.0  r40h037d062_0        bioconda/linux-64                2 MB
  + bioconductor-sva                    3.36.0  r40h037d062_0        bioconda/linux-64              477 KB
  + bioconductor-treeio                 1.12.0  r40_0                bioconda/noarch                697 KB
  + bwidget                             1.9.14  ha770c72_0           conda-forge/linux-64           119 KB
  + bzip2                                1.0.8  h7f98852_4           conda-forge/linux-64           Cached
  + c-ares                              1.17.2  h7f98852_0           conda-forge/linux-64           Cached
  + ca-certificates                  2021.10.8  ha878542_0           conda-forge/linux-64           Cached
  + cairo                               1.16.0  h9f066cc_1006        conda-forge/linux-64             1 MB
  + certifi                          2021.5.30  py310h06a4308_0      pkgs/main/linux-64             148 KB
  + curl                                7.76.1  h979ede3_1           conda-forge/linux-64           149 KB
  + fontconfig                          2.13.1  hba837de_1005        conda-forge/linux-64           357 KB
  + freetype                            2.10.4  h0708190_1           conda-forge/linux-64           890 KB
  + fribidi                             1.0.10  h36c2ea0_0           conda-forge/linux-64           112 KB
  + gcc_impl_linux-64                    7.5.0  habd7529_19          conda-forge/linux-64            38 MB
  + gcc_linux-64                         7.5.0  h47867f9_33          conda-forge/linux-64            23 KB
  + gettext                           0.19.8.1  h73d1719_1008        conda-forge/linux-64             4 MB
  + gfortran_impl_linux-64               7.5.0  h56cb351_19          conda-forge/linux-64             9 MB
  + gfortran_linux-64                    7.5.0  h78c8a43_33          conda-forge/linux-64            23 KB
  + glib                                2.68.4  h9c3ff4c_1           conda-forge/linux-64           440 KB
  + glib-tools                          2.68.4  h9c3ff4c_1           conda-forge/linux-64            86 KB
  + gmp                                  6.2.1  h58526e2_0           conda-forge/linux-64           806 KB
  + graphite2                           1.3.13  h58526e2_1001        conda-forge/linux-64           102 KB
  + gsl                                    2.6  he838d99_2           conda-forge/linux-64             3 MB
  + gxx_impl_linux-64                    7.5.0  hd0bb8aa_19          conda-forge/linux-64             9 MB
  + gxx_linux-64                         7.5.0  h555fc39_33          conda-forge/linux-64            23 KB
  + harfbuzz                             2.7.2  ha5b49bf_1           conda-forge/linux-64             2 MB
  + icu                                   67.1  he1b5a44_0           conda-forge/linux-64            13 MB
  + jbig                                   2.1  h7f98852_2003        conda-forge/linux-64            43 KB
  + jpeg                                    9d  h36c2ea0_0           conda-forge/linux-64           264 KB
  + kernel-headers_linux-64             2.6.32  he073ed8_14          conda-forge/noarch             708 KB
  + krb5                                1.17.2  h926e7f8_0           conda-forge/linux-64             1 MB
  + ld_impl_linux-64                    2.36.1  hea4e1c9_2           conda-forge/linux-64           Cached
  + lerc                                   3.0  h9c3ff4c_0           conda-forge/linux-64           216 KB
  + libblas                              3.8.0  17_openblas          conda-forge/linux-64            11 KB
  + libcblas                             3.8.0  17_openblas          conda-forge/linux-64            11 KB
  + libcurl                             7.76.1  hc4aaa36_1           conda-forge/linux-64           328 KB
  + libdeflate                             1.8  h7f98852_0           conda-forge/linux-64            67 KB
  + libedit                       3.1.20191231  he28a2e2_2           conda-forge/linux-64           Cached
  + libev                                 4.33  h516909a_1           conda-forge/linux-64           Cached
  + libffi                               3.4.2  h9c3ff4c_4           conda-forge/linux-64           Cached
  + libgcc-devel_linux-64                7.5.0  hda03d7c_19          conda-forge/linux-64             4 MB
  + libgcc-ng                           11.2.0  h1d223b6_11          conda-forge/linux-64           Cached
  + libgfortran-ng                       7.5.0  h14aa051_19          conda-forge/linux-64            22 KB
  + libgfortran4                         7.5.0  h14aa051_19          conda-forge/linux-64             1 MB
  + libglib                             2.68.4  h174f98d_1           conda-forge/linux-64             3 MB
  + libgomp                             11.2.0  h1d223b6_11          conda-forge/linux-64           Cached
  + libiconv                              1.16  h516909a_0           conda-forge/linux-64           Cached
  + liblapack                            3.8.0  17_openblas          conda-forge/linux-64            11 KB
  + libnghttp2                          1.43.0  h812cca2_1           conda-forge/linux-64           Cached
  + libnsl                               2.0.0  h7f98852_0           conda-forge/linux-64            31 KB
  + libopenblas                         0.3.10  pthreads_hb3c22a3_5  conda-forge/linux-64             8 MB
  + libpng                              1.6.37  h21135ba_2           conda-forge/linux-64           306 KB
  + libssh2                             1.10.0  ha56f1ee_2           conda-forge/linux-64           Cached
  + libstdcxx-devel_linux-64             7.5.0  hb016644_19          conda-forge/linux-64             9 MB
  + libstdcxx-ng                        11.2.0  he4da1e4_11          conda-forge/linux-64           Cached
  + libtiff                              4.3.0  h6f004c6_2           conda-forge/linux-64           614 KB
  + libuuid                             2.32.1  h7f98852_1000        conda-forge/linux-64            28 KB
  + libwebp-base                         1.2.1  h7f98852_0           conda-forge/linux-64           845 KB
  + libxcb                                1.13  h7f98852_1003        conda-forge/linux-64           395 KB
  + libxml2                             2.9.10  h68273f3_2           conda-forge/linux-64             1 MB
  + libzlib                             1.2.11  h36c2ea0_1013        conda-forge/linux-64           Cached
  + lz4-c                                1.9.3  h9c3ff4c_1           conda-forge/linux-64           Cached
  + make                                   4.3  hd18ef5c_1           conda-forge/linux-64           507 KB
  + ncurses                                6.2  h58526e2_4           conda-forge/linux-64           Cached
  + openssl                             1.1.1l  h7f98852_0           conda-forge/linux-64           Cached
  + pango                               1.42.4  h69149e4_5           conda-forge/linux-64           533 KB
  + pcre                                  8.45  h9c3ff4c_0           conda-forge/linux-64           253 KB
  + pcre2                                10.35  h032f7d1_2           conda-forge/linux-64           693 KB
  + pip                                   21.3  pyhd8ed1ab_0         conda-forge/noarch             Cached
  + pixman                              0.40.0  h36c2ea0_0           conda-forge/linux-64           627 KB
  + pthread-stubs                          0.4  h36c2ea0_1001        conda-forge/linux-64             5 KB
  + python                              3.10.0  h62f1059_2_cpython   conda-forge/linux-64            30 MB
  + r                                      4.0  r40hd8ed1ab_1004     conda-forge/noarch              15 KB
  + r-ape                                  5.5  r40h306847c_0        conda-forge/linux-64             3 MB
  + r-aplot                              0.1.1  r40hc72bb7e_0        conda-forge/noarch              61 KB
  + r-askpass                              1.1  r40hcfec24a_2        conda-forge/linux-64            28 KB
  + r-assertthat                         0.2.1  r40hc72bb7e_2        conda-forge/noarch              70 KB
  + r-backports                          1.2.1  r40hcfec24a_0        conda-forge/linux-64            99 KB
  + r-base                               4.0.2  he766273_1           conda-forge/linux-64            24 MB
  + r-bh                              1.75.0_0  r40hc72bb7e_0        conda-forge/noarch              11 MB
  + r-biocmanager                      1.30.16  r40hc72bb7e_0        conda-forge/noarch             341 KB
  + r-bit                                4.0.4  r40hcfec24a_0        conda-forge/linux-64           619 KB
  + r-bit64                              4.0.5  r40hcfec24a_0        conda-forge/linux-64           506 KB
  + r-bitops                             1.0_7  r40hcfec24a_0        conda-forge/linux-64            44 KB
  + r-blob                               1.2.2  r40hc72bb7e_0        conda-forge/noarch              64 KB
  + r-boot                              1.3_28  r40hc72bb7e_0        conda-forge/noarch             632 KB
  + r-brio                               1.1.2  r40hcfec24a_0        conda-forge/linux-64            38 KB
  + r-cachem                             1.0.6  r40hcfec24a_0        conda-forge/linux-64            72 KB
  + r-callr                              3.7.0  r40hc72bb7e_0        conda-forge/noarch             437 KB
  + r-checkmate                          2.0.0  r40hcfec24a_1        conda-forge/linux-64           656 KB
  + r-class                             7.3_19  r40hcfec24a_0        conda-forge/linux-64           107 KB
  + r-cli                                3.0.1  r40h03ef668_1        conda-forge/linux-64           703 KB
  + r-cluster                            2.1.0  r40h31ca83e_4        conda-forge/linux-64           553 KB
  + r-codetools                         0.2_18  r40hc72bb7e_0        conda-forge/noarch             106 KB
  + r-colorspace                         2.0_2  r40hcfec24a_0        conda-forge/linux-64             3 MB
  + r-cowplot                            1.1.1  r40hc72bb7e_0        conda-forge/noarch               1 MB
  + r-crayon                             1.4.1  r40hc72bb7e_0        conda-forge/noarch             146 KB
  + r-curl                               4.3.2  r40hcfec24a_0        conda-forge/linux-64           777 KB
  + r-data.table                        1.14.2  r40hcfec24a_0        conda-forge/linux-64             2 MB
  + r-dbi                                1.1.1  r40hc72bb7e_0        conda-forge/noarch             685 KB
  + r-desc                               1.4.0  r40hc72bb7e_0        conda-forge/noarch             554 KB
  + r-diffobj                            0.3.5  r40hcfec24a_0        conda-forge/linux-64             1 MB
  + r-digest                            0.6.28  r40h03ef668_0        conda-forge/linux-64           211 KB
  + r-downloader                           0.4  r40hc72bb7e_1003     conda-forge/noarch              34 KB
  + r-dplyr                              1.0.7  r40h03ef668_0        conda-forge/linux-64             1 MB
  + r-ellipsis                           0.3.2  r40hcfec24a_0        conda-forge/linux-64            42 KB
  + r-europepmc                          0.4.1  r40hc72bb7e_0        conda-forge/noarch             229 KB
  + r-evaluate                            0.14  r40hc72bb7e_2        conda-forge/noarch              81 KB
  + r-fansi                              0.5.0  r40hcfec24a_0        conda-forge/linux-64           221 KB
  + r-farver                             2.1.0  r40h03ef668_0        conda-forge/linux-64             1 MB
  + r-fastmap                            1.1.0  r40h03ef668_0        conda-forge/linux-64            69 KB
  + r-fastmatch                          1.1_3  r40hcfec24a_0        conda-forge/linux-64            47 KB
  + r-foreign                           0.8_81  r40hcfec24a_0        conda-forge/linux-64           274 KB
  + r-formatr                             1.11  r40hc72bb7e_0        conda-forge/noarch             165 KB
  + r-futile.logger                      1.4.3  r40hc72bb7e_1003     conda-forge/noarch             108 KB
  + r-futile.options                     1.0.1  r40hc72bb7e_1002     conda-forge/noarch              27 KB
  + r-generics                           0.1.0  r40hc72bb7e_0        conda-forge/noarch              83 KB
  + r-ggforce                            0.3.3  r40h03ef668_0        conda-forge/linux-64             2 MB
  + r-ggfun                              0.0.4  r40hc72bb7e_0        conda-forge/noarch             137 KB
  + r-ggplot2                            3.3.5  r40hc72bb7e_0        conda-forge/noarch               4 MB
  + r-ggplotify                          0.1.0  r40hc72bb7e_0        conda-forge/noarch             153 KB
  + r-ggraph                             2.0.5  r40h03ef668_0        conda-forge/linux-64             4 MB
  + r-ggrepel                            0.9.1  r40h03ef668_0        conda-forge/linux-64           429 KB
  + r-ggridges                           0.5.3  r40hc72bb7e_0        conda-forge/noarch               2 MB
  + r-glue                               1.4.2  r40hcfec24a_0        conda-forge/linux-64           141 KB
  + r-graphlayouts                       0.7.1  r40h03ef668_0        conda-forge/linux-64             2 MB
  + r-gridextra                            2.3  r40hc72bb7e_1003     conda-forge/noarch               1 MB
  + r-gridgraphics                       0.5_1  r40hc72bb7e_0        conda-forge/noarch             261 KB
  + r-gtable                             0.3.0  r40hc72bb7e_3        conda-forge/noarch             416 KB
  + r-hms                                1.1.1  r40hc72bb7e_0        conda-forge/noarch             106 KB
  + r-httr                               1.4.2  r40hc72bb7e_0        conda-forge/noarch             494 KB
  + r-igraph                             1.2.6  r40h084b37e_1        conda-forge/linux-64             4 MB
  + r-isoband                            0.2.5  r40h03ef668_0        conda-forge/linux-64             2 MB
  + r-jsonlite                           1.7.2  r40hcfec24a_0        conda-forge/linux-64           462 KB
  + r-kernsmooth                       2.23_18  r40h7679c2e_0        conda-forge/linux-64           104 KB
  + r-labeling                           0.4.2  r40hc72bb7e_0        conda-forge/noarch              67 KB
  + r-lambda.r                           1.2.4  r40hc72bb7e_1        conda-forge/noarch             120 KB
  + r-lattice                          0.20_45  r40hcfec24a_0        conda-forge/linux-64             1 MB
  + r-lazyeval                           0.2.2  r40hcfec24a_2        conda-forge/linux-64           165 KB
  + r-lifecycle                          1.0.1  r40hc72bb7e_0        conda-forge/noarch             109 KB
  + r-locfit                           1.5_9.4  r40hcfec24a_1        conda-forge/linux-64           568 KB
  + r-magrittr                           2.0.1  r40hcfec24a_1        conda-forge/linux-64           211 KB
  + r-mass                              7.3_54  r40hcfec24a_0        conda-forge/linux-64             1 MB
  + r-matrix                             1.3_4  r40he454529_0        conda-forge/linux-64             4 MB
  + r-matrixstats                       0.61.0  r40hcfec24a_0        conda-forge/linux-64           468 KB
  + r-memoise                            2.0.0  r40hc72bb7e_0        conda-forge/noarch              56 KB
  + r-mgcv                              1.8_38  r40he454529_0        conda-forge/linux-64             3 MB
  + r-mime                                0.12  r40hcfec24a_0        conda-forge/linux-64            51 KB
  + r-munsell                            0.5.0  r40hc72bb7e_1003     conda-forge/noarch             246 KB
  + r-nlme                             3.1_150  r40h31ca83e_0        conda-forge/linux-64             2 MB
  + r-nnet                              7.3_16  r40hcfec24a_0        conda-forge/linux-64           132 KB
  + r-openssl                            1.4.5  r40he36bf35_1        conda-forge/linux-64             1 MB
  + r-patchwork                          1.1.1  r40hc72bb7e_0        conda-forge/noarch               3 MB
  + r-pillar                             1.6.3  r40hc72bb7e_0        conda-forge/noarch            1019 KB
  + r-pkgconfig                          2.0.3  r40hc72bb7e_1        conda-forge/noarch              25 KB
  + r-pkgload                            1.2.2  r40h03ef668_0        conda-forge/linux-64           169 KB
  + r-plogr                              0.2.0  r40hc72bb7e_1003     conda-forge/noarch              20 KB
  + r-plyr                               1.8.6  r40h03ef668_1        conda-forge/linux-64           832 KB
  + r-png                                0.1_7  r40hcfec24a_1004     conda-forge/linux-64            58 KB
  + r-polyclip                          1.10_0  r40h03ef668_2        conda-forge/linux-64           130 KB
  + r-praise                             1.0.0  r40hc72bb7e_1004     conda-forge/noarch              23 KB
  + r-prettyunits                        1.1.1  r40hc72bb7e_1        conda-forge/noarch              41 KB
  + r-processx                           3.5.2  r40hcfec24a_0        conda-forge/linux-64           314 KB
  + r-progress                           1.2.2  r40hc72bb7e_2        conda-forge/noarch              91 KB
  + r-ps                                 1.6.0  r40hcfec24a_0        conda-forge/linux-64           300 KB
  + r-purrr                              0.3.4  r40hcfec24a_1        conda-forge/linux-64           410 KB
  + r-r6                                 2.5.1  r40hc72bb7e_0        conda-forge/noarch              89 KB
  + r-rappdirs                           0.3.3  r40hcfec24a_0        conda-forge/linux-64            50 KB
  + r-rcolorbrewer                       1.1_2  r40h785f33e_1003     conda-forge/noarch              64 KB
  + r-rcpp                               1.0.7  r40h03ef668_0        conda-forge/linux-64             2 MB
  + r-rcpparmadillo                 0.10.7.0.0  r40h306847c_0        conda-forge/linux-64             1 MB
  + r-rcppeigen                      0.3.3.9.1  r40h306847c_0        conda-forge/linux-64             2 MB
  + r-rcurl                           1.98_1.3  r40hcfec24a_0        conda-forge/linux-64           983 KB
  + r-recommended                          4.0  r40hd8ed1ab_1004     conda-forge/noarch              15 KB
  + r-rematch2                           2.1.2  r40hc72bb7e_1        conda-forge/noarch              52 KB
  + r-reshape2                           1.4.4  r40h03ef668_1        conda-forge/linux-64           128 KB
  + r-rlang                             0.4.11  r40hcfec24a_0        conda-forge/linux-64             1 MB
  + r-rpart                             4.1_15  r40hcfec24a_2        conda-forge/linux-64           730 KB
  + r-rprojroot                          2.0.2  r40hc72bb7e_0        conda-forge/noarch             110 KB
  + r-rsqlite                            2.2.8  r40h03ef668_0        conda-forge/linux-64             1 MB
  + r-rstudioapi                          0.13  r40hc72bb7e_0        conda-forge/noarch             281 KB
  + r-rvcheck                            0.2.0  r40hc72bb7e_0        conda-forge/noarch              38 KB
  + r-scales                             1.1.1  r40hc72bb7e_0        conda-forge/noarch             556 KB
  + r-scatterpie                         0.1.6  r40hc72bb7e_0        conda-forge/noarch             359 KB
  + r-snow                               0.4_3  r40hc72bb7e_1002     conda-forge/noarch             124 KB
  + r-spatial                           7.3_14  r40hcfec24a_0        conda-forge/linux-64           155 KB
  + r-stringi                            1.5.3  r40hca8494e_0        conda-forge/linux-64           805 KB
  + r-stringr                            1.4.0  r40hc72bb7e_2        conda-forge/noarch             210 KB
  + r-survival                          3.2_13  r40hcfec24a_0        conda-forge/linux-64             7 MB
  + r-sys                                  3.4  r40hcfec24a_0        conda-forge/linux-64            48 KB
  + r-testthat                           3.1.0  r40h03ef668_0        conda-forge/linux-64             2 MB
  + r-tibble                             3.1.5  r40hcfec24a_0        conda-forge/linux-64           763 KB
  + r-tidygraph                          1.2.0  r40h03ef668_0        conda-forge/linux-64           526 KB
  + r-tidyr                              1.1.4  r40h03ef668_0        conda-forge/linux-64           807 KB
  + r-tidyselect                         1.1.1  r40hc72bb7e_0        conda-forge/linux-64           196 KB
  + r-tidytree                           0.3.5  r40hc72bb7e_0        conda-forge/noarch             270 KB
  + r-triebeard                          0.3.0  r40h9c3ff4c_1003     conda-forge/linux-64           172 KB
  + r-tweenr                             1.0.2  r40h03ef668_0        conda-forge/linux-64           344 KB
  + r-urltools                           1.7.3  r40h03ef668_2        conda-forge/linux-64           305 KB
  + r-utf8                               1.2.2  r40hcfec24a_0        conda-forge/linux-64           162 KB
  + r-vctrs                              0.3.8  r40hcfec24a_1        conda-forge/linux-64             1 MB
  + r-viridis                            0.6.2  r40hc72bb7e_0        conda-forge/noarch               3 MB
  + r-viridislite                        0.4.0  r40hc72bb7e_0        conda-forge/noarch               1 MB
  + r-waldo                              0.3.1  r40hc72bb7e_0        conda-forge/noarch             103 KB
  + r-withr                              2.4.2  r40hc72bb7e_0        conda-forge/noarch             220 KB
  + r-xml                             3.99_0.6  r40hcfec24a_0        conda-forge/linux-64             2 MB
  + r-xml2                               1.3.2  r40h03ef668_1        conda-forge/linux-64           251 KB
  + r-xtable                             1.8_4  r40hc72bb7e_3        conda-forge/noarch             699 KB
  + r-yulab.utils                        0.0.4  r40hc72bb7e_0        conda-forge/noarch              35 KB
  + readline                               8.1  h46c0cb4_0           conda-forge/linux-64           Cached
  + sed                                    4.8  he412f7d_0           conda-forge/linux-64           264 KB
  + setuptools                          58.0.4  py310h06a4308_0      pkgs/main/linux-64             782 KB
  + sqlite                              3.36.0  h9cd32fc_2           conda-forge/linux-64           Cached
  + sysroot_linux-64                      2.12  he073ed8_14          conda-forge/noarch              32 MB
  + tk                                  8.6.11  h27826a3_1           conda-forge/linux-64           Cached
  + tktable                               2.10  hb7b940f_3           conda-forge/linux-64            89 KB
  + tzdata                               2021c  he74cb21_0           conda-forge/noarch             Cached
  + wheel                               0.37.0  pyhd8ed1ab_1         conda-forge/noarch             Cached
  + xorg-kbproto                         1.0.7  h7f98852_1002        conda-forge/linux-64            27 KB
  + xorg-libice                         1.0.10  h7f98852_0           conda-forge/linux-64            58 KB
  + xorg-libsm                           1.2.3  hd9c2040_1000        conda-forge/linux-64            26 KB
  + xorg-libx11                          1.7.2  h7f98852_0           conda-forge/linux-64           941 KB
  + xorg-libxau                          1.0.9  h7f98852_0           conda-forge/linux-64            13 KB
  + xorg-libxdmcp                        1.1.3  h7f98852_0           conda-forge/linux-64            19 KB
  + xorg-libxext                         1.3.4  h7f98852_1           conda-forge/linux-64            54 KB
  + xorg-libxrender                     0.9.10  h7f98852_1003        conda-forge/linux-64            32 KB
  + xorg-renderproto                    0.11.1  h7f98852_1002        conda-forge/linux-64             9 KB
  + xorg-xextproto                       7.3.0  h7f98852_1002        conda-forge/linux-64            28 KB
  + xorg-xproto                         7.0.31  h7f98852_1007        conda-forge/linux-64            73 KB
  + xz                                   5.2.5  h516909a_1           conda-forge/linux-64           Cached
  + zlib                                1.2.11  h36c2ea0_1013        conda-forge/linux-64           Cached
  + zstd                                 1.5.0  ha95c52a_0           conda-forge/linux-64           Cached

  Summary:

  Install: 261 packages

  Total download: 367 MB

────────────────────────────────────────────────────────────────────────────────────────────────────────────


## Package Plan ##

  environment location: /home/vsts/conda/conda-bld/bioconductor-linc_1634177947372/_test_env_placehold_placehold_placehold_placehold_placehold_placehold_placehold_placehold_placehold_placehold_placehold_placehold_placehold_placehold_placehold_placehold_placehold_placehold_plac


The following NEW packages will be INSTALLED:

    _libgcc_mutex:                0.1-conda_forge            conda-forge            
    _openmp_mutex:                4.5-1_gnu                  conda-forge            
    _r-mutex:                     1.0.1-anacondar_1          conda-forge            
    binutils_impl_linux-64:       2.36.1-h193b22a_2          conda-forge            
    binutils_linux-64:            2.36-hf3e587d_33           conda-forge            
    bioconductor-annotate:        1.66.0-r40_0               bioconda               
    bioconductor-annotationdbi:   1.50.0-r40_0               bioconda               
    bioconductor-biobase:         2.48.0-r40h037d062_0       bioconda               
    bioconductor-biocgenerics:    0.34.0-r40_0               bioconda               
    bioconductor-biocparallel:    1.22.0-r40h5f743cb_0       bioconda               
    bioconductor-clusterprofiler: 3.16.0-r40_0               bioconda               
    bioconductor-do.db:           2.9-0                      bioconda               
    bioconductor-dose:            3.14.0-r40_0               bioconda               
    bioconductor-edger:           3.30.0-r40h5f743cb_0       bioconda               
    bioconductor-enrichplot:      1.8.1-r40_0                bioconda               
    bioconductor-fgsea:           1.14.0-r40h5f743cb_0       bioconda               
    bioconductor-genefilter:      1.70.0-r40hc6cf775_0       bioconda               
    bioconductor-ggtree:          2.2.1-r40_0                bioconda               
    bioconductor-go.db:           3.11.4-r40_0               bioconda               
    bioconductor-gosemsim:        2.14.0-r40h5f743cb_0       bioconda               
    bioconductor-graph:           1.66.0-r40h037d062_0       bioconda               
    bioconductor-graphite:        1.34.0-r40_0               bioconda               
    bioconductor-iranges:         2.22.1-r40h037d062_0       bioconda               
    bioconductor-limma:           3.44.1-r40h037d062_0       bioconda               
    bioconductor-linc:            1.15.0-r40h5f743cb_0       file:///tmp/tmp8lizvvc7
    bioconductor-org.hs.eg.db:    3.11.4-r40_1               bioconda               
    bioconductor-qvalue:          2.20.0-r40_0               bioconda               
    bioconductor-reactome.db:     1.70.0-r40_1               bioconda               
    bioconductor-reactomepa:      1.32.0-r40_0               bioconda               
    bioconductor-s4vectors:       0.26.0-r40h037d062_0       bioconda               
    bioconductor-sva:             3.36.0-r40h037d062_0       bioconda               
    bioconductor-treeio:          1.12.0-r40_0               bioconda               
    bwidget:                      1.9.14-ha770c72_0          conda-forge            
    bzip2:                        1.0.8-h7f98852_4           conda-forge            
    c-ares:                       1.17.2-h7f98852_0          conda-forge            
    ca-certificates:              2021.10.8-ha878542_0       conda-forge            
    cairo:                        1.16.0-h9f066cc_1006       conda-forge            
    certifi:                      2021.5.30-py310h06a4308_0                         
    curl:                         7.76.1-h979ede3_1          conda-forge            
    fontconfig:                   2.13.1-hba837de_1005       conda-forge            
    freetype:                     2.10.4-h0708190_1          conda-forge            
    fribidi:                      1.0.10-h36c2ea0_0          conda-forge            
    gcc_impl_linux-64:            7.5.0-habd7529_19          conda-forge            
    gcc_linux-64:                 7.5.0-h47867f9_33          conda-forge            
    gettext:                      0.19.8.1-h73d1719_1008     conda-forge            
    gfortran_impl_linux-64:       7.5.0-h56cb351_19          conda-forge            
    gfortran_linux-64:            7.5.0-h78c8a43_33          conda-forge            
    glib:                         2.68.4-h9c3ff4c_1          conda-forge            
    glib-tools:                   2.68.4-h9c3ff4c_1          conda-forge            
    gmp:                          6.2.1-h58526e2_0           conda-forge            
    graphite2:                    1.3.13-h58526e2_1001       conda-forge            
    gsl:                          2.6-he838d99_2             conda-forge            
    gxx_impl_linux-64:            7.5.0-hd0bb8aa_19          conda-forge            
    gxx_linux-64:                 7.5.0-h555fc39_33          conda-forge            
    harfbuzz:                     2.7.2-ha5b49bf_1           conda-forge            
    icu:                          67.1-he1b5a44_0            conda-forge            
    jbig:                         2.1-h7f98852_2003          conda-forge            
    jpeg:                         9d-h36c2ea0_0              conda-forge            
    kernel-headers_linux-64:      2.6.32-he073ed8_14         conda-forge            
    krb5:                         1.17.2-h926e7f8_0          conda-forge            
    ld_impl_linux-64:             2.36.1-hea4e1c9_2          conda-forge            
    lerc:                         3.0-h9c3ff4c_0             conda-forge            
    libblas:                      3.8.0-17_openblas          conda-forge            
    libcblas:                     3.8.0-17_openblas          conda-forge            
    libcurl:                      7.76.1-hc4aaa36_1          conda-forge            
    libdeflate:                   1.8-h7f98852_0             conda-forge            
    libedit:                      3.1.20191231-he28a2e2_2    conda-forge            
    libev:                        4.33-h516909a_1            conda-forge            
    libffi:                       3.4.2-h9c3ff4c_4           conda-forge            
    libgcc-devel_linux-64:        7.5.0-hda03d7c_19          conda-forge            
    libgcc-ng:                    11.2.0-h1d223b6_11         conda-forge            
    libgfortran-ng:               7.5.0-h14aa051_19          conda-forge            
    libgfortran4:                 7.5.0-h14aa051_19          conda-forge            
    libglib:                      2.68.4-h174f98d_1          conda-forge            
    libgomp:                      11.2.0-h1d223b6_11         conda-forge            
    libiconv:                     1.16-h516909a_0            conda-forge            
    liblapack:                    3.8.0-17_openblas          conda-forge            
    libnghttp2:                   1.43.0-h812cca2_1          conda-forge            
    libnsl:                       2.0.0-h7f98852_0           conda-forge            
    libopenblas:                  0.3.10-pthreads_hb3c22a3_5 conda-forge            
    libpng:                       1.6.37-h21135ba_2          conda-forge            
    libssh2:                      1.10.0-ha56f1ee_2          conda-forge            
    libstdcxx-devel_linux-64:     7.5.0-hb016644_19          conda-forge            
    libstdcxx-ng:                 11.2.0-he4da1e4_11         conda-forge            
    libtiff:                      4.3.0-h6f004c6_2           conda-forge            
    libuuid:                      2.32.1-h7f98852_1000       conda-forge            
    libwebp-base:                 1.2.1-h7f98852_0           conda-forge            
    libxcb:                       1.13-h7f98852_1003         conda-forge            
    libxml2:                      2.9.10-h68273f3_2          conda-forge            
    libzlib:                      1.2.11-h36c2ea0_1013       conda-forge            
    lz4-c:                        1.9.3-h9c3ff4c_1           conda-forge            
    make:                         4.3-hd18ef5c_1             conda-forge            
    ncurses:                      6.2-h58526e2_4             conda-forge            
    openssl:                      1.1.1l-h7f98852_0          conda-forge            
    pango:                        1.42.4-h69149e4_5          conda-forge            
    pcre:                         8.45-h9c3ff4c_0            conda-forge            
    pcre2:                        10.35-h032f7d1_2           conda-forge            
    pip:                          21.3-pyhd8ed1ab_0          conda-forge            
    pixman:                       0.40.0-h36c2ea0_0          conda-forge            
    pthread-stubs:                0.4-h36c2ea0_1001          conda-forge            
    python:                       3.10.0-h62f1059_2_cpython  conda-forge            
    r:                            4.0-r40hd8ed1ab_1004       conda-forge            
    r-ape:                        5.5-r40h306847c_0          conda-forge            
    r-aplot:                      0.1.1-r40hc72bb7e_0        conda-forge            
    r-askpass:                    1.1-r40hcfec24a_2          conda-forge            
    r-assertthat:                 0.2.1-r40hc72bb7e_2        conda-forge            
    r-backports:                  1.2.1-r40hcfec24a_0        conda-forge            
    r-base:                       4.0.2-he766273_1           conda-forge            
    r-bh:                         1.75.0_0-r40hc72bb7e_0     conda-forge            
    r-biocmanager:                1.30.16-r40hc72bb7e_0      conda-forge            
    r-bit:                        4.0.4-r40hcfec24a_0        conda-forge            
    r-bit64:                      4.0.5-r40hcfec24a_0        conda-forge            
    r-bitops:                     1.0_7-r40hcfec24a_0        conda-forge            
    r-blob:                       1.2.2-r40hc72bb7e_0        conda-forge            
    r-boot:                       1.3_28-r40hc72bb7e_0       conda-forge            
    r-brio:                       1.1.2-r40hcfec24a_0        conda-forge            
    r-cachem:                     1.0.6-r40hcfec24a_0        conda-forge            
    r-callr:                      3.7.0-r40hc72bb7e_0        conda-forge            
    r-checkmate:                  2.0.0-r40hcfec24a_1        conda-forge            
    r-class:                      7.3_19-r40hcfec24a_0       conda-forge            
    r-cli:                        3.0.1-r40h03ef668_1        conda-forge            
    r-cluster:                    2.1.0-r40h31ca83e_4        conda-forge            
    r-codetools:                  0.2_18-r40hc72bb7e_0       conda-forge            
    r-colorspace:                 2.0_2-r40hcfec24a_0        conda-forge            
    r-cowplot:                    1.1.1-r40hc72bb7e_0        conda-forge            
    r-crayon:                     1.4.1-r40hc72bb7e_0        conda-forge            
    r-curl:                       4.3.2-r40hcfec24a_0        conda-forge            
    r-data.table:                 1.14.2-r40hcfec24a_0       conda-forge            
    r-dbi:                        1.1.1-r40hc72bb7e_0        conda-forge            
    r-desc:                       1.4.0-r40hc72bb7e_0        conda-forge            
    r-diffobj:                    0.3.5-r40hcfec24a_0        conda-forge            
    r-digest:                     0.6.28-r40h03ef668_0       conda-forge            
    r-downloader:                 0.4-r40hc72bb7e_1003       conda-forge            
    r-dplyr:                      1.0.7-r40h03ef668_0        conda-forge            
    r-ellipsis:                   0.3.2-r40hcfec24a_0        conda-forge            
    r-europepmc:                  0.4.1-r40hc72bb7e_0        conda-forge            
    r-evaluate:                   0.14-r40hc72bb7e_2         conda-forge            
    r-fansi:                      0.5.0-r40hcfec24a_0        conda-forge            
    r-farver:                     2.1.0-r40h03ef668_0        conda-forge            
    r-fastmap:                    1.1.0-r40h03ef668_0        conda-forge            
    r-fastmatch:                  1.1_3-r40hcfec24a_0        conda-forge            
    r-foreign:                    0.8_81-r40hcfec24a_0       conda-forge            
    r-formatr:                    1.11-r40hc72bb7e_0         conda-forge            
    r-futile.logger:              1.4.3-r40hc72bb7e_1003     conda-forge            
    r-futile.options:             1.0.1-r40hc72bb7e_1002     conda-forge            
    r-generics:                   0.1.0-r40hc72bb7e_0        conda-forge            
    r-ggforce:                    0.3.3-r40h03ef668_0        conda-forge            
    r-ggfun:                      0.0.4-r40hc72bb7e_0        conda-forge            
    r-ggplot2:                    3.3.5-r40hc72bb7e_0        conda-forge            
    r-ggplotify:                  0.1.0-r40hc72bb7e_0        conda-forge            
    r-ggraph:                     2.0.5-r40h03ef668_0        conda-forge            
    r-ggrepel:                    0.9.1-r40h03ef668_0        conda-forge            
    r-ggridges:                   0.5.3-r40hc72bb7e_0        conda-forge            
    r-glue:                       1.4.2-r40hcfec24a_0        conda-forge            
    r-graphlayouts:               0.7.1-r40h03ef668_0        conda-forge            
    r-gridextra:                  2.3-r40hc72bb7e_1003       conda-forge            
    r-gridgraphics:               0.5_1-r40hc72bb7e_0        conda-forge            
    r-gtable:                     0.3.0-r40hc72bb7e_3        conda-forge            
    r-hms:                        1.1.1-r40hc72bb7e_0        conda-forge            
    r-httr:                       1.4.2-r40hc72bb7e_0        conda-forge            
    r-igraph:                     1.2.6-r40h084b37e_1        conda-forge            
    r-isoband:                    0.2.5-r40h03ef668_0        conda-forge            
    r-jsonlite:                   1.7.2-r40hcfec24a_0        conda-forge            
    r-kernsmooth:                 2.23_18-r40h7679c2e_0      conda-forge            
    r-labeling:                   0.4.2-r40hc72bb7e_0        conda-forge            
    r-lambda.r:                   1.2.4-r40hc72bb7e_1        conda-forge            
    r-lattice:                    0.20_45-r40hcfec24a_0      conda-forge            
    r-lazyeval:                   0.2.2-r40hcfec24a_2        conda-forge            
    r-lifecycle:                  1.0.1-r40hc72bb7e_0        conda-forge            
    r-locfit:                     1.5_9.4-r40hcfec24a_1      conda-forge            
    r-magrittr:                   2.0.1-r40hcfec24a_1        conda-forge            
    r-mass:                       7.3_54-r40hcfec24a_0       conda-forge            
    r-matrix:                     1.3_4-r40he454529_0        conda-forge            
    r-matrixstats:                0.61.0-r40hcfec24a_0       conda-forge            
    r-memoise:                    2.0.0-r40hc72bb7e_0        conda-forge            
    r-mgcv:                       1.8_38-r40he454529_0       conda-forge            
    r-mime:                       0.12-r40hcfec24a_0         conda-forge            
    r-munsell:                    0.5.0-r40hc72bb7e_1003     conda-forge            
    r-nlme:                       3.1_150-r40h31ca83e_0      conda-forge            
    r-nnet:                       7.3_16-r40hcfec24a_0       conda-forge            
    r-openssl:                    1.4.5-r40he36bf35_1        conda-forge            
    r-patchwork:                  1.1.1-r40hc72bb7e_0        conda-forge            
    r-pillar:                     1.6.3-r40hc72bb7e_0        conda-forge            
    r-pkgconfig:                  2.0.3-r40hc72bb7e_1        conda-forge            
    r-pkgload:                    1.2.2-r40h03ef668_0        conda-forge            
    r-plogr:                      0.2.0-r40hc72bb7e_1003     conda-forge            
    r-plyr:                       1.8.6-r40h03ef668_1        conda-forge            
    r-png:                        0.1_7-r40hcfec24a_1004     conda-forge            
    r-polyclip:                   1.10_0-r40h03ef668_2       conda-forge            
    r-praise:                     1.0.0-r40hc72bb7e_1004     conda-forge            
    r-prettyunits:                1.1.1-r40hc72bb7e_1        conda-forge            
    r-processx:                   3.5.2-r40hcfec24a_0        conda-forge            
    r-progress:                   1.2.2-r40hc72bb7e_2        conda-forge            
    r-ps:                         1.6.0-r40hcfec24a_0        conda-forge            
    r-purrr:                      0.3.4-r40hcfec24a_1        conda-forge            
    r-r6:                         2.5.1-r40hc72bb7e_0        conda-forge            
    r-rappdirs:                   0.3.3-r40hcfec24a_0        conda-forge            
    r-rcolorbrewer:               1.1_2-r40h785f33e_1003     conda-forge            
    r-rcpp:                       1.0.7-r40h03ef668_0        conda-forge            
    r-rcpparmadillo:              0.10.7.0.0-r40h306847c_0   conda-forge            
    r-rcppeigen:                  0.3.3.9.1-r40h306847c_0    conda-forge            
    r-rcurl:                      1.98_1.3-r40hcfec24a_0     conda-forge            
    r-recommended:                4.0-r40hd8ed1ab_1004       conda-forge            
    r-rematch2:                   2.1.2-r40hc72bb7e_1        conda-forge            
    r-reshape2:                   1.4.4-r40h03ef668_1        conda-forge            
    r-rlang:                      0.4.11-r40hcfec24a_0       conda-forge            
    r-rpart:                      4.1_15-r40hcfec24a_2       conda-forge            
    r-rprojroot:                  2.0.2-r40hc72bb7e_0        conda-forge            
    r-rsqlite:                    2.2.8-r40h03ef668_0        conda-forge            
    r-rstudioapi:                 0.13-r40hc72bb7e_0         conda-forge            
    r-rvcheck:                    0.2.0-r40hc72bb7e_0        conda-forge            
    r-scales:                     1.1.1-r40hc72bb7e_0        conda-forge            
    r-scatterpie:                 0.1.6-r40hc72bb7e_0        conda-forge            
    r-snow:                       0.4_3-r40hc72bb7e_1002     conda-forge            
    r-spatial:                    7.3_14-r40hcfec24a_0       conda-forge            
    r-stringi:                    1.5.3-r40hca8494e_0        conda-forge            
    r-stringr:                    1.4.0-r40hc72bb7e_2        conda-forge            
    r-survival:                   3.2_13-r40hcfec24a_0       conda-forge            
    r-sys:                        3.4-r40hcfec24a_0          conda-forge            
    r-testthat:                   3.1.0-r40h03ef668_0        conda-forge            
    r-tibble:                     3.1.5-r40hcfec24a_0        conda-forge            
    r-tidygraph:                  1.2.0-r40h03ef668_0        conda-forge            
    r-tidyr:                      1.1.4-r40h03ef668_0        conda-forge            
    r-tidyselect:                 1.1.1-r40hc72bb7e_0        conda-forge            
    r-tidytree:                   0.3.5-r40hc72bb7e_0        conda-forge            
    r-triebeard:                  0.3.0-r40h9c3ff4c_1003     conda-forge            
    r-tweenr:                     1.0.2-r40h03ef668_0        conda-forge            
    r-urltools:                   1.7.3-r40h03ef668_2        conda-forge            
    r-utf8:                       1.2.2-r40hcfec24a_0        conda-forge            
    r-vctrs:                      0.3.8-r40hcfec24a_1        conda-forge            
    r-viridis:                    0.6.2-r40hc72bb7e_0        conda-forge            
    r-viridislite:                0.4.0-r40hc72bb7e_0        conda-forge            
    r-waldo:                      0.3.1-r40hc72bb7e_0        conda-forge            
    r-withr:                      2.4.2-r40hc72bb7e_0        conda-forge            
    r-xml:                        3.99_0.6-r40hcfec24a_0     conda-forge            
    r-xml2:                       1.3.2-r40h03ef668_1        conda-forge            
    r-xtable:                     1.8_4-r40hc72bb7e_3        conda-forge            
    r-yulab.utils:                0.0.4-r40hc72bb7e_0        conda-forge            
    readline:                     8.1-h46c0cb4_0             conda-forge            
    sed:                          4.8-he412f7d_0             conda-forge            
    setuptools:                   58.0.4-py310h06a4308_0                            
    sqlite:                       3.36.0-h9cd32fc_2          conda-forge            
    sysroot_linux-64:             2.12-he073ed8_14           conda-forge            
    tk:                           8.6.11-h27826a3_1          conda-forge            
    tktable:                      2.10-hb7b940f_3            conda-forge            
    tzdata:                       2021c-he74cb21_0           conda-forge            
    wheel:                        0.37.0-pyhd8ed1ab_1        conda-forge            
    xorg-kbproto:                 1.0.7-h7f98852_1002        conda-forge            
    xorg-libice:                  1.0.10-h7f98852_0          conda-forge            
    xorg-libsm:                   1.2.3-hd9c2040_1000        conda-forge            
    xorg-libx11:                  1.7.2-h7f98852_0           conda-forge            
    xorg-libxau:                  1.0.9-h7f98852_0           conda-forge            
    xorg-libxdmcp:                1.1.3-h7f98852_0           conda-forge            
    xorg-libxext:                 1.3.4-h7f98852_1           conda-forge            
    xorg-libxrender:              0.9.10-h7f98852_1003       conda-forge            
    xorg-renderproto:             0.11.1-h7f98852_1002       conda-forge            
    xorg-xextproto:               7.3.0-h7f98852_1002        conda-forge            
    xorg-xproto:                  7.0.31-h7f98852_1007       conda-forge            
    xz:                           5.2.5-h516909a_1           conda-forge            
    zlib:                         1.2.11-h36c2ea0_1013       conda-forge            
    zstd:                         1.5.0-ha95c52a_0           conda-forge            

Preparing transaction: ...working... done
Verifying transaction: ...working... done
Executing transaction: ...working... done
export PREFIX=/home/vsts/conda/conda-bld/bioconductor-linc_1634177947372/_test_env_placehold_placehold_placehold_placehold_placehold_placehold_placehold_placehold_placehold_placehold_placehold_placehold_placehold_placehold_placehold_placehold_placehold_placehold_plac
export SRC_DIR=/home/vsts/conda/conda-bld/bioconductor-linc_1634177947372/test_tmp
INFO: activate-binutils_linux-64.sh made the following environmental changes:
+ADDR2LINE=$PREFIX/bin/x86_64-conda-linux-gnu-addr2line
+AR=$PREFIX/bin/x86_64-conda-linux-gnu-ar
+AS=$PREFIX/bin/x86_64-conda-linux-gnu-as
+CXXFILT=$PREFIX/bin/x86_64-conda-linux-gnu-c++filt
+ELFEDIT=$PREFIX/bin/x86_64-conda-linux-gnu-elfedit
+GPROF=$PREFIX/bin/x86_64-conda-linux-gnu-gprof
+LD=$PREFIX/bin/x86_64-conda-linux-gnu-ld
+LD_GOLD=$PREFIX/bin/x86_64-conda-linux-gnu-ld.gold
+NM=$PREFIX/bin/x86_64-conda-linux-gnu-nm
+OBJCOPY=$PREFIX/bin/x86_64-conda-linux-gnu-objcopy
+OBJDUMP=$PREFIX/bin/x86_64-conda-linux-gnu-objdump
+RANLIB=$PREFIX/bin/x86_64-conda-linux-gnu-ranlib
+READELF=$PREFIX/bin/x86_64-conda-linux-gnu-readelf
+SIZE=$PREFIX/bin/x86_64-conda-linux-gnu-size
+STRINGS=$PREFIX/bin/x86_64-conda-linux-gnu-strings
+STRIP=$PREFIX/bin/x86_64-conda-linux-gnu-strip
INFO: activate-gcc_linux-64.sh made the following environmental changes:
+BUILD=x86_64-conda-linux-gnu
+CC=$PREFIX/bin/x86_64-conda-linux-gnu-cc
+CC_FOR_BUILD=$PREFIX/bin/x86_64-conda-linux-gnu-cc
+CFLAGS=-march=nocona -mtune=haswell -ftree-vectorize -fPIC -fstack-protector-strong -fno-plt -O2 -ffunction-sections -pipe -isystem $PREFIX/include -fdebug-prefix-map=$SRC_DIR=/usr/local/src/conda/bioconductor-linc-1.15.0 -fdebug-prefix-map=$PREFIX=/usr/local/src/conda-prefix
+CMAKE_ARGS=-DCMAKE_AR=$PREFIX/bin/x86_64-conda-linux-gnu-ar -DCMAKE_CXX_COMPILER_AR=$PREFIX/bin/x86_64-conda-linux-gnu-gcc-ar -DCMAKE_C_COMPILER_AR=$PREFIX/bin/x86_64-conda-linux-gnu-gcc-ar -DCMAKE_RANLIB=$PREFIX/bin/x86_64-conda-linux-gnu-ranlib -DCMAKE_CXX_COMPILER_RANLIB=$PREFIX/bin/x86_64-conda-linux-gnu-gcc-ranlib -DCMAKE_C_COMPILER_RANLIB=$PREFIX/bin/x86_64-conda-linux-gnu-gcc-ranlib -DCMAKE_LINKER=$PREFIX/bin/x86_64-conda-linux-gnu-ld -DCMAKE_STRIP=$PREFIX/bin/x86_64-conda-linux-gnu-strip -DCMAKE_FIND_ROOT_PATH_MODE_PROGRAM=NEVER -DCMAKE_FIND_ROOT_PATH_MODE_LIBRARY=ONLY -DCMAKE_FIND_ROOT_PATH_MODE_INCLUDE=ONLY -DCMAKE_FIND_ROOT_PATH=$PREFIX;/home/vsts/conda/conda-bld/bioconductor-linc_1634177947372/_build_env/x86_64-conda-linux-gnu/sysroot -DCMAKE_INSTALL_PREFIX=$PREFIX -DCMAKE_INSTALL_LIBDIR=lib
+CMAKE_PREFIX_PATH=$PREFIX:$PREFIX/x86_64-conda-linux-gnu/sysroot/usr
+CONDA_BUILD_SYSROOT=$PREFIX/x86_64-conda-linux-gnu/sysroot
+CONDA_TOOLCHAIN_BUILD=x86_64-conda-linux-gnu
+CONDA_TOOLCHAIN_HOST=x86_64-conda-linux-gnu
+CPP=$PREFIX/bin/x86_64-conda-linux-gnu-cpp
+CPPFLAGS=-DNDEBUG -D_FORTIFY_SOURCE=2 -O2 -isystem $PREFIX/include
+DEBUG_CFLAGS=-march=nocona -mtune=haswell -ftree-vectorize -fPIC -fstack-protector-all -fno-plt -Og -g -Wall -Wextra -fvar-tracking-assignments -ffunction-sections -pipe -isystem $PREFIX/include -fdebug-prefix-map=$SRC_DIR=/usr/local/src/conda/bioconductor-linc-1.15.0 -fdebug-prefix-map=$PREFIX=/usr/local/src/conda-prefix
+DEBUG_CPPFLAGS=-D_DEBUG -D_FORTIFY_SOURCE=2 -Og -isystem $PREFIX/include
+GCC=$PREFIX/bin/x86_64-conda-linux-gnu-gcc
+GCC_AR=$PREFIX/bin/x86_64-conda-linux-gnu-gcc-ar
+GCC_NM=$PREFIX/bin/x86_64-conda-linux-gnu-gcc-nm
+GCC_RANLIB=$PREFIX/bin/x86_64-conda-linux-gnu-gcc-ranlib
+HOST=x86_64-conda-linux-gnu
+LDFLAGS=-Wl,-O2 -Wl,--sort-common -Wl,--as-needed -Wl,-z,relro -Wl,-z,now -Wl,--disable-new-dtags -Wl,--gc-sections -Wl,-rpath,$PREFIX/lib -Wl,-rpath-link,$PREFIX/lib -L$PREFIX/lib
+_CONDA_PYTHON_SYSCONFIGDATA_NAME=_sysconfigdata_x86_64_conda_cos6_linux_gnu
+build_alias=x86_64-conda-linux-gnu
+host_alias=x86_64-conda-linux-gnu
-BUILD=x86_64-conda_cos6-linux-gnu
INFO: activate-gfortran_linux-64.sh made the following environmental changes:
+DEBUG_FFLAGS=-fopenmp -march=nocona -mtune=haswell -ftree-vectorize -fPIC -fstack-protector-strong -fno-plt -O2 -ffunction-sections -pipe -isystem $PREFIX/include -fdebug-prefix-map=$SRC_DIR=/usr/local/src/conda/bioconductor-linc-1.15.0 -fdebug-prefix-map=$PREFIX=/usr/local/src/conda-prefix -fopenmp -march=nocona -mtune=haswell -ftree-vectorize -fPIC -fstack-protector-all -fno-plt -Og -g -Wall -Wextra -fcheck=all -fbacktrace -fimplicit-none -fvar-tracking-assignments -ffunction-sections -pipe
+DEBUG_FORTRANFLAGS=-fopenmp -march=nocona -mtune=haswell -ftree-vectorize -fPIC -fstack-protector-strong -fno-plt -O2 -ffunction-sections -pipe -isystem $PREFIX/include -fdebug-prefix-map=$SRC_DIR=/usr/local/src/conda/bioconductor-linc-1.15.0 -fdebug-prefix-map=$PREFIX=/usr/local/src/conda-prefix -fopenmp -march=nocona -mtune=haswell -ftree-vectorize -fPIC -fstack-protector-all -fno-plt -Og -g -Wall -Wextra -fcheck=all -fbacktrace -fimplicit-none -fvar-tracking-assignments -ffunction-sections -pipe
+F77=$PREFIX/bin/x86_64-conda-linux-gnu-gfortran
+F90=$PREFIX/bin/x86_64-conda-linux-gnu-gfortran
+F95=$PREFIX/bin/x86_64-conda-linux-gnu-f95
+FC=$PREFIX/bin/x86_64-conda-linux-gnu-gfortran
+FFLAGS=-fopenmp -march=nocona -mtune=haswell -ftree-vectorize -fPIC -fstack-protector-strong -fno-plt -O2 -ffunction-sections -pipe -isystem $PREFIX/include -fdebug-prefix-map=$SRC_DIR=/usr/local/src/conda/bioconductor-linc-1.15.0 -fdebug-prefix-map=$PREFIX=/usr/local/src/conda-prefix
+FORTRANFLAGS=-fopenmp -march=nocona -mtune=haswell -ftree-vectorize -fPIC -fstack-protector-strong -fno-plt -O2 -ffunction-sections -pipe -isystem $PREFIX/include -fdebug-prefix-map=$SRC_DIR=/usr/local/src/conda/bioconductor-linc-1.15.0 -fdebug-prefix-map=$PREFIX=/usr/local/src/conda-prefix
+GFORTRAN=$PREFIX/bin/x86_64-conda-linux-gnu-gfortran
INFO: activate-gxx_linux-64.sh made the following environmental changes:
+CXX=$PREFIX/bin/x86_64-conda-linux-gnu-c++
+CXXFLAGS=-fvisibility-inlines-hidden -std=c++17 -fmessage-length=0 -march=nocona -mtune=haswell -ftree-vectorize -fPIC -fstack-protector-strong -fno-plt -O2 -ffunction-sections -pipe -isystem $PREFIX/include -fdebug-prefix-map=$SRC_DIR=/usr/local/src/conda/bioconductor-linc-1.15.0 -fdebug-prefix-map=$PREFIX=/usr/local/src/conda-prefix
+CXX_FOR_BUILD=$PREFIX/bin/x86_64-conda-linux-gnu-c++
+DEBUG_CXXFLAGS=-fvisibility-inlines-hidden -std=c++17 -fmessage-length=0 -march=nocona -mtune=haswell -ftree-vectorize -fPIC -fstack-protector-all -fno-plt -Og -g -Wall -Wextra -fvar-tracking-assignments -ffunction-sections -pipe -isystem $PREFIX/include -fdebug-prefix-map=$SRC_DIR=/usr/local/src/conda/bioconductor-linc-1.15.0 -fdebug-prefix-map=$PREFIX=/usr/local/src/conda-prefix
+GXX=$PREFIX/bin/x86_64-conda-linux-gnu-g++

R version 4.0.2 (2020-06-22) -- "Taking Off Again"
Copyright (C) 2020 The R Foundation for Statistical Computing
Platform: x86_64-conda_cos6-linux-gnu (64-bit)

R is free software and comes with ABSOLUTELY NO WARRANTY.
You are welcome to redistribute it under certain conditions.
Type 'license()' or 'licence()' for distribution details.

R is a collaborative project with many contributors.
Type 'contributors()' for more information and
'citation()' on how to cite R or R packages in publications.

Type 'demo()' for some demos, 'help()' for on-line help, or
'help.start()' for an HTML browser interface to help.
Type 'q()' to quit R.

> library('LINC')

Leaving build/test directories:
  Work:
 /home/vsts/conda/conda-bld/work 
  Test:
 /home/vsts/conda/conda-bld/test_tmp 
Leaving build/test environments:
  Test:
source activate  /home/vsts/conda/conda-bld/_test_env_placehold_placehold_placehold_placehold_placehold_placehold_placehold_placehold_placehold_placehold_placehold_placehold_placehold_placehold_placehold_placehold_placehold_placehold_placehold_placehold_placehold_placeh 
  Build:
source activate  /home/vsts/conda/conda-bld/_build_env 


