Updating build index: /Users/runner/conda/conda-bld

TEST START: /var/folders/24/8k48jl6d249_n_qfxwsl6xvm0000gn/T/tmpryoz2zqd/noarch/pbaa-1.0.3-hdfd78af_0.tar.bz2
Reloading output folder: /Users/runner/conda/conda-bld

## Package Plan ##

  environment location: /Users/runner/conda/conda-bld/pbaa_1635871531718/_test_env_placehold_placehold_placehold_placehold_placehold_placehold_placehold_placehold_placehold_placehold_placehold_placehold_placehold_placehold_placehold_placehold_placehold_placehold_placehold_plac


The following NEW packages will be INSTALLED:

    pbaa: 1.0.3-hdfd78af_0 file:///var/folders/24/8k48jl6d249_n_qfxwsl6xvm0000gn/T/tmpryoz2zqd

Preparing transaction: ...working... done
Verifying transaction: ...working... done
Executing transaction: ...working... 
##############################################################################
#                                                                            #
# PacBio(R) tools distributed via Bioconda are: pre-release versions, not    #
# necessarily ISO compliant, intended for Research Use Only and not for use  #
# in diagnostic procedures, intended only for command-line users, and        #
# possibly newer than the currently available SMRT(R) Analysis builds. While #
# efforts have been made to ensure that releases on Bioconda live up to the  #
# quality that PacBio strives for, we make no warranty regarding any         #
# Bioconda release.                                                          #
#                                                                            #
# As PacBio tools distributed via Bioconda are not covered by any service    #
# level agreement or the like, please *do not* contact a PacBio Field        #
# Applications Scientist or PacBio Customer Service for assistance with any  #
# Bioconda release. We instead provide an issue tracker for you to report    #
# issues to us at:                                                           #
#                                                                            #
#   https://github.com/PacificBiosciences/pbbioconda                         #
#                                                                            #
# We make no warranty that any such issue will be addressed,                 #
# to any extent or within any time frame.                                    #
#                                                                            #
# BSD 3-Clause Clear License                                                 #
#                                                                            #
# Please see https://github.com/PacificBiosciences/pbbioconda for            #
# information on License, Copyright and Disclaimer                           #
#                                                                            #
##############################################################################

done
export PREFIX=/Users/runner/conda/conda-bld/pbaa_1635871531718/_test_env_placehold_placehold_placehold_placehold_placehold_placehold_placehold_placehold_placehold_placehold_placehold_placehold_placehold_placehold_placehold_placehold_placehold_placehold_placehold_plac
export SRC_DIR=/Users/runner/conda/conda-bld/pbaa_1635871531718/test_tmp

Leaving build/test directories:
  Work:
 /Users/runner/conda/conda-bld/work 
  Test:
 /Users/runner/conda/conda-bld/test_tmp 
Leaving build/test environments:
  Test:
source activate  /Users/runner/conda/conda-bld/_test_env_placehold_placehold_placehold_placehold_placehold_placehold_placehold_placehold_placehold_placehold_placehold_placehold_placehold_placehold_placehold_placehold_placehold_placehold_placehold_placehold_placehold_pla 
  Build:
source activate  /Users/runner/conda/conda-bld/_build_env 


