Updating build index: /home/vsts/conda/conda-bld

TEST START: /tmp/tmp4xi3cqhh/linux-64/yanc-0.3.3-py36_1.tar.bz2
Adding in variants from internal_defaults
Mamba failed to solve:
 - yanc 0.3.3 py39_1
 - python
 - setuptools
 - nose
 - python

with channels:
 - file:///tmp/tmp4xi3cqhh

The reported errors are:
   Encountered problems while solving:
     - nothing provides requested yanc 0.3.3 py39_1
   

Leaving build/test directories:
  Work:
 /home/vsts/conda/conda-bld/work 
  Test:
 /home/vsts/conda/conda-bld/test_tmp 
Leaving build/test environments:
  Test:
source activate  /home/vsts/conda/conda-bld/_test_env_placehold_placehold_placehold_placehold_placehold_placehold_placehold_placehold_placehold_placehold_placehold_placehold_placehold_placehold_placehold_placehold_placehold_placehold_placehold_placehold_placehold_placeh 
  Build:
source activate  /home/vsts/conda/conda-bld/_build_env 


