Updating build index: /Users/runner/conda/conda-bld

TEST START: /var/folders/24/8k48jl6d249_n_qfxwsl6xvm0000gn/T/tmpo7vpec58/noarch/pylprotpredictor-1.0.2-pyh864c0ab_1.tar.bz2
Reloading output folder: /Users/runner/conda/conda-bld
  Package                 Version  Build               Channel                                                                   Size
───────────────────────────────────────────────────────────────────────────────────────────────────────────────────────────────────────
  Install:
───────────────────────────────────────────────────────────────────────────────────────────────────────────────────────────────────────

  + attrs                  21.2.0  pyhd8ed1ab_0        conda-forge/noarch                                                      Cached
  + biopython                1.79  py39h89e85a6_0      conda-forge/osx-64                                                        3 MB
  + boost-cpp              1.74.0  hff03dee_4          conda-forge/osx-64                                                       16 MB
  + brotlipy                0.7.0  py39h89e85a6_1001   conda-forge/osx-64                                                      Cached
  + bzip2                   1.0.8  h0d85af4_4          conda-forge/osx-64                                                      Cached
  + ca-certificates     2021.10.8  h033912b_0          conda-forge/osx-64                                                      Cached
  + certifi             2021.10.8  py39h6e9494a_0      conda-forge/osx-64                                                      Cached
  + cffi                   1.14.6  py39he338e87_1      conda-forge/osx-64                                                      Cached
  + chardet                 4.0.0  py39h6e9494a_1      conda-forge/osx-64                                                      Cached
  + charset-normalizer      2.0.0  pyhd8ed1ab_0        conda-forge/noarch                                                      Cached
  + codecov                2.1.11  pyhd3deb0d_0        conda-forge/noarch                                                       20 KB
  + coverage                6.0.2  py39h89e85a6_0      conda-forge/osx-64                                                      281 KB
  + cryptography           35.0.0  py39heaea23e_0      conda-forge/osx-64                                                      Cached
  + diamond                2.0.12  h4de6764_0          bioconda/osx-64                                                           2 MB
  + flake8                  4.0.1  pyhd8ed1ab_0        conda-forge/noarch                                                       83 KB
  + icu                      68.1  h74dc148_0          conda-forge/osx-64                                                      Cached
  + idna                      3.1  pyhd3deb0d_0        conda-forge/noarch                                                      Cached
  + importlib-metadata      4.8.1  py39h6e9494a_0      conda-forge/osx-64                                                      Cached
  + iniconfig               1.1.1  pyh9f0ad1d_0        conda-forge/noarch                                                        8 KB
  + libblas                 3.9.0  12_osx64_openblas   conda-forge/osx-64                                                      Cached
  + libcblas                3.9.0  12_osx64_openblas   conda-forge/osx-64                                                      Cached
  + libcxx                 12.0.1  habf9029_0          conda-forge/osx-64                                                      Cached
  + libffi                  3.4.2  he49afe7_4          conda-forge/osx-64                                                      Cached
  + libgfortran             5.0.0  9_3_0_h6c81a4c_23   conda-forge/osx-64                                                      Cached
  + libgfortran5            9.3.0  h6c81a4c_23         conda-forge/osx-64                                                      Cached
  + liblapack               3.9.0  12_osx64_openblas   conda-forge/osx-64                                                      Cached
  + libopenblas            0.3.18  openmp_h3351f45_0   conda-forge/osx-64                                                      Cached
  + libzlib                1.2.11  h9173be1_1013       conda-forge/osx-64                                                      Cached
  + llvm-openmp            12.0.1  hda6cdc1_1          conda-forge/osx-64                                                      Cached
  + lz4-c                   1.9.3  he49afe7_1          conda-forge/osx-64                                                      Cached
  + mccabe                  0.6.1  py_1                conda-forge/noarch                                                        8 KB
  + more-itertools         8.10.0  pyhd8ed1ab_0        conda-forge/noarch                                                       44 KB
  + ncurses                   6.2  h2e338ed_4          conda-forge/osx-64                                                      Cached
  + numpy                  1.21.3  py39h7eed0ac_0      conda-forge/osx-64                                                      Cached
  + openssl                1.1.1l  h0d85af4_0          conda-forge/osx-64                                                      Cached
  + packaging                21.0  pyhd8ed1ab_0        conda-forge/noarch                                                       35 KB
  + pandas                  1.3.4  py39h4d6be9b_0      conda-forge/osx-64                                                       12 MB
  + pip                    21.3.1  pyhd8ed1ab_0        conda-forge/noarch                                                      Cached
  + pluggy                  1.0.0  py39h6e9494a_1      conda-forge/osx-64                                                       25 KB
  + prodigal                2.6.3  hb4d813b_3          bioconda/osx-64                                                         399 KB
  + py                     1.10.0  pyhd3deb0d_0        conda-forge/noarch                                                       73 KB
  + pycodestyle             2.8.0  pyhd8ed1ab_0        conda-forge/noarch                                                       39 KB
  + pycparser                2.20  pyh9f0ad1d_2        conda-forge/noarch                                                      Cached
  + pyflakes                2.4.0  pyhd8ed1ab_0        conda-forge/noarch                                                       58 KB
  + pylprotpredictor        1.0.2  pyh864c0ab_1        /var/folders/24/8k48jl6d249_n_qfxwsl6xvm0000gn/T/tmpo7vpec58/noarch      21 KB
  + pyopenssl              21.0.0  pyhd8ed1ab_0        conda-forge/noarch                                                      Cached
  + pyparsing               2.4.7  pyh9f0ad1d_0        conda-forge/noarch                                                       60 KB
  + pysocks                 1.7.1  py39h6e9494a_3      conda-forge/osx-64                                                      Cached
  + pytest                  6.2.5  py39h6e9494a_0      conda-forge/osx-64                                                      432 KB
  + pytest-cov              3.0.0  pyhd8ed1ab_0        conda-forge/noarch                                                       21 KB
  + python                  3.9.7  h1248fe1_3_cpython  conda-forge/osx-64                                                      Cached
  + python-dateutil         2.8.2  pyhd8ed1ab_0        conda-forge/noarch                                                      240 KB
  + python_abi                3.9  2_cp39              conda-forge/osx-64                                                      Cached
  + pytz                   2021.3  pyhd8ed1ab_0        conda-forge/noarch                                                      Cached
  + readline                  8.1  h05e3726_0          conda-forge/osx-64                                                      Cached
  + requests               2.26.0  pyhd8ed1ab_0        conda-forge/noarch                                                      Cached
  + setuptools             58.2.0  py39h6e9494a_0      conda-forge/osx-64                                                      Cached
  + six                    1.16.0  pyh6c4a22f_0        conda-forge/noarch                                                      Cached
  + sqlite                 3.36.0  h23a322b_2          conda-forge/osx-64                                                      Cached
  + tk                     8.6.11  h5dbffcc_1          conda-forge/osx-64                                                      Cached
  + toml                   0.10.2  pyhd8ed1ab_0        conda-forge/noarch                                                       18 KB
  + tomli                   1.2.1  pyhd8ed1ab_0        conda-forge/noarch                                                       15 KB
  + tzdata                  2021e  he74cb21_0          conda-forge/noarch                                                      Cached
  + urllib3                1.26.7  pyhd8ed1ab_0        conda-forge/noarch                                                      Cached
  + wheel                  0.37.0  pyhd8ed1ab_1        conda-forge/noarch                                                      Cached
  + xz                      5.2.5  haf1e3a3_1          conda-forge/osx-64                                                      Cached
  + zipp                    3.6.0  pyhd8ed1ab_0        conda-forge/noarch                                                      Cached
  + zlib                   1.2.11  h9173be1_1013       conda-forge/osx-64                                                      Cached
  + zstd                    1.5.0  h582d3a0_0          conda-forge/osx-64                                                      Cached

  Summary:

  Install: 69 packages

  Total download: 34 MB

───────────────────────────────────────────────────────────────────────────────────────────────────────────────────────────────────────


## Package Plan ##

  environment location: /Users/runner/conda/conda-bld/pylprotpredictor_1634950808635/_test_env_placehold_placehold_placehold_placehold_placehold_placehold_placehold_placehold_placehold_placehold_placehold_placehold_placehold_placehold_placehold_placehold_placehold_placehold_pl


The following NEW packages will be INSTALLED:

    attrs:              21.2.0-pyhd8ed1ab_0      conda-forge                                                        
    biopython:          1.79-py39h89e85a6_0      conda-forge                                                        
    boost-cpp:          1.74.0-hff03dee_4        conda-forge                                                        
    brotlipy:           0.7.0-py39h89e85a6_1001  conda-forge                                                        
    bzip2:              1.0.8-h0d85af4_4         conda-forge                                                        
    ca-certificates:    2021.10.8-h033912b_0     conda-forge                                                        
    certifi:            2021.10.8-py39h6e9494a_0 conda-forge                                                        
    cffi:               1.14.6-py39he338e87_1    conda-forge                                                        
    chardet:            4.0.0-py39h6e9494a_1     conda-forge                                                        
    charset-normalizer: 2.0.0-pyhd8ed1ab_0       conda-forge                                                        
    codecov:            2.1.11-pyhd3deb0d_0      conda-forge                                                        
    coverage:           6.0.2-py39h89e85a6_0     conda-forge                                                        
    cryptography:       35.0.0-py39heaea23e_0    conda-forge                                                        
    diamond:            2.0.12-h4de6764_0        bioconda                                                           
    flake8:             4.0.1-pyhd8ed1ab_0       conda-forge                                                        
    icu:                68.1-h74dc148_0          conda-forge                                                        
    idna:               3.1-pyhd3deb0d_0         conda-forge                                                        
    importlib-metadata: 4.8.1-py39h6e9494a_0     conda-forge                                                        
    iniconfig:          1.1.1-pyh9f0ad1d_0       conda-forge                                                        
    libblas:            3.9.0-12_osx64_openblas  conda-forge                                                        
    libcblas:           3.9.0-12_osx64_openblas  conda-forge                                                        
    libcxx:             12.0.1-habf9029_0        conda-forge                                                        
    libffi:             3.4.2-he49afe7_4         conda-forge                                                        
    libgfortran:        5.0.0-9_3_0_h6c81a4c_23  conda-forge                                                        
    libgfortran5:       9.3.0-h6c81a4c_23        conda-forge                                                        
    liblapack:          3.9.0-12_osx64_openblas  conda-forge                                                        
    libopenblas:        0.3.18-openmp_h3351f45_0 conda-forge                                                        
    libzlib:            1.2.11-h9173be1_1013     conda-forge                                                        
    llvm-openmp:        12.0.1-hda6cdc1_1        conda-forge                                                        
    lz4-c:              1.9.3-he49afe7_1         conda-forge                                                        
    mccabe:             0.6.1-py_1               conda-forge                                                        
    more-itertools:     8.10.0-pyhd8ed1ab_0      conda-forge                                                        
    ncurses:            6.2-h2e338ed_4           conda-forge                                                        
    numpy:              1.21.3-py39h7eed0ac_0    conda-forge                                                        
    openssl:            1.1.1l-h0d85af4_0        conda-forge                                                        
    packaging:          21.0-pyhd8ed1ab_0        conda-forge                                                        
    pandas:             1.3.4-py39h4d6be9b_0     conda-forge                                                        
    pip:                21.3.1-pyhd8ed1ab_0      conda-forge                                                        
    pluggy:             1.0.0-py39h6e9494a_1     conda-forge                                                        
    prodigal:           2.6.3-hb4d813b_3         bioconda                                                           
    py:                 1.10.0-pyhd3deb0d_0      conda-forge                                                        
    pycodestyle:        2.8.0-pyhd8ed1ab_0       conda-forge                                                        
    pycparser:          2.20-pyh9f0ad1d_2        conda-forge                                                        
    pyflakes:           2.4.0-pyhd8ed1ab_0       conda-forge                                                        
    pylprotpredictor:   1.0.2-pyh864c0ab_1       file:///var/folders/24/8k48jl6d249_n_qfxwsl6xvm0000gn/T/tmpo7vpec58
    pyopenssl:          21.0.0-pyhd8ed1ab_0      conda-forge                                                        
    pyparsing:          2.4.7-pyh9f0ad1d_0       conda-forge                                                        
    pysocks:            1.7.1-py39h6e9494a_3     conda-forge                                                        
    pytest:             6.2.5-py39h6e9494a_0     conda-forge                                                        
    pytest-cov:         3.0.0-pyhd8ed1ab_0       conda-forge                                                        
    python:             3.9.7-h1248fe1_3_cpython conda-forge                                                        
    python-dateutil:    2.8.2-pyhd8ed1ab_0       conda-forge                                                        
    python_abi:         3.9-2_cp39               conda-forge                                                        
    pytz:               2021.3-pyhd8ed1ab_0      conda-forge                                                        
    readline:           8.1-h05e3726_0           conda-forge                                                        
    requests:           2.26.0-pyhd8ed1ab_0      conda-forge                                                        
    setuptools:         58.2.0-py39h6e9494a_0    conda-forge                                                        
    six:                1.16.0-pyh6c4a22f_0      conda-forge                                                        
    sqlite:             3.36.0-h23a322b_2        conda-forge                                                        
    tk:                 8.6.11-h5dbffcc_1        conda-forge                                                        
    toml:               0.10.2-pyhd8ed1ab_0      conda-forge                                                        
    tomli:              1.2.1-pyhd8ed1ab_0       conda-forge                                                        
    tzdata:             2021e-he74cb21_0         conda-forge                                                        
    urllib3:            1.26.7-pyhd8ed1ab_0      conda-forge                                                        
    wheel:              0.37.0-pyhd8ed1ab_1      conda-forge                                                        
    xz:                 5.2.5-haf1e3a3_1         conda-forge                                                        
    zipp:               3.6.0-pyhd8ed1ab_0       conda-forge                                                        
    zlib:               1.2.11-h9173be1_1013     conda-forge                                                        
    zstd:               1.5.0-h582d3a0_0         conda-forge                                                        

Preparing transaction: ...working... done
Verifying transaction: ...working... done
Executing transaction: ...working... done
export PREFIX=/Users/runner/conda/conda-bld/pylprotpredictor_1634950808635/_test_env_placehold_placehold_placehold_placehold_placehold_placehold_placehold_placehold_placehold_placehold_placehold_placehold_placehold_placehold_placehold_placehold_placehold_placehold_pl
export SRC_DIR=/Users/runner/conda/conda-bld/pylprotpredictor_1634950808635/test_tmp
import: 'pylprotpredictor'
import: 'pylprotpredictor'

Leaving build/test directories:
  Work:
 /Users/runner/conda/conda-bld/work 
  Test:
 /Users/runner/conda/conda-bld/test_tmp 
Leaving build/test environments:
  Test:
source activate  /Users/runner/conda/conda-bld/_test_env_placehold_placehold_placehold_placehold_placehold_placehold_placehold_placehold_placehold_placehold_placehold_placehold_placehold_placehold_placehold_placehold_placehold_placehold_placehold_placehold_placehold_pla 
  Build:
source activate  /Users/runner/conda/conda-bld/_build_env 


