Updating build index: /home/vsts/conda/conda-bld

TEST START: /tmp/tmpr0gvrfo0/linux-64/nest-2.14.0-py36_0.tar.bz2
Adding in variants from internal_defaults
Reloading output folder: /home/vsts/conda/conda-bld

## Package Plan ##

  environment location: /home/vsts/conda/conda-bld/nest_1636140252925/_test_env_placehold_placehold_placehold_placehold_placehold_placehold_placehold_placehold_placehold_placehold_placehold_placehold_placehold_placehold_placehold_placehold_placehold_placehold_placehold_placeho


The following NEW packages will be INSTALLED:

    _libgcc_mutex:                 0.1-conda_forge            conda-forge            
    _openmp_mutex:                 4.5-1_llvm                 conda-forge            
    backcall:                      0.2.0-pyh9f0ad1d_0         conda-forge            
    backports:                     1.0-py36_1                 conda-forge            
    backports.functools_lru_cache: 1.6.4-pyhd8ed1ab_0         conda-forge            
    ca-certificates:               2021.10.8-ha878542_0       conda-forge            
    certifi:                       2021.5.30-py36h5fab9bb_0   conda-forge            
    cycler:                        0.11.0-pyhd8ed1ab_0        conda-forge            
    cython:                        0.29.24-py36hc4f0c31_0     conda-forge            
    decorator:                     5.1.0-pyhd8ed1ab_0         conda-forge            
    freetype:                      2.10.4-h0708190_1          conda-forge            
    giflib:                        5.2.1-h36c2ea0_2           conda-forge            
    gsl:                           1.16-0                     conda-forge            
    ipython:                       7.16.1-py36he448a4c_2      conda-forge            
    ipython_genutils:              0.2.0-py36_0               conda-forge            
    jbig:                          2.1-h7f98852_2003          conda-forge            
    jedi:                          0.17.2-py36h5fab9bb_1      conda-forge            
    jpeg:                          9d-h36c2ea0_0              conda-forge            
    kiwisolver:                    1.3.1-py36h605e78d_1       conda-forge            
    lcms2:                         2.12-hddcbb42_0            conda-forge            
    lerc:                          3.0-h9c3ff4c_0             conda-forge            
    libblas:                       3.9.0-12_linux64_openblas  conda-forge            
    libcblas:                      3.9.0-12_linux64_openblas  conda-forge            
    libdeflate:                    1.8-h7f98852_0             conda-forge            
    libgcc:                        7.2.0-h69d50b8_2           conda-forge            
    libgcc-ng:                     11.2.0-h1d223b6_11         conda-forge            
    libgfortran-ng:                11.2.0-h69a702a_11         conda-forge            
    libgfortran5:                  11.2.0-h5c6108e_11         conda-forge            
    liblapack:                     3.9.0-12_linux64_openblas  conda-forge            
    libopenblas:                   0.3.18-pthreads_h8fe5266_0 conda-forge            
    libpng:                        1.6.37-h21135ba_2          conda-forge            
    libstdcxx-ng:                  11.2.0-he4da1e4_11         conda-forge            
    libtiff:                       4.3.0-h6f004c6_2           conda-forge            
    libtool:                       2.4.6-h9c3ff4c_1008        conda-forge            
    libwebp:                       1.2.1-h3452ae3_0           conda-forge            
    libwebp-base:                  1.2.1-h7f98852_0           conda-forge            
    libzlib:                       1.2.11-h36c2ea0_1013       conda-forge            
    llvm-openmp:                   12.0.1-h4bd325d_1          conda-forge            
    lz4-c:                         1.9.3-h9c3ff4c_1           conda-forge            
    matplotlib:                    3.3.2-0                    conda-forge            
    matplotlib-base:               3.3.2-py36h817c723_0                              
    mkl:                           2021.4.0-h8d4b97c_729      conda-forge            
    mpi:                           1.0-openmpi                conda-forge            
    ncurses:                       5.9-10                     conda-forge            
    nest:                          2.14.0-py36_0              file:///tmp/tmpr0gvrfo0
    numpy:                         1.19.5-py36hfc0c790_2      conda-forge            
    olefile:                       0.46-pyh9f0ad1d_1          conda-forge            
    openmpi:                       4.1.1-hbfc84c5_0           conda-forge            
    openssl:                       1.0.2u-h516909a_0          conda-forge            
    parso:                         0.7.1-pyh9f0ad1d_0         conda-forge            
    pexpect:                       4.8.0-py36h9f0ad1d_1       conda-forge            
    pickleshare:                   0.7.5-py36h9f0ad1d_1002    conda-forge            
    pillow:                        8.3.1-py36h5aabda8_0                              
    pip:                           21.3.1-pyhd8ed1ab_0        conda-forge            
    prompt-toolkit:                3.0.22-pyha770c72_0        conda-forge            
    ptyprocess:                    0.7.0-pyhd3deb0d_0         conda-forge            
    pygments:                      2.10.0-pyhd8ed1ab_0        conda-forge            
    pyparsing:                     3.0.4-pyhd8ed1ab_0         conda-forge            
    python:                        3.6.3-1                    conda-forge            
    python-dateutil:               2.8.2-pyhd8ed1ab_0         conda-forge            
    python_abi:                    3.6-2_cp36m                conda-forge            
    readline:                      6.2-0                      conda-forge            
    scipy:                         1.5.3-py36h81d768a_1       conda-forge            
    setuptools:                    58.0.4-py36h5fab9bb_2      conda-forge            
    six:                           1.16.0-pyh6c4a22f_0        conda-forge            
    sqlite:                        3.13.0-1                   conda-forge            
    tbb:                           2021.4.0-h4bd325d_1        conda-forge            
    tk:                            8.5.19-2                   conda-forge            
    tornado:                       6.1-py36h8f6f2f9_1         conda-forge            
    traitlets:                     4.3.3-py36h9f0ad1d_1       conda-forge            
    wcwidth:                       0.2.5-pyh9f0ad1d_2         conda-forge            
    wheel:                         0.37.0-pyhd8ed1ab_1        conda-forge            
    xz:                            5.2.5-h516909a_1           conda-forge            
    zlib:                          1.2.11-h36c2ea0_1013       conda-forge            
    zstd:                          1.5.0-ha95c52a_0           conda-forge            

Preparing transaction: ...working... done
Verifying transaction: ...working... done
Executing transaction: ...working...  
For Linux 64, Open MPI is built with CUDA awareness but this support is disabled by default.
To enable it, please set the environment variable OMPI_MCA_opal_cuda_support=true before
launching your MPI processes. Equivalently, you can set the MCA parameter in the command line:
mpiexec --mca opal_cuda_support 1 ...
 
In addition, the UCX support is also built but disabled by default.
To enable it, first install UCX (conda install -c conda-forge ucx). Then, set the environment
variables OMPI_MCA_pml="ucx" OMPI_MCA_osc="ucx" before launching your MPI processes.
Equivalently, you can set the MCA parameters in the command line:
mpiexec --mca pml ucx --mca osc ucx ...
Note that you might also need to set UCX_MEMTYPE_CACHE=n for CUDA awareness via UCX.
Please consult UCX's documentation for detail.
 

done
export PREFIX=/home/vsts/conda/conda-bld/nest_1636140252925/_test_env_placehold_placehold_placehold_placehold_placehold_placehold_placehold_placehold_placehold_placehold_placehold_placehold_placehold_placehold_placehold_placehold_placehold_placehold_placehold_placeho
export SRC_DIR=/home/vsts/conda/conda-bld/nest_1636140252925/test_tmp
import: 'nest'

Leaving build/test directories:
  Work:
 /home/vsts/conda/conda-bld/work 
  Test:
 /home/vsts/conda/conda-bld/test_tmp 
Leaving build/test environments:
  Test:
source activate  /home/vsts/conda/conda-bld/_test_env_placehold_placehold_placehold_placehold_placehold_placehold_placehold_placehold_placehold_placehold_placehold_placehold_placehold_placehold_placehold_placehold_placehold_placehold_placehold_placehold_placehold_placeh 
  Build:
source activate  /home/vsts/conda/conda-bld/_build_env 


