Updating build index: /Users/runner/conda/conda-bld

TEST START: /var/folders/24/8k48jl6d249_n_qfxwsl6xvm0000gn/T/tmppfmqyr_5/noarch/eoulsan-2.5-hdfd78af_0.tar.bz2
Reloading output folder: /Users/runner/conda/conda-bld
  Package     Version  Build          Channel                                                                   Size
──────────────────────────────────────────────────────────────────────────────────────────────────────────────────────
  Install:
──────────────────────────────────────────────────────────────────────────────────────────────────────────────────────

  + eoulsan       2.5  hdfd78af_0     /var/folders/24/8k48jl6d249_n_qfxwsl6xvm0000gn/T/tmppfmqyr_5/noarch     215 MB
  + libcxx     12.0.1  habf9029_0     conda-forge/osx-64                                                      Cached
  + libzlib    1.2.11  h9173be1_1013  conda-forge/osx-64                                                      Cached
  + openjdk  11.0.9.1  hcf210ce_1     conda-forge/osx-64                                                      169 MB
  + zlib       1.2.11  h9173be1_1013  conda-forge/osx-64                                                      Cached

  Summary:

  Install: 5 packages

  Total download: 384 MB

──────────────────────────────────────────────────────────────────────────────────────────────────────────────────────


## Package Plan ##

  environment location: /Users/runner/conda/conda-bld/eoulsan_1635354794462/_test_env_placehold_placehold_placehold_placehold_placehold_placehold_placehold_placehold_placehold_placehold_placehold_placehold_placehold_placehold_placehold_placehold_placehold_placehold_placehold_p


The following NEW packages will be INSTALLED:

    eoulsan: 2.5-hdfd78af_0       file:///var/folders/24/8k48jl6d249_n_qfxwsl6xvm0000gn/T/tmppfmqyr_5
    libcxx:  12.0.1-habf9029_0    conda-forge                                                        
    libzlib: 1.2.11-h9173be1_1013 conda-forge                                                        
    openjdk: 11.0.9.1-hcf210ce_1  conda-forge                                                        
    zlib:    1.2.11-h9173be1_1013 conda-forge                                                        

Preparing transaction: ...working... done
Verifying transaction: ...working... done
Executing transaction: ...working... done
export PREFIX=/Users/runner/conda/conda-bld/eoulsan_1635354794462/_test_env_placehold_placehold_placehold_placehold_placehold_placehold_placehold_placehold_placehold_placehold_placehold_placehold_placehold_placehold_placehold_placehold_placehold_placehold_placehold_p
export SRC_DIR=/Users/runner/conda/conda-bld/eoulsan_1635354794462/test_tmp

Leaving build/test directories:
  Work:
 /Users/runner/conda/conda-bld/work 
  Test:
 /Users/runner/conda/conda-bld/test_tmp 
Leaving build/test environments:
  Test:
source activate  /Users/runner/conda/conda-bld/_test_env_placehold_placehold_placehold_placehold_placehold_placehold_placehold_placehold_placehold_placehold_placehold_placehold_placehold_placehold_placehold_placehold_placehold_placehold_placehold_placehold_placehold_pla 
  Build:
source activate  /Users/runner/conda/conda-bld/_build_env 


