  Package               Version  Build                Channel                         Size
────────────────────────────────────────────────────────────────────────────────────────────
  Install:
────────────────────────────────────────────────────────────────────────────────────────────

  + _libgcc_mutex           0.1  conda_forge          conda-forge/linux-64          Cached
  + _openmp_mutex           4.5  1_gnu                conda-forge/linux-64          Cached
  + ca-certificates   2021.5.30  ha878542_0           conda-forge/linux-64          Cached
  + gsl                     2.6  he838d99_2           conda-forge/linux-64            3 MB
  + ld_impl_linux-64     2.36.1  hea4e1c9_2           conda-forge/linux-64          Cached
  + libblas               3.9.0  11_linux64_openblas  conda-forge/linux-64          Cached
  + libcblas              3.9.0  11_linux64_openblas  conda-forge/linux-64          Cached
  + libffi                3.4.2  h9c3ff4c_1           conda-forge/linux-64          Cached
  + libgcc-ng            11.2.0  h1d223b6_8           conda-forge/linux-64          Cached
  + libgfortran-ng       11.2.0  h69a702a_8           conda-forge/linux-64          Cached
  + libgfortran5         11.2.0  h5c6108e_8           conda-forge/linux-64          Cached
  + libgomp              11.2.0  h1d223b6_8           conda-forge/linux-64          Cached
  + liblapack             3.9.0  11_linux64_openblas  conda-forge/linux-64          Cached
  + libopenblas          0.3.17  pthreads_h8fe5266_1  conda-forge/linux-64          Cached
  + libstdcxx-ng         11.2.0  he4da1e4_8           conda-forge/linux-64          Cached
  + mlpy                  3.5.0  py36hae55d0a_2       /tmp/tmpnuagsyjv/linux-64     487 KB
  + ncurses                 6.2  h58526e2_4           conda-forge/linux-64          Cached
  + numpy                1.19.5  py36hfc0c790_2       conda-forge/linux-64            5 MB
  + openssl              1.1.1l  h7f98852_0           conda-forge/linux-64          Cached
  + pip                  21.2.4  pyhd8ed1ab_0         conda-forge/noarch            Cached
  + python               3.6.13  hb7a2778_1_cpython   conda-forge/linux-64           38 MB
  + python_abi              3.6  2_cp36m              conda-forge/linux-64            4 KB
  + readline                8.1  h46c0cb4_0           conda-forge/linux-64          Cached
  + scipy                 1.5.3  py36h81d768a_1       conda-forge/linux-64           19 MB
  + setuptools           58.0.4  py36h5fab9bb_0       conda-forge/linux-64          940 KB
  + sqlite               3.36.0  h9cd32fc_1           conda-forge/linux-64          Cached
  + tk                   8.6.11  h27826a3_1           conda-forge/linux-64          Cached
  + wheel                0.37.0  pyhd8ed1ab_1         conda-forge/noarch            Cached
  + xz                    5.2.5  h516909a_1           conda-forge/linux-64          Cached
  + zlib                 1.2.11  h516909a_1010        conda-forge/linux-64          Cached

  Summary:

  Install: 30 packages

  Total download: 67 MB

────────────────────────────────────────────────────────────────────────────────────────────

Updating build index: /home/vsts/conda/conda-bld

TEST START: /tmp/tmpnuagsyjv/linux-64/mlpy-3.5.0-py36hae55d0a_2.tar.bz2

## Package Plan ##

  environment location: /home/vsts/conda/conda-bld/mlpy_1631887851553/_test_env_placehold_placehold_placehold_placehold_placehold_placehold_placehold_placehold_placehold_placehold_placehold_placehold_placehold_placehold_placehold_placehold_placehold_placehold_placehold_placeho


The following NEW packages will be INSTALLED:

    _libgcc_mutex:    0.1-conda_forge            conda-forge            
    _openmp_mutex:    4.5-1_gnu                  conda-forge            
    ca-certificates:  2021.5.30-ha878542_0       conda-forge            
    gsl:              2.6-he838d99_2             conda-forge            
    ld_impl_linux-64: 2.36.1-hea4e1c9_2          conda-forge            
    libblas:          3.9.0-11_linux64_openblas  conda-forge            
    libcblas:         3.9.0-11_linux64_openblas  conda-forge            
    libffi:           3.4.2-h9c3ff4c_1           conda-forge            
    libgcc-ng:        11.2.0-h1d223b6_8          conda-forge            
    libgfortran-ng:   11.2.0-h69a702a_8          conda-forge            
    libgfortran5:     11.2.0-h5c6108e_8          conda-forge            
    libgomp:          11.2.0-h1d223b6_8          conda-forge            
    liblapack:        3.9.0-11_linux64_openblas  conda-forge            
    libopenblas:      0.3.17-pthreads_h8fe5266_1 conda-forge            
    libstdcxx-ng:     11.2.0-he4da1e4_8          conda-forge            
    mlpy:             3.5.0-py36hae55d0a_2       file:///tmp/tmpnuagsyjv
    ncurses:          6.2-h58526e2_4             conda-forge            
    numpy:            1.19.5-py36hfc0c790_2      conda-forge            
    openssl:          1.1.1l-h7f98852_0          conda-forge            
    pip:              21.2.4-pyhd8ed1ab_0        conda-forge            
    python:           3.6.13-hb7a2778_1_cpython  conda-forge            
    python_abi:       3.6-2_cp36m                conda-forge            
    readline:         8.1-h46c0cb4_0             conda-forge            
    scipy:            1.5.3-py36h81d768a_1       conda-forge            
    setuptools:       58.0.4-py36h5fab9bb_0      conda-forge            
    sqlite:           3.36.0-h9cd32fc_1          conda-forge            
    tk:               8.6.11-h27826a3_1          conda-forge            
    wheel:            0.37.0-pyhd8ed1ab_1        conda-forge            
    xz:               5.2.5-h516909a_1           conda-forge            
    zlib:             1.2.11-h516909a_1010       conda-forge            

Preparing transaction: ...working... done
Verifying transaction: ...working... done
Executing transaction: ...working... done
export PREFIX=/home/vsts/conda/conda-bld/mlpy_1631887851553/_test_env_placehold_placehold_placehold_placehold_placehold_placehold_placehold_placehold_placehold_placehold_placehold_placehold_placehold_placehold_placehold_placehold_placehold_placehold_placehold_placeho
export SRC_DIR=/home/vsts/conda/conda-bld/mlpy_1631887851553/test_tmp
import: 'mlpy'
import: 'mlpy'

Leaving build/test directories:
  Work:
 /home/vsts/conda/conda-bld/work 
  Test:
 /home/vsts/conda/conda-bld/test_tmp 
Leaving build/test environments:
  Test:
source activate  /home/vsts/conda/conda-bld/_test_env_placehold_placehold_placehold_placehold_placehold_placehold_placehold_placehold_placehold_placehold_placehold_placehold_placehold_placehold_placehold_placehold_placehold_placehold_placehold_placehold_placehold_placeh 
  Build:
source activate  /home/vsts/conda/conda-bld/_build_env 


