Updating build index: /home/vsts/conda/conda-bld

TEST START: /tmp/tmpd99fi6cc/noarch/vadr-1.3-pl5262hdfd78af_1.tar.bz2
Reloading output folder: /home/vsts/conda/conda-bld
  Package                            Version  Build             Channel                       Size
────────────────────────────────────────────────────────────────────────────────────────────────────
  Install:
────────────────────────────────────────────────────────────────────────────────────────────────────

  + _libgcc_mutex                        0.1  conda_forge       conda-forge/linux-64        Cached
  + _openmp_mutex                        4.5  1_gnu             conda-forge/linux-64        Cached
  + binutils                          2.36.1  hdd6e379_2        conda-forge/linux-64         27 KB
  + binutils_impl_linux-64            2.36.1  h193b22a_2        conda-forge/linux-64        Cached
  + binutils_linux-64                   2.36  hf3e587d_1        conda-forge/linux-64        Cached
  + blast                             2.11.0  pl5262h3289130_1  bioconda/linux-64            22 MB
  + bzip2                              1.0.8  h7f98852_4        conda-forge/linux-64        Cached
  + c-ares                            1.17.2  h7f98852_0        conda-forge/linux-64        Cached
  + c-compiler                         1.3.0  h7f98852_0        conda-forge/linux-64          5 KB
  + ca-certificates                2021.10.8  ha878542_0        conda-forge/linux-64        Cached
  + compilers                          1.3.0  ha770c72_0        conda-forge/linux-64          5 KB
  + curl                              7.79.1  h494985f_1        conda-forge/linux-64        Cached
  + cxx-compiler                       1.3.0  h4bd325d_0        conda-forge/linux-64          5 KB
  + easel                               0.48  h779adbc_0        bioconda/linux-64             1 MB
  + entrez-direct                       15.6  he881be0_1        bioconda/linux-64             8 MB
  + fasta3                            36.3.8  h779adbc_6        bioconda/linux-64             2 MB
  + fortran-compiler                   1.3.0  h1990efc_0        conda-forge/linux-64          5 KB
  + gcc                                9.4.0  h192d537_1        conda-forge/linux-64         23 KB
  + gcc_impl_linux-64                  9.4.0  h03d3576_11       conda-forge/linux-64        Cached
  + gcc_linux-64                       9.4.0  h391b98a_1        conda-forge/linux-64        Cached
  + gettext                         0.19.8.1  h73d1719_1008     conda-forge/linux-64        Cached
  + gfortran                           9.4.0  h2018a41_1        conda-forge/linux-64         23 KB
  + gfortran_impl_linux-64             9.4.0  h0003116_11       conda-forge/linux-64        Cached
  + gfortran_linux-64                  9.4.0  hf0ab688_1        conda-forge/linux-64        Cached
  + gxx                                9.4.0  h192d537_1        conda-forge/linux-64         23 KB
  + gxx_impl_linux-64                  9.4.0  h03d3576_11       conda-forge/linux-64        Cached
  + gxx_linux-64                       9.4.0  h0316aca_1        conda-forge/linux-64        Cached
  + hmmer                              3.3.2  h1b792b2_1        bioconda/linux-64            10 MB
  + infernal                           1.1.4  h779adbc_0        bioconda/linux-64             3 MB
  + kernel-headers_linux-64           2.6.32  he073ed8_14       conda-forge/noarch          Cached
  + krb5                              1.19.2  h48eae69_2        conda-forge/linux-64        Cached
  + ld_impl_linux-64                  2.36.1  hea4e1c9_2        conda-forge/linux-64        Cached
  + libcurl                           7.79.1  h494985f_1        conda-forge/linux-64        Cached
  + libedit                     3.1.20191231  he28a2e2_2        conda-forge/linux-64        Cached
  + libev                               4.33  h516909a_1        conda-forge/linux-64        Cached
  + libffi                             3.4.2  h9c3ff4c_4        conda-forge/linux-64        Cached
  + libgcc-devel_linux-64              9.4.0  hd854feb_11       conda-forge/linux-64        Cached
  + libgcc-ng                         11.2.0  h1d223b6_11       conda-forge/linux-64        Cached
  + libgfortran5                      11.2.0  h5c6108e_11       conda-forge/linux-64        Cached
  + libgomp                           11.2.0  h1d223b6_11       conda-forge/linux-64        Cached
  + libidn2                            2.3.2  h7f98852_0        conda-forge/linux-64         98 KB
  + libnghttp2                        1.43.0  ha19adfc_1        conda-forge/linux-64        Cached
  + libsanitizer                       9.4.0  h79bfe98_11       conda-forge/linux-64        Cached
  + libssh2                           1.10.0  ha35d2d1_2        conda-forge/linux-64        Cached
  + libstdcxx-devel_linux-64           9.4.0  hd854feb_11       conda-forge/linux-64        Cached
  + libstdcxx-ng                      11.2.0  he4da1e4_11       conda-forge/linux-64        Cached
  + libunistring                      0.9.10  h7f98852_0        conda-forge/linux-64          1 MB
  + libzlib                           1.2.11  h36c2ea0_1013     conda-forge/linux-64        Cached
  + make                                 4.3  hd18ef5c_1        conda-forge/linux-64        Cached
  + ncurses                              6.2  h58526e2_4        conda-forge/linux-64        Cached
  + openssl                            3.0.0  h7f98852_1        conda-forge/linux-64        Cached
  + pcre                                8.45  h9c3ff4c_0        conda-forge/linux-64        Cached
  + perl                              5.26.2  h36c2ea0_1008     conda-forge/linux-64        Cached
  + perl-archive-tar                    2.32  pl526_0           bioconda/linux-64            31 KB
  + perl-bio-easel                      0.15  h779adbc_0        bioconda/linux-64             6 MB
  + perl-carp                           1.38  pl526_3           bioconda/linux-64           Cached
  + perl-common-sense                   3.74  pl526_2           bioconda/linux-64           Cached
  + perl-compress-raw-bzip2            2.087  pl526he1b5a44_0   bioconda/linux-64            44 KB
  + perl-compress-raw-zlib             2.087  pl526hc9558a2_0   bioconda/linux-64            72 KB
  + perl-digest-md5                     2.55  pl526_0           bioconda/linux-64            18 KB
  + perl-exporter                       5.72  pl526_1           bioconda/linux-64           Cached
  + perl-exporter-tiny              1.002001  pl526_0           bioconda/linux-64            23 KB
  + perl-extutils-makemaker             7.36  pl526_1           bioconda/linux-64           Cached
  + perl-file-sharedir-install          0.13  pl526_0           bioconda/linux-64            10 KB
  + perl-inline                         0.83  pl526_0           bioconda/linux-64            54 KB
  + perl-inline-c                       0.78  pl526h14c3975_1   bioconda/linux-64            50 KB
  + perl-io-compress                   2.087  pl526he1b5a44_0   bioconda/linux-64            81 KB
  + perl-io-zlib                        1.10  pl526_2           bioconda/linux-64             9 KB
  + perl-json                           4.02  pl526_0           bioconda/linux-64           Cached
  + perl-json-xs                        2.34  pl526h6bb024c_3   bioconda/linux-64           Cached
  + perl-list-moreutils                0.428  pl526_1           bioconda/linux-64            28 KB
  + perl-list-moreutils-xs             0.428  pl526_0           bioconda/linux-64            43 KB
  + perl-parse-recdescent           1.967015  pl526_0           bioconda/linux-64            71 KB
  + perl-pathtools                      3.75  pl526h14c3975_1   bioconda/linux-64            41 KB
  + perl-pegex                          0.61  pl526_1           bioconda/linux-64            58 KB
  + perl-scalar-list-utils              1.52  pl526h516909a_0   bioconda/linux-64            38 KB
  + perl-time-hires                   1.9760  pl526h14c3975_1   bioconda/linux-64            25 KB
  + perl-types-serialiser                1.0  pl526_2           bioconda/linux-64           Cached
  + perl-xsloader                       0.24  pl526_0           bioconda/linux-64           Cached
  + perl-yaml-libyaml                   0.66  pl526_1           bioconda/linux-64            73 KB
  + sequip                              0.08  hdfd78af_0        bioconda/noarch              46 KB
  + sysroot_linux-64                    2.12  he073ed8_14       conda-forge/noarch          Cached
  + tk                                8.6.11  h27826a3_1        conda-forge/linux-64        Cached
  + vadr                                 1.3  pl5262hdfd78af_1  /tmp/tmpd99fi6cc/noarch      18 MB
  + wget                              1.20.3  ha35d2d1_1        conda-forge/linux-64        815 KB
  + zlib                              1.2.11  h36c2ea0_1013     conda-forge/linux-64        Cached

  Summary:

  Install: 86 packages

  Total download: 73 MB

────────────────────────────────────────────────────────────────────────────────────────────────────


## Package Plan ##

  environment location: /home/vsts/conda/conda-bld/vadr_1634987843425/_test_env_placehold_placehold_placehold_placehold_placehold_placehold_placehold_placehold_placehold_placehold_placehold_placehold_placehold_placehold_placehold_placehold_placehold_placehold_placehold_placeho


The following NEW packages will be INSTALLED:

    _libgcc_mutex:              0.1-conda_forge         conda-forge            
    _openmp_mutex:              4.5-1_gnu               conda-forge            
    binutils:                   2.36.1-hdd6e379_2       conda-forge            
    binutils_impl_linux-64:     2.36.1-h193b22a_2       conda-forge            
    binutils_linux-64:          2.36-hf3e587d_1         conda-forge            
    blast:                      2.11.0-pl5262h3289130_1 bioconda               
    bzip2:                      1.0.8-h7f98852_4        conda-forge            
    c-ares:                     1.17.2-h7f98852_0       conda-forge            
    c-compiler:                 1.3.0-h7f98852_0        conda-forge            
    ca-certificates:            2021.10.8-ha878542_0    conda-forge            
    compilers:                  1.3.0-ha770c72_0        conda-forge            
    curl:                       7.79.1-h494985f_1       conda-forge            
    cxx-compiler:               1.3.0-h4bd325d_0        conda-forge            
    easel:                      0.48-h779adbc_0         bioconda               
    entrez-direct:              15.6-he881be0_1         bioconda               
    fasta3:                     36.3.8-h779adbc_6       bioconda               
    fortran-compiler:           1.3.0-h1990efc_0        conda-forge            
    gcc:                        9.4.0-h192d537_1        conda-forge            
    gcc_impl_linux-64:          9.4.0-h03d3576_11       conda-forge            
    gcc_linux-64:               9.4.0-h391b98a_1        conda-forge            
    gettext:                    0.19.8.1-h73d1719_1008  conda-forge            
    gfortran:                   9.4.0-h2018a41_1        conda-forge            
    gfortran_impl_linux-64:     9.4.0-h0003116_11       conda-forge            
    gfortran_linux-64:          9.4.0-hf0ab688_1        conda-forge            
    gxx:                        9.4.0-h192d537_1        conda-forge            
    gxx_impl_linux-64:          9.4.0-h03d3576_11       conda-forge            
    gxx_linux-64:               9.4.0-h0316aca_1        conda-forge            
    hmmer:                      3.3.2-h1b792b2_1        bioconda               
    infernal:                   1.1.4-h779adbc_0        bioconda               
    kernel-headers_linux-64:    2.6.32-he073ed8_14      conda-forge            
    krb5:                       1.19.2-h48eae69_2       conda-forge            
    ld_impl_linux-64:           2.36.1-hea4e1c9_2       conda-forge            
    libcurl:                    7.79.1-h494985f_1       conda-forge            
    libedit:                    3.1.20191231-he28a2e2_2 conda-forge            
    libev:                      4.33-h516909a_1         conda-forge            
    libffi:                     3.4.2-h9c3ff4c_4        conda-forge            
    libgcc-devel_linux-64:      9.4.0-hd854feb_11       conda-forge            
    libgcc-ng:                  11.2.0-h1d223b6_11      conda-forge            
    libgfortran5:               11.2.0-h5c6108e_11      conda-forge            
    libgomp:                    11.2.0-h1d223b6_11      conda-forge            
    libidn2:                    2.3.2-h7f98852_0        conda-forge            
    libnghttp2:                 1.43.0-ha19adfc_1       conda-forge            
    libsanitizer:               9.4.0-h79bfe98_11       conda-forge            
    libssh2:                    1.10.0-ha35d2d1_2       conda-forge            
    libstdcxx-devel_linux-64:   9.4.0-hd854feb_11       conda-forge            
    libstdcxx-ng:               11.2.0-he4da1e4_11      conda-forge            
    libunistring:               0.9.10-h7f98852_0       conda-forge            
    libzlib:                    1.2.11-h36c2ea0_1013    conda-forge            
    make:                       4.3-hd18ef5c_1          conda-forge            
    ncurses:                    6.2-h58526e2_4          conda-forge            
    openssl:                    3.0.0-h7f98852_1        conda-forge            
    pcre:                       8.45-h9c3ff4c_0         conda-forge            
    perl:                       5.26.2-h36c2ea0_1008    conda-forge            
    perl-archive-tar:           2.32-pl526_0            bioconda               
    perl-bio-easel:             0.15-h779adbc_0         bioconda               
    perl-carp:                  1.38-pl526_3            bioconda               
    perl-common-sense:          3.74-pl526_2            bioconda               
    perl-compress-raw-bzip2:    2.087-pl526he1b5a44_0   bioconda               
    perl-compress-raw-zlib:     2.087-pl526hc9558a2_0   bioconda               
    perl-digest-md5:            2.55-pl526_0            bioconda               
    perl-exporter:              5.72-pl526_1            bioconda               
    perl-exporter-tiny:         1.002001-pl526_0        bioconda               
    perl-extutils-makemaker:    7.36-pl526_1            bioconda               
    perl-file-sharedir-install: 0.13-pl526_0            bioconda               
    perl-inline:                0.83-pl526_0            bioconda               
    perl-inline-c:              0.78-pl526h14c3975_1    bioconda               
    perl-io-compress:           2.087-pl526he1b5a44_0   bioconda               
    perl-io-zlib:               1.10-pl526_2            bioconda               
    perl-json:                  4.02-pl526_0            bioconda               
    perl-json-xs:               2.34-pl526h6bb024c_3    bioconda               
    perl-list-moreutils:        0.428-pl526_1           bioconda               
    perl-list-moreutils-xs:     0.428-pl526_0           bioconda               
    perl-parse-recdescent:      1.967015-pl526_0        bioconda               
    perl-pathtools:             3.75-pl526h14c3975_1    bioconda               
    perl-pegex:                 0.61-pl526_1            bioconda               
    perl-scalar-list-utils:     1.52-pl526h516909a_0    bioconda               
    perl-time-hires:            1.9760-pl526h14c3975_1  bioconda               
    perl-types-serialiser:      1.0-pl526_2             bioconda               
    perl-xsloader:              0.24-pl526_0            bioconda               
    perl-yaml-libyaml:          0.66-pl526_1            bioconda               
    sequip:                     0.08-hdfd78af_0         bioconda               
    sysroot_linux-64:           2.12-he073ed8_14        conda-forge            
    tk:                         8.6.11-h27826a3_1       conda-forge            
    vadr:                       1.3-pl5262hdfd78af_1    file:///tmp/tmpd99fi6cc
    wget:                       1.20.3-ha35d2d1_1       conda-forge            
    zlib:                       1.2.11-h36c2ea0_1013    conda-forge            

Preparing transaction: ...working... done
Verifying transaction: ...working... done
Executing transaction: ...working... 
Please run 'download-vadr-models.sh MODELNAME' (e.g. 'download-vadr-models.sh sarscov2')
to download the models required to run VADR. These files will be downloaded to /home/vsts/conda/conda-bld/vadr_1634987843425/_test_env_placehold_placehold_placehold_placehold_placehold_placehold_placehold_placehold_placehold_placehold_placehold_placehold_placehold_placehold_placehold_placehold_placehold_placehold_placehold_placeho/share/vadr-1.3/vadr-models. 
A list of avaialble models can be found at https://ftp.ncbi.nlm.nih.gov/pub/nawrocki/vadr-models/ 
If you have a database in a custom path, please change the VADRMODELDIR environment variable.



done
export PREFIX=/home/vsts/conda/conda-bld/vadr_1634987843425/_test_env_placehold_placehold_placehold_placehold_placehold_placehold_placehold_placehold_placehold_placehold_placehold_placehold_placehold_placehold_placehold_placehold_placehold_placehold_placehold_placeho
export SRC_DIR=/home/vsts/conda/conda-bld/vadr_1634987843425/test_tmp
INFO: activate-binutils_linux-64.sh made the following environmental changes:
+ADDR2LINE=$PREFIX/bin/x86_64-conda-linux-gnu-addr2line
+AR=$PREFIX/bin/x86_64-conda-linux-gnu-ar
+AS=$PREFIX/bin/x86_64-conda-linux-gnu-as
+CXXFILT=$PREFIX/bin/x86_64-conda-linux-gnu-c++filt
+ELFEDIT=$PREFIX/bin/x86_64-conda-linux-gnu-elfedit
+GPROF=$PREFIX/bin/x86_64-conda-linux-gnu-gprof
+LD=$PREFIX/bin/x86_64-conda-linux-gnu-ld
+LD_GOLD=$PREFIX/bin/x86_64-conda-linux-gnu-ld.gold
+NM=$PREFIX/bin/x86_64-conda-linux-gnu-nm
+OBJCOPY=$PREFIX/bin/x86_64-conda-linux-gnu-objcopy
+OBJDUMP=$PREFIX/bin/x86_64-conda-linux-gnu-objdump
+RANLIB=$PREFIX/bin/x86_64-conda-linux-gnu-ranlib
+READELF=$PREFIX/bin/x86_64-conda-linux-gnu-readelf
+SIZE=$PREFIX/bin/x86_64-conda-linux-gnu-size
+STRINGS=$PREFIX/bin/x86_64-conda-linux-gnu-strings
+STRIP=$PREFIX/bin/x86_64-conda-linux-gnu-strip
INFO: activate-gcc_linux-64.sh made the following environmental changes:
+BUILD=x86_64-conda-linux-gnu
+CC=$PREFIX/bin/x86_64-conda-linux-gnu-cc
+CC_FOR_BUILD=$PREFIX/bin/x86_64-conda-linux-gnu-cc
+CFLAGS=-march=nocona -mtune=haswell -ftree-vectorize -fPIC -fstack-protector-strong -fno-plt -O2 -ffunction-sections -pipe -isystem $PREFIX/include -fdebug-prefix-map=$SRC_DIR=/usr/local/src/conda/vadr-1.3 -fdebug-prefix-map=$PREFIX=/usr/local/src/conda-prefix
+CMAKE_ARGS=-DCMAKE_AR=$PREFIX/bin/x86_64-conda-linux-gnu-ar -DCMAKE_CXX_COMPILER_AR=$PREFIX/bin/x86_64-conda-linux-gnu-gcc-ar -DCMAKE_C_COMPILER_AR=$PREFIX/bin/x86_64-conda-linux-gnu-gcc-ar -DCMAKE_RANLIB=$PREFIX/bin/x86_64-conda-linux-gnu-ranlib -DCMAKE_CXX_COMPILER_RANLIB=$PREFIX/bin/x86_64-conda-linux-gnu-gcc-ranlib -DCMAKE_C_COMPILER_RANLIB=$PREFIX/bin/x86_64-conda-linux-gnu-gcc-ranlib -DCMAKE_LINKER=$PREFIX/bin/x86_64-conda-linux-gnu-ld -DCMAKE_STRIP=$PREFIX/bin/x86_64-conda-linux-gnu-strip -DCMAKE_FIND_ROOT_PATH_MODE_PROGRAM=NEVER -DCMAKE_FIND_ROOT_PATH_MODE_LIBRARY=ONLY -DCMAKE_FIND_ROOT_PATH_MODE_INCLUDE=ONLY -DCMAKE_FIND_ROOT_PATH=$PREFIX;/home/vsts/conda/conda-bld/vadr_1634987843425/_build_env/x86_64-conda-linux-gnu/sysroot -DCMAKE_INSTALL_PREFIX=$PREFIX -DCMAKE_INSTALL_LIBDIR=lib
+CMAKE_PREFIX_PATH=$PREFIX:$PREFIX/x86_64-conda-linux-gnu/sysroot/usr
+CONDA_BUILD_SYSROOT=$PREFIX/x86_64-conda-linux-gnu/sysroot
+CONDA_TOOLCHAIN_BUILD=x86_64-conda-linux-gnu
+CONDA_TOOLCHAIN_HOST=x86_64-conda-linux-gnu
+CPP=$PREFIX/bin/x86_64-conda-linux-gnu-cpp
+CPPFLAGS=-DNDEBUG -D_FORTIFY_SOURCE=2 -O2 -isystem $PREFIX/include
+DEBUG_CFLAGS=-march=nocona -mtune=haswell -ftree-vectorize -fPIC -fstack-protector-all -fno-plt -Og -g -Wall -Wextra -fvar-tracking-assignments -ffunction-sections -pipe -isystem $PREFIX/include -fdebug-prefix-map=$SRC_DIR=/usr/local/src/conda/vadr-1.3 -fdebug-prefix-map=$PREFIX=/usr/local/src/conda-prefix
+DEBUG_CPPFLAGS=-D_DEBUG -D_FORTIFY_SOURCE=2 -Og -isystem $PREFIX/include
+GCC=$PREFIX/bin/x86_64-conda-linux-gnu-gcc
+GCC_AR=$PREFIX/bin/x86_64-conda-linux-gnu-gcc-ar
+GCC_NM=$PREFIX/bin/x86_64-conda-linux-gnu-gcc-nm
+GCC_RANLIB=$PREFIX/bin/x86_64-conda-linux-gnu-gcc-ranlib
+HOST=x86_64-conda-linux-gnu
+LDFLAGS=-Wl,-O2 -Wl,--sort-common -Wl,--as-needed -Wl,-z,relro -Wl,-z,now -Wl,--disable-new-dtags -Wl,--gc-sections -Wl,-rpath,$PREFIX/lib -Wl,-rpath-link,$PREFIX/lib -L$PREFIX/lib
+_CONDA_PYTHON_SYSCONFIGDATA_NAME=_sysconfigdata_x86_64_conda_cos6_linux_gnu
+build_alias=x86_64-conda-linux-gnu
+host_alias=x86_64-conda-linux-gnu
INFO: activate-gfortran_linux-64.sh made the following environmental changes:
+DEBUG_FFLAGS=-fopenmp -march=nocona -mtune=haswell -ftree-vectorize -fPIC -fstack-protector-strong -fno-plt -O2 -ffunction-sections -pipe -isystem $PREFIX/include -fdebug-prefix-map=$SRC_DIR=/usr/local/src/conda/vadr-1.3 -fdebug-prefix-map=$PREFIX=/usr/local/src/conda-prefix -fopenmp -march=nocona -mtune=haswell -ftree-vectorize -fPIC -fstack-protector-all -fno-plt -Og -g -Wall -Wextra -fcheck=all -fbacktrace -fimplicit-none -fvar-tracking-assignments -ffunction-sections -pipe
+DEBUG_FORTRANFLAGS=-fopenmp -march=nocona -mtune=haswell -ftree-vectorize -fPIC -fstack-protector-strong -fno-plt -O2 -ffunction-sections -pipe -isystem $PREFIX/include -fdebug-prefix-map=$SRC_DIR=/usr/local/src/conda/vadr-1.3 -fdebug-prefix-map=$PREFIX=/usr/local/src/conda-prefix -fopenmp -march=nocona -mtune=haswell -ftree-vectorize -fPIC -fstack-protector-all -fno-plt -Og -g -Wall -Wextra -fcheck=all -fbacktrace -fimplicit-none -fvar-tracking-assignments -ffunction-sections -pipe
+F77=$PREFIX/bin/x86_64-conda-linux-gnu-gfortran
+F90=$PREFIX/bin/x86_64-conda-linux-gnu-gfortran
+F95=$PREFIX/bin/x86_64-conda-linux-gnu-f95
+FC=$PREFIX/bin/x86_64-conda-linux-gnu-gfortran
+FFLAGS=-fopenmp -march=nocona -mtune=haswell -ftree-vectorize -fPIC -fstack-protector-strong -fno-plt -O2 -ffunction-sections -pipe -isystem $PREFIX/include -fdebug-prefix-map=$SRC_DIR=/usr/local/src/conda/vadr-1.3 -fdebug-prefix-map=$PREFIX=/usr/local/src/conda-prefix
+FORTRANFLAGS=-fopenmp -march=nocona -mtune=haswell -ftree-vectorize -fPIC -fstack-protector-strong -fno-plt -O2 -ffunction-sections -pipe -isystem $PREFIX/include -fdebug-prefix-map=$SRC_DIR=/usr/local/src/conda/vadr-1.3 -fdebug-prefix-map=$PREFIX=/usr/local/src/conda-prefix
+GFORTRAN=$PREFIX/bin/x86_64-conda-linux-gnu-gfortran
INFO: activate-gxx_linux-64.sh made the following environmental changes:
+CXX=$PREFIX/bin/x86_64-conda-linux-gnu-c++
+CXXFLAGS=-fvisibility-inlines-hidden -std=c++17 -fmessage-length=0 -march=nocona -mtune=haswell -ftree-vectorize -fPIC -fstack-protector-strong -fno-plt -O2 -ffunction-sections -pipe -isystem $PREFIX/include -fdebug-prefix-map=$SRC_DIR=/usr/local/src/conda/vadr-1.3 -fdebug-prefix-map=$PREFIX=/usr/local/src/conda-prefix
+CXX_FOR_BUILD=$PREFIX/bin/x86_64-conda-linux-gnu-c++
+DEBUG_CXXFLAGS=-fvisibility-inlines-hidden -std=c++17 -fmessage-length=0 -march=nocona -mtune=haswell -ftree-vectorize -fPIC -fstack-protector-all -fno-plt -Og -g -Wall -Wextra -fvar-tracking-assignments -ffunction-sections -pipe -isystem $PREFIX/include -fdebug-prefix-map=$SRC_DIR=/usr/local/src/conda/vadr-1.3 -fdebug-prefix-map=$PREFIX=/usr/local/src/conda-prefix
+GXX=$PREFIX/bin/x86_64-conda-linux-gnu-g++

Leaving build/test directories:
  Work:
 /home/vsts/conda/conda-bld/work 
  Test:
 /home/vsts/conda/conda-bld/test_tmp 
Leaving build/test environments:
  Test:
source activate  /home/vsts/conda/conda-bld/_test_env_placehold_placehold_placehold_placehold_placehold_placehold_placehold_placehold_placehold_placehold_placehold_placehold_placehold_placehold_placehold_placehold_placehold_placehold_placehold_placehold_placehold_placeh 
  Build:
source activate  /home/vsts/conda/conda-bld/_build_env 


