Updating build index: /home/vsts/conda/conda-bld

TEST START: /tmp/tmplprh1kft/linux-64/genometools-1.2.1-py27_0.tar.bz2
Adding in variants from internal_defaults
Reloading output folder: /home/vsts/conda/conda-bld
Mamba failed to solve:
 - genometools 1.2.1.* py39_0
 - python
 - unicodecsv
 - xmltodict
 - requests
 - numpy
 - ftputil
 - python

with channels:
 - file:///tmp/tmplprh1kft

The reported errors are:
   Encountered problems while solving:
     - nothing provides requested genometools 1.2.1.* py39_0
   

Leaving build/test directories:
  Work:
 /home/vsts/conda/conda-bld/work 
  Test:
 /home/vsts/conda/conda-bld/test_tmp 
Leaving build/test environments:
  Test:
source activate  /home/vsts/conda/conda-bld/_test_env_placehold_placehold_placehold_placehold_placehold_placehold_placehold_placehold_placehold_placehold_placehold_placehold_placehold_placehold_placehold_placehold_placehold_placehold_placehold_placehold_placehold_placeh 
  Build:
source activate  /home/vsts/conda/conda-bld/_build_env 


