Updating build index: /home/vsts/conda/conda-bld

TEST START: /tmp/tmp9s2lowte/linux-64/mmvc-1.0.2-1.tar.bz2
Adding in variants from internal_defaults
Adding in variants from /tmp/tmprsx5hpqz/info/recipe/conda_build_config.yaml
Reloading output folder: /home/vsts/conda/conda-bld

## Package Plan ##

  environment location: /home/vsts/conda/conda-bld/mmvc_1636612515981/_test_env_placehold_placehold_placehold_placehold_placehold_placehold_placehold_placehold_placehold_placehold_placehold_placehold_placehold_placehold_placehold_placehold_placehold_placehold_placehold_placeho


The following NEW packages will be INSTALLED:

    _libgcc_mutex:   0.1-conda_forge                 conda-forge            
    _openmp_mutex:   4.5-1_gnu                       conda-forge            
    arpack:          3.5.0-blas_openblas_202         conda-forge             [blas_openblas]
    blas:            1.1-openblas                    conda-forge            
    c-ares:          1.18.1-h7f98852_0               conda-forge            
    ca-certificates: 2021.10.8-ha878542_0            conda-forge            
    curl:            7.80.0-h2574ce0_0               conda-forge            
    fftw:            3.3.10-nompi_h74d3f13_101       conda-forge            
    gmp:             6.2.1-h58526e2_0                conda-forge            
    julia:           0.6.1-blas_openblashfe40789_203 conda-forge             [blas_openblas]
    krb5:            1.19.2-hcc1bbae_3               conda-forge            
    libblas:         3.9.0-1_h86c2bf4_netlib         conda-forge            
    libcblas:        3.9.0-5_h92ddd45_netlib         conda-forge            
    libcurl:         7.80.0-h2574ce0_0               conda-forge            
    libedit:         3.1.20191231-he28a2e2_2         conda-forge            
    libev:           4.33-h516909a_1                 conda-forge            
    libgcc:          7.2.0-h69d50b8_2                conda-forge            
    libgcc-ng:       11.2.0-h1d223b6_11              conda-forge            
    libgfortran:     3.0.0-1                         conda-forge            
    libgfortran-ng:  11.2.0-h69a702a_11              conda-forge            
    libgfortran5:    11.2.0-h5c6108e_11              conda-forge            
    libgit2:         1.0.0-h707abe4_0                conda-forge            
    libgomp:         11.2.0-h1d223b6_11              conda-forge            
    liblapack:       3.9.0-5_h92ddd45_netlib         conda-forge            
    libnghttp2:      1.43.0-h812cca2_1               conda-forge            
    libssh2:         1.10.0-ha56f1ee_2               conda-forge            
    libstdcxx-ng:    11.2.0-he4da1e4_11              conda-forge            
    libzlib:         1.2.11-h36c2ea0_1013            conda-forge            
    metis:           5.1.0-h58526e2_1006             conda-forge            
    mmvc:            1.0.2-1                         file:///tmp/tmp9s2lowte
    mpfr:            4.1.0-h9202a9a_1                conda-forge            
    ncurses:         6.2-h58526e2_4                  conda-forge            
    openblas:        0.2.20-8                        conda-forge            
    openlibm:        0.5.4-h14c3975_1000             conda-forge            
    openspecfun:     0.5.3-h616b090_1002             conda-forge            
    openssl:         1.1.1l-h7f98852_0               conda-forge            
    pcre2:           10.23-2                         conda-forge            
    suitesparse:     5.10.1-h9e50725_1               conda-forge            
    tbb:             2021.4.0-h4bd325d_1             conda-forge            
    tk:              8.6.11-h27826a3_1               conda-forge            
    zlib:            1.2.11-h36c2ea0_1013            conda-forge            

Preparing transaction: ...working... done
Verifying transaction: ...working... done
Executing transaction: ...working... INFO: Initializing package repository /home/vsts/conda/conda-bld/mmvc_1636612515981/_test_env_placehold_placehold_placehold_placehold_placehold_placehold_placehold_placehold_placehold_placehold_placehold_placehold_placehold_placehold_placehold_placehold_placehold_placehold_placehold_placeho/share/julia/site/v0.6
INFO: Cloning METADATA from https://github.com/JuliaLang/METADATA.jl
ERROR: GitError(Code:ERROR, Class:Invalid, invalid version 0 on git_proxy_options)
Stacktrace:
 [1] macro expansion at ./libgit2/error.jl:99 [inlined]
 [2] clone(::String, ::String, ::Base.LibGit2.CloneOptions) at ./libgit2/repository.jl:276
 [3] #clone#100(::String, ::Bool, ::Ptr{Void}, ::Nullable{Base.LibGit2.AbstractCredentials}, ::Function, ::String, ::String) at ./libgit2/libgit2.jl:562
 [4] (::Base.LibGit2.#kw##clone)(::Array{Any,1}, ::Base.LibGit2.#clone, ::String, ::String) at ./<missing>:0
 [5] (::Base.Pkg.Dir.##8#10{String,String})() at ./pkg/dir.jl:55
 [6] cd(::Base.Pkg.Dir.##8#10{String,String}, ::String) at ./file.jl:70
 [7] init(::String, ::String) at ./pkg/dir.jl:53
 [8] init() at ./pkg/pkg.jl:85

done
Rolling back transaction: ...working... done

Leaving build/test directories:
  Work:
 /home/vsts/conda/conda-bld/work 
  Test:
 /home/vsts/conda/conda-bld/test_tmp 
Leaving build/test environments:
  Test:
source activate  /home/vsts/conda/conda-bld/_test_env_placehold_placehold_placehold_placehold_placehold_placehold_placehold_placehold_placehold_placehold_placehold_placehold_placehold_placehold_placehold_placehold_placehold_placehold_placehold_placehold_placehold_placeh 
  Build:
source activate  /home/vsts/conda/conda-bld/_build_env 


