Updating build index: /Users/runner/conda/conda-bld

TEST START: /var/folders/24/8k48jl6d249_n_qfxwsl6xvm0000gn/T/tmp0qj52yop/noarch/metabolabpy-0.6.49-pyhdfd78af_0.tar.bz2
Reloading output folder: /Users/runner/conda/conda-bld
  Package                         Version  Build               Channel                                                                   Size
───────────────────────────────────────────────────────────────────────────────────────────────────────────────────────────────────────────────
  Install:
───────────────────────────────────────────────────────────────────────────────────────────────────────────────────────────────────────────────

  + ca-certificates             2021.10.8  h033912b_0          conda-forge/osx-64                                                      Cached
  + certifi                     2021.10.8  py39h6e9494a_0      conda-forge/osx-64                                                      Cached
  + cycler                         0.10.0  py_2                conda-forge/noarch                                                      Cached
  + et_xmlfile                      1.0.1  py_1001             conda-forge/noarch                                                       11 KB
  + freetype                       2.10.4  h4cff582_1          conda-forge/osx-64                                                      Cached
  + icu                              68.1  h74dc148_0          conda-forge/osx-64                                                      Cached
  + jbig                              2.1  h0d85af4_2003       conda-forge/osx-64                                                      Cached
  + jpeg                               9d  hbcb3906_0          conda-forge/osx-64                                                      Cached
  + kiwisolver                      1.3.2  py39hf018cea_0      conda-forge/osx-64                                                      Cached
  + krb5                           1.19.2  hcfbf3a7_2          conda-forge/osx-64                                                      Cached
  + lcms2                            2.12  h577c468_0          conda-forge/osx-64                                                      Cached
  + lerc                              3.0  he49afe7_0          conda-forge/osx-64                                                      Cached
  + libblas                         3.9.0  12_osx64_openblas   conda-forge/osx-64                                                      Cached
  + libcblas                        3.9.0  12_osx64_openblas   conda-forge/osx-64                                                      Cached
  + libclang                       11.1.0  default_he082bbe_1  conda-forge/osx-64                                                       14 MB
  + libcxx                         12.0.1  habf9029_0          conda-forge/osx-64                                                      Cached
  + libdeflate                        1.8  h0d85af4_0          conda-forge/osx-64                                                      Cached
  + libedit                  3.1.20191231  h0678c8f_2          conda-forge/osx-64                                                      Cached
  + libffi                          3.4.2  he49afe7_4          conda-forge/osx-64                                                      Cached
  + libgfortran                     5.0.0  9_3_0_h6c81a4c_23   conda-forge/osx-64                                                      Cached
  + libgfortran5                    9.3.0  h6c81a4c_23         conda-forge/osx-64                                                      Cached
  + libiconv                         1.16  haf1e3a3_0          conda-forge/osx-64                                                      Cached
  + liblapack                       3.9.0  12_osx64_openblas   conda-forge/osx-64                                                      Cached
  + libllvm11                      11.1.0  hd011deb_2          conda-forge/osx-64                                                       22 MB
  + libopenblas                    0.3.18  openmp_h3351f45_0   conda-forge/osx-64                                                      Cached
  + libpng                         1.6.37  h7cec526_2          conda-forge/osx-64                                                      Cached
  + libpq                            13.3  hea3049e_1          conda-forge/osx-64                                                        3 MB
  + libtiff                         4.3.0  hd146c10_2          conda-forge/osx-64                                                      Cached
  + libwebp-base                    1.2.1  h0d85af4_0          conda-forge/osx-64                                                      Cached
  + libxml2                        2.9.12  h93ec3fd_0          conda-forge/osx-64                                                      Cached
  + libxslt                        1.1.33  h5739fc3_2          conda-forge/osx-64                                                      488 KB
  + libzlib                        1.2.11  h9173be1_1013       conda-forge/osx-64                                                      Cached
  + llvm-openmp                    12.0.1  hda6cdc1_1          conda-forge/osx-64                                                      Cached
  + lz4-c                           1.9.3  he49afe7_1          conda-forge/osx-64                                                      Cached
  + matplotlib-base                 3.4.3  py39hb07454d_1      conda-forge/osx-64                                                      Cached
  + metabolabpy                    0.6.49  pyhdfd78af_0        /var/folders/24/8k48jl6d249_n_qfxwsl6xvm0000gn/T/tmp0qj52yop/noarch     900 KB
  + mysql-common                   8.0.27  h694c41f_0          conda-forge/osx-64                                                        2 MB
  + mysql-libs                     8.0.27  h115446f_0          conda-forge/osx-64                                                        2 MB
  + ncurses                           6.2  h2e338ed_4          conda-forge/osx-64                                                      Cached
  + nspr                             4.30  hcd9eead_0          conda-forge/osx-64                                                      246 KB
  + nss                              3.69  h31e2bf1_1          conda-forge/osx-64                                                        2 MB
  + numpy                          1.21.3  py39h7eed0ac_0      conda-forge/osx-64                                                      Cached
  + olefile                          0.46  pyh9f0ad1d_1        conda-forge/noarch                                                      Cached
  + openjpeg                        2.4.0  h6e7aa92_1          conda-forge/osx-64                                                      Cached
  + openpyxl                        3.0.9  pyhd8ed1ab_0        conda-forge/noarch                                                      153 KB
  + openssl                        1.1.1l  h0d85af4_0          conda-forge/osx-64                                                      Cached
  + pillow                          8.3.2  py39he9bb72f_0      conda-forge/osx-64                                                      Cached
  + pip                            21.3.1  pyhd8ed1ab_0        conda-forge/noarch                                                      Cached
  + pyautogui                      0.9.48  py39hde42818_1      conda-forge/osx-64                                                       59 KB
  + pymsgbox                        1.0.9  pyh9f0ad1d_0        conda-forge/noarch                                                       10 KB
  + pyobjc-core                       7.3  py39h89e85a6_2      conda-forge/osx-64                                                      326 KB
  + pyobjc-framework-cocoa            7.3  py39h6e9494a_0      conda-forge/osx-64                                                      300 KB
  + pyobjc-framework-quartz           7.3  py39h6e9494a_0      conda-forge/osx-64                                                      133 KB
  + pyparsing                       3.0.3  pyhd8ed1ab_0        conda-forge/noarch                                                      Cached
  + pyscreeze                      0.1.27  pyhd8ed1ab_0        conda-forge/noarch                                                       16 KB
  + pyside2                        5.13.2  py39hbcf2127_4      conda-forge/osx-64                                                       12 MB
  + python                          3.9.7  h1248fe1_3_cpython  conda-forge/osx-64                                                      Cached
  + python-dateutil                 2.8.2  pyhd8ed1ab_0        conda-forge/noarch                                                      Cached
  + python_abi                        3.9  2_cp39              conda-forge/osx-64                                                      Cached
  + pytweening                      1.0.3  py_0                conda-forge/noarch                                                        6 KB
  + qt                             5.12.9  h126340a_4          conda-forge/osx-64                                                       88 MB
  + qtmodern                        0.2.0  pyhd8ed1ab_0        conda-forge/noarch                                                       10 KB
  + qtpy                           1.11.2  pyhd8ed1ab_0        conda-forge/noarch                                                       37 KB
  + readline                          8.1  h05e3726_0          conda-forge/osx-64                                                      Cached
  + scipy                           1.7.1  py39h056f1c0_0      conda-forge/osx-64                                                      Cached
  + setuptools                     58.2.0  py39h6e9494a_0      conda-forge/osx-64                                                      Cached
  + six                            1.16.0  pyh6c4a22f_0        conda-forge/noarch                                                      Cached
  + sqlite                         3.36.0  h23a322b_2          conda-forge/osx-64                                                      Cached
  + tk                             8.6.11  h5dbffcc_1          conda-forge/osx-64                                                      Cached
  + tornado                           6.1  py39h89e85a6_1      conda-forge/osx-64                                                      Cached
  + tzdata                          2021e  he74cb21_0          conda-forge/noarch                                                      Cached
  + wheel                          0.37.0  pyhd8ed1ab_1        conda-forge/noarch                                                      Cached
  + xlsxwriter                      3.0.1  pyhd8ed1ab_0        conda-forge/noarch                                                      108 KB
  + xz                              5.2.5  haf1e3a3_1          conda-forge/osx-64                                                      Cached
  + zlib                           1.2.11  h9173be1_1013       conda-forge/osx-64                                                      Cached
  + zstd                            1.5.0  h582d3a0_0          conda-forge/osx-64                                                      Cached

  Summary:

  Install: 76 packages

  Total download: 148 MB

───────────────────────────────────────────────────────────────────────────────────────────────────────────────────────────────────────────────


## Package Plan ##

  environment location: /Users/runner/conda/conda-bld/metabolabpy_1635375669172/_test_env_placehold_placehold_placehold_placehold_placehold_placehold_placehold_placehold_placehold_placehold_placehold_placehold_placehold_placehold_placehold_placehold_placehold_placehold_placeho


The following NEW packages will be INSTALLED:

    ca-certificates:         2021.10.8-h033912b_0      conda-forge                                                        
    certifi:                 2021.10.8-py39h6e9494a_0  conda-forge                                                        
    cycler:                  0.10.0-py_2               conda-forge                                                        
    et_xmlfile:              1.0.1-py_1001             conda-forge                                                        
    freetype:                2.10.4-h4cff582_1         conda-forge                                                        
    icu:                     68.1-h74dc148_0           conda-forge                                                        
    jbig:                    2.1-h0d85af4_2003         conda-forge                                                        
    jpeg:                    9d-hbcb3906_0             conda-forge                                                        
    kiwisolver:              1.3.2-py39hf018cea_0      conda-forge                                                        
    krb5:                    1.19.2-hcfbf3a7_2         conda-forge                                                        
    lcms2:                   2.12-h577c468_0           conda-forge                                                        
    lerc:                    3.0-he49afe7_0            conda-forge                                                        
    libblas:                 3.9.0-12_osx64_openblas   conda-forge                                                        
    libcblas:                3.9.0-12_osx64_openblas   conda-forge                                                        
    libclang:                11.1.0-default_he082bbe_1 conda-forge                                                        
    libcxx:                  12.0.1-habf9029_0         conda-forge                                                        
    libdeflate:              1.8-h0d85af4_0            conda-forge                                                        
    libedit:                 3.1.20191231-h0678c8f_2   conda-forge                                                        
    libffi:                  3.4.2-he49afe7_4          conda-forge                                                        
    libgfortran:             5.0.0-9_3_0_h6c81a4c_23   conda-forge                                                        
    libgfortran5:            9.3.0-h6c81a4c_23         conda-forge                                                        
    libiconv:                1.16-haf1e3a3_0           conda-forge                                                        
    liblapack:               3.9.0-12_osx64_openblas   conda-forge                                                        
    libllvm11:               11.1.0-hd011deb_2         conda-forge                                                        
    libopenblas:             0.3.18-openmp_h3351f45_0  conda-forge                                                        
    libpng:                  1.6.37-h7cec526_2         conda-forge                                                        
    libpq:                   13.3-hea3049e_1           conda-forge                                                        
    libtiff:                 4.3.0-hd146c10_2          conda-forge                                                        
    libwebp-base:            1.2.1-h0d85af4_0          conda-forge                                                        
    libxml2:                 2.9.12-h93ec3fd_0         conda-forge                                                        
    libxslt:                 1.1.33-h5739fc3_2         conda-forge                                                        
    libzlib:                 1.2.11-h9173be1_1013      conda-forge                                                        
    llvm-openmp:             12.0.1-hda6cdc1_1         conda-forge                                                        
    lz4-c:                   1.9.3-he49afe7_1          conda-forge                                                        
    matplotlib-base:         3.4.3-py39hb07454d_1      conda-forge                                                        
    metabolabpy:             0.6.49-pyhdfd78af_0       file:///var/folders/24/8k48jl6d249_n_qfxwsl6xvm0000gn/T/tmp0qj52yop
    mysql-common:            8.0.27-h694c41f_0         conda-forge                                                        
    mysql-libs:              8.0.27-h115446f_0         conda-forge                                                        
    ncurses:                 6.2-h2e338ed_4            conda-forge                                                        
    nspr:                    4.30-hcd9eead_0           conda-forge                                                        
    nss:                     3.69-h31e2bf1_1           conda-forge                                                        
    numpy:                   1.21.3-py39h7eed0ac_0     conda-forge                                                        
    olefile:                 0.46-pyh9f0ad1d_1         conda-forge                                                        
    openjpeg:                2.4.0-h6e7aa92_1          conda-forge                                                        
    openpyxl:                3.0.9-pyhd8ed1ab_0        conda-forge                                                        
    openssl:                 1.1.1l-h0d85af4_0         conda-forge                                                        
    pillow:                  8.3.2-py39he9bb72f_0      conda-forge                                                        
    pip:                     21.3.1-pyhd8ed1ab_0       conda-forge                                                        
    pyautogui:               0.9.48-py39hde42818_1     conda-forge                                                        
    pymsgbox:                1.0.9-pyh9f0ad1d_0        conda-forge                                                        
    pyobjc-core:             7.3-py39h89e85a6_2        conda-forge                                                        
    pyobjc-framework-cocoa:  7.3-py39h6e9494a_0        conda-forge                                                        
    pyobjc-framework-quartz: 7.3-py39h6e9494a_0        conda-forge                                                        
    pyparsing:               3.0.3-pyhd8ed1ab_0        conda-forge                                                        
    pyscreeze:               0.1.27-pyhd8ed1ab_0       conda-forge                                                        
    pyside2:                 5.13.2-py39hbcf2127_4     conda-forge                                                        
    python:                  3.9.7-h1248fe1_3_cpython  conda-forge                                                        
    python-dateutil:         2.8.2-pyhd8ed1ab_0        conda-forge                                                        
    python_abi:              3.9-2_cp39                conda-forge                                                        
    pytweening:              1.0.3-py_0                conda-forge                                                        
    qt:                      5.12.9-h126340a_4         conda-forge                                                        
    qtmodern:                0.2.0-pyhd8ed1ab_0        conda-forge                                                        
    qtpy:                    1.11.2-pyhd8ed1ab_0       conda-forge                                                        
    readline:                8.1-h05e3726_0            conda-forge                                                        
    scipy:                   1.7.1-py39h056f1c0_0      conda-forge                                                        
    setuptools:              58.2.0-py39h6e9494a_0     conda-forge                                                        
    six:                     1.16.0-pyh6c4a22f_0       conda-forge                                                        
    sqlite:                  3.36.0-h23a322b_2         conda-forge                                                        
    tk:                      8.6.11-h5dbffcc_1         conda-forge                                                        
    tornado:                 6.1-py39h89e85a6_1        conda-forge                                                        
    tzdata:                  2021e-he74cb21_0          conda-forge                                                        
    wheel:                   0.37.0-pyhd8ed1ab_1       conda-forge                                                        
    xlsxwriter:              3.0.1-pyhd8ed1ab_0        conda-forge                                                        
    xz:                      5.2.5-haf1e3a3_1          conda-forge                                                        
    zlib:                    1.2.11-h9173be1_1013      conda-forge                                                        
    zstd:                    1.5.0-h582d3a0_0          conda-forge                                                        

Preparing transaction: ...working... done
Verifying transaction: ...working... done
Executing transaction: ...working... done
export PREFIX=/Users/runner/conda/conda-bld/metabolabpy_1635375669172/_test_env_placehold_placehold_placehold_placehold_placehold_placehold_placehold_placehold_placehold_placehold_placehold_placehold_placehold_placehold_placehold_placehold_placehold_placehold_placeho
export SRC_DIR=/Users/runner/conda/conda-bld/metabolabpy_1635375669172/test_tmp
import: 'metabolabpy'
import: 'metabolabpy.nmr'
import: 'metabolabpy'
import: 'metabolabpy.nmr'

Leaving build/test directories:
  Work:
 /Users/runner/conda/conda-bld/work 
  Test:
 /Users/runner/conda/conda-bld/test_tmp 
Leaving build/test environments:
  Test:
source activate  /Users/runner/conda/conda-bld/_test_env_placehold_placehold_placehold_placehold_placehold_placehold_placehold_placehold_placehold_placehold_placehold_placehold_placehold_placehold_placehold_placehold_placehold_placehold_placehold_placehold_placehold_pla 
  Build:
source activate  /Users/runner/conda/conda-bld/_build_env 


