Updating build index: /home/vsts/conda/conda-bld

TEST START: /tmp/tmpqexatsu_/linux-64/bioconductor-mitoode-1.25.0-r40h037d062_0.tar.bz2
Reloading output folder: /home/vsts/conda/conda-bld

## Package Plan ##

  environment location: /home/vsts/conda/conda-bld/bioconductor-mitoode_1637221988621/_test_env_placehold_placehold_placehold_placehold_placehold_placehold_placehold_placehold_placehold_placehold_placehold_placehold_placehold_placehold_placehold_placehold_placehold_placehold_p


The following NEW packages will be INSTALLED:

    _libgcc_mutex:             0.1-conda_forge            conda-forge            
    _openmp_mutex:             4.5-1_gnu                  conda-forge            
    _r-mutex:                  1.0.1-anacondar_1          conda-forge            
    binutils_impl_linux-64:    2.36.1-h193b22a_2          conda-forge            
    binutils_linux-64:         2.36-hf3e587d_1            conda-forge            
    bioconductor-mitoode:      1.25.0-r40h037d062_0       file:///tmp/tmpqexatsu_
    bioconductor-mitoodedata:  1.23.0-r40_0               bioconda               
    bwidget:                   1.9.14-ha770c72_1          conda-forge            
    bzip2:                     1.0.8-h7f98852_4           conda-forge            
    c-ares:                    1.18.1-h7f98852_0          conda-forge            
    ca-certificates:           2021.10.8-ha878542_0       conda-forge            
    cairo:                     1.16.0-h6cf1ce9_1008       conda-forge            
    curl:                      7.80.0-h494985f_0          conda-forge            
    font-ttf-dejavu-sans-mono: 2.37-hab24e00_0            conda-forge            
    font-ttf-inconsolata:      3.000-h77eed37_0           conda-forge            
    font-ttf-source-code-pro:  2.038-h77eed37_0           conda-forge            
    font-ttf-ubuntu:           0.83-hab24e00_0            conda-forge            
    fontconfig:                2.13.1-hba837de_1005       conda-forge            
    fonts-conda-ecosystem:     1-0                        conda-forge            
    fonts-conda-forge:         1-0                        conda-forge            
    freetype:                  2.10.4-h0708190_1          conda-forge            
    fribidi:                   1.0.10-h36c2ea0_0          conda-forge            
    gcc_impl_linux-64:         9.4.0-h03d3576_11          conda-forge            
    gcc_linux-64:              9.4.0-h391b98a_1           conda-forge            
    gettext:                   0.19.8.1-h73d1719_1008     conda-forge            
    gfortran_impl_linux-64:    9.4.0-h0003116_11          conda-forge            
    gfortran_linux-64:         9.4.0-hf0ab688_1           conda-forge            
    graphite2:                 1.3.13-h58526e2_1001       conda-forge            
    gsl:                       2.7-he838d99_0             conda-forge            
    gxx_impl_linux-64:         9.4.0-h03d3576_11          conda-forge            
    gxx_linux-64:              9.4.0-h0316aca_1           conda-forge            
    harfbuzz:                  3.1.1-h83ec7ef_0           conda-forge            
    icu:                       68.2-h9c3ff4c_0            conda-forge            
    jbig:                      2.1-h7f98852_2003          conda-forge            
    jpeg:                      9d-h36c2ea0_0              conda-forge            
    kernel-headers_linux-64:   2.6.32-he073ed8_15         conda-forge            
    krb5:                      1.19.2-h48eae69_3          conda-forge            
    ld_impl_linux-64:          2.36.1-hea4e1c9_2          conda-forge            
    lerc:                      3.0-h9c3ff4c_0             conda-forge            
    libblas:                   3.8.0-17_openblas          conda-forge            
    libcblas:                  3.8.0-17_openblas          conda-forge            
    libcurl:                   7.80.0-h494985f_0          conda-forge            
    libdeflate:                1.8-h7f98852_0             conda-forge            
    libedit:                   3.1.20191231-he28a2e2_2    conda-forge            
    libev:                     4.33-h516909a_1            conda-forge            
    libffi:                    3.4.2-h7f98852_5           conda-forge            
    libgcc-devel_linux-64:     9.4.0-hd854feb_11          conda-forge            
    libgcc-ng:                 11.2.0-h1d223b6_11         conda-forge            
    libgfortran-ng:            11.2.0-h69a702a_11         conda-forge            
    libgfortran5:              11.2.0-h5c6108e_11         conda-forge            
    libglib:                   2.70.1-h174f98d_0          conda-forge            
    libgomp:                   11.2.0-h1d223b6_11         conda-forge            
    libiconv:                  1.16-h516909a_0            conda-forge            
    liblapack:                 3.8.0-17_openblas          conda-forge            
    libnghttp2:                1.43.0-ha19adfc_1          conda-forge            
    libopenblas:               0.3.10-pthreads_h4812303_5 conda-forge            
    libpng:                    1.6.37-h21135ba_2          conda-forge            
    libsanitizer:              9.4.0-h79bfe98_11          conda-forge            
    libssh2:                   1.10.0-ha35d2d1_2          conda-forge            
    libstdcxx-devel_linux-64:  9.4.0-hd854feb_11          conda-forge            
    libstdcxx-ng:              11.2.0-he4da1e4_11         conda-forge            
    libtiff:                   4.3.0-h6f004c6_2           conda-forge            
    libuuid:                   2.32.1-h7f98852_1000       conda-forge            
    libwebp-base:              1.2.1-h7f98852_0           conda-forge            
    libxcb:                    1.13-h7f98852_1004         conda-forge            
    libxml2:                   2.9.12-h72842e0_0          conda-forge            
    libzlib:                   1.2.11-h36c2ea0_1013       conda-forge            
    lz4-c:                     1.9.3-h9c3ff4c_1           conda-forge            
    make:                      4.3-hd18ef5c_1             conda-forge            
    ncurses:                   6.2-h58526e2_4             conda-forge            
    openssl:                   3.0.0-h7f98852_2           conda-forge            
    pango:                     1.48.10-h54213e6_2         conda-forge            
    pcre:                      8.45-h9c3ff4c_0            conda-forge            
    pcre2:                     10.37-h032f7d1_0           conda-forge            
    pixman:                    0.40.0-h36c2ea0_0          conda-forge            
    pthread-stubs:             0.4-h36c2ea0_1001          conda-forge            
    r-base:                    4.0.5-hb93adac_3           conda-forge            
    r-kernsmooth:              2.23_20-r40h742201e_0      conda-forge            
    r-mass:                    7.3_54-r40hcfec24a_0       conda-forge            
    r-minpack.lm:              1.2_1-r40h742201e_1007     conda-forge            
    readline:                  8.1-h46c0cb4_0             conda-forge            
    sed:                       4.8-he412f7d_0             conda-forge            
    sysroot_linux-64:          2.12-he073ed8_15           conda-forge            
    tk:                        8.6.11-h27826a3_1          conda-forge            
    tktable:                   2.10-hb7b940f_3            conda-forge            
    xorg-kbproto:              1.0.7-h7f98852_1002        conda-forge            
    xorg-libice:               1.0.10-h7f98852_0          conda-forge            
    xorg-libsm:                1.2.3-hd9c2040_1000        conda-forge            
    xorg-libx11:               1.7.2-h7f98852_0           conda-forge            
    xorg-libxau:               1.0.9-h7f98852_0           conda-forge            
    xorg-libxdmcp:             1.1.3-h7f98852_0           conda-forge            
    xorg-libxext:              1.3.4-h7f98852_1           conda-forge            
    xorg-libxrender:           0.9.10-h7f98852_1003       conda-forge            
    xorg-libxt:                1.2.1-h7f98852_2           conda-forge            
    xorg-renderproto:          0.11.1-h7f98852_1002       conda-forge            
    xorg-xextproto:            7.3.0-h7f98852_1002        conda-forge            
    xorg-xproto:               7.0.31-h7f98852_1007       conda-forge            
    xz:                        5.2.5-h516909a_1           conda-forge            
    zlib:                      1.2.11-h36c2ea0_1013       conda-forge            
    zstd:                      1.5.0-ha95c52a_0           conda-forge            

Preparing transaction: ...working... done
Verifying transaction: ...working... done
Executing transaction: ...working... done
Rolling back transaction: ...working... done

Leaving build/test directories:
  Work:
 /home/vsts/conda/conda-bld/work 
  Test:
 /home/vsts/conda/conda-bld/test_tmp 
Leaving build/test environments:
  Test:
source activate  /home/vsts/conda/conda-bld/_test_env_placehold_placehold_placehold_placehold_placehold_placehold_placehold_placehold_placehold_placehold_placehold_placehold_placehold_placehold_placehold_placehold_placehold_placehold_placehold_placehold_placehold_placeh 
  Build:
source activate  /home/vsts/conda/conda-bld/_build_env 


