Updating build index: /Users/runner/conda/conda-bld

TEST START: /var/folders/24/8k48jl6d249_n_qfxwsl6xvm0000gn/T/tmp2jczz5n0/noarch/diapysef-0.3.5-pyh864c0ab_1.tar.bz2
Reloading output folder: /Users/runner/conda/conda-bld
  Package                 Version  Build                Channel                                                                   Size
────────────────────────────────────────────────────────────────────────────────────────────────────────────────────────────────────────
  Install:
────────────────────────────────────────────────────────────────────────────────────────────────────────────────────────────────────────

  + boost                  1.70.0  py38hbf1eeb5_1       conda-forge/osx-64                                                      347 KB
  + boost-cpp              1.70.0  hef959ae_3           conda-forge/osx-64                                                       19 MB
  + bzip2                   1.0.8  h0d85af4_4           conda-forge/osx-64                                                      Cached
  + ca-certificates     2021.10.8  h033912b_0           conda-forge/osx-64                                                      Cached
  + certifi             2021.10.8  py38h50d1736_0       conda-forge/osx-64                                                      145 KB
  + coinmp                  1.8.4  h4cbccac_3           conda-forge/osx-64                                                        7 MB
  + cycler                 0.10.0  py_2                 conda-forge/noarch                                                        9 KB
  + diapysef                0.3.5  pyh864c0ab_1         /var/folders/24/8k48jl6d249_n_qfxwsl6xvm0000gn/T/tmp2jczz5n0/noarch     626 KB
  + eigen                   3.3.9  h926bf3e_1           conda-forge/osx-64                                                      970 KB
  + freetype               2.10.4  h4cff582_1           conda-forge/osx-64                                                      Cached
  + glpk                     4.65  h0f52abe_1004        conda-forge/osx-64                                                        1 MB
  + gmp                     6.2.1  h2e338ed_0           conda-forge/osx-64                                                      Cached
  + hdf5                   1.10.5  nompi_h500d6d3_1114  conda-forge/osx-64                                                        3 MB
  + icu                      67.1  hb1e8313_0           conda-forge/osx-64                                                       13 MB
  + jpeg                       9d  hbcb3906_0           conda-forge/osx-64                                                      Cached
  + kiwisolver              1.3.2  py38h12bbefe_0       conda-forge/osx-64                                                       57 KB
  + krb5                   1.17.2  h60d9502_0           conda-forge/osx-64                                                        1 MB
  + lcms2                    2.12  h577c468_0           conda-forge/osx-64                                                      404 KB
  + libblas                 3.8.0  17_openblas          conda-forge/osx-64                                                       11 KB
  + libcblas                3.8.0  17_openblas          conda-forge/osx-64                                                       11 KB
  + libclang               10.0.1  default_hf57f61e_1   conda-forge/osx-64                                                       19 MB
  + libcxx                 12.0.1  habf9029_0           conda-forge/osx-64                                                      Cached
  + libedit          3.1.20191231  h0678c8f_2           conda-forge/osx-64                                                      Cached
  + libffi                  3.4.2  he49afe7_4           conda-forge/osx-64                                                      Cached
  + libgfortran             5.0.0  9_3_0_h6c81a4c_23    conda-forge/osx-64                                                      Cached
  + libgfortran5            9.3.0  h6c81a4c_23          conda-forge/osx-64                                                      Cached
  + liblapack               3.8.0  17_openblas          conda-forge/osx-64                                                       11 KB
  + libllvm10              10.0.1  h009f743_3           conda-forge/osx-64                                                       21 MB
  + libopenblas            0.3.10  openmp_h54245bb_5    conda-forge/osx-64                                                        8 MB
  + libopenms               2.6.0  h97bd754_0           bioconda/osx-64                                                          12 MB
  + libpng                 1.6.37  h7cec526_2           conda-forge/osx-64                                                      Cached
  + libpq                    12.3  h7049927_3           conda-forge/osx-64                                                        3 MB
  + libsvm                   3.21  1                    conda-forge/osx-64                                                       63 KB
  + libtiff                 4.2.0  h46d1c8c_2           conda-forge/osx-64                                                      548 KB
  + libwebp-base            1.2.1  h0d85af4_0           conda-forge/osx-64                                                      Cached
  + libzlib                1.2.11  h9173be1_1013        conda-forge/osx-64                                                      Cached
  + llvm-openmp            10.0.1  h28b9765_0           conda-forge/osx-64                                                      265 KB
  + lz4-c                   1.9.3  he49afe7_1           conda-forge/osx-64                                                      Cached
  + matplotlib-base         3.4.3  py38hc7d2367_1       conda-forge/osx-64                                                        7 MB
  + mysql-common           8.0.25  h694c41f_0           conda-forge/osx-64                                                        2 MB
  + mysql-libs             8.0.25  h54f5a68_0           conda-forge/osx-64                                                        2 MB
  + ncurses                   6.2  h2e338ed_4           conda-forge/osx-64                                                      Cached
  + nspr                     4.30  hcd9eead_0           conda-forge/osx-64                                                      246 KB
  + nss                      3.69  h31e2bf1_1           conda-forge/osx-64                                                        2 MB
  + numpy                  1.21.3  py38h49b9922_0       conda-forge/osx-64                                                        6 MB
  + olefile                  0.46  pyh9f0ad1d_1         conda-forge/noarch                                                       32 KB
  + openjpeg                2.4.0  h6e7aa92_1           conda-forge/osx-64                                                      Cached
  + openssl                1.1.1l  h0d85af4_0           conda-forge/osx-64                                                      Cached
  + pandas                  1.3.4  py38ha53d530_0       conda-forge/osx-64                                                       12 MB
  + patsy                   0.5.2  pyhd8ed1ab_0         conda-forge/noarch                                                      188 KB
  + pillow                  8.2.0  py38h83525de_1       conda-forge/osx-64                                                      659 KB
  + pip                      21.3  pyhd8ed1ab_0         conda-forge/noarch                                                      Cached
  + pyopenms                2.6.0  py38h09a4c79_0       bioconda/osx-64                                                           7 MB
  + pyparsing               2.4.7  pyh9f0ad1d_0         conda-forge/noarch                                                       60 KB
  + python                 3.8.12  h17280f6_2_cpython   conda-forge/osx-64                                                       12 MB
  + python-dateutil         2.8.2  pyhd8ed1ab_0         conda-forge/noarch                                                      240 KB
  + python_abi                3.8  2_cp38               conda-forge/osx-64                                                        4 KB
  + pytz                   2021.3  pyhd8ed1ab_0         conda-forge/noarch                                                      Cached
  + qt                     5.12.9  h717870c_0           conda-forge/osx-64                                                       88 MB
  + readline                  8.1  h05e3726_0           conda-forge/osx-64                                                      Cached
  + scipy                   1.7.1  py38hd329d04_0       conda-forge/osx-64                                                       20 MB
  + setuptools             58.2.0  py38h50d1736_0       conda-forge/osx-64                                                        1 MB
  + six                    1.16.0  pyh6c4a22f_0         conda-forge/noarch                                                      Cached
  + sqlite                 3.36.0  h23a322b_2           conda-forge/osx-64                                                      Cached
  + statsmodels            0.13.0  py38hbe852b5_0       conda-forge/osx-64                                                       11 MB
  + tk                     8.6.11  h5dbffcc_1           conda-forge/osx-64                                                      Cached
  + tornado                   6.1  py38h96a0964_1       conda-forge/osx-64                                                      645 KB
  + wheel                  0.37.0  pyhd8ed1ab_1         conda-forge/noarch                                                      Cached
  + xerces-c                3.2.3  h0a0444a_1           conda-forge/osx-64                                                        1 MB
  + xz                      5.2.5  haf1e3a3_1           conda-forge/osx-64                                                      Cached
  + zlib                   1.2.11  h9173be1_1013        conda-forge/osx-64                                                      Cached
  + zstd                    1.4.9  h582d3a0_0           conda-forge/osx-64                                                      460 KB

  Summary:

  Install: 72 packages

  Total download: 283 MB

────────────────────────────────────────────────────────────────────────────────────────────────────────────────────────────────────────


## Package Plan ##

  environment location: /Users/runner/conda/conda-bld/diapysef_1634915931861/_test_env_placehold_placehold_placehold_placehold_placehold_placehold_placehold_placehold_placehold_placehold_placehold_placehold_placehold_placehold_placehold_placehold_placehold_placehold_placehold_


The following NEW packages will be INSTALLED:

    boost:           1.70.0-py38hbf1eeb5_1      conda-forge                                                        
    boost-cpp:       1.70.0-hef959ae_3          conda-forge                                                        
    bzip2:           1.0.8-h0d85af4_4           conda-forge                                                        
    ca-certificates: 2021.10.8-h033912b_0       conda-forge                                                        
    certifi:         2021.10.8-py38h50d1736_0   conda-forge                                                        
    coinmp:          1.8.4-h4cbccac_3           conda-forge                                                        
    cycler:          0.10.0-py_2                conda-forge                                                        
    diapysef:        0.3.5-pyh864c0ab_1         file:///var/folders/24/8k48jl6d249_n_qfxwsl6xvm0000gn/T/tmp2jczz5n0
    eigen:           3.3.9-h926bf3e_1           conda-forge                                                        
    freetype:        2.10.4-h4cff582_1          conda-forge                                                        
    glpk:            4.65-h0f52abe_1004         conda-forge                                                        
    gmp:             6.2.1-h2e338ed_0           conda-forge                                                        
    hdf5:            1.10.5-nompi_h500d6d3_1114 conda-forge                                                        
    icu:             67.1-hb1e8313_0            conda-forge                                                        
    jpeg:            9d-hbcb3906_0              conda-forge                                                        
    kiwisolver:      1.3.2-py38h12bbefe_0       conda-forge                                                        
    krb5:            1.17.2-h60d9502_0          conda-forge                                                        
    lcms2:           2.12-h577c468_0            conda-forge                                                        
    libblas:         3.8.0-17_openblas          conda-forge                                                        
    libcblas:        3.8.0-17_openblas          conda-forge                                                        
    libclang:        10.0.1-default_hf57f61e_1  conda-forge                                                        
    libcxx:          12.0.1-habf9029_0          conda-forge                                                        
    libedit:         3.1.20191231-h0678c8f_2    conda-forge                                                        
    libffi:          3.4.2-he49afe7_4           conda-forge                                                        
    libgfortran:     5.0.0-9_3_0_h6c81a4c_23    conda-forge                                                        
    libgfortran5:    9.3.0-h6c81a4c_23          conda-forge                                                        
    liblapack:       3.8.0-17_openblas          conda-forge                                                        
    libllvm10:       10.0.1-h009f743_3          conda-forge                                                        
    libopenblas:     0.3.10-openmp_h54245bb_5   conda-forge                                                        
    libopenms:       2.6.0-h97bd754_0           bioconda                                                           
    libpng:          1.6.37-h7cec526_2          conda-forge                                                        
    libpq:           12.3-h7049927_3            conda-forge                                                        
    libsvm:          3.21-1                     conda-forge                                                        
    libtiff:         4.2.0-h46d1c8c_2           conda-forge                                                        
    libwebp-base:    1.2.1-h0d85af4_0           conda-forge                                                        
    libzlib:         1.2.11-h9173be1_1013       conda-forge                                                        
    llvm-openmp:     10.0.1-h28b9765_0          conda-forge                                                        
    lz4-c:           1.9.3-he49afe7_1           conda-forge                                                        
    matplotlib-base: 3.4.3-py38hc7d2367_1       conda-forge                                                        
    mysql-common:    8.0.25-h694c41f_0          conda-forge                                                        
    mysql-libs:      8.0.25-h54f5a68_0          conda-forge                                                        
    ncurses:         6.2-h2e338ed_4             conda-forge                                                        
    nspr:            4.30-hcd9eead_0            conda-forge                                                        
    nss:             3.69-h31e2bf1_1            conda-forge                                                        
    numpy:           1.21.3-py38h49b9922_0      conda-forge                                                        
    olefile:         0.46-pyh9f0ad1d_1          conda-forge                                                        
    openjpeg:        2.4.0-h6e7aa92_1           conda-forge                                                        
    openssl:         1.1.1l-h0d85af4_0          conda-forge                                                        
    pandas:          1.3.4-py38ha53d530_0       conda-forge                                                        
    patsy:           0.5.2-pyhd8ed1ab_0         conda-forge                                                        
    pillow:          8.2.0-py38h83525de_1       conda-forge                                                        
    pip:             21.3-pyhd8ed1ab_0          conda-forge                                                        
    pyopenms:        2.6.0-py38h09a4c79_0       bioconda                                                           
    pyparsing:       2.4.7-pyh9f0ad1d_0         conda-forge                                                        
    python:          3.8.12-h17280f6_2_cpython  conda-forge                                                        
    python-dateutil: 2.8.2-pyhd8ed1ab_0         conda-forge                                                        
    python_abi:      3.8-2_cp38                 conda-forge                                                        
    pytz:            2021.3-pyhd8ed1ab_0        conda-forge                                                        
    qt:              5.12.9-h717870c_0          conda-forge                                                        
    readline:        8.1-h05e3726_0             conda-forge                                                        
    scipy:           1.7.1-py38hd329d04_0       conda-forge                                                        
    setuptools:      58.2.0-py38h50d1736_0      conda-forge                                                        
    six:             1.16.0-pyh6c4a22f_0        conda-forge                                                        
    sqlite:          3.36.0-h23a322b_2          conda-forge                                                        
    statsmodels:     0.13.0-py38hbe852b5_0      conda-forge                                                        
    tk:              8.6.11-h5dbffcc_1          conda-forge                                                        
    tornado:         6.1-py38h96a0964_1         conda-forge                                                        
    wheel:           0.37.0-pyhd8ed1ab_1        conda-forge                                                        
    xerces-c:        3.2.3-h0a0444a_1           conda-forge                                                        
    xz:              5.2.5-haf1e3a3_1           conda-forge                                                        
    zlib:            1.2.11-h9173be1_1013       conda-forge                                                        
    zstd:            1.4.9-h582d3a0_0           conda-forge                                                        

Preparing transaction: ...working... done
Verifying transaction: ...working... done
Executing transaction: ...working... done
export PREFIX=/Users/runner/conda/conda-bld/diapysef_1634915931861/_test_env_placehold_placehold_placehold_placehold_placehold_placehold_placehold_placehold_placehold_placehold_placehold_placehold_placehold_placehold_placehold_placehold_placehold_placehold_placehold_
export SRC_DIR=/Users/runner/conda/conda-bld/diapysef_1634915931861/test_tmp
import: 'diapysef'

Leaving build/test directories:
  Work:
 /Users/runner/conda/conda-bld/work 
  Test:
 /Users/runner/conda/conda-bld/test_tmp 
Leaving build/test environments:
  Test:
source activate  /Users/runner/conda/conda-bld/_test_env_placehold_placehold_placehold_placehold_placehold_placehold_placehold_placehold_placehold_placehold_placehold_placehold_placehold_placehold_placehold_placehold_placehold_placehold_placehold_placehold_placehold_pla 
  Build:
source activate  /Users/runner/conda/conda-bld/_build_env 


