Updating build index: /Users/runner/conda/conda-bld

TEST START: /var/folders/24/8k48jl6d249_n_qfxwsl6xvm0000gn/T/tmp1va3jcc0/osx-64/elasticluster-0.1.3bcbio-py27_12.tar.bz2
Adding in variants from internal_defaults
Adding in variants from /var/folders/24/8k48jl6d249_n_qfxwsl6xvm0000gn/T/tmps4k1t3p0/info/recipe/conda_build_config.yaml
Reloading output folder: /Users/runner/conda/conda-bld

## Package Plan ##

  environment location: /Users/runner/conda/conda-bld/elasticluster_1636494532160/_test_env_placehold_placehold_placehold_placehold_placehold_placehold_placehold_placehold_placehold_placehold_placehold_placehold_placehold_placehold_placehold_placehold_placehold_placehold_place


The following NEW packages will be INSTALLED:

    ansible:                        2.9.6-py27_0                 conda-forge                                                        
    appdirs:                        1.4.4-pyh9f0ad1d_0           conda-forge                                                        
    azure:                          4.0.0-py_0                   conda-forge                                                        
    azure-common:                   1.1.24-py_0                  conda-forge                                                        
    azure-mgmt:                     0.20.1-py27_0                conda-forge                                                        
    azure-mgmt-common:              0.20.0-py27_0                conda-forge                                                        
    azure-mgmt-compute:             0.20.1-py27_0                conda-forge                                                        
    azure-mgmt-network:             0.20.1-py27_0                conda-forge                                                        
    azure-mgmt-nspkg:               2.0.0-py27_0                 conda-forge                                                        
    azure-mgmt-resource:            0.20.1-py27_0                conda-forge                                                        
    azure-mgmt-storage:             0.20.0-py27_0                conda-forge                                                        
    azure-nspkg:                    3.0.2-py_0                   conda-forge                                                        
    azure-servicebus:               0.20.1-py27_0                conda-forge                                                        
    azure-servicemanagement-legacy: 0.20.1-py27_0                conda-forge                                                        
    azure-storage:                  0.20.3-py27_0                conda-forge                                                        
    babel:                          2.9.1-pyh44b312d_0           conda-forge                                                        
    bcrypt:                         3.1.7-py27h0b31af3_0         conda-forge                                                        
    boto:                           2.49.0-py_0                  conda-forge                                                        
    brotlipy:                       0.7.0-py27h0b31af3_1000      conda-forge                                                        
    ca-certificates:                2021.10.8-h033912b_0         conda-forge                                                        
    cachetools:                     3.1.1-py_0                   conda-forge                                                        
    certifi:                        2019.11.28-py27h8c360ce_1    conda-forge                                                        
    cffi:                           1.14.0-py27h356ff06_0        conda-forge                                                        
    chardet:                        3.0.4-py27h8c360ce_1006      conda-forge                                                        
    configobj:                      5.0.6-py_0                   conda-forge                                                        
    cryptography:                   2.8-py27hab9f8d5_2           conda-forge                                                        
    debtcollector:                  1.21.0-py27_0                conda-forge                                                        
    decorator:                      4.4.2-py_0                   conda-forge                                                        
    dogpile.cache:                  0.9.2-pyh9f0ad1d_0           conda-forge                                                        
    elasticluster:                  0.1.3bcbio-py27_12           file:///var/folders/24/8k48jl6d249_n_qfxwsl6xvm0000gn/T/tmp1va3jcc0
    enum34:                         1.1.10-py27h8c360ce_1        conda-forge                                                        
    extras:                         1.0.0-py27_0                 conda-forge                                                        
    fixtures:                       3.0.0-py27_0                 conda-forge                                                        
    funcsigs:                       1.0.2-py27_0                 conda-forge                                                        
    futures:                        3.3.0-py27h8c360ce_1         conda-forge                                                        
    google-api-core:                1.16.0-py27_1                conda-forge                                                        
    google-api-python-client:       1.9.1-pyh9f0ad1d_0           conda-forge                                                        
    google-auth:                    1.16.1-pyh9f0ad1d_0          conda-forge                                                        
    google-auth-httplib2:           0.0.4-pyh9f0ad1d_0           conda-forge                                                        
    googleapis-common-protos:       1.51.0-py27_1                conda-forge                                                        
    httplib2:                       0.18.1-pyh9f0ad1d_0          conda-forge                                                        
    idna:                           2.10-pyh9f0ad1d_0            conda-forge                                                        
    ipaddress:                      1.0.23-py_0                  conda-forge                                                        
    iso8601:                        0.1.13-pyh9f0ad1d_0          conda-forge                                                        
    jinja2:                         2.11.3-pyh44b312d_0          conda-forge                                                        
    jmespath:                       0.10.0-pyh9f0ad1d_0          conda-forge                                                        
    jsonpatch:                      1.24-py_0                    conda-forge                                                        
    jsonpointer:                    2.0-py_0                     conda-forge                                                        
    keystoneauth1:                  3.15.0-py_0                  conda-forge                                                        
    libcxx:                         12.0.1-habf9029_0            conda-forge                                                        
    libffi:                         3.2.1-hb1e8313_1007          conda-forge                                                        
    libprotobuf:                    3.11.4-hd174df1_0            conda-forge                                                        
    libzlib:                        1.2.11-h9173be1_1013         conda-forge                                                        
    markupsafe:                     1.1.1-py27h89ed719_1         conda-forge                                                        
    monotonic:                      1.5-py_0                     conda-forge                                                        
    munch:                          2.5.0-py_0                   conda-forge                                                        
    ncurses:                        6.2-h2e338ed_4               conda-forge                                                        
    netaddr:                        0.7.19-py_0                  conda-forge                                                        
    netifaces:                      0.10.9-py27h89ed719_1002     conda-forge                                                        
    oauth2client:                   4.1.3-py_0                   conda-forge                                                        
    openssl:                        1.1.1l-h0d85af4_0            conda-forge                                                        
    os-client-config:               1.29.0-py_0                  conda-forge                                                        
    os-service-types:               1.7.0-pyh9f0ad1d_0           conda-forge                                                        
    oslo.i18n:                      3.23.1-py_0                  conda-forge                                                        
    oslo.serialization:             3.0.0-py27_0                 conda-forge                                                        
    oslo.utils:                     3.41.0-py27_0                conda-forge                                                        
    paramiko:                       2.7.2-pyh9f0ad1d_0           conda-forge                                                        
    pbr:                            5.5.1-pyh9f0ad1d_0           conda-forge                                                        
    pip:                            20.1.1-pyh9f0ad1d_0          conda-forge                                                        
    prettytable:                    0.7.2-py27_1                 conda-forge                                                        
    protobuf:                       3.11.4-py27h4a8c4bd_0        conda-forge                                                        
    pyasn1:                         0.4.8-py_0                   conda-forge                                                        
    pyasn1-modules:                 0.2.7-py_0                   conda-forge                                                        
    pycli:                          2.0.3-py27_0                 bioconda                                                           
    pycparser:                      2.21-pyhd8ed1ab_0            conda-forge                                                        
    pycrypto:                       2.6.1-py27h89ed719_1004      conda-forge                                                        
    pynacl:                         1.3.0-py27h0b31af3_1001      conda-forge                                                        
    pyopenssl:                      19.1.0-py27_0                conda-forge                                                        
    pyparsing:                      2.4.7-pyh9f0ad1d_0           conda-forge                                                        
    pysocks:                        1.7.1-py27h8c360ce_1         conda-forge                                                        
    python:                         2.7.15-h8e446fc_1011_cpython conda-forge                                                        
    python-dateutil:                2.8.1-py_0                   conda-forge                                                        
    python-gflags:                  3.1.2-py_0                   conda-forge                                                        
    python-ironicclient:            3.1.1-py27_0                 conda-forge                                                        
    python_abi:                     2.7-1_cp27m                  conda-forge                                                        
    pytz:                           2020.1-pyh9f0ad1d_0          conda-forge                                                        
    pyyaml:                         5.3.1-py27h89ed719_0         conda-forge                                                        
    readline:                       8.1-h05e3726_0               conda-forge                                                        
    requests:                       2.25.1-pyhd3deb0d_0          conda-forge                                                        
    requestsexceptions:             1.4.0-py_0                   conda-forge                                                        
    rsa:                            4.0-py_0                     conda-forge                                                        
    setuptools:                     44.0.0-py27_0                conda-forge                                                        
    shade:                          1.33.0-py27_0                conda-forge                                                        
    simplejson:                     3.17.0-py27h89ed719_1        conda-forge                                                        
    six:                            1.16.0-pyh6c4a22f_0          conda-forge                                                        
    sqlite:                         3.36.0-h23a322b_2            conda-forge                                                        
    stevedore:                      1.30.1-py_0                  conda-forge                                                        
    testtools:                      2.3.0-py27_0                 conda-forge                                                        
    tk:                             8.6.11-h5dbffcc_1            conda-forge                                                        
    uritemplate:                    3.0.1-py_0                   conda-forge                                                        
    urllib3:                        1.26.7-pyhd8ed1ab_0          conda-forge                                                        
    voluptuous:                     0.12.1-pyhd3deb0d_0          conda-forge                                                        
    wheel:                          0.37.0-pyhd8ed1ab_1          conda-forge                                                        
    wrapt:                          1.12.1-py27h89ed719_1        conda-forge                                                        
    yaml:                           0.2.5-haf1e3a3_0             conda-forge                                                        
    zlib:                           1.2.11-h9173be1_1013         conda-forge                                                        

Preparing transaction: ...working... done
Verifying transaction: ...working... done
Executing transaction: ...working... done
export PREFIX=/Users/runner/conda/conda-bld/elasticluster_1636494532160/_test_env_placehold_placehold_placehold_placehold_placehold_placehold_placehold_placehold_placehold_placehold_placehold_placehold_placehold_placehold_placehold_placehold_placehold_placehold_place
export SRC_DIR=/Users/runner/conda/conda-bld/elasticluster_1636494532160/test_tmp
import: 'elasticluster'

Leaving build/test directories:
  Work:
 /Users/runner/conda/conda-bld/work 
  Test:
 /Users/runner/conda/conda-bld/test_tmp 
Leaving build/test environments:
  Test:
source activate  /Users/runner/conda/conda-bld/_test_env_placehold_placehold_placehold_placehold_placehold_placehold_placehold_placehold_placehold_placehold_placehold_placehold_placehold_placehold_placehold_placehold_placehold_placehold_placehold_placehold_placehold_pla 
  Build:
source activate  /Users/runner/conda/conda-bld/_build_env 


