  Package                           Version  Build               Channel                                                                   Size
─────────────────────────────────────────────────────────────────────────────────────────────────────────────────────────────────────────────────
  Install:
─────────────────────────────────────────────────────────────────────────────────────────────────────────────────────────────────────────────────

  + _r-mutex                          1.0.1  anacondar_1         conda-forge/noarch                                                      Cached
  + bwidget                          1.9.14  h694c41f_0          conda-forge/osx-64                                                      Cached
  + bzip2                             1.0.8  h0d85af4_4          conda-forge/osx-64                                                      Cached
  + c-ares                           1.17.2  h0d85af4_0          conda-forge/osx-64                                                      Cached
  + ca-certificates               2021.5.30  h033912b_0          conda-forge/osx-64                                                      Cached
  + cairo                            1.16.0  he43a7df_1008       conda-forge/osx-64                                                      Cached
  + cctools_osx-64                  973.0.1  h3e07e27_2          conda-forge/osx-64                                                      Cached
  + clang                            12.0.1  h694c41f_3          conda-forge/osx-64                                                      Cached
  + clang-12                         12.0.1  default_he082bbe_3  conda-forge/osx-64                                                      Cached
  + clang_osx-64                     12.0.1  hb91bd55_1          conda-forge/osx-64                                                      Cached
  + clangxx                          12.0.1  default_he082bbe_3  conda-forge/osx-64                                                      Cached
  + clangxx_osx-64                   12.0.1  h7e1b574_1          conda-forge/osx-64                                                      Cached
  + compiler-rt                      12.0.1  he01351e_0          conda-forge/osx-64                                                      Cached
  + compiler-rt_osx-64               12.0.1  hd3f61c9_0          conda-forge/noarch                                                      Cached
  + curl                             7.79.0  hb861fe1_0          conda-forge/osx-64                                                      141 KB
  + font-ttf-dejavu-sans-mono          2.37  hab24e00_0          conda-forge/noarch                                                      Cached
  + font-ttf-inconsolata              3.000  h77eed37_0          conda-forge/noarch                                                      Cached
  + font-ttf-source-code-pro          2.038  h77eed37_0          conda-forge/noarch                                                      Cached
  + font-ttf-ubuntu                    0.83  hab24e00_0          conda-forge/noarch                                                      Cached
  + fontconfig                       2.13.1  h10f422b_1005       conda-forge/osx-64                                                      Cached
  + fonts-conda-ecosystem                 1  0                   conda-forge/noarch                                                      Cached
  + fonts-conda-forge                     1  0                   conda-forge/noarch                                                      Cached
  + freetype                         2.10.4  h4cff582_1          conda-forge/osx-64                                                      Cached
  + fribidi                          1.0.10  hbcb3906_0          conda-forge/osx-64                                                      Cached
  + gettext                        0.19.8.1  hd1a6beb_1006       conda-forge/osx-64                                                      Cached
  + gfortran_impl_osx-64              9.3.0  h9cc0e5e_23         conda-forge/osx-64                                                      Cached
  + gfortran_osx-64                   9.3.0  h18f7dce_14         conda-forge/osx-64                                                      Cached
  + gmp                               6.2.1  h2e338ed_0          conda-forge/osx-64                                                      Cached
  + graphite2                        1.3.13  h2e338ed_1001       conda-forge/osx-64                                                      Cached
  + gsl                                 2.7  h93259b0_0          conda-forge/osx-64                                                      Cached
  + harfbuzz                          2.9.1  h159f659_0          conda-forge/osx-64                                                      Cached
  + icu                                68.1  h74dc148_0          conda-forge/osx-64                                                      Cached
  + isl                              0.22.1  hb1e8313_2          conda-forge/osx-64                                                      Cached
  + jbig                                2.1  h0d85af4_2003       conda-forge/osx-64                                                      Cached
  + jpeg                                 9d  hbcb3906_0          conda-forge/osx-64                                                      Cached
  + krb5                             1.19.2  hcfbf3a7_0          conda-forge/osx-64                                                      Cached
  + ld64_osx-64                         609  h2487922_2          conda-forge/osx-64                                                      Cached
  + ldid                              2.1.2  h7660a38_2          conda-forge/osx-64                                                      Cached
  + lerc                              2.2.1  h046ec9c_0          conda-forge/osx-64                                                      Cached
  + libblas                           3.9.0  11_osx64_openblas   conda-forge/osx-64                                                      Cached
  + libcblas                          3.9.0  11_osx64_openblas   conda-forge/osx-64                                                      Cached
  + libclang-cpp12                   12.0.1  default_he082bbe_3  conda-forge/osx-64                                                      Cached
  + libcurl                          7.79.0  hf45b732_0          conda-forge/osx-64                                                      317 KB
  + libcxx                           12.0.1  habf9029_0          conda-forge/osx-64                                                      Cached
  + libdeflate                          1.7  h35c211d_5          conda-forge/osx-64                                                      Cached
  + libedit                    3.1.20191231  h0678c8f_2          conda-forge/osx-64                                                      Cached
  + libev                              4.33  haf1e3a3_1          conda-forge/osx-64                                                      Cached
  + libffi                            3.4.2  he49afe7_1          conda-forge/osx-64                                                      Cached
  + libgfortran                       5.0.0  9_3_0_h6c81a4c_23   conda-forge/osx-64                                                      Cached
  + libgfortran-devel_osx-64          9.3.0  h6c81a4c_23         conda-forge/noarch                                                      Cached
  + libgfortran5                      9.3.0  h6c81a4c_23         conda-forge/osx-64                                                      Cached
  + libglib                          2.68.4  hf1fb8c0_1          conda-forge/osx-64                                                      Cached
  + libiconv                           1.16  haf1e3a3_0          conda-forge/osx-64                                                      Cached
  + liblapack                         3.9.0  11_osx64_openblas   conda-forge/osx-64                                                      Cached
  + libllvm12                        12.0.1  hd011deb_2          conda-forge/osx-64                                                      Cached
  + libnghttp2                       1.43.0  h07e645a_0          conda-forge/osx-64                                                      Cached
  + libopenblas                      0.3.17  openmp_h3351f45_1   conda-forge/osx-64                                                      Cached
  + libpng                           1.6.37  h7cec526_2          conda-forge/osx-64                                                      Cached
  + libssh2                          1.10.0  h52ee1ee_0          conda-forge/osx-64                                                      Cached
  + libtiff                           4.3.0  h1167814_1          conda-forge/osx-64                                                      Cached
  + libwebp-base                      1.2.1  h0d85af4_0          conda-forge/osx-64                                                      Cached
  + libxml2                          2.9.12  h93ec3fd_0          conda-forge/osx-64                                                      Cached
  + llvm-openmp                      12.0.1  hda6cdc1_1          conda-forge/osx-64                                                      Cached
  + llvm-tools                       12.0.1  hd011deb_2          conda-forge/osx-64                                                      Cached
  + lz4-c                             1.9.3  he49afe7_1          conda-forge/osx-64                                                      Cached
  + make                                4.3  h22f3db7_1          conda-forge/osx-64                                                      Cached
  + mpc                               1.2.1  hbb51d92_0          conda-forge/osx-64                                                      Cached
  + mpfr                              4.1.0  h0f52abe_1          conda-forge/osx-64                                                      Cached
  + ncurses                             6.2  h2e338ed_4          conda-forge/osx-64                                                      Cached
  + openssl                          1.1.1l  h0d85af4_0          conda-forge/osx-64                                                      Cached
  + pango                           1.48.10  ha05cd14_0          conda-forge/osx-64                                                      Cached
  + pcre                               8.45  he49afe7_0          conda-forge/osx-64                                                      Cached
  + pcre2                             10.37  ha16e1b2_0          conda-forge/osx-64                                                      Cached
  + pixman                           0.40.0  hbcb3906_0          conda-forge/osx-64                                                      Cached
  + r-base                            4.1.1  h65845f3_1          conda-forge/osx-64                                                      Cached
  + r-lattice                       0.20_44  r41h28b5c78_0       conda-forge/osx-64                                                      Cached
  + r-matrix                          1.3_4  r41hc2c5f09_0       conda-forge/osx-64                                                      Cached
  + r-nabor                           0.5.0  r41h9951f98_0       /var/folders/24/8k48jl6d249_n_qfxwsl6xvm0000gn/T/tmpphjy1z4v/osx-64     181 KB
  + r-rcpp                            1.0.7  r41h9951f98_0       conda-forge/osx-64                                                      Cached
  + r-rcppeigen                   0.3.3.9.1  r41he5a6823_0       conda-forge/osx-64                                                      Cached
  + readline                            8.1  h05e3726_0          conda-forge/osx-64                                                      Cached
  + tapi                          1100.0.11  h9ce4665_0          conda-forge/osx-64                                                      Cached
  + tk                               8.6.11  h5dbffcc_1          conda-forge/osx-64                                                      Cached
  + tktable                            2.10  h49f0cf7_3          conda-forge/osx-64                                                      Cached
  + xz                                5.2.5  haf1e3a3_1          conda-forge/osx-64                                                      Cached
  + zlib                             1.2.11  h7795811_1010       conda-forge/osx-64                                                      Cached
  + zstd                              1.5.0  h582d3a0_0          conda-forge/osx-64                                                      Cached

  Summary:

  Install: 87 packages

  Total download: 639 KB

─────────────────────────────────────────────────────────────────────────────────────────────────────────────────────────────────────────────────

Updating build index: /Users/runner/conda/conda-bld

TEST START: /var/folders/24/8k48jl6d249_n_qfxwsl6xvm0000gn/T/tmpphjy1z4v/osx-64/r-nabor-0.5.0-r41h9951f98_0.tar.bz2

Leaving build/test directories:
  Work:
 /Users/runner/conda/conda-bld/work 
  Test:
 /Users/runner/conda/conda-bld/test_tmp 
Leaving build/test environments:
  Test:
source activate  /Users/runner/conda/conda-bld/_test_env_placehold_placehold_placehold_placehold_placehold_placehold_placehold_placehold_placehold_placehold_placehold_placehold_placehold_placehold_placehold_placehold_placehold_placehold_placehold_placehold_placehold_pla 
  Build:
source activate  /Users/runner/conda/conda-bld/_build_env 


