Updating build index: /Users/runner/conda/conda-bld

TEST START: /var/folders/24/8k48jl6d249_n_qfxwsl6xvm0000gn/T/tmpimprhudl/noarch/probamconvert-1.0.2-2.tar.bz2
Adding in variants from internal_defaults
Adding in variants from /var/folders/24/8k48jl6d249_n_qfxwsl6xvm0000gn/T/tmpsfztxkhy/info/recipe/conda_build_config.yaml
Reloading output folder: /Users/runner/conda/conda-bld
  Package                               Version  Build                  Channel                                                                   Size
────────────────────────────────────────────────────────────────────────────────────────────────────────────────────────────────────────────────────────
  Install:
────────────────────────────────────────────────────────────────────────────────────────────────────────────────────────────────────────────────────────

  + alabaster                            0.7.12  py_0                   conda-forge/noarch                                                       15 KB
  + appdirs                               1.4.4  pyh9f0ad1d_0           conda-forge/noarch                                                       13 KB
  + babel                                 2.9.1  pyh44b312d_0           conda-forge/noarch                                                        6 MB
  + backports                               1.0  py27_1                 conda-forge/osx-64                                                        4 KB
  + backports.functools_lru_cache         1.6.1  py_0                   conda-forge/noarch                                                        8 KB
  + backports_abc                           0.5  py27_0                 conda-forge/osx-64                                                        6 KB
  + beautifulsoup4                        4.8.2  py27_0                 conda-forge/osx-64                                                      153 KB
  + bioservices                          1.7.11  pyh3252c3a_0           bioconda/noarch                                                         153 KB
  + brotlipy                              0.7.0  py27h0b31af3_1000      conda-forge/osx-64                                                      351 KB
  + bzip2                                 1.0.8  h0d85af4_4             conda-forge/osx-64                                                      Cached
  + c-ares                               1.17.2  h0d85af4_0             conda-forge/osx-64                                                      Cached
  + ca-certificates                   2021.10.8  h033912b_0             conda-forge/osx-64                                                      Cached
  + certifi                          2019.11.28  py27h8c360ce_1         conda-forge/osx-64                                                      Cached
  + cffi                                 1.14.0  py27h356ff06_0         conda-forge/osx-64                                                      211 KB
  + chardet                               3.0.4  py27h8c360ce_1006      conda-forge/osx-64                                                      183 KB
  + cogent                                  1.9  py27hf9ca5db_3         bioconda/osx-64                                                           2 MB
  + colorama                              0.4.4  pyh9f0ad1d_0           conda-forge/noarch                                                      Cached
  + colorlog                              4.1.0  py27h8c360ce_2         conda-forge/osx-64                                                       19 KB
  + cryptography                            2.8  py27hab9f8d5_2         conda-forge/osx-64                                                      592 KB
  + cycler                               0.10.0  py27_0                 conda-forge/osx-64                                                       13 KB
  + docutils                               0.16  py27h8c360ce_1         conda-forge/osx-64                                                      739 KB
  + easydev                              0.10.1  pyh9f0ad1d_0           conda-forge/noarch                                                       49 KB
  + enum34                               1.1.10  py27h8c360ce_1         conda-forge/osx-64                                                       49 KB
  + freetype                             2.10.4  h4cff582_1             conda-forge/osx-64                                                      Cached
  + functools32                         3.2.3.2  py27_2                 conda-forge/osx-64                                                       23 KB
  + futures                               3.3.0  py27h8c360ce_1         conda-forge/osx-64                                                       25 KB
  + gevent                                1.4.0  py27h0b31af3_0         conda-forge/osx-64                                                        2 MB
  + greenlet                             0.4.15  py27h89ed719_1         conda-forge/osx-64                                                       20 KB
  + grequests                             0.6.0  pyh9f0ad1d_0           conda-forge/noarch                                                        7 KB
  + icu                                    58.2  h0a44026_1000          conda-forge/osx-64                                                       22 MB
  + idna                                   2.10  pyh9f0ad1d_0           conda-forge/noarch                                                       52 KB
  + imagesize                             1.2.0  py_0                   conda-forge/noarch                                                        8 KB
  + ipaddress                            1.0.23  py_0                   conda-forge/noarch                                                       19 KB
  + jinja2                               2.11.3  pyh44b312d_0           conda-forge/noarch                                                       93 KB
  + kiwisolver                            1.1.0  py27h5cd23e5_1         conda-forge/osx-64                                                       57 KB
  + krb5                                 1.19.2  hcfbf3a7_2             conda-forge/osx-64                                                      Cached
  + libblas                               3.9.0  12_osx64_openblas      conda-forge/osx-64                                                      Cached
  + libcblas                              3.9.0  12_osx64_openblas      conda-forge/osx-64                                                      Cached
  + libcurl                              7.79.1  hf45b732_1             conda-forge/osx-64                                                      Cached
  + libcxx                               12.0.1  habf9029_0             conda-forge/osx-64                                                      Cached
  + libdeflate                              1.7  h35c211d_5             conda-forge/osx-64                                                      Cached
  + libedit                        3.1.20191231  h0678c8f_2             conda-forge/osx-64                                                      Cached
  + libev                                  4.33  haf1e3a3_1             conda-forge/osx-64                                                      Cached
  + libffi                                3.2.1  hb1e8313_1007          conda-forge/osx-64                                                       42 KB
  + libgfortran                           5.0.0  9_3_0_h6c81a4c_23      conda-forge/osx-64                                                      Cached
  + libgfortran5                          9.3.0  h6c81a4c_23            conda-forge/osx-64                                                      Cached
  + libiconv                               1.16  haf1e3a3_0             conda-forge/osx-64                                                      Cached
  + liblapack                             3.9.0  12_osx64_openblas      conda-forge/osx-64                                                      Cached
  + libnghttp2                           1.43.0  h6f36284_1             conda-forge/osx-64                                                      Cached
  + libopenblas                          0.3.18  openmp_h3351f45_0      conda-forge/osx-64                                                      Cached
  + libpng                               1.6.37  h7cec526_2             conda-forge/osx-64                                                      Cached
  + libssh2                              1.10.0  h52ee1ee_2             conda-forge/osx-64                                                      Cached
  + libxml2                              2.9.12  hcdb78fc_0             pkgs/main/osx-64                                                          1 MB
  + libxslt                              1.1.34  h83b36ba_0             pkgs/main/osx-64                                                        395 KB
  + libzlib                              1.2.11  h9173be1_1013          conda-forge/osx-64                                                      Cached
  + llvm-openmp                          12.0.1  hda6cdc1_1             conda-forge/osx-64                                                      Cached
  + lxml                                  4.5.0  py27hd19eb8e_1         conda-forge/osx-64                                                        1 MB
  + markupsafe                            1.1.1  py27h89ed719_1         conda-forge/osx-64                                                       24 KB
  + matplotlib                            2.2.5  h694c41f_3             conda-forge/osx-64                                                        7 KB
  + matplotlib-base                       2.2.5  py27h11da6c2_1         conda-forge/osx-64                                                        7 MB
  + mysql-connector-c                    6.1.11  h0f02589_1007          conda-forge/osx-64                                                        4 MB
  + mysql-python                          1.2.5  py27h0d85af4_0         conda-forge/osx-64                                                       67 KB
  + ncurses                                 6.2  h2e338ed_4             conda-forge/osx-64                                                      Cached
  + numpy                                1.16.5  py27hde6bac1_0         conda-forge/osx-64                                                      Cached
  + numpydoc                              0.9.2  py_0                   conda-forge/noarch                                                       29 KB
  + openssl                              1.1.1l  h0d85af4_0             conda-forge/osx-64                                                      Cached
  + packaging                              20.9  pyh44b312d_0           conda-forge/noarch                                                       35 KB
  + pandas                               0.24.2  py27h86efe34_0         conda-forge/osx-64                                                      Cached
  + pexpect                               4.8.0  py27h8c360ce_1         conda-forge/osx-64                                                       76 KB
  + pip                                  20.1.1  pyh9f0ad1d_0           conda-forge/noarch                                                      Cached
  + probamconvert                         1.0.2  2                      /var/folders/24/8k48jl6d249_n_qfxwsl6xvm0000gn/T/tmpimprhudl/noarch      33 KB
  + ptyprocess                            0.7.0  pyhd3deb0d_0           conda-forge/noarch                                                       16 KB
  + pycparser                              2.20  pyh9f0ad1d_2           conda-forge/noarch                                                      Cached
  + pygments                              2.5.2  py_0                   conda-forge/noarch                                                      669 KB
  + pyopenssl                            19.1.0  py27_0                 conda-forge/osx-64                                                       81 KB
  + pyparsing                             2.4.7  pyh9f0ad1d_0           conda-forge/noarch                                                       60 KB
  + pysam                                0.17.0  py27h405c952_0         bioconda/osx-64                                                           2 MB
  + pysocks                               1.7.1  py27h8c360ce_1         conda-forge/osx-64                                                       26 KB
  + pyteomics                               4.5  pyh5e36f6f_0           bioconda/noarch                                                         153 KB
  + python                               2.7.15  h8e446fc_1011_cpython  conda-forge/osx-64                                                       12 MB
  + python-dateutil                       2.8.1  py_0                   conda-forge/noarch                                                      Cached
  + python_abi                              2.7  1_cp27m                conda-forge/osx-64                                                      Cached
  + pytz                                 2020.1  pyh9f0ad1d_0           conda-forge/noarch                                                      Cached
  + readline                                8.1  h05e3726_0             conda-forge/osx-64                                                      Cached
  + requests                             2.25.1  pyhd3deb0d_0           conda-forge/noarch                                                       51 KB
  + requests-cache                        0.5.0  py_0                   conda-forge/noarch                                                       18 KB
  + setuptools                           44.0.0  py27_0                 conda-forge/osx-64                                                      Cached
  + singledispatch                        3.6.1  pyh44b312d_0           conda-forge/noarch                                                      Cached
  + six                                  1.16.0  pyh6c4a22f_0           conda-forge/noarch                                                      Cached
  + snowballstemmer                       2.1.0  pyhd8ed1ab_0           conda-forge/noarch                                                       57 KB
  + soupsieve                             1.9.4  py27h8c360ce_1         conda-forge/osx-64                                                       56 KB
  + sphinx                                1.8.5  py27_0                 conda-forge/osx-64                                                        2 MB
  + sphinxcontrib-websupport              1.2.4  pyh9f0ad1d_0           conda-forge/noarch                                                       34 KB
  + sqlalchemy                           1.3.15  py27h89ed719_1         conda-forge/osx-64                                                        2 MB
  + sqlite                               3.36.0  h23a322b_2             conda-forge/osx-64                                                      Cached
  + subprocess32                          3.5.4  py27h0b31af3_0         conda-forge/osx-64                                                       44 KB
  + suds-jurko                              0.6  py27h8c360ce_1002      conda-forge/osx-64                                                      268 KB
  + tk                                   8.6.11  h5dbffcc_1             conda-forge/osx-64                                                      Cached
  + tornado                               5.1.1  py27h1de35cc_1000      conda-forge/osx-64                                                      642 KB
  + typing                              3.7.4.1  py27h8c360ce_1         conda-forge/osx-64                                                       46 KB
  + urllib3                              1.26.7  pyhd8ed1ab_0           conda-forge/noarch                                                      Cached
  + wheel                                0.37.0  pyhd8ed1ab_1           conda-forge/noarch                                                      Cached
  + wrapt                                1.12.1  py27h89ed719_1         conda-forge/osx-64                                                       41 KB
  + xz                                    5.2.5  haf1e3a3_1             conda-forge/osx-64                                                      Cached
  + zlib                                 1.2.11  h9173be1_1013          conda-forge/osx-64                                                      Cached

  Summary:

  Install: 105 packages

  Total download: 70 MB

────────────────────────────────────────────────────────────────────────────────────────────────────────────────────────────────────────────────────────


## Package Plan ##

  environment location: /Users/runner/conda/conda-bld/probamconvert_1635190095890/_test_env_placehold_placehold_placehold_placehold_placehold_placehold_placehold_placehold_placehold_placehold_placehold_placehold_placehold_placehold_placehold_placehold_placehold_placehold_place


The following NEW packages will be INSTALLED:

    alabaster:                     0.7.12-py_0                  conda-forge                                                        
    appdirs:                       1.4.4-pyh9f0ad1d_0           conda-forge                                                        
    babel:                         2.9.1-pyh44b312d_0           conda-forge                                                        
    backports:                     1.0-py27_1                   conda-forge                                                        
    backports.functools_lru_cache: 1.6.1-py_0                   conda-forge                                                        
    backports_abc:                 0.5-py27_0                   conda-forge                                                        
    beautifulsoup4:                4.8.2-py27_0                 conda-forge                                                        
    bioservices:                   1.7.11-pyh3252c3a_0          bioconda                                                           
    brotlipy:                      0.7.0-py27h0b31af3_1000      conda-forge                                                        
    bzip2:                         1.0.8-h0d85af4_4             conda-forge                                                        
    c-ares:                        1.17.2-h0d85af4_0            conda-forge                                                        
    ca-certificates:               2021.10.8-h033912b_0         conda-forge                                                        
    certifi:                       2019.11.28-py27h8c360ce_1    conda-forge                                                        
    cffi:                          1.14.0-py27h356ff06_0        conda-forge                                                        
    chardet:                       3.0.4-py27h8c360ce_1006      conda-forge                                                        
    cogent:                        1.9-py27hf9ca5db_3           bioconda                                                           
    colorama:                      0.4.4-pyh9f0ad1d_0           conda-forge                                                        
    colorlog:                      4.1.0-py27h8c360ce_2         conda-forge                                                        
    cryptography:                  2.8-py27hab9f8d5_2           conda-forge                                                        
    cycler:                        0.10.0-py27_0                conda-forge                                                        
    docutils:                      0.16-py27h8c360ce_1          conda-forge                                                        
    easydev:                       0.10.1-pyh9f0ad1d_0          conda-forge                                                        
    enum34:                        1.1.10-py27h8c360ce_1        conda-forge                                                        
    freetype:                      2.10.4-h4cff582_1            conda-forge                                                        
    functools32:                   3.2.3.2-py27_2               conda-forge                                                        
    futures:                       3.3.0-py27h8c360ce_1         conda-forge                                                        
    gevent:                        1.4.0-py27h0b31af3_0         conda-forge                                                        
    greenlet:                      0.4.15-py27h89ed719_1        conda-forge                                                        
    grequests:                     0.6.0-pyh9f0ad1d_0           conda-forge                                                        
    icu:                           58.2-h0a44026_1000           conda-forge                                                        
    idna:                          2.10-pyh9f0ad1d_0            conda-forge                                                        
    imagesize:                     1.2.0-py_0                   conda-forge                                                        
    ipaddress:                     1.0.23-py_0                  conda-forge                                                        
    jinja2:                        2.11.3-pyh44b312d_0          conda-forge                                                        
    kiwisolver:                    1.1.0-py27h5cd23e5_1         conda-forge                                                        
    krb5:                          1.19.2-hcfbf3a7_2            conda-forge                                                        
    libblas:                       3.9.0-12_osx64_openblas      conda-forge                                                        
    libcblas:                      3.9.0-12_osx64_openblas      conda-forge                                                        
    libcurl:                       7.79.1-hf45b732_1            conda-forge                                                        
    libcxx:                        12.0.1-habf9029_0            conda-forge                                                        
    libdeflate:                    1.7-h35c211d_5               conda-forge                                                        
    libedit:                       3.1.20191231-h0678c8f_2      conda-forge                                                        
    libev:                         4.33-haf1e3a3_1              conda-forge                                                        
    libffi:                        3.2.1-hb1e8313_1007          conda-forge                                                        
    libgfortran:                   5.0.0-9_3_0_h6c81a4c_23      conda-forge                                                        
    libgfortran5:                  9.3.0-h6c81a4c_23            conda-forge                                                        
    libiconv:                      1.16-haf1e3a3_0              conda-forge                                                        
    liblapack:                     3.9.0-12_osx64_openblas      conda-forge                                                        
    libnghttp2:                    1.43.0-h6f36284_1            conda-forge                                                        
    libopenblas:                   0.3.18-openmp_h3351f45_0     conda-forge                                                        
    libpng:                        1.6.37-h7cec526_2            conda-forge                                                        
    libssh2:                       1.10.0-h52ee1ee_2            conda-forge                                                        
    libxml2:                       2.9.12-hcdb78fc_0                                                                               
    libxslt:                       1.1.34-h83b36ba_0                                                                               
    libzlib:                       1.2.11-h9173be1_1013         conda-forge                                                        
    llvm-openmp:                   12.0.1-hda6cdc1_1            conda-forge                                                        
    lxml:                          4.5.0-py27hd19eb8e_1         conda-forge                                                        
    markupsafe:                    1.1.1-py27h89ed719_1         conda-forge                                                        
    matplotlib:                    2.2.5-h694c41f_3             conda-forge                                                        
    matplotlib-base:               2.2.5-py27h11da6c2_1         conda-forge                                                        
    mysql-connector-c:             6.1.11-h0f02589_1007         conda-forge                                                        
    mysql-python:                  1.2.5-py27h0d85af4_0         conda-forge                                                        
    ncurses:                       6.2-h2e338ed_4               conda-forge                                                        
    numpy:                         1.16.5-py27hde6bac1_0        conda-forge                                                        
    numpydoc:                      0.9.2-py_0                   conda-forge                                                        
    openssl:                       1.1.1l-h0d85af4_0            conda-forge                                                        
    packaging:                     20.9-pyh44b312d_0            conda-forge                                                        
    pandas:                        0.24.2-py27h86efe34_0        conda-forge                                                        
    pexpect:                       4.8.0-py27h8c360ce_1         conda-forge                                                        
    pip:                           20.1.1-pyh9f0ad1d_0          conda-forge                                                        
    probamconvert:                 1.0.2-2                      file:///var/folders/24/8k48jl6d249_n_qfxwsl6xvm0000gn/T/tmpimprhudl
    ptyprocess:                    0.7.0-pyhd3deb0d_0           conda-forge                                                        
    pycparser:                     2.20-pyh9f0ad1d_2            conda-forge                                                        
    pygments:                      2.5.2-py_0                   conda-forge                                                        
    pyopenssl:                     19.1.0-py27_0                conda-forge                                                        
    pyparsing:                     2.4.7-pyh9f0ad1d_0           conda-forge                                                        
    pysam:                         0.17.0-py27h405c952_0        bioconda                                                           
    pysocks:                       1.7.1-py27h8c360ce_1         conda-forge                                                        
    pyteomics:                     4.5-pyh5e36f6f_0             bioconda                                                           
    python:                        2.7.15-h8e446fc_1011_cpython conda-forge                                                        
    python-dateutil:               2.8.1-py_0                   conda-forge                                                        
    python_abi:                    2.7-1_cp27m                  conda-forge                                                        
    pytz:                          2020.1-pyh9f0ad1d_0          conda-forge                                                        
    readline:                      8.1-h05e3726_0               conda-forge                                                        
    requests:                      2.25.1-pyhd3deb0d_0          conda-forge                                                        
    requests-cache:                0.5.0-py_0                   conda-forge                                                        
    setuptools:                    44.0.0-py27_0                conda-forge                                                        
    singledispatch:                3.6.1-pyh44b312d_0           conda-forge                                                        
    six:                           1.16.0-pyh6c4a22f_0          conda-forge                                                        
    snowballstemmer:               2.1.0-pyhd8ed1ab_0           conda-forge                                                        
    soupsieve:                     1.9.4-py27h8c360ce_1         conda-forge                                                        
    sphinx:                        1.8.5-py27_0                 conda-forge                                                        
    sphinxcontrib-websupport:      1.2.4-pyh9f0ad1d_0           conda-forge                                                        
    sqlalchemy:                    1.3.15-py27h89ed719_1        conda-forge                                                        
    sqlite:                        3.36.0-h23a322b_2            conda-forge                                                        
    subprocess32:                  3.5.4-py27h0b31af3_0         conda-forge                                                        
    suds-jurko:                    0.6-py27h8c360ce_1002        conda-forge                                                        
    tk:                            8.6.11-h5dbffcc_1            conda-forge                                                        
    tornado:                       5.1.1-py27h1de35cc_1000      conda-forge                                                        
    typing:                        3.7.4.1-py27h8c360ce_1       conda-forge                                                        
    urllib3:                       1.26.7-pyhd8ed1ab_0          conda-forge                                                        
    wheel:                         0.37.0-pyhd8ed1ab_1          conda-forge                                                        
    wrapt:                         1.12.1-py27h89ed719_1        conda-forge                                                        
    xz:                            5.2.5-haf1e3a3_1             conda-forge                                                        
    zlib:                          1.2.11-h9173be1_1013         conda-forge                                                        

Preparing transaction: ...working... done
Verifying transaction: ...working... done
Executing transaction: ...working... done
export PREFIX=/Users/runner/conda/conda-bld/probamconvert_1635190095890/_test_env_placehold_placehold_placehold_placehold_placehold_placehold_placehold_placehold_placehold_placehold_placehold_placehold_placehold_placehold_placehold_placehold_placehold_placehold_place
export SRC_DIR=/Users/runner/conda/conda-bld/probamconvert_1635190095890/test_tmp
Creating directory /Users/runner/Library/Application Support/bioservices 

Leaving build/test directories:
  Work:
 /Users/runner/conda/conda-bld/work 
  Test:
 /Users/runner/conda/conda-bld/test_tmp 
Leaving build/test environments:
  Test:
source activate  /Users/runner/conda/conda-bld/_test_env_placehold_placehold_placehold_placehold_placehold_placehold_placehold_placehold_placehold_placehold_placehold_placehold_placehold_placehold_placehold_placehold_placehold_placehold_placehold_placehold_placehold_pla 
  Build:
source activate  /Users/runner/conda/conda-bld/_build_env 


