Updating build index: /Users/runner/conda/conda-bld

TEST START: /var/folders/24/8k48jl6d249_n_qfxwsl6xvm0000gn/T/tmpqt_pzytq/osx-64/perl-tie-cacher-0.09-pl526_3.tar.bz2
Adding in variants from internal_defaults
Adding in variants from /var/folders/24/8k48jl6d249_n_qfxwsl6xvm0000gn/T/tmplz82b9uf/info/recipe/conda_build_config.yaml
Reloading output folder: /Users/runner/conda/conda-bld

## Package Plan ##

  environment location: /Users/runner/conda/conda-bld/perl-tie-cacher_1636661565078/_test_env_placehold_placehold_placehold_placehold_placehold_placehold_placehold_placehold_placehold_placehold_placehold_placehold_placehold_placehold_placehold_placehold_placehold_placehold_pla


The following NEW packages will be INSTALLED:

    perl:                    5.26.2-hbcb3906_1008 conda-forge                                                        
    perl-app-cpanminus:      1.7044-pl526_1       bioconda                                                           
    perl-carp:               1.38-pl526_3         bioconda                                                           
    perl-constant:           1.33-pl526_1         bioconda                                                           
    perl-exporter:           5.72-pl526_1         bioconda                                                           
    perl-extutils-makemaker: 7.36-pl526_1         bioconda                                                           
    perl-file-path:          2.16-pl526_0         bioconda                                                           
    perl-file-temp:          0.2304-pl526_2       bioconda                                                           
    perl-parent:             0.236-pl526_1        bioconda                                                           
    perl-storable:           3.15-pl526h1de35cc_0 bioconda                                                           
    perl-test-simple:        1.302164-pl526_0     bioconda                                                           
    perl-tie-cacher:         0.09-pl526_3         file:///var/folders/24/8k48jl6d249_n_qfxwsl6xvm0000gn/T/tmpqt_pzytq
    perl-xsloader:           0.24-pl526_0         bioconda                                                           

Preparing transaction: ...working... done
Verifying transaction: ...working... done
Executing transaction: ...working... done
export PREFIX=/Users/runner/conda/conda-bld/perl-tie-cacher_1636661565078/_test_env_placehold_placehold_placehold_placehold_placehold_placehold_placehold_placehold_placehold_placehold_placehold_placehold_placehold_placehold_placehold_placehold_placehold_placehold_pla
export SRC_DIR=/Users/runner/conda/conda-bld/perl-tie-cacher_1636661565078/test_tmp

Leaving build/test directories:
  Work:
 /Users/runner/conda/conda-bld/work 
  Test:
 /Users/runner/conda/conda-bld/test_tmp 
Leaving build/test environments:
  Test:
source activate  /Users/runner/conda/conda-bld/_test_env_placehold_placehold_placehold_placehold_placehold_placehold_placehold_placehold_placehold_placehold_placehold_placehold_placehold_placehold_placehold_placehold_placehold_placehold_placehold_placehold_placehold_pla 
  Build:
source activate  /Users/runner/conda/conda-bld/_build_env 


