Updating build index: /Users/runner/conda/conda-bld

TEST START: /var/folders/24/8k48jl6d249_n_qfxwsl6xvm0000gn/T/tmplu2jksvh/osx-64/sketchy-0.4.4-py37h770b8ee_0.tar.bz2
Reloading output folder: /Users/runner/conda/conda-bld

## Package Plan ##

  environment location: /Users/runner/conda/conda-bld/sketchy_1636590582855/_test_env_placehold_placehold_placehold_placehold_placehold_placehold_placehold_placehold_placehold_placehold_placehold_placehold_placehold_placehold_placehold_placehold_placehold_placehold_placehold_p


The following NEW packages will be INSTALLED:

    argh:               0.26.2-py37_1001            conda-forge                                                        
    attrs:              21.2.0-pyhd8ed1ab_0         conda-forge                                                        
    braceexpand:        0.1.5-py_0                  conda-forge                                                        
    bzip2:              1.0.8-h0d85af4_4            conda-forge                                                        
    c-ares:             1.18.1-h0d85af4_0           conda-forge                                                        
    ca-certificates:    2021.10.8-h033912b_0        conda-forge                                                        
    capnproto:          0.6.1-h0ceac7d_2            conda-forge                                                        
    certifi:            2021.10.8-py37hf985489_1    conda-forge                                                        
    click:              8.0.3-py37hf985489_1        conda-forge                                                        
    colorama:           0.4.4-pyh9f0ad1d_0          conda-forge                                                        
    coreutils:          8.31-h0b31af3_0             conda-forge                                                        
    curl:               7.80.0-h97da3c1_0           conda-forge                                                        
    cycler:             0.11.0-pyhd8ed1ab_0         conda-forge                                                        
    dendropy:           4.5.2-pyh3252c3a_0          bioconda                                                           
    deprecation:        2.1.0-pyh9f0ad1d_0          conda-forge                                                        
    freetype:           2.10.4-h4cff582_1           conda-forge                                                        
    gettext:            0.19.8.1-hd1a6beb_1008      conda-forge                                                        
    gsl:                2.5-ha2d443c_1              conda-forge                                                        
    importlib-metadata: 4.8.2-py37hf985489_0        conda-forge                                                        
    importlib_metadata: 4.8.2-hd8ed1ab_0            conda-forge                                                        
    iniconfig:          1.1.1-pyh9f0ad1d_0          conda-forge                                                        
    jbig:               2.1-h0d85af4_2003           conda-forge                                                        
    jpeg:               9d-hbcb3906_0               conda-forge                                                        
    kiwisolver:         1.3.2-py37h737db71_1        conda-forge                                                        
    krb5:               1.19.2-h289aae4_3           conda-forge                                                        
    lcms2:              2.12-h577c468_0             conda-forge                                                        
    lerc:               2.2.1-h046ec9c_0            conda-forge                                                        
    libblas:            3.9.0-12_osx64_openblas     conda-forge                                                        
    libcblas:           3.9.0-12_osx64_openblas     conda-forge                                                        
    libcurl:            7.80.0-h97da3c1_0           conda-forge                                                        
    libcxx:             12.0.1-habf9029_0           conda-forge                                                        
    libdeflate:         1.7-h35c211d_5              conda-forge                                                        
    libedit:            3.1.20191231-h0678c8f_2     conda-forge                                                        
    libev:              4.33-haf1e3a3_1             conda-forge                                                        
    libffi:             3.4.2-h0d85af4_5            conda-forge                                                        
    libgfortran:        5.0.0-9_3_0_h6c81a4c_23     conda-forge                                                        
    libgfortran5:       9.3.0-h6c81a4c_23           conda-forge                                                        
    libiconv:           1.16-haf1e3a3_0             conda-forge                                                        
    libidn2:            2.3.2-h0d85af4_0            conda-forge                                                        
    liblapack:          3.9.0-12_osx64_openblas     conda-forge                                                        
    libnghttp2:         1.43.0-hfd382f3_1           conda-forge                                                        
    libopenblas:        0.3.18-openmp_h3351f45_0    conda-forge                                                        
    libpng:             1.6.37-h7cec526_2           conda-forge                                                        
    libssh2:            1.10.0-hd3787cc_2           conda-forge                                                        
    libtiff:            4.3.0-h1167814_1            conda-forge                                                        
    libunistring:       0.9.10-h0d85af4_0           conda-forge                                                        
    libwebp-base:       1.2.1-h0d85af4_0            conda-forge                                                        
    libzlib:            1.2.11-h9173be1_1013        conda-forge                                                        
    llvm-openmp:        12.0.1-hda6cdc1_1           conda-forge                                                        
    lz4-c:              1.9.3-he49afe7_1            conda-forge                                                        
    mash:               2.2-h2139c9c_0              bioconda                                                           
    matplotlib-base:    3.4.3-py37h3147e9e_1        conda-forge                                                        
    more-itertools:     8.11.0-pyhd8ed1ab_0         conda-forge                                                        
    ncurses:            6.2-h2e338ed_4              conda-forge                                                        
    networkx:           2.6.3-pyhd8ed1ab_1          conda-forge                                                        
    nextflow:           21.04.0-h4a94de4_0          bioconda                                                           
    numpy:              1.21.4-py37haefe36b_0       conda-forge                                                        
    olefile:            0.46-pyh9f0ad1d_1           conda-forge                                                        
    openjdk:            11.0.9.1-hcf210ce_1         conda-forge                                                        
    openjpeg:           2.4.0-h6e7aa92_1            conda-forge                                                        
    openssl:            3.0.0-h0d85af4_2            conda-forge                                                        
    packaging:          21.2-pyhd8ed1ab_1           conda-forge                                                        
    pandas:             1.3.4-py37h5b83a90_1        conda-forge                                                        
    patsy:              0.5.2-pyhd8ed1ab_0          conda-forge                                                        
    pillow:             8.4.0-py37h76dc067_0        conda-forge                                                        
    pip:                21.3.1-pyhd8ed1ab_0         conda-forge                                                        
    pluggy:             1.0.0-py37hf985489_2        conda-forge                                                        
    psutil:             5.8.0-py37h271585c_2        conda-forge                                                        
    py:                 1.11.0-pyh6c4a22f_0         conda-forge                                                        
    pyfastx:            0.8.4-py37ha5fd2f5_0        bioconda                                                           
    pyparsing:          2.4.7-pyhd8ed1ab_1          conda-forge                                                        
    pysam:              0.17.0-py37h505b978_0       bioconda                                                           
    pytest:             6.2.5-py37hf985489_1        conda-forge                                                        
    python:             3.7.12-hf3644f1_100_cpython conda-forge                                                        
    python-dateutil:    2.8.2-pyhd8ed1ab_0          conda-forge                                                        
    python_abi:         3.7-2_cp37m                 conda-forge                                                        
    pytz:               2021.3-pyhd8ed1ab_0         conda-forge                                                        
    pyyaml:             6.0-py37h271585c_3          conda-forge                                                        
    readline:           8.1-h05e3726_0              conda-forge                                                        
    scipy:              1.7.2-py37h4e3cf02_0        conda-forge                                                        
    seaborn:            0.11.2-hd8ed1ab_0           conda-forge                                                        
    seaborn-base:       0.11.2-pyhd8ed1ab_0         conda-forge                                                        
    setuptools:         58.5.3-py37hf985489_0       conda-forge                                                        
    six:                1.16.0-pyh6c4a22f_0         conda-forge                                                        
    sketchy:            0.4.4-py37h770b8ee_0        file:///var/folders/24/8k48jl6d249_n_qfxwsl6xvm0000gn/T/tmplu2jksvh
    sqlite:             3.36.0-h23a322b_2           conda-forge                                                        
    statsmodels:        0.13.0-py37h032687b_1       conda-forge                                                        
    tk:                 8.6.11-h5dbffcc_1           conda-forge                                                        
    toml:               0.10.2-pyhd8ed1ab_0         conda-forge                                                        
    tornado:            6.1-py37h271585c_2          conda-forge                                                        
    tqdm:               4.62.3-pyhd8ed1ab_0         conda-forge                                                        
    typing_extensions:  3.10.0.2-pyha770c72_0       conda-forge                                                        
    watchdog:           2.1.6-py37hb9fb9c6_1        conda-forge                                                        
    wget:               1.20.3-hd3787cc_1           conda-forge                                                        
    wheel:              0.37.0-pyhd8ed1ab_1         conda-forge                                                        
    xz:                 5.2.5-haf1e3a3_1            conda-forge                                                        
    yaml:               0.2.5-haf1e3a3_0            conda-forge                                                        
    zipp:               3.6.0-pyhd8ed1ab_0          conda-forge                                                        
    zlib:               1.2.11-h9173be1_1013        conda-forge                                                        
    zstd:               1.5.0-h582d3a0_0            conda-forge                                                        

Preparing transaction: ...working... done
Verifying transaction: ...working... done
Executing transaction: ...working... done
export PREFIX=/Users/runner/conda/conda-bld/sketchy_1636590582855/_test_env_placehold_placehold_placehold_placehold_placehold_placehold_placehold_placehold_placehold_placehold_placehold_placehold_placehold_placehold_placehold_placehold_placehold_placehold_placehold_p
export SRC_DIR=/Users/runner/conda/conda-bld/sketchy_1636590582855/test_tmp
import: 'sketchy'
import: 'sketchy'

Leaving build/test directories:
  Work:
 /Users/runner/conda/conda-bld/work 
  Test:
 /Users/runner/conda/conda-bld/test_tmp 
Leaving build/test environments:
  Test:
source activate  /Users/runner/conda/conda-bld/_test_env_placehold_placehold_placehold_placehold_placehold_placehold_placehold_placehold_placehold_placehold_placehold_placehold_placehold_placehold_placehold_placehold_placehold_placehold_placehold_placehold_placehold_pla 
  Build:
source activate  /Users/runner/conda/conda-bld/_build_env 


