Updating build index: /Users/runner/conda/conda-bld

TEST START: /var/folders/24/8k48jl6d249_n_qfxwsl6xvm0000gn/T/tmpsiflk3m3/noarch/malt-0.53-hdfd78af_0.tar.bz2
Reloading output folder: /Users/runner/conda/conda-bld

## Package Plan ##

  environment location: /Users/runner/conda/conda-bld/malt_1636415557911/_test_env_placehold_placehold_placehold_placehold_placehold_placehold_placehold_placehold_placehold_placehold_placehold_placehold_placehold_placehold_placehold_placehold_placehold_placehold_placehold_plac


The following NEW packages will be INSTALLED:

    libcxx:  12.0.1-habf9029_0    conda-forge                                                        
    libzlib: 1.2.11-h9173be1_1013 conda-forge                                                        
    malt:    0.53-hdfd78af_0      file:///var/folders/24/8k48jl6d249_n_qfxwsl6xvm0000gn/T/tmpsiflk3m3
    openjdk: 11.0.9.1-hcf210ce_1  conda-forge                                                        
    zlib:    1.2.11-h9173be1_1013 conda-forge                                                        

Preparing transaction: ...working... done
Verifying transaction: ...working... done
Executing transaction: ...working... done
export PREFIX=/Users/runner/conda/conda-bld/malt_1636415557911/_test_env_placehold_placehold_placehold_placehold_placehold_placehold_placehold_placehold_placehold_placehold_placehold_placehold_placehold_placehold_placehold_placehold_placehold_placehold_placehold_plac
export SRC_DIR=/Users/runner/conda/conda-bld/malt_1636415557911/test_tmp
Error occurred during initialization of boot layer
java.lang.module.FindException: Module javafx.fxml not found, required by jloda

Leaving build/test directories:
  Work:
 /Users/runner/conda/conda-bld/work 
  Test:
 /Users/runner/conda/conda-bld/test_tmp 
Leaving build/test environments:
  Test:
source activate  /Users/runner/conda/conda-bld/_test_env_placehold_placehold_placehold_placehold_placehold_placehold_placehold_placehold_placehold_placehold_placehold_placehold_placehold_placehold_placehold_placehold_placehold_placehold_placehold_placehold_placehold_pla 
  Build:
source activate  /Users/runner/conda/conda-bld/_build_env 


