Updating build index: /home/vsts/conda/conda-bld

TEST START: /tmp/tmpaa5x2_qt/linux-64/perl-xml-libxslt-1.94-pl526_1.tar.bz2
Adding in variants from internal_defaults
Adding in variants from /tmp/tmpl_96ugxm/info/recipe/conda_build_config.yaml
Reloading output folder: /home/vsts/conda/conda-bld
  Package                      Version  Build            Channel                         Size
───────────────────────────────────────────────────────────────────────────────────────────────
  Install:
───────────────────────────────────────────────────────────────────────────────────────────────

  + _libgcc_mutex                  0.1  conda_forge      conda-forge/linux-64          Cached
  + _openmp_mutex                  4.5  1_gnu            conda-forge/linux-64          Cached
  + icu                           68.1  h58526e2_0       conda-forge/linux-64          Cached
  + libgcc-ng                   11.2.0  h1d223b6_11      conda-forge/linux-64          Cached
  + libgomp                     11.2.0  h1d223b6_11      conda-forge/linux-64          Cached
  + libiconv                      1.16  h516909a_0       conda-forge/linux-64          Cached
  + libstdcxx-ng                11.2.0  he4da1e4_11      conda-forge/linux-64          Cached
  + libxml2                     2.9.12  h72842e0_0       conda-forge/linux-64          Cached
  + libxslt                     1.1.33  h15afd5d_2       conda-forge/linux-64          522 KB
  + libzlib                     1.2.11  h36c2ea0_1013    conda-forge/linux-64          Cached
  + perl                        5.26.2  h36c2ea0_1008    conda-forge/linux-64          Cached
  + perl-app-cpanminus          1.7044  pl526_1          bioconda/linux-64             234 KB
  + perl-carp                     1.38  pl526_3          bioconda/linux-64              15 KB
  + perl-constant                 1.33  pl526_1          bioconda/linux-64              10 KB
  + perl-exporter                 5.72  pl526_1          bioconda/linux-64              13 KB
  + perl-extutils-makemaker       7.36  pl526_1          bioconda/linux-64             153 KB
  + perl-file-path                2.16  pl526_0          bioconda/linux-64              17 KB
  + perl-file-temp              0.2304  pl526_2          bioconda/linux-64              26 KB
  + perl-parent                  0.236  pl526_1          bioconda/linux-64               5 KB
  + perl-xml-libxml             2.0132  pl526h7ec2d77_1  bioconda/linux-64             260 KB
  + perl-xml-libxslt              1.94  pl526_1          /tmp/tmpaa5x2_qt/linux-64      40 KB
  + perl-xml-namespacesupport     1.12  pl526_0          bioconda/linux-64              11 KB
  + perl-xml-sax                  1.02  pl526_0          bioconda/noarch                36 KB
  + perl-xml-sax-base             1.09  pl526_0          bioconda/linux-64              19 KB
  + xz                           5.2.5  h516909a_1       conda-forge/linux-64          Cached
  + zlib                        1.2.11  h36c2ea0_1013    conda-forge/linux-64          Cached

  Summary:

  Install: 26 packages

  Total download: 1 MB

───────────────────────────────────────────────────────────────────────────────────────────────


## Package Plan ##

  environment location: /home/vsts/conda/conda-bld/perl-xml-libxslt_1635030693034/_test_env_placehold_placehold_placehold_placehold_placehold_placehold_placehold_placehold_placehold_placehold_placehold_placehold_placehold_placehold_placehold_placehold_placehold_placehold_place


The following NEW packages will be INSTALLED:

    _libgcc_mutex:             0.1-conda_forge        conda-forge            
    _openmp_mutex:             4.5-1_gnu              conda-forge            
    icu:                       68.1-h58526e2_0        conda-forge            
    libgcc-ng:                 11.2.0-h1d223b6_11     conda-forge            
    libgomp:                   11.2.0-h1d223b6_11     conda-forge            
    libiconv:                  1.16-h516909a_0        conda-forge            
    libstdcxx-ng:              11.2.0-he4da1e4_11     conda-forge            
    libxml2:                   2.9.12-h72842e0_0      conda-forge            
    libxslt:                   1.1.33-h15afd5d_2      conda-forge            
    libzlib:                   1.2.11-h36c2ea0_1013   conda-forge            
    perl:                      5.26.2-h36c2ea0_1008   conda-forge            
    perl-app-cpanminus:        1.7044-pl526_1         bioconda               
    perl-carp:                 1.38-pl526_3           bioconda               
    perl-constant:             1.33-pl526_1           bioconda               
    perl-exporter:             5.72-pl526_1           bioconda               
    perl-extutils-makemaker:   7.36-pl526_1           bioconda               
    perl-file-path:            2.16-pl526_0           bioconda               
    perl-file-temp:            0.2304-pl526_2         bioconda               
    perl-parent:               0.236-pl526_1          bioconda               
    perl-xml-libxml:           2.0132-pl526h7ec2d77_1 bioconda               
    perl-xml-libxslt:          1.94-pl526_1           file:///tmp/tmpaa5x2_qt
    perl-xml-namespacesupport: 1.12-pl526_0           bioconda               
    perl-xml-sax:              1.02-pl526_0           bioconda               
    perl-xml-sax-base:         1.09-pl526_0           bioconda               
    xz:                        5.2.5-h516909a_1       conda-forge            
    zlib:                      1.2.11-h36c2ea0_1013   conda-forge            

Preparing transaction: ...working... done
Verifying transaction: ...working... done
Executing transaction: ...working... done
export PREFIX=/home/vsts/conda/conda-bld/perl-xml-libxslt_1635030693034/_test_env_placehold_placehold_placehold_placehold_placehold_placehold_placehold_placehold_placehold_placehold_placehold_placehold_placehold_placehold_placehold_placehold_placehold_placehold_place
export SRC_DIR=/home/vsts/conda/conda-bld/perl-xml-libxslt_1635030693034/test_tmp

Leaving build/test directories:
  Work:
 /home/vsts/conda/conda-bld/work 
  Test:
 /home/vsts/conda/conda-bld/test_tmp 
Leaving build/test environments:
  Test:
source activate  /home/vsts/conda/conda-bld/_test_env_placehold_placehold_placehold_placehold_placehold_placehold_placehold_placehold_placehold_placehold_placehold_placehold_placehold_placehold_placehold_placehold_placehold_placehold_placehold_placehold_placehold_placeh 
  Build:
source activate  /home/vsts/conda/conda-bld/_build_env 


