Updating build index: /Users/runner/conda/conda-bld

TEST START: /var/folders/24/8k48jl6d249_n_qfxwsl6xvm0000gn/T/tmpfoaf8o63/osx-64/perl-getopt-long-2.50-pl526_1.tar.bz2
Adding in variants from internal_defaults
Adding in variants from /var/folders/24/8k48jl6d249_n_qfxwsl6xvm0000gn/T/tmpe8q_pnua/info/recipe/conda_build_config.yaml
  Package             Version  Build          Channel                                                                   Size
──────────────────────────────────────────────────────────────────────────────────────────────────────────────────────────────
  Install:
──────────────────────────────────────────────────────────────────────────────────────────────────────────────────────────────

  + perl               5.26.2  hbcb3906_1008  conda-forge/osx-64                                                      Cached
  + perl-getopt-long     2.50  pl526_1        /var/folders/24/8k48jl6d249_n_qfxwsl6xvm0000gn/T/tmpfoaf8o63/osx-64      27 KB

  Summary:

  Install: 2 packages

  Total download: 27 KB

──────────────────────────────────────────────────────────────────────────────────────────────────────────────────────────────


## Package Plan ##

  environment location: /Users/runner/conda/conda-bld/perl-getopt-long_1632388476998/_test_env_placehold_placehold_placehold_placehold_placehold_placehold_placehold_placehold_placehold_placehold_placehold_placehold_placehold_placehold_placehold_placehold_placehold_placehold_pl


The following NEW packages will be INSTALLED:

    perl:             5.26.2-hbcb3906_1008 conda-forge                                                        
    perl-getopt-long: 2.50-pl526_1         file:///var/folders/24/8k48jl6d249_n_qfxwsl6xvm0000gn/T/tmpfoaf8o63

Preparing transaction: ...working... done
Verifying transaction: ...working... done
Executing transaction: ...working... done
export PREFIX=/Users/runner/conda/conda-bld/perl-getopt-long_1632388476998/_test_env_placehold_placehold_placehold_placehold_placehold_placehold_placehold_placehold_placehold_placehold_placehold_placehold_placehold_placehold_placehold_placehold_placehold_placehold_pl
export SRC_DIR=/Users/runner/conda/conda-bld/perl-getopt-long_1632388476998/test_tmp
import: Getopt::Long

Leaving build/test directories:
  Work:
 /Users/runner/conda/conda-bld/work 
  Test:
 /Users/runner/conda/conda-bld/test_tmp 
Leaving build/test environments:
  Test:
source activate  /Users/runner/conda/conda-bld/_test_env_placehold_placehold_placehold_placehold_placehold_placehold_placehold_placehold_placehold_placehold_placehold_placehold_placehold_placehold_placehold_placehold_placehold_placehold_placehold_placehold_placehold_pla 
  Build:
source activate  /Users/runner/conda/conda-bld/_build_env 


