Updating build index: /Users/runner/conda/conda-bld

TEST START: /var/folders/24/8k48jl6d249_n_qfxwsl6xvm0000gn/T/tmp3d3lxsi5/noarch/fusepy-3.0.1-py_0.tar.bz2
Adding in variants from internal_defaults
Adding in variants from /var/folders/24/8k48jl6d249_n_qfxwsl6xvm0000gn/T/tmp47394mfr/info/recipe/conda_build_config.yaml
  Package              Version  Build               Channel                                                                   Size
────────────────────────────────────────────────────────────────────────────────────────────────────────────────────────────────────
  Install:
────────────────────────────────────────────────────────────────────────────────────────────────────────────────────────────────────

  + ca-certificates  2021.5.30  h033912b_0          conda-forge/osx-64                                                      Cached
  + fusepy               3.0.1  py_0                /var/folders/24/8k48jl6d249_n_qfxwsl6xvm0000gn/T/tmp3d3lxsi5/noarch      12 KB
  + libcxx              12.0.1  habf9029_0          conda-forge/osx-64                                                      Cached
  + libffi               3.4.2  he49afe7_1          conda-forge/osx-64                                                      Cached
  + ncurses                6.2  h2e338ed_4          conda-forge/osx-64                                                      Cached
  + openssl             1.1.1l  h0d85af4_0          conda-forge/osx-64                                                      Cached
  + pip                 21.2.4  pyhd8ed1ab_0        conda-forge/noarch                                                      Cached
  + python               3.9.7  h1248fe1_1_cpython  conda-forge/osx-64                                                      Cached
  + python_abi             3.9  2_cp39              conda-forge/osx-64                                                      Cached
  + readline               8.1  h05e3726_0          conda-forge/osx-64                                                      Cached
  + setuptools          58.0.4  py39h6e9494a_0      conda-forge/osx-64                                                      Cached
  + sqlite              3.36.0  h23a322b_1          conda-forge/osx-64                                                      Cached
  + tk                  8.6.11  h5dbffcc_1          conda-forge/osx-64                                                      Cached
  + tzdata               2021a  he74cb21_1          conda-forge/noarch                                                      Cached
  + wheel               0.37.0  pyhd8ed1ab_1        conda-forge/noarch                                                      Cached
  + xz                   5.2.5  haf1e3a3_1          conda-forge/osx-64                                                      Cached
  + zlib                1.2.11  h7795811_1010       conda-forge/osx-64                                                      Cached

  Summary:

  Install: 17 packages

  Total download: 12 KB

────────────────────────────────────────────────────────────────────────────────────────────────────────────────────────────────────


## Package Plan ##

  environment location: /Users/runner/conda/conda-bld/fusepy_1631683474554/_test_env_placehold_placehold_placehold_placehold_placehold_placehold_placehold_placehold_placehold_placehold_placehold_placehold_placehold_placehold_placehold_placehold_placehold_placehold_placehold_pl


The following NEW packages will be INSTALLED:

    ca-certificates: 2021.5.30-h033912b_0     conda-forge                                                        
    fusepy:          3.0.1-py_0               file:///var/folders/24/8k48jl6d249_n_qfxwsl6xvm0000gn/T/tmp3d3lxsi5
    libcxx:          12.0.1-habf9029_0        conda-forge                                                        
    libffi:          3.4.2-he49afe7_1         conda-forge                                                        
    ncurses:         6.2-h2e338ed_4           conda-forge                                                        
    openssl:         1.1.1l-h0d85af4_0        conda-forge                                                        
    pip:             21.2.4-pyhd8ed1ab_0      conda-forge                                                        
    python:          3.9.7-h1248fe1_1_cpython conda-forge                                                        
    python_abi:      3.9-2_cp39               conda-forge                                                        
    readline:        8.1-h05e3726_0           conda-forge                                                        
    setuptools:      58.0.4-py39h6e9494a_0    conda-forge                                                        
    sqlite:          3.36.0-h23a322b_1        conda-forge                                                        
    tk:              8.6.11-h5dbffcc_1        conda-forge                                                        
    tzdata:          2021a-he74cb21_1         conda-forge                                                        
    wheel:           0.37.0-pyhd8ed1ab_1      conda-forge                                                        
    xz:              5.2.5-haf1e3a3_1         conda-forge                                                        
    zlib:            1.2.11-h7795811_1010     conda-forge                                                        

Preparing transaction: ...working... done
Verifying transaction: ...working... done
Executing transaction: ...working... done
export PREFIX=/Users/runner/conda/conda-bld/fusepy_1631683474554/_test_env_placehold_placehold_placehold_placehold_placehold_placehold_placehold_placehold_placehold_placehold_placehold_placehold_placehold_placehold_placehold_placehold_placehold_placehold_placehold_pl
export SRC_DIR=/Users/runner/conda/conda-bld/fusepy_1631683474554/test_tmp
import: 'fuse'

Leaving build/test directories:
  Work:
 /Users/runner/conda/conda-bld/work 
  Test:
 /Users/runner/conda/conda-bld/test_tmp 
Leaving build/test environments:
  Test:
source activate  /Users/runner/conda/conda-bld/_test_env_placehold_placehold_placehold_placehold_placehold_placehold_placehold_placehold_placehold_placehold_placehold_placehold_placehold_placehold_placehold_placehold_placehold_placehold_placehold_placehold_placehold_pla 
  Build:
source activate  /Users/runner/conda/conda-bld/_build_env 


