Updating build index: /home/vsts/conda/conda-bld

TEST START: /tmp/tmp200z48cq/linux-64/noresm-2.0.2-py39pl5262hab58d13_0.tar.bz2
Reloading output folder: /home/vsts/conda/conda-bld

## Package Plan ##

  environment location: /home/vsts/conda/conda-bld/noresm_1635926048084/_test_env_placehold_placehold_placehold_placehold_placehold_placehold_placehold_placehold_placehold_placehold_placehold_placehold_placehold_placehold_placehold_placehold_placehold_placehold_placehold_place


The following NEW packages will be INSTALLED:

    _libgcc_mutex:             0.1-conda_forge             conda-forge            
    _openmp_mutex:             4.5-1_llvm                  conda-forge            
    binutils:                  2.36.1-hdd6e379_2           conda-forge            
    binutils_impl_linux-64:    2.36.1-h193b22a_2           conda-forge            
    binutils_linux-64:         2.36-hf3e587d_1             conda-forge            
    bzip2:                     1.0.8-h7f98852_4            conda-forge            
    c-ares:                    1.18.1-h7f98852_0           conda-forge            
    ca-certificates:           2021.10.8-ha878542_0        conda-forge            
    cmake:                     3.21.3-h8897547_0           conda-forge            
    curl:                      7.79.1-h2574ce0_1           conda-forge            
    cyrus-sasl:                2.1.27-h230043b_4           conda-forge            
    expat:                     2.4.1-h9c3ff4c_0            conda-forge            
    gcc_impl_linux-64:         9.4.0-h03d3576_11           conda-forge            
    gcc_linux-64:              9.4.0-h391b98a_1            conda-forge            
    gettext:                   0.19.8.1-h73d1719_1008      conda-forge            
    gfortran_impl_linux-64:    9.4.0-h0003116_11           conda-forge            
    gfortran_linux-64:         9.4.0-hf0ab688_1            conda-forge            
    gnupg:                     2.2.27-hf94adaa_0           conda-forge            
    hdf4:                      4.2.15-h10796ff_3           conda-forge            
    hdf5:                      1.12.1-mpi_mpich_h9c45103_1 conda-forge            
    icu:                       69.1-h9c3ff4c_0             conda-forge            
    jpeg:                      9d-h36c2ea0_0               conda-forge            
    kernel-headers_linux-64:   2.6.32-he073ed8_15          conda-forge            
    krb5:                      1.19.2-hcc1bbae_3           conda-forge            
    ld_impl_linux-64:          2.36.1-hea4e1c9_2           conda-forge            
    libapr:                    1.7.0-h7f98852_5            conda-forge            
    libaprutil:                1.6.1-h975c496_5            conda-forge            
    libassuan:                 2.5.5-h9c3ff4c_0            conda-forge            
    libcurl:                   7.79.1-h2574ce0_1           conda-forge            
    libdb:                     6.2.32-h9c3ff4c_0           conda-forge            
    libedit:                   3.1.20191231-he28a2e2_2     conda-forge            
    libev:                     4.33-h516909a_1             conda-forge            
    libffi:                    3.4.2-h9c3ff4c_4            conda-forge            
    libgcc-devel_linux-64:     9.4.0-hd854feb_11           conda-forge            
    libgcc-ng:                 11.2.0-h1d223b6_11          conda-forge            
    libgcrypt:                 1.9.4-h7f98852_0            conda-forge            
    libgfortran-ng:            11.2.0-h69a702a_11          conda-forge            
    libgfortran5:              11.2.0-h5c6108e_11          conda-forge            
    libgomp:                   11.2.0-h1d223b6_11          conda-forge            
    libgpg-error:              1.42-h9c3ff4c_0             conda-forge            
    libiconv:                  1.16-h516909a_0             conda-forge            
    libidn2:                   2.3.2-h7f98852_0            conda-forge            
    libksba:                   1.3.5-hf484d3e_1000         conda-forge            
    libmagic:                  5.39-h27826a3_0             conda-forge            
    libnetcdf:                 4.8.1-mpi_mpich_h319fa22_1  conda-forge            
    libnghttp2:                1.43.0-h812cca2_1           conda-forge            
    libntlm:                   1.4-h7f98852_1002           conda-forge            
    libsanitizer:              9.4.0-h79bfe98_11           conda-forge            
    libssh2:                   1.10.0-ha56f1ee_2           conda-forge            
    libstdcxx-ng:              11.2.0-he4da1e4_11          conda-forge            
    libunistring:              0.9.10-h7f98852_0           conda-forge            
    libutf8proc:               2.6.1-h7f98852_0            conda-forge            
    libuv:                     1.42.0-h7f98852_0           conda-forge            
    libxml2:                   2.9.12-h885dcf4_1           conda-forge            
    libzip:                    1.8.0-h4de3113_1            conda-forge            
    libzlib:                   1.2.11-h36c2ea0_1013        conda-forge            
    llvm-openmp:               12.0.1-h4bd325d_1           conda-forge            
    lz4-c:                     1.9.3-h9c3ff4c_1            conda-forge            
    make:                      4.3-hd18ef5c_1              conda-forge            
    mkl:                       2021.4.0-h8d4b97c_729       conda-forge            
    mpi:                       1.0-mpich                   conda-forge            
    mpich:                     3.4.2-h846660c_100          conda-forge            
    ncurses:                   6.2-h58526e2_4              conda-forge            
    netcdf-fortran:            4.5.3-mpi_mpich_h1364a43_6  conda-forge            
    noresm:                    2.0.2-py39pl5262hab58d13_0  file:///tmp/tmp200z48cq
    npth:                      1.6-hf484d3e_1000           conda-forge            
    ntbtls:                    0.1.2-hdbcaa40_1000         conda-forge            
    openssl:                   1.1.1l-h7f98852_0           conda-forge            
    perl:                      5.26.2-h36c2ea0_1008        conda-forge            
    perl-app-cpanminus:        1.7044-pl526_1              bioconda               
    perl-carp:                 1.38-pl526_3                bioconda               
    perl-constant:             1.33-pl526_1                bioconda               
    perl-exporter:             5.72-pl526_1                bioconda               
    perl-extutils-makemaker:   7.36-pl526_1                bioconda               
    perl-file-path:            2.16-pl526_0                bioconda               
    perl-file-temp:            0.2304-pl526_2              bioconda               
    perl-parent:               0.236-pl526_1               bioconda               
    perl-xml-libxml:           2.0132-pl526h7ec2d77_1      bioconda               
    perl-xml-namespacesupport: 1.12-pl526_0                bioconda               
    perl-xml-sax:              1.02-pl526_0                bioconda               
    perl-xml-sax-base:         1.09-pl526_0                bioconda               
    pip:                       21.3.1-pyhd8ed1ab_0         conda-forge            
    python:                    3.9.7-hb7a2778_3_cpython    conda-forge            
    python_abi:                3.9-2_cp39                  conda-forge            
    readline:                  8.1-h46c0cb4_0              conda-forge            
    rhash:                     1.4.1-h7f98852_0            conda-forge            
    serf:                      1.3.9-ha107898_0            conda-forge            
    setuptools:                58.4.0-py39hf3d152e_1       conda-forge            
    sqlite:                    3.36.0-h9cd32fc_2           conda-forge            
    subversion:                1.14.1-h818a5c0_0           conda-forge            
    sysroot_linux-64:          2.12-he073ed8_15            conda-forge            
    tbb:                       2021.4.0-h4bd325d_1         conda-forge            
    tcsh:                      6.22.04-h46c0cb4_0          conda-forge            
    tk:                        8.6.11-h27826a3_1           conda-forge            
    tzdata:                    2021e-he74cb21_0            conda-forge            
    wget:                      1.20.3-ha56f1ee_1           conda-forge            
    wheel:                     0.37.0-pyhd8ed1ab_1         conda-forge            
    xz:                        5.2.5-h516909a_1            conda-forge            
    zlib:                      1.2.11-h36c2ea0_1013        conda-forge            
    zstd:                      1.5.0-ha95c52a_0            conda-forge            

Preparing transaction: ...working... done
Verifying transaction: ...working... done
Executing transaction: ...working... done
export PREFIX=/home/vsts/conda/conda-bld/noresm_1635926048084/_test_env_placehold_placehold_placehold_placehold_placehold_placehold_placehold_placehold_placehold_placehold_placehold_placehold_placehold_placehold_placehold_placehold_placehold_placehold_placehold_place
export SRC_DIR=/home/vsts/conda/conda-bld/noresm_1635926048084/test_tmp
INFO: activate-binutils_linux-64.sh made the following environmental changes:
+ADDR2LINE=$PREFIX/bin/x86_64-conda-linux-gnu-addr2line
+AR=$PREFIX/bin/x86_64-conda-linux-gnu-ar
+AS=$PREFIX/bin/x86_64-conda-linux-gnu-as
+CXXFILT=$PREFIX/bin/x86_64-conda-linux-gnu-c++filt
+ELFEDIT=$PREFIX/bin/x86_64-conda-linux-gnu-elfedit
+GPROF=$PREFIX/bin/x86_64-conda-linux-gnu-gprof
+LD=$PREFIX/bin/x86_64-conda-linux-gnu-ld
+LD_GOLD=$PREFIX/bin/x86_64-conda-linux-gnu-ld.gold
+NM=$PREFIX/bin/x86_64-conda-linux-gnu-nm
+OBJCOPY=$PREFIX/bin/x86_64-conda-linux-gnu-objcopy
+OBJDUMP=$PREFIX/bin/x86_64-conda-linux-gnu-objdump
+RANLIB=$PREFIX/bin/x86_64-conda-linux-gnu-ranlib
+READELF=$PREFIX/bin/x86_64-conda-linux-gnu-readelf
+SIZE=$PREFIX/bin/x86_64-conda-linux-gnu-size
+STRINGS=$PREFIX/bin/x86_64-conda-linux-gnu-strings
+STRIP=$PREFIX/bin/x86_64-conda-linux-gnu-strip
INFO: activate-gcc_linux-64.sh made the following environmental changes:
+BUILD=x86_64-conda-linux-gnu
+CC=$PREFIX/bin/x86_64-conda-linux-gnu-cc
+CC_FOR_BUILD=$PREFIX/bin/x86_64-conda-linux-gnu-cc
+CFLAGS=-march=nocona -mtune=haswell -ftree-vectorize -fPIC -fstack-protector-strong -fno-plt -O2 -ffunction-sections -pipe -isystem $PREFIX/include -fdebug-prefix-map=$SRC_DIR=/usr/local/src/conda/noresm-2.0.2 -fdebug-prefix-map=$PREFIX=/usr/local/src/conda-prefix
+CMAKE_ARGS=-DCMAKE_AR=$PREFIX/bin/x86_64-conda-linux-gnu-ar -DCMAKE_CXX_COMPILER_AR=$PREFIX/bin/x86_64-conda-linux-gnu-gcc-ar -DCMAKE_C_COMPILER_AR=$PREFIX/bin/x86_64-conda-linux-gnu-gcc-ar -DCMAKE_RANLIB=$PREFIX/bin/x86_64-conda-linux-gnu-ranlib -DCMAKE_CXX_COMPILER_RANLIB=$PREFIX/bin/x86_64-conda-linux-gnu-gcc-ranlib -DCMAKE_C_COMPILER_RANLIB=$PREFIX/bin/x86_64-conda-linux-gnu-gcc-ranlib -DCMAKE_LINKER=$PREFIX/bin/x86_64-conda-linux-gnu-ld -DCMAKE_STRIP=$PREFIX/bin/x86_64-conda-linux-gnu-strip -DCMAKE_FIND_ROOT_PATH_MODE_PROGRAM=NEVER -DCMAKE_FIND_ROOT_PATH_MODE_LIBRARY=ONLY -DCMAKE_FIND_ROOT_PATH_MODE_INCLUDE=ONLY -DCMAKE_FIND_ROOT_PATH=$PREFIX;/home/vsts/conda/conda-bld/noresm_1635926048084/_build_env/x86_64-conda-linux-gnu/sysroot -DCMAKE_INSTALL_PREFIX=$PREFIX -DCMAKE_INSTALL_LIBDIR=lib
+CMAKE_PREFIX_PATH=$PREFIX:$PREFIX/x86_64-conda-linux-gnu/sysroot/usr
+CONDA_BUILD_SYSROOT=$PREFIX/x86_64-conda-linux-gnu/sysroot
+CONDA_TOOLCHAIN_BUILD=x86_64-conda-linux-gnu
+CONDA_TOOLCHAIN_HOST=x86_64-conda-linux-gnu
+CPP=$PREFIX/bin/x86_64-conda-linux-gnu-cpp
+CPPFLAGS=-DNDEBUG -D_FORTIFY_SOURCE=2 -O2 -isystem $PREFIX/include
+DEBUG_CFLAGS=-march=nocona -mtune=haswell -ftree-vectorize -fPIC -fstack-protector-all -fno-plt -Og -g -Wall -Wextra -fvar-tracking-assignments -ffunction-sections -pipe -isystem $PREFIX/include -fdebug-prefix-map=$SRC_DIR=/usr/local/src/conda/noresm-2.0.2 -fdebug-prefix-map=$PREFIX=/usr/local/src/conda-prefix
+DEBUG_CPPFLAGS=-D_DEBUG -D_FORTIFY_SOURCE=2 -Og -isystem $PREFIX/include
+GCC=$PREFIX/bin/x86_64-conda-linux-gnu-gcc
+GCC_AR=$PREFIX/bin/x86_64-conda-linux-gnu-gcc-ar
+GCC_NM=$PREFIX/bin/x86_64-conda-linux-gnu-gcc-nm
+GCC_RANLIB=$PREFIX/bin/x86_64-conda-linux-gnu-gcc-ranlib
+HOST=x86_64-conda-linux-gnu
+LDFLAGS=-Wl,-O2 -Wl,--sort-common -Wl,--as-needed -Wl,-z,relro -Wl,-z,now -Wl,--disable-new-dtags -Wl,--gc-sections -Wl,-rpath,$PREFIX/lib -Wl,-rpath-link,$PREFIX/lib -L$PREFIX/lib
+_CONDA_PYTHON_SYSCONFIGDATA_NAME=_sysconfigdata_x86_64_conda_cos6_linux_gnu
+build_alias=x86_64-conda-linux-gnu
+host_alias=x86_64-conda-linux-gnu
-BUILD=x86_64-conda_cos6-linux-gnu
-CONDA_BUILD_SYSROOT=
INFO: activate-gfortran_linux-64.sh made the following environmental changes:
+DEBUG_FFLAGS=-fopenmp -march=nocona -mtune=haswell -ftree-vectorize -fPIC -fstack-protector-strong -fno-plt -O2 -ffunction-sections -pipe -isystem $PREFIX/include -fdebug-prefix-map=$SRC_DIR=/usr/local/src/conda/noresm-2.0.2 -fdebug-prefix-map=$PREFIX=/usr/local/src/conda-prefix -fopenmp -march=nocona -mtune=haswell -ftree-vectorize -fPIC -fstack-protector-all -fno-plt -Og -g -Wall -Wextra -fcheck=all -fbacktrace -fimplicit-none -fvar-tracking-assignments -ffunction-sections -pipe
+DEBUG_FORTRANFLAGS=-fopenmp -march=nocona -mtune=haswell -ftree-vectorize -fPIC -fstack-protector-strong -fno-plt -O2 -ffunction-sections -pipe -isystem $PREFIX/include -fdebug-prefix-map=$SRC_DIR=/usr/local/src/conda/noresm-2.0.2 -fdebug-prefix-map=$PREFIX=/usr/local/src/conda-prefix -fopenmp -march=nocona -mtune=haswell -ftree-vectorize -fPIC -fstack-protector-all -fno-plt -Og -g -Wall -Wextra -fcheck=all -fbacktrace -fimplicit-none -fvar-tracking-assignments -ffunction-sections -pipe
+F77=$PREFIX/bin/x86_64-conda-linux-gnu-gfortran
+F90=$PREFIX/bin/x86_64-conda-linux-gnu-gfortran
+F95=$PREFIX/bin/x86_64-conda-linux-gnu-f95
+FC=$PREFIX/bin/x86_64-conda-linux-gnu-gfortran
+FFLAGS=-fopenmp -march=nocona -mtune=haswell -ftree-vectorize -fPIC -fstack-protector-strong -fno-plt -O2 -ffunction-sections -pipe -isystem $PREFIX/include -fdebug-prefix-map=$SRC_DIR=/usr/local/src/conda/noresm-2.0.2 -fdebug-prefix-map=$PREFIX=/usr/local/src/conda-prefix
+FORTRANFLAGS=-fopenmp -march=nocona -mtune=haswell -ftree-vectorize -fPIC -fstack-protector-strong -fno-plt -O2 -ffunction-sections -pipe -isystem $PREFIX/include -fdebug-prefix-map=$SRC_DIR=/usr/local/src/conda/noresm-2.0.2 -fdebug-prefix-map=$PREFIX=/usr/local/src/conda-prefix
+GFORTRAN=$PREFIX/bin/x86_64-conda-linux-gnu-gfortran
Compset longname is 2000_CAM60%PTAERO_CLM50%SP_CICE%PRES_DOCN%DOM_MOSART_SGLC_SWAV
Compset specification file is $PREFIX/cime/../components/cam//cime_config/config_compsets.xml
Compset forcing is 1972-2004
ATM component is cam 6 and Production tagged aerosols (OSLO_AERO)
LND component is clm5.0:Satellite phenology:
ICE component is Sea ICE (cice) model version 5 :prescribed cice
OCN component is DOCN   prescribed ocean mode
ROF component is MOSART: MOdel for Scale Adaptive River Transport
GLC component is Stub glacier (land ice) component
WAV component is Stub wave component
ESP component is 
Pes     specification file is $PREFIX/cime/../components/cam//cime_config/config_pes.xml
Compset specific settings: name is SSTICE_DATA_FILENAME and value is $DIN_LOC_ROOT/atm/cam/sst/sst_HadOIBl_bc_1.9x2.5_2000climo_c180511.nc
Compset specific settings: name is SSTICE_GRID_FILENAME and value is $DIN_LOC_ROOT/atm/cam/ocnfrac/domain.camocn.1.9x2.5_gx1v6_090403.nc 
Machine is espresso
Pes setting: grid match    is a%1.9x2.5 
Pes setting: grid          is a%1.9x2.5_l%1.9x2.5_oi%1.9x2.5_r%r05_g%null_w%null_m%gx1v7 
Pes setting: compset       is 2000_CAM60%PTAERO_CLM50%SP_CICE%PRES_DOCN%DOM_MOSART_SGLC_SWAV 
Pes setting: tasks       is {'NTASKS_ATM': -2, 'NTASKS_LND': -2, 'NTASKS_ROF': -2, 'NTASKS_ICE': -2, 'NTASKS_OCN': -2, 'NTASKS_GLC': -2, 'NTASKS_WAV': -2, 'NTASKS_CPL': -2} 
Pes setting: threads     is {'NTHRDS_ATM': 1, 'NTHRDS_LND': 1, 'NTHRDS_ROF': 1, 'NTHRDS_ICE': 1, 'NTHRDS_OCN': 1, 'NTHRDS_GLC': 1, 'NTHRDS_WAV': 1, 'NTHRDS_CPL': 1} 
Pes setting: rootpe      is {'ROOTPE_ATM': 0, 'ROOTPE_LND': 0, 'ROOTPE_ROF': 0, 'ROOTPE_ICE': 0, 'ROOTPE_OCN': 0, 'ROOTPE_GLC': 0, 'ROOTPE_WAV': 0, 'ROOTPE_CPL': 0} 
Pes setting: pstrid      is {} 
Pes other settings: {}
Pes comments: none
 Compset is: 2000_CAM60%PTAERO_CLM50%SP_CICE%PRES_DOCN%DOM_MOSART_SGLC_SWAV 
 Grid is: a%1.9x2.5_l%1.9x2.5_oi%1.9x2.5_r%r05_g%null_w%null_m%gx1v7 
 Components in compset are: ['cam', 'clm', 'cice', 'docn', 'mosart', 'sglc', 'swav', 'sesp', 'drv', 'dart'] 
No project info available
No charge_account info available, using value from PROJECT
No project info available
Batch_system_type is none
 Creating Case directory /home/vsts/cases/NF2000climo
Setting resource.RLIMIT_STACK to -1 from (16777216, -1)
Creating batch scripts
Writing case.run script from input template $PREFIX/cime/config/cesm/machines/template.case.run
Creating file .case.run
