Updating build index: /Users/runner/conda/conda-bld

TEST START: /var/folders/24/8k48jl6d249_n_qfxwsl6xvm0000gn/T/tmpmj7nxdr1/osx-64/gqt-1.1.3-h8b18d27_4.tar.bz2
Reloading output folder: /Users/runner/conda/conda-bld

## Package Plan ##

  environment location: /Users/runner/conda/conda-bld/gqt_1636515553187/_test_env_placehold_placehold_placehold_placehold_placehold_placehold_placehold_placehold_placehold_placehold_placehold_placehold_placehold_placehold_placehold_placehold_placehold_placehold_placehold_place


The following NEW packages will be INSTALLED:

    bzip2:           1.0.8-h0d85af4_4        conda-forge                                                        
    c-ares:          1.18.1-h0d85af4_0       conda-forge                                                        
    ca-certificates: 2021.10.8-h033912b_0    conda-forge                                                        
    curl:            7.79.1-h97da3c1_1       conda-forge                                                        
    gqt:             1.1.3-h8b18d27_4        file:///var/folders/24/8k48jl6d249_n_qfxwsl6xvm0000gn/T/tmpmj7nxdr1
    htslib:          1.9-h356306b_9          bioconda                                                           
    krb5:            1.19.2-h289aae4_3       conda-forge                                                        
    libcurl:         7.79.1-h97da3c1_1       conda-forge                                                        
    libcxx:          12.0.1-habf9029_0       conda-forge                                                        
    libdeflate:      1.3-h01d97ff_0          conda-forge                                                        
    libedit:         3.1.20191231-h0678c8f_2 conda-forge                                                        
    libev:           4.33-haf1e3a3_1         conda-forge                                                        
    libnghttp2:      1.43.0-hfd382f3_1       conda-forge                                                        
    libssh2:         1.10.0-hd3787cc_2       conda-forge                                                        
    libzlib:         1.2.11-h9173be1_1013    conda-forge                                                        
    ncurses:         6.2-h2e338ed_4          conda-forge                                                        
    openssl:         3.0.0-h0d85af4_2        conda-forge                                                        
    readline:        8.1-h05e3726_0          conda-forge                                                        
    sqlite:          3.36.0-h23a322b_2       conda-forge                                                        
    tk:              8.6.11-h5dbffcc_1       conda-forge                                                        
    xz:              5.2.5-haf1e3a3_1        conda-forge                                                        
    zlib:            1.2.11-h9173be1_1013    conda-forge                                                        

Preparing transaction: ...working... done
Verifying transaction: ...working... done
Executing transaction: ...working... done
export PREFIX=/Users/runner/conda/conda-bld/gqt_1636515553187/_test_env_placehold_placehold_placehold_placehold_placehold_placehold_placehold_placehold_placehold_placehold_placehold_placehold_placehold_placehold_placehold_placehold_placehold_placehold_placehold_place
export SRC_DIR=/Users/runner/conda/conda-bld/gqt_1636515553187/test_tmp

Leaving build/test directories:
  Work:
 /Users/runner/conda/conda-bld/work 
  Test:
 /Users/runner/conda/conda-bld/test_tmp 
Leaving build/test environments:
  Test:
source activate  /Users/runner/conda/conda-bld/_test_env_placehold_placehold_placehold_placehold_placehold_placehold_placehold_placehold_placehold_placehold_placehold_placehold_placehold_placehold_placehold_placehold_placehold_placehold_placehold_placehold_placehold_pla 
  Build:
source activate  /Users/runner/conda/conda-bld/_build_env 


