Updating build index: /Users/runner/conda/conda-bld

TEST START: /var/folders/24/8k48jl6d249_n_qfxwsl6xvm0000gn/T/tmpt22n7jdd/noarch/python-omero-5.7.1-py_0.tar.bz2
Adding in variants from internal_defaults
Adding in variants from /var/folders/24/8k48jl6d249_n_qfxwsl6xvm0000gn/T/tmpk12c83b9/info/recipe/conda_build_config.yaml
Reloading output folder: /Users/runner/conda/conda-bld
  Package              Version  Build               Channel                                                                   Size
────────────────────────────────────────────────────────────────────────────────────────────────────────────────────────────────────
  Install:
────────────────────────────────────────────────────────────────────────────────────────────────────────────────────────────────────

  + bzip2                1.0.8  h0d85af4_4          conda-forge/osx-64                                                      Cached
  + ca-certificates  2021.10.8  h033912b_0          conda-forge/osx-64                                                      Cached
  + freetype            2.10.4  h4cff582_1          conda-forge/osx-64                                                      Cached
  + future              0.18.2  py38h50d1736_3      conda-forge/osx-64                                                      715 KB
  + jbig                   2.1  h0d85af4_2003       conda-forge/osx-64                                                      Cached
  + jpeg                    9d  hbcb3906_0          conda-forge/osx-64                                                      Cached
  + lcms2                 2.12  h577c468_0          conda-forge/osx-64                                                      404 KB
  + lerc                   3.0  he49afe7_0          conda-forge/osx-64                                                      Cached
  + libblas              3.9.0  12_osx64_openblas   conda-forge/osx-64                                                      Cached
  + libcblas             3.9.0  12_osx64_openblas   conda-forge/osx-64                                                      Cached
  + libcxx              12.0.1  habf9029_0          conda-forge/osx-64                                                      Cached
  + libdeflate             1.8  h0d85af4_0          conda-forge/osx-64                                                      Cached
  + libffi               3.4.2  he49afe7_4          conda-forge/osx-64                                                      Cached
  + libgfortran          5.0.0  9_3_0_h6c81a4c_23   conda-forge/osx-64                                                      Cached
  + libgfortran5         9.3.0  h6c81a4c_23         conda-forge/osx-64                                                      Cached
  + libiconv              1.16  haf1e3a3_0          conda-forge/osx-64                                                      Cached
  + liblapack            3.9.0  12_osx64_openblas   conda-forge/osx-64                                                      Cached
  + libopenblas         0.3.18  openmp_h3351f45_0   conda-forge/osx-64                                                      Cached
  + libpng              1.6.37  h7cec526_2          conda-forge/osx-64                                                      Cached
  + libtiff              4.3.0  hd146c10_2          conda-forge/osx-64                                                      Cached
  + libwebp-base         1.2.1  h0d85af4_0          conda-forge/osx-64                                                      Cached
  + libzlib             1.2.11  h9173be1_1013       conda-forge/osx-64                                                      Cached
  + llvm-openmp         12.0.1  hda6cdc1_1          conda-forge/osx-64                                                      Cached
  + lz4-c                1.9.3  he49afe7_1          conda-forge/osx-64                                                      Cached
  + ncurses                6.2  h2e338ed_4          conda-forge/osx-64                                                      Cached
  + numpy               1.21.3  py38h49b9922_0      conda-forge/osx-64                                                        6 MB
  + olefile               0.46  pyh9f0ad1d_1        conda-forge/noarch                                                       32 KB
  + openjpeg             2.4.0  h6e7aa92_1          conda-forge/osx-64                                                      374 KB
  + openssl             1.1.1l  h0d85af4_0          conda-forge/osx-64                                                      Cached
  + pillow               8.3.2  py38hee640a0_0      conda-forge/osx-64                                                      664 KB
  + pip                 21.3.1  pyhd8ed1ab_0        conda-forge/noarch                                                      Cached
  + python              3.8.12  h17280f6_2_cpython  conda-forge/osx-64                                                       12 MB
  + python-omero         5.7.1  py_0                /var/folders/24/8k48jl6d249_n_qfxwsl6xvm0000gn/T/tmpt22n7jdd/noarch       2 MB
  + python_abi             3.8  2_cp38              conda-forge/osx-64                                                        4 KB
  + readline               8.1  h05e3726_0          conda-forge/osx-64                                                      Cached
  + setuptools          58.2.0  py38h50d1736_0      conda-forge/osx-64                                                        1 MB
  + sqlite              3.36.0  h23a322b_2          conda-forge/osx-64                                                      Cached
  + tk                  8.6.11  h5dbffcc_1          conda-forge/osx-64                                                      Cached
  + wheel               0.37.0  pyhd8ed1ab_1        conda-forge/noarch                                                      Cached
  + xz                   5.2.5  haf1e3a3_1          conda-forge/osx-64                                                      Cached
  + zeroc-ice            3.6.5  py38hafcd52f_1      conda-forge/osx-64                                                        3 MB
  + zlib                1.2.11  h9173be1_1013       conda-forge/osx-64                                                      Cached
  + zstd                 1.5.0  h582d3a0_0          conda-forge/osx-64                                                      Cached

  Summary:

  Install: 43 packages

  Total download: 26 MB

────────────────────────────────────────────────────────────────────────────────────────────────────────────────────────────────────


## Package Plan ##

  environment location: /Users/runner/conda/conda-bld/python-omero_1635348600266/_test_env_placehold_placehold_placehold_placehold_placehold_placehold_placehold_placehold_placehold_placehold_placehold_placehold_placehold_placehold_placehold_placehold_placehold_placehold_placeh


The following NEW packages will be INSTALLED:

    bzip2:           1.0.8-h0d85af4_4          conda-forge                                                        
    ca-certificates: 2021.10.8-h033912b_0      conda-forge                                                        
    freetype:        2.10.4-h4cff582_1         conda-forge                                                        
    future:          0.18.2-py38h50d1736_3     conda-forge                                                        
    jbig:            2.1-h0d85af4_2003         conda-forge                                                        
    jpeg:            9d-hbcb3906_0             conda-forge                                                        
    lcms2:           2.12-h577c468_0           conda-forge                                                        
    lerc:            3.0-he49afe7_0            conda-forge                                                        
    libblas:         3.9.0-12_osx64_openblas   conda-forge                                                        
    libcblas:        3.9.0-12_osx64_openblas   conda-forge                                                        
    libcxx:          12.0.1-habf9029_0         conda-forge                                                        
    libdeflate:      1.8-h0d85af4_0            conda-forge                                                        
    libffi:          3.4.2-he49afe7_4          conda-forge                                                        
    libgfortran:     5.0.0-9_3_0_h6c81a4c_23   conda-forge                                                        
    libgfortran5:    9.3.0-h6c81a4c_23         conda-forge                                                        
    libiconv:        1.16-haf1e3a3_0           conda-forge                                                        
    liblapack:       3.9.0-12_osx64_openblas   conda-forge                                                        
    libopenblas:     0.3.18-openmp_h3351f45_0  conda-forge                                                        
    libpng:          1.6.37-h7cec526_2         conda-forge                                                        
    libtiff:         4.3.0-hd146c10_2          conda-forge                                                        
    libwebp-base:    1.2.1-h0d85af4_0          conda-forge                                                        
    libzlib:         1.2.11-h9173be1_1013      conda-forge                                                        
    llvm-openmp:     12.0.1-hda6cdc1_1         conda-forge                                                        
    lz4-c:           1.9.3-he49afe7_1          conda-forge                                                        
    ncurses:         6.2-h2e338ed_4            conda-forge                                                        
    numpy:           1.21.3-py38h49b9922_0     conda-forge                                                        
    olefile:         0.46-pyh9f0ad1d_1         conda-forge                                                        
    openjpeg:        2.4.0-h6e7aa92_1          conda-forge                                                        
    openssl:         1.1.1l-h0d85af4_0         conda-forge                                                        
    pillow:          8.3.2-py38hee640a0_0      conda-forge                                                        
    pip:             21.3.1-pyhd8ed1ab_0       conda-forge                                                        
    python:          3.8.12-h17280f6_2_cpython conda-forge                                                        
    python-omero:    5.7.1-py_0                file:///var/folders/24/8k48jl6d249_n_qfxwsl6xvm0000gn/T/tmpt22n7jdd
    python_abi:      3.8-2_cp38                conda-forge                                                        
    readline:        8.1-h05e3726_0            conda-forge                                                        
    setuptools:      58.2.0-py38h50d1736_0     conda-forge                                                        
    sqlite:          3.36.0-h23a322b_2         conda-forge                                                        
    tk:              8.6.11-h5dbffcc_1         conda-forge                                                        
    wheel:           0.37.0-pyhd8ed1ab_1       conda-forge                                                        
    xz:              5.2.5-haf1e3a3_1          conda-forge                                                        
    zeroc-ice:       3.6.5-py38hafcd52f_1      conda-forge                                                        
    zlib:            1.2.11-h9173be1_1013      conda-forge                                                        
    zstd:            1.5.0-h582d3a0_0          conda-forge                                                        

Preparing transaction: ...working... done
Verifying transaction: ...working... done
Executing transaction: ...working... done
export PREFIX=/Users/runner/conda/conda-bld/python-omero_1635348600266/_test_env_placehold_placehold_placehold_placehold_placehold_placehold_placehold_placehold_placehold_placehold_placehold_placehold_placehold_placehold_placehold_placehold_placehold_placehold_placeh
export SRC_DIR=/Users/runner/conda/conda-bld/python-omero_1635348600266/test_tmp
import: 'omero'
import: 'omero.api'
import: 'omero.clients'
import: 'omero.cmd'
import: 'omero.constants'
import: 'omero.fs'
import: 'omero.gateway'
import: 'omero.grid'
import: 'omero.install'
import: 'omero.metadatastore'
import: 'omero.model'
import: 'omero.plugins'
import: 'omero.romio'
import: 'omero.sys'
import: 'omero.util'
import: 'omero_ext'
import: 'omero'
import: 'omero.api'
import: 'omero.clients'
import: 'omero.cmd'
import: 'omero.constants'
import: 'omero.fs'
import: 'omero.gateway'
import: 'omero.grid'
import: 'omero.install'
import: 'omero.metadatastore'
import: 'omero.model'
import: 'omero.plugins'
import: 'omero.romio'
import: 'omero.sys'
import: 'omero.util'
import: 'omero_ext'

Leaving build/test directories:
  Work:
 /Users/runner/conda/conda-bld/work 
  Test:
 /Users/runner/conda/conda-bld/test_tmp 
Leaving build/test environments:
  Test:
source activate  /Users/runner/conda/conda-bld/_test_env_placehold_placehold_placehold_placehold_placehold_placehold_placehold_placehold_placehold_placehold_placehold_placehold_placehold_placehold_placehold_placehold_placehold_placehold_placehold_placehold_placehold_pla 
  Build:
source activate  /Users/runner/conda/conda-bld/_build_env 


