Updating build index: /Users/runner/conda/conda-bld

TEST START: /var/folders/24/8k48jl6d249_n_qfxwsl6xvm0000gn/T/tmpzbelxdyl/osx-64/smina-2020.12.10-hfcb3d6c_0.tar.bz2
Source cache directory is: /Users/runner/conda/conda-bld/src_cache
Downloading source to cache: 2020.12.10_4b99cdec79.tar.gz
Downloading https://github.com/jaimergp/smina/archive/2020.12.10.tar.gz
Success
patching file CMakeLists.txt
patching file CMakeLists.txt
Extracting download
Applying patch: /var/folders/24/8k48jl6d249_n_qfxwsl6xvm0000gn/T/tmpeqj_5zj7/info/recipe/cmake.patch
Applying patch: /var/folders/24/8k48jl6d249_n_qfxwsl6xvm0000gn/T/tmpeqj_5zj7/info/recipe/cmake.patch with args:
['-Np1', '-i', '/var/folders/24/8k48jl6d249_n_qfxwsl6xvm0000gn/T/tmp87yqf_6y/cmake.patch.native', '--binary']
Patch analysis gives:
[[ RA-MD1LOVE ]] - [[                                                             cmake.patch ]]

Key:

R :: Reversible                       A :: Applicable
Y :: Build-prefix patch in use        M :: Minimal, non-amalgamated
D :: Dry-runnable                     N :: Patch level (1 is preferred)
L :: Patch level not-ambiguous        O :: Patch applies without offsets
V :: Patch applies without fuzz       E :: Patch applies without emitting to stderr

Renaming work directory '/Users/runner/conda/conda-bld/work' to '/Users/runner/conda/conda-bld/smina_1633616354891/work_moved_smina-2020.12.10-hfcb3d6c_0_osx-64'
shutil.move(work)=/Users/runner/conda/conda-bld/work, dest=/Users/runner/conda/conda-bld/smina_1633616354891/work_moved_smina-2020.12.10-hfcb3d6c_0_osx-64)

Leaving build/test directories:
  Work:
 /Users/runner/conda/conda-bld/work 
  Test:
 /Users/runner/conda/conda-bld/test_tmp 
Leaving build/test environments:
  Test:
source activate  /Users/runner/conda/conda-bld/_test_env_placehold_placehold_placehold_placehold_placehold_placehold_placehold_placehold_placehold_placehold_placehold_placehold_placehold_placehold_placehold_placehold_placehold_placehold_placehold_placehold_placehold_pla 
  Build:
source activate  /Users/runner/conda/conda-bld/_build_env 


