Updating build index: /home/vsts/conda/conda-bld

TEST START: /tmp/tmpoc3xur8u/linux-64/halla-0.8.17-py37_0.tar.bz2
Adding in variants from internal_defaults
Adding in variants from /tmp/tmp4nightrk/info/recipe/conda_build_config.yaml
  Package                  Version  Build                 Channel                         Size
────────────────────────────────────────────────────────────────────────────────────────────────
  Install:
────────────────────────────────────────────────────────────────────────────────────────────────

  + _libgcc_mutex              0.1  conda_forge           conda-forge/linux-64          Cached
  + _openmp_mutex              4.5  1_gnu                 conda-forge/linux-64          Cached
  + alsa-lib                 1.2.3  h516909a_0            conda-forge/linux-64          560 KB
  + ca-certificates      2021.5.30  ha878542_0            conda-forge/linux-64          Cached
  + certifi              2021.5.30  py37h89c1867_0        conda-forge/linux-64          141 KB
  + cycler                  0.10.0  py_2                  conda-forge/noarch              9 KB
  + dbus                    1.13.6  h48d8840_2            conda-forge/linux-64          572 KB
  + expat                    2.4.1  h9c3ff4c_0            conda-forge/linux-64          182 KB
  + fontconfig              2.13.1  hba837de_1005         conda-forge/linux-64          Cached
  + freetype                2.10.4  h0708190_1            conda-forge/linux-64          Cached
  + gettext               0.19.8.1  h73d1719_1006         conda-forge/linux-64          Cached
  + glib                    2.68.4  h9c3ff4c_1            conda-forge/linux-64          440 KB
  + glib-tools              2.68.4  h9c3ff4c_1            conda-forge/linux-64           86 KB
  + gst-plugins-base        1.18.5  hf529b03_0            conda-forge/linux-64            3 MB
  + gstreamer               1.18.5  h76c114f_0            conda-forge/linux-64            2 MB
  + halla                   0.8.17  py37_0                /tmp/tmpoc3xur8u/linux-64     146 KB
  + icu                       68.1  h58526e2_0            conda-forge/linux-64          Cached
  + jbig                       2.1  h7f98852_2003         conda-forge/linux-64          Cached
  + jenkspy                  0.1.4  py37h8f50634_1002     conda-forge/linux-64           33 KB
  + joblib                   1.0.1  pyhd8ed1ab_0          conda-forge/noarch            Cached
  + jpeg                        9d  h36c2ea0_0            conda-forge/linux-64          Cached
  + kiwisolver               1.3.2  py37h2527ec5_0        conda-forge/linux-64           78 KB
  + krb5                    1.19.2  hcc1bbae_0            conda-forge/linux-64          Cached
  + lcms2                     2.12  hddcbb42_0            conda-forge/linux-64          443 KB
  + ld_impl_linux-64        2.36.1  hea4e1c9_2            conda-forge/linux-64          Cached
  + lerc                     2.2.1  h9c3ff4c_0            conda-forge/linux-64          Cached
  + libblas                  3.9.0  11_linux64_openblas   conda-forge/linux-64          Cached
  + libcblas                 3.9.0  11_linux64_openblas   conda-forge/linux-64          Cached
  + libclang                11.1.0  default_ha53f305_1    conda-forge/linux-64           19 MB
  + libdeflate                 1.7  h7f98852_5            conda-forge/linux-64          Cached
  + libedit           3.1.20191231  he28a2e2_2            conda-forge/linux-64          Cached
  + libevent                2.1.10  hcdb4288_3            conda-forge/linux-64            1 MB
  + libffi                   3.4.2  h9c3ff4c_1            conda-forge/linux-64          Cached
  + libgcc-ng               11.2.0  h1d223b6_8            conda-forge/linux-64          Cached
  + libgfortran-ng          11.2.0  h69a702a_8            conda-forge/linux-64          Cached
  + libgfortran5            11.2.0  h5c6108e_8            conda-forge/linux-64          Cached
  + libglib                 2.68.4  h174f98d_1            conda-forge/linux-64          Cached
  + libgomp                 11.2.0  h1d223b6_8            conda-forge/linux-64          Cached
  + libiconv                  1.16  h516909a_0            conda-forge/linux-64          Cached
  + liblapack                3.9.0  11_linux64_openblas   conda-forge/linux-64          Cached
  + libllvm11               11.1.0  hf817b99_2            conda-forge/linux-64           29 MB
  + libogg                   1.3.4  h7f98852_1            conda-forge/linux-64          206 KB
  + libopenblas             0.3.17  pthreads_h8fe5266_1   conda-forge/linux-64          Cached
  + libopus                  1.3.1  h7f98852_1            conda-forge/linux-64          255 KB
  + libpng                  1.6.37  h21135ba_2            conda-forge/linux-64          Cached
  + libpq                     13.3  hd57d9b9_0            conda-forge/linux-64            3 MB
  + libstdcxx-ng            11.2.0  he4da1e4_8            conda-forge/linux-64          Cached
  + libtiff                  4.3.0  hf544144_1            conda-forge/linux-64          Cached
  + libuuid                 2.32.1  h7f98852_1000         conda-forge/linux-64          Cached
  + libvorbis                1.3.7  h9c3ff4c_0            conda-forge/linux-64          280 KB
  + libwebp-base             1.2.1  h7f98852_0            conda-forge/linux-64          Cached
  + libxcb                    1.13  h7f98852_1003         conda-forge/linux-64          Cached
  + libxkbcommon             1.0.3  he3ba5ed_0            conda-forge/linux-64          581 KB
  + libxml2                 2.9.12  h72842e0_0            conda-forge/linux-64          Cached
  + lz4-c                    1.9.3  h9c3ff4c_1            conda-forge/linux-64          Cached
  + matplotlib               3.4.3  py37h89c1867_0        conda-forge/linux-64            7 KB
  + matplotlib-base          3.4.3  py37h1058ff1_0        conda-forge/linux-64            7 MB
  + minepy                   1.2.5  py37h5e8e339_1        conda-forge/linux-64           71 KB
  + mysql-common            8.0.25  ha770c72_2            conda-forge/linux-64            2 MB
  + mysql-libs              8.0.25  hfa10184_2            conda-forge/linux-64            2 MB
  + ncurses                    6.2  h58526e2_4            conda-forge/linux-64          Cached
  + nspr                      4.30  h9c3ff4c_0            conda-forge/linux-64          233 KB
  + nss                       3.69  hb5efdd6_0            conda-forge/linux-64            2 MB
  + numpy                   1.21.2  py37h31617e3_0        conda-forge/linux-64            6 MB
  + olefile                   0.46  pyh9f0ad1d_1          conda-forge/noarch             32 KB
  + openjpeg                 2.4.0  hb52868f_1            conda-forge/linux-64          444 KB
  + openssl                 1.1.1l  h7f98852_0            conda-forge/linux-64          Cached
  + pandas                   1.3.3  py37he8f5f7f_0        conda-forge/linux-64           13 MB
  + pcre                      8.45  h9c3ff4c_0            conda-forge/linux-64          Cached
  + pillow                   8.3.2  py37h0f21c89_0        conda-forge/linux-64          692 KB
  + pip                     21.2.4  pyhd8ed1ab_0          conda-forge/noarch            Cached
  + pthread-stubs              0.4  h36c2ea0_1001         conda-forge/linux-64          Cached
  + pyparsing                2.4.7  pyh9f0ad1d_0          conda-forge/noarch             60 KB
  + pyqt                    5.12.3  py37h89c1867_7        conda-forge/linux-64           21 KB
  + pyqt-impl               5.12.3  py37he336c9b_7        conda-forge/linux-64            6 MB
  + pyqt5-sip              4.19.18  py37hcd2ae1e_7        conda-forge/linux-64          310 KB
  + pyqtchart                 5.12  py37he336c9b_7        conda-forge/linux-64          256 KB
  + pyqtwebengine           5.12.1  py37he336c9b_7        conda-forge/linux-64          175 KB
  + python                  3.7.10  hb7a2778_101_cpython  conda-forge/linux-64           57 MB
  + python-dateutil          2.8.2  pyhd8ed1ab_0          conda-forge/noarch            240 KB
  + python_abi                 3.7  2_cp37m               conda-forge/linux-64            4 KB
  + pytz                    2021.1  pyhd8ed1ab_0          conda-forge/noarch            Cached
  + qt                      5.12.9  hda022c4_4            conda-forge/linux-64          100 MB
  + readline                   8.1  h46c0cb4_0            conda-forge/linux-64          Cached
  + scikit-learn            0.24.2  py37hf0f1638_1        conda-forge/linux-64            7 MB
  + scipy                    1.7.1  py37hf2a6cf1_0        conda-forge/linux-64           22 MB
  + setuptools              58.0.4  py37h89c1867_0        conda-forge/linux-64          943 KB
  + six                     1.16.0  pyh6c4a22f_0          conda-forge/noarch            Cached
  + sqlite                  3.36.0  h9cd32fc_1            conda-forge/linux-64          Cached
  + threadpoolctl            2.2.0  pyh8a188c0_0          conda-forge/noarch             16 KB
  + tk                      8.6.11  h27826a3_1            conda-forge/linux-64          Cached
  + tornado                    6.1  py37h5e8e339_1        conda-forge/linux-64          646 KB
  + wheel                   0.37.0  pyhd8ed1ab_1          conda-forge/noarch            Cached
  + xorg-libxau              1.0.9  h7f98852_0            conda-forge/linux-64          Cached
  + xorg-libxdmcp            1.1.3  h7f98852_0            conda-forge/linux-64          Cached
  + xz                       5.2.5  h516909a_1            conda-forge/linux-64          Cached
  + zlib                    1.2.11  h516909a_1010         conda-forge/linux-64          Cached
  + zstd                     1.5.0  ha95c52a_0            conda-forge/linux-64          Cached

  Summary:

  Install: 98 packages

  Total download: 288 MB

────────────────────────────────────────────────────────────────────────────────────────────────


## Package Plan ##

  environment location: /home/vsts/conda/conda-bld/halla_1631870514997/_test_env_placehold_placehold_placehold_placehold_placehold_placehold_placehold_placehold_placehold_placehold_placehold_placehold_placehold_placehold_placehold_placehold_placehold_placehold_placehold_placeh


The following NEW packages will be INSTALLED:

    _libgcc_mutex:    0.1-conda_forge             conda-forge            
    _openmp_mutex:    4.5-1_gnu                   conda-forge            
    alsa-lib:         1.2.3-h516909a_0            conda-forge            
    ca-certificates:  2021.5.30-ha878542_0        conda-forge            
    certifi:          2021.5.30-py37h89c1867_0    conda-forge            
    cycler:           0.10.0-py_2                 conda-forge            
    dbus:             1.13.6-h48d8840_2           conda-forge            
    expat:            2.4.1-h9c3ff4c_0            conda-forge            
    fontconfig:       2.13.1-hba837de_1005        conda-forge            
    freetype:         2.10.4-h0708190_1           conda-forge            
    gettext:          0.19.8.1-h73d1719_1006      conda-forge            
    glib:             2.68.4-h9c3ff4c_1           conda-forge            
    glib-tools:       2.68.4-h9c3ff4c_1           conda-forge            
    gst-plugins-base: 1.18.5-hf529b03_0           conda-forge            
    gstreamer:        1.18.5-h76c114f_0           conda-forge            
    halla:            0.8.17-py37_0               file:///tmp/tmpoc3xur8u
    icu:              68.1-h58526e2_0             conda-forge            
    jbig:             2.1-h7f98852_2003           conda-forge            
    jenkspy:          0.1.4-py37h8f50634_1002     conda-forge            
    joblib:           1.0.1-pyhd8ed1ab_0          conda-forge            
    jpeg:             9d-h36c2ea0_0               conda-forge            
    kiwisolver:       1.3.2-py37h2527ec5_0        conda-forge            
    krb5:             1.19.2-hcc1bbae_0           conda-forge            
    lcms2:            2.12-hddcbb42_0             conda-forge            
    ld_impl_linux-64: 2.36.1-hea4e1c9_2           conda-forge            
    lerc:             2.2.1-h9c3ff4c_0            conda-forge            
    libblas:          3.9.0-11_linux64_openblas   conda-forge            
    libcblas:         3.9.0-11_linux64_openblas   conda-forge            
    libclang:         11.1.0-default_ha53f305_1   conda-forge            
    libdeflate:       1.7-h7f98852_5              conda-forge            
    libedit:          3.1.20191231-he28a2e2_2     conda-forge            
    libevent:         2.1.10-hcdb4288_3           conda-forge            
    libffi:           3.4.2-h9c3ff4c_1            conda-forge            
    libgcc-ng:        11.2.0-h1d223b6_8           conda-forge            
    libgfortran-ng:   11.2.0-h69a702a_8           conda-forge            
    libgfortran5:     11.2.0-h5c6108e_8           conda-forge            
    libglib:          2.68.4-h174f98d_1           conda-forge            
    libgomp:          11.2.0-h1d223b6_8           conda-forge            
    libiconv:         1.16-h516909a_0             conda-forge            
    liblapack:        3.9.0-11_linux64_openblas   conda-forge            
    libllvm11:        11.1.0-hf817b99_2           conda-forge            
    libogg:           1.3.4-h7f98852_1            conda-forge            
    libopenblas:      0.3.17-pthreads_h8fe5266_1  conda-forge            
    libopus:          1.3.1-h7f98852_1            conda-forge            
    libpng:           1.6.37-h21135ba_2           conda-forge            
    libpq:            13.3-hd57d9b9_0             conda-forge            
    libstdcxx-ng:     11.2.0-he4da1e4_8           conda-forge            
    libtiff:          4.3.0-hf544144_1            conda-forge            
    libuuid:          2.32.1-h7f98852_1000        conda-forge            
    libvorbis:        1.3.7-h9c3ff4c_0            conda-forge            
    libwebp-base:     1.2.1-h7f98852_0            conda-forge            
    libxcb:           1.13-h7f98852_1003          conda-forge            
    libxkbcommon:     1.0.3-he3ba5ed_0            conda-forge            
    libxml2:          2.9.12-h72842e0_0           conda-forge            
    lz4-c:            1.9.3-h9c3ff4c_1            conda-forge            
    matplotlib:       3.4.3-py37h89c1867_0        conda-forge            
    matplotlib-base:  3.4.3-py37h1058ff1_0        conda-forge            
    minepy:           1.2.5-py37h5e8e339_1        conda-forge            
    mysql-common:     8.0.25-ha770c72_2           conda-forge            
    mysql-libs:       8.0.25-hfa10184_2           conda-forge            
    ncurses:          6.2-h58526e2_4              conda-forge            
    nspr:             4.30-h9c3ff4c_0             conda-forge            
    nss:              3.69-hb5efdd6_0             conda-forge            
    numpy:            1.21.2-py37h31617e3_0       conda-forge            
    olefile:          0.46-pyh9f0ad1d_1           conda-forge            
    openjpeg:         2.4.0-hb52868f_1            conda-forge            
    openssl:          1.1.1l-h7f98852_0           conda-forge            
    pandas:           1.3.3-py37he8f5f7f_0        conda-forge            
    pcre:             8.45-h9c3ff4c_0             conda-forge            
    pillow:           8.3.2-py37h0f21c89_0        conda-forge            
    pip:              21.2.4-pyhd8ed1ab_0         conda-forge            
    pthread-stubs:    0.4-h36c2ea0_1001           conda-forge            
    pyparsing:        2.4.7-pyh9f0ad1d_0          conda-forge            
    pyqt:             5.12.3-py37h89c1867_7       conda-forge            
    pyqt-impl:        5.12.3-py37he336c9b_7       conda-forge            
    pyqt5-sip:        4.19.18-py37hcd2ae1e_7      conda-forge            
    pyqtchart:        5.12-py37he336c9b_7         conda-forge            
    pyqtwebengine:    5.12.1-py37he336c9b_7       conda-forge            
    python:           3.7.10-hb7a2778_101_cpython conda-forge            
    python-dateutil:  2.8.2-pyhd8ed1ab_0          conda-forge            
    python_abi:       3.7-2_cp37m                 conda-forge            
    pytz:             2021.1-pyhd8ed1ab_0         conda-forge            
    qt:               5.12.9-hda022c4_4           conda-forge            
    readline:         8.1-h46c0cb4_0              conda-forge            
    scikit-learn:     0.24.2-py37hf0f1638_1       conda-forge            
    scipy:            1.7.1-py37hf2a6cf1_0        conda-forge            
    setuptools:       58.0.4-py37h89c1867_0       conda-forge            
    six:              1.16.0-pyh6c4a22f_0         conda-forge            
    sqlite:           3.36.0-h9cd32fc_1           conda-forge            
    threadpoolctl:    2.2.0-pyh8a188c0_0          conda-forge            
    tk:               8.6.11-h27826a3_1           conda-forge            
    tornado:          6.1-py37h5e8e339_1          conda-forge            
    wheel:            0.37.0-pyhd8ed1ab_1         conda-forge            
    xorg-libxau:      1.0.9-h7f98852_0            conda-forge            
    xorg-libxdmcp:    1.1.3-h7f98852_0            conda-forge            
    xz:               5.2.5-h516909a_1            conda-forge            
    zlib:             1.2.11-h516909a_1010        conda-forge            
    zstd:             1.5.0-ha95c52a_0            conda-forge            

Preparing transaction: ...working... done
Verifying transaction: ...working... done
Executing transaction: ...working... done
export PREFIX=/home/vsts/conda/conda-bld/halla_1631870514997/_test_env_placehold_placehold_placehold_placehold_placehold_placehold_placehold_placehold_placehold_placehold_placehold_placehold_placehold_placehold_placehold_placehold_placehold_placehold_placehold_placeh
export SRC_DIR=/home/vsts/conda/conda-bld/halla_1631870514997/test_tmp
import: 'halla'
import: 'halla'

Leaving build/test directories:
  Work:
 /home/vsts/conda/conda-bld/work 
  Test:
 /home/vsts/conda/conda-bld/test_tmp 
Leaving build/test environments:
  Test:
source activate  /home/vsts/conda/conda-bld/_test_env_placehold_placehold_placehold_placehold_placehold_placehold_placehold_placehold_placehold_placehold_placehold_placehold_placehold_placehold_placehold_placehold_placehold_placehold_placehold_placehold_placehold_placeh 
  Build:
source activate  /home/vsts/conda/conda-bld/_build_env 


