Updating build index: /Users/runner/conda/conda-bld

TEST START: /var/folders/24/8k48jl6d249_n_qfxwsl6xvm0000gn/T/tmpr9kieup_/osx-64/halla-0.8.17-py37_0.tar.bz2
Adding in variants from internal_defaults
Adding in variants from /var/folders/24/8k48jl6d249_n_qfxwsl6xvm0000gn/T/tmp1oicrj2u/info/recipe/conda_build_config.yaml
Reloading output folder: /Users/runner/conda/conda-bld

## Package Plan ##

  environment location: /Users/runner/conda/conda-bld/halla_1636619250245/_test_env_placehold_placehold_placehold_placehold_placehold_placehold_placehold_placehold_placehold_placehold_placehold_placehold_placehold_placehold_placehold_placehold_placehold_placehold_placehold_pla


The following NEW packages will be INSTALLED:

    ca-certificates: 2021.10.8-h033912b_0        conda-forge                                                        
    certifi:         2021.10.8-py37hf985489_1    conda-forge                                                        
    cycler:          0.11.0-pyhd8ed1ab_0         conda-forge                                                        
    freetype:        2.10.4-h4cff582_1           conda-forge                                                        
    halla:           0.8.17-py37_0               file:///var/folders/24/8k48jl6d249_n_qfxwsl6xvm0000gn/T/tmpr9kieup_
    jbig:            2.1-h0d85af4_2003           conda-forge                                                        
    jenkspy:         0.1.4-py37h271585c_1002     conda-forge                                                        
    joblib:          1.1.0-pyhd8ed1ab_0          conda-forge                                                        
    jpeg:            9d-hbcb3906_0               conda-forge                                                        
    kiwisolver:      1.3.2-py37h737db71_1        conda-forge                                                        
    lcms2:           2.12-h577c468_0             conda-forge                                                        
    lerc:            3.0-he49afe7_0              conda-forge                                                        
    libblas:         3.9.0-12_osx64_openblas     conda-forge                                                        
    libcblas:        3.9.0-12_osx64_openblas     conda-forge                                                        
    libcxx:          12.0.1-habf9029_0           conda-forge                                                        
    libdeflate:      1.8-h0d85af4_0              conda-forge                                                        
    libffi:          3.4.2-h0d85af4_5            conda-forge                                                        
    libgfortran:     5.0.0-9_3_0_h6c81a4c_23     conda-forge                                                        
    libgfortran5:    9.3.0-h6c81a4c_23           conda-forge                                                        
    liblapack:       3.9.0-12_osx64_openblas     conda-forge                                                        
    libopenblas:     0.3.18-openmp_h3351f45_0    conda-forge                                                        
    libpng:          1.6.37-h7cec526_2           conda-forge                                                        
    libtiff:         4.3.0-hd146c10_2            conda-forge                                                        
    libwebp-base:    1.2.1-h0d85af4_0            conda-forge                                                        
    libzlib:         1.2.11-h9173be1_1013        conda-forge                                                        
    llvm-openmp:     12.0.1-hda6cdc1_1           conda-forge                                                        
    lz4-c:           1.9.3-he49afe7_1            conda-forge                                                        
    matplotlib:      3.4.3-py37hf985489_1        conda-forge                                                        
    matplotlib-base: 3.4.3-py37h3147e9e_1        conda-forge                                                        
    minepy:          1.2.5-py37h271585c_2        conda-forge                                                        
    ncurses:         6.2-h2e338ed_4              conda-forge                                                        
    numpy:           1.21.4-py37haefe36b_0       conda-forge                                                        
    olefile:         0.46-pyh9f0ad1d_1           conda-forge                                                        
    openjpeg:        2.4.0-h6e7aa92_1            conda-forge                                                        
    openssl:         3.0.0-h0d85af4_2            conda-forge                                                        
    pandas:          1.3.4-py37h5b83a90_1        conda-forge                                                        
    pillow:          8.4.0-py37h76dc067_0        conda-forge                                                        
    pip:             21.3.1-pyhd8ed1ab_0         conda-forge                                                        
    pyparsing:       3.0.5-pyhd8ed1ab_0          conda-forge                                                        
    python:          3.7.12-hf3644f1_100_cpython conda-forge                                                        
    python-dateutil: 2.8.2-pyhd8ed1ab_0          conda-forge                                                        
    python_abi:      3.7-2_cp37m                 conda-forge                                                        
    pytz:            2021.3-pyhd8ed1ab_0         conda-forge                                                        
    readline:        8.1-h05e3726_0              conda-forge                                                        
    scikit-learn:    1.0.1-py37h5a4fc86_1        conda-forge                                                        
    scipy:           1.7.2-py37h4e3cf02_0        conda-forge                                                        
    setuptools:      58.5.3-py37hf985489_0       conda-forge                                                        
    six:             1.16.0-pyh6c4a22f_0         conda-forge                                                        
    sqlite:          3.36.0-h23a322b_2           conda-forge                                                        
    threadpoolctl:   3.0.0-pyh8a188c0_0          conda-forge                                                        
    tk:              8.6.11-h5dbffcc_1           conda-forge                                                        
    tornado:         6.1-py37h271585c_2          conda-forge                                                        
    wheel:           0.37.0-pyhd8ed1ab_1         conda-forge                                                        
    xz:              5.2.5-haf1e3a3_1            conda-forge                                                        
    zlib:            1.2.11-h9173be1_1013        conda-forge                                                        
    zstd:            1.5.0-h582d3a0_0            conda-forge                                                        

Preparing transaction: ...working... done
Verifying transaction: ...working... done
Executing transaction: ...working... done
export PREFIX=/Users/runner/conda/conda-bld/halla_1636619250245/_test_env_placehold_placehold_placehold_placehold_placehold_placehold_placehold_placehold_placehold_placehold_placehold_placehold_placehold_placehold_placehold_placehold_placehold_placehold_placehold_pla
export SRC_DIR=/Users/runner/conda/conda-bld/halla_1636619250245/test_tmp
import: 'halla'
import: 'halla'

Leaving build/test directories:
  Work:
 /Users/runner/conda/conda-bld/work 
  Test:
 /Users/runner/conda/conda-bld/test_tmp 
Leaving build/test environments:
  Test:
source activate  /Users/runner/conda/conda-bld/_test_env_placehold_placehold_placehold_placehold_placehold_placehold_placehold_placehold_placehold_placehold_placehold_placehold_placehold_placehold_placehold_placehold_placehold_placehold_placehold_placehold_placehold_pla 
  Build:
source activate  /Users/runner/conda/conda-bld/_build_env 


