Updating build index: /Users/runner/conda/conda-bld

TEST START: /var/folders/24/8k48jl6d249_n_qfxwsl6xvm0000gn/T/tmpmacllky6/noarch/scaden-1.1.2-pyhdfd78af_0.tar.bz2
Reloading output folder: /Users/runner/conda/conda-bld
  Package                      Version  Build                   Channel                                                                   Size
────────────────────────────────────────────────────────────────────────────────────────────────────────────────────────────────────────────────
  Install:
────────────────────────────────────────────────────────────────────────────────────────────────────────────────────────────────────────────────

  + _tflow_select                2.3.0  mkl                     pkgs/main/osx-64                                                          3 KB
  + absl-py                     0.15.0  pyhd8ed1ab_0            conda-forge/noarch                                                       98 KB
  + anndata                      0.7.6  py37hf985489_0          conda-forge/osx-64                                                      118 KB
  + astor                        0.8.1  pyh9f0ad1d_0            conda-forge/noarch                                                       25 KB
  + blosc                       1.21.0  he49afe7_0              conda-forge/osx-64                                                      920 KB
  + bzip2                        1.0.8  h0d85af4_4              conda-forge/osx-64                                                      Cached
  + c-ares                      1.17.2  h0d85af4_0              conda-forge/osx-64                                                      Cached
  + ca-certificates          2021.10.8  h033912b_0              conda-forge/osx-64                                                      Cached
  + cached-property              1.5.2  hd8ed1ab_1              conda-forge/noarch                                                        4 KB
  + cached_property              1.5.2  pyha770c72_1            conda-forge/noarch                                                       11 KB
  + certifi                  2021.10.8  py37hf985489_0          conda-forge/osx-64                                                      145 KB
  + click                        8.0.3  py37hf985489_0          conda-forge/osx-64                                                      145 KB
  + colorama                     0.4.4  pyh9f0ad1d_0            conda-forge/noarch                                                      Cached
  + commonmark                   0.9.1  py_0                    conda-forge/noarch                                                      Cached
  + curl                        7.79.1  h97da3c1_1              conda-forge/osx-64                                                      Cached
  + cycler                      0.10.0  py_2                    conda-forge/noarch                                                        9 KB
  + dataclasses                    0.8  pyhc8e2a94_3            conda-forge/noarch                                                      Cached
  + decorator                    4.4.2  py_0                    conda-forge/noarch                                                       11 KB
  + dunamai                      1.6.0  pyhd8ed1ab_0            conda-forge/noarch                                                       19 KB
  + expat                        2.4.1  he49afe7_0              conda-forge/osx-64                                                      Cached
  + freetype                    2.10.4  h4cff582_1              conda-forge/osx-64                                                      Cached
  + future                      0.18.2  py37hf985489_3          conda-forge/osx-64                                                      716 KB
  + gast                         0.2.2  py_0                    conda-forge/noarch                                                       10 KB
  + get_version                  3.5.3  pyhd8ed1ab_0            conda-forge/noarch                                                       23 KB
  + gettext                   0.19.8.1  hd1a6beb_1008           conda-forge/osx-64                                                      Cached
  + git                         2.33.1  pl5321h2185044_0        conda-forge/osx-64                                                       13 MB
  + google-pasta                 0.2.0  pyh8c360ce_0            conda-forge/noarch                                                       42 KB
  + grpcio                      1.41.0  py37hac9a2c0_0          conda-forge/osx-64                                                        2 MB
  + h5py                         3.3.0  nompi_py37hdf859c4_100  conda-forge/osx-64                                                        1 MB
  + hdf5                        1.10.6  nompi_haae91d6_101      conda-forge/osx-64                                                        3 MB
  + importlib-metadata           4.8.1  py37hf985489_0          conda-forge/osx-64                                                       32 KB
  + importlib_metadata           4.8.1  hd8ed1ab_0              conda-forge/noarch                                                      Cached
  + jbig                           2.1  h0d85af4_2003           conda-forge/osx-64                                                      Cached
  + joblib                       1.1.0  pyhd8ed1ab_0            conda-forge/noarch                                                      Cached
  + jpeg                            9d  hbcb3906_0              conda-forge/osx-64                                                      Cached
  + keras-applications           1.0.8  py_1                    conda-forge/noarch                                                       30 KB
  + keras-preprocessing          1.1.2  pyhd8ed1ab_0            conda-forge/noarch                                                       34 KB
  + kiwisolver                   1.3.2  py37h737db71_0          conda-forge/osx-64                                                       57 KB
  + krb5                        1.19.2  h289aae4_2              conda-forge/osx-64                                                      Cached
  + lcms2                         2.12  h577c468_0              conda-forge/osx-64                                                      Cached
  + legacy-api-wrap                1.2  py_0                    conda-forge/noarch                                                       18 KB
  + lerc                           3.0  he49afe7_0              conda-forge/osx-64                                                      Cached
  + libblas                      3.9.0  8_openblas              conda-forge/osx-64                                                       11 KB
  + libcblas                     3.9.0  8_openblas              conda-forge/osx-64                                                       11 KB
  + libcurl                     7.79.1  h97da3c1_1              conda-forge/osx-64                                                      Cached
  + libcxx                      12.0.1  habf9029_0              conda-forge/osx-64                                                      Cached
  + libdeflate                     1.8  h0d85af4_0              conda-forge/osx-64                                                      Cached
  + libedit               3.1.20191231  h0678c8f_2              conda-forge/osx-64                                                      Cached
  + libev                         4.33  haf1e3a3_1              conda-forge/osx-64                                                      Cached
  + libffi                       3.4.2  he49afe7_4              conda-forge/osx-64                                                      Cached
  + libgfortran                  4.0.0  7_5_0_h1a10cd1_23       conda-forge/osx-64                                                       19 KB
  + libgfortran4                 7.5.0  h1a10cd1_23             conda-forge/osx-64                                                        1 MB
  + libiconv                      1.16  haf1e3a3_0              conda-forge/osx-64                                                      Cached
  + liblapack                    3.9.0  8_openblas              conda-forge/osx-64                                                       11 KB
  + libllvm11                   11.1.0  hd011deb_2              conda-forge/osx-64                                                      Cached
  + libnghttp2                  1.43.0  hfd382f3_1              conda-forge/osx-64                                                      Cached
  + libopenblas                 0.3.12  openmp_h63d9170_1       conda-forge/osx-64                                                        9 MB
  + libpng                      1.6.37  h7cec526_2              conda-forge/osx-64                                                      Cached
  + libprotobuf                 3.18.1  hcf210ce_0              conda-forge/osx-64                                                        2 MB
  + libssh2                     1.10.0  hd3787cc_2              conda-forge/osx-64                                                      Cached
  + libtiff                      4.3.0  hd146c10_2              conda-forge/osx-64                                                      Cached
  + libwebp-base                 1.2.1  h0d85af4_0              conda-forge/osx-64                                                      Cached
  + libzlib                     1.2.11  h9173be1_1013           conda-forge/osx-64                                                      Cached
  + llvm-openmp                 12.0.1  hda6cdc1_1              conda-forge/osx-64                                                      Cached
  + llvmlite                    0.37.0  py37h62ea057_0          conda-forge/osx-64                                                      237 KB
  + lz4-c                        1.9.3  he49afe7_1              conda-forge/osx-64                                                      Cached
  + markdown                     3.3.4  pyhd8ed1ab_0            conda-forge/noarch                                                       67 KB
  + matplotlib-base              3.4.3  py37h3147e9e_1          conda-forge/osx-64                                                        7 MB
  + mock                         4.0.3  py37hf985489_1          conda-forge/osx-64                                                       51 KB
  + natsort                      7.1.1  pyhd8ed1ab_0            conda-forge/noarch                                                       33 KB
  + ncurses                        6.2  h2e338ed_4              conda-forge/osx-64                                                      Cached
  + networkx                     2.5.1  pyhd8ed1ab_0            conda-forge/noarch                                                        1 MB
  + numba                       0.54.1  py37h078fc1e_0          conda-forge/osx-64                                                        4 MB
  + numexpr                      2.7.3  py37h5b83a90_0          conda-forge/osx-64                                                      132 KB
  + numpy                       1.18.5  py37h7687784_0          conda-forge/osx-64                                                        5 MB
  + olefile                       0.46  pyh9f0ad1d_1            conda-forge/noarch                                                      Cached
  + openjpeg                     2.4.0  h6e7aa92_1              conda-forge/osx-64                                                      Cached
  + openssl                      3.0.0  h0d85af4_1              conda-forge/osx-64                                                      Cached
  + opt_einsum                   3.3.0  pyhd8ed1ab_1            conda-forge/noarch                                                       53 KB
  + packaging                     21.0  pyhd8ed1ab_0            conda-forge/noarch                                                      Cached
  + pandas                       1.3.4  py37h5b83a90_0          conda-forge/osx-64                                                       11 MB
  + patsy                        0.5.2  pyhd8ed1ab_0            conda-forge/noarch                                                      188 KB
  + pcre2                        10.37  ha16e1b2_0              conda-forge/osx-64                                                      Cached
  + perl                        5.32.1  1_h0d85af4_perl5        conda-forge/osx-64                                                      Cached
  + pillow                       8.3.2  py37h76dc067_0          conda-forge/osx-64                                                      662 KB
  + pip                         21.3.1  pyhd8ed1ab_0            conda-forge/noarch                                                      Cached
  + protobuf                    3.18.1  py37hd8d24ac_0          conda-forge/osx-64                                                      327 KB
  + pygments                    2.10.0  pyhd8ed1ab_0            conda-forge/noarch                                                      Cached
  + pynndescent                  0.5.5  pyh6c4a22f_0            conda-forge/noarch                                                       44 KB
  + pyparsing                    2.4.7  pyh9f0ad1d_0            conda-forge/noarch                                                      Cached
  + pytables                     3.6.1  py37h6293439_3          conda-forge/osx-64                                                        1 MB
  + python                      3.7.10  hf3644f1_104_cpython    conda-forge/osx-64                                                       24 MB
  + python-dateutil              2.8.2  pyhd8ed1ab_0            conda-forge/noarch                                                      Cached
  + python_abi                     3.7  2_cp37m                 conda-forge/osx-64                                                        4 KB
  + pytz                        2021.3  pyhd8ed1ab_0            conda-forge/noarch                                                      Cached
  + readline                       8.1  h05e3726_0              conda-forge/osx-64                                                      Cached
  + rich                       10.12.0  py37hf985489_0          conda-forge/osx-64                                                      345 KB
  + scaden                       1.1.2  pyhdfd78af_0            /var/folders/24/8k48jl6d249_n_qfxwsl6xvm0000gn/T/tmpmacllky6/noarch      21 KB
  + scanpy                       1.5.1  py_0                    bioconda/noarch                                                           7 MB
  + scikit-learn                   1.0  py37h5a4fc86_1          conda-forge/osx-64                                                        7 MB
  + scipy                        1.4.1  py37hce1b9e5_3          conda-forge/osx-64                                                       19 MB
  + seaborn                     0.11.2  hd8ed1ab_0              conda-forge/noarch                                                        4 KB
  + seaborn-base                0.11.2  pyhd8ed1ab_0            conda-forge/noarch                                                      223 KB
  + setuptools                  58.2.0  py37hf985489_0          conda-forge/osx-64                                                        1 MB
  + setuptools-scm               6.3.2  pyhd8ed1ab_0            conda-forge/noarch                                                       29 KB
  + setuptools_scm               6.3.2  hd8ed1ab_0              conda-forge/noarch                                                        4 KB
  + six                         1.16.0  pyh6c4a22f_0            conda-forge/noarch                                                      Cached
  + sqlite                      3.36.0  h23a322b_2              conda-forge/osx-64                                                      Cached
  + statsmodels                 0.13.0  py37h032687b_0          conda-forge/osx-64                                                       11 MB
  + tbb                       2021.3.0  h940c156_0              conda-forge/osx-64                                                      162 KB
  + tensorboard                  2.0.0  pyhb38c66f_1            pkgs/main/noarch                                                          3 MB
  + tensorflow                   2.0.0  mkl_py37hda344b4_0      pkgs/main/osx-64                                                          4 KB
  + tensorflow-base              2.0.0  mkl_py37h66b1bf0_0      pkgs/main/osx-64                                                         67 MB
  + tensorflow-estimator         2.0.0  pyh2649769_0            pkgs/main/noarch                                                        250 KB
  + termcolor                    1.1.0  py_2                    conda-forge/noarch                                                        6 KB
  + threadpoolctl                3.0.0  pyh8a188c0_0            conda-forge/noarch                                                       17 KB
  + tk                          8.6.11  h5dbffcc_1              conda-forge/osx-64                                                      Cached
  + tomli                        1.2.1  pyhd8ed1ab_0            conda-forge/noarch                                                       15 KB
  + tornado                        6.1  py37h271585c_1          conda-forge/osx-64                                                      645 KB
  + tqdm                        4.62.3  pyhd8ed1ab_0            conda-forge/noarch                                                      Cached
  + typing_extensions         3.10.0.2  pyha770c72_0            conda-forge/noarch                                                      Cached
  + umap-learn                   0.5.1  py37hf985489_1          conda-forge/osx-64                                                      122 KB
  + werkzeug                     2.0.1  pyhd8ed1ab_0            conda-forge/noarch                                                      219 KB
  + wheel                       0.37.0  pyhd8ed1ab_1            conda-forge/noarch                                                      Cached
  + wrapt                       1.13.2  py37h271585c_0          conda-forge/osx-64                                                       43 KB
  + xz                           5.2.5  haf1e3a3_1              conda-forge/osx-64                                                      Cached
  + zipp                         3.6.0  pyhd8ed1ab_0            conda-forge/noarch                                                      Cached
  + zlib                        1.2.11  h9173be1_1013           conda-forge/osx-64                                                      Cached
  + zstd                         1.5.0  h582d3a0_0              conda-forge/osx-64                                                      Cached

  Summary:

  Install: 129 packages

  Total download: 206 MB

────────────────────────────────────────────────────────────────────────────────────────────────────────────────────────────────────────────────


## Package Plan ##

  environment location: /Users/runner/conda/conda-bld/scaden_1634958413592/_test_env_placehold_placehold_placehold_placehold_placehold_placehold_placehold_placehold_placehold_placehold_placehold_placehold_placehold_placehold_placehold_placehold_placehold_placehold_placehold_pl


The following NEW packages will be INSTALLED:

    _tflow_select:        2.3.0-mkl                                                                                       
    absl-py:              0.15.0-pyhd8ed1ab_0          conda-forge                                                        
    anndata:              0.7.6-py37hf985489_0         conda-forge                                                        
    astor:                0.8.1-pyh9f0ad1d_0           conda-forge                                                        
    blosc:                1.21.0-he49afe7_0            conda-forge                                                        
    bzip2:                1.0.8-h0d85af4_4             conda-forge                                                        
    c-ares:               1.17.2-h0d85af4_0            conda-forge                                                        
    ca-certificates:      2021.10.8-h033912b_0         conda-forge                                                        
    cached-property:      1.5.2-hd8ed1ab_1             conda-forge                                                        
    cached_property:      1.5.2-pyha770c72_1           conda-forge                                                        
    certifi:              2021.10.8-py37hf985489_0     conda-forge                                                        
    click:                8.0.3-py37hf985489_0         conda-forge                                                        
    colorama:             0.4.4-pyh9f0ad1d_0           conda-forge                                                        
    commonmark:           0.9.1-py_0                   conda-forge                                                        
    curl:                 7.79.1-h97da3c1_1            conda-forge                                                        
    cycler:               0.10.0-py_2                  conda-forge                                                        
    dataclasses:          0.8-pyhc8e2a94_3             conda-forge                                                        
    decorator:            4.4.2-py_0                   conda-forge                                                        
    dunamai:              1.6.0-pyhd8ed1ab_0           conda-forge                                                        
    expat:                2.4.1-he49afe7_0             conda-forge                                                        
    freetype:             2.10.4-h4cff582_1            conda-forge                                                        
    future:               0.18.2-py37hf985489_3        conda-forge                                                        
    gast:                 0.2.2-py_0                   conda-forge                                                        
    get_version:          3.5.3-pyhd8ed1ab_0           conda-forge                                                        
    gettext:              0.19.8.1-hd1a6beb_1008       conda-forge                                                        
    git:                  2.33.1-pl5321h2185044_0      conda-forge                                                        
    google-pasta:         0.2.0-pyh8c360ce_0           conda-forge                                                        
    grpcio:               1.41.0-py37hac9a2c0_0        conda-forge                                                        
    h5py:                 3.3.0-nompi_py37hdf859c4_100 conda-forge                                                        
    hdf5:                 1.10.6-nompi_haae91d6_101    conda-forge                                                        
    importlib-metadata:   4.8.1-py37hf985489_0         conda-forge                                                        
    importlib_metadata:   4.8.1-hd8ed1ab_0             conda-forge                                                        
    jbig:                 2.1-h0d85af4_2003            conda-forge                                                        
    joblib:               1.1.0-pyhd8ed1ab_0           conda-forge                                                        
    jpeg:                 9d-hbcb3906_0                conda-forge                                                        
    keras-applications:   1.0.8-py_1                   conda-forge                                                        
    keras-preprocessing:  1.1.2-pyhd8ed1ab_0           conda-forge                                                        
    kiwisolver:           1.3.2-py37h737db71_0         conda-forge                                                        
    krb5:                 1.19.2-h289aae4_2            conda-forge                                                        
    lcms2:                2.12-h577c468_0              conda-forge                                                        
    legacy-api-wrap:      1.2-py_0                     conda-forge                                                        
    lerc:                 3.0-he49afe7_0               conda-forge                                                        
    libblas:              3.9.0-8_openblas             conda-forge                                                        
    libcblas:             3.9.0-8_openblas             conda-forge                                                        
    libcurl:              7.79.1-h97da3c1_1            conda-forge                                                        
    libcxx:               12.0.1-habf9029_0            conda-forge                                                        
    libdeflate:           1.8-h0d85af4_0               conda-forge                                                        
    libedit:              3.1.20191231-h0678c8f_2      conda-forge                                                        
    libev:                4.33-haf1e3a3_1              conda-forge                                                        
    libffi:               3.4.2-he49afe7_4             conda-forge                                                        
    libgfortran:          4.0.0-7_5_0_h1a10cd1_23      conda-forge                                                        
    libgfortran4:         7.5.0-h1a10cd1_23            conda-forge                                                        
    libiconv:             1.16-haf1e3a3_0              conda-forge                                                        
    liblapack:            3.9.0-8_openblas             conda-forge                                                        
    libllvm11:            11.1.0-hd011deb_2            conda-forge                                                        
    libnghttp2:           1.43.0-hfd382f3_1            conda-forge                                                        
    libopenblas:          0.3.12-openmp_h63d9170_1     conda-forge                                                        
    libpng:               1.6.37-h7cec526_2            conda-forge                                                        
    libprotobuf:          3.18.1-hcf210ce_0            conda-forge                                                        
    libssh2:              1.10.0-hd3787cc_2            conda-forge                                                        
    libtiff:              4.3.0-hd146c10_2             conda-forge                                                        
    libwebp-base:         1.2.1-h0d85af4_0             conda-forge                                                        
    libzlib:              1.2.11-h9173be1_1013         conda-forge                                                        
    llvm-openmp:          12.0.1-hda6cdc1_1            conda-forge                                                        
    llvmlite:             0.37.0-py37h62ea057_0        conda-forge                                                        
    lz4-c:                1.9.3-he49afe7_1             conda-forge                                                        
    markdown:             3.3.4-pyhd8ed1ab_0           conda-forge                                                        
    matplotlib-base:      3.4.3-py37h3147e9e_1         conda-forge                                                        
    mock:                 4.0.3-py37hf985489_1         conda-forge                                                        
    natsort:              7.1.1-pyhd8ed1ab_0           conda-forge                                                        
    ncurses:              6.2-h2e338ed_4               conda-forge                                                        
    networkx:             2.5.1-pyhd8ed1ab_0           conda-forge                                                        
    numba:                0.54.1-py37h078fc1e_0        conda-forge                                                        
    numexpr:              2.7.3-py37h5b83a90_0         conda-forge                                                        
    numpy:                1.18.5-py37h7687784_0        conda-forge                                                        
    olefile:              0.46-pyh9f0ad1d_1            conda-forge                                                        
    openjpeg:             2.4.0-h6e7aa92_1             conda-forge                                                        
    openssl:              3.0.0-h0d85af4_1             conda-forge                                                        
    opt_einsum:           3.3.0-pyhd8ed1ab_1           conda-forge                                                        
    packaging:            21.0-pyhd8ed1ab_0            conda-forge                                                        
    pandas:               1.3.4-py37h5b83a90_0         conda-forge                                                        
    patsy:                0.5.2-pyhd8ed1ab_0           conda-forge                                                        
    pcre2:                10.37-ha16e1b2_0             conda-forge                                                        
    perl:                 5.32.1-1_h0d85af4_perl5      conda-forge                                                        
    pillow:               8.3.2-py37h76dc067_0         conda-forge                                                        
    pip:                  21.3.1-pyhd8ed1ab_0          conda-forge                                                        
    protobuf:             3.18.1-py37hd8d24ac_0        conda-forge                                                        
    pygments:             2.10.0-pyhd8ed1ab_0          conda-forge                                                        
    pynndescent:          0.5.5-pyh6c4a22f_0           conda-forge                                                        
    pyparsing:            2.4.7-pyh9f0ad1d_0           conda-forge                                                        
    pytables:             3.6.1-py37h6293439_3         conda-forge                                                        
    python:               3.7.10-hf3644f1_104_cpython  conda-forge                                                        
    python-dateutil:      2.8.2-pyhd8ed1ab_0           conda-forge                                                        
    python_abi:           3.7-2_cp37m                  conda-forge                                                        
    pytz:                 2021.3-pyhd8ed1ab_0          conda-forge                                                        
    readline:             8.1-h05e3726_0               conda-forge                                                        
    rich:                 10.12.0-py37hf985489_0       conda-forge                                                        
    scaden:               1.1.2-pyhdfd78af_0           file:///var/folders/24/8k48jl6d249_n_qfxwsl6xvm0000gn/T/tmpmacllky6
    scanpy:               1.5.1-py_0                   bioconda                                                           
    scikit-learn:         1.0-py37h5a4fc86_1           conda-forge                                                        
    scipy:                1.4.1-py37hce1b9e5_3         conda-forge                                                        
    seaborn:              0.11.2-hd8ed1ab_0            conda-forge                                                        
    seaborn-base:         0.11.2-pyhd8ed1ab_0          conda-forge                                                        
    setuptools:           58.2.0-py37hf985489_0        conda-forge                                                        
    setuptools-scm:       6.3.2-pyhd8ed1ab_0           conda-forge                                                        
    setuptools_scm:       6.3.2-hd8ed1ab_0             conda-forge                                                        
    six:                  1.16.0-pyh6c4a22f_0          conda-forge                                                        
    sqlite:               3.36.0-h23a322b_2            conda-forge                                                        
    statsmodels:          0.13.0-py37h032687b_0        conda-forge                                                        
    tbb:                  2021.3.0-h940c156_0          conda-forge                                                        
    tensorboard:          2.0.0-pyhb38c66f_1                                                                              
    tensorflow:           2.0.0-mkl_py37hda344b4_0                                                                        
    tensorflow-base:      2.0.0-mkl_py37h66b1bf0_0                                                                        
    tensorflow-estimator: 2.0.0-pyh2649769_0                                                                              
    termcolor:            1.1.0-py_2                   conda-forge                                                        
    threadpoolctl:        3.0.0-pyh8a188c0_0           conda-forge                                                        
    tk:                   8.6.11-h5dbffcc_1            conda-forge                                                        
    tomli:                1.2.1-pyhd8ed1ab_0           conda-forge                                                        
    tornado:              6.1-py37h271585c_1           conda-forge                                                        
    tqdm:                 4.62.3-pyhd8ed1ab_0          conda-forge                                                        
    typing_extensions:    3.10.0.2-pyha770c72_0        conda-forge                                                        
    umap-learn:           0.5.1-py37hf985489_1         conda-forge                                                        
    werkzeug:             2.0.1-pyhd8ed1ab_0           conda-forge                                                        
    wheel:                0.37.0-pyhd8ed1ab_1          conda-forge                                                        
    wrapt:                1.13.2-py37h271585c_0        conda-forge                                                        
    xz:                   5.2.5-haf1e3a3_1             conda-forge                                                        
    zipp:                 3.6.0-pyhd8ed1ab_0           conda-forge                                                        
    zlib:                 1.2.11-h9173be1_1013         conda-forge                                                        
    zstd:                 1.5.0-h582d3a0_0             conda-forge                                                        

Preparing transaction: ...working... done
Verifying transaction: ...working... done
Executing transaction: ...working... done
export PREFIX=/Users/runner/conda/conda-bld/scaden_1634958413592/_test_env_placehold_placehold_placehold_placehold_placehold_placehold_placehold_placehold_placehold_placehold_placehold_placehold_placehold_placehold_placehold_placehold_placehold_placehold_placehold_pl
export SRC_DIR=/Users/runner/conda/conda-bld/scaden_1634958413592/test_tmp

Leaving build/test directories:
  Work:
 /Users/runner/conda/conda-bld/work 
  Test:
 /Users/runner/conda/conda-bld/test_tmp 
Leaving build/test environments:
  Test:
source activate  /Users/runner/conda/conda-bld/_test_env_placehold_placehold_placehold_placehold_placehold_placehold_placehold_placehold_placehold_placehold_placehold_placehold_placehold_placehold_placehold_placehold_placehold_placehold_placehold_placehold_placehold_pla 
  Build:
source activate  /Users/runner/conda/conda-bld/_build_env 


