Updating build index: /home/vsts/conda/conda-bld

TEST START: /tmp/tmpfq210jqk/noarch/wes-service-client-2.7-py_1.tar.bz2
Adding in variants from internal_defaults
Adding in variants from /tmp/tmpt0kcimtm/info/recipe/conda_build_config.yaml
  Package                          Version  Build               Channel                       Size
────────────────────────────────────────────────────────────────────────────────────────────────────
  Install:
────────────────────────────────────────────────────────────────────────────────────────────────────

  + _libgcc_mutex                      0.1  conda_forge         conda-forge/linux-64        Cached
  + _openmp_mutex                      4.5  1_gnu               conda-forge/linux-64        Cached
  + avro-cwl                         1.8.4  py36_1              bioconda/linux-64            39 KB
  + avro-python2                     1.8.1  py36_0              bioconda/linux-64            50 KB
  + brotlipy                         0.7.0  py36h8f6f2f9_1001   conda-forge/linux-64        341 KB
  + ca-certificates              2021.5.30  ha878542_0          conda-forge/linux-64        Cached
  + cachecontrol                    0.11.7  py_0                conda-forge/noarch           17 KB
  + certifi                      2021.5.30  py36h5fab9bb_0      conda-forge/linux-64        141 KB
  + cffi                            1.14.6  py36hd8eec40_1      conda-forge/linux-64        224 KB
  + chardet                          4.0.0  py36h5fab9bb_1      conda-forge/linux-64        219 KB
  + charset-normalizer               2.0.0  pyhd8ed1ab_0        conda-forge/noarch          Cached
  + cryptography                     3.4.7  py36hb60f036_0      conda-forge/linux-64          1 MB
  + future                          0.18.2  py36h5fab9bb_3      conda-forge/linux-64        716 KB
  + html5lib                           1.1  pyh9f0ad1d_0        conda-forge/noarch           89 KB
  + idna                               3.1  pyhd3deb0d_0        conda-forge/noarch          Cached
  + isodate                          0.6.0  py_1                conda-forge/noarch           25 KB
  + keepalive                          0.5  py36h5fab9bb_5      conda-forge/linux-64         28 KB
  + ld_impl_linux-64                2.36.1  hea4e1c9_2          conda-forge/linux-64        Cached
  + libffi                           3.4.2  h9c3ff4c_1          conda-forge/linux-64        Cached
  + libgcc-ng                       11.2.0  h1d223b6_8          conda-forge/linux-64        Cached
  + libgomp                         11.2.0  h1d223b6_8          conda-forge/linux-64        Cached
  + libstdcxx-ng                    11.2.0  he4da1e4_8          conda-forge/linux-64        Cached
  + lockfile                        0.12.2  py36_0              conda-forge/linux-64         17 KB
  + mistune                          0.7.3  py36_1              conda-forge/linux-64         24 KB
  + ncurses                            6.2  h58526e2_4          conda-forge/linux-64        Cached
  + openssl                         1.1.1l  h7f98852_0          conda-forge/linux-64        Cached
  + pip                             21.2.4  pyhd8ed1ab_0        conda-forge/noarch          Cached
  + pycparser                         2.20  pyh9f0ad1d_2        conda-forge/noarch          Cached
  + pyopenssl                       20.0.1  pyhd8ed1ab_0        conda-forge/noarch          Cached
  + pyparsing                        2.4.7  pyh9f0ad1d_0        conda-forge/noarch           60 KB
  + pysocks                          1.7.1  py36h5fab9bb_3      conda-forge/linux-64         27 KB
  + python                          3.6.13  hb7a2778_1_cpython  conda-forge/linux-64         38 MB
  + python_abi                         3.6  2_cp36m             conda-forge/linux-64          4 KB
  + rdflib                           4.2.2  py36_1000           conda-forge/linux-64        554 KB
  + rdflib-jsonld                    0.4.0  py36_1000           conda-forge/linux-64         25 KB
  + readline                           8.1  h46c0cb4_0          conda-forge/linux-64        Cached
  + requests                        2.26.0  pyhd8ed1ab_0        conda-forge/noarch          Cached
  + ruamel.yaml                    0.15.50  py36_0              conda-forge/linux-64        692 KB
  + schema-salad        2.7.20180809223002  py_0                bioconda/noarch             233 KB
  + setuptools                      58.0.4  py36h5fab9bb_0      conda-forge/linux-64        940 KB
  + six                             1.16.0  pyh6c4a22f_0        conda-forge/noarch          Cached
  + sparqlwrapper                    1.8.5  py36h5fab9bb_1006   conda-forge/linux-64         40 KB
  + sqlite                          3.36.0  h9cd32fc_1          conda-forge/linux-64        Cached
  + subprocess32                     3.5.4  py_1                conda-forge/noarch           11 KB
  + tk                              8.6.11  h27826a3_1          conda-forge/linux-64        Cached
  + typing                        3.10.0.0  pyhd8ed1ab_0        conda-forge/noarch            7 KB
  + urllib3                         1.26.6  pyhd8ed1ab_0        conda-forge/noarch          Cached
  + webencodings                     0.5.1  py_1                conda-forge/noarch           12 KB
  + wes-service-client                 2.7  py_1                /tmp/tmpfq210jqk/noarch      21 KB
  + wheel                           0.37.0  pyhd8ed1ab_1        conda-forge/noarch          Cached
  + xz                               5.2.5  h516909a_1          conda-forge/linux-64        Cached
  + zlib                            1.2.11  h516909a_1010       conda-forge/linux-64        Cached

  Summary:

  Install: 52 packages

  Total download: 44 MB

────────────────────────────────────────────────────────────────────────────────────────────────────


## Package Plan ##

  environment location: /home/vsts/conda/conda-bld/wes-service-client_1632128438193/_test_env_placehold_placehold_placehold_placehold_placehold_placehold_placehold_placehold_placehold_placehold_placehold_placehold_placehold_placehold_placehold_placehold_placehold_placehold_pla


The following NEW packages will be INSTALLED:

    _libgcc_mutex:      0.1-conda_forge           conda-forge            
    _openmp_mutex:      4.5-1_gnu                 conda-forge            
    avro-cwl:           1.8.4-py36_1              bioconda               
    avro-python2:       1.8.1-py36_0              bioconda               
    brotlipy:           0.7.0-py36h8f6f2f9_1001   conda-forge            
    ca-certificates:    2021.5.30-ha878542_0      conda-forge            
    cachecontrol:       0.11.7-py_0               conda-forge            
    certifi:            2021.5.30-py36h5fab9bb_0  conda-forge            
    cffi:               1.14.6-py36hd8eec40_1     conda-forge            
    chardet:            4.0.0-py36h5fab9bb_1      conda-forge            
    charset-normalizer: 2.0.0-pyhd8ed1ab_0        conda-forge            
    cryptography:       3.4.7-py36hb60f036_0      conda-forge            
    future:             0.18.2-py36h5fab9bb_3     conda-forge            
    html5lib:           1.1-pyh9f0ad1d_0          conda-forge            
    idna:               3.1-pyhd3deb0d_0          conda-forge            
    isodate:            0.6.0-py_1                conda-forge            
    keepalive:          0.5-py36h5fab9bb_5        conda-forge            
    ld_impl_linux-64:   2.36.1-hea4e1c9_2         conda-forge            
    libffi:             3.4.2-h9c3ff4c_1          conda-forge            
    libgcc-ng:          11.2.0-h1d223b6_8         conda-forge            
    libgomp:            11.2.0-h1d223b6_8         conda-forge            
    libstdcxx-ng:       11.2.0-he4da1e4_8         conda-forge            
    lockfile:           0.12.2-py36_0             conda-forge            
    mistune:            0.7.3-py36_1              conda-forge            
    ncurses:            6.2-h58526e2_4            conda-forge            
    openssl:            1.1.1l-h7f98852_0         conda-forge            
    pip:                21.2.4-pyhd8ed1ab_0       conda-forge            
    pycparser:          2.20-pyh9f0ad1d_2         conda-forge            
    pyopenssl:          20.0.1-pyhd8ed1ab_0       conda-forge            
    pyparsing:          2.4.7-pyh9f0ad1d_0        conda-forge            
    pysocks:            1.7.1-py36h5fab9bb_3      conda-forge            
    python:             3.6.13-hb7a2778_1_cpython conda-forge            
    python_abi:         3.6-2_cp36m               conda-forge            
    rdflib:             4.2.2-py36_1000           conda-forge            
    rdflib-jsonld:      0.4.0-py36_1000           conda-forge            
    readline:           8.1-h46c0cb4_0            conda-forge            
    requests:           2.26.0-pyhd8ed1ab_0       conda-forge            
    ruamel.yaml:        0.15.50-py36_0            conda-forge            
    schema-salad:       2.7.20180809223002-py_0   bioconda               
    setuptools:         58.0.4-py36h5fab9bb_0     conda-forge            
    six:                1.16.0-pyh6c4a22f_0       conda-forge            
    sparqlwrapper:      1.8.5-py36h5fab9bb_1006   conda-forge            
    sqlite:             3.36.0-h9cd32fc_1         conda-forge            
    subprocess32:       3.5.4-py_1                conda-forge            
    tk:                 8.6.11-h27826a3_1         conda-forge            
    typing:             3.10.0.0-pyhd8ed1ab_0     conda-forge            
    urllib3:            1.26.6-pyhd8ed1ab_0       conda-forge            
    webencodings:       0.5.1-py_1                conda-forge            
    wes-service-client: 2.7-py_1                  file:///tmp/tmpfq210jqk
    wheel:              0.37.0-pyhd8ed1ab_1       conda-forge            
    xz:                 5.2.5-h516909a_1          conda-forge            
    zlib:               1.2.11-h516909a_1010      conda-forge            

Preparing transaction: ...working... done
Verifying transaction: ...working... done
Executing transaction: ...working... done
export PREFIX=/home/vsts/conda/conda-bld/wes-service-client_1632128438193/_test_env_placehold_placehold_placehold_placehold_placehold_placehold_placehold_placehold_placehold_placehold_placehold_placehold_placehold_placehold_placehold_placehold_placehold_placehold_pla
export SRC_DIR=/home/vsts/conda/conda-bld/wes-service-client_1632128438193/test_tmp

Leaving build/test directories:
  Work:
 /home/vsts/conda/conda-bld/work 
  Test:
 /home/vsts/conda/conda-bld/test_tmp 
Leaving build/test environments:
  Test:
source activate  /home/vsts/conda/conda-bld/_test_env_placehold_placehold_placehold_placehold_placehold_placehold_placehold_placehold_placehold_placehold_placehold_placehold_placehold_placehold_placehold_placehold_placehold_placehold_placehold_placehold_placehold_placeh 
  Build:
source activate  /home/vsts/conda/conda-bld/_build_env 


