Updating build index: /Users/runner/conda/conda-bld

TEST START: /var/folders/24/8k48jl6d249_n_qfxwsl6xvm0000gn/T/tmpghsj2dcz/noarch/wes-service-client-2.7-py_1.tar.bz2
Adding in variants from internal_defaults
Adding in variants from /var/folders/24/8k48jl6d249_n_qfxwsl6xvm0000gn/T/tmp_498kvt_/info/recipe/conda_build_config.yaml
Reloading output folder: /Users/runner/conda/conda-bld

## Package Plan ##

  environment location: /Users/runner/conda/conda-bld/wes-service-client_1636841794241/_test_env_placehold_placehold_placehold_placehold_placehold_placehold_placehold_placehold_placehold_placehold_placehold_placehold_placehold_placehold_placehold_placehold_placehold_placehold_


The following NEW packages will be INSTALLED:

    avro-cwl:           1.8.4-py36_1              bioconda                                                           
    avro-python2:       1.8.1-py36_0              bioconda                                                           
    brotlipy:           0.7.0-py36hfa26744_1001   conda-forge                                                        
    ca-certificates:    2021.10.8-h033912b_0      conda-forge                                                        
    cachecontrol:       0.11.7-py_0               conda-forge                                                        
    certifi:            2021.5.30-py36h79c6626_0  conda-forge                                                        
    cffi:               1.14.6-py36hbc36220_1     conda-forge                                                        
    chardet:            4.0.0-py36h79c6626_1      conda-forge                                                        
    charset-normalizer: 2.0.0-pyhd8ed1ab_0        conda-forge                                                        
    cryptography:       35.0.0-py36ha6a00b0_0     conda-forge                                                        
    future:             0.18.2-py36h79c6626_3     conda-forge                                                        
    html5lib:           1.1-pyh9f0ad1d_0          conda-forge                                                        
    idna:               3.1-pyhd3deb0d_0          conda-forge                                                        
    isodate:            0.6.0-py_1                conda-forge                                                        
    keepalive:          0.5-py36h79c6626_5        conda-forge                                                        
    libcxx:             12.0.1-habf9029_0         conda-forge                                                        
    libffi:             3.4.2-h0d85af4_5          conda-forge                                                        
    libzlib:            1.2.11-h9173be1_1013      conda-forge                                                        
    lockfile:           0.12.2-py36_0             conda-forge                                                        
    mistune:            0.7.3-py36_1              conda-forge                                                        
    ncurses:            6.2-h2e338ed_4            conda-forge                                                        
    openssl:            1.1.1l-h0d85af4_0         conda-forge                                                        
    pip:                21.3.1-pyhd8ed1ab_0       conda-forge                                                        
    pycparser:          2.21-pyhd8ed1ab_0         conda-forge                                                        
    pyopenssl:          21.0.0-pyhd8ed1ab_0       conda-forge                                                        
    pyparsing:          3.0.6-pyhd8ed1ab_0        conda-forge                                                        
    pysocks:            1.7.1-py36h79c6626_3      conda-forge                                                        
    python:             3.6.13-haf480d7_2_cpython conda-forge                                                        
    python_abi:         3.6-2_cp36m               conda-forge                                                        
    rdflib:             4.2.2-py36_1000           conda-forge                                                        
    rdflib-jsonld:      0.4.0-py36_1000           conda-forge                                                        
    readline:           8.1-h05e3726_0            conda-forge                                                        
    requests:           2.26.0-pyhd8ed1ab_0       conda-forge                                                        
    ruamel.yaml:        0.15.50-py36_0            conda-forge                                                        
    schema-salad:       2.7.20180809223002-py_0   bioconda                                                           
    setuptools:         58.0.4-py36h79c6626_2     conda-forge                                                        
    six:                1.16.0-pyh6c4a22f_0       conda-forge                                                        
    sparqlwrapper:      1.8.5-py36h79c6626_1006   conda-forge                                                        
    sqlite:             3.36.0-h23a322b_2         conda-forge                                                        
    subprocess32:       3.5.4-py_1                conda-forge                                                        
    tk:                 8.6.11-h5dbffcc_1         conda-forge                                                        
    typing:             3.10.0.0-pyhd8ed1ab_0     conda-forge                                                        
    urllib3:            1.26.7-pyhd8ed1ab_0       conda-forge                                                        
    webencodings:       0.5.1-py36_0              conda-forge                                                        
    wes-service-client: 2.7-py_1                  file:///var/folders/24/8k48jl6d249_n_qfxwsl6xvm0000gn/T/tmpghsj2dcz
    wheel:              0.37.0-pyhd8ed1ab_1       conda-forge                                                        
    xz:                 5.2.5-haf1e3a3_1          conda-forge                                                        
    zlib:               1.2.11-h9173be1_1013      conda-forge                                                        

Preparing transaction: ...working... done
Verifying transaction: ...working... done
Executing transaction: ...working... done
export PREFIX=/Users/runner/conda/conda-bld/wes-service-client_1636841794241/_test_env_placehold_placehold_placehold_placehold_placehold_placehold_placehold_placehold_placehold_placehold_placehold_placehold_placehold_placehold_placehold_placehold_placehold_placehold_
export SRC_DIR=/Users/runner/conda/conda-bld/wes-service-client_1636841794241/test_tmp

Leaving build/test directories:
  Work:
 /Users/runner/conda/conda-bld/work 
  Test:
 /Users/runner/conda/conda-bld/test_tmp 
Leaving build/test environments:
  Test:
source activate  /Users/runner/conda/conda-bld/_test_env_placehold_placehold_placehold_placehold_placehold_placehold_placehold_placehold_placehold_placehold_placehold_placehold_placehold_placehold_placehold_placehold_placehold_placehold_placehold_placehold_placehold_pla 
  Build:
source activate  /Users/runner/conda/conda-bld/_build_env 


