Updating build index: /home/vsts/conda/conda-bld

TEST START: /tmp/tmphebbn0ie/linux-64/biomaj-3.0.19-py36_0.tar.bz2
Adding in variants from internal_defaults
Mamba failed to solve:
 - biomaj 3.0.19 py39_0
 - python
 - pymongo
 - pycurl
 - bcrypt
 - ldap3
 - drmaa
 - future
 - tabulate
 - elasticsearch
 - python

with channels:
 - file:///tmp/tmphebbn0ie

The reported errors are:
   Encountered problems while solving:
     - nothing provides requested biomaj 3.0.19 py39_0
   

Leaving build/test directories:
  Work:
 /home/vsts/conda/conda-bld/work 
  Test:
 /home/vsts/conda/conda-bld/test_tmp 
Leaving build/test environments:
  Test:
source activate  /home/vsts/conda/conda-bld/_test_env_placehold_placehold_placehold_placehold_placehold_placehold_placehold_placehold_placehold_placehold_placehold_placehold_placehold_placehold_placehold_placehold_placehold_placehold_placehold_placehold_placehold_placeh 
  Build:
source activate  /home/vsts/conda/conda-bld/_build_env 


