Updating build index: /home/vsts/conda/conda-bld

TEST START: /tmp/tmpbmivh6zd/linux-64/udocker-1.1.1-py27_2.tar.bz2
Adding in variants from internal_defaults
Adding in variants from /tmp/tmpy1joylwp/info/recipe/conda_build_config.yaml
Reloading output folder: /home/vsts/conda/conda-bld
  Package                  Version  Build                  Channel                         Size
─────────────────────────────────────────────────────────────────────────────────────────────────
  Install:
─────────────────────────────────────────────────────────────────────────────────────────────────

  + _libgcc_mutex              0.1  conda_forge            conda-forge/linux-64          Cached
  + _openmp_mutex              4.5  1_gnu                  conda-forge/linux-64          Cached
  + c-ares                  1.18.1  h7f98852_0             conda-forge/linux-64          Cached
  + ca-certificates      2021.10.8  ha878542_0             conda-forge/linux-64          Cached
  + certifi             2019.11.28  py27h8c360ce_1         conda-forge/linux-64          Cached
  + krb5                    1.19.2  hcc1bbae_2             conda-forge/linux-64          Cached
  + ld_impl_linux-64        2.36.1  hea4e1c9_2             conda-forge/linux-64          Cached
  + libcurl                 7.79.1  h2574ce0_1             conda-forge/linux-64          Cached
  + libedit           3.1.20191231  he28a2e2_2             conda-forge/linux-64          Cached
  + libev                     4.33  h516909a_1             conda-forge/linux-64          Cached
  + libffi                   3.2.1  he1b5a44_1007          conda-forge/linux-64          Cached
  + libgcc-ng               11.2.0  h1d223b6_11            conda-forge/linux-64          Cached
  + libgomp                 11.2.0  h1d223b6_11            conda-forge/linux-64          Cached
  + libnghttp2              1.43.0  h812cca2_1             conda-forge/linux-64          Cached
  + libssh2                 1.10.0  ha56f1ee_2             conda-forge/linux-64          Cached
  + libstdcxx-ng            11.2.0  he4da1e4_11            conda-forge/linux-64          Cached
  + libzlib                 1.2.11  h36c2ea0_1013          conda-forge/linux-64          Cached
  + ncurses                    6.2  h58526e2_4             conda-forge/linux-64          Cached
  + openssl                 1.1.1l  h7f98852_0             conda-forge/linux-64          Cached
  + pip                     20.1.1  pyh9f0ad1d_0           conda-forge/noarch            Cached
  + proot                    5.1.0  0                      bioconda/linux-64              77 KB
  + pycurl                7.43.0.5  py27h8309bce_2         conda-forge/linux-64           69 KB
  + python                  2.7.15  h5a48372_1011_cpython  conda-forge/linux-64          Cached
  + python_abi                 2.7  1_cp27mu               conda-forge/linux-64          Cached
  + readline                   8.1  h46c0cb4_0             conda-forge/linux-64          Cached
  + setuptools              44.0.0  py27_0                 conda-forge/linux-64          Cached
  + simplejson              3.17.0  py27hdf8410d_1         conda-forge/linux-64          102 KB
  + sqlite                  3.36.0  h9cd32fc_2             conda-forge/linux-64          Cached
  + talloc                   2.1.9  0                      bioconda/linux-64              38 KB
  + tk                      8.6.11  h27826a3_1             conda-forge/linux-64          Cached
  + udocker                  1.1.1  py27_2                 /tmp/tmpbmivh6zd/linux-64      49 KB
  + wheel                   0.37.0  pyhd8ed1ab_1           conda-forge/noarch            Cached
  + zlib                    1.2.11  h36c2ea0_1013          conda-forge/linux-64          Cached

  Summary:

  Install: 33 packages

  Total download: 335 KB

─────────────────────────────────────────────────────────────────────────────────────────────────


## Package Plan ##

  environment location: /home/vsts/conda/conda-bld/udocker_1635395181103/_test_env_placehold_placehold_placehold_placehold_placehold_placehold_placehold_placehold_placehold_placehold_placehold_placehold_placehold_placehold_placehold_placehold_placehold_placehold_placehold_plac


The following NEW packages will be INSTALLED:

    _libgcc_mutex:    0.1-conda_forge              conda-forge            
    _openmp_mutex:    4.5-1_gnu                    conda-forge            
    c-ares:           1.18.1-h7f98852_0            conda-forge            
    ca-certificates:  2021.10.8-ha878542_0         conda-forge            
    certifi:          2019.11.28-py27h8c360ce_1    conda-forge            
    krb5:             1.19.2-hcc1bbae_2            conda-forge            
    ld_impl_linux-64: 2.36.1-hea4e1c9_2            conda-forge            
    libcurl:          7.79.1-h2574ce0_1            conda-forge            
    libedit:          3.1.20191231-he28a2e2_2      conda-forge            
    libev:            4.33-h516909a_1              conda-forge            
    libffi:           3.2.1-he1b5a44_1007          conda-forge            
    libgcc-ng:        11.2.0-h1d223b6_11           conda-forge            
    libgomp:          11.2.0-h1d223b6_11           conda-forge            
    libnghttp2:       1.43.0-h812cca2_1            conda-forge            
    libssh2:          1.10.0-ha56f1ee_2            conda-forge            
    libstdcxx-ng:     11.2.0-he4da1e4_11           conda-forge            
    libzlib:          1.2.11-h36c2ea0_1013         conda-forge            
    ncurses:          6.2-h58526e2_4               conda-forge            
    openssl:          1.1.1l-h7f98852_0            conda-forge            
    pip:              20.1.1-pyh9f0ad1d_0          conda-forge            
    proot:            5.1.0-0                      bioconda               
    pycurl:           7.43.0.5-py27h8309bce_2      conda-forge            
    python:           2.7.15-h5a48372_1011_cpython conda-forge            
    python_abi:       2.7-1_cp27mu                 conda-forge            
    readline:         8.1-h46c0cb4_0               conda-forge            
    setuptools:       44.0.0-py27_0                conda-forge            
    simplejson:       3.17.0-py27hdf8410d_1        conda-forge            
    sqlite:           3.36.0-h9cd32fc_2            conda-forge            
    talloc:           2.1.9-0                      bioconda               
    tk:               8.6.11-h27826a3_1            conda-forge            
    udocker:          1.1.1-py27_2                 file:///tmp/tmpbmivh6zd
    wheel:            0.37.0-pyhd8ed1ab_1          conda-forge            
    zlib:             1.2.11-h36c2ea0_1013         conda-forge            

Preparing transaction: ...working... done
Verifying transaction: ...working... done
Executing transaction: ...working... done
export PREFIX=/home/vsts/conda/conda-bld/udocker_1635395181103/_test_env_placehold_placehold_placehold_placehold_placehold_placehold_placehold_placehold_placehold_placehold_placehold_placehold_placehold_placehold_placehold_placehold_placehold_placehold_placehold_plac
export SRC_DIR=/home/vsts/conda/conda-bld/udocker_1635395181103/test_tmp
Downloading layer: sha256:2db29710123e3e53a794f2694094b9b4338aa9ee5c40b930cb8063a1be392c54
Downloading layer: sha256:a3ed95caeb02ffe68cdd9fd84406680ae93d633cb16422d00e8a7c22955b46d4

Leaving build/test directories:
  Work:
 /home/vsts/conda/conda-bld/work 
  Test:
 /home/vsts/conda/conda-bld/test_tmp 
Leaving build/test environments:
  Test:
source activate  /home/vsts/conda/conda-bld/_test_env_placehold_placehold_placehold_placehold_placehold_placehold_placehold_placehold_placehold_placehold_placehold_placehold_placehold_placehold_placehold_placehold_placehold_placehold_placehold_placehold_placehold_placeh 
  Build:
source activate  /home/vsts/conda/conda-bld/_build_env 


