Updating build index: /home/vsts/conda/conda-bld

TEST START: /tmp/tmpkn2rt1ks/linux-64/perl-biox-workflow-1.10-1.tar.bz2
Adding in variants from internal_defaults
Reloading output folder: /home/vsts/conda/conda-bld
Mamba failed to solve:
 - perl-biox-workflow 0.10.* 0
 - libgcc
 - perl-threaded
 - perl-pathtools
 - perl-file-find-rule
 - perl-moose
 - perl

with channels:
 - file:///tmp/tmpkn2rt1ks

The reported errors are:
- Encountered problems while solving:
-   - nothing provides requested perl-biox-workflow 0.10.* 0
- 

Leaving build/test directories:
  Work:
 /home/vsts/conda/conda-bld/work 
  Test:
 /home/vsts/conda/conda-bld/test_tmp 
Leaving build/test environments:
  Test:
source activate  /home/vsts/conda/conda-bld/_test_env_placehold_placehold_placehold_placehold_placehold_placehold_placehold_placehold_placehold_placehold_placehold_placehold_placehold_placehold_placehold_placehold_placehold_placehold_placehold_placehold_placehold_placeh 
  Build:
source activate  /home/vsts/conda/conda-bld/_build_env 


