Updating build index: /Users/runner/conda/conda-bld

TEST START: /var/folders/24/8k48jl6d249_n_qfxwsl6xvm0000gn/T/tmp49pxad1s/osx-64/perl-biox-workflow-0.27-1.tar.bz2
Adding in variants from internal_defaults
Reloading output folder: /Users/runner/conda/conda-bld
  Package               Version  Build            Channel                                                                  Size
─────────────────────────────────────────────────────────────────────────────────────────────────────────────────────────────────
  Install:
─────────────────────────────────────────────────────────────────────────────────────────────────────────────────────────────────

  + perl                 5.26.2  hbcb3906_1008    conda-forge/osx-64                                                      14 MB
  + perl-biox-workflow     0.27  1                /var/folders/24/8k48jl6d249_n_qfxwsl6xvm0000gn/T/tmp49pxad1s/osx-64      3 MB
  + perl-termreadkey       2.38  pl526h1de35cc_1  bioconda/osx-64                                                         21 KB
  + perl-threaded        5.26.0  0                bioconda/osx-64                                                          4 KB

  Summary:

  Install: 4 packages

  Total download: 17 MB

─────────────────────────────────────────────────────────────────────────────────────────────────────────────────────────────────


## Package Plan ##

  environment location: /Users/runner/conda/conda-bld/perl-biox-workflow_1635182156881/_test_env_placehold_placehold_placehold_placehold_placehold_placehold_placehold_placehold_placehold_placehold_placehold_placehold_placehold_placehold_placehold_placehold_placehold_placehold_


The following NEW packages will be INSTALLED:

    perl:               5.26.2-hbcb3906_1008 conda-forge                                                        
    perl-biox-workflow: 0.27-1               file:///var/folders/24/8k48jl6d249_n_qfxwsl6xvm0000gn/T/tmp49pxad1s
    perl-termreadkey:   2.38-pl526h1de35cc_1 bioconda                                                           
    perl-threaded:      5.26.0-0             bioconda                                                           

Preparing transaction: ...working... done
Verifying transaction: ...working... done
Executing transaction: ...working... done
export PREFIX=/Users/runner/conda/conda-bld/perl-biox-workflow_1635182156881/_test_env_placehold_placehold_placehold_placehold_placehold_placehold_placehold_placehold_placehold_placehold_placehold_placehold_placehold_placehold_placehold_placehold_placehold_placehold_
export SRC_DIR=/Users/runner/conda/conda-bld/perl-biox-workflow_1635182156881/test_tmp

Leaving build/test directories:
  Work:
 /Users/runner/conda/conda-bld/work 
  Test:
 /Users/runner/conda/conda-bld/test_tmp 
Leaving build/test environments:
  Test:
source activate  /Users/runner/conda/conda-bld/_test_env_placehold_placehold_placehold_placehold_placehold_placehold_placehold_placehold_placehold_placehold_placehold_placehold_placehold_placehold_placehold_placehold_placehold_placehold_placehold_placehold_placehold_pla 
  Build:
source activate  /Users/runner/conda/conda-bld/_build_env 


