Updating build index: /home/vsts/conda/conda-bld

TEST START: /tmp/tmpie49osfq/linux-64/perl-hpc-runner-pbs-0.12-0.tar.bz2
Adding in variants from internal_defaults
Reloading output folder: /home/vsts/conda/conda-bld
  Package                Version  Build            Channel                         Size
─────────────────────────────────────────────────────────────────────────────────────────
  Install:
─────────────────────────────────────────────────────────────────────────────────────────

  + _libgcc_mutex            0.1  conda_forge      conda-forge/linux-64          Cached
  + _openmp_mutex            4.5  1_gnu            conda-forge/linux-64          Cached
  + libgcc-ng             11.2.0  h1d223b6_11      conda-forge/linux-64          Cached
  + libgomp               11.2.0  h1d223b6_11      conda-forge/linux-64          Cached
  + perl                  5.26.2  h36c2ea0_1008    conda-forge/linux-64           15 MB
  + perl-hpc-runner-pbs     0.12  0                /tmp/tmpie49osfq/linux-64       2 MB
  + perl-termreadkey        2.38  pl526h14c3975_1  bioconda/linux-64              23 KB
  + perl-threaded         5.26.0  0                bioconda/linux-64               4 KB

  Summary:

  Install: 8 packages

  Total download: 18 MB

─────────────────────────────────────────────────────────────────────────────────────────


## Package Plan ##

  environment location: /home/vsts/conda/conda-bld/perl-hpc-runner-pbs_1635548324693/_test_env_placehold_placehold_placehold_placehold_placehold_placehold_placehold_placehold_placehold_placehold_placehold_placehold_placehold_placehold_placehold_placehold_placehold_placehold_pl


The following NEW packages will be INSTALLED:

    _libgcc_mutex:       0.1-conda_forge      conda-forge            
    _openmp_mutex:       4.5-1_gnu            conda-forge            
    libgcc-ng:           11.2.0-h1d223b6_11   conda-forge            
    libgomp:             11.2.0-h1d223b6_11   conda-forge            
    perl:                5.26.2-h36c2ea0_1008 conda-forge            
    perl-hpc-runner-pbs: 0.12-0               file:///tmp/tmpie49osfq
    perl-termreadkey:    2.38-pl526h14c3975_1 bioconda               
    perl-threaded:       5.26.0-0             bioconda               

Preparing transaction: ...working... done
Verifying transaction: ...working... done
Executing transaction: ...working... done
export PREFIX=/home/vsts/conda/conda-bld/perl-hpc-runner-pbs_1635548324693/_test_env_placehold_placehold_placehold_placehold_placehold_placehold_placehold_placehold_placehold_placehold_placehold_placehold_placehold_placehold_placehold_placehold_placehold_placehold_pl
export SRC_DIR=/home/vsts/conda/conda-bld/perl-hpc-runner-pbs_1635548324693/test_tmp

Leaving build/test directories:
  Work:
 /home/vsts/conda/conda-bld/work 
  Test:
 /home/vsts/conda/conda-bld/test_tmp 
Leaving build/test environments:
  Test:
source activate  /home/vsts/conda/conda-bld/_test_env_placehold_placehold_placehold_placehold_placehold_placehold_placehold_placehold_placehold_placehold_placehold_placehold_placehold_placehold_placehold_placehold_placehold_placehold_placehold_placehold_placehold_placeh 
  Build:
source activate  /home/vsts/conda/conda-bld/_build_env 


