Updating build index: /Users/runner/conda/conda-bld

TEST START: /var/folders/24/8k48jl6d249_n_qfxwsl6xvm0000gn/T/tmppr7d37k7/osx-64/perl-hpc-runner-slurm-2.57-0.tar.bz2
Adding in variants from internal_defaults
Reloading output folder: /Users/runner/conda/conda-bld
  Package                  Version  Build            Channel                                                                  Size
────────────────────────────────────────────────────────────────────────────────────────────────────────────────────────────────────
  Install:
────────────────────────────────────────────────────────────────────────────────────────────────────────────────────────────────────

  + perl                    5.26.2  hbcb3906_1008    conda-forge/osx-64                                                      14 MB
  + perl-hpc-runner-slurm     2.57  0                /var/folders/24/8k48jl6d249_n_qfxwsl6xvm0000gn/T/tmppr7d37k7/osx-64      4 MB
  + perl-termreadkey          2.38  pl526h1de35cc_1  bioconda/osx-64                                                         21 KB
  + perl-threaded           5.26.0  0                bioconda/osx-64                                                          4 KB

  Summary:

  Install: 4 packages

  Total download: 18 MB

────────────────────────────────────────────────────────────────────────────────────────────────────────────────────────────────────


## Package Plan ##

  environment location: /Users/runner/conda/conda-bld/perl-hpc-runner-slurm_1635184552624/_test_env_placehold_placehold_placehold_placehold_placehold_placehold_placehold_placehold_placehold_placehold_placehold_placehold_placehold_placehold_placehold_placehold_placehold_placeho


The following NEW packages will be INSTALLED:

    perl:                  5.26.2-hbcb3906_1008 conda-forge                                                        
    perl-hpc-runner-slurm: 2.57-0               file:///var/folders/24/8k48jl6d249_n_qfxwsl6xvm0000gn/T/tmppr7d37k7
    perl-termreadkey:      2.38-pl526h1de35cc_1 bioconda                                                           
    perl-threaded:         5.26.0-0             bioconda                                                           

Preparing transaction: ...working... done
Verifying transaction: ...working... done
Executing transaction: ...working... done
export PREFIX=/Users/runner/conda/conda-bld/perl-hpc-runner-slurm_1635184552624/_test_env_placehold_placehold_placehold_placehold_placehold_placehold_placehold_placehold_placehold_placehold_placehold_placehold_placehold_placehold_placehold_placehold_placehold_placeho
export SRC_DIR=/Users/runner/conda/conda-bld/perl-hpc-runner-slurm_1635184552624/test_tmp

Leaving build/test directories:
  Work:
 /Users/runner/conda/conda-bld/work 
  Test:
 /Users/runner/conda/conda-bld/test_tmp 
Leaving build/test environments:
  Test:
source activate  /Users/runner/conda/conda-bld/_test_env_placehold_placehold_placehold_placehold_placehold_placehold_placehold_placehold_placehold_placehold_placehold_placehold_placehold_placehold_placehold_placehold_placehold_placehold_placehold_placehold_placehold_pla 
  Build:
source activate  /Users/runner/conda/conda-bld/_build_env 


