Updating build index: /Users/runner/conda/conda-bld

TEST START: /var/folders/24/8k48jl6d249_n_qfxwsl6xvm0000gn/T/tmpssg2okoj/noarch/crypto_typer-1.0.0-py_0.tar.bz2
Adding in variants from internal_defaults
Adding in variants from /var/folders/24/8k48jl6d249_n_qfxwsl6xvm0000gn/T/tmpalxqj3h7/info/recipe/conda_build_config.yaml
Reloading output folder: /Users/runner/conda/conda-bld

## Package Plan ##

  environment location: /Users/runner/conda/conda-bld/crypto_typer_1637024108936/_test_env_placehold_placehold_placehold_placehold_placehold_placehold_placehold_placehold_placehold_placehold_placehold_placehold_placehold_placehold_placehold_placehold_placehold_placehold_placeh


The following NEW packages will be INSTALLED:

    biopython:               1.79-py310he24745e_1      conda-forge                                                        
    blast:                   2.9.0-pl526hce2a5c9_7     bioconda                                                           
    bzip2:                   1.0.8-h0d85af4_4          conda-forge                                                        
    c-ares:                  1.18.1-h0d85af4_0         conda-forge                                                        
    ca-certificates:         2021.10.8-h033912b_0      conda-forge                                                        
    crypto_typer:            1.0.0-py_0                file:///var/folders/24/8k48jl6d249_n_qfxwsl6xvm0000gn/T/tmpssg2okoj
    curl:                    7.80.0-h97da3c1_0         conda-forge                                                        
    entrez-direct:           16.2-h193322a_0           bioconda                                                           
    krb5:                    1.19.2-h289aae4_3         conda-forge                                                        
    libblas:                 3.9.0-12_osx64_openblas   conda-forge                                                        
    libcblas:                3.9.0-12_osx64_openblas   conda-forge                                                        
    libcurl:                 7.80.0-h97da3c1_0         conda-forge                                                        
    libcxx:                  12.0.1-habf9029_0         conda-forge                                                        
    libedit:                 3.1.20191231-h0678c8f_2   conda-forge                                                        
    libev:                   4.33-haf1e3a3_1           conda-forge                                                        
    libffi:                  3.4.2-h0d85af4_5          conda-forge                                                        
    libgfortran:             5.0.0-9_3_0_h6c81a4c_23   conda-forge                                                        
    libgfortran5:            9.3.0-h6c81a4c_23         conda-forge                                                        
    liblapack:               3.9.0-12_osx64_openblas   conda-forge                                                        
    libnghttp2:              1.43.0-hfd382f3_1         conda-forge                                                        
    libopenblas:             0.3.18-openmp_h3351f45_0  conda-forge                                                        
    libssh2:                 1.10.0-hd3787cc_2         conda-forge                                                        
    libzlib:                 1.2.11-h9173be1_1013      conda-forge                                                        
    llvm-openmp:             12.0.1-hda6cdc1_1         conda-forge                                                        
    ncurses:                 6.2-h2e338ed_4            conda-forge                                                        
    numpy:                   1.21.4-py310hd5a656b_0    conda-forge                                                        
    openssl:                 3.0.0-h0d85af4_2          conda-forge                                                        
    pcre:                    8.45-he49afe7_0           conda-forge                                                        
    perl:                    5.26.2-hbcb3906_1008      conda-forge                                                        
    perl-archive-tar:        2.32-pl526_0              bioconda                                                           
    perl-carp:               1.38-pl526_3              bioconda                                                           
    perl-common-sense:       3.74-pl526_2              bioconda                                                           
    perl-compress-raw-bzip2: 2.087-pl526h6de7cb9_0     bioconda                                                           
    perl-compress-raw-zlib:  2.087-pl526h770b8ee_0     bioconda                                                           
    perl-exporter:           5.72-pl526_1              bioconda                                                           
    perl-exporter-tiny:      1.002001-pl526_0          bioconda                                                           
    perl-extutils-makemaker: 7.36-pl526_1              bioconda                                                           
    perl-io-compress:        2.087-pl526h6de7cb9_0     bioconda                                                           
    perl-io-zlib:            1.10-pl526_2              bioconda                                                           
    perl-json:               4.02-pl526_0              bioconda                                                           
    perl-json-xs:            2.34-pl526h04f5b5a_3      bioconda                                                           
    perl-list-moreutils:     0.428-pl526_1             bioconda                                                           
    perl-list-moreutils-xs:  0.428-pl526_0             bioconda                                                           
    perl-pathtools:          3.75-pl526h1de35cc_1      bioconda                                                           
    perl-scalar-list-utils:  1.52-pl526h01d97ff_0      bioconda                                                           
    perl-types-serialiser:   1.0-pl526_2               bioconda                                                           
    perl-xsloader:           0.24-pl526_0              bioconda                                                           
    pip:                     21.3.1-pyhd8ed1ab_0       conda-forge                                                        
    python:                  3.10.0-h38b4d05_2_cpython conda-forge                                                        
    python_abi:              3.10-2_cp310              conda-forge                                                        
    readline:                8.1-h05e3726_0            conda-forge                                                        
    setuptools:              59.1.0-py310h2ec42d9_0    conda-forge                                                        
    sqlite:                  3.36.0-h23a322b_2         conda-forge                                                        
    tk:                      8.6.11-h5dbffcc_1         conda-forge                                                        
    tzdata:                  2021e-he74cb21_0          conda-forge                                                        
    wheel:                   0.37.0-pyhd8ed1ab_1       conda-forge                                                        
    xz:                      5.2.5-haf1e3a3_1          conda-forge                                                        
    zlib:                    1.2.11-h9173be1_1013      conda-forge                                                        

Preparing transaction: ...working... done
Verifying transaction: ...working... done
Executing transaction: ...working... done
export PREFIX=/Users/runner/conda/conda-bld/crypto_typer_1637024108936/_test_env_placehold_placehold_placehold_placehold_placehold_placehold_placehold_placehold_placehold_placehold_placehold_placehold_placehold_placehold_placehold_placehold_placehold_placehold_placeh
export SRC_DIR=/Users/runner/conda/conda-bld/crypto_typer_1637024108936/test_tmp

Leaving build/test directories:
  Work:
 /Users/runner/conda/conda-bld/work 
  Test:
 /Users/runner/conda/conda-bld/test_tmp 
Leaving build/test environments:
  Test:
source activate  /Users/runner/conda/conda-bld/_test_env_placehold_placehold_placehold_placehold_placehold_placehold_placehold_placehold_placehold_placehold_placehold_placehold_placehold_placehold_placehold_placehold_placehold_placehold_placehold_placehold_placehold_pla 
  Build:
source activate  /Users/runner/conda/conda-bld/_build_env 


