Updating build index: /Users/runner/conda/conda-bld

TEST START: /var/folders/24/8k48jl6d249_n_qfxwsl6xvm0000gn/T/tmp1jtkzz69/osx-64/cfm-33-h7214e03_2.tar.bz2
Reloading output folder: /Users/runner/conda/conda-bld
  Package              Version  Build                 Channel                                                                    Size
───────────────────────────────────────────────────────────────────────────────────────────────────────────────────────────────────────
  Install:
───────────────────────────────────────────────────────────────────────────────────────────────────────────────────────────────────────

  + boost               1.68.0  py37h9888f84_1001     conda-forge/osx-64                                                       310 KB
  + boost-cpp           1.68.0  h6f8c590_1000         conda-forge/osx-64                                                        19 MB
  + bzip2                1.0.8  h0d85af4_4            conda-forge/osx-64                                                       Cached
  + ca-certificates  2021.10.8  h033912b_0            conda-forge/osx-64                                                       Cached
  + cairo               1.16.0  h0ab9d94_1001         conda-forge/osx-64                                                         1 MB
  + cfm                     33  h7214e03_2            /var/folders/24/8k48jl6d249_n_qfxwsl6xvm0000gn/T/tmp1jtkzz69/osx-64        3 MB
  + fontconfig          2.13.1  h10f422b_1005         conda-forge/osx-64                                                       Cached
  + freetype            2.10.4  h4cff582_1            conda-forge/osx-64                                                       Cached
  + gettext           0.19.8.1  hd1a6beb_1008         conda-forge/osx-64                                                       Cached
  + glib                2.70.0  hcf210ce_1            conda-forge/osx-64                                                       426 KB
  + glib-tools          2.70.0  hcf210ce_1            conda-forge/osx-64                                                        93 KB
  + icu                   58.2  h0a44026_1000         conda-forge/osx-64                                                        22 MB
  + jbig                   2.1  h0d85af4_2003         conda-forge/osx-64                                                       Cached
  + jpeg                    9d  hbcb3906_0            conda-forge/osx-64                                                       Cached
  + lcms2                 2.12  h577c468_0            conda-forge/osx-64                                                       404 KB
  + lerc                   3.0  he49afe7_0            conda-forge/osx-64                                                       Cached
  + libblas              3.9.0  12_osx64_openblas     conda-forge/osx-64                                                       Cached
  + libcblas             3.9.0  12_osx64_openblas     conda-forge/osx-64                                                       Cached
  + libcxx              12.0.1  habf9029_0            conda-forge/osx-64                                                       Cached
  + libdeflate             1.8  h0d85af4_0            conda-forge/osx-64                                                       Cached
  + libffi               3.4.2  he49afe7_4            conda-forge/osx-64                                                       Cached
  + libgfortran          5.0.0  9_3_0_h6c81a4c_23     conda-forge/osx-64                                                       Cached
  + libgfortran5         9.3.0  h6c81a4c_23           conda-forge/osx-64                                                       Cached
  + libglib             2.70.0  hf1fb8c0_1            conda-forge/osx-64                                                       Cached
  + libiconv              1.16  haf1e3a3_0            conda-forge/osx-64                                                       Cached
  + liblapack            3.9.0  12_osx64_openblas     conda-forge/osx-64                                                       Cached
  + liblbfgs              1.10  h04f5b5a_0            conda-forge/osx-64                                                        31 KB
  + libopenblas         0.3.18  openmp_h3351f45_0     conda-forge/osx-64                                                       Cached
  + libpng              1.6.37  h7cec526_2            conda-forge/osx-64                                                       Cached
  + libtiff              4.3.0  hd146c10_2            conda-forge/osx-64                                                       Cached
  + libwebp-base         1.2.1  h0d85af4_0            conda-forge/osx-64                                                       Cached
  + libxml2             2.9.12  hcdb78fc_0            pkgs/main/osx-64                                                           1 MB
  + libzlib             1.2.11  h9173be1_1013         conda-forge/osx-64                                                       Cached
  + llvm-openmp         12.0.1  hda6cdc1_1            conda-forge/osx-64                                                       Cached
  + lp_solve           5.5.2.5  h1de35cc_1001         conda-forge/osx-64                                                       391 KB
  + lz4-c                1.9.3  he49afe7_1            conda-forge/osx-64                                                       Cached
  + mpi                    1.0  mpich                 conda-forge/osx-64                                                         4 KB
  + mpich                3.4.2  hd33e60e_100          conda-forge/osx-64                                                         7 MB
  + ncurses                6.2  h2e338ed_4            conda-forge/osx-64                                                       Cached
  + numpy               1.21.3  py37haefe36b_0        conda-forge/osx-64                                                         6 MB
  + olefile               0.46  pyh9f0ad1d_1          conda-forge/noarch                                                        32 KB
  + openjpeg             2.4.0  h6e7aa92_1            conda-forge/osx-64                                                       374 KB
  + openssl              3.0.0  h0d85af4_1            conda-forge/osx-64                                                       Cached
  + pandas               1.3.4  py37h5b83a90_0        conda-forge/osx-64                                                        11 MB
  + pcre                  8.45  he49afe7_0            conda-forge/osx-64                                                       Cached
  + pillow               8.3.2  py37h76dc067_0        conda-forge/osx-64                                                       662 KB
  + pip                 21.3.1  pyhd8ed1ab_0          conda-forge/noarch                                                       Cached
  + pixman              0.38.0  h01d97ff_1003         conda-forge/osx-64                                                       611 KB
  + pycairo             1.20.1  py37hac2abfc_0        conda-forge/osx-64                                                        69 KB
  + python              3.7.12  hf3644f1_100_cpython  conda-forge/osx-64                                                        24 MB
  + python-dateutil      2.8.2  pyhd8ed1ab_0          conda-forge/noarch                                                       240 KB
  + python_abi             3.7  2_cp37m               conda-forge/osx-64                                                         4 KB
  + pytz                2021.3  pyhd8ed1ab_0          conda-forge/noarch                                                       Cached
  + rdkit            2018.09.1  py37h4e14f70_1001     conda-forge/osx-64                                                        19 MB
  + readline               8.1  h05e3726_0            conda-forge/osx-64                                                       Cached
  + setuptools          58.3.0  py37hf985489_0        conda-forge/osx-64                                                      1011 KB
  + six                 1.16.0  pyh6c4a22f_0          conda-forge/noarch                                                       Cached
  + sqlite              3.36.0  h23a322b_2            conda-forge/osx-64                                                       Cached
  + tk                  8.6.11  h5dbffcc_1            conda-forge/osx-64                                                       Cached
  + wheel               0.37.0  pyhd8ed1ab_1          conda-forge/noarch                                                       Cached
  + xz                   5.2.5  haf1e3a3_1            conda-forge/osx-64                                                       Cached
  + zlib                1.2.11  h9173be1_1013         conda-forge/osx-64                                                       Cached
  + zstd                 1.5.0  h582d3a0_0            conda-forge/osx-64                                                       Cached

  Summary:

  Install: 63 packages

  Total download: 118 MB

───────────────────────────────────────────────────────────────────────────────────────────────────────────────────────────────────────


## Package Plan ##

  environment location: /Users/runner/conda/conda-bld/cfm_1635592094641/_test_env_placehold_placehold_placehold_placehold_placehold_placehold_placehold_placehold_placehold_placehold_placehold_placehold_placehold_placehold_placehold_placehold_placehold_placehold_placehold_place


The following NEW packages will be INSTALLED:

    boost:           1.68.0-py37h9888f84_1001    conda-forge                                                        
    boost-cpp:       1.68.0-h6f8c590_1000        conda-forge                                                        
    bzip2:           1.0.8-h0d85af4_4            conda-forge                                                        
    ca-certificates: 2021.10.8-h033912b_0        conda-forge                                                        
    cairo:           1.16.0-h0ab9d94_1001        conda-forge                                                        
    cfm:             33-h7214e03_2               file:///var/folders/24/8k48jl6d249_n_qfxwsl6xvm0000gn/T/tmp1jtkzz69
    fontconfig:      2.13.1-h10f422b_1005        conda-forge                                                        
    freetype:        2.10.4-h4cff582_1           conda-forge                                                        
    gettext:         0.19.8.1-hd1a6beb_1008      conda-forge                                                        
    glib:            2.70.0-hcf210ce_1           conda-forge                                                        
    glib-tools:      2.70.0-hcf210ce_1           conda-forge                                                        
    icu:             58.2-h0a44026_1000          conda-forge                                                        
    jbig:            2.1-h0d85af4_2003           conda-forge                                                        
    jpeg:            9d-hbcb3906_0               conda-forge                                                        
    lcms2:           2.12-h577c468_0             conda-forge                                                        
    lerc:            3.0-he49afe7_0              conda-forge                                                        
    libblas:         3.9.0-12_osx64_openblas     conda-forge                                                        
    libcblas:        3.9.0-12_osx64_openblas     conda-forge                                                        
    libcxx:          12.0.1-habf9029_0           conda-forge                                                        
    libdeflate:      1.8-h0d85af4_0              conda-forge                                                        
    libffi:          3.4.2-he49afe7_4            conda-forge                                                        
    libgfortran:     5.0.0-9_3_0_h6c81a4c_23     conda-forge                                                        
    libgfortran5:    9.3.0-h6c81a4c_23           conda-forge                                                        
    libglib:         2.70.0-hf1fb8c0_1           conda-forge                                                        
    libiconv:        1.16-haf1e3a3_0             conda-forge                                                        
    liblapack:       3.9.0-12_osx64_openblas     conda-forge                                                        
    liblbfgs:        1.10-h04f5b5a_0             conda-forge                                                        
    libopenblas:     0.3.18-openmp_h3351f45_0    conda-forge                                                        
    libpng:          1.6.37-h7cec526_2           conda-forge                                                        
    libtiff:         4.3.0-hd146c10_2            conda-forge                                                        
    libwebp-base:    1.2.1-h0d85af4_0            conda-forge                                                        
    libxml2:         2.9.12-hcdb78fc_0                                                                              
    libzlib:         1.2.11-h9173be1_1013        conda-forge                                                        
    llvm-openmp:     12.0.1-hda6cdc1_1           conda-forge                                                        
    lp_solve:        5.5.2.5-h1de35cc_1001       conda-forge                                                        
    lz4-c:           1.9.3-he49afe7_1            conda-forge                                                        
    mpi:             1.0-mpich                   conda-forge                                                        
    mpich:           3.4.2-hd33e60e_100          conda-forge                                                        
    ncurses:         6.2-h2e338ed_4              conda-forge                                                        
    numpy:           1.21.3-py37haefe36b_0       conda-forge                                                        
    olefile:         0.46-pyh9f0ad1d_1           conda-forge                                                        
    openjpeg:        2.4.0-h6e7aa92_1            conda-forge                                                        
    openssl:         3.0.0-h0d85af4_1            conda-forge                                                        
    pandas:          1.3.4-py37h5b83a90_0        conda-forge                                                        
    pcre:            8.45-he49afe7_0             conda-forge                                                        
    pillow:          8.3.2-py37h76dc067_0        conda-forge                                                        
    pip:             21.3.1-pyhd8ed1ab_0         conda-forge                                                        
    pixman:          0.38.0-h01d97ff_1003        conda-forge                                                        
    pycairo:         1.20.1-py37hac2abfc_0       conda-forge                                                        
    python:          3.7.12-hf3644f1_100_cpython conda-forge                                                        
    python-dateutil: 2.8.2-pyhd8ed1ab_0          conda-forge                                                        
    python_abi:      3.7-2_cp37m                 conda-forge                                                        
    pytz:            2021.3-pyhd8ed1ab_0         conda-forge                                                        
    rdkit:           2018.09.1-py37h4e14f70_1001 conda-forge                                                        
    readline:        8.1-h05e3726_0              conda-forge                                                        
    setuptools:      58.3.0-py37hf985489_0       conda-forge                                                        
    six:             1.16.0-pyh6c4a22f_0         conda-forge                                                        
    sqlite:          3.36.0-h23a322b_2           conda-forge                                                        
    tk:              8.6.11-h5dbffcc_1           conda-forge                                                        
    wheel:           0.37.0-pyhd8ed1ab_1         conda-forge                                                        
    xz:              5.2.5-haf1e3a3_1            conda-forge                                                        
    zlib:            1.2.11-h9173be1_1013        conda-forge                                                        
    zstd:            1.5.0-h582d3a0_0            conda-forge                                                        

Preparing transaction: ...working... done
Verifying transaction: ...working... done
Executing transaction: ...working... done
