Updating build index: /home/vsts/conda/conda-bld

TEST START: /tmp/tmpaa_36e4z/linux-64/perl-hpc-runner-mce-2.41-0.tar.bz2
Adding in variants from internal_defaults
Reloading output folder: /home/vsts/conda/conda-bld

## Package Plan ##

  environment location: /home/vsts/conda/conda-bld/perl-hpc-runner-mce_1636568629046/_test_env_placehold_placehold_placehold_placehold_placehold_placehold_placehold_placehold_placehold_placehold_placehold_placehold_placehold_placehold_placehold_placehold_placehold_placehold_pl


The following NEW packages will be INSTALLED:

    _libgcc_mutex:       0.1-conda_forge      conda-forge            
    _openmp_mutex:       4.5-1_gnu            conda-forge            
    libgcc-ng:           11.2.0-h1d223b6_11   conda-forge            
    libgomp:             11.2.0-h1d223b6_11   conda-forge            
    perl:                5.26.2-h36c2ea0_1008 conda-forge            
    perl-hpc-runner-mce: 2.41-0               file:///tmp/tmpaa_36e4z
    perl-termreadkey:    2.38-pl526h14c3975_1 bioconda               
    perl-threaded:       5.26.0-0             bioconda               

Preparing transaction: ...working... done
Verifying transaction: ...working... done
Executing transaction: ...working... done
export PREFIX=/home/vsts/conda/conda-bld/perl-hpc-runner-mce_1636568629046/_test_env_placehold_placehold_placehold_placehold_placehold_placehold_placehold_placehold_placehold_placehold_placehold_placehold_placehold_placehold_placehold_placehold_placehold_placehold_pl
export SRC_DIR=/home/vsts/conda/conda-bld/perl-hpc-runner-mce_1636568629046/test_tmp

Leaving build/test directories:
  Work:
 /home/vsts/conda/conda-bld/work 
  Test:
 /home/vsts/conda/conda-bld/test_tmp 
Leaving build/test environments:
  Test:
source activate  /home/vsts/conda/conda-bld/_test_env_placehold_placehold_placehold_placehold_placehold_placehold_placehold_placehold_placehold_placehold_placehold_placehold_placehold_placehold_placehold_placehold_placehold_placehold_placehold_placehold_placehold_placeh 
  Build:
source activate  /home/vsts/conda/conda-bld/_build_env 


